[ 2018-11-26T08:51:26+08:00 ] 127.0.0.1 /favicon.ico
INFO: [ app_init ] --START--
INFO: Run Behavior\BuildLiteBehavior [ RunTime:0.000010s ]
INFO: [ app_init ] --END-- [ RunTime:0.000063s ]

[ 2018-11-26T08:51:31+08:00 ] 127.0.0.1 /favicon.ico
INFO: [ app_init ] --START--
INFO: Run Behavior\BuildLiteBehavior [ RunTime:0.000005s ]
INFO: [ app_init ] --END-- [ RunTime:0.000030s ]

[ 2018-11-26T10:11:24+08:00 ] 127.0.0.1 /favicon.ico
INFO: [ app_init ] --START--
INFO: Run Behavior\BuildLiteBehavior [ RunTime:0.000010s ]
INFO: [ app_init ] --END-- [ RunTime:0.000060s ]

[ 2018-11-26T14:14:12+08:00 ] 127.0.0.1 /Home_Index_generateQrcode?str=otpauth%3A%2F%2Ftotp%2Fhttp%3A%2F%2Fwww.juhe.com%3Fsecret%3DGNG3OCNKYP5AM3KL
INFO: [ app_init ] --START--
INFO: Run Behavior\BuildLiteBehavior [ RunTime:0.000005s ]
INFO: [ app_init ] --END-- [ RunTime:0.000025s ]
INFO: [ app_begin ] --START--
INFO: Run Behavior\ReadHtmlCacheBehavior [ RunTime:0.000539s ]
INFO: Run Behavior\CheckLangBehavior [ RunTime:0.000704s ]
INFO: [ app_begin ] --END-- [ RunTime:0.001280s ]

[ 2018-11-26T14:44:49+08:00 ] 127.0.0.1 /m
INFO: [ app_init ] --START--
INFO: Run Behavior\BuildLiteBehavior [ RunTime:0.000004s ]
INFO: [ app_init ] --END-- [ RunTime:0.000025s ]
INFO: [ app_begin ] --START--
INFO: Run Behavior\ReadHtmlCacheBehavior [ RunTime:0.001518s ]
INFO: Run Behavior\CheckLangBehavior [ RunTime:0.001911s ]
INFO: [ app_begin ] --END-- [ RunTime:0.003530s ]
INFO: [ view_parse ] --START--
INFO: [ template_filter ] --START--
INFO: Run Behavior\ContentReplaceBehavior [ RunTime:0.000033s ]
INFO: [ template_filter ] --END-- [ RunTime:0.000055s ]
INFO: Run Behavior\ParseTemplateBehavior [ RunTime:0.006369s ]
INFO: [ view_parse ] --END-- [ RunTime:0.006398s ]
INFO: [ view_filter ] --START--
INFO: Run Behavior\WriteHtmlCacheBehavior [ RunTime:0.000462s ]
INFO: Run Behavior\TokenBuildBehavior [ RunTime:0.001200s ]
INFO: [ view_filter ] --END-- [ RunTime:0.001713s ]
INFO: [ app_end ] --START--
INFO: Run Behavior\ShowPageTraceBehavior [ RunTime:0.003788s ]
INFO: [ app_end ] --END-- [ RunTime:0.003883s ]

[ 2018-11-26T21:50:23+08:00 ] 127.0.0.1 /images/loginIcon.png
INFO: [ app_init ] --START--
INFO: Run Behavior\BuildLiteBehavior [ RunTime:0.000009s ]
INFO: [ app_init ] --END-- [ RunTime:0.000052s ]

[ 2018-11-26T21:50:23+08:00 ] 127.0.0.1 /public/images/loginIcon.png
INFO: [ app_init ] --START--
INFO: Run Behavior\BuildLiteBehavior [ RunTime:0.000005s ]
INFO: [ app_init ] --END-- [ RunTime:0.000030s ]

[ 2018-11-26T21:50:25+08:00 ] 127.0.0.1 /public/images/loginIcon.png
INFO: [ app_init ] --START--
INFO: Run Behavior\BuildLiteBehavior [ RunTime:0.000010s ]
INFO: [ app_init ] --END-- [ RunTime:0.000053s ]

[ 2018-11-26T21:50:25+08:00 ] 127.0.0.1 /images/loginlogo.png?v=1.2
INFO: [ app_init ] --START--
INFO: Run Behavior\BuildLiteBehavior [ RunTime:0.000015s ]
INFO: [ app_init ] --END-- [ RunTime:0.000083s ]

[ 2018-11-26T21:50:25+08:00 ] 127.0.0.1 /images/loginIcon.png
INFO: [ app_init ] --START--
INFO: Run Behavior\BuildLiteBehavior [ RunTime:0.000074s ]
INFO: [ app_init ] --END-- [ RunTime:0.000214s ]

[ 2018-11-26T22:08:10+08:00 ] 127.0.0.1 /zhiyu
INFO: [ app_init ] --START--
INFO: Run Behavior\BuildLiteBehavior [ RunTime:0.000004s ]
INFO: [ app_init ] --END-- [ RunTime:0.000023s ]
INFO: [ app_begin ] --START--
INFO: Run Behavior\ReadHtmlCacheBehavior [ RunTime:0.000541s ]
INFO: Run Behavior\CheckLangBehavior [ RunTime:0.000835s ]
INFO: [ app_begin ] --END-- [ RunTime:0.001415s ]
INFO: [ view_parse ] --START--
INFO: [ template_filter ] --START--
INFO: Run Behavior\ContentReplaceBehavior [ RunTime:0.000018s ]
INFO: [ template_filter ] --END-- [ RunTime:0.000041s ]
INFO: Run Behavior\ParseTemplateBehavior [ RunTime:0.004851s ]
INFO: [ view_parse ] --END-- [ RunTime:0.004919s ]
INFO: [ view_filter ] --START--
INFO: Run Behavior\WriteHtmlCacheBehavior [ RunTime:0.000360s ]
INFO: Run Behavior\TokenBuildBehavior [ RunTime:0.000519s ]
INFO: [ view_filter ] --END-- [ RunTime:0.000904s ]
INFO: [ app_end ] --START--
INFO: Run Behavior\ShowPageTraceBehavior [ RunTime:0.000531s ]
INFO: [ app_end ] --END-- [ RunTime:0.000545s ]

[ 2018-11-26T22:08:16+08:00 ] 127.0.0.1 /public/images/loginIcon.png
INFO: [ app_init ] --START--
INFO: Run Behavior\BuildLiteBehavior [ RunTime:0.000011s ]
INFO: [ app_init ] --END-- [ RunTime:0.000413s ]

[ 2018-11-26T22:08:16+08:00 ] 127.0.0.1 /images/loginIcon.png
INFO: [ app_init ] --START--
INFO: Run Behavior\BuildLiteBehavior [ RunTime:0.000011s ]
INFO: [ app_init ] --END-- [ RunTime:0.000413s ]

[ 2018-11-26T22:08:20+08:00 ] 127.0.0.1 /images/loginIcon.png
INFO: [ app_init ] --START--
INFO: Run Behavior\BuildLiteBehavior [ RunTime:0.000011s ]
INFO: [ app_init ] --END-- [ RunTime:0.000062s ]

[ 2018-11-26T22:08:20+08:00 ] 127.0.0.1 /images/loginlogo.png?v=1.2
INFO: [ app_init ] --START--
INFO: Run Behavior\BuildLiteBehavior [ RunTime:0.000013s ]
INFO: [ app_init ] --END-- [ RunTime:0.000067s ]

[ 2018-11-26T22:08:20+08:00 ] 127.0.0.1 /public/images/loginIcon.png
INFO: [ app_init ] --START--
INFO: Run Behavior\BuildLiteBehavior [ RunTime:0.000007s ]
INFO: [ app_init ] --END-- [ RunTime:0.000042s ]

