[ 2018-12-08T09:50:58+08:00 ] 127.0.0.1 /static/sadmin/js/jQuery1.9.1.js
INFO: [ app_init ] --START--
INFO: Run Behavior\BuildLiteBehavior [ RunTime:0.000010s ]
INFO: [ app_init ] --END-- [ RunTime:0.000056s ]
INFO: [ app_begin ] --START--
INFO: Run Behavior\ReadHtmlCacheBehavior [ RunTime:0.001570s ]
INFO: Run Behavior\CheckLangBehavior [ RunTime:0.002515s ]
INFO: [ app_begin ] --END-- [ RunTime:0.004163s ]
INFO: [ view_parse ] --START--
INFO: [ template_filter ] --START--
INFO: Run Behavior\ContentReplaceBehavior [ RunTime:0.000043s ]
INFO: [ template_filter ] --END-- [ RunTime:0.000074s ]
INFO: Run Behavior\ParseTemplateBehavior [ RunTime:0.013458s ]
INFO: [ view_parse ] --END-- [ RunTime:0.013511s ]
INFO: [ view_filter ] --START--
INFO: Run Behavior\WriteHtmlCacheBehavior [ RunTime:0.000861s ]
INFO: Run Behavior\TokenBuildBehavior [ RunTime:0.003143s ]
INFO: [ view_filter ] --END-- [ RunTime:0.004070s ]
INFO: [ app_end ] --START--
INFO: Run Behavior\ShowPageTraceBehavior [ RunTime:0.001787s ]
INFO: [ app_end ] --END-- [ RunTime:0.001831s ]

[ 2018-12-08T09:51:33+08:00 ] 127.0.0.1 /static/sadmin/js/jQuery1.9.1.js
INFO: [ app_init ] --START--
INFO: Run Behavior\BuildLiteBehavior [ RunTime:0.000019s ]
INFO: [ app_init ] --END-- [ RunTime:0.000106s ]
INFO: [ app_begin ] --START--
INFO: Run Behavior\ReadHtmlCacheBehavior [ RunTime:0.002771s ]
INFO: Run Behavior\CheckLangBehavior [ RunTime:0.004757s ]
INFO: [ app_begin ] --END-- [ RunTime:0.007687s ]
INFO: [ view_parse ] --START--
INFO: [ template_filter ] --START--
INFO: Run Behavior\ContentReplaceBehavior [ RunTime:0.000133s ]
INFO: [ template_filter ] --END-- [ RunTime:0.000227s ]
INFO: Run Behavior\ParseTemplateBehavior [ RunTime:0.026879s ]
INFO: [ view_parse ] --END-- [ RunTime:0.027022s ]
INFO: [ view_filter ] --START--
INFO: Run Behavior\WriteHtmlCacheBehavior [ RunTime:0.003377s ]
INFO: Run Behavior\TokenBuildBehavior [ RunTime:0.006084s ]
INFO: [ view_filter ] --END-- [ RunTime:0.009643s ]
INFO: [ app_end ] --START--
INFO: Run Behavior\ShowPageTraceBehavior [ RunTime:0.003649s ]
INFO: [ app_end ] --END-- [ RunTime:0.003768s ]

