[ 2018-12-12T10:58:48+08:00 ] 127.0.0.1 /Pm
INFO: [ app_init ] --START--
INFO: Run Behavior\BuildLiteBehavior [ RunTime:0.000009s ]
INFO: [ app_init ] --END-- [ RunTime:0.000061s ]
INFO: [ app_begin ] --START--
INFO: Run Behavior\ReadHtmlCacheBehavior [ RunTime:0.001229s ]
INFO: Run Behavior\CheckLangBehavior [ RunTime:0.001437s ]
INFO: [ app_begin ] --END-- [ RunTime:0.002733s ]
INFO: [ view_parse ] --START--
INFO: [ template_filter ] --START--
INFO: Run Behavior\ContentReplaceBehavior [ RunTime:0.000086s ]
INFO: [ template_filter ] --END-- [ RunTime:0.000141s ]
INFO: Run Behavior\ParseTemplateBehavior [ RunTime:0.017353s ]
INFO: [ view_parse ] --END-- [ RunTime:0.017546s ]
INFO: [ view_filter ] --START--
INFO: Run Behavior\WriteHtmlCacheBehavior [ RunTime:0.001402s ]
INFO: Run Behavior\TokenBuildBehavior [ RunTime:0.002959s ]
INFO: [ view_filter ] --END-- [ RunTime:0.004445s ]
INFO: [ app_end ] --START--
INFO: Run Behavior\ShowPageTraceBehavior [ RunTime:0.001986s ]
INFO: [ app_end ] --END-- [ RunTime:0.002031s ]

[ 2018-12-12T14:52:00+08:00 ] 127.0.0.1 /images/loginIcon.png
INFO: [ app_init ] --START--
INFO: Run Behavior\BuildLiteBehavior [ RunTime:0.000007s ]
INFO: [ app_init ] --END-- [ RunTime:0.000044s ]

[ 2018-12-12T14:52:00+08:00 ] 127.0.0.1 /public/images/loginIcon.png
INFO: [ app_init ] --START--
INFO: Run Behavior\BuildLiteBehavior [ RunTime:0.000009s ]
INFO: [ app_init ] --END-- [ RunTime:0.000057s ]

