[ 2019-01-14T08:43:56+08:00 ] 127.0.0.1 /favicon.ico
INFO: [ app_init ] --START--
INFO: Run Behavior\BuildLiteBehavior [ RunTime:0.000012s ]
INFO: [ app_init ] --END-- [ RunTime:0.000079s ]

[ 2019-01-14T08:52:15+08:00 ] 127.0.0.1 /favicon.ico
INFO: [ app_init ] --START--
INFO: Run Behavior\BuildLiteBehavior [ RunTime:0.000004s ]
INFO: [ app_init ] --END-- [ RunTime:0.000025s ]

[ 2019-01-14T08:53:19+08:00 ] 127.0.0.1 /dist/zoomify.min.js
INFO: [ app_init ] --START--
INFO: Run Behavior\BuildLiteBehavior [ RunTime:0.000006s ]
INFO: [ app_init ] --END-- [ RunTime:0.000034s ]
INFO: [ app_begin ] --START--
INFO: Run Behavior\ReadHtmlCacheBehavior [ RunTime:0.000819s ]
INFO: Run Behavior\CheckLangBehavior [ RunTime:0.001238s ]
INFO: [ app_begin ] --END-- [ RunTime:0.002126s ]
INFO: [ view_parse ] --START--
INFO: [ template_filter ] --START--
INFO: Run Behavior\ContentReplaceBehavior [ RunTime:0.000044s ]
INFO: [ template_filter ] --END-- [ RunTime:0.000078s ]
INFO: Run Behavior\ParseTemplateBehavior [ RunTime:0.008334s ]
INFO: [ view_parse ] --END-- [ RunTime:0.008405s ]
INFO: [ view_filter ] --START--
INFO: Run Behavior\WriteHtmlCacheBehavior [ RunTime:0.000679s ]
INFO: Run Behavior\TokenBuildBehavior [ RunTime:0.001788s ]
INFO: [ view_filter ] --END-- [ RunTime:0.002530s ]
INFO: [ app_end ] --START--
INFO: Run Behavior\ShowPageTraceBehavior [ RunTime:0.001460s ]
INFO: [ app_end ] --END-- [ RunTime:0.001502s ]

[ 2019-01-14T08:53:29+08:00 ] 127.0.0.1 /dist/zoomify.min.js
INFO: [ app_init ] --START--
INFO: Run Behavior\BuildLiteBehavior [ RunTime:0.000005s ]
INFO: [ app_init ] --END-- [ RunTime:0.000028s ]
INFO: [ app_begin ] --START--
INFO: Run Behavior\ReadHtmlCacheBehavior [ RunTime:0.000798s ]
INFO: Run Behavior\CheckLangBehavior [ RunTime:0.001155s ]
INFO: [ app_begin ] --END-- [ RunTime:0.001997s ]
INFO: [ view_parse ] --START--
INFO: [ template_filter ] --START--
INFO: Run Behavior\ContentReplaceBehavior [ RunTime:0.000037s ]
INFO: [ template_filter ] --END-- [ RunTime:0.000063s ]
INFO: Run Behavior\ParseTemplateBehavior [ RunTime:0.005686s ]
INFO: [ view_parse ] --END-- [ RunTime:0.005718s ]
INFO: [ view_filter ] --START--
INFO: Run Behavior\WriteHtmlCacheBehavior [ RunTime:0.000630s ]
INFO: Run Behavior\TokenBuildBehavior [ RunTime:0.001394s ]
INFO: [ view_filter ] --END-- [ RunTime:0.002066s ]
INFO: [ app_end ] --START--
INFO: Run Behavior\ShowPageTraceBehavior [ RunTime:0.000896s ]
INFO: [ app_end ] --END-- [ RunTime:0.000928s ]

[ 2019-01-14T08:53:36+08:00 ] 127.0.0.1 /dist/zoomify.min.js
INFO: [ app_init ] --START--
INFO: Run Behavior\BuildLiteBehavior [ RunTime:0.000008s ]
INFO: [ app_init ] --END-- [ RunTime:0.000044s ]
INFO: [ app_begin ] --START--
INFO: Run Behavior\ReadHtmlCacheBehavior [ RunTime:0.001529s ]
INFO: Run Behavior\CheckLangBehavior [ RunTime:0.002363s ]
INFO: [ app_begin ] --END-- [ RunTime:0.003972s ]
INFO: [ view_parse ] --START--
INFO: [ template_filter ] --START--
INFO: Run Behavior\ContentReplaceBehavior [ RunTime:0.000075s ]
INFO: [ template_filter ] --END-- [ RunTime:0.000119s ]
INFO: Run Behavior\ParseTemplateBehavior [ RunTime:0.015928s ]
INFO: [ view_parse ] --END-- [ RunTime:0.015980s ]
INFO: [ view_filter ] --START--
INFO: Run Behavior\WriteHtmlCacheBehavior [ RunTime:0.001366s ]
INFO: Run Behavior\TokenBuildBehavior [ RunTime:0.003134s ]
INFO: [ view_filter ] --END-- [ RunTime:0.004573s ]
INFO: [ app_end ] --START--
INFO: Run Behavior\ShowPageTraceBehavior [ RunTime:0.001999s ]
INFO: [ app_end ] --END-- [ RunTime:0.002077s ]

[ 2019-01-14T08:53:48+08:00 ] 127.0.0.1 /cj/dist/zoomify.min.js
INFO: [ app_init ] --START--
INFO: Run Behavior\BuildLiteBehavior [ RunTime:0.000005s ]
INFO: [ app_init ] --END-- [ RunTime:0.000030s ]
INFO: [ app_begin ] --START--
INFO: Run Behavior\ReadHtmlCacheBehavior [ RunTime:0.001200s ]
INFO: Run Behavior\CheckLangBehavior [ RunTime:0.001296s ]
INFO: [ app_begin ] --END-- [ RunTime:0.002600s ]
INFO: [ view_parse ] --START--
INFO: [ template_filter ] --START--
INFO: Run Behavior\ContentReplaceBehavior [ RunTime:0.000038s ]
INFO: [ template_filter ] --END-- [ RunTime:0.000062s ]
INFO: Run Behavior\ParseTemplateBehavior [ RunTime:0.007598s ]
INFO: [ view_parse ] --END-- [ RunTime:0.007648s ]
INFO: [ view_filter ] --START--
INFO: Run Behavior\WriteHtmlCacheBehavior [ RunTime:0.000608s ]
INFO: Run Behavior\TokenBuildBehavior [ RunTime:0.001727s ]
INFO: [ view_filter ] --END-- [ RunTime:0.002440s ]
INFO: [ app_end ] --START--
INFO: Run Behavior\ShowPageTraceBehavior [ RunTime:0.002098s ]
INFO: [ app_end ] --END-- [ RunTime:0.002180s ]

[ 2019-01-14T10:02:12+08:00 ] 127.0.0.1 /favicon.ico
INFO: [ app_init ] --START--
INFO: Run Behavior\BuildLiteBehavior [ RunTime:0.000010s ]
INFO: [ app_init ] --END-- [ RunTime:0.000071s ]

[ 2019-01-14T10:02:12+08:00 ] 127.0.0.1 /favicon.ico
INFO: [ app_init ] --START--
INFO: Run Behavior\BuildLiteBehavior [ RunTime:0.000006s ]
INFO: [ app_init ] --END-- [ RunTime:0.000042s ]

[ 2019-01-14T11:30:58+08:00 ] 127.0.0.1 /Uploads/verifyinfo/5c3bfb3007476.jpg
INFO: [ app_init ] --START--
INFO: Run Behavior\BuildLiteBehavior [ RunTime:0.000009s ]
INFO: [ app_init ] --END-- [ RunTime:0.000039s ]

[ 2019-01-14T11:38:04+08:00 ] 127.0.0.1 /web/up/images/imgadd.png%20%20%20%20%20%20%20%20%20%20%20%20%20%20%20%20%20%20%20%20%20%20%20%20%20%20%20%20%20%20%20%20%20%20%20%20%20id=
INFO: [ app_init ] --START--
INFO: Run Behavior\BuildLiteBehavior [ RunTime:0.000012s ]
INFO: [ app_init ] --END-- [ RunTime:0.000044s ]
INFO: [ app_begin ] --START--
INFO: Run Behavior\ReadHtmlCacheBehavior [ RunTime:0.000965s ]
INFO: Run Behavior\CheckLangBehavior [ RunTime:0.001224s ]
INFO: [ app_begin ] --END-- [ RunTime:0.002239s ]
INFO: [ view_parse ] --START--
INFO: [ template_filter ] --START--
INFO: Run Behavior\ContentReplaceBehavior [ RunTime:0.000036s ]
INFO: [ template_filter ] --END-- [ RunTime:0.000062s ]
INFO: Run Behavior\ParseTemplateBehavior [ RunTime:0.007129s ]
INFO: [ view_parse ] --END-- [ RunTime:0.007167s ]
INFO: [ view_filter ] --START--
INFO: Run Behavior\WriteHtmlCacheBehavior [ RunTime:0.000900s ]
INFO: Run Behavior\TokenBuildBehavior [ RunTime:0.001440s ]
INFO: [ view_filter ] --END-- [ RunTime:0.002392s ]
INFO: [ app_end ] --START--
INFO: Run Behavior\ShowPageTraceBehavior [ RunTime:0.001288s ]
INFO: [ app_end ] --END-- [ RunTime:0.001364s ]

