[ 2019-01-10T09:37:38+08:00 ] 127.0.0.1 /favicon.ico
INFO: [ app_init ] --START--
INFO: Run Behavior\BuildLiteBehavior [ RunTime:0.000010s ]
INFO: [ app_init ] --END-- [ RunTime:0.000051s ]

[ 2019-01-10T09:38:53+08:00 ] 127.0.0.1 /favicon.ico
INFO: [ app_init ] --START--
INFO: Run Behavior\BuildLiteBehavior [ RunTime:0.000006s ]
INFO: [ app_init ] --END-- [ RunTime:0.000036s ]

[ 2019-01-10T10:48:20+08:00 ] 127.0.0.1 /images/loginIcon.png
INFO: [ app_init ] --START--
INFO: Run Behavior\BuildLiteBehavior [ RunTime:0.000007s ]
INFO: [ app_init ] --END-- [ RunTime:0.000033s ]

[ 2019-01-10T10:48:20+08:00 ] 127.0.0.1 /public/images/loginIcon.png
INFO: [ app_init ] --START--
INFO: Run Behavior\BuildLiteBehavior [ RunTime:0.000015s ]
INFO: [ app_init ] --END-- [ RunTime:0.000052s ]

[ 2019-01-10T10:48:21+08:00 ] 127.0.0.1 /images/loginIcon.png
INFO: [ app_init ] --START--
INFO: Run Behavior\BuildLiteBehavior [ RunTime:0.000008s ]
INFO: [ app_init ] --END-- [ RunTime:0.000038s ]

[ 2019-01-10T10:48:21+08:00 ] 127.0.0.1 /public/images/loginIcon.png
INFO: [ app_init ] --START--
INFO: Run Behavior\BuildLiteBehavior [ RunTime:0.000006s ]
INFO: [ app_init ] --END-- [ RunTime:0.000034s ]

[ 2019-01-10T10:48:21+08:00 ] 127.0.0.1 /images/loginlogo.png?v=1.2
INFO: [ app_init ] --START--
INFO: Run Behavior\BuildLiteBehavior [ RunTime:0.000007s ]
INFO: [ app_init ] --END-- [ RunTime:0.000036s ]

[ 2019-01-10T10:53:15+08:00 ] 127.0.0.1 /Home_Index_generateQrcode?str=otpauth%3A%2F%2Ftotp%2Fhttp%3A%2F%2Fwww.juhe.com%3Fsecret%3DDUPDLBMY7J333APB
INFO: [ app_init ] --START--
INFO: Run Behavior\BuildLiteBehavior [ RunTime:0.000028s ]
INFO: [ app_init ] --END-- [ RunTime:0.000132s ]
INFO: [ app_begin ] --START--
INFO: Run Behavior\ReadHtmlCacheBehavior [ RunTime:0.000923s ]
INFO: Run Behavior\CheckLangBehavior [ RunTime:0.001516s ]
INFO: [ app_begin ] --END-- [ RunTime:0.002498s ]

[ 2019-01-10T10:53:46+08:00 ] 127.0.0.1 /public/images/loginIcon.png
INFO: [ app_init ] --START--
INFO: Run Behavior\BuildLiteBehavior [ RunTime:0.000012s ]
INFO: [ app_init ] --END-- [ RunTime:0.000272s ]

[ 2019-01-10T10:53:46+08:00 ] 127.0.0.1 /images/loginIcon.png
INFO: [ app_init ] --START--
INFO: Run Behavior\BuildLiteBehavior [ RunTime:0.000023s ]
INFO: [ app_init ] --END-- [ RunTime:0.000101s ]

[ 2019-01-10T12:45:09+08:00 ] 127.0.0.1 /zhiyu
INFO: [ app_init ] --START--
INFO: Run Behavior\BuildLiteBehavior [ RunTime:0.000005s ]
INFO: [ app_init ] --END-- [ RunTime:0.000026s ]
INFO: [ app_begin ] --START--
INFO: Run Behavior\ReadHtmlCacheBehavior [ RunTime:0.000741s ]
INFO: Run Behavior\CheckLangBehavior [ RunTime:0.001168s ]
INFO: [ app_begin ] --END-- [ RunTime:0.001947s ]
INFO: [ view_parse ] --START--
INFO: [ template_filter ] --START--
INFO: Run Behavior\ContentReplaceBehavior [ RunTime:0.000017s ]
INFO: [ template_filter ] --END-- [ RunTime:0.000040s ]
INFO: Run Behavior\ParseTemplateBehavior [ RunTime:0.006298s ]
INFO: [ view_parse ] --END-- [ RunTime:0.006347s ]
INFO: [ view_filter ] --START--
INFO: Run Behavior\WriteHtmlCacheBehavior [ RunTime:0.000530s ]
INFO: Run Behavior\TokenBuildBehavior [ RunTime:0.000698s ]
INFO: [ view_filter ] --END-- [ RunTime:0.001256s ]
INFO: [ app_end ] --START--
INFO: Run Behavior\ShowPageTraceBehavior [ RunTime:0.000705s ]
INFO: [ app_end ] --END-- [ RunTime:0.000721s ]

[ 2019-01-10T12:45:52+08:00 ] 127.0.0.1 /images/loginIcon.png
INFO: [ app_init ] --START--
INFO: Run Behavior\BuildLiteBehavior [ RunTime:0.000012s ]
INFO: [ app_init ] --END-- [ RunTime:0.000057s ]

[ 2019-01-10T12:45:52+08:00 ] 127.0.0.1 /public/images/loginIcon.png
INFO: [ app_init ] --START--
INFO: Run Behavior\BuildLiteBehavior [ RunTime:0.000096s ]
INFO: [ app_init ] --END-- [ RunTime:0.000124s ]

[ 2019-01-10T12:45:56+08:00 ] 127.0.0.1 /images/loginlogo.png?v=1.2
INFO: [ app_init ] --START--
INFO: Run Behavior\BuildLiteBehavior [ RunTime:0.000006s ]
INFO: [ app_init ] --END-- [ RunTime:0.000046s ]

[ 2019-01-10T12:45:56+08:00 ] 127.0.0.1 /public/images/loginIcon.png
INFO: [ app_init ] --START--
INFO: Run Behavior\BuildLiteBehavior [ RunTime:0.000004s ]
INFO: [ app_init ] --END-- [ RunTime:0.000024s ]

[ 2019-01-10T12:45:56+08:00 ] 127.0.0.1 /images/loginIcon.png
INFO: [ app_init ] --START--
INFO: Run Behavior\BuildLiteBehavior [ RunTime:0.000011s ]
INFO: [ app_init ] --END-- [ RunTime:0.000061s ]

[ 2019-01-10T12:48:59+08:00 ] 127.0.0.1 /public/images/loginIcon.png
INFO: [ app_init ] --START--
INFO: Run Behavior\BuildLiteBehavior [ RunTime:0.000019s ]
INFO: [ app_init ] --END-- [ RunTime:0.000079s ]

[ 2019-01-10T12:48:59+08:00 ] 127.0.0.1 /images/loginIcon.png
INFO: [ app_init ] --START--
INFO: Run Behavior\BuildLiteBehavior [ RunTime:0.000007s ]
INFO: [ app_init ] --END-- [ RunTime:0.000036s ]

[ 2019-01-10T15:01:11+08:00 ] 127.0.0.1 /public/images/loginIcon.png
INFO: [ app_init ] --START--
INFO: Run Behavior\BuildLiteBehavior [ RunTime:0.000007s ]
INFO: [ app_init ] --END-- [ RunTime:0.000050s ]

[ 2019-01-10T15:01:11+08:00 ] 127.0.0.1 /images/loginIcon.png
INFO: [ app_init ] --START--
INFO: Run Behavior\BuildLiteBehavior [ RunTime:0.000026s ]
INFO: [ app_init ] --END-- [ RunTime:0.000082s ]

[ 2019-01-10T15:01:12+08:00 ] 127.0.0.1 /images/loginIcon.png
INFO: [ app_init ] --START--
INFO: Run Behavior\BuildLiteBehavior [ RunTime:0.000008s ]
INFO: [ app_init ] --END-- [ RunTime:0.000041s ]

[ 2019-01-10T15:01:12+08:00 ] 127.0.0.1 /images/loginlogo.png?v=1.2
INFO: [ app_init ] --START--
INFO: Run Behavior\BuildLiteBehavior [ RunTime:0.000005s ]
INFO: [ app_init ] --END-- [ RunTime:0.000027s ]

[ 2019-01-10T15:01:12+08:00 ] 127.0.0.1 /public/images/loginIcon.png
INFO: [ app_init ] --START--
INFO: Run Behavior\BuildLiteBehavior [ RunTime:0.000004s ]
INFO: [ app_init ] --END-- [ RunTime:0.000028s ]

[ 2019-01-10T15:34:31+08:00 ] 127.0.0.1 /public/images/loginIcon.png
INFO: [ app_init ] --START--
INFO: Run Behavior\BuildLiteBehavior [ RunTime:0.000016s ]
INFO: [ app_init ] --END-- [ RunTime:0.000085s ]

[ 2019-01-10T15:34:31+08:00 ] 127.0.0.1 /images/loginlogo.png?v=1.2
INFO: [ app_init ] --START--
INFO: Run Behavior\BuildLiteBehavior [ RunTime:0.000006s ]
INFO: [ app_init ] --END-- [ RunTime:0.000029s ]

[ 2019-01-10T15:34:31+08:00 ] 127.0.0.1 /images/loginIcon.png
INFO: [ app_init ] --START--
INFO: Run Behavior\BuildLiteBehavior [ RunTime:0.000009s ]
INFO: [ app_init ] --END-- [ RunTime:0.000034s ]

[ 2019-01-10T15:35:56+08:00 ] 127.0.0.1 /public/images/loginIcon.png
INFO: [ app_init ] --START--
INFO: Run Behavior\BuildLiteBehavior [ RunTime:0.000006s ]
INFO: [ app_init ] --END-- [ RunTime:0.000027s ]

[ 2019-01-10T15:35:56+08:00 ] 127.0.0.1 /images/loginIcon.png
INFO: [ app_init ] --START--
INFO: Run Behavior\BuildLiteBehavior [ RunTime:0.000007s ]
INFO: [ app_init ] --END-- [ RunTime:0.000041s ]

[ 2019-01-10T15:53:24+08:00 ] 127.0.0.1 /images/loginIcon.png
INFO: [ app_init ] --START--
INFO: Run Behavior\BuildLiteBehavior [ RunTime:0.000005s ]
INFO: [ app_init ] --END-- [ RunTime:0.000024s ]

[ 2019-01-10T15:53:24+08:00 ] 127.0.0.1 /public/images/loginIcon.png
INFO: [ app_init ] --START--
INFO: Run Behavior\BuildLiteBehavior [ RunTime:0.000004s ]
INFO: [ app_init ] --END-- [ RunTime:0.000023s ]

[ 2019-01-10T15:53:25+08:00 ] 127.0.0.1 /images/loginlogo.png?v=1.2
INFO: [ app_init ] --START--
INFO: Run Behavior\BuildLiteBehavior [ RunTime:0.000004s ]
INFO: [ app_init ] --END-- [ RunTime:0.000023s ]


[ 2019-01-10T15:53:25+08:00 ] 127.0.0.1 /images/loginIcon.png
INFO: [ app_init ] --START--
INFO: Run Behavior\BuildLiteBehavior [ RunTime:0.000005s ]
INFO: [ app_init ] --END-- [ RunTime:0.000022s ]

[ 2019-01-10T16:01:23+08:00 ] 127.0.0.1 /public/images/loginIcon.png
INFO: [ app_init ] --START--
INFO: Run Behavior\BuildLiteBehavior [ RunTime:0.000005s ]
INFO: [ app_init ] --END-- [ RunTime:0.000034s ]

[ 2019-01-10T16:01:23+08:00 ] 127.0.0.1 /images/loginIcon.png
INFO: [ app_init ] --START--
INFO: Run Behavior\BuildLiteBehavior [ RunTime:0.000008s ]
INFO: [ app_init ] --END-- [ RunTime:0.000026s ]

[ 2019-01-10T16:01:30+08:00 ] 127.0.0.1 /public/images/loginIcon.png
INFO: [ app_init ] --START--
INFO: Run Behavior\BuildLiteBehavior [ RunTime:0.000005s ]
INFO: [ app_init ] --END-- [ RunTime:0.000029s ]

[ 2019-01-10T16:01:30+08:00 ] 127.0.0.1 /images/loginlogo.png?v=1.2
INFO: [ app_init ] --START--
INFO: Run Behavior\BuildLiteBehavior [ RunTime:0.000018s ]
INFO: [ app_init ] --END-- [ RunTime:0.000092s ]

[ 2019-01-10T16:01:30+08:00 ] 127.0.0.1 /images/loginIcon.png
INFO: [ app_init ] --START--
INFO: Run Behavior\BuildLiteBehavior [ RunTime:0.000019s ]
INFO: [ app_init ] --END-- [ RunTime:0.000108s ]

[ 2019-01-10T16:06:16+08:00 ] 127.0.0.1 /favicon.ico
INFO: [ app_init ] --START--
INFO: Run Behavior\BuildLiteBehavior [ RunTime:0.000006s ]
INFO: [ app_init ] --END-- [ RunTime:0.000033s ]

[ 2019-01-10T16:07:27+08:00 ] 127.0.0.1 /favicon.ico
INFO: [ app_init ] --START--
INFO: Run Behavior\BuildLiteBehavior [ RunTime:0.000008s ]
INFO: [ app_init ] --END-- [ RunTime:0.000039s ]

[ 2019-01-10T16:12:31+08:00 ] 127.0.0.1 /Home_Index_generateQrcode?str=otpauth%3A%2F%2Ftotp%2Fhttp%3A%2F%2Fwww.juhe.com%3Fsecret%3DDUPDLBMY7J333APB
INFO: [ app_init ] --START--
INFO: Run Behavior\BuildLiteBehavior [ RunTime:0.000011s ]
INFO: [ app_init ] --END-- [ RunTime:0.000099s ]
INFO: [ app_begin ] --START--
INFO: Run Behavior\ReadHtmlCacheBehavior [ RunTime:0.000759s ]
INFO: Run Behavior\CheckLangBehavior [ RunTime:0.001149s ]
INFO: [ app_begin ] --END-- [ RunTime:0.001951s ]

[ 2019-01-10T17:50:05+08:00 ] 127.0.0.1 /public/images/loginIcon.png
INFO: [ app_init ] --START--
INFO: Run Behavior\BuildLiteBehavior [ RunTime:0.000005s ]
INFO: [ app_init ] --END-- [ RunTime:0.000026s ]

[ 2019-01-10T17:50:05+08:00 ] 127.0.0.1 /images/loginIcon.png
INFO: [ app_init ] --START--
INFO: Run Behavior\BuildLiteBehavior [ RunTime:0.000016s ]
INFO: [ app_init ] --END-- [ RunTime:0.000053s ]

[ 2019-01-10T17:50:05+08:00 ] 127.0.0.1 /images/loginlogo.png?v=1.2
INFO: [ app_init ] --START--
INFO: Run Behavior\BuildLiteBehavior [ RunTime:0.000008s ]
INFO: [ app_init ] --END-- [ RunTime:0.000030s ]

[ 2019-01-10T17:50:24+08:00 ] 127.0.0.1 /public/images/loginIcon.png
INFO: [ app_init ] --START--
INFO: Run Behavior\BuildLiteBehavior [ RunTime:0.000006s ]
INFO: [ app_init ] --END-- [ RunTime:0.000029s ]

[ 2019-01-10T17:50:24+08:00 ] 127.0.0.1 /images/loginIcon.png
INFO: [ app_init ] --START--
INFO: Run Behavior\BuildLiteBehavior [ RunTime:0.000016s ]
INFO: [ app_init ] --END-- [ RunTime:0.000059s ]

[ 2019-01-10T17:53:47+08:00 ] 127.0.0.1 /public/images/loginIcon.png
INFO: [ app_init ] --START--
INFO: Run Behavior\BuildLiteBehavior [ RunTime:0.000006s ]
INFO: [ app_init ] --END-- [ RunTime:0.000029s ]

[ 2019-01-10T17:53:47+08:00 ] 127.0.0.1 /images/loginIcon.png
INFO: [ app_init ] --START--
INFO: Run Behavior\BuildLiteBehavior [ RunTime:0.000005s ]
INFO: [ app_init ] --END-- [ RunTime:0.000024s ]

[ 2019-01-10T19:21:47+08:00 ] 127.0.0.1 /Uploads/verifyinfo/5c3722af20aee.png
INFO: [ app_init ] --START--
INFO: Run Behavior\BuildLiteBehavior [ RunTime:0.000006s ]
INFO: [ app_init ] --END-- [ RunTime:0.000026s ]

