[ 2019-01-11T09:57:26+08:00 ] 127.0.0.1 /favicon.ico
INFO: [ app_init ] --START--
INFO: Run Behavior\BuildLiteBehavior [ RunTime:0.000009s ]
INFO: [ app_init ] --END-- [ RunTime:0.000671s ]

[ 2019-01-11T09:57:32+08:00 ] 127.0.0.1 /favicon.ico
INFO: [ app_init ] --START--
INFO: Run Behavior\BuildLiteBehavior [ RunTime:0.000004s ]
INFO: [ app_init ] --END-- [ RunTime:0.000026s ]

[ 2019-01-11T10:04:55+08:00 ] 127.0.0.1 /favicon.ico
INFO: [ app_init ] --START--
INFO: Run Behavior\BuildLiteBehavior [ RunTime:0.000005s ]
INFO: [ app_init ] --END-- [ RunTime:0.000036s ]

[ 2019-01-11T14:11:42+08:00 ] 127.0.0.1 /public/images/loginIcon.png
INFO: [ app_init ] --START--
INFO: Run Behavior\BuildLiteBehavior [ RunTime:0.000005s ]
INFO: [ app_init ] --END-- [ RunTime:0.000026s ]

[ 2019-01-11T14:11:43+08:00 ] 127.0.0.1 /images/loginIcon.png
INFO: [ app_init ] --START--
INFO: Run Behavior\BuildLiteBehavior [ RunTime:0.000004s ]
INFO: [ app_init ] --END-- [ RunTime:0.000026s ]

[ 2019-01-11T14:11:43+08:00 ] 127.0.0.1 /public/images/loginIcon.png
INFO: [ app_init ] --START--
INFO: Run Behavior\BuildLiteBehavior [ RunTime:0.000005s ]
INFO: [ app_init ] --END-- [ RunTime:0.000023s ]

[ 2019-01-11T14:12:08+08:00 ] 127.0.0.1 /public/images/loginIcon.png
INFO: [ app_init ] --START--
INFO: Run Behavior\BuildLiteBehavior [ RunTime:0.000006s ]
INFO: [ app_init ] --END-- [ RunTime:0.000024s ]

[ 2019-01-11T14:12:08+08:00 ] 127.0.0.1 /images/loginIcon.png
INFO: [ app_init ] --START--
INFO: Run Behavior\BuildLiteBehavior [ RunTime:0.000008s ]
INFO: [ app_init ] --END-- [ RunTime:0.000029s ]

[ 2019-01-11T14:13:10+08:00 ] 127.0.0.1 /public/images/loginIcon.png
INFO: [ app_init ] --START--
INFO: Run Behavior\BuildLiteBehavior [ RunTime:0.000007s ]
INFO: [ app_init ] --END-- [ RunTime:0.000041s ]

[ 2019-01-11T14:13:48+08:00 ] 127.0.0.1 /public/images/loginIcon.png
INFO: [ app_init ] --START--
INFO: Run Behavior\BuildLiteBehavior [ RunTime:0.000005s ]
INFO: [ app_init ] --END-- [ RunTime:0.000026s ]

[ 2019-01-11T14:14:37+08:00 ] 127.0.0.1 /public/images/loginIcon.png
INFO: [ app_init ] --START--
INFO: Run Behavior\BuildLiteBehavior [ RunTime:0.000006s ]
INFO: [ app_init ] --END-- [ RunTime:0.000037s ]

[ 2019-01-11T14:14:37+08:00 ] 127.0.0.1 /images/loginIcon.png
INFO: [ app_init ] --START--
INFO: Run Behavior\BuildLiteBehavior [ RunTime:0.000006s ]
INFO: [ app_init ] --END-- [ RunTime:0.000035s ]

[ 2019-01-11T14:15:21+08:00 ] 127.0.0.1 /public/images/loginIcon.png
INFO: [ app_init ] --START--
INFO: Run Behavior\BuildLiteBehavior [ RunTime:0.000020s ]
INFO: [ app_init ] --END-- [ RunTime:0.000108s ]

[ 2019-01-11T14:15:21+08:00 ] 127.0.0.1 /images/loginIcon.png
INFO: [ app_init ] --START--
INFO: Run Behavior\BuildLiteBehavior [ RunTime:0.000023s ]
INFO: [ app_init ] --END-- [ RunTime:0.000128s ]

[ 2019-01-11T14:15:34+08:00 ] 127.0.0.1 /public/images/loginIcon.png
INFO: [ app_init ] --START--
INFO: Run Behavior\BuildLiteBehavior [ RunTime:0.000014s ]
INFO: [ app_init ] --END-- [ RunTime:0.000091s ]

[ 2019-01-11T14:15:34+08:00 ] 127.0.0.1 /images/loginIcon.png
INFO: [ app_init ] --START--
INFO: Run Behavior\BuildLiteBehavior [ RunTime:0.000005s ]
INFO: [ app_init ] --END-- [ RunTime:0.000025s ]

[ 2019-01-11T14:16:40+08:00 ] 127.0.0.1 /public/images/loginIcon.png
INFO: [ app_init ] --START--
INFO: Run Behavior\BuildLiteBehavior [ RunTime:0.000031s ]
INFO: [ app_init ] --END-- [ RunTime:0.000198s ]

[ 2019-01-11T14:16:40+08:00 ] 127.0.0.1 /images/loginIcon.png
INFO: [ app_init ] --START--
INFO: Run Behavior\BuildLiteBehavior [ RunTime:0.000009s ]
INFO: [ app_init ] --END-- [ RunTime:0.000041s ]

[ 2019-01-11T14:17:46+08:00 ] 127.0.0.1 /images/loginIcon.png
INFO: [ app_init ] --START--
INFO: Run Behavior\BuildLiteBehavior [ RunTime:0.000020s ]
INFO: [ app_init ] --END-- [ RunTime:0.000116s ]

[ 2019-01-11T14:17:46+08:00 ] 127.0.0.1 /public/images/loginIcon.png
INFO: [ app_init ] --START--
INFO: Run Behavior\BuildLiteBehavior [ RunTime:0.000020s ]
INFO: [ app_init ] --END-- [ RunTime:0.000119s ]

[ 2019-01-11T14:19:33+08:00 ] 127.0.0.1 /images/loginIcon.png
INFO: [ app_init ] --START--
INFO: Run Behavior\BuildLiteBehavior [ RunTime:0.000005s ]
INFO: [ app_init ] --END-- [ RunTime:0.000026s ]

[ 2019-01-11T14:19:33+08:00 ] 127.0.0.1 /public/images/loginIcon.png
INFO: [ app_init ] --START--
INFO: Run Behavior\BuildLiteBehavior [ RunTime:0.000005s ]
INFO: [ app_init ] --END-- [ RunTime:0.000032s ]

[ 2019-01-11T14:19:37+08:00 ] 127.0.0.1 /images/loginIcon.png
INFO: [ app_init ] --START--
INFO: Run Behavior\BuildLiteBehavior [ RunTime:0.000023s ]
INFO: [ app_init ] --END-- [ RunTime:0.000156s ]

[ 2019-01-11T14:19:37+08:00 ] 127.0.0.1 /public/images/loginIcon.png
INFO: [ app_init ] --START--
INFO: Run Behavior\BuildLiteBehavior [ RunTime:0.000017s ]
INFO: [ app_init ] --END-- [ RunTime:0.000106s ]

[ 2019-01-11T14:20:14+08:00 ] 127.0.0.1 /public/images/loginIcon.png
INFO: [ app_init ] --START--
INFO: Run Behavior\BuildLiteBehavior [ RunTime:0.000007s ]
INFO: [ app_init ] --END-- [ RunTime:0.000035s ]

[ 2019-01-11T14:20:14+08:00 ] 127.0.0.1 /images/loginIcon.png
INFO: [ app_init ] --START--
INFO: Run Behavior\BuildLiteBehavior [ RunTime:0.000006s ]
INFO: [ app_init ] --END-- [ RunTime:0.000037s ]

[ 2019-01-11T14:20:34+08:00 ] 127.0.0.1 /public/images/loginIcon.png
INFO: [ app_init ] --START--
INFO: Run Behavior\BuildLiteBehavior [ RunTime:0.000009s ]
INFO: [ app_init ] --END-- [ RunTime:0.000062s ]

[ 2019-01-11T14:21:18+08:00 ] 127.0.0.1 /public/images/loginIcon.png
INFO: [ app_init ] --START--
INFO: Run Behavior\BuildLiteBehavior [ RunTime:0.000009s ]
INFO: [ app_init ] --END-- [ RunTime:0.000052s ]

[ 2019-01-11T14:21:18+08:00 ] 127.0.0.1 /images/loginIcon.png
INFO: [ app_init ] --START--
INFO: Run Behavior\BuildLiteBehavior [ RunTime:0.000029s ]
INFO: [ app_init ] --END-- [ RunTime:0.000150s ]

[ 2019-01-11T14:21:52+08:00 ] 127.0.0.1 /public/images/loginIcon.png
INFO: [ app_init ] --START--
INFO: Run Behavior\BuildLiteBehavior [ RunTime:0.000005s ]
INFO: [ app_init ] --END-- [ RunTime:0.000029s ]

[ 2019-01-11T14:21:52+08:00 ] 127.0.0.1 /images/loginIcon.png
INFO: [ app_init ] --START--
INFO: Run Behavior\BuildLiteBehavior [ RunTime:0.000005s ]
INFO: [ app_init ] --END-- [ RunTime:0.000024s ]

[ 2019-01-11T14:22:02+08:00 ] 127.0.0.1 /public/images/loginIcon.png
INFO: [ app_init ] --START--
INFO: Run Behavior\BuildLiteBehavior [ RunTime:0.000004s ]
INFO: [ app_init ] --END-- [ RunTime:0.000023s ]

[ 2019-01-11T14:22:46+08:00 ] 127.0.0.1 /public/images/loginIcon.png
INFO: [ app_init ] --START--
INFO: Run Behavior\BuildLiteBehavior [ RunTime:0.000016s ]
INFO: [ app_init ] --END-- [ RunTime:0.000069s ]

[ 2019-01-11T14:22:46+08:00 ] 127.0.0.1 /images/loginIcon.png
INFO: [ app_init ] --START--
INFO: Run Behavior\BuildLiteBehavior [ RunTime:0.000029s ]
INFO: [ app_init ] --END-- [ RunTime:0.000204s ]

[ 2019-01-11T14:22:49+08:00 ] 127.0.0.1 /images/loginIcon.png
INFO: [ app_init ] --START--
INFO: Run Behavior\BuildLiteBehavior [ RunTime:0.000005s ]
INFO: [ app_init ] --END-- [ RunTime:0.000026s ]

s ]

[ 2019-01-11T14:23:23+08:00 ] 127.0.0.1 /public/images/loginIcon.png
INFO: [ app_init ] --START--
INFO: Run Behavior\BuildLiteBehavior [ RunTime:0.000009s ]
INFO: [ app_init ] --END-- [ RunTime:0.000053s ]

[ 2019-01-11T14:23:23+08:00 ] 127.0.0.1 /images/loginIcon.png
INFO: [ app_init ] --START--
INFO: Run Behavior\BuildLiteBehavior [ RunTime:0.000006s ]
INFO: [ app_init ] --END-- [ RunTime:0.000030s ]

[ 2019-01-11T14:23:41+08:00 ] 127.0.0.1 /public/images/loginIcon.png
INFO: [ app_init ] --START--
INFO: Run Behavior\BuildLiteBehavior [ RunTime:0.000018s ]
INFO: [ app_init ] --END-- [ RunTime:0.000088s ]

[ 2019-01-11T14:23:41+08:00 ] 127.0.0.1 /images/loginIcon.png
INFO: [ app_init ] --START--
INFO: Run Behavior\BuildLiteBehavior [ RunTime:0.000009s ]
INFO: [ app_init ] --END-- [ RunTime:0.000053s ]

[ 2019-01-11T14:24:07+08:00 ] 127.0.0.1 /public/images/loginIcon.png
INFO: [ app_init ] --START--
INFO: Run Behavior\BuildLiteBehavior [ RunTime:0.000008s ]
INFO: [ app_init ] --END-- [ RunTime:0.000040s ]

[ 2019-01-11T14:24:07+08:00 ] 127.0.0.1 /images/loginIcon.png
INFO: [ app_init ] --START--
INFO: Run Behavior\BuildLiteBehavior [ RunTime:0.000021s ]
INFO: [ app_init ] --END-- [ RunTime:0.000062s ]

[ 2019-01-11T14:25:36+08:00 ] 127.0.0.1 /public/images/loginIcon.png
INFO: [ app_init ] --START--
INFO: Run Behavior\BuildLiteBehavior [ RunTime:0.000004s ]
INFO: [ app_init ] --END-- [ RunTime:0.000024s ]

[ 2019-01-11T14:26:37+08:00 ] 127.0.0.1 /public/images/loginIcon.png
INFO: [ app_init ] --START--
INFO: Run Behavior\BuildLiteBehavior [ RunTime:0.000004s ]
INFO: [ app_init ] --END-- [ RunTime:0.000025s ]

[ 2019-01-11T14:26:37+08:00 ] 127.0.0.1 /images/loginIcon.png
INFO: [ app_init ] --START--
INFO: Run Behavior\BuildLiteBehavior [ RunTime:0.000005s ]
INFO: [ app_init ] --END-- [ RunTime:0.000032s ]

[ 2019-01-11T14:28:43+08:00 ] 127.0.0.1 /public/images/loginIcon.png
INFO: [ app_init ] --START--
INFO: Run Behavior\BuildLiteBehavior [ RunTime:0.000005s ]
INFO: [ app_init ] --END-- [ RunTime:0.000036s ]

[ 2019-01-11T14:28:43+08:00 ] 127.0.0.1 /images/loginIcon.png
INFO: [ app_init ] --START--
INFO: Run Behavior\BuildLiteBehavior [ RunTime:0.000008s ]
INFO: [ app_init ] --END-- [ RunTime:0.000042s ]

[ 2019-01-11T14:28:45+08:00 ] 127.0.0.1 /images/loginIcon.png
INFO: [ app_init ] --START--
INFO: Run Behavior\BuildLiteBehavior [ RunTime:0.000006s ]
INFO: [ app_init ] --END-- [ RunTime:0.000033s ]

[ 2019-01-11T14:28:45+08:00 ] 127.0.0.1 /public/images/loginIcon.png
INFO: [ app_init ] --START--
INFO: Run Behavior\BuildLiteBehavior [ RunTime:0.000005s ]
INFO: [ app_init ] --END-- [ RunTime:0.000026s ]

[ 2019-01-11T14:29:15+08:00 ] 127.0.0.1 /public/images/loginIcon.png
INFO: [ app_init ] --START--
INFO: Run Behavior\BuildLiteBehavior [ RunTime:0.000031s ]
INFO: [ app_init ] --END-- [ RunTime:0.000176s ]

[ 2019-01-11T14:29:15+08:00 ] 127.0.0.1 /images/loginIcon.png
INFO: [ app_init ] --START--
INFO: Run Behavior\BuildLiteBehavior [ RunTime:0.000022s ]
INFO: [ app_init ] --END-- [ RunTime:0.000151s ]

[ 2019-01-11T14:29:56+08:00 ] 127.0.0.1 /public/images/loginIcon.png
INFO: [ app_init ] --START--
INFO: Run Behavior\BuildLiteBehavior [ RunTime:0.000006s ]
INFO: [ app_init ] --END-- [ RunTime:0.000050s ]

[ 2019-01-11T14:29:56+08:00 ] 127.0.0.1 /images/loginIcon.png
INFO: [ app_init ] --START--
INFO: Run Behavior\BuildLiteBehavior [ RunTime:0.000018s ]
INFO: [ app_init ] --END-- [ RunTime:0.000048s ]

[ 2019-01-11T14:30:17+08:00 ] 127.0.0.1 /public/images/loginIcon.png
INFO: [ app_init ] --START--
INFO: Run Behavior\BuildLiteBehavior [ RunTime:0.000005s ]
INFO: [ app_init ] --END-- [ RunTime:0.000027s ]

[ 2019-01-11T14:30:17+08:00 ] 127.0.0.1 /images/loginIcon.png
INFO: [ app_init ] --START--
INFO: Run Behavior\BuildLiteBehavior [ RunTime:0.000005s ]
INFO: [ app_init ] --END-- [ RunTime:0.000037s ]

[ 2019-01-11T14:30:39+08:00 ] 127.0.0.1 /public/images/loginIcon.png
INFO: [ app_init ] --START--
INFO: Run Behavior\BuildLiteBehavior [ RunTime:0.000010s ]
INFO: [ app_init ] --END-- [ RunTime:0.000064s ]

[ 2019-01-11T14:30:39+08:00 ] 127.0.0.1 /images/loginIcon.png
INFO: [ app_init ] --START--
INFO: Run Behavior\BuildLiteBehavior [ RunTime:0.000007s ]
INFO: [ app_init ] --END-- [ RunTime:0.000034s ]

[ 2019-01-11T14:30:52+08:00 ] 127.0.0.1 /public/images/loginIcon.png
INFO: [ app_init ] --START--
INFO: Run Behavior\BuildLiteBehavior [ RunTime:0.000008s ]
INFO: [ app_init ] --END-- [ RunTime:0.000045s ]

[ 2019-01-11T14:30:52+08:00 ] 127.0.0.1 /images/loginIcon.png
INFO: [ app_init ] --START--
INFO: Run Behavior\BuildLiteBehavior [ RunTime:0.000007s ]
INFO: [ app_init ] --END-- [ RunTime:0.000036s ]

[ 2019-01-11T14:31:24+08:00 ] 127.0.0.1 /public/images/loginIcon.png
INFO: [ app_init ] --START--
INFO: Run Behavior\BuildLiteBehavior [ RunTime:0.000006s ]
INFO: [ app_init ] --END-- [ RunTime:0.000030s ]

[ 2019-01-11T14:31:24+08:00 ] 127.0.0.1 /images/loginIcon.png
INFO: [ app_init ] --START--
INFO: Run Behavior\BuildLiteBehavior [ RunTime:0.000005s ]
INFO: [ app_init ] --END-- [ RunTime:0.000029s ]

[ 2019-01-11T14:31:25+08:00 ] 127.0.0.1 /public/images/loginIcon.png
INFO: [ app_init ] --START--
INFO: Run Behavior\BuildLiteBehavior [ RunTime:0.000005s ]
INFO: [ app_init ] --END-- [ RunTime:0.000025s ]

[ 2019-01-11T14:31:26+08:00 ] 127.0.0.1 /images/loginIcon.png
INFO: [ app_init ] --START--
INFO: Run Behavior\BuildLiteBehavior [ RunTime:0.000011s ]
INFO: [ app_init ] --END-- [ RunTime:0.000066s ]

s ]

[ 2019-01-11T14:32:11+08:00 ] 127.0.0.1 /public/images/loginIcon.png
INFO: [ app_init ] --START--
INFO: Run Behavior\BuildLiteBehavior [ RunTime:0.000005s ]
INFO: [ app_init ] --END-- [ RunTime:0.000032s ]

[ 2019-01-11T14:32:11+08:00 ] 127.0.0.1 /images/loginIcon.png
INFO: [ app_init ] --START--
INFO: Run Behavior\BuildLiteBehavior [ RunTime:0.000006s ]
INFO: [ app_init ] --END-- [ RunTime:0.000030s ]

[ 2019-01-11T14:32:37+08:00 ] 127.0.0.1 /images/loginIcon.png
INFO: [ app_init ] --START--
INFO: Run Behavior\BuildLiteBehavior [ RunTime:0.000023s ]
INFO: [ app_init ] --END-- [ RunTime:0.000130s ]

[ 2019-01-11T14:32:37+08:00 ] 127.0.0.1 /public/images/loginIcon.png
INFO: [ app_init ] --START--
INFO: Run Behavior\BuildLiteBehavior [ RunTime:0.000021s ]
INFO: [ app_init ] --END-- [ RunTime:0.000128s ]

[ 2019-01-11T14:34:03+08:00 ] 127.0.0.1 /public/images/loginIcon.png
INFO: [ app_init ] --START--
INFO: Run Behavior\BuildLiteBehavior [ RunTime:0.000004s ]
INFO: [ app_init ] --END-- [ RunTime:0.000026s ]

[ 2019-01-11T14:34:03+08:00 ] 127.0.0.1 /images/loginIcon.png
INFO: [ app_init ] --START--
INFO: Run Behavior\BuildLiteBehavior [ RunTime:0.000005s ]
INFO: [ app_init ] --END-- [ RunTime:0.000026s ]

[ 2019-01-11T14:34:14+08:00 ] 127.0.0.1 /public/images/loginIcon.png
INFO: [ app_init ] --START--
INFO: Run Behavior\BuildLiteBehavior [ RunTime:0.000004s ]
INFO: [ app_init ] --END-- [ RunTime:0.000027s ]

[ 2019-01-11T14:34:14+08:00 ] 127.0.0.1 /images/loginIcon.png
INFO: [ app_init ] --START--
INFO: Run Behavior\BuildLiteBehavior [ RunTime:0.000004s ]
INFO: [ app_init ] --END-- [ RunTime:0.000025s ]

[ 2019-01-11T14:38:44+08:00 ] 127.0.0.1 /public/images/loginIcon.png
INFO: [ app_init ] --START--
INFO: Run Behavior\BuildLiteBehavior [ RunTime:0.000005s ]
INFO: [ app_init ] --END-- [ RunTime:0.000028s ]

[ 2019-01-11T14:38:44+08:00 ] 127.0.0.1 /images/loginIcon.png
INFO: [ app_init ] --START--
INFO: Run Behavior\BuildLiteBehavior [ RunTime:0.000005s ]
INFO: [ app_init ] --END-- [ RunTime:0.000028s ]

[ 2019-01-11T14:39:20+08:00 ] 127.0.0.1 /images/loginIcon.png
INFO: [ app_init ] --START--
INFO: Run Behavior\BuildLiteBehavior [ RunTime:0.000006s ]
INFO: [ app_init ] --END-- [ RunTime:0.000034s ]

[ 2019-01-11T14:39:20+08:00 ] 127.0.0.1 /public/images/loginIcon.png
INFO: [ app_init ] --START--
INFO: Run Behavior\BuildLiteBehavior [ RunTime:0.000006s ]
INFO: [ app_init ] --END-- [ RunTime:0.000029s ]

[ 2019-01-11T14:39:24+08:00 ] 127.0.0.1 /public/images/loginIcon.png
INFO: [ app_init ] --START--
INFO: Run Behavior\BuildLiteBehavior [ RunTime:0.000005s ]
INFO: [ app_init ] --END-- [ RunTime:0.000030s ]

[ 2019-01-11T14:39:24+08:00 ] 127.0.0.1 /images/loginIcon.png
INFO: [ app_init ] --START--
INFO: Run Behavior\BuildLiteBehavior [ RunTime:0.000005s ]
INFO: [ app_init ] --END-- [ RunTime:0.000028s ]

[ 2019-01-11T14:39:57+08:00 ] 127.0.0.1 /public/images/loginIcon.png
INFO: [ app_init ] --START--
INFO: Run Behavior\BuildLiteBehavior [ RunTime:0.000040s ]
INFO: [ app_init ] --END-- [ RunTime:0.000230s ]

[ 2019-01-11T14:39:57+08:00 ] 127.0.0.1 /images/loginIcon.png
INFO: [ app_init ] --START--
INFO: Run Behavior\BuildLiteBehavior [ RunTime:0.000008s ]
INFO: [ app_init ] --END-- [ RunTime:0.000044s ]

[ 2019-01-11T14:41:22+08:00 ] 127.0.0.1 /public/images/loginIcon.png
INFO: [ app_init ] --START--
INFO: Run Behavior\BuildLiteBehavior [ RunTime:0.000005s ]
INFO: [ app_init ] --END-- [ RunTime:0.000023s ]

[ 2019-01-11T14:41:55+08:00 ] 127.0.0.1 /images/loginIcon.png
INFO: [ app_init ] --START--
INFO: Run Behavior\BuildLiteBehavior [ RunTime:0.000018s ]
INFO: [ app_init ] --END-- [ RunTime:0.000071s ]

[ 2019-01-11T14:41:55+08:00 ] 127.0.0.1 /public/images/loginIcon.png
INFO: [ app_init ] --START--
INFO: Run Behavior\BuildLiteBehavior [ RunTime:0.000009s ]
INFO: [ app_init ] --END-- [ RunTime:0.000046s ]

[ 2019-01-11T14:42:15+08:00 ] 127.0.0.1 /images/loginIcon.png
INFO: [ app_init ] --START--
INFO: Run Behavior\BuildLiteBehavior [ RunTime:0.000011s ]
INFO: [ app_init ] --END-- [ RunTime:0.000069s ]

[ 2019-01-11T14:42:15+08:00 ] 127.0.0.1 /public/images/loginIcon.png
INFO: [ app_init ] --START--
INFO: Run Behavior\BuildLiteBehavior [ RunTime:0.000008s ]
INFO: [ app_init ] --END-- [ RunTime:0.000043s ]

[ 2019-01-11T14:42:35+08:00 ] 127.0.0.1 /images/loginIcon.png
INFO: [ app_init ] --START--
INFO: Run Behavior\BuildLiteBehavior [ RunTime:0.000006s ]
INFO: [ app_init ] --END-- [ RunTime:0.000032s ]

[ 2019-01-11T14:42:35+08:00 ] 127.0.0.1 /public/images/loginIcon.png
INFO: [ app_init ] --START--
INFO: Run Behavior\BuildLiteBehavior [ RunTime:0.000005s ]
INFO: [ app_init ] --END-- [ RunTime:0.000026s ]

[ 2019-01-11T14:42:42+08:00 ] 127.0.0.1 /images/loginIcon.png
INFO: [ app_init ] --START--
INFO: Run Behavior\BuildLiteBehavior [ RunTime:0.000005s ]
INFO: [ app_init ] --END-- [ RunTime:0.000026s ]

[ 2019-01-11T14:42:42+08:00 ] 127.0.0.1 /public/images/loginIcon.png
INFO: [ app_init ] --START--
INFO: Run Behavior\BuildLiteBehavior [ RunTime:0.000004s ]
INFO: [ app_init ] --END-- [ RunTime:0.000022s ]

[ 2019-01-11T14:43:29+08:00 ] 127.0.0.1 /public/images/loginIcon.png
INFO: [ app_init ] --START--
INFO: Run Behavior\BuildLiteBehavior [ RunTime:0.000005s ]
INFO: [ app_init ] --END-- [ RunTime:0.000026s ]

[ 2019-01-11T14:43:29+08:00 ] 127.0.0.1 /images/loginIcon.png
INFO: [ app_init ] --START--
INFO: Run Behavior\BuildLiteBehavior [ RunTime:0.000009s ]
INFO: [ app_init ] --END-- [ RunTime:0.000046s ]

[ 2019-01-11T14:43:58+08:00 ] 127.0.0.1 /images/loginIcon.png
INFO: [ app_init ] --START--
INFO: Run Behavior\BuildLiteBehavior [ RunTime:0.000005s ]
INFO: [ app_init ] --END-- [ RunTime:0.000027s ]

[ 2019-01-11T14:43:58+08:00 ] 127.0.0.1 /public/images/loginIcon.png
INFO: [ app_init ] --START--
INFO: Run Behavior\BuildLiteBehavior [ RunTime:0.000006s ]
INFO: [ app_init ] --END-- [ RunTime:0.000028s ]

[ 2019-01-11T14:47:44+08:00 ] 127.0.0.1 /images/loginIcon.png
INFO: [ app_init ] --START--
INFO: Run Behavior\BuildLiteBehavior [ RunTime:0.000008s ]
INFO: [ app_init ] --END-- [ RunTime:0.000044s ]

s ]

[ 2019-01-11T14:48:40+08:00 ] 127.0.0.1 /images/loginIcon.png
INFO: [ app_init ] --START--
INFO: Run Behavior\BuildLiteBehavior [ RunTime:0.000007s ]
INFO: [ app_init ] --END-- [ RunTime:0.000036s ]

[ 2019-01-11T14:48:40+08:00 ] 127.0.0.1 /public/images/loginIcon.png
INFO: [ app_init ] --START--
INFO: Run Behavior\BuildLiteBehavior [ RunTime:0.000028s ]
INFO: [ app_init ] --END-- [ RunTime:0.000152s ]

[ 2019-01-11T14:48:45+08:00 ] 127.0.0.1 /public/images/loginIcon.png
INFO: [ app_init ] --START--
INFO: Run Behavior\BuildLiteBehavior [ RunTime:0.000024s ]
INFO: [ app_init ] --END-- [ RunTime:0.000106s ]

[ 2019-01-11T14:48:45+08:00 ] 127.0.0.1 /images/loginIcon.png
INFO: [ app_init ] --START--
INFO: Run Behavior\BuildLiteBehavior [ RunTime:0.000007s ]
INFO: [ app_init ] --END-- [ RunTime:0.000045s ]

[ 2019-01-11T14:48:58+08:00 ] 127.0.0.1 /public/images/loginIcon.png
INFO: [ app_init ] --START--
INFO: Run Behavior\BuildLiteBehavior [ RunTime:0.000022s ]
INFO: [ app_init ] --END-- [ RunTime:0.000105s ]

[ 2019-01-11T14:48:58+08:00 ] 127.0.0.1 /images/loginIcon.png
INFO: [ app_init ] --START--
INFO: Run Behavior\BuildLiteBehavior [ RunTime:0.000007s ]
INFO: [ app_init ] --END-- [ RunTime:0.000045s ]

[ 2019-01-11T14:49:00+08:00 ] 127.0.0.1 /public/images/loginIcon.png
INFO: [ app_init ] --START--
INFO: Run Behavior\BuildLiteBehavior [ RunTime:0.000008s ]
INFO: [ app_init ] --END-- [ RunTime:0.000051s ]

[ 2019-01-11T14:49:00+08:00 ] 127.0.0.1 /images/loginIcon.png
INFO: [ app_init ] --START--
INFO: Run Behavior\BuildLiteBehavior [ RunTime:0.000006s ]
INFO: [ app_init ] --END-- [ RunTime:0.000036s ]

[ 2019-01-11T14:49:06+08:00 ] 127.0.0.1 /images/loginIcon.png
INFO: [ app_init ] --START--
INFO: Run Behavior\BuildLiteBehavior [ RunTime:0.000005s ]
INFO: [ app_init ] --END-- [ RunTime:0.000022s ]

[ 2019-01-11T14:49:06+08:00 ] 127.0.0.1 /public/images/loginIcon.png
INFO: [ app_init ] --START--
INFO: Run Behavior\BuildLiteBehavior [ RunTime:0.000004s ]
INFO: [ app_init ] --END-- [ RunTime:0.000023s ]

[ 2019-01-11T14:49:07+08:00 ] 127.0.0.1 /images/loginIcon.png
INFO: [ app_init ] --START--
INFO: Run Behavior\BuildLiteBehavior [ RunTime:0.000004s ]
INFO: [ app_init ] --END-- [ RunTime:0.000022s ]

[ 2019-01-11T14:49:07+08:00 ] 127.0.0.1 /public/images/loginIcon.png
INFO: [ app_init ] --START--
INFO: Run Behavior\BuildLiteBehavior [ RunTime:0.000005s ]
INFO: [ app_init ] --END-- [ RunTime:0.000021s ]

[ 2019-01-11T14:49:17+08:00 ] 127.0.0.1 /public/images/loginIcon.png
INFO: [ app_init ] --START--
INFO: Run Behavior\BuildLiteBehavior [ RunTime:0.000005s ]
INFO: [ app_init ] --END-- [ RunTime:0.000028s ]

[ 2019-01-11T14:49:17+08:00 ] 127.0.0.1 /images/loginIcon.png
INFO: [ app_init ] --START--
INFO: Run Behavior\BuildLiteBehavior [ RunTime:0.000027s ]
INFO: [ app_init ] --END-- [ RunTime:0.000060s ]

[ 2019-01-11T14:49:24+08:00 ] 127.0.0.1 /images/loginIcon.png
INFO: [ app_init ] --START--
INFO: Run Behavior\BuildLiteBehavior [ RunTime:0.000004s ]
INFO: [ app_init ] --END-- [ RunTime:0.000024s ]

[ 2019-01-11T14:49:24+08:00 ] 127.0.0.1 /public/images/loginIcon.png
INFO: [ app_init ] --START--
INFO: Run Behavior\BuildLiteBehavior [ RunTime:0.000005s ]
INFO: [ app_init ] --END-- [ RunTime:0.000022s ]

[ 2019-01-11T14:49:25+08:00 ] 127.0.0.1 /images/loginIcon.png
INFO: [ app_init ] --START--
INFO: Run Behavior\BuildLiteBehavior [ RunTime:0.000016s ]
INFO: [ app_init ] --END-- [ RunTime:0.000068s ]

[ 2019-01-11T14:49:25+08:00 ] 127.0.0.1 /public/images/loginIcon.png
INFO: [ app_init ] --START--
INFO: Run Behavior\BuildLiteBehavior [ RunTime:0.000009s ]
INFO: [ app_init ] --END-- [ RunTime:0.000065s ]

[ 2019-01-11T20:09:06+08:00 ] 127.0.0.1 /public/images/loginIcon.png
INFO: [ app_init ] --START--
INFO: Run Behavior\BuildLiteBehavior [ RunTime:0.000126s ]
INFO: [ app_init ] --END-- [ RunTime:0.000173s ]

[ 2019-01-11T20:09:06+08:00 ] 127.0.0.1 /images/loginIcon.png
INFO: [ app_init ] --START--
INFO: Run Behavior\BuildLiteBehavior [ RunTime:0.000011s ]
INFO: [ app_init ] --END-- [ RunTime:0.000041s ]

[ 2019-01-11T20:09:09+08:00 ] 127.0.0.1 /public/images/loginIcon.png
INFO: [ app_init ] --START--
INFO: Run Behavior\BuildLiteBehavior [ RunTime:0.000011s ]
INFO: [ app_init ] --END-- [ RunTime:0.000053s ]

[ 2019-01-11T20:09:09+08:00 ] 127.0.0.1 /images/loginIcon.png
INFO: [ app_init ] --START--
INFO: Run Behavior\BuildLiteBehavior [ RunTime:0.000014s ]
INFO: [ app_init ] --END-- [ RunTime:0.000075s ]

[ 2019-01-11T20:09:11+08:00 ] 127.0.0.1 /public/images/loginIcon.png
INFO: [ app_init ] --START--
INFO: Run Behavior\BuildLiteBehavior [ RunTime:0.000006s ]
INFO: [ app_init ] --END-- [ RunTime:0.000050s ]

[ 2019-01-11T20:09:11+08:00 ] 127.0.0.1 /images/loginIcon.png
INFO: [ app_init ] --START--
INFO: Run Behavior\BuildLiteBehavior [ RunTime:0.000006s ]
INFO: [ app_init ] --END-- [ RunTime:0.000039s ]

[ 2019-01-11T20:10:11+08:00 ] 127.0.0.1 /public/images/loginIcon.png
INFO: [ app_init ] --START--
INFO: Run Behavior\BuildLiteBehavior [ RunTime:0.000007s ]
INFO: [ app_init ] --END-- [ RunTime:0.000035s ]

[ 2019-01-11T20:10:11+08:00 ] 127.0.0.1 /images/loginIcon.png
INFO: [ app_init ] --START--
INFO: Run Behavior\BuildLiteBehavior [ RunTime:0.000007s ]
INFO: [ app_init ] --END-- [ RunTime:0.000040s ]

