[ 2018-12-07T21:46:56+08:00 ] 127.0.0.1 /manage_User_editUserProduct_uid_112.html
INFO: [ app_init ] --START--
INFO: Run Behavior\BuildLiteBehavior [ RunTime:0.000007s ]
INFO: [ app_init ] --END-- [ RunTime:0.000044s ]
INFO: [ app_begin ] --START--
INFO: Run Behavior\ReadHtmlCacheBehavior [ RunTime:0.001950s ]
INFO: Run Behavior\CheckLangBehavior [ RunTime:0.001496s ]
INFO: [ app_begin ] --END-- [ RunTime:0.003537s ]
SQL: SHOW COLUMNS FROM `pay_admin` [ RunTime:0.0007s ]
SQL: SELECT `groupid` FROM `pay_admin` WHERE `id` = 1 LIMIT 1   [ RunTime:0.0003s ]
SQL: SHOW COLUMNS FROM `pay_websiteconfig` [ RunTime:0.0006s ]
SQL: SELECT * FROM `pay_websiteconfig` LIMIT 1   [ RunTime:0.0004s ]
SQL: SELECT `session_random` FROM `pay_admin` WHERE `id` = 1 LIMIT 1   [ RunTime:0.0009s ]
SQL: SHOW COLUMNS FROM `pay_member_agent_cate` [ RunTime:0.0012s ]
SQL: SELECT * FROM `pay_member_agent_cate`  [ RunTime:0.0005s ]
SQL: SHOW COLUMNS FROM `pay_auth_group_access` [ RunTime:0.0006s ]
SQL: SELECT b.rules FROM pay_auth_group_access a LEFT JOIN pay_auth_group b ON b.id=a.group_id  WHERE a.uid = '1'  [ RunTime:0.0004s ]
SQL: SHOW COLUMNS FROM `pay_auth_rule` [ RunTime:0.0007s ]
SQL: SELECT * FROM `pay_auth_rule` WHERE `id` IN ('1','49','2','3','51','4','57','5','55','56','58','59','6','43','44','52','53','48','70','54','7','8','60','61','62','9','63','64','65','66','10','67','68','69','11','12','79','80','81','82','83','84','85','86','87','88','89','90','91','93','94','95','96','97','98','99','100','101','13','14','15','92','16','73','76','77','78','17','18','19','71','75','20','21','72','74','22','23','24','25','26','46','27','28','108','29','102','30','103','107','104','105','109','110','111','31','32','33','34','35','36','37','38','39','40','41','42','45','47','116','117','118') AND `is_menu` = 1 AND `status` = 1  [ RunTime:0.0007s ]
SQL: SHOW COLUMNS FROM `pay_channel` [ RunTime:0.0007s ]
SQL: SELECT `id`,`code`,`title`,`paytype`,`status` FROM `pay_channel` WHERE `status` = 1  [ RunTime:0.0004s ]
SQL: SHOW COLUMNS FROM `pay_product` [ RunTime:0.0005s ]
SQL: SELECT `id`,`name`,`status`,`paytype` FROM `pay_product` WHERE `isdisplay` = 1  [ RunTime:0.0003s ]
SQL: SHOW COLUMNS FROM `pay_product_user` [ RunTime:0.0005s ]
SQL: SELECT * FROM `pay_product_user` WHERE `userid` = 112  [ RunTime:0.0003s ]
NOTIC: [8] Undefined offset: 1 C:\work\juhe\Application\Admin\Controller\UserController.class.php 第 1654 行.
NOTIC: [8] Undefined offset: 1 C:\work\juhe\Application\Admin\Controller\UserController.class.php 第 1654 行.
NOTIC: [8] Undefined offset: 1 C:\work\juhe\Application\Admin\Controller\UserController.class.php 第 1654 行.
NOTIC: [8] Undefined offset: 1 C:\work\juhe\Application\Admin\Controller\UserController.class.php 第 1654 行.
NOTIC: [8] Undefined offset: 1 C:\work\juhe\Application\Admin\Controller\UserController.class.php 第 1654 行.
INFO: [ view_parse ] --START--
INFO: [ template_filter ] --START--
INFO: Run Behavior\ContentReplaceBehavior [ RunTime:0.000037s ]
INFO: [ template_filter ] --END-- [ RunTime:0.000086s ]
NOTIC: [2] Use of undefined constant polling - assumed 'polling' (this will throw an Error in a future version of PHP) C:\work\juhe\Runtime\Cache\Admin\05fd14b2839bba43c50a68dfb1280e4e.php 第 49 行.
NOTIC: [2] Use of undefined constant polling - assumed 'polling' (this will throw an Error in a future version of PHP) C:\work\juhe\Runtime\Cache\Admin\05fd14b2839bba43c50a68dfb1280e4e.php 第 52 行.
NOTIC: [2] Use of undefined constant channel - assumed 'channel' (this will throw an Error in a future version of PHP) C:\work\juhe\Runtime\Cache\Admin\05fd14b2839bba43c50a68dfb1280e4e.php 第 57 行.
NOTIC: [2] Use of undefined constant id - assumed 'id' (this will throw an Error in a future version of PHP) C:\work\juhe\Runtime\Cache\Admin\05fd14b2839bba43c50a68dfb1280e4e.php 第 57 行.
NOTIC: [2] Use of undefined constant pid - assumed 'pid' (this will throw an Error in a future version of PHP) C:\work\juhe\Runtime\Cache\Admin\05fd14b2839bba43c50a68dfb1280e4e.php 第 71 行.
NOTIC: [8] Undefined offset: 260 C:\work\juhe\Runtime\Cache\Admin\05fd14b2839bba43c50a68dfb1280e4e.php 第 71 行.
NOTIC: [8] Undefined offset: 260 C:\work\juhe\Runtime\Cache\Admin\05fd14b2839bba43c50a68dfb1280e4e.php 第 72 行.
NOTIC: [2] Use of undefined constant weight - assumed 'weight' (this will throw an Error in a future version of PHP) C:\work\juhe\Runtime\Cache\Admin\05fd14b2839bba43c50a68dfb1280e4e.php 第 76 行.
NOTIC: [8] Undefined offset: 260 C:\work\juhe\Runtime\Cache\Admin\05fd14b2839bba43c50a68dfb1280e4e.php 第 76 行.
NOTIC: [2] Use of undefined constant polling - assumed 'polling' (this will throw an Error in a future version of PHP) C:\work\juhe\Runtime\Cache\Admin\05fd14b2839bba43c50a68dfb1280e4e.php 第 49 行.
NOTIC: [2] Use of undefined constant polling - assumed 'polling' (this will throw an Error in a future version of PHP) C:\work\juhe\Runtime\Cache\Admin\05fd14b2839bba43c50a68dfb1280e4e.php 第 52 行.
NOTIC: [2] Use of undefined constant channel - assumed 'channel' (this will throw an Error in a future version of PHP) C:\work\juhe\Runtime\Cache\Admin\05fd14b2839bba43c50a68dfb1280e4e.php 第 57 行.
NOTIC: [2] Use of undefined constant id - assumed 'id' (this will throw an Error in a future version of PHP) C:\work\juhe\Runtime\Cache\Admin\05fd14b2839bba43c50a68dfb1280e4e.php 第 57 行.
NOTIC: [2] Use of undefined constant channel - assumed 'channel' (this will throw an Error in a future version of PHP) C:\work\juhe\Runtime\Cache\Admin\05fd14b2839bba43c50a68dfb1280e4e.php 第 57 行.
NOTIC: [2] Use of undefined constant id - assumed 'id' (this will throw an Error in a future version of PHP) C:\work\juhe\Runtime\Cache\Admin\05fd14b2839bba43c50a68dfb1280e4e.php 第 57 行.
NOTIC: [2] Use of undefined constant pid - assumed 'pid' (this will throw an Error in a future version of PHP) C:\work\juhe\Runtime\Cache\Admin\05fd14b2839bba43c50a68dfb1280e4e.php 第 71 行.
NOTIC: [8] Undefined offset: 255 C:\work\juhe\Runtime\Cache\Admin\05fd14b2839bba43c50a68dfb1280e4e.php 第 71 行.
NOTIC: [8] Undefined offset: 255 C:\work\juhe\Runtime\Cache\Admin\05fd14b2839bba43c50a68dfb1280e4e.php 第 72 行.
NOTIC: [2] Use of undefined constant weight - assumed 'weight' (this will throw an Error in a future version of PHP) C:\work\juhe\Runtime\Cache\Admin\05fd14b2839bba43c50a68dfb1280e4e.php 第 76 行.
NOTIC: [8] Undefined offset: 255 C:\work\juhe\Runtime\Cache\Admin\05fd14b2839bba43c50a68dfb1280e4e.php 第 76 行.
NOTIC: [2] Use of undefined constant pid - assumed 'pid' (this will throw an Error in a future version of PHP) C:\work\juhe\Runtime\Cache\Admin\05fd14b2839bba43c50a68dfb1280e4e.php 第 71 行.
NOTIC: [8] Undefined offset: 263 C:\work\juhe\Runtime\Cache\Admin\05fd14b2839bba43c50a68dfb1280e4e.php 第 71 行.
NOTIC: [8] Undefined offset: 263 C:\work\juhe\Runtime\Cache\Admin\05fd14b2839bba43c50a68dfb1280e4e.php 第 72 行.
NOTIC: [2] Use of undefined constant weight - assumed 'weight' (this will throw an Error in a future version of PHP) C:\work\juhe\Runtime\Cache\Admin\05fd14b2839bba43c50a68dfb1280e4e.php 第 76 行.
NOTIC: [8] Undefined offset: 263 C:\work\juhe\Runtime\Cache\Admin\05fd14b2839bba43c50a68dfb1280e4e.php 第 76 行.
NOTIC: [2] Use of undefined constant polling - assumed 'polling' (this will throw an Error in a future version of PHP) C:\work\juhe\Runtime\Cache\Admin\05fd14b2839bba43c50a68dfb1280e4e.php 第 49 行.
NOTIC: [2] Use of undefined constant polling - assumed 'polling' (this will throw an Error in a future version of PHP) C:\work\juhe\Runtime\Cache\Admin\05fd14b2839bba43c50a68dfb1280e4e.php 第 52 行.
NOTIC: [2] Use of undefined constant channel - assumed 'channel' (this will throw an Error in a future version of PHP) C:\work\juhe\Runtime\Cache\Admin\05fd14b2839bba43c50a68dfb1280e4e.php 第 57 行.
NOTIC: [2] Use of undefined constant id - assumed 'id' (this will throw an Error in a future version of PHP) C:\work\juhe\Runtime\Cache\Admin\05fd14b2839bba43c50a68dfb1280e4e.php 第 57 行.
NOTIC: [2] Use of undefined constant pid - assumed 'pid' (this will throw an Error in a future version of PHP) C:\work\juhe\Runtime\Cache\Admin\05fd14b2839bba43c50a68dfb1280e4e.php 第 71 行.
NOTIC: [8] Undefined offset: 258 C:\work\juhe\Runtime\Cache\Admin\05fd14b2839bba43c50a68dfb1280e4e.php 第 71 行.
NOTIC: [8] Undefined offset: 258 C:\work\juhe\Runtime\Cache\Admin\05fd14b2839bba43c50a68dfb1280e4e.php 第 72 行.
NOTIC: [2] Use of undefined constant weight - assumed 'weight' (this will throw an Error in a future version of PHP) C:\work\juhe\Runtime\Cache\Admin\05fd14b2839bba43c50a68dfb1280e4e.php 第 76 行.
NOTIC: [8] Undefined offset: 258 C:\work\juhe\Runtime\Cache\Admin\05fd14b2839bba43c50a68dfb1280e4e.php 第 76 行.
NOTIC: [2] Use of undefined constant polling - assumed 'polling' (this will throw an Error in a future version of PHP) C:\work\juhe\Runtime\Cache\Admin\05fd14b2839bba43c50a68dfb1280e4e.php 第 49 行.
NOTIC: [2] Use of undefined constant polling - assumed 'polling' (this will throw an Error in a future version of PHP) C:\work\juhe\Runtime\Cache\Admin\05fd14b2839bba43c50a68dfb1280e4e.php 第 52 行.
NOTIC: [2] Use of undefined constant channel - assumed 'channel' (this will throw an Error in a future version of PHP) C:\work\juhe\Runtime\Cache\Admin\05fd14b2839bba43c50a68dfb1280e4e.php 第 57 行.
NOTIC: [2] Use of undefined constant id - assumed 'id' (this will throw an Error in a future version of PHP) C:\work\juhe\Runtime\Cache\Admin\05fd14b2839bba43c50a68dfb1280e4e.php 第 57 行.
NOTIC: [2] Use of undefined constant channel - assumed 'channel' (this will throw an Error in a future version of PHP) C:\work\juhe\Runtime\Cache\Admin\05fd14b2839bba43c50a68dfb1280e4e.php 第 57 行.
NOTIC: [2] Use of undefined constant id - assumed 'id' (this will throw an Error in a future version of PHP) C:\work\juhe\Runtime\Cache\Admin\05fd14b2839bba43c50a68dfb1280e4e.php 第 57 行.
NOTIC: [2] Use of undefined constant channel - assumed 'channel' (this will throw an Error in a future version of PHP) C:\work\juhe\Runtime\Cache\Admin\05fd14b2839bba43c50a68dfb1280e4e.php 第 57 行.
NOTIC: [2] Use of undefined constant id - assumed 'id' (this will throw an Error in a future version of PHP) C:\work\juhe\Runtime\Cache\Admin\05fd14b2839bba43c50a68dfb1280e4e.php 第 57 行.
NOTIC: [2] Use of undefined constant channel - assumed 'channel' (this will throw an Error in a future version of PHP) C:\work\juhe\Runtime\Cache\Admin\05fd14b2839bba43c50a68dfb1280e4e.php 第 57 行.
NOTIC: [2] Use of undefined constant id - assumed 'id' (this will throw an Error in a future version of PHP) C:\work\juhe\Runtime\Cache\Admin\05fd14b2839bba43c50a68dfb1280e4e.php 第 57 行.
NOTIC: [2] Use of undefined constant channel - assumed 'channel' (this will throw an Error in a future version of PHP) C:\work\juhe\Runtime\Cache\Admin\05fd14b2839bba43c50a68dfb1280e4e.php 第 57 行.
NOTIC: [2] Use of undefined constant id - assumed 'id' (this will throw an Error in a future version of PHP) C:\work\juhe\Runtime\Cache\Admin\05fd14b2839bba43c50a68dfb1280e4e.php 第 57 行.
NOTIC: [2] Use of undefined constant pid - assumed 'pid' (this will throw an Error in a future version of PHP) C:\work\juhe\Runtime\Cache\Admin\05fd14b2839bba43c50a68dfb1280e4e.php 第 71 行.
NOTIC: [8] Undefined offset: 257 C:\work\juhe\Runtime\Cache\Admin\05fd14b2839bba43c50a68dfb1280e4e.php 第 71 行.
NOTIC: [8] Undefined offset: 257 C:\work\juhe\Runtime\Cache\Admin\05fd14b2839bba43c50a68dfb1280e4e.php 第 72 行.
NOTIC: [2] Use of undefined constant weight - assumed 'weight' (this will throw an Error in a future version of PHP) C:\work\juhe\Runtime\Cache\Admin\05fd14b2839bba43c50a68dfb1280e4e.php 第 76 行.
NOTIC: [8] Undefined offset: 257 C:\work\juhe\Runtime\Cache\Admin\05fd14b2839bba43c50a68dfb1280e4e.php 第 76 行.
NOTIC: [2] Use of undefined constant pid - assumed 'pid' (this will throw an Error in a future version of PHP) C:\work\juhe\Runtime\Cache\Admin\05fd14b2839bba43c50a68dfb1280e4e.php 第 71 行.
NOTIC: [8] Undefined offset: 256 C:\work\juhe\Runtime\Cache\Admin\05fd14b2839bba43c50a68dfb1280e4e.php 第 71 行.
NOTIC: [8] Undefined offset: 256 C:\work\juhe\Runtime\Cache\Admin\05fd14b2839bba43c50a68dfb1280e4e.php 第 72 行.
NOTIC: [2] Use of undefined constant weight - assumed 'weight' (this will throw an Error in a future version of PHP) C:\work\juhe\Runtime\Cache\Admin\05fd14b2839bba43c50a68dfb1280e4e.php 第 76 行.
NOTIC: [8] Undefined offset: 256 C:\work\juhe\Runtime\Cache\Admin\05fd14b2839bba43c50a68dfb1280e4e.php 第 76 行.
NOTIC: [2] Use of undefined constant pid - assumed 'pid' (this will throw an Error in a future version of PHP) C:\work\juhe\Runtime\Cache\Admin\05fd14b2839bba43c50a68dfb1280e4e.php 第 71 行.
NOTIC: [8] Undefined offset: 259 C:\work\juhe\Runtime\Cache\Admin\05fd14b2839bba43c50a68dfb1280e4e.php 第 71 行.
NOTIC: [8] Undefined offset: 259 C:\work\juhe\Runtime\Cache\Admin\05fd14b2839bba43c50a68dfb1280e4e.php 第 72 行.
NOTIC: [2] Use of undefined constant weight - assumed 'weight' (this will throw an Error in a future version of PHP) C:\work\juhe\Runtime\Cache\Admin\05fd14b2839bba43c50a68dfb1280e4e.php 第 76 行.
NOTIC: [8] Undefined offset: 259 C:\work\juhe\Runtime\Cache\Admin\05fd14b2839bba43c50a68dfb1280e4e.php 第 76 行.
NOTIC: [2] Use of undefined constant pid - assumed 'pid' (this will throw an Error in a future version of PHP) C:\work\juhe\Runtime\Cache\Admin\05fd14b2839bba43c50a68dfb1280e4e.php 第 71 行.
NOTIC: [8] Undefined offset: 261 C:\work\juhe\Runtime\Cache\Admin\05fd14b2839bba43c50a68dfb1280e4e.php 第 71 行.
NOTIC: [8] Undefined offset: 261 C:\work\juhe\Runtime\Cache\Admin\05fd14b2839bba43c50a68dfb1280e4e.php 第 72 行.
NOTIC: [2] Use of undefined constant weight - assumed 'weight' (this will throw an Error in a future version of PHP) C:\work\juhe\Runtime\Cache\Admin\05fd14b2839bba43c50a68dfb1280e4e.php 第 76 行.
NOTIC: [8] Undefined offset: 261 C:\work\juhe\Runtime\Cache\Admin\05fd14b2839bba43c50a68dfb1280e4e.php 第 76 行.
NOTIC: [2] Use of undefined constant pid - assumed 'pid' (this will throw an Error in a future version of PHP) C:\work\juhe\Runtime\Cache\Admin\05fd14b2839bba43c50a68dfb1280e4e.php 第 71 行.
NOTIC: [8] Undefined offset: 262 C:\work\juhe\Runtime\Cache\Admin\05fd14b2839bba43c50a68dfb1280e4e.php 第 71 行.
NOTIC: [8] Undefined offset: 262 C:\work\juhe\Runtime\Cache\Admin\05fd14b2839bba43c50a68dfb1280e4e.php 第 72 行.
NOTIC: [2] Use of undefined constant weight - assumed 'weight' (this will throw an Error in a future version of PHP) C:\work\juhe\Runtime\Cache\Admin\05fd14b2839bba43c50a68dfb1280e4e.php 第 76 行.
NOTIC: [8] Undefined offset: 262 C:\work\juhe\Runtime\Cache\Admin\05fd14b2839bba43c50a68dfb1280e4e.php 第 76 行.
NOTIC: [2] Use of undefined constant polling - assumed 'polling' (this will throw an Error in a future version of PHP) C:\work\juhe\Runtime\Cache\Admin\05fd14b2839bba43c50a68dfb1280e4e.php 第 49 行.
NOTIC: [2] Use of undefined constant polling - assumed 'polling' (this will throw an Error in a future version of PHP) C:\work\juhe\Runtime\Cache\Admin\05fd14b2839bba43c50a68dfb1280e4e.php 第 52 行.
NOTIC: [2] Use of undefined constant channel - assumed 'channel' (this will throw an Error in a future version of PHP) C:\work\juhe\Runtime\Cache\Admin\05fd14b2839bba43c50a68dfb1280e4e.php 第 57 行.
NOTIC: [2] Use of undefined constant id - assumed 'id' (this will throw an Error in a future version of PHP) C:\work\juhe\Runtime\Cache\Admin\05fd14b2839bba43c50a68dfb1280e4e.php 第 57 行.
NOTIC: [2] Use of undefined constant pid - assumed 'pid' (this will throw an Error in a future version of PHP) C:\work\juhe\Runtime\Cache\Admin\05fd14b2839bba43c50a68dfb1280e4e.php 第 71 行.
NOTIC: [8] Undefined offset: 264 C:\work\juhe\Runtime\Cache\Admin\05fd14b2839bba43c50a68dfb1280e4e.php 第 71 行.
NOTIC: [8] Undefined offset: 264 C:\work\juhe\Runtime\Cache\Admin\05fd14b2839bba43c50a68dfb1280e4e.php 第 72 行.
NOTIC: [2] Use of undefined constant weight - assumed 'weight' (this will throw an Error in a future version of PHP) C:\work\juhe\Runtime\Cache\Admin\05fd14b2839bba43c50a68dfb1280e4e.php 第 76 行.
NOTIC: [8] Undefined offset: 264 C:\work\juhe\Runtime\Cache\Admin\05fd14b2839bba43c50a68dfb1280e4e.php 第 76 行.
INFO: Run Behavior\ParseTemplateBehavior [ RunTime:0.008241s ]
INFO: [ view_parse ] --END-- [ RunTime:0.008271s ]
INFO: [ view_filter ] --START--
INFO: Run Behavior\WriteHtmlCacheBehavior [ RunTime:0.002109s ]
INFO: Run Behavior\TokenBuildBehavior [ RunTime:0.001548s ]
INFO: [ view_filter ] --END-- [ RunTime:0.003752s ]
INFO: [ app_end ] --START--
INFO: Run Behavior\ShowPageTraceBehavior [ RunTime:0.000984s ]
INFO: [ app_end ] --END-- [ RunTime:0.001021s ]

