[ 2018-11-21T15:25:17+08:00 ] 127.0.0.1 /manage
INFO: [ app_init ] --START--
INFO: Run Behavior\BuildLiteBehavior [ RunTime:0.000006s ]
INFO: [ app_init ] --END-- [ RunTime:0.000032s ]
INFO: [ app_begin ] --START--
INFO: Run Behavior\ReadHtmlCacheBehavior [ RunTime:0.000797s ]
INFO: Run Behavior\CheckLangBehavior [ RunTime:0.004207s ]
INFO: [ app_begin ] --END-- [ RunTime:0.005188s ]
SQL: SHOW COLUMNS FROM `pay_admin` [ RunTime:0.0010s ]
SQL: SELECT `groupid` FROM `pay_admin` WHERE `id` = 1 LIMIT 1   [ RunTime:0.0004s ]
SQL: SHOW COLUMNS FROM `pay_websiteconfig` [ RunTime:0.0009s ]
SQL: SELECT * FROM `pay_websiteconfig` LIMIT 1   [ RunTime:0.0004s ]
SQL: SELECT `session_random` FROM `pay_admin` WHERE `id` = 1 LIMIT 1   [ RunTime:0.0003s ]
SQL: SHOW COLUMNS FROM `pay_member_agent_cate` [ RunTime:0.0006s ]
SQL: SELECT * FROM `pay_member_agent_cate`  [ RunTime:0.0019s ]
SQL: SHOW COLUMNS FROM `pay_auth_group_access` [ RunTime:0.0008s ]
SQL: SELECT b.rules FROM pay_auth_group_access a LEFT JOIN pay_auth_group b ON b.id=a.group_id  WHERE a.uid = '1'  [ RunTime:0.0005s ]
SQL: SHOW COLUMNS FROM `pay_auth_rule` [ RunTime:0.0007s ]
SQL: SELECT * FROM `pay_auth_rule` WHERE `id` IN ('1','49','2','3','51','4','57','5','55','56','58','59','6','44','52','53','48','70','54','7','8','60','61','62','9','63','64','65','66','10','67','68','69','11','12','79','80','81','82','83','84','85','86','87','88','89','90','91','93','94','95','96','97','98','99','100','101','13','14','15','92','16','73','76','77','78','17','18','19','75','20','21','74','22','23','24','25','26','46','27','28','108','29','102','30','103','107','104','105','109','110','111','31','32','33','34','35','36','37','38','39','40','41','42','45','47','116','117','118') AND `is_menu` = 1 AND `status` = 1  [ RunTime:0.0009s ]
SQL: SHOW COLUMNS FROM `pay_websiteconfig` [ RunTime:0.0008s ]
SQL: SELECT `withdraw` FROM `pay_websiteconfig` LIMIT 1   [ RunTime:0.0003s ]
INFO: [ view_parse ] --START--
INFO: [ template_filter ] --START--
INFO: Run Behavior\ContentReplaceBehavior [ RunTime:0.000031s ]
INFO: [ template_filter ] --END-- [ RunTime:0.000053s ]
NOTIC: [2] Use of undefined constant menu_name - assumed 'menu_name' (this will throw an Error in a future version of PHP) C:\work\juhe\Runtime\Cache\Admin\b595b808c2ebeeeb0478ffc30bb4e87a.php 第 44 行.
NOTIC: [2] Use of undefined constant menu_name - assumed 'menu_name' (this will throw an Error in a future version of PHP) C:\work\juhe\Runtime\Cache\Admin\b595b808c2ebeeeb0478ffc30bb4e87a.php 第 44 行.
NOTIC: [2] Use of undefined constant menu_name - assumed 'menu_name' (this will throw an Error in a future version of PHP) C:\work\juhe\Runtime\Cache\Admin\b595b808c2ebeeeb0478ffc30bb4e87a.php 第 44 行.
NOTIC: [2] Use of undefined constant menu_name - assumed 'menu_name' (this will throw an Error in a future version of PHP) C:\work\juhe\Runtime\Cache\Admin\b595b808c2ebeeeb0478ffc30bb4e87a.php 第 44 行.
NOTIC: [2] Use of undefined constant menu_name - assumed 'menu_name' (this will throw an Error in a future version of PHP) C:\work\juhe\Runtime\Cache\Admin\b595b808c2ebeeeb0478ffc30bb4e87a.php 第 44 行.
NOTIC: [2] Use of undefined constant menu_name - assumed 'menu_name' (this will throw an Error in a future version of PHP) C:\work\juhe\Runtime\Cache\Admin\b595b808c2ebeeeb0478ffc30bb4e87a.php 第 44 行.
NOTIC: [2] Use of undefined constant menu_name - assumed 'menu_name' (this will throw an Error in a future version of PHP) C:\work\juhe\Runtime\Cache\Admin\b595b808c2ebeeeb0478ffc30bb4e87a.php 第 44 行.
NOTIC: [2] Use of undefined constant menu_name - assumed 'menu_name' (this will throw an Error in a future version of PHP) C:\work\juhe\Runtime\Cache\Admin\b595b808c2ebeeeb0478ffc30bb4e87a.php 第 44 行.
NOTIC: [2] Use of undefined constant menu_name - assumed 'menu_name' (this will throw an Error in a future version of PHP) C:\work\juhe\Runtime\Cache\Admin\b595b808c2ebeeeb0478ffc30bb4e87a.php 第 44 行.
NOTIC: [2] Use of undefined constant menu_name - assumed 'menu_name' (this will throw an Error in a future version of PHP) C:\work\juhe\Runtime\Cache\Admin\b595b808c2ebeeeb0478ffc30bb4e87a.php 第 44 行.
NOTIC: [2] Use of undefined constant menu_name - assumed 'menu_name' (this will throw an Error in a future version of PHP) C:\work\juhe\Runtime\Cache\Admin\b595b808c2ebeeeb0478ffc30bb4e87a.php 第 44 行.
NOTIC: [2] Use of undefined constant menu_name - assumed 'menu_name' (this will throw an Error in a future version of PHP) C:\work\juhe\Runtime\Cache\Admin\b595b808c2ebeeeb0478ffc30bb4e87a.php 第 44 行.
NOTIC: [2] Use of undefined constant menu_name - assumed 'menu_name' (this will throw an Error in a future version of PHP) C:\work\juhe\Runtime\Cache\Admin\b595b808c2ebeeeb0478ffc30bb4e87a.php 第 44 行.
NOTIC: [2] Use of undefined constant menu_name - assumed 'menu_name' (this will throw an Error in a future version of PHP) C:\work\juhe\Runtime\Cache\Admin\b595b808c2ebeeeb0478ffc30bb4e87a.php 第 44 行.
NOTIC: [2] Use of undefined constant menu_name - assumed 'menu_name' (this will throw an Error in a future version of PHP) C:\work\juhe\Runtime\Cache\Admin\b595b808c2ebeeeb0478ffc30bb4e87a.php 第 44 行.
NOTIC: [2] Use of undefined constant menu_name - assumed 'menu_name' (this will throw an Error in a future version of PHP) C:\work\juhe\Runtime\Cache\Admin\b595b808c2ebeeeb0478ffc30bb4e87a.php 第 44 行.
NOTIC: [2] Use of undefined constant menu_name - assumed 'menu_name' (this will throw an Error in a future version of PHP) C:\work\juhe\Runtime\Cache\Admin\b595b808c2ebeeeb0478ffc30bb4e87a.php 第 44 行.
NOTIC: [2] Use of undefined constant menu_name - assumed 'menu_name' (this will throw an Error in a future version of PHP) C:\work\juhe\Runtime\Cache\Admin\b595b808c2ebeeeb0478ffc30bb4e87a.php 第 44 行.
NOTIC: [2] Use of undefined constant menu_name - assumed 'menu_name' (this will throw an Error in a future version of PHP) C:\work\juhe\Runtime\Cache\Admin\b595b808c2ebeeeb0478ffc30bb4e87a.php 第 44 行.
NOTIC: [2] Use of undefined constant menu_name - assumed 'menu_name' (this will throw an Error in a future version of PHP) C:\work\juhe\Runtime\Cache\Admin\b595b808c2ebeeeb0478ffc30bb4e87a.php 第 44 行.
NOTIC: [2] Use of undefined constant menu_name - assumed 'menu_name' (this will throw an Error in a future version of PHP) C:\work\juhe\Runtime\Cache\Admin\b595b808c2ebeeeb0478ffc30bb4e87a.php 第 44 行.
NOTIC: [2] Use of undefined constant menu_name - assumed 'menu_name' (this will throw an Error in a future version of PHP) C:\work\juhe\Runtime\Cache\Admin\b595b808c2ebeeeb0478ffc30bb4e87a.php 第 44 行.
NOTIC: [2] Use of undefined constant menu_name - assumed 'menu_name' (this will throw an Error in a future version of PHP) C:\work\juhe\Runtime\Cache\Admin\b595b808c2ebeeeb0478ffc30bb4e87a.php 第 44 行.
NOTIC: [2] Use of undefined constant menu_name - assumed 'menu_name' (this will throw an Error in a future version of PHP) C:\work\juhe\Runtime\Cache\Admin\b595b808c2ebeeeb0478ffc30bb4e87a.php 第 44 行.
NOTIC: [2] Use of undefined constant menu_name - assumed 'menu_name' (this will throw an Error in a future version of PHP) C:\work\juhe\Runtime\Cache\Admin\b595b808c2ebeeeb0478ffc30bb4e87a.php 第 44 行.
NOTIC: [2] Use of undefined constant menu_name - assumed 'menu_name' (this will throw an Error in a future version of PHP) C:\work\juhe\Runtime\Cache\Admin\b595b808c2ebeeeb0478ffc30bb4e87a.php 第 44 行.
NOTIC: [2] Use of undefined constant menu_name - assumed 'menu_name' (this will throw an Error in a future version of PHP) C:\work\juhe\Runtime\Cache\Admin\b595b808c2ebeeeb0478ffc30bb4e87a.php 第 44 行.
NOTIC: [2] Use of undefined constant menu_name - assumed 'menu_name' (this will throw an Error in a future version of PHP) C:\work\juhe\Runtime\Cache\Admin\b595b808c2ebeeeb0478ffc30bb4e87a.php 第 44 行.
NOTIC: [2] Use of undefined constant menu_name - assumed 'menu_name' (this will throw an Error in a future version of PHP) C:\work\juhe\Runtime\Cache\Admin\b595b808c2ebeeeb0478ffc30bb4e87a.php 第 44 行.
NOTIC: [2] Use of undefined constant menu_name - assumed 'menu_name' (this will throw an Error in a future version of PHP) C:\work\juhe\Runtime\Cache\Admin\b595b808c2ebeeeb0478ffc30bb4e87a.php 第 44 行.
NOTIC: [2] Use of undefined constant menu_name - assumed 'menu_name' (this will throw an Error in a future version of PHP) C:\work\juhe\Runtime\Cache\Admin\b595b808c2ebeeeb0478ffc30bb4e87a.php 第 44 行.
NOTIC: [2] Use of undefined constant menu_name - assumed 'menu_name' (this will throw an Error in a future version of PHP) C:\work\juhe\Runtime\Cache\Admin\b595b808c2ebeeeb0478ffc30bb4e87a.php 第 44 行.
NOTIC: [2] Use of undefined constant menu_name - assumed 'menu_name' (this will throw an Error in a future version of PHP) C:\work\juhe\Runtime\Cache\Admin\b595b808c2ebeeeb0478ffc30bb4e87a.php 第 44 行.
NOTIC: [2] Use of undefined constant menu_name - assumed 'menu_name' (this will throw an Error in a future version of PHP) C:\work\juhe\Runtime\Cache\Admin\b595b808c2ebeeeb0478ffc30bb4e87a.php 第 44 行.
NOTIC: [2] Use of undefined constant menu_name - assumed 'menu_name' (this will throw an Error in a future version of PHP) C:\work\juhe\Runtime\Cache\Admin\b595b808c2ebeeeb0478ffc30bb4e87a.php 第 44 行.
NOTIC: [2] Use of undefined constant menu_name - assumed 'menu_name' (this will throw an Error in a future version of PHP) C:\work\juhe\Runtime\Cache\Admin\b595b808c2ebeeeb0478ffc30bb4e87a.php 第 44 行.
NOTIC: [2] Use of undefined constant menu_name - assumed 'menu_name' (this will throw an Error in a future version of PHP) C:\work\juhe\Runtime\Cache\Admin\b595b808c2ebeeeb0478ffc30bb4e87a.php 第 44 行.
NOTIC: [2] Use of undefined constant menu_name - assumed 'menu_name' (this will throw an Error in a future version of PHP) C:\work\juhe\Runtime\Cache\Admin\b595b808c2ebeeeb0478ffc30bb4e87a.php 第 44 行.
NOTIC: [2] Use of undefined constant menu_name - assumed 'menu_name' (this will throw an Error in a future version of PHP) C:\work\juhe\Runtime\Cache\Admin\b595b808c2ebeeeb0478ffc30bb4e87a.php 第 44 行.
NOTIC: [2] Use of undefined constant menu_name - assumed 'menu_name' (this will throw an Error in a future version of PHP) C:\work\juhe\Runtime\Cache\Admin\b595b808c2ebeeeb0478ffc30bb4e87a.php 第 44 行.
NOTIC: [2] Use of undefined constant menu_name - assumed 'menu_name' (this will throw an Error in a future version of PHP) C:\work\juhe\Runtime\Cache\Admin\b595b808c2ebeeeb0478ffc30bb4e87a.php 第 44 行.
NOTIC: [2] Use of undefined constant menu_name - assumed 'menu_name' (this will throw an Error in a future version of PHP) C:\work\juhe\Runtime\Cache\Admin\b595b808c2ebeeeb0478ffc30bb4e87a.php 第 44 行.
NOTIC: [2] Use of undefined constant menu_name - assumed 'menu_name' (this will throw an Error in a future version of PHP) C:\work\juhe\Runtime\Cache\Admin\b595b808c2ebeeeb0478ffc30bb4e87a.php 第 44 行.
INFO: Run Behavior\ParseTemplateBehavior [ RunTime:0.014285s ]
INFO: [ view_parse ] --END-- [ RunTime:0.014362s ]
INFO: [ view_filter ] --START--
INFO: Run Behavior\WriteHtmlCacheBehavior [ RunTime:0.001598s ]
INFO: Run Behavior\TokenBuildBehavior [ RunTime:0.002820s ]
INFO: [ view_filter ] --END-- [ RunTime:0.004499s ]
INFO: [ app_end ] --START--
INFO: Run Behavior\ShowPageTraceBehavior [ RunTime:0.001483s ]
INFO: [ app_end ] --END-- [ RunTime:0.001527s ]

[ 2018-11-21T15:25:17+08:00 ] 127.0.0.1 /manage
INFO: [ app_init ] --START--
INFO: Run Behavior\BuildLiteBehavior [ RunTime:0.000005s ]
INFO: [ app_init ] --END-- [ RunTime:0.000028s ]
INFO: [ app_begin ] --START--
INFO: Run Behavior\ReadHtmlCacheBehavior [ RunTime:0.000912s ]
INFO: Run Behavior\CheckLangBehavior [ RunTime:0.001550s ]
INFO: [ app_begin ] --END-- [ RunTime:0.002509s ]
SQL: SHOW COLUMNS FROM `pay_admin` [ RunTime:0.0026s ]
SQL: SELECT `groupid` FROM `pay_admin` WHERE `id` = 1 LIMIT 1   [ RunTime:0.0015s ]
SQL: SHOW COLUMNS FROM `pay_websiteconfig` [ RunTime:0.0015s ]
SQL: SELECT * FROM `pay_websiteconfig` LIMIT 1   [ RunTime:0.0007s ]
SQL: SELECT `session_random` FROM `pay_admin` WHERE `id` = 1 LIMIT 1   [ RunTime:0.0005s ]
SQL: SHOW COLUMNS FROM `pay_member_agent_cate` [ RunTime:0.0008s ]
SQL: SELECT * FROM `pay_member_agent_cate`  [ RunTime:0.0005s ]
SQL: SHOW COLUMNS FROM `pay_auth_group_access` [ RunTime:0.0008s ]
SQL: SELECT b.rules FROM pay_auth_group_access a LEFT JOIN pay_auth_group b ON b.id=a.group_id  WHERE a.uid = '1'  [ RunTime:0.0007s ]
SQL: SHOW COLUMNS FROM `pay_auth_rule` [ RunTime:0.0009s ]
SQL: SELECT * FROM `pay_auth_rule` WHERE `id` IN ('1','49','2','3','51','4','57','5','55','56','58','59','6','44','52','53','48','70','54','7','8','60','61','62','9','63','64','65','66','10','67','68','69','11','12','79','80','81','82','83','84','85','86','87','88','89','90','91','93','94','95','96','97','98','99','100','101','13','14','15','92','16','73','76','77','78','17','18','19','75','20','21','74','22','23','24','25','26','46','27','28','108','29','102','30','103','107','104','105','109','110','111','31','32','33','34','35','36','37','38','39','40','41','42','45','47','116','117','118') AND `is_menu` = 1 AND `status` = 1  [ RunTime:0.0010s ]
SQL: SHOW COLUMNS FROM `pay_websiteconfig` [ RunTime:0.0015s ]
SQL: SELECT `withdraw` FROM `pay_websiteconfig` LIMIT 1   [ RunTime:0.0004s ]
INFO: [ view_parse ] --START--
INFO: [ template_filter ] --START--
INFO: Run Behavior\ContentReplaceBehavior [ RunTime:0.000047s ]
INFO: [ template_filter ] --END-- [ RunTime:0.000092s ]
NOTIC: [2] Use of undefined constant menu_name - assumed 'menu_name' (this will throw an Error in a future version of PHP) C:\work\juhe\Runtime\Cache\Admin\b595b808c2ebeeeb0478ffc30bb4e87a.php 第 44 行.
NOTIC: [2] Use of undefined constant menu_name - assumed 'menu_name' (this will throw an Error in a future version of PHP) C:\work\juhe\Runtime\Cache\Admin\b595b808c2ebeeeb0478ffc30bb4e87a.php 第 44 行.
NOTIC: [2] Use of undefined constant menu_name - assumed 'menu_name' (this will throw an Error in a future version of PHP) C:\work\juhe\Runtime\Cache\Admin\b595b808c2ebeeeb0478ffc30bb4e87a.php 第 44 行.
NOTIC: [2] Use of undefined constant menu_name - assumed 'menu_name' (this will throw an Error in a future version of PHP) C:\work\juhe\Runtime\Cache\Admin\b595b808c2ebeeeb0478ffc30bb4e87a.php 第 44 行.
NOTIC: [2] Use of undefined constant menu_name - assumed 'menu_name' (this will throw an Error in a future version of PHP) C:\work\juhe\Runtime\Cache\Admin\b595b808c2ebeeeb0478ffc30bb4e87a.php 第 44 行.
NOTIC: [2] Use of undefined constant menu_name - assumed 'menu_name' (this will throw an Error in a future version of PHP) C:\work\juhe\Runtime\Cache\Admin\b595b808c2ebeeeb0478ffc30bb4e87a.php 第 44 行.
NOTIC: [2] Use of undefined constant menu_name - assumed 'menu_name' (this will throw an Error in a future version of PHP) C:\work\juhe\Runtime\Cache\Admin\b595b808c2ebeeeb0478ffc30bb4e87a.php 第 44 行.
NOTIC: [2] Use of undefined constant menu_name - assumed 'menu_name' (this will throw an Error in a future version of PHP) C:\work\juhe\Runtime\Cache\Admin\b595b808c2ebeeeb0478ffc30bb4e87a.php 第 44 行.
NOTIC: [2] Use of undefined constant menu_name - assumed 'menu_name' (this will throw an Error in a future version of PHP) C:\work\juhe\Runtime\Cache\Admin\b595b808c2ebeeeb0478ffc30bb4e87a.php 第 44 行.
NOTIC: [2] Use of undefined constant menu_name - assumed 'menu_name' (this will throw an Error in a future version of PHP) C:\work\juhe\Runtime\Cache\Admin\b595b808c2ebeeeb0478ffc30bb4e87a.php 第 44 行.
NOTIC: [2] Use of undefined constant menu_name - assumed 'menu_name' (this will throw an Error in a future version of PHP) C:\work\juhe\Runtime\Cache\Admin\b595b808c2ebeeeb0478ffc30bb4e87a.php 第 44 行.
NOTIC: [2] Use of undefined constant menu_name - assumed 'menu_name' (this will throw an Error in a future version of PHP) C:\work\juhe\Runtime\Cache\Admin\b595b808c2ebeeeb0478ffc30bb4e87a.php 第 44 行.
NOTIC: [2] Use of undefined constant menu_name - assumed 'menu_name' (this will throw an Error in a future version of PHP) C:\work\juhe\Runtime\Cache\Admin\b595b808c2ebeeeb0478ffc30bb4e87a.php 第 44 行.
NOTIC: [2] Use of undefined constant menu_name - assumed 'menu_name' (this will throw an Error in a future version of PHP) C:\work\juhe\Runtime\Cache\Admin\b595b808c2ebeeeb0478ffc30bb4e87a.php 第 44 行.
NOTIC: [2] Use of undefined constant menu_name - assumed 'menu_name' (this will throw an Error in a future version of PHP) C:\work\juhe\Runtime\Cache\Admin\b595b808c2ebeeeb0478ffc30bb4e87a.php 第 44 行.
NOTIC: [2] Use of undefined constant menu_name - assumed 'menu_name' (this will throw an Error in a future version of PHP) C:\work\juhe\Runtime\Cache\Admin\b595b808c2ebeeeb0478ffc30bb4e87a.php 第 44 行.
NOTIC: [2] Use of undefined constant menu_name - assumed 'menu_name' (this will throw an Error in a future version of PHP) C:\work\juhe\Runtime\Cache\Admin\b595b808c2ebeeeb0478ffc30bb4e87a.php 第 44 行.
NOTIC: [2] Use of undefined constant menu_name - assumed 'menu_name' (this will throw an Error in a future version of PHP) C:\work\juhe\Runtime\Cache\Admin\b595b808c2ebeeeb0478ffc30bb4e87a.php 第 44 行.
NOTIC: [2] Use of undefined constant menu_name - assumed 'menu_name' (this will throw an Error in a future version of PHP) C:\work\juhe\Runtime\Cache\Admin\b595b808c2ebeeeb0478ffc30bb4e87a.php 第 44 行.
NOTIC: [2] Use of undefined constant menu_name - assumed 'menu_name' (this will throw an Error in a future version of PHP) C:\work\juhe\Runtime\Cache\Admin\b595b808c2ebeeeb0478ffc30bb4e87a.php 第 44 行.
NOTIC: [2] Use of undefined constant menu_name - assumed 'menu_name' (this will throw an Error in a future version of PHP) C:\work\juhe\Runtime\Cache\Admin\b595b808c2ebeeeb0478ffc30bb4e87a.php 第 44 行.
NOTIC: [2] Use of undefined constant menu_name - assumed 'menu_name' (this will throw an Error in a future version of PHP) C:\work\juhe\Runtime\Cache\Admin\b595b808c2ebeeeb0478ffc30bb4e87a.php 第 44 行.
NOTIC: [2] Use of undefined constant menu_name - assumed 'menu_name' (this will throw an Error in a future version of PHP) C:\work\juhe\Runtime\Cache\Admin\b595b808c2ebeeeb0478ffc30bb4e87a.php 第 44 行.
NOTIC: [2] Use of undefined constant menu_name - assumed 'menu_name' (this will throw an Error in a future version of PHP) C:\work\juhe\Runtime\Cache\Admin\b595b808c2ebeeeb0478ffc30bb4e87a.php 第 44 行.
NOTIC: [2] Use of undefined constant menu_name - assumed 'menu_name' (this will throw an Error in a future version of PHP) C:\work\juhe\Runtime\Cache\Admin\b595b808c2ebeeeb0478ffc30bb4e87a.php 第 44 行.
NOTIC: [2] Use of undefined constant menu_name - assumed 'menu_name' (this will throw an Error in a future version of PHP) C:\work\juhe\Runtime\Cache\Admin\b595b808c2ebeeeb0478ffc30bb4e87a.php 第 44 行.
NOTIC: [2] Use of undefined constant menu_name - assumed 'menu_name' (this will throw an Error in a future version of PHP) C:\work\juhe\Runtime\Cache\Admin\b595b808c2ebeeeb0478ffc30bb4e87a.php 第 44 行.
NOTIC: [2] Use of undefined constant menu_name - assumed 'menu_name' (this will throw an Error in a future version of PHP) C:\work\juhe\Runtime\Cache\Admin\b595b808c2ebeeeb0478ffc30bb4e87a.php 第 44 行.
NOTIC: [2] Use of undefined constant menu_name - assumed 'menu_name' (this will throw an Error in a future version of PHP) C:\work\juhe\Runtime\Cache\Admin\b595b808c2ebeeeb0478ffc30bb4e87a.php 第 44 行.
NOTIC: [2] Use of undefined constant menu_name - assumed 'menu_name' (this will throw an Error in a future version of PHP) C:\work\juhe\Runtime\Cache\Admin\b595b808c2ebeeeb0478ffc30bb4e87a.php 第 44 行.
NOTIC: [2] Use of undefined constant menu_name - assumed 'menu_name' (this will throw an Error in a future version of PHP) C:\work\juhe\Runtime\Cache\Admin\b595b808c2ebeeeb0478ffc30bb4e87a.php 第 44 行.
NOTIC: [2] Use of undefined constant menu_name - assumed 'menu_name' (this will throw an Error in a future version of PHP) C:\work\juhe\Runtime\Cache\Admin\b595b808c2ebeeeb0478ffc30bb4e87a.php 第 44 行.
NOTIC: [2] Use of undefined constant menu_name - assumed 'menu_name' (this will throw an Error in a future version of PHP) C:\work\juhe\Runtime\Cache\Admin\b595b808c2ebeeeb0478ffc30bb4e87a.php 第 44 行.
NOTIC: [2] Use of undefined constant menu_name - assumed 'menu_name' (this will throw an Error in a future version of PHP) C:\work\juhe\Runtime\Cache\Admin\b595b808c2ebeeeb0478ffc30bb4e87a.php 第 44 行.
NOTIC: [2] Use of undefined constant menu_name - assumed 'menu_name' (this will throw an Error in a future version of PHP) C:\work\juhe\Runtime\Cache\Admin\b595b808c2ebeeeb0478ffc30bb4e87a.php 第 44 行.
NOTIC: [2] Use of undefined constant menu_name - assumed 'menu_name' (this will throw an Error in a future version of PHP) C:\work\juhe\Runtime\Cache\Admin\b595b808c2ebeeeb0478ffc30bb4e87a.php 第 44 行.
NOTIC: [2] Use of undefined constant menu_name - assumed 'menu_name' (this will throw an Error in a future version of PHP) C:\work\juhe\Runtime\Cache\Admin\b595b808c2ebeeeb0478ffc30bb4e87a.php 第 44 行.
NOTIC: [2] Use of undefined constant menu_name - assumed 'menu_name' (this will throw an Error in a future version of PHP) C:\work\juhe\Runtime\Cache\Admin\b595b808c2ebeeeb0478ffc30bb4e87a.php 第 44 行.
NOTIC: [2] Use of undefined constant menu_name - assumed 'menu_name' (this will throw an Error in a future version of PHP) C:\work\juhe\Runtime\Cache\Admin\b595b808c2ebeeeb0478ffc30bb4e87a.php 第 44 行.
NOTIC: [2] Use of undefined constant menu_name - assumed 'menu_name' (this will throw an Error in a future version of PHP) C:\work\juhe\Runtime\Cache\Admin\b595b808c2ebeeeb0478ffc30bb4e87a.php 第 44 行.
NOTIC: [2] Use of undefined constant menu_name - assumed 'menu_name' (this will throw an Error in a future version of PHP) C:\work\juhe\Runtime\Cache\Admin\b595b808c2ebeeeb0478ffc30bb4e87a.php 第 44 行.
NOTIC: [2] Use of undefined constant menu_name - assumed 'menu_name' (this will throw an Error in a future version of PHP) C:\work\juhe\Runtime\Cache\Admin\b595b808c2ebeeeb0478ffc30bb4e87a.php 第 44 行.
NOTIC: [2] Use of undefined constant menu_name - assumed 'menu_name' (this will throw an Error in a future version of PHP) C:\work\juhe\Runtime\Cache\Admin\b595b808c2ebeeeb0478ffc30bb4e87a.php 第 44 行.
INFO: Run Behavior\ParseTemplateBehavior [ RunTime:0.015183s ]
INFO: [ view_parse ] --END-- [ RunTime:0.015216s ]
INFO: [ view_filter ] --START--
INFO: Run Behavior\WriteHtmlCacheBehavior [ RunTime:0.000780s ]
INFO: Run Behavior\TokenBuildBehavior [ RunTime:0.002723s ]
INFO: [ view_filter ] --END-- [ RunTime:0.003588s ]
INFO: [ app_end ] --START--
INFO: Run Behavior\ShowPageTraceBehavior [ RunTime:0.001260s ]
INFO: [ app_end ] --END-- [ RunTime:0.001297s ]

[ 2018-11-21T15:25:17+08:00 ] 127.0.0.1 /manage_Index_main.html
INFO: [ app_init ] --START--
INFO: Run Behavior\BuildLiteBehavior [ RunTime:0.000008s ]
INFO: [ app_init ] --END-- [ RunTime:0.000044s ]
INFO: [ app_begin ] --START--
INFO: Run Behavior\ReadHtmlCacheBehavior [ RunTime:0.000954s ]
INFO: Run Behavior\CheckLangBehavior [ RunTime:0.001122s ]
INFO: [ app_begin ] --END-- [ RunTime:0.002134s ]
SQL: SHOW COLUMNS FROM `pay_admin` [ RunTime:0.0011s ]
SQL: SELECT `groupid` FROM `pay_admin` WHERE `id` = 1 LIMIT 1   [ RunTime:0.0004s ]
SQL: SHOW COLUMNS FROM `pay_websiteconfig` [ RunTime:0.0009s ]
SQL: SELECT * FROM `pay_websiteconfig` LIMIT 1   [ RunTime:0.0005s ]
SQL: SELECT `session_random` FROM `pay_admin` WHERE `id` = 1 LIMIT 1   [ RunTime:0.0003s ]
SQL: SHOW COLUMNS FROM `pay_member_agent_cate` [ RunTime:0.0007s ]
SQL: SELECT * FROM `pay_member_agent_cate`  [ RunTime:0.0005s ]
SQL: SHOW COLUMNS FROM `pay_auth_group_access` [ RunTime:0.0007s ]
SQL: SELECT b.rules FROM pay_auth_group_access a LEFT JOIN pay_auth_group b ON b.id=a.group_id  WHERE a.uid = '1'  [ RunTime:0.0006s ]
SQL: SHOW COLUMNS FROM `pay_auth_rule` [ RunTime:0.0022s ]
SQL: SELECT * FROM `pay_auth_rule` WHERE `id` IN ('1','49','2','3','51','4','57','5','55','56','58','59','6','44','52','53','48','70','54','7','8','60','61','62','9','63','64','65','66','10','67','68','69','11','12','79','80','81','82','83','84','85','86','87','88','89','90','91','93','94','95','96','97','98','99','100','101','13','14','15','92','16','73','76','77','78','17','18','19','75','20','21','74','22','23','24','25','26','46','27','28','108','29','102','30','103','107','104','105','109','110','111','31','32','33','34','35','36','37','38','39','40','41','42','45','47','116','117','118') AND `is_menu` = 1 AND `status` = 1  [ RunTime:0.0022s ]
SQL: SHOW COLUMNS FROM `pay_order` [ RunTime:0.0021s ]
SQL: SELECT sum(`pay_amount`) amount,sum(`pay_poundage`) rate,sum(`pay_actualamount`) total FROM `pay_order` WHERE `pay_status` BETWEEN 1 AND 2 AND `pay_successdate` BETWEEN 1542729600 AND 1542816000 LIMIT 1   [ RunTime:0.0008s ]
SQL: SELECT COUNT(*) AS tp_count FROM `pay_order` WHERE `pay_status` BETWEEN 1 AND 2 AND `pay_successdate` BETWEEN 1542729600 AND 1542816000 LIMIT 1   [ RunTime:0.0006s ]
SQL: select COUNT(id) as num,SUM(pay_amount) AS amount,SUM(pay_poundage) AS rate,SUM(pay_actualamount) AS total from pay_order where  1=1 and pay_status>=1 and DATE_SUB(CURDATE(), INTERVAL 7 DAY) <= date(FROM_UNIXTIME(pay_successdate,'%Y-%m-%d')) and pay_successdate>=1542180317;  [ RunTime:0.0015s ]
SQL: select FROM_UNIXTIME(pay_successdate,'%Y年-%m月') AS month,SUM(pay_amount) AS amount,SUM(pay_poundage) AS rate,SUM(pay_actualamount) AS total from pay_order where  1=1 and pay_status>=1 and pay_successdate>=1514736000 GROUP BY month;   [ RunTime:0.0007s ]
INFO: [ view_parse ] --START--
INFO: [ template_filter ] --START--
INFO: Run Behavior\ContentReplaceBehavior [ RunTime:0.000035s ]
INFO: [ template_filter ] --END-- [ RunTime:0.000062s ]
INFO: Run Behavior\ParseTemplateBehavior [ RunTime:0.010888s ]
INFO: [ view_parse ] --END-- [ RunTime:0.010917s ]
INFO: [ view_filter ] --START--
INFO: Run Behavior\WriteHtmlCacheBehavior [ RunTime:0.000535s ]
INFO: Run Behavior\TokenBuildBehavior [ RunTime:0.001294s ]
INFO: [ view_filter ] --END-- [ RunTime:0.001884s ]
INFO: [ app_end ] --START--
INFO: Run Behavior\ShowPageTraceBehavior [ RunTime:0.001149s ]
INFO: [ app_end ] --END-- [ RunTime:0.001193s ]

[ 2018-11-21T15:25:26+08:00 ] 127.0.0.1 /manage_User_index_status_1_authorized_1.html
INFO: [ app_init ] --START--
INFO: Run Behavior\BuildLiteBehavior [ RunTime:0.000006s ]
INFO: [ app_init ] --END-- [ RunTime:0.000029s ]
INFO: [ app_begin ] --START--
INFO: Run Behavior\ReadHtmlCacheBehavior [ RunTime:0.000710s ]
INFO: Run Behavior\CheckLangBehavior [ RunTime:0.001271s ]
INFO: [ app_begin ] --END-- [ RunTime:0.002045s ]
SQL: SHOW COLUMNS FROM `pay_admin` [ RunTime:0.0007s ]
SQL: SELECT `groupid` FROM `pay_admin` WHERE `id` = 1 LIMIT 1   [ RunTime:0.0003s ]
SQL: SHOW COLUMNS FROM `pay_websiteconfig` [ RunTime:0.0008s ]
SQL: SELECT * FROM `pay_websiteconfig` LIMIT 1   [ RunTime:0.0004s ]
SQL: SELECT `session_random` FROM `pay_admin` WHERE `id` = 1 LIMIT 1   [ RunTime:0.0003s ]
SQL: SHOW COLUMNS FROM `pay_member_agent_cate` [ RunTime:0.0005s ]
SQL: SELECT * FROM `pay_member_agent_cate`  [ RunTime:0.0003s ]
SQL: SHOW COLUMNS FROM `pay_auth_group_access` [ RunTime:0.0005s ]
SQL: SELECT b.rules FROM pay_auth_group_access a LEFT JOIN pay_auth_group b ON b.id=a.group_id  WHERE a.uid = '1'  [ RunTime:0.0005s ]
SQL: SHOW COLUMNS FROM `pay_auth_rule` [ RunTime:0.0009s ]
SQL: SELECT * FROM `pay_auth_rule` WHERE `id` IN ('1','49','2','3','51','4','57','5','55','56','58','59','6','44','52','53','48','70','54','7','8','60','61','62','9','63','64','65','66','10','67','68','69','11','12','79','80','81','82','83','84','85','86','87','88','89','90','91','93','94','95','96','97','98','99','100','101','13','14','15','92','16','73','76','77','78','17','18','19','75','20','21','74','22','23','24','25','26','46','27','28','108','29','102','30','103','107','104','105','109','110','111','31','32','33','34','35','36','37','38','39','40','41','42','45','47','116','117','118') AND `is_menu` = 1 AND `status` = 1  [ RunTime:0.0008s ]
SQL: SHOW COLUMNS FROM `pay_channel` [ RunTime:0.0019s ]
SQL: SELECT `id`,`code`,`title`,`paytype`,`status` FROM `pay_channel` WHERE `status` = 1  [ RunTime:0.0004s ]
SQL: SHOW COLUMNS FROM `pay_member` [ RunTime:0.0008s ]
SQL: SELECT COUNT(*) AS tp_count FROM `pay_member` WHERE `status` = 1 AND `groupid` = 4 LIMIT 1   [ RunTime:0.0004s ]
SQL: SELECT COUNT(*) AS tp_count FROM `pay_member` WHERE `status` = 1 AND `groupid` > 4 LIMIT 1   [ RunTime:0.0003s ]
SQL: SELECT SUM(balance) AS tp_sum FROM `pay_member` WHERE `status` = 1 LIMIT 1   [ RunTime:0.0003s ]
SQL: SELECT SUM(blockedbalance) AS tp_sum FROM `pay_member` WHERE `status` = 1 LIMIT 1   [ RunTime:0.0003s ]
SQL: SHOW COLUMNS FROM `pay_complaints_deposit` [ RunTime:0.0007s ]
SQL: SELECT SUM(freeze_money) AS tp_sum FROM `pay_complaints_deposit` WHERE `status` = 0 LIMIT 1   [ RunTime:0.0013s ]
SQL: SELECT SUM(freeze_money) AS tp_sum FROM `pay_complaints_deposit` WHERE `status` = 1 LIMIT 1   [ RunTime:0.0006s ]
SQL: SELECT COUNT(*) AS tp_count FROM `pay_member` WHERE `status` = 1 AND `authorized` = 1 LIMIT 1   [ RunTime:0.0003s ]
SQL: SELECT * FROM `pay_member` WHERE `status` = 1 AND `authorized` = 1 ORDER BY id desc LIMIT 0,15   [ RunTime:0.0005s ]
SQL: SHOW COLUMNS FROM `pay_complaints_deposit` [ RunTime:0.0006s ]
SQL: select sum(freeze_money) as freeze_money,is_pause from `pay_complaints_deposit` where user_id=90 and status=0 group by is_pause [ RunTime:0.0004s ]
SQL: select sum(freeze_money) as freeze_money,is_pause from `pay_complaints_deposit` where user_id=89 and status=0 group by is_pause [ RunTime:0.0003s ]
SQL: select sum(freeze_money) as freeze_money,is_pause from `pay_complaints_deposit` where user_id=88 and status=0 group by is_pause [ RunTime:0.0004s ]
INFO: [ view_parse ] --START--
INFO: [ template_filter ] --START--
INFO: Run Behavior\ContentReplaceBehavior [ RunTime:0.000055s ]
INFO: [ template_filter ] --END-- [ RunTime:0.000078s ]
NOTIC: [8] Undefined index: username C:\work\juhe\Runtime\Cache\Admin\65e605872ed5d34210f5b33beb13f5a3.php 第 42 行.
NOTIC: [8] Undefined index: parentid C:\work\juhe\Runtime\Cache\Admin\65e605872ed5d34210f5b33beb13f5a3.php 第 48 行.
NOTIC: [2] Use of undefined constant status - assumed 'status' (this will throw an Error in a future version of PHP) C:\work\juhe\Runtime\Cache\Admin\65e605872ed5d34210f5b33beb13f5a3.php 第 96 行.
SQL: SELECT `id`,`username`,`groupid` FROM `pay_member` WHERE ( id=1 ) LIMIT 1   [ RunTime:0.0005s ]
NOTIC: [2] Use of undefined constant id - assumed 'id' (this will throw an Error in a future version of PHP) C:\work\juhe\Runtime\Cache\Admin\65e605872ed5d34210f5b33beb13f5a3.php 第 132 行.
NOTIC: [2] Use of undefined constant authorized - assumed 'authorized' (this will throw an Error in a future version of PHP) C:\work\juhe\Runtime\Cache\Admin\65e605872ed5d34210f5b33beb13f5a3.php 第 133 行.
NOTIC: [2] Use of undefined constant id - assumed 'id' (this will throw an Error in a future version of PHP) C:\work\juhe\Runtime\Cache\Admin\65e605872ed5d34210f5b33beb13f5a3.php 第 158 行.
NOTIC: [2] Use of undefined constant id - assumed 'id' (this will throw an Error in a future version of PHP) C:\work\juhe\Runtime\Cache\Admin\65e605872ed5d34210f5b33beb13f5a3.php 第 161 行.
NOTIC: [2] Use of undefined constant id - assumed 'id' (this will throw an Error in a future version of PHP) C:\work\juhe\Runtime\Cache\Admin\65e605872ed5d34210f5b33beb13f5a3.php 第 164 行.
NOTIC: [2] Use of undefined constant id - assumed 'id' (this will throw an Error in a future version of PHP) C:\work\juhe\Runtime\Cache\Admin\65e605872ed5d34210f5b33beb13f5a3.php 第 166 行.
NOTIC: [2] Use of undefined constant id - assumed 'id' (this will throw an Error in a future version of PHP) C:\work\juhe\Runtime\Cache\Admin\65e605872ed5d34210f5b33beb13f5a3.php 第 169 行.
NOTIC: [2] Use of undefined constant id - assumed 'id' (this will throw an Error in a future version of PHP) C:\work\juhe\Runtime\Cache\Admin\65e605872ed5d34210f5b33beb13f5a3.php 第 172 行.
NOTIC: [2] Use of undefined constant id - assumed 'id' (this will throw an Error in a future version of PHP) C:\work\juhe\Runtime\Cache\Admin\65e605872ed5d34210f5b33beb13f5a3.php 第 175 行.
NOTIC: [2] Use of undefined constant id - assumed 'id' (this will throw an Error in a future version of PHP) C:\work\juhe\Runtime\Cache\Admin\65e605872ed5d34210f5b33beb13f5a3.php 第 178 行.
SQL: SELECT `id`,`username`,`groupid` FROM `pay_member` WHERE ( id=88 ) LIMIT 1   [ RunTime:0.0004s ]
NOTIC: [2] Use of undefined constant id - assumed 'id' (this will throw an Error in a future version of PHP) C:\work\juhe\Runtime\Cache\Admin\65e605872ed5d34210f5b33beb13f5a3.php 第 132 行.
NOTIC: [2] Use of undefined constant authorized - assumed 'authorized' (this will throw an Error in a future version of PHP) C:\work\juhe\Runtime\Cache\Admin\65e605872ed5d34210f5b33beb13f5a3.php 第 133 行.
NOTIC: [2] Use of undefined constant id - assumed 'id' (this will throw an Error in a future version of PHP) C:\work\juhe\Runtime\Cache\Admin\65e605872ed5d34210f5b33beb13f5a3.php 第 158 行.
NOTIC: [2] Use of undefined constant id - assumed 'id' (this will throw an Error in a future version of PHP) C:\work\juhe\Runtime\Cache\Admin\65e605872ed5d34210f5b33beb13f5a3.php 第 161 行.
NOTIC: [2] Use of undefined constant id - assumed 'id' (this will throw an Error in a future version of PHP) C:\work\juhe\Runtime\Cache\Admin\65e605872ed5d34210f5b33beb13f5a3.php 第 164 行.
NOTIC: [2] Use of undefined constant id - assumed 'id' (this will throw an Error in a future version of PHP) C:\work\juhe\Runtime\Cache\Admin\65e605872ed5d34210f5b33beb13f5a3.php 第 166 行.
NOTIC: [2] Use of undefined constant id - assumed 'id' (this will throw an Error in a future version of PHP) C:\work\juhe\Runtime\Cache\Admin\65e605872ed5d34210f5b33beb13f5a3.php 第 169 行.
NOTIC: [2] Use of undefined constant id - assumed 'id' (this will throw an Error in a future version of PHP) C:\work\juhe\Runtime\Cache\Admin\65e605872ed5d34210f5b33beb13f5a3.php 第 172 行.
NOTIC: [2] Use of undefined constant id - assumed 'id' (this will throw an Error in a future version of PHP) C:\work\juhe\Runtime\Cache\Admin\65e605872ed5d34210f5b33beb13f5a3.php 第 175 行.
NOTIC: [2] Use of undefined constant id - assumed 'id' (this will throw an Error in a future version of PHP) C:\work\juhe\Runtime\Cache\Admin\65e605872ed5d34210f5b33beb13f5a3.php 第 178 行.
SQL: SELECT `id`,`username`,`groupid` FROM `pay_member` WHERE ( id=1 ) LIMIT 1   [ RunTime:0.0003s ]
NOTIC: [2] Use of undefined constant id - assumed 'id' (this will throw an Error in a future version of PHP) C:\work\juhe\Runtime\Cache\Admin\65e605872ed5d34210f5b33beb13f5a3.php 第 132 行.
NOTIC: [2] Use of undefined constant authorized - assumed 'authorized' (this will throw an Error in a future version of PHP) C:\work\juhe\Runtime\Cache\Admin\65e605872ed5d34210f5b33beb13f5a3.php 第 133 行.
NOTIC: [2] Use of undefined constant id - assumed 'id' (this will throw an Error in a future version of PHP) C:\work\juhe\Runtime\Cache\Admin\65e605872ed5d34210f5b33beb13f5a3.php 第 158 行.
NOTIC: [2] Use of undefined constant id - assumed 'id' (this will throw an Error in a future version of PHP) C:\work\juhe\Runtime\Cache\Admin\65e605872ed5d34210f5b33beb13f5a3.php 第 161 行.
NOTIC: [2] Use of undefined constant id - assumed 'id' (this will throw an Error in a future version of PHP) C:\work\juhe\Runtime\Cache\Admin\65e605872ed5d34210f5b33beb13f5a3.php 第 164 行.
NOTIC: [2] Use of undefined constant id - assumed 'id' (this will throw an Error in a future version of PHP) C:\work\juhe\Runtime\Cache\Admin\65e605872ed5d34210f5b33beb13f5a3.php 第 166 行.
NOTIC: [2] Use of undefined constant id - assumed 'id' (this will throw an Error in a future version of PHP) C:\work\juhe\Runtime\Cache\Admin\65e605872ed5d34210f5b33beb13f5a3.php 第 169 行.
NOTIC: [2] Use of undefined constant id - assumed 'id' (this will throw an Error in a future version of PHP) C:\work\juhe\Runtime\Cache\Admin\65e605872ed5d34210f5b33beb13f5a3.php 第 172 行.
NOTIC: [2] Use of undefined constant id - assumed 'id' (this will throw an Error in a future version of PHP) C:\work\juhe\Runtime\Cache\Admin\65e605872ed5d34210f5b33beb13f5a3.php 第 175 行.
NOTIC: [2] Use of undefined constant id - assumed 'id' (this will throw an Error in a future version of PHP) C:\work\juhe\Runtime\Cache\Admin\65e605872ed5d34210f5b33beb13f5a3.php 第 178 行.
NOTIC: [2] Use of undefined constant rows - assumed 'rows' (this will throw an Error in a future version of PHP) C:\work\juhe\Runtime\Cache\Admin\65e605872ed5d34210f5b33beb13f5a3.php 第 195 行.
NOTIC: [8] Undefined index: rows C:\work\juhe\Runtime\Cache\Admin\65e605872ed5d34210f5b33beb13f5a3.php 第 195 行.
NOTIC: [2] Use of undefined constant rows - assumed 'rows' (this will throw an Error in a future version of PHP) C:\work\juhe\Runtime\Cache\Admin\65e605872ed5d34210f5b33beb13f5a3.php 第 196 行.
NOTIC: [8] Undefined index: rows C:\work\juhe\Runtime\Cache\Admin\65e605872ed5d34210f5b33beb13f5a3.php 第 196 行.
NOTIC: [2] Use of undefined constant rows - assumed 'rows' (this will throw an Error in a future version of PHP) C:\work\juhe\Runtime\Cache\Admin\65e605872ed5d34210f5b33beb13f5a3.php 第 197 行.
NOTIC: [8] Undefined index: rows C:\work\juhe\Runtime\Cache\Admin\65e605872ed5d34210f5b33beb13f5a3.php 第 197 行.
NOTIC: [2] Use of undefined constant rows - assumed 'rows' (this will throw an Error in a future version of PHP) C:\work\juhe\Runtime\Cache\Admin\65e605872ed5d34210f5b33beb13f5a3.php 第 198 行.
NOTIC: [8] Undefined index: rows C:\work\juhe\Runtime\Cache\Admin\65e605872ed5d34210f5b33beb13f5a3.php 第 198 行.
NOTIC: [2] Use of undefined constant rows - assumed 'rows' (this will throw an Error in a future version of PHP) C:\work\juhe\Runtime\Cache\Admin\65e605872ed5d34210f5b33beb13f5a3.php 第 199 行.
NOTIC: [8] Undefined index: rows C:\work\juhe\Runtime\Cache\Admin\65e605872ed5d34210f5b33beb13f5a3.php 第 199 行.
NOTIC: [2] Use of undefined constant rows - assumed 'rows' (this will throw an Error in a future version of PHP) C:\work\juhe\Runtime\Cache\Admin\65e605872ed5d34210f5b33beb13f5a3.php 第 200 行.
NOTIC: [8] Undefined index: rows C:\work\juhe\Runtime\Cache\Admin\65e605872ed5d34210f5b33beb13f5a3.php 第 200 行.
NOTIC: [2] Use of undefined constant username - assumed 'username' (this will throw an Error in a future version of PHP) C:\work\juhe\Runtime\Cache\Admin\65e605872ed5d34210f5b33beb13f5a3.php 第 408 行.
NOTIC: [8] Undefined index: username C:\work\juhe\Runtime\Cache\Admin\65e605872ed5d34210f5b33beb13f5a3.php 第 408 行.
NOTIC: [2] Use of undefined constant parentid - assumed 'parentid' (this will throw an Error in a future version of PHP) C:\work\juhe\Runtime\Cache\Admin\65e605872ed5d34210f5b33beb13f5a3.php 第 408 行.
NOTIC: [8] Undefined index: parentid C:\work\juhe\Runtime\Cache\Admin\65e605872ed5d34210f5b33beb13f5a3.php 第 408 行.
NOTIC: [2] Use of undefined constant status - assumed 'status' (this will throw an Error in a future version of PHP) C:\work\juhe\Runtime\Cache\Admin\65e605872ed5d34210f5b33beb13f5a3.php 第 408 行.
NOTIC: [2] Use of undefined constant authorized - assumed 'authorized' (this will throw an Error in a future version of PHP) C:\work\juhe\Runtime\Cache\Admin\65e605872ed5d34210f5b33beb13f5a3.php 第 408 行.
NOTIC: [2] Use of undefined constant groupid - assumed 'groupid' (this will throw an Error in a future version of PHP) C:\work\juhe\Runtime\Cache\Admin\65e605872ed5d34210f5b33beb13f5a3.php 第 408 行.
NOTIC: [8] Undefined index: groupid C:\work\juhe\Runtime\Cache\Admin\65e605872ed5d34210f5b33beb13f5a3.php 第 408 行.
NOTIC: [2] Use of undefined constant regdatetime - assumed 'regdatetime' (this will throw an Error in a future version of PHP) C:\work\juhe\Runtime\Cache\Admin\65e605872ed5d34210f5b33beb13f5a3.php 第 408 行.
NOTIC: [8] Undefined index: regdatetime C:\work\juhe\Runtime\Cache\Admin\65e605872ed5d34210f5b33beb13f5a3.php 第 408 行.
INFO: Run Behavior\ParseTemplateBehavior [ RunTime:0.012119s ]
INFO: [ view_parse ] --END-- [ RunTime:0.012157s ]
INFO: [ view_filter ] --START--
INFO: Run Behavior\WriteHtmlCacheBehavior [ RunTime:0.000541s ]
INFO: Run Behavior\TokenBuildBehavior [ RunTime:0.000794s ]
INFO: [ view_filter ] --END-- [ RunTime:0.001428s ]
INFO: [ app_end ] --START--
INFO: Run Behavior\ShowPageTraceBehavior [ RunTime:0.001275s ]
INFO: [ app_end ] --END-- [ RunTime:0.001325s ]

[ 2018-11-21T15:25:35+08:00 ] 127.0.0.1 /manage_User_editUserFor_uid_88.html
INFO: [ app_init ] --START--
INFO: Run Behavior\BuildLiteBehavior [ RunTime:0.000006s ]
INFO: [ app_init ] --END-- [ RunTime:0.000030s ]
INFO: [ app_begin ] --START--
INFO: Run Behavior\ReadHtmlCacheBehavior [ RunTime:0.000648s ]
INFO: Run Behavior\CheckLangBehavior [ RunTime:0.000943s ]
INFO: [ app_begin ] --END-- [ RunTime:0.001637s ]
SQL: SHOW COLUMNS FROM `pay_admin` [ RunTime:0.0009s ]
SQL: SELECT `groupid` FROM `pay_admin` WHERE `id` = 1 LIMIT 1   [ RunTime:0.0010s ]
SQL: SHOW COLUMNS FROM `pay_websiteconfig` [ RunTime:0.0027s ]
SQL: SELECT * FROM `pay_websiteconfig` LIMIT 1   [ RunTime:0.0006s ]
SQL: SELECT `session_random` FROM `pay_admin` WHERE `id` = 1 LIMIT 1   [ RunTime:0.0003s ]
SQL: SHOW COLUMNS FROM `pay_member_agent_cate` [ RunTime:0.0007s ]
SQL: SELECT * FROM `pay_member_agent_cate`  [ RunTime:0.0004s ]
SQL: SHOW COLUMNS FROM `pay_auth_group_access` [ RunTime:0.0007s ]
SQL: SELECT b.rules FROM pay_auth_group_access a LEFT JOIN pay_auth_group b ON b.id=a.group_id  WHERE a.uid = '1'  [ RunTime:0.0006s ]
SQL: SHOW COLUMNS FROM `pay_auth_rule` [ RunTime:0.0008s ]
SQL: SELECT * FROM `pay_auth_rule` WHERE `id` IN ('1','49','2','3','51','4','57','5','55','56','58','59','6','44','52','53','48','70','54','7','8','60','61','62','9','63','64','65','66','10','67','68','69','11','12','79','80','81','82','83','84','85','86','87','88','89','90','91','93','94','95','96','97','98','99','100','101','13','14','15','92','16','73','76','77','78','17','18','19','75','20','21','74','22','23','24','25','26','46','27','28','108','29','102','30','103','107','104','105','109','110','111','31','32','33','34','35','36','37','38','39','40','41','42','45','47','116','117','118') AND `is_menu` = 1 AND `status` = 1  [ RunTime:0.0008s ]
SQL: SHOW COLUMNS FROM `pay_channel` [ RunTime:0.0010s ]
SQL: SELECT `id`,`code`,`title`,`paytype`,`status` FROM `pay_channel` WHERE `status` = 1  [ RunTime:0.0005s ]
SQL: SHOW COLUMNS FROM `pay_product` [ RunTime:0.0008s ]
SQL: SELECT `id`,`name`,`status`,`paytype` FROM `pay_product` WHERE `isdisplay` = 1  [ RunTime:0.0004s ]
SQL: SHOW COLUMNS FROM `pay_product_user` [ RunTime:0.0007s ]
SQL: SELECT * FROM `pay_product_user` WHERE `userid` = 88  [ RunTime:0.0013s ]
NOTIC: [8] Undefined variable: _tmpData C:\work\juhe\Application\Admin\Controller\UserController.class.php 第 1597 行.
NOTIC: [8] Undefined variable: _tmpData C:\work\juhe\Application\Admin\Controller\UserController.class.php 第 1598 行.
NOTIC: [8] Undefined variable: _tmpData C:\work\juhe\Application\Admin\Controller\UserController.class.php 第 1599 行.
NOTIC: [8] Undefined variable: _tmpData C:\work\juhe\Application\Admin\Controller\UserController.class.php 第 1602 行.
NOTIC: [8] Undefined offset: 1 C:\work\juhe\Application\Admin\Controller\UserController.class.php 第 1606 行.
NOTIC: [8] Undefined variable: _tmpData C:\work\juhe\Application\Admin\Controller\UserController.class.php 第 1597 行.
NOTIC: [8] Undefined variable: _tmpData C:\work\juhe\Application\Admin\Controller\UserController.class.php 第 1598 行.
NOTIC: [8] Undefined variable: _tmpData C:\work\juhe\Application\Admin\Controller\UserController.class.php 第 1599 行.
NOTIC: [8] Undefined variable: _tmpData C:\work\juhe\Application\Admin\Controller\UserController.class.php 第 1602 行.
NOTIC: [8] Undefined offset: 1 C:\work\juhe\Application\Admin\Controller\UserController.class.php 第 1606 行.
NOTIC: [8] Undefined variable: _tmpData C:\work\juhe\Application\Admin\Controller\UserController.class.php 第 1597 行.
NOTIC: [8] Undefined variable: _tmpData C:\work\juhe\Application\Admin\Controller\UserController.class.php 第 1598 行.
NOTIC: [8] Undefined variable: _tmpData C:\work\juhe\Application\Admin\Controller\UserController.class.php 第 1599 行.
NOTIC: [8] Undefined variable: _tmpData C:\work\juhe\Application\Admin\Controller\UserController.class.php 第 1602 行.
NOTIC: [8] Undefined offset: 1 C:\work\juhe\Application\Admin\Controller\UserController.class.php 第 1606 行.
NOTIC: [8] Undefined variable: _tmpData C:\work\juhe\Application\Admin\Controller\UserController.class.php 第 1597 行.
NOTIC: [8] Undefined variable: _tmpData C:\work\juhe\Application\Admin\Controller\UserController.class.php 第 1598 行.
NOTIC: [8] Undefined variable: _tmpData C:\work\juhe\Application\Admin\Controller\UserController.class.php 第 1599 行.
NOTIC: [8] Undefined variable: _tmpData C:\work\juhe\Application\Admin\Controller\UserController.class.php 第 1602 行.
NOTIC: [8] Undefined offset: 1 C:\work\juhe\Application\Admin\Controller\UserController.class.php 第 1606 行.
INFO: [ view_parse ] --START--
INFO: [ template_filter ] --START--
INFO: Run Behavior\ContentReplaceBehavior [ RunTime:0.000035s ]
INFO: [ template_filter ] --END-- [ RunTime:0.000062s ]
NOTIC: [2] Use of undefined constant polling - assumed 'polling' (this will throw an Error in a future version of PHP) C:\work\juhe\Runtime\Cache\Admin\7222b9886f908b35fe927cebff6a1804.php 第 49 行.
NOTIC: [2] Use of undefined constant polling - assumed 'polling' (this will throw an Error in a future version of PHP) C:\work\juhe\Runtime\Cache\Admin\7222b9886f908b35fe927cebff6a1804.php 第 52 行.
NOTIC: [2] Use of undefined constant channel - assumed 'channel' (this will throw an Error in a future version of PHP) C:\work\juhe\Runtime\Cache\Admin\7222b9886f908b35fe927cebff6a1804.php 第 57 行.
NOTIC: [2] Use of undefined constant id - assumed 'id' (this will throw an Error in a future version of PHP) C:\work\juhe\Runtime\Cache\Admin\7222b9886f908b35fe927cebff6a1804.php 第 57 行.
NOTIC: [2] Use of undefined constant channel - assumed 'channel' (this will throw an Error in a future version of PHP) C:\work\juhe\Runtime\Cache\Admin\7222b9886f908b35fe927cebff6a1804.php 第 57 行.
NOTIC: [2] Use of undefined constant id - assumed 'id' (this will throw an Error in a future version of PHP) C:\work\juhe\Runtime\Cache\Admin\7222b9886f908b35fe927cebff6a1804.php 第 57 行.
NOTIC: [2] Use of undefined constant channel - assumed 'channel' (this will throw an Error in a future version of PHP) C:\work\juhe\Runtime\Cache\Admin\7222b9886f908b35fe927cebff6a1804.php 第 57 行.
NOTIC: [2] Use of undefined constant id - assumed 'id' (this will throw an Error in a future version of PHP) C:\work\juhe\Runtime\Cache\Admin\7222b9886f908b35fe927cebff6a1804.php 第 57 行.
NOTIC: [2] Use of undefined constant channel - assumed 'channel' (this will throw an Error in a future version of PHP) C:\work\juhe\Runtime\Cache\Admin\7222b9886f908b35fe927cebff6a1804.php 第 57 行.
NOTIC: [2] Use of undefined constant id - assumed 'id' (this will throw an Error in a future version of PHP) C:\work\juhe\Runtime\Cache\Admin\7222b9886f908b35fe927cebff6a1804.php 第 57 行.
NOTIC: [2] Use of undefined constant pid - assumed 'pid' (this will throw an Error in a future version of PHP) C:\work\juhe\Runtime\Cache\Admin\7222b9886f908b35fe927cebff6a1804.php 第 71 行.
NOTIC: [8] Undefined offset: 246 C:\work\juhe\Runtime\Cache\Admin\7222b9886f908b35fe927cebff6a1804.php 第 71 行.
NOTIC: [8] Undefined offset: 246 C:\work\juhe\Runtime\Cache\Admin\7222b9886f908b35fe927cebff6a1804.php 第 72 行.
NOTIC: [2] Use of undefined constant weight - assumed 'weight' (this will throw an Error in a future version of PHP) C:\work\juhe\Runtime\Cache\Admin\7222b9886f908b35fe927cebff6a1804.php 第 76 行.
NOTIC: [8] Undefined offset: 246 C:\work\juhe\Runtime\Cache\Admin\7222b9886f908b35fe927cebff6a1804.php 第 76 行.
NOTIC: [2] Use of undefined constant pid - assumed 'pid' (this will throw an Error in a future version of PHP) C:\work\juhe\Runtime\Cache\Admin\7222b9886f908b35fe927cebff6a1804.php 第 71 行.
NOTIC: [8] Undefined offset: 248 C:\work\juhe\Runtime\Cache\Admin\7222b9886f908b35fe927cebff6a1804.php 第 71 行.
NOTIC: [8] Undefined offset: 248 C:\work\juhe\Runtime\Cache\Admin\7222b9886f908b35fe927cebff6a1804.php 第 72 行.
NOTIC: [2] Use of undefined constant weight - assumed 'weight' (this will throw an Error in a future version of PHP) C:\work\juhe\Runtime\Cache\Admin\7222b9886f908b35fe927cebff6a1804.php 第 76 行.
NOTIC: [8] Undefined offset: 248 C:\work\juhe\Runtime\Cache\Admin\7222b9886f908b35fe927cebff6a1804.php 第 76 行.
NOTIC: [2] Use of undefined constant pid - assumed 'pid' (this will throw an Error in a future version of PHP) C:\work\juhe\Runtime\Cache\Admin\7222b9886f908b35fe927cebff6a1804.php 第 71 行.
NOTIC: [8] Undefined offset: 253 C:\work\juhe\Runtime\Cache\Admin\7222b9886f908b35fe927cebff6a1804.php 第 71 行.
NOTIC: [8] Undefined offset: 253 C:\work\juhe\Runtime\Cache\Admin\7222b9886f908b35fe927cebff6a1804.php 第 72 行.
NOTIC: [2] Use of undefined constant weight - assumed 'weight' (this will throw an Error in a future version of PHP) C:\work\juhe\Runtime\Cache\Admin\7222b9886f908b35fe927cebff6a1804.php 第 76 行.
NOTIC: [8] Undefined offset: 253 C:\work\juhe\Runtime\Cache\Admin\7222b9886f908b35fe927cebff6a1804.php 第 76 行.
NOTIC: [2] Use of undefined constant pid - assumed 'pid' (this will throw an Error in a future version of PHP) C:\work\juhe\Runtime\Cache\Admin\7222b9886f908b35fe927cebff6a1804.php 第 71 行.
NOTIC: [8] Undefined offset: 260 C:\work\juhe\Runtime\Cache\Admin\7222b9886f908b35fe927cebff6a1804.php 第 71 行.
NOTIC: [8] Undefined offset: 260 C:\work\juhe\Runtime\Cache\Admin\7222b9886f908b35fe927cebff6a1804.php 第 72 行.
NOTIC: [2] Use of undefined constant weight - assumed 'weight' (this will throw an Error in a future version of PHP) C:\work\juhe\Runtime\Cache\Admin\7222b9886f908b35fe927cebff6a1804.php 第 76 行.
NOTIC: [8] Undefined offset: 260 C:\work\juhe\Runtime\Cache\Admin\7222b9886f908b35fe927cebff6a1804.php 第 76 行.
NOTIC: [2] Use of undefined constant polling - assumed 'polling' (this will throw an Error in a future version of PHP) C:\work\juhe\Runtime\Cache\Admin\7222b9886f908b35fe927cebff6a1804.php 第 49 行.
NOTIC: [2] Use of undefined constant polling - assumed 'polling' (this will throw an Error in a future version of PHP) C:\work\juhe\Runtime\Cache\Admin\7222b9886f908b35fe927cebff6a1804.php 第 52 行.
NOTIC: [2] Use of undefined constant channel - assumed 'channel' (this will throw an Error in a future version of PHP) C:\work\juhe\Runtime\Cache\Admin\7222b9886f908b35fe927cebff6a1804.php 第 57 行.
NOTIC: [2] Use of undefined constant id - assumed 'id' (this will throw an Error in a future version of PHP) C:\work\juhe\Runtime\Cache\Admin\7222b9886f908b35fe927cebff6a1804.php 第 57 行.
NOTIC: [2] Use of undefined constant channel - assumed 'channel' (this will throw an Error in a future version of PHP) C:\work\juhe\Runtime\Cache\Admin\7222b9886f908b35fe927cebff6a1804.php 第 57 行.
NOTIC: [2] Use of undefined constant id - assumed 'id' (this will throw an Error in a future version of PHP) C:\work\juhe\Runtime\Cache\Admin\7222b9886f908b35fe927cebff6a1804.php 第 57 行.
NOTIC: [2] Use of undefined constant channel - assumed 'channel' (this will throw an Error in a future version of PHP) C:\work\juhe\Runtime\Cache\Admin\7222b9886f908b35fe927cebff6a1804.php 第 57 行.
NOTIC: [2] Use of undefined constant id - assumed 'id' (this will throw an Error in a future version of PHP) C:\work\juhe\Runtime\Cache\Admin\7222b9886f908b35fe927cebff6a1804.php 第 57 行.
NOTIC: [2] Use of undefined constant pid - assumed 'pid' (this will throw an Error in a future version of PHP) C:\work\juhe\Runtime\Cache\Admin\7222b9886f908b35fe927cebff6a1804.php 第 71 行.
NOTIC: [8] Undefined offset: 245 C:\work\juhe\Runtime\Cache\Admin\7222b9886f908b35fe927cebff6a1804.php 第 71 行.
NOTIC: [8] Undefined offset: 245 C:\work\juhe\Runtime\Cache\Admin\7222b9886f908b35fe927cebff6a1804.php 第 72 行.
NOTIC: [2] Use of undefined constant weight - assumed 'weight' (this will throw an Error in a future version of PHP) C:\work\juhe\Runtime\Cache\Admin\7222b9886f908b35fe927cebff6a1804.php 第 76 行.
NOTIC: [8] Undefined offset: 245 C:\work\juhe\Runtime\Cache\Admin\7222b9886f908b35fe927cebff6a1804.php 第 76 行.
NOTIC: [2] Use of undefined constant pid - assumed 'pid' (this will throw an Error in a future version of PHP) C:\work\juhe\Runtime\Cache\Admin\7222b9886f908b35fe927cebff6a1804.php 第 71 行.
NOTIC: [8] Undefined offset: 254 C:\work\juhe\Runtime\Cache\Admin\7222b9886f908b35fe927cebff6a1804.php 第 71 行.
NOTIC: [8] Undefined offset: 254 C:\work\juhe\Runtime\Cache\Admin\7222b9886f908b35fe927cebff6a1804.php 第 72 行.
NOTIC: [2] Use of undefined constant weight - assumed 'weight' (this will throw an Error in a future version of PHP) C:\work\juhe\Runtime\Cache\Admin\7222b9886f908b35fe927cebff6a1804.php 第 76 行.
NOTIC: [8] Undefined offset: 254 C:\work\juhe\Runtime\Cache\Admin\7222b9886f908b35fe927cebff6a1804.php 第 76 行.
NOTIC: [2] Use of undefined constant pid - assumed 'pid' (this will throw an Error in a future version of PHP) C:\work\juhe\Runtime\Cache\Admin\7222b9886f908b35fe927cebff6a1804.php 第 71 行.
NOTIC: [8] Undefined offset: 255 C:\work\juhe\Runtime\Cache\Admin\7222b9886f908b35fe927cebff6a1804.php 第 71 行.
NOTIC: [8] Undefined offset: 255 C:\work\juhe\Runtime\Cache\Admin\7222b9886f908b35fe927cebff6a1804.php 第 72 行.
NOTIC: [2] Use of undefined constant weight - assumed 'weight' (this will throw an Error in a future version of PHP) C:\work\juhe\Runtime\Cache\Admin\7222b9886f908b35fe927cebff6a1804.php 第 76 行.
NOTIC: [8] Undefined offset: 255 C:\work\juhe\Runtime\Cache\Admin\7222b9886f908b35fe927cebff6a1804.php 第 76 行.
NOTIC: [2] Use of undefined constant polling - assumed 'polling' (this will throw an Error in a future version of PHP) C:\work\juhe\Runtime\Cache\Admin\7222b9886f908b35fe927cebff6a1804.php 第 49 行.
NOTIC: [2] Use of undefined constant polling - assumed 'polling' (this will throw an Error in a future version of PHP) C:\work\juhe\Runtime\Cache\Admin\7222b9886f908b35fe927cebff6a1804.php 第 52 行.
NOTIC: [2] Use of undefined constant channel - assumed 'channel' (this will throw an Error in a future version of PHP) C:\work\juhe\Runtime\Cache\Admin\7222b9886f908b35fe927cebff6a1804.php 第 57 行.
NOTIC: [2] Use of undefined constant id - assumed 'id' (this will throw an Error in a future version of PHP) C:\work\juhe\Runtime\Cache\Admin\7222b9886f908b35fe927cebff6a1804.php 第 57 行.
NOTIC: [2] Use of undefined constant pid - assumed 'pid' (this will throw an Error in a future version of PHP) C:\work\juhe\Runtime\Cache\Admin\7222b9886f908b35fe927cebff6a1804.php 第 71 行.
NOTIC: [8] Undefined offset: 258 C:\work\juhe\Runtime\Cache\Admin\7222b9886f908b35fe927cebff6a1804.php 第 71 行.
NOTIC: [8] Undefined offset: 258 C:\work\juhe\Runtime\Cache\Admin\7222b9886f908b35fe927cebff6a1804.php 第 72 行.
NOTIC: [2] Use of undefined constant weight - assumed 'weight' (this will throw an Error in a future version of PHP) C:\work\juhe\Runtime\Cache\Admin\7222b9886f908b35fe927cebff6a1804.php 第 76 行.
NOTIC: [8] Undefined offset: 258 C:\work\juhe\Runtime\Cache\Admin\7222b9886f908b35fe927cebff6a1804.php 第 76 行.
NOTIC: [2] Use of undefined constant polling - assumed 'polling' (this will throw an Error in a future version of PHP) C:\work\juhe\Runtime\Cache\Admin\7222b9886f908b35fe927cebff6a1804.php 第 49 行.
NOTIC: [2] Use of undefined constant polling - assumed 'polling' (this will throw an Error in a future version of PHP) C:\work\juhe\Runtime\Cache\Admin\7222b9886f908b35fe927cebff6a1804.php 第 52 行.
NOTIC: [2] Use of undefined constant channel - assumed 'channel' (this will throw an Error in a future version of PHP) C:\work\juhe\Runtime\Cache\Admin\7222b9886f908b35fe927cebff6a1804.php 第 57 行.
NOTIC: [2] Use of undefined constant id - assumed 'id' (this will throw an Error in a future version of PHP) C:\work\juhe\Runtime\Cache\Admin\7222b9886f908b35fe927cebff6a1804.php 第 57 行.
NOTIC: [2] Use of undefined constant channel - assumed 'channel' (this will throw an Error in a future version of PHP) C:\work\juhe\Runtime\Cache\Admin\7222b9886f908b35fe927cebff6a1804.php 第 57 行.
NOTIC: [2] Use of undefined constant id - assumed 'id' (this will throw an Error in a future version of PHP) C:\work\juhe\Runtime\Cache\Admin\7222b9886f908b35fe927cebff6a1804.php 第 57 行.
NOTIC: [2] Use of undefined constant channel - assumed 'channel' (this will throw an Error in a future version of PHP) C:\work\juhe\Runtime\Cache\Admin\7222b9886f908b35fe927cebff6a1804.php 第 57 行.
NOTIC: [2] Use of undefined constant id - assumed 'id' (this will throw an Error in a future version of PHP) C:\work\juhe\Runtime\Cache\Admin\7222b9886f908b35fe927cebff6a1804.php 第 57 行.
NOTIC: [2] Use of undefined constant channel - assumed 'channel' (this will throw an Error in a future version of PHP) C:\work\juhe\Runtime\Cache\Admin\7222b9886f908b35fe927cebff6a1804.php 第 57 行.
NOTIC: [2] Use of undefined constant id - assumed 'id' (this will throw an Error in a future version of PHP) C:\work\juhe\Runtime\Cache\Admin\7222b9886f908b35fe927cebff6a1804.php 第 57 行.
NOTIC: [2] Use of undefined constant pid - assumed 'pid' (this will throw an Error in a future version of PHP) C:\work\juhe\Runtime\Cache\Admin\7222b9886f908b35fe927cebff6a1804.php 第 71 行.
NOTIC: [8] Undefined offset: 247 C:\work\juhe\Runtime\Cache\Admin\7222b9886f908b35fe927cebff6a1804.php 第 71 行.
NOTIC: [8] Undefined offset: 247 C:\work\juhe\Runtime\Cache\Admin\7222b9886f908b35fe927cebff6a1804.php 第 72 行.
NOTIC: [2] Use of undefined constant weight - assumed 'weight' (this will throw an Error in a future version of PHP) C:\work\juhe\Runtime\Cache\Admin\7222b9886f908b35fe927cebff6a1804.php 第 76 行.
NOTIC: [8] Undefined offset: 247 C:\work\juhe\Runtime\Cache\Admin\7222b9886f908b35fe927cebff6a1804.php 第 76 行.
NOTIC: [2] Use of undefined constant pid - assumed 'pid' (this will throw an Error in a future version of PHP) C:\work\juhe\Runtime\Cache\Admin\7222b9886f908b35fe927cebff6a1804.php 第 71 行.
NOTIC: [8] Undefined offset: 256 C:\work\juhe\Runtime\Cache\Admin\7222b9886f908b35fe927cebff6a1804.php 第 71 行.
NOTIC: [8] Undefined offset: 256 C:\work\juhe\Runtime\Cache\Admin\7222b9886f908b35fe927cebff6a1804.php 第 72 行.
NOTIC: [2] Use of undefined constant weight - assumed 'weight' (this will throw an Error in a future version of PHP) C:\work\juhe\Runtime\Cache\Admin\7222b9886f908b35fe927cebff6a1804.php 第 76 行.
NOTIC: [8] Undefined offset: 256 C:\work\juhe\Runtime\Cache\Admin\7222b9886f908b35fe927cebff6a1804.php 第 76 行.
NOTIC: [2] Use of undefined constant pid - assumed 'pid' (this will throw an Error in a future version of PHP) C:\work\juhe\Runtime\Cache\Admin\7222b9886f908b35fe927cebff6a1804.php 第 71 行.
NOTIC: [8] Undefined offset: 257 C:\work\juhe\Runtime\Cache\Admin\7222b9886f908b35fe927cebff6a1804.php 第 71 行.
NOTIC: [8] Undefined offset: 257 C:\work\juhe\Runtime\Cache\Admin\7222b9886f908b35fe927cebff6a1804.php 第 72 行.
NOTIC: [2] Use of undefined constant weight - assumed 'weight' (this will throw an Error in a future version of PHP) C:\work\juhe\Runtime\Cache\Admin\7222b9886f908b35fe927cebff6a1804.php 第 76 行.
NOTIC: [8] Undefined offset: 257 C:\work\juhe\Runtime\Cache\Admin\7222b9886f908b35fe927cebff6a1804.php 第 76 行.
NOTIC: [2] Use of undefined constant pid - assumed 'pid' (this will throw an Error in a future version of PHP) C:\work\juhe\Runtime\Cache\Admin\7222b9886f908b35fe927cebff6a1804.php 第 71 行.
NOTIC: [8] Undefined offset: 259 C:\work\juhe\Runtime\Cache\Admin\7222b9886f908b35fe927cebff6a1804.php 第 71 行.
NOTIC: [8] Undefined offset: 259 C:\work\juhe\Runtime\Cache\Admin\7222b9886f908b35fe927cebff6a1804.php 第 72 行.
NOTIC: [2] Use of undefined constant weight - assumed 'weight' (this will throw an Error in a future version of PHP) C:\work\juhe\Runtime\Cache\Admin\7222b9886f908b35fe927cebff6a1804.php 第 76 行.
NOTIC: [8] Undefined offset: 259 C:\work\juhe\Runtime\Cache\Admin\7222b9886f908b35fe927cebff6a1804.php 第 76 行.
INFO: Run Behavior\ParseTemplateBehavior [ RunTime:0.010740s ]
INFO: [ view_parse ] --END-- [ RunTime:0.010770s ]
INFO: [ view_filter ] --START--
INFO: Run Behavior\WriteHtmlCacheBehavior [ RunTime:0.000833s ]
INFO: Run Behavior\TokenBuildBehavior [ RunTime:0.001710s ]
INFO: [ view_filter ] --END-- [ RunTime:0.002593s ]
INFO: [ app_end ] --START--
INFO: Run Behavior\ShowPageTraceBehavior [ RunTime:0.002478s ]
INFO: [ app_end ] --END-- [ RunTime:0.002527s ]

[ 2018-11-21T15:25:53+08:00 ] 127.0.0.1 /manage_User_index_status_1_authorized_2.html
INFO: [ app_init ] --START--
INFO: Run Behavior\BuildLiteBehavior [ RunTime:0.000005s ]
INFO: [ app_init ] --END-- [ RunTime:0.000032s ]
INFO: [ app_begin ] --START--
INFO: Run Behavior\ReadHtmlCacheBehavior [ RunTime:0.002708s ]
INFO: Run Behavior\CheckLangBehavior [ RunTime:0.001284s ]
INFO: [ app_begin ] --END-- [ RunTime:0.004139s ]
SQL: SHOW COLUMNS FROM `pay_admin` [ RunTime:0.0009s ]
SQL: SELECT `groupid` FROM `pay_admin` WHERE `id` = 1 LIMIT 1   [ RunTime:0.0004s ]
SQL: SHOW COLUMNS FROM `pay_websiteconfig` [ RunTime:0.0008s ]
SQL: SELECT * FROM `pay_websiteconfig` LIMIT 1   [ RunTime:0.0005s ]
SQL: SELECT `session_random` FROM `pay_admin` WHERE `id` = 1 LIMIT 1   [ RunTime:0.0003s ]
SQL: SHOW COLUMNS FROM `pay_member_agent_cate` [ RunTime:0.0006s ]
SQL: SELECT * FROM `pay_member_agent_cate`  [ RunTime:0.0004s ]
SQL: SHOW COLUMNS FROM `pay_auth_group_access` [ RunTime:0.0006s ]
SQL: SELECT b.rules FROM pay_auth_group_access a LEFT JOIN pay_auth_group b ON b.id=a.group_id  WHERE a.uid = '1'  [ RunTime:0.0005s ]
SQL: SHOW COLUMNS FROM `pay_auth_rule` [ RunTime:0.0007s ]
SQL: SELECT * FROM `pay_auth_rule` WHERE `id` IN ('1','49','2','3','51','4','57','5','55','56','58','59','6','44','52','53','48','70','54','7','8','60','61','62','9','63','64','65','66','10','67','68','69','11','12','79','80','81','82','83','84','85','86','87','88','89','90','91','93','94','95','96','97','98','99','100','101','13','14','15','92','16','73','76','77','78','17','18','19','75','20','21','74','22','23','24','25','26','46','27','28','108','29','102','30','103','107','104','105','109','110','111','31','32','33','34','35','36','37','38','39','40','41','42','45','47','116','117','118') AND `is_menu` = 1 AND `status` = 1  [ RunTime:0.0016s ]
SQL: SHOW COLUMNS FROM `pay_channel` [ RunTime:0.0014s ]
SQL: SELECT `id`,`code`,`title`,`paytype`,`status` FROM `pay_channel` WHERE `status` = 1  [ RunTime:0.0009s ]
SQL: SHOW COLUMNS FROM `pay_member` [ RunTime:0.0011s ]
SQL: SELECT COUNT(*) AS tp_count FROM `pay_member` WHERE `status` = 1 AND `groupid` = 4 LIMIT 1   [ RunTime:0.0005s ]
SQL: SELECT COUNT(*) AS tp_count FROM `pay_member` WHERE `status` = 1 AND `groupid` > 4 LIMIT 1   [ RunTime:0.0004s ]
SQL: SELECT SUM(balance) AS tp_sum FROM `pay_member` WHERE `status` = 1 LIMIT 1   [ RunTime:0.0003s ]
SQL: SELECT SUM(blockedbalance) AS tp_sum FROM `pay_member` WHERE `status` = 1 LIMIT 1   [ RunTime:0.0003s ]
SQL: SHOW COLUMNS FROM `pay_complaints_deposit` [ RunTime:0.0007s ]
SQL: SELECT SUM(freeze_money) AS tp_sum FROM `pay_complaints_deposit` WHERE `status` = 0 LIMIT 1   [ RunTime:0.0004s ]
SQL: SELECT SUM(freeze_money) AS tp_sum FROM `pay_complaints_deposit` WHERE `status` = 1 LIMIT 1   [ RunTime:0.0003s ]
SQL: SELECT COUNT(*) AS tp_count FROM `pay_member` WHERE `status` = 1 AND `authorized` = 2 LIMIT 1   [ RunTime:0.0003s ]
SQL: SELECT * FROM `pay_member` WHERE `status` = 1 AND `authorized` = 2 ORDER BY id desc LIMIT 0,15   [ RunTime:0.0005s ]
INFO: [ view_parse ] --START--
INFO: [ template_filter ] --START--
INFO: Run Behavior\ContentReplaceBehavior [ RunTime:0.000075s ]
INFO: [ template_filter ] --END-- [ RunTime:0.000133s ]
NOTIC: [8] Undefined index: username C:\work\juhe\Runtime\Cache\Admin\65e605872ed5d34210f5b33beb13f5a3.php 第 42 行.
NOTIC: [8] Undefined index: parentid C:\work\juhe\Runtime\Cache\Admin\65e605872ed5d34210f5b33beb13f5a3.php 第 48 行.
NOTIC: [2] Use of undefined constant status - assumed 'status' (this will throw an Error in a future version of PHP) C:\work\juhe\Runtime\Cache\Admin\65e605872ed5d34210f5b33beb13f5a3.php 第 96 行.
NOTIC: [2] Use of undefined constant rows - assumed 'rows' (this will throw an Error in a future version of PHP) C:\work\juhe\Runtime\Cache\Admin\65e605872ed5d34210f5b33beb13f5a3.php 第 195 行.
NOTIC: [8] Undefined index: rows C:\work\juhe\Runtime\Cache\Admin\65e605872ed5d34210f5b33beb13f5a3.php 第 195 行.
NOTIC: [2] Use of undefined constant rows - assumed 'rows' (this will throw an Error in a future version of PHP) C:\work\juhe\Runtime\Cache\Admin\65e605872ed5d34210f5b33beb13f5a3.php 第 196 行.
NOTIC: [8] Undefined index: rows C:\work\juhe\Runtime\Cache\Admin\65e605872ed5d34210f5b33beb13f5a3.php 第 196 行.
NOTIC: [2] Use of undefined constant rows - assumed 'rows' (this will throw an Error in a future version of PHP) C:\work\juhe\Runtime\Cache\Admin\65e605872ed5d34210f5b33beb13f5a3.php 第 197 行.
NOTIC: [8] Undefined index: rows C:\work\juhe\Runtime\Cache\Admin\65e605872ed5d34210f5b33beb13f5a3.php 第 197 行.
NOTIC: [2] Use of undefined constant rows - assumed 'rows' (this will throw an Error in a future version of PHP) C:\work\juhe\Runtime\Cache\Admin\65e605872ed5d34210f5b33beb13f5a3.php 第 198 行.
NOTIC: [8] Undefined index: rows C:\work\juhe\Runtime\Cache\Admin\65e605872ed5d34210f5b33beb13f5a3.php 第 198 行.
NOTIC: [2] Use of undefined constant rows - assumed 'rows' (this will throw an Error in a future version of PHP) C:\work\juhe\Runtime\Cache\Admin\65e605872ed5d34210f5b33beb13f5a3.php 第 199 行.
NOTIC: [8] Undefined index: rows C:\work\juhe\Runtime\Cache\Admin\65e605872ed5d34210f5b33beb13f5a3.php 第 199 行.
NOTIC: [2] Use of undefined constant rows - assumed 'rows' (this will throw an Error in a future version of PHP) C:\work\juhe\Runtime\Cache\Admin\65e605872ed5d34210f5b33beb13f5a3.php 第 200 行.
NOTIC: [8] Undefined index: rows C:\work\juhe\Runtime\Cache\Admin\65e605872ed5d34210f5b33beb13f5a3.php 第 200 行.
NOTIC: [2] Use of undefined constant username - assumed 'username' (this will throw an Error in a future version of PHP) C:\work\juhe\Runtime\Cache\Admin\65e605872ed5d34210f5b33beb13f5a3.php 第 408 行.
NOTIC: [8] Undefined index: username C:\work\juhe\Runtime\Cache\Admin\65e605872ed5d34210f5b33beb13f5a3.php 第 408 行.
NOTIC: [2] Use of undefined constant parentid - assumed 'parentid' (this will throw an Error in a future version of PHP) C:\work\juhe\Runtime\Cache\Admin\65e605872ed5d34210f5b33beb13f5a3.php 第 408 行.
NOTIC: [8] Undefined index: parentid C:\work\juhe\Runtime\Cache\Admin\65e605872ed5d34210f5b33beb13f5a3.php 第 408 行.
NOTIC: [2] Use of undefined constant status - assumed 'status' (this will throw an Error in a future version of PHP) C:\work\juhe\Runtime\Cache\Admin\65e605872ed5d34210f5b33beb13f5a3.php 第 408 行.
NOTIC: [2] Use of undefined constant authorized - assumed 'authorized' (this will throw an Error in a future version of PHP) C:\work\juhe\Runtime\Cache\Admin\65e605872ed5d34210f5b33beb13f5a3.php 第 408 行.
NOTIC: [2] Use of undefined constant groupid - assumed 'groupid' (this will throw an Error in a future version of PHP) C:\work\juhe\Runtime\Cache\Admin\65e605872ed5d34210f5b33beb13f5a3.php 第 408 行.
NOTIC: [8] Undefined index: groupid C:\work\juhe\Runtime\Cache\Admin\65e605872ed5d34210f5b33beb13f5a3.php 第 408 行.
NOTIC: [2] Use of undefined constant regdatetime - assumed 'regdatetime' (this will throw an Error in a future version of PHP) C:\work\juhe\Runtime\Cache\Admin\65e605872ed5d34210f5b33beb13f5a3.php 第 408 行.
NOTIC: [8] Undefined index: regdatetime C:\work\juhe\Runtime\Cache\Admin\65e605872ed5d34210f5b33beb13f5a3.php 第 408 行.
INFO: Run Behavior\ParseTemplateBehavior [ RunTime:0.011816s ]
INFO: [ view_parse ] --END-- [ RunTime:0.011840s ]
INFO: [ view_filter ] --START--
INFO: Run Behavior\WriteHtmlCacheBehavior [ RunTime:0.000576s ]
INFO: Run Behavior\TokenBuildBehavior [ RunTime:0.000590s ]
INFO: [ view_filter ] --END-- [ RunTime:0.001206s ]
INFO: [ app_end ] --START--
INFO: Run Behavior\ShowPageTraceBehavior [ RunTime:0.000880s ]
INFO: [ app_end ] --END-- [ RunTime:0.000904s ]

[ 2018-11-21T15:26:00+08:00 ] 127.0.0.1 /manage_User_index_status_1_authorized_0.html
INFO: [ app_init ] --START--
INFO: Run Behavior\BuildLiteBehavior [ RunTime:0.000006s ]
INFO: [ app_init ] --END-- [ RunTime:0.000036s ]
INFO: [ app_begin ] --START--
INFO: Run Behavior\ReadHtmlCacheBehavior [ RunTime:0.000964s ]
INFO: Run Behavior\CheckLangBehavior [ RunTime:0.000941s ]
INFO: [ app_begin ] --END-- [ RunTime:0.001963s ]
SQL: SHOW COLUMNS FROM `pay_admin` [ RunTime:0.0009s ]
SQL: SELECT `groupid` FROM `pay_admin` WHERE `id` = 1 LIMIT 1   [ RunTime:0.0004s ]
SQL: SHOW COLUMNS FROM `pay_websiteconfig` [ RunTime:0.0008s ]
SQL: SELECT * FROM `pay_websiteconfig` LIMIT 1   [ RunTime:0.0005s ]
SQL: SELECT `session_random` FROM `pay_admin` WHERE `id` = 1 LIMIT 1   [ RunTime:0.0003s ]
SQL: SHOW COLUMNS FROM `pay_member_agent_cate` [ RunTime:0.0006s ]
SQL: SELECT * FROM `pay_member_agent_cate`  [ RunTime:0.0004s ]
SQL: SHOW COLUMNS FROM `pay_auth_group_access` [ RunTime:0.0006s ]
SQL: SELECT b.rules FROM pay_auth_group_access a LEFT JOIN pay_auth_group b ON b.id=a.group_id  WHERE a.uid = '1'  [ RunTime:0.0005s ]
SQL: SHOW COLUMNS FROM `pay_auth_rule` [ RunTime:0.0013s ]
SQL: SELECT * FROM `pay_auth_rule` WHERE `id` IN ('1','49','2','3','51','4','57','5','55','56','58','59','6','44','52','53','48','70','54','7','8','60','61','62','9','63','64','65','66','10','67','68','69','11','12','79','80','81','82','83','84','85','86','87','88','89','90','91','93','94','95','96','97','98','99','100','101','13','14','15','92','16','73','76','77','78','17','18','19','75','20','21','74','22','23','24','25','26','46','27','28','108','29','102','30','103','107','104','105','109','110','111','31','32','33','34','35','36','37','38','39','40','41','42','45','47','116','117','118') AND `is_menu` = 1 AND `status` = 1  [ RunTime:0.0011s ]
SQL: SHOW COLUMNS FROM `pay_channel` [ RunTime:0.0012s ]
SQL: SELECT `id`,`code`,`title`,`paytype`,`status` FROM `pay_channel` WHERE `status` = 1  [ RunTime:0.0005s ]
SQL: SHOW COLUMNS FROM `pay_member` [ RunTime:0.0014s ]
SQL: SELECT COUNT(*) AS tp_count FROM `pay_member` WHERE `status` = 1 AND `groupid` = 4 LIMIT 1   [ RunTime:0.0019s ]
SQL: SELECT COUNT(*) AS tp_count FROM `pay_member` WHERE `status` = 1 AND `groupid` > 4 LIMIT 1   [ RunTime:0.0005s ]
SQL: SELECT SUM(balance) AS tp_sum FROM `pay_member` WHERE `status` = 1 LIMIT 1   [ RunTime:0.0003s ]
SQL: SELECT SUM(blockedbalance) AS tp_sum FROM `pay_member` WHERE `status` = 1 LIMIT 1   [ RunTime:0.0003s ]
SQL: SHOW COLUMNS FROM `pay_complaints_deposit` [ RunTime:0.0008s ]
SQL: SELECT SUM(freeze_money) AS tp_sum FROM `pay_complaints_deposit` WHERE `status` = 0 LIMIT 1   [ RunTime:0.0004s ]
SQL: SELECT SUM(freeze_money) AS tp_sum FROM `pay_complaints_deposit` WHERE `status` = 1 LIMIT 1   [ RunTime:0.0004s ]
SQL: SELECT COUNT(*) AS tp_count FROM `pay_member` WHERE `status` = 1 AND `authorized` = 0 LIMIT 1   [ RunTime:0.0004s ]
SQL: SELECT * FROM `pay_member` WHERE `status` = 1 AND `authorized` = 0 ORDER BY id desc LIMIT 0,15   [ RunTime:0.0006s ]
SQL: SHOW COLUMNS FROM `pay_complaints_deposit` [ RunTime:0.0007s ]
SQL: select sum(freeze_money) as freeze_money,is_pause from `pay_complaints_deposit` where user_id=103 and status=0 group by is_pause [ RunTime:0.0011s ]
SQL: select sum(freeze_money) as freeze_money,is_pause from `pay_complaints_deposit` where user_id=102 and status=0 group by is_pause [ RunTime:0.0006s ]
INFO: [ view_parse ] --START--
INFO: [ template_filter ] --START--
INFO: Run Behavior\ContentReplaceBehavior [ RunTime:0.000067s ]
INFO: [ template_filter ] --END-- [ RunTime:0.000092s ]
NOTIC: [8] Undefined index: username C:\work\juhe\Runtime\Cache\Admin\65e605872ed5d34210f5b33beb13f5a3.php 第 42 行.
NOTIC: [8] Undefined index: parentid C:\work\juhe\Runtime\Cache\Admin\65e605872ed5d34210f5b33beb13f5a3.php 第 48 行.
NOTIC: [2] Use of undefined constant status - assumed 'status' (this will throw an Error in a future version of PHP) C:\work\juhe\Runtime\Cache\Admin\65e605872ed5d34210f5b33beb13f5a3.php 第 96 行.
SQL: SELECT `id`,`username`,`groupid` FROM `pay_member` WHERE ( id=1 ) LIMIT 1   [ RunTime:0.0005s ]
NOTIC: [2] Use of undefined constant id - assumed 'id' (this will throw an Error in a future version of PHP) C:\work\juhe\Runtime\Cache\Admin\65e605872ed5d34210f5b33beb13f5a3.php 第 132 行.
NOTIC: [2] Use of undefined constant authorized - assumed 'authorized' (this will throw an Error in a future version of PHP) C:\work\juhe\Runtime\Cache\Admin\65e605872ed5d34210f5b33beb13f5a3.php 第 133 行.
NOTIC: [2] Use of undefined constant id - assumed 'id' (this will throw an Error in a future version of PHP) C:\work\juhe\Runtime\Cache\Admin\65e605872ed5d34210f5b33beb13f5a3.php 第 158 行.
NOTIC: [2] Use of undefined constant id - assumed 'id' (this will throw an Error in a future version of PHP) C:\work\juhe\Runtime\Cache\Admin\65e605872ed5d34210f5b33beb13f5a3.php 第 161 行.
NOTIC: [2] Use of undefined constant id - assumed 'id' (this will throw an Error in a future version of PHP) C:\work\juhe\Runtime\Cache\Admin\65e605872ed5d34210f5b33beb13f5a3.php 第 164 行.
NOTIC: [2] Use of undefined constant id - assumed 'id' (this will throw an Error in a future version of PHP) C:\work\juhe\Runtime\Cache\Admin\65e605872ed5d34210f5b33beb13f5a3.php 第 166 行.
NOTIC: [2] Use of undefined constant id - assumed 'id' (this will throw an Error in a future version of PHP) C:\work\juhe\Runtime\Cache\Admin\65e605872ed5d34210f5b33beb13f5a3.php 第 169 行.
NOTIC: [2] Use of undefined constant id - assumed 'id' (this will throw an Error in a future version of PHP) C:\work\juhe\Runtime\Cache\Admin\65e605872ed5d34210f5b33beb13f5a3.php 第 172 行.
NOTIC: [2] Use of undefined constant id - assumed 'id' (this will throw an Error in a future version of PHP) C:\work\juhe\Runtime\Cache\Admin\65e605872ed5d34210f5b33beb13f5a3.php 第 175 行.
NOTIC: [2] Use of undefined constant id - assumed 'id' (this will throw an Error in a future version of PHP) C:\work\juhe\Runtime\Cache\Admin\65e605872ed5d34210f5b33beb13f5a3.php 第 178 行.
SQL: SELECT `id`,`username`,`groupid` FROM `pay_member` WHERE ( id=98 ) LIMIT 1   [ RunTime:0.0003s ]
NOTIC: [2] Use of undefined constant id - assumed 'id' (this will throw an Error in a future version of PHP) C:\work\juhe\Runtime\Cache\Admin\65e605872ed5d34210f5b33beb13f5a3.php 第 132 行.
NOTIC: [2] Use of undefined constant authorized - assumed 'authorized' (this will throw an Error in a future version of PHP) C:\work\juhe\Runtime\Cache\Admin\65e605872ed5d34210f5b33beb13f5a3.php 第 133 行.
NOTIC: [2] Use of undefined constant id - assumed 'id' (this will throw an Error in a future version of PHP) C:\work\juhe\Runtime\Cache\Admin\65e605872ed5d34210f5b33beb13f5a3.php 第 158 行.
NOTIC: [2] Use of undefined constant id - assumed 'id' (this will throw an Error in a future version of PHP) C:\work\juhe\Runtime\Cache\Admin\65e605872ed5d34210f5b33beb13f5a3.php 第 161 行.
NOTIC: [2] Use of undefined constant id - assumed 'id' (this will throw an Error in a future version of PHP) C:\work\juhe\Runtime\Cache\Admin\65e605872ed5d34210f5b33beb13f5a3.php 第 164 行.
NOTIC: [2] Use of undefined constant id - assumed 'id' (this will throw an Error in a future version of PHP) C:\work\juhe\Runtime\Cache\Admin\65e605872ed5d34210f5b33beb13f5a3.php 第 166 行.
NOTIC: [2] Use of undefined constant id - assumed 'id' (this will throw an Error in a future version of PHP) C:\work\juhe\Runtime\Cache\Admin\65e605872ed5d34210f5b33beb13f5a3.php 第 169 行.
NOTIC: [2] Use of undefined constant id - assumed 'id' (this will throw an Error in a future version of PHP) C:\work\juhe\Runtime\Cache\Admin\65e605872ed5d34210f5b33beb13f5a3.php 第 172 行.
NOTIC: [2] Use of undefined constant id - assumed 'id' (this will throw an Error in a future version of PHP) C:\work\juhe\Runtime\Cache\Admin\65e605872ed5d34210f5b33beb13f5a3.php 第 175 行.
NOTIC: [2] Use of undefined constant id - assumed 'id' (this will throw an Error in a future version of PHP) C:\work\juhe\Runtime\Cache\Admin\65e605872ed5d34210f5b33beb13f5a3.php 第 178 行.
NOTIC: [2] Use of undefined constant rows - assumed 'rows' (this will throw an Error in a future version of PHP) C:\work\juhe\Runtime\Cache\Admin\65e605872ed5d34210f5b33beb13f5a3.php 第 195 行.
NOTIC: [8] Undefined index: rows C:\work\juhe\Runtime\Cache\Admin\65e605872ed5d34210f5b33beb13f5a3.php 第 195 行.
NOTIC: [2] Use of undefined constant rows - assumed 'rows' (this will throw an Error in a future version of PHP) C:\work\juhe\Runtime\Cache\Admin\65e605872ed5d34210f5b33beb13f5a3.php 第 196 行.
NOTIC: [8] Undefined index: rows C:\work\juhe\Runtime\Cache\Admin\65e605872ed5d34210f5b33beb13f5a3.php 第 196 行.
NOTIC: [2] Use of undefined constant rows - assumed 'rows' (this will throw an Error in a future version of PHP) C:\work\juhe\Runtime\Cache\Admin\65e605872ed5d34210f5b33beb13f5a3.php 第 197 行.
NOTIC: [8] Undefined index: rows C:\work\juhe\Runtime\Cache\Admin\65e605872ed5d34210f5b33beb13f5a3.php 第 197 行.
NOTIC: [2] Use of undefined constant rows - assumed 'rows' (this will throw an Error in a future version of PHP) C:\work\juhe\Runtime\Cache\Admin\65e605872ed5d34210f5b33beb13f5a3.php 第 198 行.
NOTIC: [8] Undefined index: rows C:\work\juhe\Runtime\Cache\Admin\65e605872ed5d34210f5b33beb13f5a3.php 第 198 行.
NOTIC: [2] Use of undefined constant rows - assumed 'rows' (this will throw an Error in a future version of PHP) C:\work\juhe\Runtime\Cache\Admin\65e605872ed5d34210f5b33beb13f5a3.php 第 199 行.
NOTIC: [8] Undefined index: rows C:\work\juhe\Runtime\Cache\Admin\65e605872ed5d34210f5b33beb13f5a3.php 第 199 行.
NOTIC: [2] Use of undefined constant rows - assumed 'rows' (this will throw an Error in a future version of PHP) C:\work\juhe\Runtime\Cache\Admin\65e605872ed5d34210f5b33beb13f5a3.php 第 200 行.
NOTIC: [8] Undefined index: rows C:\work\juhe\Runtime\Cache\Admin\65e605872ed5d34210f5b33beb13f5a3.php 第 200 行.
NOTIC: [2] Use of undefined constant username - assumed 'username' (this will throw an Error in a future version of PHP) C:\work\juhe\Runtime\Cache\Admin\65e605872ed5d34210f5b33beb13f5a3.php 第 408 行.
NOTIC: [8] Undefined index: username C:\work\juhe\Runtime\Cache\Admin\65e605872ed5d34210f5b33beb13f5a3.php 第 408 行.
NOTIC: [2] Use of undefined constant parentid - assumed 'parentid' (this will throw an Error in a future version of PHP) C:\work\juhe\Runtime\Cache\Admin\65e605872ed5d34210f5b33beb13f5a3.php 第 408 行.
NOTIC: [8] Undefined index: parentid C:\work\juhe\Runtime\Cache\Admin\65e605872ed5d34210f5b33beb13f5a3.php 第 408 行.
NOTIC: [2] Use of undefined constant status - assumed 'status' (this will throw an Error in a future version of PHP) C:\work\juhe\Runtime\Cache\Admin\65e605872ed5d34210f5b33beb13f5a3.php 第 408 行.
NOTIC: [2] Use of undefined constant authorized - assumed 'authorized' (this will throw an Error in a future version of PHP) C:\work\juhe\Runtime\Cache\Admin\65e605872ed5d34210f5b33beb13f5a3.php 第 408 行.
NOTIC: [2] Use of undefined constant groupid - assumed 'groupid' (this will throw an Error in a future version of PHP) C:\work\juhe\Runtime\Cache\Admin\65e605872ed5d34210f5b33beb13f5a3.php 第 408 行.
NOTIC: [8] Undefined index: groupid C:\work\juhe\Runtime\Cache\Admin\65e605872ed5d34210f5b33beb13f5a3.php 第 408 行.
NOTIC: [2] Use of undefined constant regdatetime - assumed 'regdatetime' (this will throw an Error in a future version of PHP) C:\work\juhe\Runtime\Cache\Admin\65e605872ed5d34210f5b33beb13f5a3.php 第 408 行.
NOTIC: [8] Undefined index: regdatetime C:\work\juhe\Runtime\Cache\Admin\65e605872ed5d34210f5b33beb13f5a3.php 第 408 行.
INFO: Run Behavior\ParseTemplateBehavior [ RunTime:0.012784s ]
INFO: [ view_parse ] --END-- [ RunTime:0.012805s ]
INFO: [ view_filter ] --START--
INFO: Run Behavior\WriteHtmlCacheBehavior [ RunTime:0.000845s ]
INFO: Run Behavior\TokenBuildBehavior [ RunTime:0.000667s ]
INFO: [ view_filter ] --END-- [ RunTime:0.001556s ]
INFO: [ app_end ] --START--
INFO: Run Behavior\ShowPageTraceBehavior [ RunTime:0.001421s ]
INFO: [ app_end ] --END-- [ RunTime:0.001501s ]

[ 2018-11-21T15:26:12+08:00 ] 127.0.0.1 /manage_User_changeuser_userid_102.html
INFO: [ app_init ] --START--
INFO: Run Behavior\BuildLiteBehavior [ RunTime:0.000006s ]
INFO: [ app_init ] --END-- [ RunTime:0.000032s ]
INFO: [ app_begin ] --START--
INFO: Run Behavior\ReadHtmlCacheBehavior [ RunTime:0.000755s ]
INFO: Run Behavior\CheckLangBehavior [ RunTime:0.001083s ]
INFO: [ app_begin ] --END-- [ RunTime:0.001927s ]
SQL: SHOW COLUMNS FROM `pay_admin` [ RunTime:0.0007s ]
SQL: SELECT `groupid` FROM `pay_admin` WHERE `id` = 1 LIMIT 1   [ RunTime:0.0003s ]
SQL: SHOW COLUMNS FROM `pay_websiteconfig` [ RunTime:0.0007s ]
SQL: SELECT * FROM `pay_websiteconfig` LIMIT 1   [ RunTime:0.0004s ]
SQL: SELECT `session_random` FROM `pay_admin` WHERE `id` = 1 LIMIT 1   [ RunTime:0.0002s ]
SQL: SHOW COLUMNS FROM `pay_member_agent_cate` [ RunTime:0.0006s ]
SQL: SELECT * FROM `pay_member_agent_cate`  [ RunTime:0.0003s ]
SQL: SHOW COLUMNS FROM `pay_auth_group_access` [ RunTime:0.0005s ]
SQL: SELECT b.rules FROM pay_auth_group_access a LEFT JOIN pay_auth_group b ON b.id=a.group_id  WHERE a.uid = '1'  [ RunTime:0.0004s ]
SQL: SHOW COLUMNS FROM `pay_auth_rule` [ RunTime:0.0005s ]
SQL: SELECT * FROM `pay_auth_rule` WHERE `id` IN ('1','49','2','3','51','4','57','5','55','56','58','59','6','44','52','53','48','70','54','7','8','60','61','62','9','63','64','65','66','10','67','68','69','11','12','79','80','81','82','83','84','85','86','87','88','89','90','91','93','94','95','96','97','98','99','100','101','13','14','15','92','16','73','76','77','78','17','18','19','75','20','21','74','22','23','24','25','26','46','27','28','108','29','102','30','103','107','104','105','109','110','111','31','32','33','34','35','36','37','38','39','40','41','42','45','47','116','117','118') AND `is_menu` = 1 AND `status` = 1  [ RunTime:0.0006s ]
SQL: SHOW COLUMNS FROM `pay_channel` [ RunTime:0.0007s ]
SQL: SELECT `id`,`code`,`title`,`paytype`,`status` FROM `pay_channel` WHERE `status` = 1  [ RunTime:0.0004s ]
SQL: SHOW COLUMNS FROM `pay_member` [ RunTime:0.0007s ]
SQL: SELECT * FROM `pay_member` WHERE (  id=102 ) LIMIT 1   [ RunTime:0.0005s ]
INFO: [ app_end ] --START--
INFO: Run Behavior\ShowPageTraceBehavior [ RunTime:0.000722s ]
INFO: [ app_end ] --END-- [ RunTime:0.000741s ]

