[ 2018-11-17T20:05:53+08:00 ] 127.0.0.1 /manage
INFO: [ app_init ] --START--
INFO: Run Behavior\BuildLiteBehavior [ RunTime:0.000012s ]
INFO: [ app_init ] --END-- [ RunTime:0.000054s ]
INFO: [ app_begin ] --START--
INFO: Run Behavior\ReadHtmlCacheBehavior [ RunTime:0.001633s ]
INFO: Run Behavior\CheckLangBehavior [ RunTime:0.001476s ]
INFO: [ app_begin ] --END-- [ RunTime:0.003182s ]

[ 2018-11-17T20:05:53+08:00 ] 127.0.0.1 /manage_Login_index.html
INFO: [ app_init ] --START--
INFO: Run Behavior\BuildLiteBehavior [ RunTime:0.000004s ]
INFO: [ app_init ] --END-- [ RunTime:0.000024s ]
INFO: [ app_begin ] --START--
INFO: Run Behavior\ReadHtmlCacheBehavior [ RunTime:0.000520s ]
INFO: Run Behavior\CheckLangBehavior [ RunTime:0.000739s ]
INFO: [ app_begin ] --END-- [ RunTime:0.001289s ]
INFO: [ view_parse ] --START--
INFO: [ template_filter ] --START--
INFO: Run Behavior\ContentReplaceBehavior [ RunTime:0.000029s ]
INFO: [ template_filter ] --END-- [ RunTime:0.000050s ]
INFO: Run Behavior\ParseTemplateBehavior [ RunTime:0.007888s ]
INFO: [ view_parse ] --END-- [ RunTime:0.007915s ]
INFO: [ view_filter ] --START--
INFO: Run Behavior\WriteHtmlCacheBehavior [ RunTime:0.000641s ]
INFO: Run Behavior\TokenBuildBehavior [ RunTime:0.001358s ]
INFO: [ view_filter ] --END-- [ RunTime:0.002025s ]
INFO: [ app_end ] --START--
INFO: Run Behavior\ShowPageTraceBehavior [ RunTime:0.000837s ]
INFO: [ app_end ] --END-- [ RunTime:0.000856s ]

[ 2018-11-17T20:05:53+08:00 ] 127.0.0.1 /manage_Login_verifycode.html?t=1542456353
INFO: [ app_init ] --START--
INFO: Run Behavior\BuildLiteBehavior [ RunTime:0.000022s ]
INFO: [ app_init ] --END-- [ RunTime:0.000131s ]
INFO: [ app_begin ] --START--
INFO: Run Behavior\ReadHtmlCacheBehavior [ RunTime:0.000639s ]
INFO: Run Behavior\CheckLangBehavior [ RunTime:0.000791s ]
INFO: [ app_begin ] --END-- [ RunTime:0.001478s ]
INFO: [ app_end ] --START--
INFO: Run Behavior\ShowPageTraceBehavior [ RunTime:0.000651s ]
INFO: [ app_end ] --END-- [ RunTime:0.000681s ]

[ 2018-11-17T20:06:03+08:00 ] 127.0.0.1 /manage_Login_checkLogin.html
INFO: [ app_init ] --START--
INFO: Run Behavior\BuildLiteBehavior [ RunTime:0.000012s ]
INFO: [ app_init ] --END-- [ RunTime:0.000072s ]
INFO: [ app_begin ] --START--
INFO: Run Behavior\ReadHtmlCacheBehavior [ RunTime:0.000743s ]
INFO: Run Behavior\CheckLangBehavior [ RunTime:0.000954s ]
INFO: [ app_begin ] --END-- [ RunTime:0.001730s ]
SQL: SHOW COLUMNS FROM `pay_admin` [ RunTime:0.0014s ]
SQL: SELECT * FROM `pay_admin` WHERE `username` = 'admin' AND `password` = '5c19392c28bd0d4b46527ffe32306b28' LIMIT 1   [ RunTime:0.0014s ]
NOTIC: [8] Undefined index: HTTP_X_REAL_IP C:\work\juhe\core\Common\functions.php 第 1456 行.
SQL: SHOW COLUMNS FROM `pay_websiteconfig` [ RunTime:0.0024s ]
SQL: SELECT `login_ip` FROM `pay_websiteconfig` WHERE `id` = 1 LIMIT 1   [ RunTime:0.0017s ]
SQL: SHOW COLUMNS FROM `pay_loginrecord` [ RunTime:0.0031s ]
SQL: INSERT INTO `pay_loginrecord` (`userid`,`logindatetime`,`loginip`,`loginaddress`,`type`) VALUES ('1','2018-11-17 20:06:03','127.0.0.1','本机地址-','1') [ RunTime:0.0006s ]
SQL: UPDATE `pay_admin` SET `session_random`='t34nVvEepmgdSfzD8vFC77jAUl5VVYkl' WHERE `username` = 'admin' [ RunTime:0.0007s ]
SQL: SELECT * FROM `pay_websiteconfig` LIMIT 1   [ RunTime:0.0004s ]

[ 2018-11-17T20:06:04+08:00 ] 127.0.0.1 /manage_Index_index.html
INFO: [ app_init ] --START--
INFO: Run Behavior\BuildLiteBehavior [ RunTime:0.000005s ]
INFO: [ app_init ] --END-- [ RunTime:0.000025s ]
INFO: [ app_begin ] --START--
INFO: Run Behavior\ReadHtmlCacheBehavior [ RunTime:0.000534s ]
INFO: Run Behavior\CheckLangBehavior [ RunTime:0.000726s ]
INFO: [ app_begin ] --END-- [ RunTime:0.001298s ]
SQL: SHOW COLUMNS FROM `pay_admin` [ RunTime:0.0008s ]
SQL: SELECT `groupid` FROM `pay_admin` WHERE `id` = 1 LIMIT 1   [ RunTime:0.0003s ]
SQL: SHOW COLUMNS FROM `pay_websiteconfig` [ RunTime:0.0006s ]
SQL: SELECT * FROM `pay_websiteconfig` LIMIT 1   [ RunTime:0.0003s ]
SQL: SELECT `session_random` FROM `pay_admin` WHERE `id` = 1 LIMIT 1   [ RunTime:0.0002s ]
SQL: SHOW COLUMNS FROM `pay_member_agent_cate` [ RunTime:0.0006s ]
SQL: SELECT * FROM `pay_member_agent_cate`  [ RunTime:0.0021s ]
SQL: SHOW COLUMNS FROM `pay_auth_group_access` [ RunTime:0.0013s ]
SQL: SELECT b.rules FROM pay_auth_group_access a LEFT JOIN pay_auth_group b ON b.id=a.group_id  WHERE a.uid = '1'  [ RunTime:0.0006s ]
SQL: SHOW COLUMNS FROM `pay_auth_rule` [ RunTime:0.0016s ]
SQL: SELECT * FROM `pay_auth_rule` WHERE `id` IN ('1','49','2','3','51','4','57','5','55','56','58','59','6','44','52','53','48','70','54','7','8','60','61','62','9','63','64','65','66','10','67','68','69','11','12','79','80','81','82','83','84','85','86','87','88','89','90','91','93','94','95','96','97','98','99','100','101','13','14','15','92','16','73','76','77','78','17','18','19','75','20','21','74','22','23','24','25','26','46','27','28','108','29','102','30','103','107','104','105','109','110','111','31','32','33','34','35','36','37','38','39','40','41','42','45','47','116','117','118') AND `is_menu` = 1 AND `status` = 1  [ RunTime:0.0011s ]
SQL: SHOW COLUMNS FROM `pay_websiteconfig` [ RunTime:0.0006s ]
SQL: SELECT `withdraw` FROM `pay_websiteconfig` LIMIT 1   [ RunTime:0.0002s ]
INFO: [ view_parse ] --START--
INFO: [ template_filter ] --START--
INFO: Run Behavior\ContentReplaceBehavior [ RunTime:0.000029s ]
INFO: [ template_filter ] --END-- [ RunTime:0.000051s ]
NOTIC: [2] Use of undefined constant menu_name - assumed 'menu_name' (this will throw an Error in a future version of PHP) C:\work\juhe\Runtime\Cache\Admin\b595b808c2ebeeeb0478ffc30bb4e87a.php 第 44 行.
NOTIC: [2] Use of undefined constant menu_name - assumed 'menu_name' (this will throw an Error in a future version of PHP) C:\work\juhe\Runtime\Cache\Admin\b595b808c2ebeeeb0478ffc30bb4e87a.php 第 44 行.
NOTIC: [2] Use of undefined constant menu_name - assumed 'menu_name' (this will throw an Error in a future version of PHP) C:\work\juhe\Runtime\Cache\Admin\b595b808c2ebeeeb0478ffc30bb4e87a.php 第 44 行.
NOTIC: [2] Use of undefined constant menu_name - assumed 'menu_name' (this will throw an Error in a future version of PHP) C:\work\juhe\Runtime\Cache\Admin\b595b808c2ebeeeb0478ffc30bb4e87a.php 第 44 行.
NOTIC: [2] Use of undefined constant menu_name - assumed 'menu_name' (this will throw an Error in a future version of PHP) C:\work\juhe\Runtime\Cache\Admin\b595b808c2ebeeeb0478ffc30bb4e87a.php 第 44 行.
NOTIC: [2] Use of undefined constant menu_name - assumed 'menu_name' (this will throw an Error in a future version of PHP) C:\work\juhe\Runtime\Cache\Admin\b595b808c2ebeeeb0478ffc30bb4e87a.php 第 44 行.
NOTIC: [2] Use of undefined constant menu_name - assumed 'menu_name' (this will throw an Error in a future version of PHP) C:\work\juhe\Runtime\Cache\Admin\b595b808c2ebeeeb0478ffc30bb4e87a.php 第 44 行.
NOTIC: [2] Use of undefined constant menu_name - assumed 'menu_name' (this will throw an Error in a future version of PHP) C:\work\juhe\Runtime\Cache\Admin\b595b808c2ebeeeb0478ffc30bb4e87a.php 第 44 行.
NOTIC: [2] Use of undefined constant menu_name - assumed 'menu_name' (this will throw an Error in a future version of PHP) C:\work\juhe\Runtime\Cache\Admin\b595b808c2ebeeeb0478ffc30bb4e87a.php 第 44 行.
NOTIC: [2] Use of undefined constant menu_name - assumed 'menu_name' (this will throw an Error in a future version of PHP) C:\work\juhe\Runtime\Cache\Admin\b595b808c2ebeeeb0478ffc30bb4e87a.php 第 44 行.
NOTIC: [2] Use of undefined constant menu_name - assumed 'menu_name' (this will throw an Error in a future version of PHP) C:\work\juhe\Runtime\Cache\Admin\b595b808c2ebeeeb0478ffc30bb4e87a.php 第 44 行.
NOTIC: [2] Use of undefined constant menu_name - assumed 'menu_name' (this will throw an Error in a future version of PHP) C:\work\juhe\Runtime\Cache\Admin\b595b808c2ebeeeb0478ffc30bb4e87a.php 第 44 行.
NOTIC: [2] Use of undefined constant menu_name - assumed 'menu_name' (this will throw an Error in a future version of PHP) C:\work\juhe\Runtime\Cache\Admin\b595b808c2ebeeeb0478ffc30bb4e87a.php 第 44 行.
NOTIC: [2] Use of undefined constant menu_name - assumed 'menu_name' (this will throw an Error in a future version of PHP) C:\work\juhe\Runtime\Cache\Admin\b595b808c2ebeeeb0478ffc30bb4e87a.php 第 44 行.
NOTIC: [2] Use of undefined constant menu_name - assumed 'menu_name' (this will throw an Error in a future version of PHP) C:\work\juhe\Runtime\Cache\Admin\b595b808c2ebeeeb0478ffc30bb4e87a.php 第 44 行.
NOTIC: [2] Use of undefined constant menu_name - assumed 'menu_name' (this will throw an Error in a future version of PHP) C:\work\juhe\Runtime\Cache\Admin\b595b808c2ebeeeb0478ffc30bb4e87a.php 第 44 行.
NOTIC: [2] Use of undefined constant menu_name - assumed 'menu_name' (this will throw an Error in a future version of PHP) C:\work\juhe\Runtime\Cache\Admin\b595b808c2ebeeeb0478ffc30bb4e87a.php 第 44 行.
NOTIC: [2] Use of undefined constant menu_name - assumed 'menu_name' (this will throw an Error in a future version of PHP) C:\work\juhe\Runtime\Cache\Admin\b595b808c2ebeeeb0478ffc30bb4e87a.php 第 44 行.
NOTIC: [2] Use of undefined constant menu_name - assumed 'menu_name' (this will throw an Error in a future version of PHP) C:\work\juhe\Runtime\Cache\Admin\b595b808c2ebeeeb0478ffc30bb4e87a.php 第 44 行.
NOTIC: [2] Use of undefined constant menu_name - assumed 'menu_name' (this will throw an Error in a future version of PHP) C:\work\juhe\Runtime\Cache\Admin\b595b808c2ebeeeb0478ffc30bb4e87a.php 第 44 行.
NOTIC: [2] Use of undefined constant menu_name - assumed 'menu_name' (this will throw an Error in a future version of PHP) C:\work\juhe\Runtime\Cache\Admin\b595b808c2ebeeeb0478ffc30bb4e87a.php 第 44 行.
NOTIC: [2] Use of undefined constant menu_name - assumed 'menu_name' (this will throw an Error in a future version of PHP) C:\work\juhe\Runtime\Cache\Admin\b595b808c2ebeeeb0478ffc30bb4e87a.php 第 44 行.
NOTIC: [2] Use of undefined constant menu_name - assumed 'menu_name' (this will throw an Error in a future version of PHP) C:\work\juhe\Runtime\Cache\Admin\b595b808c2ebeeeb0478ffc30bb4e87a.php 第 44 行.
NOTIC: [2] Use of undefined constant menu_name - assumed 'menu_name' (this will throw an Error in a future version of PHP) C:\work\juhe\Runtime\Cache\Admin\b595b808c2ebeeeb0478ffc30bb4e87a.php 第 44 行.
NOTIC: [2] Use of undefined constant menu_name - assumed 'menu_name' (this will throw an Error in a future version of PHP) C:\work\juhe\Runtime\Cache\Admin\b595b808c2ebeeeb0478ffc30bb4e87a.php 第 44 行.
NOTIC: [2] Use of undefined constant menu_name - assumed 'menu_name' (this will throw an Error in a future version of PHP) C:\work\juhe\Runtime\Cache\Admin\b595b808c2ebeeeb0478ffc30bb4e87a.php 第 44 行.
NOTIC: [2] Use of undefined constant menu_name - assumed 'menu_name' (this will throw an Error in a future version of PHP) C:\work\juhe\Runtime\Cache\Admin\b595b808c2ebeeeb0478ffc30bb4e87a.php 第 44 行.
NOTIC: [2] Use of undefined constant menu_name - assumed 'menu_name' (this will throw an Error in a future version of PHP) C:\work\juhe\Runtime\Cache\Admin\b595b808c2ebeeeb0478ffc30bb4e87a.php 第 44 行.
NOTIC: [2] Use of undefined constant menu_name - assumed 'menu_name' (this will throw an Error in a future version of PHP) C:\work\juhe\Runtime\Cache\Admin\b595b808c2ebeeeb0478ffc30bb4e87a.php 第 44 行.
NOTIC: [2] Use of undefined constant menu_name - assumed 'menu_name' (this will throw an Error in a future version of PHP) C:\work\juhe\Runtime\Cache\Admin\b595b808c2ebeeeb0478ffc30bb4e87a.php 第 44 行.
NOTIC: [2] Use of undefined constant menu_name - assumed 'menu_name' (this will throw an Error in a future version of PHP) C:\work\juhe\Runtime\Cache\Admin\b595b808c2ebeeeb0478ffc30bb4e87a.php 第 44 行.
NOTIC: [2] Use of undefined constant menu_name - assumed 'menu_name' (this will throw an Error in a future version of PHP) C:\work\juhe\Runtime\Cache\Admin\b595b808c2ebeeeb0478ffc30bb4e87a.php 第 44 行.
NOTIC: [2] Use of undefined constant menu_name - assumed 'menu_name' (this will throw an Error in a future version of PHP) C:\work\juhe\Runtime\Cache\Admin\b595b808c2ebeeeb0478ffc30bb4e87a.php 第 44 行.
NOTIC: [2] Use of undefined constant menu_name - assumed 'menu_name' (this will throw an Error in a future version of PHP) C:\work\juhe\Runtime\Cache\Admin\b595b808c2ebeeeb0478ffc30bb4e87a.php 第 44 行.
NOTIC: [2] Use of undefined constant menu_name - assumed 'menu_name' (this will throw an Error in a future version of PHP) C:\work\juhe\Runtime\Cache\Admin\b595b808c2ebeeeb0478ffc30bb4e87a.php 第 44 行.
NOTIC: [2] Use of undefined constant menu_name - assumed 'menu_name' (this will throw an Error in a future version of PHP) C:\work\juhe\Runtime\Cache\Admin\b595b808c2ebeeeb0478ffc30bb4e87a.php 第 44 行.
NOTIC: [2] Use of undefined constant menu_name - assumed 'menu_name' (this will throw an Error in a future version of PHP) C:\work\juhe\Runtime\Cache\Admin\b595b808c2ebeeeb0478ffc30bb4e87a.php 第 44 行.
NOTIC: [2] Use of undefined constant menu_name - assumed 'menu_name' (this will throw an Error in a future version of PHP) C:\work\juhe\Runtime\Cache\Admin\b595b808c2ebeeeb0478ffc30bb4e87a.php 第 44 行.
NOTIC: [2] Use of undefined constant menu_name - assumed 'menu_name' (this will throw an Error in a future version of PHP) C:\work\juhe\Runtime\Cache\Admin\b595b808c2ebeeeb0478ffc30bb4e87a.php 第 44 行.
NOTIC: [2] Use of undefined constant menu_name - assumed 'menu_name' (this will throw an Error in a future version of PHP) C:\work\juhe\Runtime\Cache\Admin\b595b808c2ebeeeb0478ffc30bb4e87a.php 第 44 行.
NOTIC: [2] Use of undefined constant menu_name - assumed 'menu_name' (this will throw an Error in a future version of PHP) C:\work\juhe\Runtime\Cache\Admin\b595b808c2ebeeeb0478ffc30bb4e87a.php 第 44 行.
NOTIC: [2] Use of undefined constant menu_name - assumed 'menu_name' (this will throw an Error in a future version of PHP) C:\work\juhe\Runtime\Cache\Admin\b595b808c2ebeeeb0478ffc30bb4e87a.php 第 44 行.
NOTIC: [2] Use of undefined constant menu_name - assumed 'menu_name' (this will throw an Error in a future version of PHP) C:\work\juhe\Runtime\Cache\Admin\b595b808c2ebeeeb0478ffc30bb4e87a.php 第 44 行.
INFO: Run Behavior\ParseTemplateBehavior [ RunTime:0.015670s ]
INFO: [ view_parse ] --END-- [ RunTime:0.015691s ]
INFO: [ view_filter ] --START--
INFO: Run Behavior\WriteHtmlCacheBehavior [ RunTime:0.000441s ]
INFO: Run Behavior\TokenBuildBehavior [ RunTime:0.001288s ]
INFO: [ view_filter ] --END-- [ RunTime:0.001758s ]
INFO: [ app_end ] --START--
INFO: Run Behavior\ShowPageTraceBehavior [ RunTime:0.000781s ]
INFO: [ app_end ] --END-- [ RunTime:0.000810s ]

[ 2018-11-17T20:06:04+08:00 ] 127.0.0.1 /manage_Index_main.html
INFO: [ app_init ] --START--
INFO: Run Behavior\BuildLiteBehavior [ RunTime:0.000005s ]
INFO: [ app_init ] --END-- [ RunTime:0.000030s ]
INFO: [ app_begin ] --START--
INFO: Run Behavior\ReadHtmlCacheBehavior [ RunTime:0.000556s ]
INFO: Run Behavior\CheckLangBehavior [ RunTime:0.000722s ]
INFO: [ app_begin ] --END-- [ RunTime:0.001316s ]
SQL: SHOW COLUMNS FROM `pay_admin` [ RunTime:0.0007s ]
SQL: SELECT `groupid` FROM `pay_admin` WHERE `id` = 1 LIMIT 1   [ RunTime:0.0003s ]
SQL: SHOW COLUMNS FROM `pay_websiteconfig` [ RunTime:0.0011s ]
SQL: SELECT * FROM `pay_websiteconfig` LIMIT 1   [ RunTime:0.0013s ]
SQL: SELECT `session_random` FROM `pay_admin` WHERE `id` = 1 LIMIT 1   [ RunTime:0.0005s ]
SQL: SHOW COLUMNS FROM `pay_member_agent_cate` [ RunTime:0.0007s ]
SQL: SELECT * FROM `pay_member_agent_cate`  [ RunTime:0.0005s ]
SQL: SHOW COLUMNS FROM `pay_auth_group_access` [ RunTime:0.0009s ]
SQL: SELECT b.rules FROM pay_auth_group_access a LEFT JOIN pay_auth_group b ON b.id=a.group_id  WHERE a.uid = '1'  [ RunTime:0.0006s ]
SQL: SHOW COLUMNS FROM `pay_auth_rule` [ RunTime:0.0008s ]
SQL: SELECT * FROM `pay_auth_rule` WHERE `id` IN ('1','49','2','3','51','4','57','5','55','56','58','59','6','44','52','53','48','70','54','7','8','60','61','62','9','63','64','65','66','10','67','68','69','11','12','79','80','81','82','83','84','85','86','87','88','89','90','91','93','94','95','96','97','98','99','100','101','13','14','15','92','16','73','76','77','78','17','18','19','75','20','21','74','22','23','24','25','26','46','27','28','108','29','102','30','103','107','104','105','109','110','111','31','32','33','34','35','36','37','38','39','40','41','42','45','47','116','117','118') AND `is_menu` = 1 AND `status` = 1  [ RunTime:0.0008s ]
SQL: SHOW COLUMNS FROM `pay_order` [ RunTime:0.0033s ]
SQL: SELECT sum(`pay_amount`) amount,sum(`pay_poundage`) rate,sum(`pay_actualamount`) total FROM `pay_order` WHERE `pay_status` BETWEEN 1 AND 2 AND `pay_successdate` BETWEEN 1542384000 AND 1542470400 LIMIT 1   [ RunTime:0.0011s ]
SQL: SELECT COUNT(*) AS tp_count FROM `pay_order` WHERE `pay_status` BETWEEN 1 AND 2 AND `pay_successdate` BETWEEN 1542384000 AND 1542470400 LIMIT 1   [ RunTime:0.0007s ]
SQL: select COUNT(id) as num,SUM(pay_amount) AS amount,SUM(pay_poundage) AS rate,SUM(pay_actualamount) AS total from pay_order where  1=1 and pay_status>=1 and DATE_SUB(CURDATE(), INTERVAL 7 DAY) <= date(FROM_UNIXTIME(pay_successdate,'%Y-%m-%d')) and pay_successdate>=1541851564;  [ RunTime:0.0011s ]
SQL: select FROM_UNIXTIME(pay_successdate,'%Y年-%m月') AS month,SUM(pay_amount) AS amount,SUM(pay_poundage) AS rate,SUM(pay_actualamount) AS total from pay_order where  1=1 and pay_status>=1 and pay_successdate>=1514736000 GROUP BY month;   [ RunTime:0.0013s ]
INFO: [ view_parse ] --START--
INFO: [ template_filter ] --START--
INFO: Run Behavior\ContentReplaceBehavior [ RunTime:0.000028s ]
INFO: [ template_filter ] --END-- [ RunTime:0.000050s ]
INFO: Run Behavior\ParseTemplateBehavior [ RunTime:0.006536s ]
INFO: [ view_parse ] --END-- [ RunTime:0.006572s ]
INFO: [ view_filter ] --START--
INFO: Run Behavior\WriteHtmlCacheBehavior [ RunTime:0.000537s ]
INFO: Run Behavior\TokenBuildBehavior [ RunTime:0.000946s ]
INFO: [ view_filter ] --END-- [ RunTime:0.001527s ]
INFO: [ app_end ] --START--
INFO: Run Behavior\ShowPageTraceBehavior [ RunTime:0.001076s ]
INFO: [ app_end ] --END-- [ RunTime:0.001113s ]

[ 2018-11-17T20:06:07+08:00 ] 127.0.0.1 /manage_User_index_status_1_authorized_1.html
INFO: [ app_init ] --START--
INFO: Run Behavior\BuildLiteBehavior [ RunTime:0.000005s ]
INFO: [ app_init ] --END-- [ RunTime:0.000028s ]
INFO: [ app_begin ] --START--
INFO: Run Behavior\ReadHtmlCacheBehavior [ RunTime:0.001456s ]
INFO: Run Behavior\CheckLangBehavior [ RunTime:0.000745s ]
INFO: [ app_begin ] --END-- [ RunTime:0.002257s ]
SQL: SHOW COLUMNS FROM `pay_admin` [ RunTime:0.0006s ]
SQL: SELECT `groupid` FROM `pay_admin` WHERE `id` = 1 LIMIT 1   [ RunTime:0.0003s ]
SQL: SHOW COLUMNS FROM `pay_websiteconfig` [ RunTime:0.0006s ]
SQL: SELECT * FROM `pay_websiteconfig` LIMIT 1   [ RunTime:0.0003s ]
SQL: SELECT `session_random` FROM `pay_admin` WHERE `id` = 1 LIMIT 1   [ RunTime:0.0002s ]
SQL: SHOW COLUMNS FROM `pay_member_agent_cate` [ RunTime:0.0005s ]
SQL: SELECT * FROM `pay_member_agent_cate`  [ RunTime:0.0003s ]
SQL: SHOW COLUMNS FROM `pay_auth_group_access` [ RunTime:0.0005s ]
SQL: SELECT b.rules FROM pay_auth_group_access a LEFT JOIN pay_auth_group b ON b.id=a.group_id  WHERE a.uid = '1'  [ RunTime:0.0004s ]
SQL: SHOW COLUMNS FROM `pay_auth_rule` [ RunTime:0.0017s ]
SQL: SELECT * FROM `pay_auth_rule` WHERE `id` IN ('1','49','2','3','51','4','57','5','55','56','58','59','6','44','52','53','48','70','54','7','8','60','61','62','9','63','64','65','66','10','67','68','69','11','12','79','80','81','82','83','84','85','86','87','88','89','90','91','93','94','95','96','97','98','99','100','101','13','14','15','92','16','73','76','77','78','17','18','19','75','20','21','74','22','23','24','25','26','46','27','28','108','29','102','30','103','107','104','105','109','110','111','31','32','33','34','35','36','37','38','39','40','41','42','45','47','116','117','118') AND `is_menu` = 1 AND `status` = 1  [ RunTime:0.0008s ]
SQL: SHOW COLUMNS FROM `pay_channel` [ RunTime:0.0009s ]
SQL: SELECT `id`,`code`,`title`,`paytype`,`status` FROM `pay_channel` WHERE `status` = 1  [ RunTime:0.0004s ]
SQL: SHOW COLUMNS FROM `pay_member` [ RunTime:0.0011s ]
SQL: SELECT COUNT(*) AS tp_count FROM `pay_member` WHERE `status` = 1 AND `groupid` = 4 LIMIT 1   [ RunTime:0.0015s ]
SQL: SELECT COUNT(*) AS tp_count FROM `pay_member` WHERE `status` = 1 AND `groupid` > 4 LIMIT 1   [ RunTime:0.0002s ]
SQL: SELECT SUM(balance) AS tp_sum FROM `pay_member` WHERE `status` = 1 LIMIT 1   [ RunTime:0.0002s ]
SQL: SELECT SUM(blockedbalance) AS tp_sum FROM `pay_member` WHERE `status` = 1 LIMIT 1   [ RunTime:0.0002s ]
SQL: SHOW COLUMNS FROM `pay_complaints_deposit` [ RunTime:0.0005s ]
SQL: SELECT SUM(freeze_money) AS tp_sum FROM `pay_complaints_deposit` WHERE `status` = 0 LIMIT 1   [ RunTime:0.0008s ]
SQL: SELECT SUM(freeze_money) AS tp_sum FROM `pay_complaints_deposit` WHERE `status` = 1 LIMIT 1   [ RunTime:0.0004s ]
SQL: SELECT COUNT(*) AS tp_count FROM `pay_member` WHERE `status` = 1 AND `authorized` = 1 LIMIT 1   [ RunTime:0.0002s ]
SQL: SELECT * FROM `pay_member` WHERE `status` = 1 AND `authorized` = 1 ORDER BY id desc LIMIT 0,15   [ RunTime:0.0004s ]
SQL: SHOW COLUMNS FROM `pay_complaints_deposit` [ RunTime:0.0005s ]
SQL: select sum(freeze_money) as freeze_money,is_pause from `pay_complaints_deposit` where user_id=90 and status=0 group by is_pause [ RunTime:0.0003s ]
SQL: select sum(freeze_money) as freeze_money,is_pause from `pay_complaints_deposit` where user_id=89 and status=0 group by is_pause [ RunTime:0.0003s ]
SQL: select sum(freeze_money) as freeze_money,is_pause from `pay_complaints_deposit` where user_id=88 and status=0 group by is_pause [ RunTime:0.0003s ]
INFO: [ view_parse ] --START--
INFO: [ template_filter ] --START--
INFO: Run Behavior\ContentReplaceBehavior [ RunTime:0.000049s ]
INFO: [ template_filter ] --END-- [ RunTime:0.000075s ]
NOTIC: [8] Undefined index: username C:\work\juhe\Runtime\Cache\Admin\65e605872ed5d34210f5b33beb13f5a3.php 第 42 行.
NOTIC: [8] Undefined index: parentid C:\work\juhe\Runtime\Cache\Admin\65e605872ed5d34210f5b33beb13f5a3.php 第 48 行.
NOTIC: [2] Use of undefined constant status - assumed 'status' (this will throw an Error in a future version of PHP) C:\work\juhe\Runtime\Cache\Admin\65e605872ed5d34210f5b33beb13f5a3.php 第 96 行.
SQL: SELECT `id`,`username`,`groupid` FROM `pay_member` WHERE ( id=1 ) LIMIT 1   [ RunTime:0.0004s ]
NOTIC: [2] Use of undefined constant id - assumed 'id' (this will throw an Error in a future version of PHP) C:\work\juhe\Runtime\Cache\Admin\65e605872ed5d34210f5b33beb13f5a3.php 第 132 行.
NOTIC: [2] Use of undefined constant authorized - assumed 'authorized' (this will throw an Error in a future version of PHP) C:\work\juhe\Runtime\Cache\Admin\65e605872ed5d34210f5b33beb13f5a3.php 第 133 行.
NOTIC: [2] Use of undefined constant id - assumed 'id' (this will throw an Error in a future version of PHP) C:\work\juhe\Runtime\Cache\Admin\65e605872ed5d34210f5b33beb13f5a3.php 第 158 行.
NOTIC: [2] Use of undefined constant id - assumed 'id' (this will throw an Error in a future version of PHP) C:\work\juhe\Runtime\Cache\Admin\65e605872ed5d34210f5b33beb13f5a3.php 第 161 行.
NOTIC: [2] Use of undefined constant id - assumed 'id' (this will throw an Error in a future version of PHP) C:\work\juhe\Runtime\Cache\Admin\65e605872ed5d34210f5b33beb13f5a3.php 第 164 行.
NOTIC: [2] Use of undefined constant id - assumed 'id' (this will throw an Error in a future version of PHP) C:\work\juhe\Runtime\Cache\Admin\65e605872ed5d34210f5b33beb13f5a3.php 第 166 行.
NOTIC: [2] Use of undefined constant id - assumed 'id' (this will throw an Error in a future version of PHP) C:\work\juhe\Runtime\Cache\Admin\65e605872ed5d34210f5b33beb13f5a3.php 第 169 行.
NOTIC: [2] Use of undefined constant id - assumed 'id' (this will throw an Error in a future version of PHP) C:\work\juhe\Runtime\Cache\Admin\65e605872ed5d34210f5b33beb13f5a3.php 第 172 行.
NOTIC: [2] Use of undefined constant id - assumed 'id' (this will throw an Error in a future version of PHP) C:\work\juhe\Runtime\Cache\Admin\65e605872ed5d34210f5b33beb13f5a3.php 第 175 行.
SQL: SELECT `id`,`username`,`groupid` FROM `pay_member` WHERE ( id=88 ) LIMIT 1   [ RunTime:0.0003s ]
NOTIC: [2] Use of undefined constant id - assumed 'id' (this will throw an Error in a future version of PHP) C:\work\juhe\Runtime\Cache\Admin\65e605872ed5d34210f5b33beb13f5a3.php 第 132 行.
NOTIC: [2] Use of undefined constant authorized - assumed 'authorized' (this will throw an Error in a future version of PHP) C:\work\juhe\Runtime\Cache\Admin\65e605872ed5d34210f5b33beb13f5a3.php 第 133 行.
NOTIC: [2] Use of undefined constant id - assumed 'id' (this will throw an Error in a future version of PHP) C:\work\juhe\Runtime\Cache\Admin\65e605872ed5d34210f5b33beb13f5a3.php 第 158 行.
NOTIC: [2] Use of undefined constant id - assumed 'id' (this will throw an Error in a future version of PHP) C:\work\juhe\Runtime\Cache\Admin\65e605872ed5d34210f5b33beb13f5a3.php 第 161 行.
NOTIC: [2] Use of undefined constant id - assumed 'id' (this will throw an Error in a future version of PHP) C:\work\juhe\Runtime\Cache\Admin\65e605872ed5d34210f5b33beb13f5a3.php 第 164 行.
NOTIC: [2] Use of undefined constant id - assumed 'id' (this will throw an Error in a future version of PHP) C:\work\juhe\Runtime\Cache\Admin\65e605872ed5d34210f5b33beb13f5a3.php 第 166 行.
NOTIC: [2] Use of undefined constant id - assumed 'id' (this will throw an Error in a future version of PHP) C:\work\juhe\Runtime\Cache\Admin\65e605872ed5d34210f5b33beb13f5a3.php 第 169 行.
NOTIC: [2] Use of undefined constant id - assumed 'id' (this will throw an Error in a future version of PHP) C:\work\juhe\Runtime\Cache\Admin\65e605872ed5d34210f5b33beb13f5a3.php 第 172 行.
NOTIC: [2] Use of undefined constant id - assumed 'id' (this will throw an Error in a future version of PHP) C:\work\juhe\Runtime\Cache\Admin\65e605872ed5d34210f5b33beb13f5a3.php 第 175 行.
SQL: SELECT `id`,`username`,`groupid` FROM `pay_member` WHERE ( id=1 ) LIMIT 1   [ RunTime:0.0003s ]
NOTIC: [2] Use of undefined constant id - assumed 'id' (this will throw an Error in a future version of PHP) C:\work\juhe\Runtime\Cache\Admin\65e605872ed5d34210f5b33beb13f5a3.php 第 132 行.
NOTIC: [2] Use of undefined constant authorized - assumed 'authorized' (this will throw an Error in a future version of PHP) C:\work\juhe\Runtime\Cache\Admin\65e605872ed5d34210f5b33beb13f5a3.php 第 133 行.
NOTIC: [2] Use of undefined constant id - assumed 'id' (this will throw an Error in a future version of PHP) C:\work\juhe\Runtime\Cache\Admin\65e605872ed5d34210f5b33beb13f5a3.php 第 158 行.
NOTIC: [2] Use of undefined constant id - assumed 'id' (this will throw an Error in a future version of PHP) C:\work\juhe\Runtime\Cache\Admin\65e605872ed5d34210f5b33beb13f5a3.php 第 161 行.
NOTIC: [2] Use of undefined constant id - assumed 'id' (this will throw an Error in a future version of PHP) C:\work\juhe\Runtime\Cache\Admin\65e605872ed5d34210f5b33beb13f5a3.php 第 164 行.
NOTIC: [2] Use of undefined constant id - assumed 'id' (this will throw an Error in a future version of PHP) C:\work\juhe\Runtime\Cache\Admin\65e605872ed5d34210f5b33beb13f5a3.php 第 166 行.
NOTIC: [2] Use of undefined constant id - assumed 'id' (this will throw an Error in a future version of PHP) C:\work\juhe\Runtime\Cache\Admin\65e605872ed5d34210f5b33beb13f5a3.php 第 169 行.
NOTIC: [2] Use of undefined constant id - assumed 'id' (this will throw an Error in a future version of PHP) C:\work\juhe\Runtime\Cache\Admin\65e605872ed5d34210f5b33beb13f5a3.php 第 172 行.
NOTIC: [2] Use of undefined constant id - assumed 'id' (this will throw an Error in a future version of PHP) C:\work\juhe\Runtime\Cache\Admin\65e605872ed5d34210f5b33beb13f5a3.php 第 175 行.
NOTIC: [2] Use of undefined constant rows - assumed 'rows' (this will throw an Error in a future version of PHP) C:\work\juhe\Runtime\Cache\Admin\65e605872ed5d34210f5b33beb13f5a3.php 第 192 行.
NOTIC: [8] Undefined index: rows C:\work\juhe\Runtime\Cache\Admin\65e605872ed5d34210f5b33beb13f5a3.php 第 192 行.
NOTIC: [2] Use of undefined constant rows - assumed 'rows' (this will throw an Error in a future version of PHP) C:\work\juhe\Runtime\Cache\Admin\65e605872ed5d34210f5b33beb13f5a3.php 第 193 行.
NOTIC: [8] Undefined index: rows C:\work\juhe\Runtime\Cache\Admin\65e605872ed5d34210f5b33beb13f5a3.php 第 193 行.
NOTIC: [2] Use of undefined constant rows - assumed 'rows' (this will throw an Error in a future version of PHP) C:\work\juhe\Runtime\Cache\Admin\65e605872ed5d34210f5b33beb13f5a3.php 第 194 行.
NOTIC: [8] Undefined index: rows C:\work\juhe\Runtime\Cache\Admin\65e605872ed5d34210f5b33beb13f5a3.php 第 194 行.
NOTIC: [2] Use of undefined constant rows - assumed 'rows' (this will throw an Error in a future version of PHP) C:\work\juhe\Runtime\Cache\Admin\65e605872ed5d34210f5b33beb13f5a3.php 第 195 行.
NOTIC: [8] Undefined index: rows C:\work\juhe\Runtime\Cache\Admin\65e605872ed5d34210f5b33beb13f5a3.php 第 195 行.
NOTIC: [2] Use of undefined constant rows - assumed 'rows' (this will throw an Error in a future version of PHP) C:\work\juhe\Runtime\Cache\Admin\65e605872ed5d34210f5b33beb13f5a3.php 第 196 行.
NOTIC: [8] Undefined index: rows C:\work\juhe\Runtime\Cache\Admin\65e605872ed5d34210f5b33beb13f5a3.php 第 196 行.
NOTIC: [2] Use of undefined constant rows - assumed 'rows' (this will throw an Error in a future version of PHP) C:\work\juhe\Runtime\Cache\Admin\65e605872ed5d34210f5b33beb13f5a3.php 第 197 行.
NOTIC: [8] Undefined index: rows C:\work\juhe\Runtime\Cache\Admin\65e605872ed5d34210f5b33beb13f5a3.php 第 197 行.
NOTIC: [2] Use of undefined constant username - assumed 'username' (this will throw an Error in a future version of PHP) C:\work\juhe\Runtime\Cache\Admin\65e605872ed5d34210f5b33beb13f5a3.php 第 405 行.
NOTIC: [8] Undefined index: username C:\work\juhe\Runtime\Cache\Admin\65e605872ed5d34210f5b33beb13f5a3.php 第 405 行.
NOTIC: [2] Use of undefined constant parentid - assumed 'parentid' (this will throw an Error in a future version of PHP) C:\work\juhe\Runtime\Cache\Admin\65e605872ed5d34210f5b33beb13f5a3.php 第 405 行.
NOTIC: [8] Undefined index: parentid C:\work\juhe\Runtime\Cache\Admin\65e605872ed5d34210f5b33beb13f5a3.php 第 405 行.
NOTIC: [2] Use of undefined constant status - assumed 'status' (this will throw an Error in a future version of PHP) C:\work\juhe\Runtime\Cache\Admin\65e605872ed5d34210f5b33beb13f5a3.php 第 405 行.
NOTIC: [2] Use of undefined constant authorized - assumed 'authorized' (this will throw an Error in a future version of PHP) C:\work\juhe\Runtime\Cache\Admin\65e605872ed5d34210f5b33beb13f5a3.php 第 405 行.
NOTIC: [2] Use of undefined constant groupid - assumed 'groupid' (this will throw an Error in a future version of PHP) C:\work\juhe\Runtime\Cache\Admin\65e605872ed5d34210f5b33beb13f5a3.php 第 405 行.
NOTIC: [8] Undefined index: groupid C:\work\juhe\Runtime\Cache\Admin\65e605872ed5d34210f5b33beb13f5a3.php 第 405 行.
NOTIC: [2] Use of undefined constant regdatetime - assumed 'regdatetime' (this will throw an Error in a future version of PHP) C:\work\juhe\Runtime\Cache\Admin\65e605872ed5d34210f5b33beb13f5a3.php 第 405 行.
NOTIC: [8] Undefined index: regdatetime C:\work\juhe\Runtime\Cache\Admin\65e605872ed5d34210f5b33beb13f5a3.php 第 405 行.
INFO: Run Behavior\ParseTemplateBehavior [ RunTime:0.012356s ]
INFO: [ view_parse ] --END-- [ RunTime:0.012373s ]
INFO: [ view_filter ] --START--
INFO: Run Behavior\WriteHtmlCacheBehavior [ RunTime:0.000518s ]
INFO: Run Behavior\TokenBuildBehavior [ RunTime:0.000402s ]
INFO: [ view_filter ] --END-- [ RunTime:0.000944s ]
INFO: [ app_end ] --START--
INFO: Run Behavior\ShowPageTraceBehavior [ RunTime:0.000539s ]
INFO: [ app_end ] --END-- [ RunTime:0.000557s ]

[ 2018-11-17T20:06:08+08:00 ] 127.0.0.1 /manage_User_changeuser_userid_90.html
INFO: [ app_init ] --START--
INFO: Run Behavior\BuildLiteBehavior [ RunTime:0.000009s ]
INFO: [ app_init ] --END-- [ RunTime:0.000051s ]
INFO: [ app_begin ] --START--
INFO: Run Behavior\ReadHtmlCacheBehavior [ RunTime:0.000582s ]
INFO: Run Behavior\CheckLangBehavior [ RunTime:0.000715s ]
INFO: [ app_begin ] --END-- [ RunTime:0.001337s ]
SQL: SHOW COLUMNS FROM `pay_admin` [ RunTime:0.0006s ]
SQL: SELECT `groupid` FROM `pay_admin` WHERE `id` = 1 LIMIT 1   [ RunTime:0.0003s ]
SQL: SHOW COLUMNS FROM `pay_websiteconfig` [ RunTime:0.0006s ]
SQL: SELECT * FROM `pay_websiteconfig` LIMIT 1   [ RunTime:0.0004s ]
SQL: SELECT `session_random` FROM `pay_admin` WHERE `id` = 1 LIMIT 1   [ RunTime:0.0002s ]
SQL: SHOW COLUMNS FROM `pay_member_agent_cate` [ RunTime:0.0006s ]
SQL: SELECT * FROM `pay_member_agent_cate`  [ RunTime:0.0003s ]
SQL: SHOW COLUMNS FROM `pay_auth_group_access` [ RunTime:0.0006s ]
SQL: SELECT b.rules FROM pay_auth_group_access a LEFT JOIN pay_auth_group b ON b.id=a.group_id  WHERE a.uid = '1'  [ RunTime:0.0004s ]
SQL: SHOW COLUMNS FROM `pay_auth_rule` [ RunTime:0.0004s ]
SQL: SELECT * FROM `pay_auth_rule` WHERE `id` IN ('1','49','2','3','51','4','57','5','55','56','58','59','6','44','52','53','48','70','54','7','8','60','61','62','9','63','64','65','66','10','67','68','69','11','12','79','80','81','82','83','84','85','86','87','88','89','90','91','93','94','95','96','97','98','99','100','101','13','14','15','92','16','73','76','77','78','17','18','19','75','20','21','74','22','23','24','25','26','46','27','28','108','29','102','30','103','107','104','105','109','110','111','31','32','33','34','35','36','37','38','39','40','41','42','45','47','116','117','118') AND `is_menu` = 1 AND `status` = 1  [ RunTime:0.0006s ]
SQL: SHOW COLUMNS FROM `pay_channel` [ RunTime:0.0006s ]
SQL: SELECT `id`,`code`,`title`,`paytype`,`status` FROM `pay_channel` WHERE `status` = 1  [ RunTime:0.0003s ]
SQL: SHOW COLUMNS FROM `pay_member` [ RunTime:0.0007s ]
SQL: SELECT * FROM `pay_member` WHERE (  id=90 ) LIMIT 1   [ RunTime:0.0004s ]
INFO: [ app_end ] --START--
INFO: Run Behavior\ShowPageTraceBehavior [ RunTime:0.000616s ]
INFO: [ app_end ] --END-- [ RunTime:0.000633s ]

