[ 2019-01-28T16:45:51+08:00 ] 127.0.0.1 /manage_Order_index_status_0.html?m=manage&c=Order&a=index&p=1&memberid=&pay_orderid=&orderid=&body=&createtime=&successtime=&tongdao=&bank=&status=0&ddlx=&is_bu=
INFO: [ app_init ] --START--
INFO: Run Behavior\BuildLiteBehavior [ RunTime:0.000005s ]
INFO: [ app_init ] --END-- [ RunTime:0.000029s ]
INFO: [ app_begin ] --START--
INFO: Run Behavior\ReadHtmlCacheBehavior [ RunTime:0.000696s ]
INFO: Run Behavior\CheckLangBehavior [ RunTime:0.001075s ]
INFO: [ app_begin ] --END-- [ RunTime:0.001805s ]
NOTIC: [2] Declaration of Admin\Controller\OrderController::show() should be compatible with Think\Controller::show($content, $charset = '', $contentType = '', $prefix = '') C:\work\juhe\Application\Admin\Controller\OrderController.class.php 第 18 行.
SQL: SHOW COLUMNS FROM `pay_admin` [ RunTime:0.0013s ]
SQL: SELECT `groupid` FROM `pay_admin` WHERE `id` = 6 LIMIT 1   [ RunTime:0.0003s ]
SQL: SHOW COLUMNS FROM `pay_websiteconfig` [ RunTime:0.0007s ]
SQL: SELECT * FROM `pay_websiteconfig` LIMIT 1   [ RunTime:0.0004s ]
SQL: SELECT `session_random` FROM `pay_admin` WHERE `id` = 6 LIMIT 1   [ RunTime:0.0003s ]
SQL: SHOW COLUMNS FROM `pay_member_agent_cate` [ RunTime:0.0005s ]
SQL: SELECT * FROM `pay_member_agent_cate`  [ RunTime:0.0009s ]
SQL: SHOW COLUMNS FROM `pay_auth_group_access` [ RunTime:0.0006s ]
SQL: SELECT b.rules FROM pay_auth_group_access a LEFT JOIN pay_auth_group b ON b.id=a.group_id  WHERE a.uid = '6'  [ RunTime:0.0004s ]
SQL: SHOW COLUMNS FROM `pay_auth_rule` [ RunTime:0.0006s ]
SQL: SELECT * FROM `pay_auth_rule` WHERE `id` IN ('1','49','2','3','51','4','57','5','55','56','58','59','6','43','44','52','53','48','70','54','7','8','60','61','62','9','63','64','65','66','10','67','68','69','11','12','79','80','81','82','83','84','85','86','87','88','89','90','91','93','94','95','96','97','98','99','100','101','13','14','15','92','16','73','76','77','78','17','18','19','71','75','20','21','72','74','22','23','24','25','26','46','27','28','108','29','102','30','103','107','104','105','109','110','111','31','32','33','34','35','36','37','38','39','40','41','42','45','47','116','117','118') AND `is_menu` = 1 AND `status` = 1  [ RunTime:0.0006s ]
SQL: SHOW COLUMNS FROM `pay_order` [ RunTime:0.0016s ]
SQL: SELECT COUNT(*) AS tp_count FROM `pay_order` WHERE `pay_successdate` BETWEEN 1548604800 AND 1548691199 AND `pay_status` IN ('1','2') LIMIT 1   [ RunTime:0.0687s ]
SQL: SELECT COUNT(*) AS tp_count FROM `pay_order` WHERE `pay_applydate` BETWEEN 1548604800 AND 1548691199 LIMIT 1   [ RunTime:0.0684s ]
SQL: SHOW COLUMNS FROM `pay_channel` [ RunTime:0.0008s ]
SQL: SELECT `id`,`code`,`title` FROM `pay_channel`  [ RunTime:0.0004s ]
SQL: SHOW COLUMNS FROM `pay_product` [ RunTime:0.0005s ]
SQL: SELECT `id`,`name`,`code` FROM `pay_product`  [ RunTime:0.0003s ]
SQL: SELECT COUNT(*) AS tp_count FROM pay_order as O WHERE O.pay_status = '0' LIMIT 1   [ RunTime:0.0713s ]
SQL: SELECT `id`,`pay_memberid`,`pay_amount`,`pay_poundage`,`pay_actualamount`,`pay_applydate`,`pay_successdate`,`pay_status`,`pay_zh_tongdao`,`ddlx`,`pay_orderid`,`out_trade_id`,`memberid`,`pay_bankname` FROM pay_order as O WHERE O.pay_status = '0' ORDER BY id desc LIMIT 0,15   [ RunTime:0.0008s ]
SQL: SELECT sum(`pay_amount`) pay_amount,sum(`pay_poundage`) pay_poundage,sum(`pay_actualamount`) pay_actualamount,count(`id`) success_count FROM pay_order as O WHERE O.pay_status = '0' AND `pay_status` BETWEEN 1 AND 2 LIMIT 1   [ RunTime:0.0660s ]
SQL: SELECT COUNT(*) AS tp_count FROM pay_order as O WHERE O.pay_status = '0' AND `pay_status` = 0 LIMIT 1   [ RunTime:0.0618s ]
SQL: SHOW COLUMNS FROM `pay_complaints_deposit` [ RunTime:0.0010s ]
SQL: SELECT SUM(freeze_money) AS tp_sum FROM pay_complaints_deposit as C LEFT JOIN pay_order AS O ON C.pay_orderid=O.pay_orderid  WHERE O.pay_status = '0' AND C.status = 0 LIMIT 1   [ RunTime:0.0008s ]
SQL: SELECT SUM(freeze_money) AS tp_sum FROM pay_complaints_deposit as C LEFT JOIN pay_order AS O ON C.pay_orderid=O.pay_orderid  WHERE O.pay_status = '0' AND C.status = 1 LIMIT 1   [ RunTime:0.0003s ]
SQL: SELECT FROM_UNIXTIME(pay_applydate,'%Y年-%m月') AS date,SUM(pay_amount) AS amount,SUM(pay_poundage) AS rate,SUM(pay_actualamount) AS total FROM pay_order as O WHERE O.pay_status = '0' GROUP BY date  [ RunTime:0.1111s ]
SQL: SHOW COLUMNS FROM `pay_websiteconfig` [ RunTime:0.0007s ]
SQL: SELECT `ptsr` FROM `pay_websiteconfig` WHERE `id` = 1 LIMIT 1   [ RunTime:0.0003s ]
SQL: SHOW COLUMNS FROM `pay_member` [ RunTime:0.0007s ]
SQL: SELECT `id`,`balance` FROM `pay_member` WHERE `id` = 105 LIMIT 1   [ RunTime:0.0011s ]
SQL: SELECT `groupid` FROM `pay_admin` WHERE `id` = 6 LIMIT 1   [ RunTime:0.0003s ]
INFO: [ view_parse ] --START--
INFO: [ template_filter ] --START--
INFO: Run Behavior\ContentReplaceBehavior [ RunTime:0.000050s ]
INFO: [ template_filter ] --END-- [ RunTime:0.000068s ]
NOTIC: [2] Use of undefined constant tongdao - assumed 'tongdao' (this will throw an Error in a future version of PHP) C:\work\juhe\Runtime\Cache\Admin\18bc66a7b6334412ab8e61a2539ecfbd.php 第 72 行.
NOTIC: [2] Use of undefined constant id - assumed 'id' (this will throw an Error in a future version of PHP) C:\work\juhe\Runtime\Cache\Admin\18bc66a7b6334412ab8e61a2539ecfbd.php 第 72 行.
NOTIC: [2] Use of undefined constant tongdao - assumed 'tongdao' (this will throw an Error in a future version of PHP) C:\work\juhe\Runtime\Cache\Admin\18bc66a7b6334412ab8e61a2539ecfbd.php 第 72 行.
NOTIC: [2] Use of undefined constant id - assumed 'id' (this will throw an Error in a future version of PHP) C:\work\juhe\Runtime\Cache\Admin\18bc66a7b6334412ab8e61a2539ecfbd.php 第 72 行.
NOTIC: [2] Use of undefined constant tongdao - assumed 'tongdao' (this will throw an Error in a future version of PHP) C:\work\juhe\Runtime\Cache\Admin\18bc66a7b6334412ab8e61a2539ecfbd.php 第 72 行.
NOTIC: [2] Use of undefined constant id - assumed 'id' (this will throw an Error in a future version of PHP) C:\work\juhe\Runtime\Cache\Admin\18bc66a7b6334412ab8e61a2539ecfbd.php 第 72 行.
NOTIC: [2] Use of undefined constant tongdao - assumed 'tongdao' (this will throw an Error in a future version of PHP) C:\work\juhe\Runtime\Cache\Admin\18bc66a7b6334412ab8e61a2539ecfbd.php 第 72 行.
NOTIC: [2] Use of undefined constant id - assumed 'id' (this will throw an Error in a future version of PHP) C:\work\juhe\Runtime\Cache\Admin\18bc66a7b6334412ab8e61a2539ecfbd.php 第 72 行.
NOTIC: [2] Use of undefined constant tongdao - assumed 'tongdao' (this will throw an Error in a future version of PHP) C:\work\juhe\Runtime\Cache\Admin\18bc66a7b6334412ab8e61a2539ecfbd.php 第 72 行.
NOTIC: [2] Use of undefined constant id - assumed 'id' (this will throw an Error in a future version of PHP) C:\work\juhe\Runtime\Cache\Admin\18bc66a7b6334412ab8e61a2539ecfbd.php 第 72 行.
NOTIC: [2] Use of undefined constant tongdao - assumed 'tongdao' (this will throw an Error in a future version of PHP) C:\work\juhe\Runtime\Cache\Admin\18bc66a7b6334412ab8e61a2539ecfbd.php 第 72 行.
NOTIC: [2] Use of undefined constant id - assumed 'id' (this will throw an Error in a future version of PHP) C:\work\juhe\Runtime\Cache\Admin\18bc66a7b6334412ab8e61a2539ecfbd.php 第 72 行.
NOTIC: [2] Use of undefined constant tongdao - assumed 'tongdao' (this will throw an Error in a future version of PHP) C:\work\juhe\Runtime\Cache\Admin\18bc66a7b6334412ab8e61a2539ecfbd.php 第 72 行.
NOTIC: [2] Use of undefined constant id - assumed 'id' (this will throw an Error in a future version of PHP) C:\work\juhe\Runtime\Cache\Admin\18bc66a7b6334412ab8e61a2539ecfbd.php 第 72 行.
NOTIC: [2] Use of undefined constant tongdao - assumed 'tongdao' (this will throw an Error in a future version of PHP) C:\work\juhe\Runtime\Cache\Admin\18bc66a7b6334412ab8e61a2539ecfbd.php 第 72 行.
NOTIC: [2] Use of undefined constant id - assumed 'id' (this will throw an Error in a future version of PHP) C:\work\juhe\Runtime\Cache\Admin\18bc66a7b6334412ab8e61a2539ecfbd.php 第 72 行.
NOTIC: [2] Use of undefined constant tongdao - assumed 'tongdao' (this will throw an Error in a future version of PHP) C:\work\juhe\Runtime\Cache\Admin\18bc66a7b6334412ab8e61a2539ecfbd.php 第 72 行.
NOTIC: [2] Use of undefined constant id - assumed 'id' (this will throw an Error in a future version of PHP) C:\work\juhe\Runtime\Cache\Admin\18bc66a7b6334412ab8e61a2539ecfbd.php 第 72 行.
NOTIC: [2] Use of undefined constant tongdao - assumed 'tongdao' (this will throw an Error in a future version of PHP) C:\work\juhe\Runtime\Cache\Admin\18bc66a7b6334412ab8e61a2539ecfbd.php 第 72 行.
NOTIC: [2] Use of undefined constant id - assumed 'id' (this will throw an Error in a future version of PHP) C:\work\juhe\Runtime\Cache\Admin\18bc66a7b6334412ab8e61a2539ecfbd.php 第 72 行.
NOTIC: [2] Use of undefined constant tongdao - assumed 'tongdao' (this will throw an Error in a future version of PHP) C:\work\juhe\Runtime\Cache\Admin\18bc66a7b6334412ab8e61a2539ecfbd.php 第 72 行.
NOTIC: [2] Use of undefined constant id - assumed 'id' (this will throw an Error in a future version of PHP) C:\work\juhe\Runtime\Cache\Admin\18bc66a7b6334412ab8e61a2539ecfbd.php 第 72 行.
NOTIC: [2] Use of undefined constant tongdao - assumed 'tongdao' (this will throw an Error in a future version of PHP) C:\work\juhe\Runtime\Cache\Admin\18bc66a7b6334412ab8e61a2539ecfbd.php 第 72 行.
NOTIC: [2] Use of undefined constant id - assumed 'id' (this will throw an Error in a future version of PHP) C:\work\juhe\Runtime\Cache\Admin\18bc66a7b6334412ab8e61a2539ecfbd.php 第 72 行.
NOTIC: [2] Use of undefined constant tongdao - assumed 'tongdao' (this will throw an Error in a future version of PHP) C:\work\juhe\Runtime\Cache\Admin\18bc66a7b6334412ab8e61a2539ecfbd.php 第 72 行.
NOTIC: [2] Use of undefined constant id - assumed 'id' (this will throw an Error in a future version of PHP) C:\work\juhe\Runtime\Cache\Admin\18bc66a7b6334412ab8e61a2539ecfbd.php 第 72 行.
NOTIC: [2] Use of undefined constant tongdao - assumed 'tongdao' (this will throw an Error in a future version of PHP) C:\work\juhe\Runtime\Cache\Admin\18bc66a7b6334412ab8e61a2539ecfbd.php 第 72 行.
NOTIC: [2] Use of undefined constant id - assumed 'id' (this will throw an Error in a future version of PHP) C:\work\juhe\Runtime\Cache\Admin\18bc66a7b6334412ab8e61a2539ecfbd.php 第 72 行.
NOTIC: [2] Use of undefined constant tongdao - assumed 'tongdao' (this will throw an Error in a future version of PHP) C:\work\juhe\Runtime\Cache\Admin\18bc66a7b6334412ab8e61a2539ecfbd.php 第 72 行.
NOTIC: [2] Use of undefined constant id - assumed 'id' (this will throw an Error in a future version of PHP) C:\work\juhe\Runtime\Cache\Admin\18bc66a7b6334412ab8e61a2539ecfbd.php 第 72 行.
NOTIC: [2] Use of undefined constant tongdao - assumed 'tongdao' (this will throw an Error in a future version of PHP) C:\work\juhe\Runtime\Cache\Admin\18bc66a7b6334412ab8e61a2539ecfbd.php 第 72 行.
NOTIC: [2] Use of undefined constant id - assumed 'id' (this will throw an Error in a future version of PHP) C:\work\juhe\Runtime\Cache\Admin\18bc66a7b6334412ab8e61a2539ecfbd.php 第 72 行.
NOTIC: [2] Use of undefined constant tongdao - assumed 'tongdao' (this will throw an Error in a future version of PHP) C:\work\juhe\Runtime\Cache\Admin\18bc66a7b6334412ab8e61a2539ecfbd.php 第 72 行.
NOTIC: [2] Use of undefined constant id - assumed 'id' (this will throw an Error in a future version of PHP) C:\work\juhe\Runtime\Cache\Admin\18bc66a7b6334412ab8e61a2539ecfbd.php 第 72 行.
NOTIC: [2] Use of undefined constant tongdao - assumed 'tongdao' (this will throw an Error in a future version of PHP) C:\work\juhe\Runtime\Cache\Admin\18bc66a7b6334412ab8e61a2539ecfbd.php 第 72 行.
NOTIC: [2] Use of undefined constant id - assumed 'id' (this will throw an Error in a future version of PHP) C:\work\juhe\Runtime\Cache\Admin\18bc66a7b6334412ab8e61a2539ecfbd.php 第 72 行.
NOTIC: [2] Use of undefined constant tongdao - assumed 'tongdao' (this will throw an Error in a future version of PHP) C:\work\juhe\Runtime\Cache\Admin\18bc66a7b6334412ab8e61a2539ecfbd.php 第 72 行.
NOTIC: [2] Use of undefined constant id - assumed 'id' (this will throw an Error in a future version of PHP) C:\work\juhe\Runtime\Cache\Admin\18bc66a7b6334412ab8e61a2539ecfbd.php 第 72 行.
NOTIC: [2] Use of undefined constant tongdao - assumed 'tongdao' (this will throw an Error in a future version of PHP) C:\work\juhe\Runtime\Cache\Admin\18bc66a7b6334412ab8e61a2539ecfbd.php 第 72 行.
NOTIC: [2] Use of undefined constant id - assumed 'id' (this will throw an Error in a future version of PHP) C:\work\juhe\Runtime\Cache\Admin\18bc66a7b6334412ab8e61a2539ecfbd.php 第 72 行.
NOTIC: [2] Use of undefined constant tongdao - assumed 'tongdao' (this will throw an Error in a future version of PHP) C:\work\juhe\Runtime\Cache\Admin\18bc66a7b6334412ab8e61a2539ecfbd.php 第 72 行.
NOTIC: [2] Use of undefined constant id - assumed 'id' (this will throw an Error in a future version of PHP) C:\work\juhe\Runtime\Cache\Admin\18bc66a7b6334412ab8e61a2539ecfbd.php 第 72 行.
NOTIC: [2] Use of undefined constant tongdao - assumed 'tongdao' (this will throw an Error in a future version of PHP) C:\work\juhe\Runtime\Cache\Admin\18bc66a7b6334412ab8e61a2539ecfbd.php 第 72 行.
NOTIC: [2] Use of undefined constant id - assumed 'id' (this will throw an Error in a future version of PHP) C:\work\juhe\Runtime\Cache\Admin\18bc66a7b6334412ab8e61a2539ecfbd.php 第 72 行.
NOTIC: [2] Use of undefined constant tongdao - assumed 'tongdao' (this will throw an Error in a future version of PHP) C:\work\juhe\Runtime\Cache\Admin\18bc66a7b6334412ab8e61a2539ecfbd.php 第 72 行.
NOTIC: [2] Use of undefined constant id - assumed 'id' (this will throw an Error in a future version of PHP) C:\work\juhe\Runtime\Cache\Admin\18bc66a7b6334412ab8e61a2539ecfbd.php 第 72 行.
NOTIC: [2] Use of undefined constant tongdao - assumed 'tongdao' (this will throw an Error in a future version of PHP) C:\work\juhe\Runtime\Cache\Admin\18bc66a7b6334412ab8e61a2539ecfbd.php 第 72 行.
NOTIC: [2] Use of undefined constant id - assumed 'id' (this will throw an Error in a future version of PHP) C:\work\juhe\Runtime\Cache\Admin\18bc66a7b6334412ab8e61a2539ecfbd.php 第 72 行.
NOTIC: [2] Use of undefined constant tongdao - assumed 'tongdao' (this will throw an Error in a future version of PHP) C:\work\juhe\Runtime\Cache\Admin\18bc66a7b6334412ab8e61a2539ecfbd.php 第 72 行.
NOTIC: [2] Use of undefined constant id - assumed 'id' (this will throw an Error in a future version of PHP) C:\work\juhe\Runtime\Cache\Admin\18bc66a7b6334412ab8e61a2539ecfbd.php 第 72 行.
NOTIC: [2] Use of undefined constant tongdao - assumed 'tongdao' (this will throw an Error in a future version of PHP) C:\work\juhe\Runtime\Cache\Admin\18bc66a7b6334412ab8e61a2539ecfbd.php 第 72 行.
NOTIC: [2] Use of undefined constant id - assumed 'id' (this will throw an Error in a future version of PHP) C:\work\juhe\Runtime\Cache\Admin\18bc66a7b6334412ab8e61a2539ecfbd.php 第 72 行.
NOTIC: [2] Use of undefined constant tongdao - assumed 'tongdao' (this will throw an Error in a future version of PHP) C:\work\juhe\Runtime\Cache\Admin\18bc66a7b6334412ab8e61a2539ecfbd.php 第 72 行.
NOTIC: [2] Use of undefined constant id - assumed 'id' (this will throw an Error in a future version of PHP) C:\work\juhe\Runtime\Cache\Admin\18bc66a7b6334412ab8e61a2539ecfbd.php 第 72 行.
NOTIC: [2] Use of undefined constant tongdao - assumed 'tongdao' (this will throw an Error in a future version of PHP) C:\work\juhe\Runtime\Cache\Admin\18bc66a7b6334412ab8e61a2539ecfbd.php 第 72 行.
NOTIC: [2] Use of undefined constant id - assumed 'id' (this will throw an Error in a future version of PHP) C:\work\juhe\Runtime\Cache\Admin\18bc66a7b6334412ab8e61a2539ecfbd.php 第 72 行.
NOTIC: [2] Use of undefined constant tongdao - assumed 'tongdao' (this will throw an Error in a future version of PHP) C:\work\juhe\Runtime\Cache\Admin\18bc66a7b6334412ab8e61a2539ecfbd.php 第 72 行.
NOTIC: [2] Use of undefined constant id - assumed 'id' (this will throw an Error in a future version of PHP) C:\work\juhe\Runtime\Cache\Admin\18bc66a7b6334412ab8e61a2539ecfbd.php 第 72 行.
NOTIC: [2] Use of undefined constant tongdao - assumed 'tongdao' (this will throw an Error in a future version of PHP) C:\work\juhe\Runtime\Cache\Admin\18bc66a7b6334412ab8e61a2539ecfbd.php 第 72 行.
NOTIC: [2] Use of undefined constant id - assumed 'id' (this will throw an Error in a future version of PHP) C:\work\juhe\Runtime\Cache\Admin\18bc66a7b6334412ab8e61a2539ecfbd.php 第 72 行.
NOTIC: [2] Use of undefined constant tongdao - assumed 'tongdao' (this will throw an Error in a future version of PHP) C:\work\juhe\Runtime\Cache\Admin\18bc66a7b6334412ab8e61a2539ecfbd.php 第 72 行.
NOTIC: [2] Use of undefined constant id - assumed 'id' (this will throw an Error in a future version of PHP) C:\work\juhe\Runtime\Cache\Admin\18bc66a7b6334412ab8e61a2539ecfbd.php 第 72 行.
NOTIC: [2] Use of undefined constant tongdao - assumed 'tongdao' (this will throw an Error in a future version of PHP) C:\work\juhe\Runtime\Cache\Admin\18bc66a7b6334412ab8e61a2539ecfbd.php 第 72 行.
NOTIC: [2] Use of undefined constant id - assumed 'id' (this will throw an Error in a future version of PHP) C:\work\juhe\Runtime\Cache\Admin\18bc66a7b6334412ab8e61a2539ecfbd.php 第 72 行.
NOTIC: [2] Use of undefined constant tongdao - assumed 'tongdao' (this will throw an Error in a future version of PHP) C:\work\juhe\Runtime\Cache\Admin\18bc66a7b6334412ab8e61a2539ecfbd.php 第 72 行.
NOTIC: [2] Use of undefined constant id - assumed 'id' (this will throw an Error in a future version of PHP) C:\work\juhe\Runtime\Cache\Admin\18bc66a7b6334412ab8e61a2539ecfbd.php 第 72 行.
NOTIC: [2] Use of undefined constant tongdao - assumed 'tongdao' (this will throw an Error in a future version of PHP) C:\work\juhe\Runtime\Cache\Admin\18bc66a7b6334412ab8e61a2539ecfbd.php 第 72 行.
NOTIC: [2] Use of undefined constant id - assumed 'id' (this will throw an Error in a future version of PHP) C:\work\juhe\Runtime\Cache\Admin\18bc66a7b6334412ab8e61a2539ecfbd.php 第 72 行.
NOTIC: [2] Use of undefined constant tongdao - assumed 'tongdao' (this will throw an Error in a future version of PHP) C:\work\juhe\Runtime\Cache\Admin\18bc66a7b6334412ab8e61a2539ecfbd.php 第 72 行.
NOTIC: [2] Use of undefined constant id - assumed 'id' (this will throw an Error in a future version of PHP) C:\work\juhe\Runtime\Cache\Admin\18bc66a7b6334412ab8e61a2539ecfbd.php 第 72 行.
NOTIC: [2] Use of undefined constant tongdao - assumed 'tongdao' (this will throw an Error in a future version of PHP) C:\work\juhe\Runtime\Cache\Admin\18bc66a7b6334412ab8e61a2539ecfbd.php 第 72 行.
NOTIC: [2] Use of undefined constant id - assumed 'id' (this will throw an Error in a future version of PHP) C:\work\juhe\Runtime\Cache\Admin\18bc66a7b6334412ab8e61a2539ecfbd.php 第 72 行.
NOTIC: [2] Use of undefined constant tongdao - assumed 'tongdao' (this will throw an Error in a future version of PHP) C:\work\juhe\Runtime\Cache\Admin\18bc66a7b6334412ab8e61a2539ecfbd.php 第 72 行.
NOTIC: [2] Use of undefined constant id - assumed 'id' (this will throw an Error in a future version of PHP) C:\work\juhe\Runtime\Cache\Admin\18bc66a7b6334412ab8e61a2539ecfbd.php 第 72 行.
NOTIC: [2] Use of undefined constant tongdao - assumed 'tongdao' (this will throw an Error in a future version of PHP) C:\work\juhe\Runtime\Cache\Admin\18bc66a7b6334412ab8e61a2539ecfbd.php 第 72 行.
NOTIC: [2] Use of undefined constant id - assumed 'id' (this will throw an Error in a future version of PHP) C:\work\juhe\Runtime\Cache\Admin\18bc66a7b6334412ab8e61a2539ecfbd.php 第 72 行.
NOTIC: [2] Use of undefined constant tongdao - assumed 'tongdao' (this will throw an Error in a future version of PHP) C:\work\juhe\Runtime\Cache\Admin\18bc66a7b6334412ab8e61a2539ecfbd.php 第 72 行.
NOTIC: [2] Use of undefined constant id - assumed 'id' (this will throw an Error in a future version of PHP) C:\work\juhe\Runtime\Cache\Admin\18bc66a7b6334412ab8e61a2539ecfbd.php 第 72 行.
NOTIC: [2] Use of undefined constant bank - assumed 'bank' (this will throw an Error in a future version of PHP) C:\work\juhe\Runtime\Cache\Admin\18bc66a7b6334412ab8e61a2539ecfbd.php 第 79 行.
NOTIC: [2] Use of undefined constant id - assumed 'id' (this will throw an Error in a future version of PHP) C:\work\juhe\Runtime\Cache\Admin\18bc66a7b6334412ab8e61a2539ecfbd.php 第 79 行.
NOTIC: [2] Use of undefined constant bank - assumed 'bank' (this will throw an Error in a future version of PHP) C:\work\juhe\Runtime\Cache\Admin\18bc66a7b6334412ab8e61a2539ecfbd.php 第 79 行.
NOTIC: [2] Use of undefined constant id - assumed 'id' (this will throw an Error in a future version of PHP) C:\work\juhe\Runtime\Cache\Admin\18bc66a7b6334412ab8e61a2539ecfbd.php 第 79 行.
NOTIC: [2] Use of undefined constant bank - assumed 'bank' (this will throw an Error in a future version of PHP) C:\work\juhe\Runtime\Cache\Admin\18bc66a7b6334412ab8e61a2539ecfbd.php 第 79 行.
NOTIC: [2] Use of undefined constant id - assumed 'id' (this will throw an Error in a future version of PHP) C:\work\juhe\Runtime\Cache\Admin\18bc66a7b6334412ab8e61a2539ecfbd.php 第 79 行.
NOTIC: [2] Use of undefined constant bank - assumed 'bank' (this will throw an Error in a future version of PHP) C:\work\juhe\Runtime\Cache\Admin\18bc66a7b6334412ab8e61a2539ecfbd.php 第 79 行.
NOTIC: [2] Use of undefined constant id - assumed 'id' (this will throw an Error in a future version of PHP) C:\work\juhe\Runtime\Cache\Admin\18bc66a7b6334412ab8e61a2539ecfbd.php 第 79 行.
NOTIC: [2] Use of undefined constant bank - assumed 'bank' (this will throw an Error in a future version of PHP) C:\work\juhe\Runtime\Cache\Admin\18bc66a7b6334412ab8e61a2539ecfbd.php 第 79 行.
NOTIC: [2] Use of undefined constant id - assumed 'id' (this will throw an Error in a future version of PHP) C:\work\juhe\Runtime\Cache\Admin\18bc66a7b6334412ab8e61a2539ecfbd.php 第 79 行.
NOTIC: [2] Use of undefined constant bank - assumed 'bank' (this will throw an Error in a future version of PHP) C:\work\juhe\Runtime\Cache\Admin\18bc66a7b6334412ab8e61a2539ecfbd.php 第 79 行.
NOTIC: [2] Use of undefined constant id - assumed 'id' (this will throw an Error in a future version of PHP) C:\work\juhe\Runtime\Cache\Admin\18bc66a7b6334412ab8e61a2539ecfbd.php 第 79 行.
NOTIC: [2] Use of undefined constant bank - assumed 'bank' (this will throw an Error in a future version of PHP) C:\work\juhe\Runtime\Cache\Admin\18bc66a7b6334412ab8e61a2539ecfbd.php 第 79 行.
NOTIC: [2] Use of undefined constant id - assumed 'id' (this will throw an Error in a future version of PHP) C:\work\juhe\Runtime\Cache\Admin\18bc66a7b6334412ab8e61a2539ecfbd.php 第 79 行.
NOTIC: [2] Use of undefined constant bank - assumed 'bank' (this will throw an Error in a future version of PHP) C:\work\juhe\Runtime\Cache\Admin\18bc66a7b6334412ab8e61a2539ecfbd.php 第 79 行.
NOTIC: [2] Use of undefined constant id - assumed 'id' (this will throw an Error in a future version of PHP) C:\work\juhe\Runtime\Cache\Admin\18bc66a7b6334412ab8e61a2539ecfbd.php 第 79 行.
NOTIC: [2] Use of undefined constant bank - assumed 'bank' (this will throw an Error in a future version of PHP) C:\work\juhe\Runtime\Cache\Admin\18bc66a7b6334412ab8e61a2539ecfbd.php 第 79 行.
NOTIC: [2] Use of undefined constant id - assumed 'id' (this will throw an Error in a future version of PHP) C:\work\juhe\Runtime\Cache\Admin\18bc66a7b6334412ab8e61a2539ecfbd.php 第 79 行.
NOTIC: [2] Use of undefined constant bank - assumed 'bank' (this will throw an Error in a future version of PHP) C:\work\juhe\Runtime\Cache\Admin\18bc66a7b6334412ab8e61a2539ecfbd.php 第 79 行.
NOTIC: [2] Use of undefined constant id - assumed 'id' (this will throw an Error in a future version of PHP) C:\work\juhe\Runtime\Cache\Admin\18bc66a7b6334412ab8e61a2539ecfbd.php 第 79 行.
NOTIC: [2] Use of undefined constant status - assumed 'status' (this will throw an Error in a future version of PHP) C:\work\juhe\Runtime\Cache\Admin\18bc66a7b6334412ab8e61a2539ecfbd.php 第 86 行.
NOTIC: [2] Use of undefined constant status - assumed 'status' (this will throw an Error in a future version of PHP) C:\work\juhe\Runtime\Cache\Admin\18bc66a7b6334412ab8e61a2539ecfbd.php 第 86 行.
NOTIC: [2] Use of undefined constant status - assumed 'status' (this will throw an Error in a future version of PHP) C:\work\juhe\Runtime\Cache\Admin\18bc66a7b6334412ab8e61a2539ecfbd.php 第 87 行.
NOTIC: [2] Use of undefined constant status - assumed 'status' (this will throw an Error in a future version of PHP) C:\work\juhe\Runtime\Cache\Admin\18bc66a7b6334412ab8e61a2539ecfbd.php 第 88 行.
NOTIC: [2] Use of undefined constant status - assumed 'status' (this will throw an Error in a future version of PHP) C:\work\juhe\Runtime\Cache\Admin\18bc66a7b6334412ab8e61a2539ecfbd.php 第 89 行.
NOTIC: [2] Use of undefined constant ddlx - assumed 'ddlx' (this will throw an Error in a future version of PHP) C:\work\juhe\Runtime\Cache\Admin\18bc66a7b6334412ab8e61a2539ecfbd.php 第 95 行.
NOTIC: [2] Use of undefined constant ddlx - assumed 'ddlx' (this will throw an Error in a future version of PHP) C:\work\juhe\Runtime\Cache\Admin\18bc66a7b6334412ab8e61a2539ecfbd.php 第 96 行.
NOTIC: [2] Use of undefined constant is_bu - assumed 'is_bu' (this will throw an Error in a future version of PHP) C:\work\juhe\Runtime\Cache\Admin\18bc66a7b6334412ab8e61a2539ecfbd.php 第 102 行.
NOTIC: [2] Use of undefined constant is_bu - assumed 'is_bu' (this will throw an Error in a future version of PHP) C:\work\juhe\Runtime\Cache\Admin\18bc66a7b6334412ab8e61a2539ecfbd.php 第 103 行.
NOTIC: [2] Use of undefined constant pay_successdate - assumed 'pay_successdate' (this will throw an Error in a future version of PHP) C:\work\juhe\Runtime\Cache\Admin\18bc66a7b6334412ab8e61a2539ecfbd.php 第 170 行.
NOTIC: [2] Use of undefined constant ddlx - assumed 'ddlx' (this will throw an Error in a future version of PHP) C:\work\juhe\Runtime\Cache\Admin\18bc66a7b6334412ab8e61a2539ecfbd.php 第 174 行.
NOTIC: [2] Use of undefined constant pay_orderid - assumed 'pay_orderid' (this will throw an Error in a future version of PHP) C:\work\juhe\Runtime\Cache\Admin\18bc66a7b6334412ab8e61a2539ecfbd.php 第 177 行.
NOTIC: [8] Undefined index: del C:\work\juhe\Runtime\Cache\Admin\18bc66a7b6334412ab8e61a2539ecfbd.php 第 178 行.
NOTIC: [2] Use of undefined constant out_trade_id - assumed 'out_trade_id' (this will throw an Error in a future version of PHP) C:\work\juhe\Runtime\Cache\Admin\18bc66a7b6334412ab8e61a2539ecfbd.php 第 180 行.
NOTIC: [2] Use of undefined constant out_trade_id - assumed 'out_trade_id' (this will throw an Error in a future version of PHP) C:\work\juhe\Runtime\Cache\Admin\18bc66a7b6334412ab8e61a2539ecfbd.php 第 180 行.
NOTIC: [8] Undefined index: del C:\work\juhe\Runtime\Cache\Admin\18bc66a7b6334412ab8e61a2539ecfbd.php 第 181 行.
NOTIC: [8] Undefined index: pay_tjurl C:\work\juhe\Runtime\Cache\Admin\18bc66a7b6334412ab8e61a2539ecfbd.php 第 185 行.
NOTIC: [8] Undefined index: pay_tjurl C:\work\juhe\Runtime\Cache\Admin\18bc66a7b6334412ab8e61a2539ecfbd.php 第 185 行.
NOTIC: [8] Undefined index: pay_productname C:\work\juhe\Runtime\Cache\Admin\18bc66a7b6334412ab8e61a2539ecfbd.php 第 187 行.
NOTIC: [2] Use of undefined constant is_bu - assumed 'is_bu' (this will throw an Error in a future version of PHP) C:\work\juhe\Runtime\Cache\Admin\18bc66a7b6334412ab8e61a2539ecfbd.php 第 189 行.
NOTIC: [8] Undefined index: is_bu C:\work\juhe\Runtime\Cache\Admin\18bc66a7b6334412ab8e61a2539ecfbd.php 第 189 行.
NOTIC: [2] Use of undefined constant id - assumed 'id' (this will throw an Error in a future version of PHP) C:\work\juhe\Runtime\Cache\Admin\18bc66a7b6334412ab8e61a2539ecfbd.php 第 192 行.
NOTIC: [2] Use of undefined constant id - assumed 'id' (this will throw an Error in a future version of PHP) C:\work\juhe\Runtime\Cache\Admin\18bc66a7b6334412ab8e61a2539ecfbd.php 第 194 行.
NOTIC: [2] Use of undefined constant pay_successdate - assumed 'pay_successdate' (this will throw an Error in a future version of PHP) C:\work\juhe\Runtime\Cache\Admin\18bc66a7b6334412ab8e61a2539ecfbd.php 第 170 行.
NOTIC: [2] Use of undefined constant ddlx - assumed 'ddlx' (this will throw an Error in a future version of PHP) C:\work\juhe\Runtime\Cache\Admin\18bc66a7b6334412ab8e61a2539ecfbd.php 第 174 行.
NOTIC: [2] Use of undefined constant pay_orderid - assumed 'pay_orderid' (this will throw an Error in a future version of PHP) C:\work\juhe\Runtime\Cache\Admin\18bc66a7b6334412ab8e61a2539ecfbd.php 第 177 行.
NOTIC: [8] Undefined index: del C:\work\juhe\Runtime\Cache\Admin\18bc66a7b6334412ab8e61a2539ecfbd.php 第 178 行.
NOTIC: [2] Use of undefined constant out_trade_id - assumed 'out_trade_id' (this will throw an Error in a future version of PHP) C:\work\juhe\Runtime\Cache\Admin\18bc66a7b6334412ab8e61a2539ecfbd.php 第 180 行.
NOTIC: [2] Use of undefined constant out_trade_id - assumed 'out_trade_id' (this will throw an Error in a future version of PHP) C:\work\juhe\Runtime\Cache\Admin\18bc66a7b6334412ab8e61a2539ecfbd.php 第 180 行.
NOTIC: [8] Undefined index: del C:\work\juhe\Runtime\Cache\Admin\18bc66a7b6334412ab8e61a2539ecfbd.php 第 181 行.
NOTIC: [8] Undefined index: pay_tjurl C:\work\juhe\Runtime\Cache\Admin\18bc66a7b6334412ab8e61a2539ecfbd.php 第 185 行.
NOTIC: [8] Undefined index: pay_tjurl C:\work\juhe\Runtime\Cache\Admin\18bc66a7b6334412ab8e61a2539ecfbd.php 第 185 行.
NOTIC: [8] Undefined index: pay_productname C:\work\juhe\Runtime\Cache\Admin\18bc66a7b6334412ab8e61a2539ecfbd.php 第 187 行.
NOTIC: [2] Use of undefined constant is_bu - assumed 'is_bu' (this will throw an Error in a future version of PHP) C:\work\juhe\Runtime\Cache\Admin\18bc66a7b6334412ab8e61a2539ecfbd.php 第 189 行.
NOTIC: [8] Undefined index: is_bu C:\work\juhe\Runtime\Cache\Admin\18bc66a7b6334412ab8e61a2539ecfbd.php 第 189 行.
NOTIC: [2] Use of undefined constant id - assumed 'id' (this will throw an Error in a future version of PHP) C:\work\juhe\Runtime\Cache\Admin\18bc66a7b6334412ab8e61a2539ecfbd.php 第 192 行.
NOTIC: [2] Use of undefined constant id - assumed 'id' (this will throw an Error in a future version of PHP) C:\work\juhe\Runtime\Cache\Admin\18bc66a7b6334412ab8e61a2539ecfbd.php 第 194 行.
NOTIC: [2] Use of undefined constant pay_successdate - assumed 'pay_successdate' (this will throw an Error in a future version of PHP) C:\work\juhe\Runtime\Cache\Admin\18bc66a7b6334412ab8e61a2539ecfbd.php 第 170 行.
NOTIC: [2] Use of undefined constant ddlx - assumed 'ddlx' (this will throw an Error in a future version of PHP) C:\work\juhe\Runtime\Cache\Admin\18bc66a7b6334412ab8e61a2539ecfbd.php 第 174 行.
NOTIC: [2] Use of undefined constant pay_orderid - assumed 'pay_orderid' (this will throw an Error in a future version of PHP) C:\work\juhe\Runtime\Cache\Admin\18bc66a7b6334412ab8e61a2539ecfbd.php 第 177 行.
NOTIC: [8] Undefined index: del C:\work\juhe\Runtime\Cache\Admin\18bc66a7b6334412ab8e61a2539ecfbd.php 第 178 行.
NOTIC: [2] Use of undefined constant out_trade_id - assumed 'out_trade_id' (this will throw an Error in a future version of PHP) C:\work\juhe\Runtime\Cache\Admin\18bc66a7b6334412ab8e61a2539ecfbd.php 第 180 行.
NOTIC: [2] Use of undefined constant out_trade_id - assumed 'out_trade_id' (this will throw an Error in a future version of PHP) C:\work\juhe\Runtime\Cache\Admin\18bc66a7b6334412ab8e61a2539ecfbd.php 第 180 行.
NOTIC: [8] Undefined index: del C:\work\juhe\Runtime\Cache\Admin\18bc66a7b6334412ab8e61a2539ecfbd.php 第 181 行.
NOTIC: [8] Undefined index: pay_tjurl C:\work\juhe\Runtime\Cache\Admin\18bc66a7b6334412ab8e61a2539ecfbd.php 第 185 行.
NOTIC: [8] Undefined index: pay_tjurl C:\work\juhe\Runtime\Cache\Admin\18bc66a7b6334412ab8e61a2539ecfbd.php 第 185 行.
NOTIC: [8] Undefined index: pay_productname C:\work\juhe\Runtime\Cache\Admin\18bc66a7b6334412ab8e61a2539ecfbd.php 第 187 行.
NOTIC: [2] Use of undefined constant is_bu - assumed 'is_bu' (this will throw an Error in a future version of PHP) C:\work\juhe\Runtime\Cache\Admin\18bc66a7b6334412ab8e61a2539ecfbd.php 第 189 行.
NOTIC: [8] Undefined index: is_bu C:\work\juhe\Runtime\Cache\Admin\18bc66a7b6334412ab8e61a2539ecfbd.php 第 189 行.
NOTIC: [2] Use of undefined constant id - assumed 'id' (this will throw an Error in a future version of PHP) C:\work\juhe\Runtime\Cache\Admin\18bc66a7b6334412ab8e61a2539ecfbd.php 第 192 行.
NOTIC: [2] Use of undefined constant id - assumed 'id' (this will throw an Error in a future version of PHP) C:\work\juhe\Runtime\Cache\Admin\18bc66a7b6334412ab8e61a2539ecfbd.php 第 194 行.
NOTIC: [2] Use of undefined constant pay_successdate - assumed 'pay_successdate' (this will throw an Error in a future version of PHP) C:\work\juhe\Runtime\Cache\Admin\18bc66a7b6334412ab8e61a2539ecfbd.php 第 170 行.
NOTIC: [2] Use of undefined constant ddlx - assumed 'ddlx' (this will throw an Error in a future version of PHP) C:\work\juhe\Runtime\Cache\Admin\18bc66a7b6334412ab8e61a2539ecfbd.php 第 174 行.
NOTIC: [2] Use of undefined constant pay_orderid - assumed 'pay_orderid' (this will throw an Error in a future version of PHP) C:\work\juhe\Runtime\Cache\Admin\18bc66a7b6334412ab8e61a2539ecfbd.php 第 177 行.
NOTIC: [8] Undefined index: del C:\work\juhe\Runtime\Cache\Admin\18bc66a7b6334412ab8e61a2539ecfbd.php 第 178 行.
NOTIC: [2] Use of undefined constant out_trade_id - assumed 'out_trade_id' (this will throw an Error in a future version of PHP) C:\work\juhe\Runtime\Cache\Admin\18bc66a7b6334412ab8e61a2539ecfbd.php 第 180 行.
NOTIC: [2] Use of undefined constant out_trade_id - assumed 'out_trade_id' (this will throw an Error in a future version of PHP) C:\work\juhe\Runtime\Cache\Admin\18bc66a7b6334412ab8e61a2539ecfbd.php 第 180 行.
NOTIC: [8] Undefined index: del C:\work\juhe\Runtime\Cache\Admin\18bc66a7b6334412ab8e61a2539ecfbd.php 第 181 行.
NOTIC: [8] Undefined index: pay_tjurl C:\work\juhe\Runtime\Cache\Admin\18bc66a7b6334412ab8e61a2539ecfbd.php 第 185 行.
NOTIC: [8] Undefined index: pay_tjurl C:\work\juhe\Runtime\Cache\Admin\18bc66a7b6334412ab8e61a2539ecfbd.php 第 185 行.
NOTIC: [8] Undefined index: pay_productname C:\work\juhe\Runtime\Cache\Admin\18bc66a7b6334412ab8e61a2539ecfbd.php 第 187 行.
NOTIC: [2] Use of undefined constant is_bu - assumed 'is_bu' (this will throw an Error in a future version of PHP) C:\work\juhe\Runtime\Cache\Admin\18bc66a7b6334412ab8e61a2539ecfbd.php 第 189 行.
NOTIC: [8] Undefined index: is_bu C:\work\juhe\Runtime\Cache\Admin\18bc66a7b6334412ab8e61a2539ecfbd.php 第 189 行.
NOTIC: [2] Use of undefined constant id - assumed 'id' (this will throw an Error in a future version of PHP) C:\work\juhe\Runtime\Cache\Admin\18bc66a7b6334412ab8e61a2539ecfbd.php 第 192 行.
NOTIC: [2] Use of undefined constant id - assumed 'id' (this will throw an Error in a future version of PHP) C:\work\juhe\Runtime\Cache\Admin\18bc66a7b6334412ab8e61a2539ecfbd.php 第 194 行.
NOTIC: [2] Use of undefined constant pay_successdate - assumed 'pay_successdate' (this will throw an Error in a future version of PHP) C:\work\juhe\Runtime\Cache\Admin\18bc66a7b6334412ab8e61a2539ecfbd.php 第 170 行.
NOTIC: [2] Use of undefined constant ddlx - assumed 'ddlx' (this will throw an Error in a future version of PHP) C:\work\juhe\Runtime\Cache\Admin\18bc66a7b6334412ab8e61a2539ecfbd.php 第 174 行.
NOTIC: [2] Use of undefined constant pay_orderid - assumed 'pay_orderid' (this will throw an Error in a future version of PHP) C:\work\juhe\Runtime\Cache\Admin\18bc66a7b6334412ab8e61a2539ecfbd.php 第 177 行.
NOTIC: [8] Undefined index: del C:\work\juhe\Runtime\Cache\Admin\18bc66a7b6334412ab8e61a2539ecfbd.php 第 178 行.
NOTIC: [2] Use of undefined constant out_trade_id - assumed 'out_trade_id' (this will throw an Error in a future version of PHP) C:\work\juhe\Runtime\Cache\Admin\18bc66a7b6334412ab8e61a2539ecfbd.php 第 180 行.
NOTIC: [2] Use of undefined constant out_trade_id - assumed 'out_trade_id' (this will throw an Error in a future version of PHP) C:\work\juhe\Runtime\Cache\Admin\18bc66a7b6334412ab8e61a2539ecfbd.php 第 180 行.
NOTIC: [8] Undefined index: del C:\work\juhe\Runtime\Cache\Admin\18bc66a7b6334412ab8e61a2539ecfbd.php 第 181 行.
NOTIC: [8] Undefined index: pay_tjurl C:\work\juhe\Runtime\Cache\Admin\18bc66a7b6334412ab8e61a2539ecfbd.php 第 185 行.
NOTIC: [8] Undefined index: pay_tjurl C:\work\juhe\Runtime\Cache\Admin\18bc66a7b6334412ab8e61a2539ecfbd.php 第 185 行.
NOTIC: [8] Undefined index: pay_productname C:\work\juhe\Runtime\Cache\Admin\18bc66a7b6334412ab8e61a2539ecfbd.php 第 187 行.
NOTIC: [2] Use of undefined constant is_bu - assumed 'is_bu' (this will throw an Error in a future version of PHP) C:\work\juhe\Runtime\Cache\Admin\18bc66a7b6334412ab8e61a2539ecfbd.php 第 189 行.
NOTIC: [8] Undefined index: is_bu C:\work\juhe\Runtime\Cache\Admin\18bc66a7b6334412ab8e61a2539ecfbd.php 第 189 行.
NOTIC: [2] Use of undefined constant id - assumed 'id' (this will throw an Error in a future version of PHP) C:\work\juhe\Runtime\Cache\Admin\18bc66a7b6334412ab8e61a2539ecfbd.php 第 192 行.
NOTIC: [2] Use of undefined constant id - assumed 'id' (this will throw an Error in a future version of PHP) C:\work\juhe\Runtime\Cache\Admin\18bc66a7b6334412ab8e61a2539ecfbd.php 第 194 行.
NOTIC: [2] Use of undefined constant pay_successdate - assumed 'pay_successdate' (this will throw an Error in a future version of PHP) C:\work\juhe\Runtime\Cache\Admin\18bc66a7b6334412ab8e61a2539ecfbd.php 第 170 行.
NOTIC: [2] Use of undefined constant ddlx - assumed 'ddlx' (this will throw an Error in a future version of PHP) C:\work\juhe\Runtime\Cache\Admin\18bc66a7b6334412ab8e61a2539ecfbd.php 第 174 行.
NOTIC: [2] Use of undefined constant pay_orderid - assumed 'pay_orderid' (this will throw an Error in a future version of PHP) C:\work\juhe\Runtime\Cache\Admin\18bc66a7b6334412ab8e61a2539ecfbd.php 第 177 行.
NOTIC: [8] Undefined index: del C:\work\juhe\Runtime\Cache\Admin\18bc66a7b6334412ab8e61a2539ecfbd.php 第 178 行.
NOTIC: [2] Use of undefined constant out_trade_id - assumed 'out_trade_id' (this will throw an Error in a future version of PHP) C:\work\juhe\Runtime\Cache\Admin\18bc66a7b6334412ab8e61a2539ecfbd.php 第 180 行.
NOTIC: [2] Use of undefined constant out_trade_id - assumed 'out_trade_id' (this will throw an Error in a future version of PHP) C:\work\juhe\Runtime\Cache\Admin\18bc66a7b6334412ab8e61a2539ecfbd.php 第 180 行.
NOTIC: [8] Undefined index: del C:\work\juhe\Runtime\Cache\Admin\18bc66a7b6334412ab8e61a2539ecfbd.php 第 181 行.
NOTIC: [8] Undefined index: pay_tjurl C:\work\juhe\Runtime\Cache\Admin\18bc66a7b6334412ab8e61a2539ecfbd.php 第 185 行.
NOTIC: [8] Undefined index: pay_tjurl C:\work\juhe\Runtime\Cache\Admin\18bc66a7b6334412ab8e61a2539ecfbd.php 第 185 行.
NOTIC: [8] Undefined index: pay_productname C:\work\juhe\Runtime\Cache\Admin\18bc66a7b6334412ab8e61a2539ecfbd.php 第 187 行.
NOTIC: [2] Use of undefined constant is_bu - assumed 'is_bu' (this will throw an Error in a future version of PHP) C:\work\juhe\Runtime\Cache\Admin\18bc66a7b6334412ab8e61a2539ecfbd.php 第 189 行.
NOTIC: [8] Undefined index: is_bu C:\work\juhe\Runtime\Cache\Admin\18bc66a7b6334412ab8e61a2539ecfbd.php 第 189 行.
NOTIC: [2] Use of undefined constant id - assumed 'id' (this will throw an Error in a future version of PHP) C:\work\juhe\Runtime\Cache\Admin\18bc66a7b6334412ab8e61a2539ecfbd.php 第 192 行.
NOTIC: [2] Use of undefined constant id - assumed 'id' (this will throw an Error in a future version of PHP) C:\work\juhe\Runtime\Cache\Admin\18bc66a7b6334412ab8e61a2539ecfbd.php 第 194 行.
NOTIC: [2] Use of undefined constant pay_successdate - assumed 'pay_successdate' (this will throw an Error in a future version of PHP) C:\work\juhe\Runtime\Cache\Admin\18bc66a7b6334412ab8e61a2539ecfbd.php 第 170 行.
NOTIC: [2] Use of undefined constant ddlx - assumed 'ddlx' (this will throw an Error in a future version of PHP) C:\work\juhe\Runtime\Cache\Admin\18bc66a7b6334412ab8e61a2539ecfbd.php 第 174 行.
NOTIC: [2] Use of undefined constant pay_orderid - assumed 'pay_orderid' (this will throw an Error in a future version of PHP) C:\work\juhe\Runtime\Cache\Admin\18bc66a7b6334412ab8e61a2539ecfbd.php 第 177 行.
NOTIC: [8] Undefined index: del C:\work\juhe\Runtime\Cache\Admin\18bc66a7b6334412ab8e61a2539ecfbd.php 第 178 行.
NOTIC: [2] Use of undefined constant out_trade_id - assumed 'out_trade_id' (this will throw an Error in a future version of PHP) C:\work\juhe\Runtime\Cache\Admin\18bc66a7b6334412ab8e61a2539ecfbd.php 第 180 行.
NOTIC: [2] Use of undefined constant out_trade_id - assumed 'out_trade_id' (this will throw an Error in a future version of PHP) C:\work\juhe\Runtime\Cache\Admin\18bc66a7b6334412ab8e61a2539ecfbd.php 第 180 行.
NOTIC: [8] Undefined index: del C:\work\juhe\Runtime\Cache\Admin\18bc66a7b6334412ab8e61a2539ecfbd.php 第 181 行.
NOTIC: [8] Undefined index: pay_tjurl C:\work\juhe\Runtime\Cache\Admin\18bc66a7b6334412ab8e61a2539ecfbd.php 第 185 行.
NOTIC: [8] Undefined index: pay_tjurl C:\work\juhe\Runtime\Cache\Admin\18bc66a7b6334412ab8e61a2539ecfbd.php 第 185 行.
NOTIC: [8] Undefined index: pay_productname C:\work\juhe\Runtime\Cache\Admin\18bc66a7b6334412ab8e61a2539ecfbd.php 第 187 行.
NOTIC: [2] Use of undefined constant is_bu - assumed 'is_bu' (this will throw an Error in a future version of PHP) C:\work\juhe\Runtime\Cache\Admin\18bc66a7b6334412ab8e61a2539ecfbd.php 第 189 行.
NOTIC: [8] Undefined index: is_bu C:\work\juhe\Runtime\Cache\Admin\18bc66a7b6334412ab8e61a2539ecfbd.php 第 189 行.
NOTIC: [2] Use of undefined constant id - assumed 'id' (this will throw an Error in a future version of PHP) C:\work\juhe\Runtime\Cache\Admin\18bc66a7b6334412ab8e61a2539ecfbd.php 第 192 行.
NOTIC: [2] Use of undefined constant id - assumed 'id' (this will throw an Error in a future version of PHP) C:\work\juhe\Runtime\Cache\Admin\18bc66a7b6334412ab8e61a2539ecfbd.php 第 194 行.
NOTIC: [2] Use of undefined constant pay_successdate - assumed 'pay_successdate' (this will throw an Error in a future version of PHP) C:\work\juhe\Runtime\Cache\Admin\18bc66a7b6334412ab8e61a2539ecfbd.php 第 170 行.
NOTIC: [2] Use of undefined constant ddlx - assumed 'ddlx' (this will throw an Error in a future version of PHP) C:\work\juhe\Runtime\Cache\Admin\18bc66a7b6334412ab8e61a2539ecfbd.php 第 174 行.
NOTIC: [2] Use of undefined constant pay_orderid - assumed 'pay_orderid' (this will throw an Error in a future version of PHP) C:\work\juhe\Runtime\Cache\Admin\18bc66a7b6334412ab8e61a2539ecfbd.php 第 177 行.
NOTIC: [8] Undefined index: del C:\work\juhe\Runtime\Cache\Admin\18bc66a7b6334412ab8e61a2539ecfbd.php 第 178 行.
NOTIC: [2] Use of undefined constant out_trade_id - assumed 'out_trade_id' (this will throw an Error in a future version of PHP) C:\work\juhe\Runtime\Cache\Admin\18bc66a7b6334412ab8e61a2539ecfbd.php 第 180 行.
NOTIC: [2] Use of undefined constant out_trade_id - assumed 'out_trade_id' (this will throw an Error in a future version of PHP) C:\work\juhe\Runtime\Cache\Admin\18bc66a7b6334412ab8e61a2539ecfbd.php 第 180 行.
NOTIC: [8] Undefined index: del C:\work\juhe\Runtime\Cache\Admin\18bc66a7b6334412ab8e61a2539ecfbd.php 第 181 行.
NOTIC: [8] Undefined index: pay_tjurl C:\work\juhe\Runtime\Cache\Admin\18bc66a7b6334412ab8e61a2539ecfbd.php 第 185 行.
NOTIC: [8] Undefined index: pay_tjurl C:\work\juhe\Runtime\Cache\Admin\18bc66a7b6334412ab8e61a2539ecfbd.php 第 185 行.
NOTIC: [8] Undefined index: pay_productname C:\work\juhe\Runtime\Cache\Admin\18bc66a7b6334412ab8e61a2539ecfbd.php 第 187 行.
NOTIC: [2] Use of undefined constant is_bu - assumed 'is_bu' (this will throw an Error in a future version of PHP) C:\work\juhe\Runtime\Cache\Admin\18bc66a7b6334412ab8e61a2539ecfbd.php 第 189 行.
NOTIC: [8] Undefined index: is_bu C:\work\juhe\Runtime\Cache\Admin\18bc66a7b6334412ab8e61a2539ecfbd.php 第 189 行.
NOTIC: [2] Use of undefined constant id - assumed 'id' (this will throw an Error in a future version of PHP) C:\work\juhe\Runtime\Cache\Admin\18bc66a7b6334412ab8e61a2539ecfbd.php 第 192 行.
NOTIC: [2] Use of undefined constant id - assumed 'id' (this will throw an Error in a future version of PHP) C:\work\juhe\Runtime\Cache\Admin\18bc66a7b6334412ab8e61a2539ecfbd.php 第 194 行.
NOTIC: [2] Use of undefined constant pay_successdate - assumed 'pay_successdate' (this will throw an Error in a future version of PHP) C:\work\juhe\Runtime\Cache\Admin\18bc66a7b6334412ab8e61a2539ecfbd.php 第 170 行.
NOTIC: [2] Use of undefined constant ddlx - assumed 'ddlx' (this will throw an Error in a future version of PHP) C:\work\juhe\Runtime\Cache\Admin\18bc66a7b6334412ab8e61a2539ecfbd.php 第 174 行.
NOTIC: [2] Use of undefined constant pay_orderid - assumed 'pay_orderid' (this will throw an Error in a future version of PHP) C:\work\juhe\Runtime\Cache\Admin\18bc66a7b6334412ab8e61a2539ecfbd.php 第 177 行.
NOTIC: [8] Undefined index: del C:\work\juhe\Runtime\Cache\Admin\18bc66a7b6334412ab8e61a2539ecfbd.php 第 178 行.
NOTIC: [2] Use of undefined constant out_trade_id - assumed 'out_trade_id' (this will throw an Error in a future version of PHP) C:\work\juhe\Runtime\Cache\Admin\18bc66a7b6334412ab8e61a2539ecfbd.php 第 180 行.
NOTIC: [2] Use of undefined constant out_trade_id - assumed 'out_trade_id' (this will throw an Error in a future version of PHP) C:\work\juhe\Runtime\Cache\Admin\18bc66a7b6334412ab8e61a2539ecfbd.php 第 180 行.
NOTIC: [8] Undefined index: del C:\work\juhe\Runtime\Cache\Admin\18bc66a7b6334412ab8e61a2539ecfbd.php 第 181 行.
NOTIC: [8] Undefined index: pay_tjurl C:\work\juhe\Runtime\Cache\Admin\18bc66a7b6334412ab8e61a2539ecfbd.php 第 185 行.
NOTIC: [8] Undefined index: pay_tjurl C:\work\juhe\Runtime\Cache\Admin\18bc66a7b6334412ab8e61a2539ecfbd.php 第 185 行.
NOTIC: [8] Undefined index: pay_productname C:\work\juhe\Runtime\Cache\Admin\18bc66a7b6334412ab8e61a2539ecfbd.php 第 187 行.
NOTIC: [2] Use of undefined constant is_bu - assumed 'is_bu' (this will throw an Error in a future version of PHP) C:\work\juhe\Runtime\Cache\Admin\18bc66a7b6334412ab8e61a2539ecfbd.php 第 189 行.
NOTIC: [8] Undefined index: is_bu C:\work\juhe\Runtime\Cache\Admin\18bc66a7b6334412ab8e61a2539ecfbd.php 第 189 行.
NOTIC: [2] Use of undefined constant id - assumed 'id' (this will throw an Error in a future version of PHP) C:\work\juhe\Runtime\Cache\Admin\18bc66a7b6334412ab8e61a2539ecfbd.php 第 192 行.
NOTIC: [2] Use of undefined constant id - assumed 'id' (this will throw an Error in a future version of PHP) C:\work\juhe\Runtime\Cache\Admin\18bc66a7b6334412ab8e61a2539ecfbd.php 第 194 行.
NOTIC: [2] Use of undefined constant pay_successdate - assumed 'pay_successdate' (this will throw an Error in a future version of PHP) C:\work\juhe\Runtime\Cache\Admin\18bc66a7b6334412ab8e61a2539ecfbd.php 第 170 行.
NOTIC: [2] Use of undefined constant ddlx - assumed 'ddlx' (this will throw an Error in a future version of PHP) C:\work\juhe\Runtime\Cache\Admin\18bc66a7b6334412ab8e61a2539ecfbd.php 第 174 行.
NOTIC: [2] Use of undefined constant pay_orderid - assumed 'pay_orderid' (this will throw an Error in a future version of PHP) C:\work\juhe\Runtime\Cache\Admin\18bc66a7b6334412ab8e61a2539ecfbd.php 第 177 行.
NOTIC: [8] Undefined index: del C:\work\juhe\Runtime\Cache\Admin\18bc66a7b6334412ab8e61a2539ecfbd.php 第 178 行.
NOTIC: [2] Use of undefined constant out_trade_id - assumed 'out_trade_id' (this will throw an Error in a future version of PHP) C:\work\juhe\Runtime\Cache\Admin\18bc66a7b6334412ab8e61a2539ecfbd.php 第 180 行.
NOTIC: [2] Use of undefined constant out_trade_id - assumed 'out_trade_id' (this will throw an Error in a future version of PHP) C:\work\juhe\Runtime\Cache\Admin\18bc66a7b6334412ab8e61a2539ecfbd.php 第 180 行.
NOTIC: [8] Undefined index: del C:\work\juhe\Runtime\Cache\Admin\18bc66a7b6334412ab8e61a2539ecfbd.php 第 181 行.
NOTIC: [8] Undefined index: pay_tjurl C:\work\juhe\Runtime\Cache\Admin\18bc66a7b6334412ab8e61a2539ecfbd.php 第 185 行.
NOTIC: [8] Undefined index: pay_tjurl C:\work\juhe\Runtime\Cache\Admin\18bc66a7b6334412ab8e61a2539ecfbd.php 第 185 行.
NOTIC: [8] Undefined index: pay_productname C:\work\juhe\Runtime\Cache\Admin\18bc66a7b6334412ab8e61a2539ecfbd.php 第 187 行.
NOTIC: [2] Use of undefined constant is_bu - assumed 'is_bu' (this will throw an Error in a future version of PHP) C:\work\juhe\Runtime\Cache\Admin\18bc66a7b6334412ab8e61a2539ecfbd.php 第 189 行.
NOTIC: [8] Undefined index: is_bu C:\work\juhe\Runtime\Cache\Admin\18bc66a7b6334412ab8e61a2539ecfbd.php 第 189 行.
NOTIC: [2] Use of undefined constant id - assumed 'id' (this will throw an Error in a future version of PHP) C:\work\juhe\Runtime\Cache\Admin\18bc66a7b6334412ab8e61a2539ecfbd.php 第 192 行.
NOTIC: [2] Use of undefined constant id - assumed 'id' (this will throw an Error in a future version of PHP) C:\work\juhe\Runtime\Cache\Admin\18bc66a7b6334412ab8e61a2539ecfbd.php 第 194 行.
NOTIC: [2] Use of undefined constant pay_successdate - assumed 'pay_successdate' (this will throw an Error in a future version of PHP) C:\work\juhe\Runtime\Cache\Admin\18bc66a7b6334412ab8e61a2539ecfbd.php 第 170 行.
NOTIC: [2] Use of undefined constant ddlx - assumed 'ddlx' (this will throw an Error in a future version of PHP) C:\work\juhe\Runtime\Cache\Admin\18bc66a7b6334412ab8e61a2539ecfbd.php 第 174 行.
NOTIC: [2] Use of undefined constant pay_orderid - assumed 'pay_orderid' (this will throw an Error in a future version of PHP) C:\work\juhe\Runtime\Cache\Admin\18bc66a7b6334412ab8e61a2539ecfbd.php 第 177 行.
NOTIC: [8] Undefined index: del C:\work\juhe\Runtime\Cache\Admin\18bc66a7b6334412ab8e61a2539ecfbd.php 第 178 行.
NOTIC: [2] Use of undefined constant out_trade_id - assumed 'out_trade_id' (this will throw an Error in a future version of PHP) C:\work\juhe\Runtime\Cache\Admin\18bc66a7b6334412ab8e61a2539ecfbd.php 第 180 行.
NOTIC: [2] Use of undefined constant out_trade_id - assumed 'out_trade_id' (this will throw an Error in a future version of PHP) C:\work\juhe\Runtime\Cache\Admin\18bc66a7b6334412ab8e61a2539ecfbd.php 第 180 行.
NOTIC: [8] Undefined index: del C:\work\juhe\Runtime\Cache\Admin\18bc66a7b6334412ab8e61a2539ecfbd.php 第 181 行.
NOTIC: [8] Undefined index: pay_tjurl C:\work\juhe\Runtime\Cache\Admin\18bc66a7b6334412ab8e61a2539ecfbd.php 第 185 行.
NOTIC: [8] Undefined index: pay_tjurl C:\work\juhe\Runtime\Cache\Admin\18bc66a7b6334412ab8e61a2539ecfbd.php 第 185 行.
NOTIC: [8] Undefined index: pay_productname C:\work\juhe\Runtime\Cache\Admin\18bc66a7b6334412ab8e61a2539ecfbd.php 第 187 行.
NOTIC: [2] Use of undefined constant is_bu - assumed 'is_bu' (this will throw an Error in a future version of PHP) C:\work\juhe\Runtime\Cache\Admin\18bc66a7b6334412ab8e61a2539ecfbd.php 第 189 行.
NOTIC: [8] Undefined index: is_bu C:\work\juhe\Runtime\Cache\Admin\18bc66a7b6334412ab8e61a2539ecfbd.php 第 189 行.
NOTIC: [2] Use of undefined constant id - assumed 'id' (this will throw an Error in a future version of PHP) C:\work\juhe\Runtime\Cache\Admin\18bc66a7b6334412ab8e61a2539ecfbd.php 第 192 行.
NOTIC: [2] Use of undefined constant id - assumed 'id' (this will throw an Error in a future version of PHP) C:\work\juhe\Runtime\Cache\Admin\18bc66a7b6334412ab8e61a2539ecfbd.php 第 194 行.
NOTIC: [2] Use of undefined constant pay_successdate - assumed 'pay_successdate' (this will throw an Error in a future version of PHP) C:\work\juhe\Runtime\Cache\Admin\18bc66a7b6334412ab8e61a2539ecfbd.php 第 170 行.
NOTIC: [2] Use of undefined constant ddlx - assumed 'ddlx' (this will throw an Error in a future version of PHP) C:\work\juhe\Runtime\Cache\Admin\18bc66a7b6334412ab8e61a2539ecfbd.php 第 174 行.
NOTIC: [2] Use of undefined constant pay_orderid - assumed 'pay_orderid' (this will throw an Error in a future version of PHP) C:\work\juhe\Runtime\Cache\Admin\18bc66a7b6334412ab8e61a2539ecfbd.php 第 177 行.
NOTIC: [8] Undefined index: del C:\work\juhe\Runtime\Cache\Admin\18bc66a7b6334412ab8e61a2539ecfbd.php 第 178 行.
NOTIC: [2] Use of undefined constant out_trade_id - assumed 'out_trade_id' (this will throw an Error in a future version of PHP) C:\work\juhe\Runtime\Cache\Admin\18bc66a7b6334412ab8e61a2539ecfbd.php 第 180 行.
NOTIC: [2] Use of undefined constant out_trade_id - assumed 'out_trade_id' (this will throw an Error in a future version of PHP) C:\work\juhe\Runtime\Cache\Admin\18bc66a7b6334412ab8e61a2539ecfbd.php 第 180 行.
NOTIC: [8] Undefined index: del C:\work\juhe\Runtime\Cache\Admin\18bc66a7b6334412ab8e61a2539ecfbd.php 第 181 行.
NOTIC: [8] Undefined index: pay_tjurl C:\work\juhe\Runtime\Cache\Admin\18bc66a7b6334412ab8e61a2539ecfbd.php 第 185 行.
NOTIC: [8] Undefined index: pay_tjurl C:\work\juhe\Runtime\Cache\Admin\18bc66a7b6334412ab8e61a2539ecfbd.php 第 185 行.
NOTIC: [8] Undefined index: pay_productname C:\work\juhe\Runtime\Cache\Admin\18bc66a7b6334412ab8e61a2539ecfbd.php 第 187 行.
NOTIC: [2] Use of undefined constant is_bu - assumed 'is_bu' (this will throw an Error in a future version of PHP) C:\work\juhe\Runtime\Cache\Admin\18bc66a7b6334412ab8e61a2539ecfbd.php 第 189 行.
NOTIC: [8] Undefined index: is_bu C:\work\juhe\Runtime\Cache\Admin\18bc66a7b6334412ab8e61a2539ecfbd.php 第 189 行.
NOTIC: [2] Use of undefined constant id - assumed 'id' (this will throw an Error in a future version of PHP) C:\work\juhe\Runtime\Cache\Admin\18bc66a7b6334412ab8e61a2539ecfbd.php 第 192 行.
NOTIC: [2] Use of undefined constant id - assumed 'id' (this will throw an Error in a future version of PHP) C:\work\juhe\Runtime\Cache\Admin\18bc66a7b6334412ab8e61a2539ecfbd.php 第 194 行.
NOTIC: [2] Use of undefined constant pay_successdate - assumed 'pay_successdate' (this will throw an Error in a future version of PHP) C:\work\juhe\Runtime\Cache\Admin\18bc66a7b6334412ab8e61a2539ecfbd.php 第 170 行.
NOTIC: [2] Use of undefined constant ddlx - assumed 'ddlx' (this will throw an Error in a future version of PHP) C:\work\juhe\Runtime\Cache\Admin\18bc66a7b6334412ab8e61a2539ecfbd.php 第 174 行.
NOTIC: [2] Use of undefined constant pay_orderid - assumed 'pay_orderid' (this will throw an Error in a future version of PHP) C:\work\juhe\Runtime\Cache\Admin\18bc66a7b6334412ab8e61a2539ecfbd.php 第 177 行.
NOTIC: [8] Undefined index: del C:\work\juhe\Runtime\Cache\Admin\18bc66a7b6334412ab8e61a2539ecfbd.php 第 178 行.
NOTIC: [2] Use of undefined constant out_trade_id - assumed 'out_trade_id' (this will throw an Error in a future version of PHP) C:\work\juhe\Runtime\Cache\Admin\18bc66a7b6334412ab8e61a2539ecfbd.php 第 180 行.
NOTIC: [2] Use of undefined constant out_trade_id - assumed 'out_trade_id' (this will throw an Error in a future version of PHP) C:\work\juhe\Runtime\Cache\Admin\18bc66a7b6334412ab8e61a2539ecfbd.php 第 180 行.
NOTIC: [8] Undefined index: del C:\work\juhe\Runtime\Cache\Admin\18bc66a7b6334412ab8e61a2539ecfbd.php 第 181 行.
NOTIC: [8] Undefined index: pay_tjurl C:\work\juhe\Runtime\Cache\Admin\18bc66a7b6334412ab8e61a2539ecfbd.php 第 185 行.
NOTIC: [8] Undefined index: pay_tjurl C:\work\juhe\Runtime\Cache\Admin\18bc66a7b6334412ab8e61a2539ecfbd.php 第 185 行.
NOTIC: [8] Undefined index: pay_productname C:\work\juhe\Runtime\Cache\Admin\18bc66a7b6334412ab8e61a2539ecfbd.php 第 187 行.
NOTIC: [2] Use of undefined constant is_bu - assumed 'is_bu' (this will throw an Error in a future version of PHP) C:\work\juhe\Runtime\Cache\Admin\18bc66a7b6334412ab8e61a2539ecfbd.php 第 189 行.
NOTIC: [8] Undefined index: is_bu C:\work\juhe\Runtime\Cache\Admin\18bc66a7b6334412ab8e61a2539ecfbd.php 第 189 行.
NOTIC: [2] Use of undefined constant id - assumed 'id' (this will throw an Error in a future version of PHP) C:\work\juhe\Runtime\Cache\Admin\18bc66a7b6334412ab8e61a2539ecfbd.php 第 192 行.
NOTIC: [2] Use of undefined constant id - assumed 'id' (this will throw an Error in a future version of PHP) C:\work\juhe\Runtime\Cache\Admin\18bc66a7b6334412ab8e61a2539ecfbd.php 第 194 行.
NOTIC: [2] Use of undefined constant pay_successdate - assumed 'pay_successdate' (this will throw an Error in a future version of PHP) C:\work\juhe\Runtime\Cache\Admin\18bc66a7b6334412ab8e61a2539ecfbd.php 第 170 行.
NOTIC: [2] Use of undefined constant ddlx - assumed 'ddlx' (this will throw an Error in a future version of PHP) C:\work\juhe\Runtime\Cache\Admin\18bc66a7b6334412ab8e61a2539ecfbd.php 第 174 行.
NOTIC: [2] Use of undefined constant pay_orderid - assumed 'pay_orderid' (this will throw an Error in a future version of PHP) C:\work\juhe\Runtime\Cache\Admin\18bc66a7b6334412ab8e61a2539ecfbd.php 第 177 行.
NOTIC: [8] Undefined index: del C:\work\juhe\Runtime\Cache\Admin\18bc66a7b6334412ab8e61a2539ecfbd.php 第 178 行.
NOTIC: [2] Use of undefined constant out_trade_id - assumed 'out_trade_id' (this will throw an Error in a future version of PHP) C:\work\juhe\Runtime\Cache\Admin\18bc66a7b6334412ab8e61a2539ecfbd.php 第 180 行.
NOTIC: [2] Use of undefined constant out_trade_id - assumed 'out_trade_id' (this will throw an Error in a future version of PHP) C:\work\juhe\Runtime\Cache\Admin\18bc66a7b6334412ab8e61a2539ecfbd.php 第 180 行.
NOTIC: [8] Undefined index: del C:\work\juhe\Runtime\Cache\Admin\18bc66a7b6334412ab8e61a2539ecfbd.php 第 181 行.
NOTIC: [8] Undefined index: pay_tjurl C:\work\juhe\Runtime\Cache\Admin\18bc66a7b6334412ab8e61a2539ecfbd.php 第 185 行.
NOTIC: [8] Undefined index: pay_tjurl C:\work\juhe\Runtime\Cache\Admin\18bc66a7b6334412ab8e61a2539ecfbd.php 第 185 行.
NOTIC: [8] Undefined index: pay_productname C:\work\juhe\Runtime\Cache\Admin\18bc66a7b6334412ab8e61a2539ecfbd.php 第 187 行.
NOTIC: [2] Use of undefined constant is_bu - assumed 'is_bu' (this will throw an Error in a future version of PHP) C:\work\juhe\Runtime\Cache\Admin\18bc66a7b6334412ab8e61a2539ecfbd.php 第 189 行.
NOTIC: [8] Undefined index: is_bu C:\work\juhe\Runtime\Cache\Admin\18bc66a7b6334412ab8e61a2539ecfbd.php 第 189 行.
NOTIC: [2] Use of undefined constant id - assumed 'id' (this will throw an Error in a future version of PHP) C:\work\juhe\Runtime\Cache\Admin\18bc66a7b6334412ab8e61a2539ecfbd.php 第 192 行.
NOTIC: [2] Use of undefined constant id - assumed 'id' (this will throw an Error in a future version of PHP) C:\work\juhe\Runtime\Cache\Admin\18bc66a7b6334412ab8e61a2539ecfbd.php 第 194 行.
NOTIC: [2] Use of undefined constant pay_successdate - assumed 'pay_successdate' (this will throw an Error in a future version of PHP) C:\work\juhe\Runtime\Cache\Admin\18bc66a7b6334412ab8e61a2539ecfbd.php 第 170 行.
NOTIC: [2] Use of undefined constant ddlx - assumed 'ddlx' (this will throw an Error in a future version of PHP) C:\work\juhe\Runtime\Cache\Admin\18bc66a7b6334412ab8e61a2539ecfbd.php 第 174 行.
NOTIC: [2] Use of undefined constant pay_orderid - assumed 'pay_orderid' (this will throw an Error in a future version of PHP) C:\work\juhe\Runtime\Cache\Admin\18bc66a7b6334412ab8e61a2539ecfbd.php 第 177 行.
NOTIC: [8] Undefined index: del C:\work\juhe\Runtime\Cache\Admin\18bc66a7b6334412ab8e61a2539ecfbd.php 第 178 行.
NOTIC: [2] Use of undefined constant out_trade_id - assumed 'out_trade_id' (this will throw an Error in a future version of PHP) C:\work\juhe\Runtime\Cache\Admin\18bc66a7b6334412ab8e61a2539ecfbd.php 第 180 行.
NOTIC: [2] Use of undefined constant out_trade_id - assumed 'out_trade_id' (this will throw an Error in a future version of PHP) C:\work\juhe\Runtime\Cache\Admin\18bc66a7b6334412ab8e61a2539ecfbd.php 第 180 行.
NOTIC: [8] Undefined index: del C:\work\juhe\Runtime\Cache\Admin\18bc66a7b6334412ab8e61a2539ecfbd.php 第 181 行.
NOTIC: [8] Undefined index: pay_tjurl C:\work\juhe\Runtime\Cache\Admin\18bc66a7b6334412ab8e61a2539ecfbd.php 第 185 行.
NOTIC: [8] Undefined index: pay_tjurl C:\work\juhe\Runtime\Cache\Admin\18bc66a7b6334412ab8e61a2539ecfbd.php 第 185 行.
NOTIC: [8] Undefined index: pay_productname C:\work\juhe\Runtime\Cache\Admin\18bc66a7b6334412ab8e61a2539ecfbd.php 第 187 行.
NOTIC: [2] Use of undefined constant is_bu - assumed 'is_bu' (this will throw an Error in a future version of PHP) C:\work\juhe\Runtime\Cache\Admin\18bc66a7b6334412ab8e61a2539ecfbd.php 第 189 行.
NOTIC: [8] Undefined index: is_bu C:\work\juhe\Runtime\Cache\Admin\18bc66a7b6334412ab8e61a2539ecfbd.php 第 189 行.
NOTIC: [2] Use of undefined constant id - assumed 'id' (this will throw an Error in a future version of PHP) C:\work\juhe\Runtime\Cache\Admin\18bc66a7b6334412ab8e61a2539ecfbd.php 第 192 行.
NOTIC: [2] Use of undefined constant id - assumed 'id' (this will throw an Error in a future version of PHP) C:\work\juhe\Runtime\Cache\Admin\18bc66a7b6334412ab8e61a2539ecfbd.php 第 194 行.
NOTIC: [2] Use of undefined constant rows - assumed 'rows' (this will throw an Error in a future version of PHP) C:\work\juhe\Runtime\Cache\Admin\18bc66a7b6334412ab8e61a2539ecfbd.php 第 205 行.
NOTIC: [8] Undefined index: rows C:\work\juhe\Runtime\Cache\Admin\18bc66a7b6334412ab8e61a2539ecfbd.php 第 205 行.
NOTIC: [2] Use of undefined constant rows - assumed 'rows' (this will throw an Error in a future version of PHP) C:\work\juhe\Runtime\Cache\Admin\18bc66a7b6334412ab8e61a2539ecfbd.php 第 206 行.
NOTIC: [8] Undefined index: rows C:\work\juhe\Runtime\Cache\Admin\18bc66a7b6334412ab8e61a2539ecfbd.php 第 206 行.
NOTIC: [2] Use of undefined constant rows - assumed 'rows' (this will throw an Error in a future version of PHP) C:\work\juhe\Runtime\Cache\Admin\18bc66a7b6334412ab8e61a2539ecfbd.php 第 207 行.
NOTIC: [8] Undefined index: rows C:\work\juhe\Runtime\Cache\Admin\18bc66a7b6334412ab8e61a2539ecfbd.php 第 207 行.
NOTIC: [2] Use of undefined constant rows - assumed 'rows' (this will throw an Error in a future version of PHP) C:\work\juhe\Runtime\Cache\Admin\18bc66a7b6334412ab8e61a2539ecfbd.php 第 208 行.
NOTIC: [8] Undefined index: rows C:\work\juhe\Runtime\Cache\Admin\18bc66a7b6334412ab8e61a2539ecfbd.php 第 208 行.
NOTIC: [2] Use of undefined constant rows - assumed 'rows' (this will throw an Error in a future version of PHP) C:\work\juhe\Runtime\Cache\Admin\18bc66a7b6334412ab8e61a2539ecfbd.php 第 209 行.
NOTIC: [8] Undefined index: rows C:\work\juhe\Runtime\Cache\Admin\18bc66a7b6334412ab8e61a2539ecfbd.php 第 209 行.
NOTIC: [2] Use of undefined constant memberid - assumed 'memberid' (this will throw an Error in a future version of PHP) C:\work\juhe\Runtime\Cache\Admin\18bc66a7b6334412ab8e61a2539ecfbd.php 第 286 行.
NOTIC: [2] Use of undefined constant orderid - assumed 'orderid' (this will throw an Error in a future version of PHP) C:\work\juhe\Runtime\Cache\Admin\18bc66a7b6334412ab8e61a2539ecfbd.php 第 286 行.
NOTIC: [2] Use of undefined constant createtime - assumed 'createtime' (this will throw an Error in a future version of PHP) C:\work\juhe\Runtime\Cache\Admin\18bc66a7b6334412ab8e61a2539ecfbd.php 第 286 行.
NOTIC: [2] Use of undefined constant successtime - assumed 'successtime' (this will throw an Error in a future version of PHP) C:\work\juhe\Runtime\Cache\Admin\18bc66a7b6334412ab8e61a2539ecfbd.php 第 286 行.
NOTIC: [2] Use of undefined constant tongdao - assumed 'tongdao' (this will throw an Error in a future version of PHP) C:\work\juhe\Runtime\Cache\Admin\18bc66a7b6334412ab8e61a2539ecfbd.php 第 286 行.
NOTIC: [2] Use of undefined constant bank - assumed 'bank' (this will throw an Error in a future version of PHP) C:\work\juhe\Runtime\Cache\Admin\18bc66a7b6334412ab8e61a2539ecfbd.php 第 286 行.
NOTIC: [2] Use of undefined constant status - assumed 'status' (this will throw an Error in a future version of PHP) C:\work\juhe\Runtime\Cache\Admin\18bc66a7b6334412ab8e61a2539ecfbd.php 第 286 行.
NOTIC: [2] Use of undefined constant ddlx - assumed 'ddlx' (this will throw an Error in a future version of PHP) C:\work\juhe\Runtime\Cache\Admin\18bc66a7b6334412ab8e61a2539ecfbd.php 第 286 行.
INFO: Run Behavior\ParseTemplateBehavior [ RunTime:0.009502s ]
INFO: [ view_parse ] --END-- [ RunTime:0.009521s ]
INFO: [ view_filter ] --START--
INFO: Run Behavior\WriteHtmlCacheBehavior [ RunTime:0.000596s ]
INFO: Run Behavior\TokenBuildBehavior [ RunTime:0.000633s ]
INFO: [ view_filter ] --END-- [ RunTime:0.001257s ]
INFO: [ app_end ] --START--
INFO: Run Behavior\ShowPageTraceBehavior [ RunTime:0.000872s ]
INFO: [ app_end ] --END-- [ RunTime:0.000897s ]

[ 2019-01-28T16:50:50+08:00 ] 127.0.0.1 /manage_PayForAnother_index.html
INFO: [ app_init ] --START--
INFO: Run Behavior\BuildLiteBehavior [ RunTime:0.000008s ]
INFO: [ app_init ] --END-- [ RunTime:0.000038s ]
INFO: [ app_begin ] --START--
INFO: Run Behavior\ReadHtmlCacheBehavior [ RunTime:0.000670s ]
INFO: Run Behavior\CheckLangBehavior [ RunTime:0.001087s ]
INFO: [ app_begin ] --END-- [ RunTime:0.001794s ]
SQL: SHOW COLUMNS FROM `pay_admin` [ RunTime:0.0011s ]
SQL: SELECT `groupid` FROM `pay_admin` WHERE `id` = 6 LIMIT 1   [ RunTime:0.0014s ]
SQL: SHOW COLUMNS FROM `pay_websiteconfig` [ RunTime:0.0012s ]
SQL: SELECT * FROM `pay_websiteconfig` LIMIT 1   [ RunTime:0.0004s ]
SQL: SELECT `session_random` FROM `pay_admin` WHERE `id` = 6 LIMIT 1   [ RunTime:0.0003s ]
SQL: SHOW COLUMNS FROM `pay_member_agent_cate` [ RunTime:0.0005s ]
SQL: SELECT * FROM `pay_member_agent_cate`  [ RunTime:0.0008s ]
SQL: SHOW COLUMNS FROM `pay_auth_group_access` [ RunTime:0.0005s ]
SQL: SELECT b.rules FROM pay_auth_group_access a LEFT JOIN pay_auth_group b ON b.id=a.group_id  WHERE a.uid = '6'  [ RunTime:0.0003s ]
SQL: SHOW COLUMNS FROM `pay_auth_rule` [ RunTime:0.0005s ]
SQL: SELECT * FROM `pay_auth_rule` WHERE `id` IN ('1','49','2','3','51','4','57','5','55','56','58','59','6','43','44','52','53','48','70','54','7','8','60','61','62','9','63','64','65','66','10','67','68','69','11','12','79','80','81','82','83','84','85','86','87','88','89','90','91','93','94','95','96','97','98','99','100','101','13','14','15','92','16','73','76','77','78','17','18','19','71','75','20','21','72','74','22','23','24','25','26','46','27','28','108','29','102','30','103','107','104','105','109','110','111','31','32','33','34','35','36','37','38','39','40','41','42','45','47','116','117','118') AND `is_menu` = 1 AND `status` = 1  [ RunTime:0.0006s ]
SQL: SHOW COLUMNS FROM `pay_order` [ RunTime:0.0031s ]
SQL: SELECT COUNT(*) AS tp_count FROM `pay_order` WHERE `pay_successdate` BETWEEN 1548604800 AND 1548691199 AND `pay_status` IN ('1','2') LIMIT 1   [ RunTime:0.0812s ]
SQL: SELECT COUNT(*) AS tp_count FROM `pay_order` WHERE `pay_applydate` BETWEEN 1548604800 AND 1548691199 LIMIT 1   [ RunTime:0.0786s ]
SQL: SHOW COLUMNS FROM `pay_pay_for_another` [ RunTime:0.0008s ]
SQL: SELECT COUNT(*) AS tp_count FROM `pay_pay_for_another` LIMIT 1   [ RunTime:0.0007s ]
SQL: SELECT * FROM `pay_pay_for_another` LIMIT 0,15   [ RunTime:0.0007s ]
INFO: [ view_parse ] --START--
INFO: [ template_filter ] --START--
INFO: Run Behavior\ContentReplaceBehavior [ RunTime:0.000024s ]
INFO: [ template_filter ] --END-- [ RunTime:0.000045s ]
NOTIC: [2] Use of undefined constant id - assumed 'id' (this will throw an Error in a future version of PHP) C:\work\juhe\Runtime\Cache\Admin\c1dfebf609fb69e91ee1f10455818bc9.php 第 64 行.
NOTIC: [2] Use of undefined constant id - assumed 'id' (this will throw an Error in a future version of PHP) C:\work\juhe\Runtime\Cache\Admin\c1dfebf609fb69e91ee1f10455818bc9.php 第 66 行.
NOTIC: [2] Use of undefined constant id - assumed 'id' (this will throw an Error in a future version of PHP) C:\work\juhe\Runtime\Cache\Admin\c1dfebf609fb69e91ee1f10455818bc9.php 第 68 行.
NOTIC: [2] Use of undefined constant id - assumed 'id' (this will throw an Error in a future version of PHP) C:\work\juhe\Runtime\Cache\Admin\c1dfebf609fb69e91ee1f10455818bc9.php 第 64 行.
NOTIC: [2] Use of undefined constant id - assumed 'id' (this will throw an Error in a future version of PHP) C:\work\juhe\Runtime\Cache\Admin\c1dfebf609fb69e91ee1f10455818bc9.php 第 66 行.
NOTIC: [2] Use of undefined constant id - assumed 'id' (this will throw an Error in a future version of PHP) C:\work\juhe\Runtime\Cache\Admin\c1dfebf609fb69e91ee1f10455818bc9.php 第 68 行.
NOTIC: [2] Use of undefined constant id - assumed 'id' (this will throw an Error in a future version of PHP) C:\work\juhe\Runtime\Cache\Admin\c1dfebf609fb69e91ee1f10455818bc9.php 第 64 行.
NOTIC: [2] Use of undefined constant id - assumed 'id' (this will throw an Error in a future version of PHP) C:\work\juhe\Runtime\Cache\Admin\c1dfebf609fb69e91ee1f10455818bc9.php 第 66 行.
NOTIC: [2] Use of undefined constant id - assumed 'id' (this will throw an Error in a future version of PHP) C:\work\juhe\Runtime\Cache\Admin\c1dfebf609fb69e91ee1f10455818bc9.php 第 68 行.
NOTIC: [2] Use of undefined constant id - assumed 'id' (this will throw an Error in a future version of PHP) C:\work\juhe\Runtime\Cache\Admin\c1dfebf609fb69e91ee1f10455818bc9.php 第 64 行.
NOTIC: [2] Use of undefined constant id - assumed 'id' (this will throw an Error in a future version of PHP) C:\work\juhe\Runtime\Cache\Admin\c1dfebf609fb69e91ee1f10455818bc9.php 第 66 行.
NOTIC: [2] Use of undefined constant id - assumed 'id' (this will throw an Error in a future version of PHP) C:\work\juhe\Runtime\Cache\Admin\c1dfebf609fb69e91ee1f10455818bc9.php 第 68 行.
NOTIC: [2] Use of undefined constant id - assumed 'id' (this will throw an Error in a future version of PHP) C:\work\juhe\Runtime\Cache\Admin\c1dfebf609fb69e91ee1f10455818bc9.php 第 64 行.
NOTIC: [2] Use of undefined constant id - assumed 'id' (this will throw an Error in a future version of PHP) C:\work\juhe\Runtime\Cache\Admin\c1dfebf609fb69e91ee1f10455818bc9.php 第 66 行.
NOTIC: [2] Use of undefined constant id - assumed 'id' (this will throw an Error in a future version of PHP) C:\work\juhe\Runtime\Cache\Admin\c1dfebf609fb69e91ee1f10455818bc9.php 第 68 行.
NOTIC: [2] Use of undefined constant id - assumed 'id' (this will throw an Error in a future version of PHP) C:\work\juhe\Runtime\Cache\Admin\c1dfebf609fb69e91ee1f10455818bc9.php 第 64 行.
NOTIC: [2] Use of undefined constant id - assumed 'id' (this will throw an Error in a future version of PHP) C:\work\juhe\Runtime\Cache\Admin\c1dfebf609fb69e91ee1f10455818bc9.php 第 66 行.
NOTIC: [2] Use of undefined constant id - assumed 'id' (this will throw an Error in a future version of PHP) C:\work\juhe\Runtime\Cache\Admin\c1dfebf609fb69e91ee1f10455818bc9.php 第 68 行.
NOTIC: [2] Use of undefined constant id - assumed 'id' (this will throw an Error in a future version of PHP) C:\work\juhe\Runtime\Cache\Admin\c1dfebf609fb69e91ee1f10455818bc9.php 第 64 行.
NOTIC: [2] Use of undefined constant id - assumed 'id' (this will throw an Error in a future version of PHP) C:\work\juhe\Runtime\Cache\Admin\c1dfebf609fb69e91ee1f10455818bc9.php 第 66 行.
NOTIC: [2] Use of undefined constant id - assumed 'id' (this will throw an Error in a future version of PHP) C:\work\juhe\Runtime\Cache\Admin\c1dfebf609fb69e91ee1f10455818bc9.php 第 68 行.
NOTIC: [2] Use of undefined constant id - assumed 'id' (this will throw an Error in a future version of PHP) C:\work\juhe\Runtime\Cache\Admin\c1dfebf609fb69e91ee1f10455818bc9.php 第 64 行.
NOTIC: [2] Use of undefined constant id - assumed 'id' (this will throw an Error in a future version of PHP) C:\work\juhe\Runtime\Cache\Admin\c1dfebf609fb69e91ee1f10455818bc9.php 第 66 行.
NOTIC: [2] Use of undefined constant id - assumed 'id' (this will throw an Error in a future version of PHP) C:\work\juhe\Runtime\Cache\Admin\c1dfebf609fb69e91ee1f10455818bc9.php 第 68 行.
NOTIC: [2] Use of undefined constant id - assumed 'id' (this will throw an Error in a future version of PHP) C:\work\juhe\Runtime\Cache\Admin\c1dfebf609fb69e91ee1f10455818bc9.php 第 64 行.
NOTIC: [2] Use of undefined constant id - assumed 'id' (this will throw an Error in a future version of PHP) C:\work\juhe\Runtime\Cache\Admin\c1dfebf609fb69e91ee1f10455818bc9.php 第 66 行.
NOTIC: [2] Use of undefined constant id - assumed 'id' (this will throw an Error in a future version of PHP) C:\work\juhe\Runtime\Cache\Admin\c1dfebf609fb69e91ee1f10455818bc9.php 第 68 行.
NOTIC: [2] Use of undefined constant id - assumed 'id' (this will throw an Error in a future version of PHP) C:\work\juhe\Runtime\Cache\Admin\c1dfebf609fb69e91ee1f10455818bc9.php 第 64 行.
NOTIC: [2] Use of undefined constant id - assumed 'id' (this will throw an Error in a future version of PHP) C:\work\juhe\Runtime\Cache\Admin\c1dfebf609fb69e91ee1f10455818bc9.php 第 66 行.
NOTIC: [2] Use of undefined constant id - assumed 'id' (this will throw an Error in a future version of PHP) C:\work\juhe\Runtime\Cache\Admin\c1dfebf609fb69e91ee1f10455818bc9.php 第 68 行.
INFO: Run Behavior\ParseTemplateBehavior [ RunTime:0.009149s ]
INFO: [ view_parse ] --END-- [ RunTime:0.009199s ]
INFO: [ view_filter ] --START--
INFO: Run Behavior\WriteHtmlCacheBehavior [ RunTime:0.000597s ]
INFO: Run Behavior\TokenBuildBehavior [ RunTime:0.001540s ]
INFO: [ view_filter ] --END-- [ RunTime:0.002165s ]
INFO: [ app_end ] --START--
INFO: Run Behavior\ShowPageTraceBehavior [ RunTime:0.000776s ]
INFO: [ app_end ] --END-- [ RunTime:0.000797s ]

[ 2019-01-28T16:50:51+08:00 ] 127.0.0.1 /manage_Channel_index.html
INFO: [ app_init ] --START--
INFO: Run Behavior\BuildLiteBehavior [ RunTime:0.000005s ]
INFO: [ app_init ] --END-- [ RunTime:0.000029s ]
INFO: [ app_begin ] --START--
INFO: Run Behavior\ReadHtmlCacheBehavior [ RunTime:0.000697s ]
INFO: Run Behavior\CheckLangBehavior [ RunTime:0.001089s ]
INFO: [ app_begin ] --END-- [ RunTime:0.001825s ]
SQL: SHOW COLUMNS FROM `pay_admin` [ RunTime:0.0006s ]
SQL: SELECT `groupid` FROM `pay_admin` WHERE `id` = 6 LIMIT 1   [ RunTime:0.0003s ]
SQL: SHOW COLUMNS FROM `pay_websiteconfig` [ RunTime:0.0007s ]
SQL: SELECT * FROM `pay_websiteconfig` LIMIT 1   [ RunTime:0.0014s ]
SQL: SELECT `session_random` FROM `pay_admin` WHERE `id` = 6 LIMIT 1   [ RunTime:0.0003s ]
SQL: SHOW COLUMNS FROM `pay_member_agent_cate` [ RunTime:0.0005s ]
SQL: SELECT * FROM `pay_member_agent_cate`  [ RunTime:0.0021s ]
SQL: SHOW COLUMNS FROM `pay_auth_group_access` [ RunTime:0.0006s ]
SQL: SELECT b.rules FROM pay_auth_group_access a LEFT JOIN pay_auth_group b ON b.id=a.group_id  WHERE a.uid = '6'  [ RunTime:0.0003s ]
SQL: SHOW COLUMNS FROM `pay_auth_rule` [ RunTime:0.0005s ]
SQL: SELECT * FROM `pay_auth_rule` WHERE `id` IN ('1','49','2','3','51','4','57','5','55','56','58','59','6','43','44','52','53','48','70','54','7','8','60','61','62','9','63','64','65','66','10','67','68','69','11','12','79','80','81','82','83','84','85','86','87','88','89','90','91','93','94','95','96','97','98','99','100','101','13','14','15','92','16','73','76','77','78','17','18','19','71','75','20','21','72','74','22','23','24','25','26','46','27','28','108','29','102','30','103','107','104','105','109','110','111','31','32','33','34','35','36','37','38','39','40','41','42','45','47','116','117','118') AND `is_menu` = 1 AND `status` = 1  [ RunTime:0.0007s ]
SQL: SHOW COLUMNS FROM `pay_order` [ RunTime:0.0016s ]
SQL: SELECT COUNT(*) AS tp_count FROM `pay_order` WHERE `pay_successdate` BETWEEN 1548604800 AND 1548691199 AND `pay_status` IN ('1','2') LIMIT 1   [ RunTime:0.0752s ]
SQL: SELECT COUNT(*) AS tp_count FROM `pay_order` WHERE `pay_applydate` BETWEEN 1548604800 AND 1548691199 LIMIT 1   [ RunTime:0.0705s ]
SQL: SHOW COLUMNS FROM `pay_channel` [ RunTime:0.0007s ]
SQL: SELECT `id`,`code`,`title`,`paytype`,`status` FROM `pay_channel` WHERE `status` = 1  [ RunTime:0.0004s ]
SQL: SELECT COUNT(*) AS tp_count FROM `pay_channel` LIMIT 1   [ RunTime:0.0002s ]
SQL: SELECT * FROM `pay_channel` ORDER BY id DESC LIMIT 0,15   [ RunTime:0.0006s ]
INFO: [ view_parse ] --START--
INFO: [ template_filter ] --START--
INFO: Run Behavior\ContentReplaceBehavior [ RunTime:0.000029s ]
INFO: [ template_filter ] --END-- [ RunTime:0.000052s ]
NOTIC: [2] Use of undefined constant rows - assumed 'rows' (this will throw an Error in a future version of PHP) C:\work\juhe\Runtime\Cache\Admin\1a29341587f46f16df4f5ba698e28d07.php 第 34 行.
NOTIC: [8] Undefined index: rows C:\work\juhe\Runtime\Cache\Admin\1a29341587f46f16df4f5ba698e28d07.php 第 34 行.
NOTIC: [2] Use of undefined constant rows - assumed 'rows' (this will throw an Error in a future version of PHP) C:\work\juhe\Runtime\Cache\Admin\1a29341587f46f16df4f5ba698e28d07.php 第 35 行.
NOTIC: [8] Undefined index: rows C:\work\juhe\Runtime\Cache\Admin\1a29341587f46f16df4f5ba698e28d07.php 第 35 行.
NOTIC: [2] Use of undefined constant rows - assumed 'rows' (this will throw an Error in a future version of PHP) C:\work\juhe\Runtime\Cache\Admin\1a29341587f46f16df4f5ba698e28d07.php 第 36 行.
NOTIC: [8] Undefined index: rows C:\work\juhe\Runtime\Cache\Admin\1a29341587f46f16df4f5ba698e28d07.php 第 36 行.
NOTIC: [2] Use of undefined constant rows - assumed 'rows' (this will throw an Error in a future version of PHP) C:\work\juhe\Runtime\Cache\Admin\1a29341587f46f16df4f5ba698e28d07.php 第 37 行.
NOTIC: [8] Undefined index: rows C:\work\juhe\Runtime\Cache\Admin\1a29341587f46f16df4f5ba698e28d07.php 第 37 行.
NOTIC: [2] Use of undefined constant rows - assumed 'rows' (this will throw an Error in a future version of PHP) C:\work\juhe\Runtime\Cache\Admin\1a29341587f46f16df4f5ba698e28d07.php 第 38 行.
NOTIC: [8] Undefined index: rows C:\work\juhe\Runtime\Cache\Admin\1a29341587f46f16df4f5ba698e28d07.php 第 38 行.
NOTIC: [2] Use of undefined constant paytype - assumed 'paytype' (this will throw an Error in a future version of PHP) C:\work\juhe\Runtime\Cache\Admin\1a29341587f46f16df4f5ba698e28d07.php 第 78 行.
NOTIC: [2] Use of undefined constant id - assumed 'id' (this will throw an Error in a future version of PHP) C:\work\juhe\Runtime\Cache\Admin\1a29341587f46f16df4f5ba698e28d07.php 第 89 行.
NOTIC: [2] Use of undefined constant id - assumed 'id' (this will throw an Error in a future version of PHP) C:\work\juhe\Runtime\Cache\Admin\1a29341587f46f16df4f5ba698e28d07.php 第 91 行.
NOTIC: [2] Use of undefined constant id - assumed 'id' (this will throw an Error in a future version of PHP) C:\work\juhe\Runtime\Cache\Admin\1a29341587f46f16df4f5ba698e28d07.php 第 93 行.
NOTIC: [2] Use of undefined constant id - assumed 'id' (this will throw an Error in a future version of PHP) C:\work\juhe\Runtime\Cache\Admin\1a29341587f46f16df4f5ba698e28d07.php 第 95 行.
NOTIC: [2] Use of undefined constant id - assumed 'id' (this will throw an Error in a future version of PHP) C:\work\juhe\Runtime\Cache\Admin\1a29341587f46f16df4f5ba698e28d07.php 第 97 行.
NOTIC: [2] Use of undefined constant paytype - assumed 'paytype' (this will throw an Error in a future version of PHP) C:\work\juhe\Runtime\Cache\Admin\1a29341587f46f16df4f5ba698e28d07.php 第 78 行.
NOTIC: [2] Use of undefined constant id - assumed 'id' (this will throw an Error in a future version of PHP) C:\work\juhe\Runtime\Cache\Admin\1a29341587f46f16df4f5ba698e28d07.php 第 89 行.
NOTIC: [2] Use of undefined constant id - assumed 'id' (this will throw an Error in a future version of PHP) C:\work\juhe\Runtime\Cache\Admin\1a29341587f46f16df4f5ba698e28d07.php 第 91 行.
NOTIC: [2] Use of undefined constant id - assumed 'id' (this will throw an Error in a future version of PHP) C:\work\juhe\Runtime\Cache\Admin\1a29341587f46f16df4f5ba698e28d07.php 第 93 行.
NOTIC: [2] Use of undefined constant id - assumed 'id' (this will throw an Error in a future version of PHP) C:\work\juhe\Runtime\Cache\Admin\1a29341587f46f16df4f5ba698e28d07.php 第 95 行.
NOTIC: [2] Use of undefined constant id - assumed 'id' (this will throw an Error in a future version of PHP) C:\work\juhe\Runtime\Cache\Admin\1a29341587f46f16df4f5ba698e28d07.php 第 97 行.
NOTIC: [2] Use of undefined constant paytype - assumed 'paytype' (this will throw an Error in a future version of PHP) C:\work\juhe\Runtime\Cache\Admin\1a29341587f46f16df4f5ba698e28d07.php 第 78 行.
NOTIC: [2] Use of undefined constant id - assumed 'id' (this will throw an Error in a future version of PHP) C:\work\juhe\Runtime\Cache\Admin\1a29341587f46f16df4f5ba698e28d07.php 第 89 行.
NOTIC: [2] Use of undefined constant id - assumed 'id' (this will throw an Error in a future version of PHP) C:\work\juhe\Runtime\Cache\Admin\1a29341587f46f16df4f5ba698e28d07.php 第 91 行.
NOTIC: [2] Use of undefined constant id - assumed 'id' (this will throw an Error in a future version of PHP) C:\work\juhe\Runtime\Cache\Admin\1a29341587f46f16df4f5ba698e28d07.php 第 93 行.
NOTIC: [2] Use of undefined constant id - assumed 'id' (this will throw an Error in a future version of PHP) C:\work\juhe\Runtime\Cache\Admin\1a29341587f46f16df4f5ba698e28d07.php 第 95 行.
NOTIC: [2] Use of undefined constant id - assumed 'id' (this will throw an Error in a future version of PHP) C:\work\juhe\Runtime\Cache\Admin\1a29341587f46f16df4f5ba698e28d07.php 第 97 行.
NOTIC: [2] Use of undefined constant paytype - assumed 'paytype' (this will throw an Error in a future version of PHP) C:\work\juhe\Runtime\Cache\Admin\1a29341587f46f16df4f5ba698e28d07.php 第 78 行.
NOTIC: [2] Use of undefined constant id - assumed 'id' (this will throw an Error in a future version of PHP) C:\work\juhe\Runtime\Cache\Admin\1a29341587f46f16df4f5ba698e28d07.php 第 89 行.
NOTIC: [2] Use of undefined constant id - assumed 'id' (this will throw an Error in a future version of PHP) C:\work\juhe\Runtime\Cache\Admin\1a29341587f46f16df4f5ba698e28d07.php 第 91 行.
NOTIC: [2] Use of undefined constant id - assumed 'id' (this will throw an Error in a future version of PHP) C:\work\juhe\Runtime\Cache\Admin\1a29341587f46f16df4f5ba698e28d07.php 第 93 行.
NOTIC: [2] Use of undefined constant id - assumed 'id' (this will throw an Error in a future version of PHP) C:\work\juhe\Runtime\Cache\Admin\1a29341587f46f16df4f5ba698e28d07.php 第 95 行.
NOTIC: [2] Use of undefined constant id - assumed 'id' (this will throw an Error in a future version of PHP) C:\work\juhe\Runtime\Cache\Admin\1a29341587f46f16df4f5ba698e28d07.php 第 97 行.
NOTIC: [2] Use of undefined constant paytype - assumed 'paytype' (this will throw an Error in a future version of PHP) C:\work\juhe\Runtime\Cache\Admin\1a29341587f46f16df4f5ba698e28d07.php 第 78 行.
NOTIC: [2] Use of undefined constant id - assumed 'id' (this will throw an Error in a future version of PHP) C:\work\juhe\Runtime\Cache\Admin\1a29341587f46f16df4f5ba698e28d07.php 第 89 行.
NOTIC: [2] Use of undefined constant id - assumed 'id' (this will throw an Error in a future version of PHP) C:\work\juhe\Runtime\Cache\Admin\1a29341587f46f16df4f5ba698e28d07.php 第 91 行.
NOTIC: [2] Use of undefined constant id - assumed 'id' (this will throw an Error in a future version of PHP) C:\work\juhe\Runtime\Cache\Admin\1a29341587f46f16df4f5ba698e28d07.php 第 93 行.
NOTIC: [2] Use of undefined constant id - assumed 'id' (this will throw an Error in a future version of PHP) C:\work\juhe\Runtime\Cache\Admin\1a29341587f46f16df4f5ba698e28d07.php 第 95 行.
NOTIC: [2] Use of undefined constant id - assumed 'id' (this will throw an Error in a future version of PHP) C:\work\juhe\Runtime\Cache\Admin\1a29341587f46f16df4f5ba698e28d07.php 第 97 行.
NOTIC: [2] Use of undefined constant paytype - assumed 'paytype' (this will throw an Error in a future version of PHP) C:\work\juhe\Runtime\Cache\Admin\1a29341587f46f16df4f5ba698e28d07.php 第 78 行.
NOTIC: [2] Use of undefined constant id - assumed 'id' (this will throw an Error in a future version of PHP) C:\work\juhe\Runtime\Cache\Admin\1a29341587f46f16df4f5ba698e28d07.php 第 89 行.
NOTIC: [2] Use of undefined constant id - assumed 'id' (this will throw an Error in a future version of PHP) C:\work\juhe\Runtime\Cache\Admin\1a29341587f46f16df4f5ba698e28d07.php 第 91 行.
NOTIC: [2] Use of undefined constant id - assumed 'id' (this will throw an Error in a future version of PHP) C:\work\juhe\Runtime\Cache\Admin\1a29341587f46f16df4f5ba698e28d07.php 第 93 行.
NOTIC: [2] Use of undefined constant id - assumed 'id' (this will throw an Error in a future version of PHP) C:\work\juhe\Runtime\Cache\Admin\1a29341587f46f16df4f5ba698e28d07.php 第 95 行.
NOTIC: [2] Use of undefined constant id - assumed 'id' (this will throw an Error in a future version of PHP) C:\work\juhe\Runtime\Cache\Admin\1a29341587f46f16df4f5ba698e28d07.php 第 97 行.
NOTIC: [2] Use of undefined constant paytype - assumed 'paytype' (this will throw an Error in a future version of PHP) C:\work\juhe\Runtime\Cache\Admin\1a29341587f46f16df4f5ba698e28d07.php 第 78 行.
NOTIC: [2] Use of undefined constant id - assumed 'id' (this will throw an Error in a future version of PHP) C:\work\juhe\Runtime\Cache\Admin\1a29341587f46f16df4f5ba698e28d07.php 第 89 行.
NOTIC: [2] Use of undefined constant id - assumed 'id' (this will throw an Error in a future version of PHP) C:\work\juhe\Runtime\Cache\Admin\1a29341587f46f16df4f5ba698e28d07.php 第 91 行.
NOTIC: [2] Use of undefined constant id - assumed 'id' (this will throw an Error in a future version of PHP) C:\work\juhe\Runtime\Cache\Admin\1a29341587f46f16df4f5ba698e28d07.php 第 93 行.
NOTIC: [2] Use of undefined constant id - assumed 'id' (this will throw an Error in a future version of PHP) C:\work\juhe\Runtime\Cache\Admin\1a29341587f46f16df4f5ba698e28d07.php 第 95 行.
NOTIC: [2] Use of undefined constant id - assumed 'id' (this will throw an Error in a future version of PHP) C:\work\juhe\Runtime\Cache\Admin\1a29341587f46f16df4f5ba698e28d07.php 第 97 行.
NOTIC: [2] Use of undefined constant paytype - assumed 'paytype' (this will throw an Error in a future version of PHP) C:\work\juhe\Runtime\Cache\Admin\1a29341587f46f16df4f5ba698e28d07.php 第 78 行.
NOTIC: [2] Use of undefined constant id - assumed 'id' (this will throw an Error in a future version of PHP) C:\work\juhe\Runtime\Cache\Admin\1a29341587f46f16df4f5ba698e28d07.php 第 89 行.
NOTIC: [2] Use of undefined constant id - assumed 'id' (this will throw an Error in a future version of PHP) C:\work\juhe\Runtime\Cache\Admin\1a29341587f46f16df4f5ba698e28d07.php 第 91 行.
NOTIC: [2] Use of undefined constant id - assumed 'id' (this will throw an Error in a future version of PHP) C:\work\juhe\Runtime\Cache\Admin\1a29341587f46f16df4f5ba698e28d07.php 第 93 行.
NOTIC: [2] Use of undefined constant id - assumed 'id' (this will throw an Error in a future version of PHP) C:\work\juhe\Runtime\Cache\Admin\1a29341587f46f16df4f5ba698e28d07.php 第 95 行.
NOTIC: [2] Use of undefined constant id - assumed 'id' (this will throw an Error in a future version of PHP) C:\work\juhe\Runtime\Cache\Admin\1a29341587f46f16df4f5ba698e28d07.php 第 97 行.
NOTIC: [2] Use of undefined constant paytype - assumed 'paytype' (this will throw an Error in a future version of PHP) C:\work\juhe\Runtime\Cache\Admin\1a29341587f46f16df4f5ba698e28d07.php 第 78 行.
NOTIC: [2] Use of undefined constant id - assumed 'id' (this will throw an Error in a future version of PHP) C:\work\juhe\Runtime\Cache\Admin\1a29341587f46f16df4f5ba698e28d07.php 第 89 行.
NOTIC: [2] Use of undefined constant id - assumed 'id' (this will throw an Error in a future version of PHP) C:\work\juhe\Runtime\Cache\Admin\1a29341587f46f16df4f5ba698e28d07.php 第 91 行.
NOTIC: [2] Use of undefined constant id - assumed 'id' (this will throw an Error in a future version of PHP) C:\work\juhe\Runtime\Cache\Admin\1a29341587f46f16df4f5ba698e28d07.php 第 93 行.
NOTIC: [2] Use of undefined constant id - assumed 'id' (this will throw an Error in a future version of PHP) C:\work\juhe\Runtime\Cache\Admin\1a29341587f46f16df4f5ba698e28d07.php 第 95 行.
NOTIC: [2] Use of undefined constant id - assumed 'id' (this will throw an Error in a future version of PHP) C:\work\juhe\Runtime\Cache\Admin\1a29341587f46f16df4f5ba698e28d07.php 第 97 行.
NOTIC: [2] Use of undefined constant paytype - assumed 'paytype' (this will throw an Error in a future version of PHP) C:\work\juhe\Runtime\Cache\Admin\1a29341587f46f16df4f5ba698e28d07.php 第 78 行.
NOTIC: [2] Use of undefined constant id - assumed 'id' (this will throw an Error in a future version of PHP) C:\work\juhe\Runtime\Cache\Admin\1a29341587f46f16df4f5ba698e28d07.php 第 89 行.
NOTIC: [2] Use of undefined constant id - assumed 'id' (this will throw an Error in a future version of PHP) C:\work\juhe\Runtime\Cache\Admin\1a29341587f46f16df4f5ba698e28d07.php 第 91 行.
NOTIC: [2] Use of undefined constant id - assumed 'id' (this will throw an Error in a future version of PHP) C:\work\juhe\Runtime\Cache\Admin\1a29341587f46f16df4f5ba698e28d07.php 第 93 行.
NOTIC: [2] Use of undefined constant id - assumed 'id' (this will throw an Error in a future version of PHP) C:\work\juhe\Runtime\Cache\Admin\1a29341587f46f16df4f5ba698e28d07.php 第 95 行.
NOTIC: [2] Use of undefined constant id - assumed 'id' (this will throw an Error in a future version of PHP) C:\work\juhe\Runtime\Cache\Admin\1a29341587f46f16df4f5ba698e28d07.php 第 97 行.
NOTIC: [2] Use of undefined constant paytype - assumed 'paytype' (this will throw an Error in a future version of PHP) C:\work\juhe\Runtime\Cache\Admin\1a29341587f46f16df4f5ba698e28d07.php 第 78 行.
NOTIC: [2] Use of undefined constant id - assumed 'id' (this will throw an Error in a future version of PHP) C:\work\juhe\Runtime\Cache\Admin\1a29341587f46f16df4f5ba698e28d07.php 第 89 行.
NOTIC: [2] Use of undefined constant id - assumed 'id' (this will throw an Error in a future version of PHP) C:\work\juhe\Runtime\Cache\Admin\1a29341587f46f16df4f5ba698e28d07.php 第 91 行.
NOTIC: [2] Use of undefined constant id - assumed 'id' (this will throw an Error in a future version of PHP) C:\work\juhe\Runtime\Cache\Admin\1a29341587f46f16df4f5ba698e28d07.php 第 93 行.
NOTIC: [2] Use of undefined constant id - assumed 'id' (this will throw an Error in a future version of PHP) C:\work\juhe\Runtime\Cache\Admin\1a29341587f46f16df4f5ba698e28d07.php 第 95 行.
NOTIC: [2] Use of undefined constant id - assumed 'id' (this will throw an Error in a future version of PHP) C:\work\juhe\Runtime\Cache\Admin\1a29341587f46f16df4f5ba698e28d07.php 第 97 行.
NOTIC: [2] Use of undefined constant paytype - assumed 'paytype' (this will throw an Error in a future version of PHP) C:\work\juhe\Runtime\Cache\Admin\1a29341587f46f16df4f5ba698e28d07.php 第 78 行.
NOTIC: [2] Use of undefined constant id - assumed 'id' (this will throw an Error in a future version of PHP) C:\work\juhe\Runtime\Cache\Admin\1a29341587f46f16df4f5ba698e28d07.php 第 89 行.
NOTIC: [2] Use of undefined constant id - assumed 'id' (this will throw an Error in a future version of PHP) C:\work\juhe\Runtime\Cache\Admin\1a29341587f46f16df4f5ba698e28d07.php 第 91 行.
NOTIC: [2] Use of undefined constant id - assumed 'id' (this will throw an Error in a future version of PHP) C:\work\juhe\Runtime\Cache\Admin\1a29341587f46f16df4f5ba698e28d07.php 第 93 行.
NOTIC: [2] Use of undefined constant id - assumed 'id' (this will throw an Error in a future version of PHP) C:\work\juhe\Runtime\Cache\Admin\1a29341587f46f16df4f5ba698e28d07.php 第 95 行.
NOTIC: [2] Use of undefined constant id - assumed 'id' (this will throw an Error in a future version of PHP) C:\work\juhe\Runtime\Cache\Admin\1a29341587f46f16df4f5ba698e28d07.php 第 97 行.
NOTIC: [2] Use of undefined constant paytype - assumed 'paytype' (this will throw an Error in a future version of PHP) C:\work\juhe\Runtime\Cache\Admin\1a29341587f46f16df4f5ba698e28d07.php 第 78 行.
NOTIC: [2] Use of undefined constant id - assumed 'id' (this will throw an Error in a future version of PHP) C:\work\juhe\Runtime\Cache\Admin\1a29341587f46f16df4f5ba698e28d07.php 第 89 行.
NOTIC: [2] Use of undefined constant id - assumed 'id' (this will throw an Error in a future version of PHP) C:\work\juhe\Runtime\Cache\Admin\1a29341587f46f16df4f5ba698e28d07.php 第 91 行.
NOTIC: [2] Use of undefined constant id - assumed 'id' (this will throw an Error in a future version of PHP) C:\work\juhe\Runtime\Cache\Admin\1a29341587f46f16df4f5ba698e28d07.php 第 93 行.
NOTIC: [2] Use of undefined constant id - assumed 'id' (this will throw an Error in a future version of PHP) C:\work\juhe\Runtime\Cache\Admin\1a29341587f46f16df4f5ba698e28d07.php 第 95 行.
NOTIC: [2] Use of undefined constant id - assumed 'id' (this will throw an Error in a future version of PHP) C:\work\juhe\Runtime\Cache\Admin\1a29341587f46f16df4f5ba698e28d07.php 第 97 行.
NOTIC: [2] Use of undefined constant paytype - assumed 'paytype' (this will throw an Error in a future version of PHP) C:\work\juhe\Runtime\Cache\Admin\1a29341587f46f16df4f5ba698e28d07.php 第 78 行.
NOTIC: [2] Use of undefined constant id - assumed 'id' (this will throw an Error in a future version of PHP) C:\work\juhe\Runtime\Cache\Admin\1a29341587f46f16df4f5ba698e28d07.php 第 89 行.
NOTIC: [2] Use of undefined constant id - assumed 'id' (this will throw an Error in a future version of PHP) C:\work\juhe\Runtime\Cache\Admin\1a29341587f46f16df4f5ba698e28d07.php 第 91 行.
NOTIC: [2] Use of undefined constant id - assumed 'id' (this will throw an Error in a future version of PHP) C:\work\juhe\Runtime\Cache\Admin\1a29341587f46f16df4f5ba698e28d07.php 第 93 行.
NOTIC: [2] Use of undefined constant id - assumed 'id' (this will throw an Error in a future version of PHP) C:\work\juhe\Runtime\Cache\Admin\1a29341587f46f16df4f5ba698e28d07.php 第 95 行.
NOTIC: [2] Use of undefined constant id - assumed 'id' (this will throw an Error in a future version of PHP) C:\work\juhe\Runtime\Cache\Admin\1a29341587f46f16df4f5ba698e28d07.php 第 97 行.
NOTIC: [2] Use of undefined constant paytype - assumed 'paytype' (this will throw an Error in a future version of PHP) C:\work\juhe\Runtime\Cache\Admin\1a29341587f46f16df4f5ba698e28d07.php 第 78 行.
NOTIC: [2] Use of undefined constant id - assumed 'id' (this will throw an Error in a future version of PHP) C:\work\juhe\Runtime\Cache\Admin\1a29341587f46f16df4f5ba698e28d07.php 第 89 行.
NOTIC: [2] Use of undefined constant id - assumed 'id' (this will throw an Error in a future version of PHP) C:\work\juhe\Runtime\Cache\Admin\1a29341587f46f16df4f5ba698e28d07.php 第 91 行.
NOTIC: [2] Use of undefined constant id - assumed 'id' (this will throw an Error in a future version of PHP) C:\work\juhe\Runtime\Cache\Admin\1a29341587f46f16df4f5ba698e28d07.php 第 93 行.
NOTIC: [2] Use of undefined constant id - assumed 'id' (this will throw an Error in a future version of PHP) C:\work\juhe\Runtime\Cache\Admin\1a29341587f46f16df4f5ba698e28d07.php 第 95 行.
NOTIC: [2] Use of undefined constant id - assumed 'id' (this will throw an Error in a future version of PHP) C:\work\juhe\Runtime\Cache\Admin\1a29341587f46f16df4f5ba698e28d07.php 第 97 行.
NOTIC: [2] Use of undefined constant rows - assumed 'rows' (this will throw an Error in a future version of PHP) C:\work\juhe\Runtime\Cache\Admin\1a29341587f46f16df4f5ba698e28d07.php 第 110 行.
NOTIC: [8] Undefined index: rows C:\work\juhe\Runtime\Cache\Admin\1a29341587f46f16df4f5ba698e28d07.php 第 110 行.
NOTIC: [2] Use of undefined constant rows - assumed 'rows' (this will throw an Error in a future version of PHP) C:\work\juhe\Runtime\Cache\Admin\1a29341587f46f16df4f5ba698e28d07.php 第 111 行.
NOTIC: [8] Undefined index: rows C:\work\juhe\Runtime\Cache\Admin\1a29341587f46f16df4f5ba698e28d07.php 第 111 行.
NOTIC: [2] Use of undefined constant rows - assumed 'rows' (this will throw an Error in a future version of PHP) C:\work\juhe\Runtime\Cache\Admin\1a29341587f46f16df4f5ba698e28d07.php 第 112 行.
NOTIC: [8] Undefined index: rows C:\work\juhe\Runtime\Cache\Admin\1a29341587f46f16df4f5ba698e28d07.php 第 112 行.
NOTIC: [2] Use of undefined constant rows - assumed 'rows' (this will throw an Error in a future version of PHP) C:\work\juhe\Runtime\Cache\Admin\1a29341587f46f16df4f5ba698e28d07.php 第 113 行.
NOTIC: [8] Undefined index: rows C:\work\juhe\Runtime\Cache\Admin\1a29341587f46f16df4f5ba698e28d07.php 第 113 行.
NOTIC: [2] Use of undefined constant rows - assumed 'rows' (this will throw an Error in a future version of PHP) C:\work\juhe\Runtime\Cache\Admin\1a29341587f46f16df4f5ba698e28d07.php 第 114 行.
NOTIC: [8] Undefined index: rows C:\work\juhe\Runtime\Cache\Admin\1a29341587f46f16df4f5ba698e28d07.php 第 114 行.
INFO: Run Behavior\ParseTemplateBehavior [ RunTime:0.009174s ]
INFO: [ view_parse ] --END-- [ RunTime:0.009199s ]
INFO: [ view_filter ] --START--
INFO: Run Behavior\WriteHtmlCacheBehavior [ RunTime:0.000725s ]
INFO: Run Behavior\TokenBuildBehavior [ RunTime:0.001990s ]
INFO: [ view_filter ] --END-- [ RunTime:0.002747s ]
INFO: [ app_end ] --START--
INFO: Run Behavior\ShowPageTraceBehavior [ RunTime:0.000712s ]
INFO: [ app_end ] --END-- [ RunTime:0.000732s ]

[ 2019-01-28T17:52:56+08:00 ] 127.0.0.1 /manage
INFO: [ app_init ] --START--
INFO: Run Behavior\BuildLiteBehavior [ RunTime:0.000008s ]
INFO: [ app_init ] --END-- [ RunTime:0.000030s ]
INFO: [ app_begin ] --START--
INFO: Run Behavior\ReadHtmlCacheBehavior [ RunTime:0.001346s ]
INFO: Run Behavior\CheckLangBehavior [ RunTime:0.001688s ]
INFO: [ app_begin ] --END-- [ RunTime:0.003123s ]

[ 2019-01-28T17:52:56+08:00 ] 127.0.0.1 /manage_Login_index.html
INFO: [ app_init ] --START--
INFO: Run Behavior\BuildLiteBehavior [ RunTime:0.000010s ]
INFO: [ app_init ] --END-- [ RunTime:0.000033s ]
INFO: [ app_begin ] --START--
INFO: Run Behavior\ReadHtmlCacheBehavior [ RunTime:0.000736s ]
INFO: Run Behavior\CheckLangBehavior [ RunTime:0.000998s ]
INFO: [ app_begin ] --END-- [ RunTime:0.001773s ]
INFO: [ view_parse ] --START--
INFO: [ template_filter ] --START--
INFO: Run Behavior\ContentReplaceBehavior [ RunTime:0.000948s ]
INFO: [ template_filter ] --END-- [ RunTime:0.001042s ]
INFO: Run Behavior\ParseTemplateBehavior [ RunTime:0.012438s ]
INFO: [ view_parse ] --END-- [ RunTime:0.012474s ]
INFO: [ view_filter ] --START--
INFO: Run Behavior\WriteHtmlCacheBehavior [ RunTime:0.001074s ]
INFO: Run Behavior\TokenBuildBehavior [ RunTime:0.001321s ]
INFO: [ view_filter ] --END-- [ RunTime:0.002436s ]
INFO: [ app_end ] --START--
INFO: Run Behavior\ShowPageTraceBehavior [ RunTime:0.001133s ]
INFO: [ app_end ] --END-- [ RunTime:0.001166s ]

[ 2019-01-28T17:52:57+08:00 ] 127.0.0.1 /manage_Login_verifycode.html?t=1548669176
INFO: [ app_init ] --START--
INFO: Run Behavior\BuildLiteBehavior [ RunTime:0.000005s ]
INFO: [ app_init ] --END-- [ RunTime:0.000028s ]
INFO: [ app_begin ] --START--
INFO: Run Behavior\ReadHtmlCacheBehavior [ RunTime:0.000688s ]
INFO: Run Behavior\CheckLangBehavior [ RunTime:0.000987s ]
INFO: [ app_begin ] --END-- [ RunTime:0.001712s ]
INFO: [ app_end ] --START--
INFO: Run Behavior\ShowPageTraceBehavior [ RunTime:0.000799s ]
INFO: [ app_end ] --END-- [ RunTime:0.000834s ]

