[ 2019-02-27T17:00:52+08:00 ] 127.0.0.1 /manage
INFO: [ app_init ] --START--
INFO: Run Behavior\BuildLiteBehavior [ RunTime:0.000029s ]
INFO: [ app_init ] --END-- [ RunTime:0.000357s ]
INFO: [ app_begin ] --START--
INFO: Run Behavior\ReadHtmlCacheBehavior [ RunTime:0.001745s ]
INFO: Run Behavior\CheckLangBehavior [ RunTime:0.002720s ]
INFO: [ app_begin ] --END-- [ RunTime:0.004523s ]

[ 2019-02-27T17:00:52+08:00 ] 127.0.0.1 /manage_Login_index.html
INFO: [ app_init ] --START--
INFO: Run Behavior\BuildLiteBehavior [ RunTime:0.000009s ]
INFO: [ app_init ] --END-- [ RunTime:0.000059s ]
INFO: [ app_begin ] --START--
INFO: Run Behavior\ReadHtmlCacheBehavior [ RunTime:0.001692s ]
INFO: Run Behavior\CheckLangBehavior [ RunTime:0.002784s ]
INFO: [ app_begin ] --END-- [ RunTime:0.004556s ]
INFO: [ view_parse ] --START--
INFO: [ template_filter ] --START--
INFO: Run Behavior\ContentReplaceBehavior [ RunTime:0.000084s ]
INFO: [ template_filter ] --END-- [ RunTime:0.000167s ]
INFO: Run Behavior\ParseTemplateBehavior [ RunTime:0.019325s ]
INFO: [ view_parse ] --END-- [ RunTime:0.019486s ]
INFO: [ view_filter ] --START--
INFO: Run Behavior\WriteHtmlCacheBehavior [ RunTime:0.003856s ]
INFO: Run Behavior\TokenBuildBehavior [ RunTime:0.003591s ]
INFO: [ view_filter ] --END-- [ RunTime:0.007628s ]
INFO: [ app_end ] --START--
INFO: Run Behavior\ShowPageTraceBehavior [ RunTime:0.002214s ]
INFO: [ app_end ] --END-- [ RunTime:0.002274s ]

[ 2019-02-27T17:00:52+08:00 ] 127.0.0.1 /manage_Login_verifycode.html?t=1551258052
INFO: [ app_init ] --START--
INFO: Run Behavior\BuildLiteBehavior [ RunTime:0.000008s ]
INFO: [ app_init ] --END-- [ RunTime:0.000049s ]
INFO: [ app_begin ] --START--
INFO: Run Behavior\ReadHtmlCacheBehavior [ RunTime:0.001477s ]
INFO: Run Behavior\CheckLangBehavior [ RunTime:0.002185s ]
INFO: [ app_begin ] --END-- [ RunTime:0.003735s ]
INFO: [ app_end ] --START--
INFO: Run Behavior\ShowPageTraceBehavior [ RunTime:0.002206s ]
INFO: [ app_end ] --END-- [ RunTime:0.002295s ]

[ 2019-02-27T17:01:07+08:00 ] 127.0.0.1 /manage_Login_checkLogin.html
INFO: [ app_init ] --START--
INFO: Run Behavior\BuildLiteBehavior [ RunTime:0.000017s ]
INFO: [ app_init ] --END-- [ RunTime:0.000107s ]
INFO: [ app_begin ] --START--
INFO: Run Behavior\ReadHtmlCacheBehavior [ RunTime:0.004290s ]
INFO: Run Behavior\CheckLangBehavior [ RunTime:0.005451s ]
INFO: [ app_begin ] --END-- [ RunTime:0.009901s ]

[ 2019-02-27T17:01:08+08:00 ] 127.0.0.1 /manage_Login_index.html
INFO: [ app_init ] --START--
INFO: Run Behavior\BuildLiteBehavior [ RunTime:0.000006s ]
INFO: [ app_init ] --END-- [ RunTime:0.000033s ]
INFO: [ app_begin ] --START--
INFO: Run Behavior\ReadHtmlCacheBehavior [ RunTime:0.002185s ]
INFO: Run Behavior\CheckLangBehavior [ RunTime:0.006002s ]
INFO: [ app_begin ] --END-- [ RunTime:0.008365s ]
INFO: [ view_parse ] --START--
INFO: [ template_filter ] --START--
INFO: Run Behavior\ContentReplaceBehavior [ RunTime:0.000048s ]
INFO: [ template_filter ] --END-- [ RunTime:0.000169s ]
INFO: Run Behavior\ParseTemplateBehavior [ RunTime:0.011169s ]
INFO: [ view_parse ] --END-- [ RunTime:0.011206s ]
INFO: [ view_filter ] --START--
INFO: Run Behavior\WriteHtmlCacheBehavior [ RunTime:0.001096s ]
INFO: Run Behavior\TokenBuildBehavior [ RunTime:0.002749s ]
INFO: [ view_filter ] --END-- [ RunTime:0.004090s ]
INFO: [ app_end ] --START--
INFO: Run Behavior\ShowPageTraceBehavior [ RunTime:0.001821s ]
INFO: [ app_end ] --END-- [ RunTime:0.001961s ]

[ 2019-02-27T17:01:08+08:00 ] 127.0.0.1 /manage_Login_verifycode.html?t=1551258068
INFO: [ app_init ] --START--
INFO: Run Behavior\BuildLiteBehavior [ RunTime:0.000007s ]
INFO: [ app_init ] --END-- [ RunTime:0.000037s ]
INFO: [ app_begin ] --START--
INFO: Run Behavior\ReadHtmlCacheBehavior [ RunTime:0.001714s ]
INFO: Run Behavior\CheckLangBehavior [ RunTime:0.002387s ]
INFO: [ app_begin ] --END-- [ RunTime:0.004215s ]
INFO: [ app_end ] --START--
INFO: Run Behavior\ShowPageTraceBehavior [ RunTime:0.002479s ]
INFO: [ app_end ] --END-- [ RunTime:0.002577s ]

[ 2019-02-27T17:01:19+08:00 ] 127.0.0.1 /manage_Login_checkLogin.html
INFO: [ app_init ] --START--
INFO: Run Behavior\BuildLiteBehavior [ RunTime:0.000013s ]
INFO: [ app_init ] --END-- [ RunTime:0.000076s ]
INFO: [ app_begin ] --START--
INFO: Run Behavior\ReadHtmlCacheBehavior [ RunTime:0.002196s ]
INFO: Run Behavior\CheckLangBehavior [ RunTime:0.003789s ]
INFO: [ app_begin ] --END-- [ RunTime:0.006111s ]
SQL: SHOW COLUMNS FROM `pay_admin` [ RunTime:0.0106s ]
SQL: SELECT * FROM `pay_admin` WHERE `username` = 'admin' AND `password` = '5c19392c28bd0d4b46527ffe32306b28' LIMIT 1   [ RunTime:0.0036s ]

[ 2019-02-27T17:01:20+08:00 ] 127.0.0.1 /manage_Login_index.html
INFO: [ app_init ] --START--
INFO: Run Behavior\BuildLiteBehavior [ RunTime:0.000007s ]
INFO: [ app_init ] --END-- [ RunTime:0.000035s ]
INFO: [ app_begin ] --START--
INFO: Run Behavior\ReadHtmlCacheBehavior [ RunTime:0.001411s ]
INFO: Run Behavior\CheckLangBehavior [ RunTime:0.005033s ]
INFO: [ app_begin ] --END-- [ RunTime:0.006555s ]
INFO: [ view_parse ] --START--
INFO: [ template_filter ] --START--
INFO: Run Behavior\ContentReplaceBehavior [ RunTime:0.000038s ]
INFO: [ template_filter ] --END-- [ RunTime:0.000070s ]
INFO: Run Behavior\ParseTemplateBehavior [ RunTime:0.008969s ]
INFO: [ view_parse ] --END-- [ RunTime:0.009017s ]
INFO: [ view_filter ] --START--
INFO: Run Behavior\WriteHtmlCacheBehavior [ RunTime:0.000740s ]
INFO: Run Behavior\TokenBuildBehavior [ RunTime:0.001443s ]
INFO: [ view_filter ] --END-- [ RunTime:0.002223s ]
INFO: [ app_end ] --START--
INFO: Run Behavior\ShowPageTraceBehavior [ RunTime:0.001219s ]
INFO: [ app_end ] --END-- [ RunTime:0.001256s ]

[ 2019-02-27T17:01:20+08:00 ] 127.0.0.1 /manage_Login_verifycode.html?t=1551258080
INFO: [ app_init ] --START--
INFO: Run Behavior\BuildLiteBehavior [ RunTime:0.000008s ]
INFO: [ app_init ] --END-- [ RunTime:0.000044s ]
INFO: [ app_begin ] --START--
INFO: Run Behavior\ReadHtmlCacheBehavior [ RunTime:0.001115s ]
INFO: Run Behavior\CheckLangBehavior [ RunTime:0.001694s ]
INFO: [ app_begin ] --END-- [ RunTime:0.002872s ]
INFO: [ app_end ] --START--
INFO: Run Behavior\ShowPageTraceBehavior [ RunTime:0.001776s ]
INFO: [ app_end ] --END-- [ RunTime:0.001897s ]

[ 2019-02-27T19:56:02+08:00 ] 127.0.0.1 /manage_Login_index.html
INFO: [ app_init ] --START--
INFO: Run Behavior\BuildLiteBehavior [ RunTime:0.000006s ]
INFO: [ app_init ] --END-- [ RunTime:0.000078s ]
INFO: [ app_begin ] --START--
INFO: Run Behavior\ReadHtmlCacheBehavior [ RunTime:0.000851s ]
INFO: Run Behavior\CheckLangBehavior [ RunTime:0.001511s ]
INFO: [ app_begin ] --END-- [ RunTime:0.002411s ]
INFO: [ view_parse ] --START--
INFO: [ template_filter ] --START--
INFO: Run Behavior\ContentReplaceBehavior [ RunTime:0.000028s ]
INFO: [ template_filter ] --END-- [ RunTime:0.000051s ]
INFO: Run Behavior\ParseTemplateBehavior [ RunTime:0.005872s ]
INFO: [ view_parse ] --END-- [ RunTime:0.005893s ]
INFO: [ view_filter ] --START--
INFO: Run Behavior\WriteHtmlCacheBehavior [ RunTime:0.000624s ]
INFO: Run Behavior\TokenBuildBehavior [ RunTime:0.001138s ]
INFO: [ view_filter ] --END-- [ RunTime:0.001791s ]
INFO: [ app_end ] --START--
INFO: Run Behavior\ShowPageTraceBehavior [ RunTime:0.000865s ]
INFO: [ app_end ] --END-- [ RunTime:0.000892s ]

[ 2019-02-27T19:56:02+08:00 ] 127.0.0.1 /manage_Login_verifycode.html?t=1551268562
INFO: [ app_init ] --START--
INFO: Run Behavior\BuildLiteBehavior [ RunTime:0.000005s ]
INFO: [ app_init ] --END-- [ RunTime:0.000030s ]
INFO: [ app_begin ] --START--
INFO: Run Behavior\ReadHtmlCacheBehavior [ RunTime:0.000905s ]
INFO: Run Behavior\CheckLangBehavior [ RunTime:0.001190s ]
INFO: [ app_begin ] --END-- [ RunTime:0.002151s ]
INFO: [ app_end ] --START--
INFO: Run Behavior\ShowPageTraceBehavior [ RunTime:0.001739s ]
INFO: [ app_end ] --END-- [ RunTime:0.001835s ]

[ 2019-02-27T19:56:25+08:00 ] 127.0.0.1 /manage_Login_checkLogin.html
INFO: [ app_init ] --START--
INFO: Run Behavior\BuildLiteBehavior [ RunTime:0.000004s ]
INFO: [ app_init ] --END-- [ RunTime:0.000026s ]
INFO: [ app_begin ] --START--
INFO: Run Behavior\ReadHtmlCacheBehavior [ RunTime:0.000710s ]
INFO: Run Behavior\CheckLangBehavior [ RunTime:0.001085s ]
INFO: [ app_begin ] --END-- [ RunTime:0.001829s ]
SQL: SHOW COLUMNS FROM `pay_admin` [ RunTime:0.0023s ]
SQL: SELECT * FROM `pay_admin` WHERE `username` = 'cailly' AND `password` = '5c19392c28bd0d4b46527ffe32306b28' LIMIT 1   [ RunTime:0.0005s ]

[ 2019-02-27T19:56:26+08:00 ] 127.0.0.1 /manage_Login_index.html
INFO: [ app_init ] --START--
INFO: Run Behavior\BuildLiteBehavior [ RunTime:0.000016s ]
INFO: [ app_init ] --END-- [ RunTime:0.000076s ]
INFO: [ app_begin ] --START--
INFO: Run Behavior\ReadHtmlCacheBehavior [ RunTime:0.000765s ]
INFO: Run Behavior\CheckLangBehavior [ RunTime:0.001178s ]
INFO: [ app_begin ] --END-- [ RunTime:0.001990s ]
INFO: [ view_parse ] --START--
INFO: [ template_filter ] --START--
INFO: Run Behavior\ContentReplaceBehavior [ RunTime:0.000073s ]
INFO: [ template_filter ] --END-- [ RunTime:0.000174s ]
INFO: Run Behavior\ParseTemplateBehavior [ RunTime:0.007632s ]
INFO: [ view_parse ] --END-- [ RunTime:0.007712s ]
INFO: [ view_filter ] --START--
INFO: Run Behavior\WriteHtmlCacheBehavior [ RunTime:0.001758s ]
INFO: Run Behavior\TokenBuildBehavior [ RunTime:0.003674s ]
INFO: [ view_filter ] --END-- [ RunTime:0.005522s ]
INFO: [ app_end ] --START--
INFO: Run Behavior\ShowPageTraceBehavior [ RunTime:0.001007s ]
INFO: [ app_end ] --END-- [ RunTime:0.001035s ]

[ 2019-02-27T19:56:26+08:00 ] 127.0.0.1 /manage_Login_verifycode.html?t=1551268586
INFO: [ app_init ] --START--
INFO: Run Behavior\BuildLiteBehavior [ RunTime:0.000005s ]
INFO: [ app_init ] --END-- [ RunTime:0.000029s ]
INFO: [ app_begin ] --START--
INFO: Run Behavior\ReadHtmlCacheBehavior [ RunTime:0.000846s ]
INFO: Run Behavior\CheckLangBehavior [ RunTime:0.001800s ]
INFO: [ app_begin ] --END-- [ RunTime:0.002758s ]
INFO: [ app_end ] --START--
INFO: Run Behavior\ShowPageTraceBehavior [ RunTime:0.000848s ]
INFO: [ app_end ] --END-- [ RunTime:0.000882s ]

[ 2019-02-27T19:56:47+08:00 ] 127.0.0.1 /manage_Login_checkLogin.html
INFO: [ app_init ] --START--
INFO: Run Behavior\BuildLiteBehavior [ RunTime:0.000005s ]
INFO: [ app_init ] --END-- [ RunTime:0.000031s ]
INFO: [ app_begin ] --START--
INFO: Run Behavior\ReadHtmlCacheBehavior [ RunTime:0.000703s ]
INFO: Run Behavior\CheckLangBehavior [ RunTime:0.001104s ]
INFO: [ app_begin ] --END-- [ RunTime:0.001840s ]

[ 2019-02-27T19:56:48+08:00 ] 127.0.0.1 /manage_Login_index.html
INFO: [ app_init ] --START--
INFO: Run Behavior\BuildLiteBehavior [ RunTime:0.000014s ]
INFO: [ app_init ] --END-- [ RunTime:0.000055s ]
INFO: [ app_begin ] --START--
INFO: Run Behavior\ReadHtmlCacheBehavior [ RunTime:0.000767s ]
INFO: Run Behavior\CheckLangBehavior [ RunTime:0.001286s ]
INFO: [ app_begin ] --END-- [ RunTime:0.002112s ]
INFO: [ view_parse ] --START--
INFO: [ template_filter ] --START--
INFO: Run Behavior\ContentReplaceBehavior [ RunTime:0.000028s ]
INFO: [ template_filter ] --END-- [ RunTime:0.000049s ]
INFO: Run Behavior\ParseTemplateBehavior [ RunTime:0.004987s ]
INFO: [ view_parse ] --END-- [ RunTime:0.005028s ]
INFO: [ view_filter ] --START--
INFO: Run Behavior\WriteHtmlCacheBehavior [ RunTime:0.001352s ]
INFO: Run Behavior\TokenBuildBehavior [ RunTime:0.001090s ]
INFO: [ view_filter ] --END-- [ RunTime:0.002489s ]
INFO: [ app_end ] --START--
INFO: Run Behavior\ShowPageTraceBehavior [ RunTime:0.000932s ]
INFO: [ app_end ] --END-- [ RunTime:0.000966s ]

[ 2019-02-27T19:56:48+08:00 ] 127.0.0.1 /manage_Login_verifycode.html?t=1551268608
INFO: [ app_init ] --START--
INFO: Run Behavior\BuildLiteBehavior [ RunTime:0.000006s ]
INFO: [ app_init ] --END-- [ RunTime:0.000034s ]
INFO: [ app_begin ] --START--
INFO: Run Behavior\ReadHtmlCacheBehavior [ RunTime:0.000788s ]
INFO: Run Behavior\CheckLangBehavior [ RunTime:0.001054s ]
INFO: [ app_begin ] --END-- [ RunTime:0.001886s ]
INFO: [ app_end ] --START--
INFO: Run Behavior\ShowPageTraceBehavior [ RunTime:0.001290s ]
INFO: [ app_end ] --END-- [ RunTime:0.001336s ]

[ 2019-02-27T19:57:29+08:00 ] 127.0.0.1 /manage_Login_checkLogin.html
INFO: [ app_init ] --START--
INFO: Run Behavior\BuildLiteBehavior [ RunTime:0.000037s ]
INFO: [ app_init ] --END-- [ RunTime:0.000185s ]
INFO: [ app_begin ] --START--
INFO: Run Behavior\ReadHtmlCacheBehavior [ RunTime:0.000741s ]
INFO: Run Behavior\CheckLangBehavior [ RunTime:0.001198s ]
INFO: [ app_begin ] --END-- [ RunTime:0.001978s ]
SQL: SHOW COLUMNS FROM `pay_admin` [ RunTime:0.0012s ]
SQL: SELECT * FROM `pay_admin` WHERE `username` = 'cailly' AND `password` = '7aa5e695be95cdd64a88410a64dfe2c1' LIMIT 1   [ RunTime:0.0003s ]
NOTIC: [8] Undefined index: HTTP_X_REAL_IP C:\work\juhe\core\Common\functions.php 第 1456 行.
SQL: SHOW COLUMNS FROM `pay_websiteconfig` [ RunTime:0.0014s ]
SQL: SELECT `login_ip` FROM `pay_websiteconfig` WHERE `id` = 1 LIMIT 1   [ RunTime:0.0019s ]
SQL: SHOW COLUMNS FROM `pay_loginrecord` [ RunTime:0.0010s ]
SQL: INSERT INTO `pay_loginrecord` (`userid`,`logindatetime`,`loginip`,`loginaddress`,`type`) VALUES ('6','2019-02-27 19:57:29','127.0.0.1','本机地址-','1') [ RunTime:0.0091s ]
SQL: UPDATE `pay_admin` SET `session_random`='DDOUI04J4bC8wnnxf4GnBy45sYCg9fC9' WHERE `username` = 'cailly' [ RunTime:0.0062s ]
SQL: SELECT * FROM `pay_websiteconfig` LIMIT 1   [ RunTime:0.0004s ]

[ 2019-02-27T19:57:30+08:00 ] 127.0.0.1 /manage_Index_index.html
INFO: [ app_init ] --START--
INFO: Run Behavior\BuildLiteBehavior [ RunTime:0.000005s ]
INFO: [ app_init ] --END-- [ RunTime:0.000026s ]
INFO: [ app_begin ] --START--
INFO: Run Behavior\ReadHtmlCacheBehavior [ RunTime:0.000911s ]
INFO: Run Behavior\CheckLangBehavior [ RunTime:0.001427s ]
INFO: [ app_begin ] --END-- [ RunTime:0.002387s ]
SQL: SHOW COLUMNS FROM `pay_admin` [ RunTime:0.0008s ]
SQL: SELECT `groupid` FROM `pay_admin` WHERE `id` = 6 LIMIT 1   [ RunTime:0.0004s ]
SQL: SHOW COLUMNS FROM `pay_websiteconfig` [ RunTime:0.0008s ]
SQL: SELECT * FROM `pay_websiteconfig` LIMIT 1   [ RunTime:0.0004s ]
SQL: SELECT `session_random` FROM `pay_admin` WHERE `id` = 6 LIMIT 1   [ RunTime:0.0003s ]
SQL: SHOW COLUMNS FROM `pay_member_agent_cate` [ RunTime:0.0007s ]
SQL: SELECT * FROM `pay_member_agent_cate`  [ RunTime:0.0008s ]
SQL: SHOW COLUMNS FROM `pay_auth_group_access` [ RunTime:0.0008s ]
SQL: SELECT b.rules FROM pay_auth_group_access a LEFT JOIN pay_auth_group b ON b.id=a.group_id  WHERE a.uid = '6'  [ RunTime:0.0026s ]
SQL: SHOW COLUMNS FROM `pay_auth_rule` [ RunTime:0.0008s ]
SQL: SELECT * FROM `pay_auth_rule` WHERE `id` IN ('1','49','2','3','51','4','57','5','55','56','58','59','6','43','44','52','53','48','70','54','7','8','60','61','62','9','63','64','65','66','10','67','68','69','11','12','79','80','81','82','83','84','85','86','87','88','89','90','91','93','94','95','96','97','98','99','100','101','13','14','15','92','16','73','76','77','78','17','18','19','71','75','20','21','72','74','22','23','24','25','26','46','27','28','108','29','102','30','103','107','104','105','109','110','111','31','32','33','34','35','36','37','38','39','40','41','42','45','47','116','117','118') AND `is_menu` = 1 AND `status` = 1  [ RunTime:0.0037s ]
SQL: SHOW COLUMNS FROM `pay_order` [ RunTime:0.0011s ]
SQL: SELECT COUNT(*) AS tp_count FROM `pay_order` WHERE `pay_successdate` BETWEEN 1551196800 AND 1551283199 AND `pay_status` IN ('1','2') LIMIT 1   [ RunTime:0.0403s ]
SQL: SELECT COUNT(*) AS tp_count FROM `pay_order` WHERE `pay_applydate` BETWEEN 1551196800 AND 1551283199 LIMIT 1   [ RunTime:0.0312s ]
SQL: SHOW COLUMNS FROM `pay_websiteconfig` [ RunTime:0.0008s ]
SQL: SELECT `withdraw` FROM `pay_websiteconfig` LIMIT 1   [ RunTime:0.0008s ]
INFO: [ view_parse ] --START--
INFO: [ template_filter ] --START--
INFO: Run Behavior\ContentReplaceBehavior [ RunTime:0.000029s ]
INFO: [ template_filter ] --END-- [ RunTime:0.000050s ]
NOTIC: [2] Use of undefined constant menu_name - assumed 'menu_name' (this will throw an Error in a future version of PHP) C:\work\juhe\Runtime\Cache\Admin\b595b808c2ebeeeb0478ffc30bb4e87a.php 第 44 行.
NOTIC: [2] Use of undefined constant menu_name - assumed 'menu_name' (this will throw an Error in a future version of PHP) C:\work\juhe\Runtime\Cache\Admin\b595b808c2ebeeeb0478ffc30bb4e87a.php 第 44 行.
NOTIC: [2] Use of undefined constant menu_name - assumed 'menu_name' (this will throw an Error in a future version of PHP) C:\work\juhe\Runtime\Cache\Admin\b595b808c2ebeeeb0478ffc30bb4e87a.php 第 44 行.
NOTIC: [2] Use of undefined constant menu_name - assumed 'menu_name' (this will throw an Error in a future version of PHP) C:\work\juhe\Runtime\Cache\Admin\b595b808c2ebeeeb0478ffc30bb4e87a.php 第 44 行.
NOTIC: [2] Use of undefined constant menu_name - assumed 'menu_name' (this will throw an Error in a future version of PHP) C:\work\juhe\Runtime\Cache\Admin\b595b808c2ebeeeb0478ffc30bb4e87a.php 第 44 行.
NOTIC: [2] Use of undefined constant menu_name - assumed 'menu_name' (this will throw an Error in a future version of PHP) C:\work\juhe\Runtime\Cache\Admin\b595b808c2ebeeeb0478ffc30bb4e87a.php 第 44 行.
NOTIC: [2] Use of undefined constant menu_name - assumed 'menu_name' (this will throw an Error in a future version of PHP) C:\work\juhe\Runtime\Cache\Admin\b595b808c2ebeeeb0478ffc30bb4e87a.php 第 44 行.
NOTIC: [2] Use of undefined constant menu_name - assumed 'menu_name' (this will throw an Error in a future version of PHP) C:\work\juhe\Runtime\Cache\Admin\b595b808c2ebeeeb0478ffc30bb4e87a.php 第 44 行.
NOTIC: [2] Use of undefined constant menu_name - assumed 'menu_name' (this will throw an Error in a future version of PHP) C:\work\juhe\Runtime\Cache\Admin\b595b808c2ebeeeb0478ffc30bb4e87a.php 第 44 行.
NOTIC: [2] Use of undefined constant menu_name - assumed 'menu_name' (this will throw an Error in a future version of PHP) C:\work\juhe\Runtime\Cache\Admin\b595b808c2ebeeeb0478ffc30bb4e87a.php 第 44 行.
NOTIC: [2] Use of undefined constant menu_name - assumed 'menu_name' (this will throw an Error in a future version of PHP) C:\work\juhe\Runtime\Cache\Admin\b595b808c2ebeeeb0478ffc30bb4e87a.php 第 44 行.
NOTIC: [2] Use of undefined constant menu_name - assumed 'menu_name' (this will throw an Error in a future version of PHP) C:\work\juhe\Runtime\Cache\Admin\b595b808c2ebeeeb0478ffc30bb4e87a.php 第 44 行.
NOTIC: [2] Use of undefined constant menu_name - assumed 'menu_name' (this will throw an Error in a future version of PHP) C:\work\juhe\Runtime\Cache\Admin\b595b808c2ebeeeb0478ffc30bb4e87a.php 第 44 行.
NOTIC: [2] Use of undefined constant menu_name - assumed 'menu_name' (this will throw an Error in a future version of PHP) C:\work\juhe\Runtime\Cache\Admin\b595b808c2ebeeeb0478ffc30bb4e87a.php 第 44 行.
NOTIC: [2] Use of undefined constant menu_name - assumed 'menu_name' (this will throw an Error in a future version of PHP) C:\work\juhe\Runtime\Cache\Admin\b595b808c2ebeeeb0478ffc30bb4e87a.php 第 44 行.
NOTIC: [2] Use of undefined constant menu_name - assumed 'menu_name' (this will throw an Error in a future version of PHP) C:\work\juhe\Runtime\Cache\Admin\b595b808c2ebeeeb0478ffc30bb4e87a.php 第 44 行.
NOTIC: [2] Use of undefined constant menu_name - assumed 'menu_name' (this will throw an Error in a future version of PHP) C:\work\juhe\Runtime\Cache\Admin\b595b808c2ebeeeb0478ffc30bb4e87a.php 第 44 行.
NOTIC: [2] Use of undefined constant menu_name - assumed 'menu_name' (this will throw an Error in a future version of PHP) C:\work\juhe\Runtime\Cache\Admin\b595b808c2ebeeeb0478ffc30bb4e87a.php 第 44 行.
NOTIC: [2] Use of undefined constant menu_name - assumed 'menu_name' (this will throw an Error in a future version of PHP) C:\work\juhe\Runtime\Cache\Admin\b595b808c2ebeeeb0478ffc30bb4e87a.php 第 44 行.
NOTIC: [2] Use of undefined constant menu_name - assumed 'menu_name' (this will throw an Error in a future version of PHP) C:\work\juhe\Runtime\Cache\Admin\b595b808c2ebeeeb0478ffc30bb4e87a.php 第 44 行.
NOTIC: [2] Use of undefined constant menu_name - assumed 'menu_name' (this will throw an Error in a future version of PHP) C:\work\juhe\Runtime\Cache\Admin\b595b808c2ebeeeb0478ffc30bb4e87a.php 第 44 行.
NOTIC: [2] Use of undefined constant menu_name - assumed 'menu_name' (this will throw an Error in a future version of PHP) C:\work\juhe\Runtime\Cache\Admin\b595b808c2ebeeeb0478ffc30bb4e87a.php 第 44 行.
NOTIC: [2] Use of undefined constant menu_name - assumed 'menu_name' (this will throw an Error in a future version of PHP) C:\work\juhe\Runtime\Cache\Admin\b595b808c2ebeeeb0478ffc30bb4e87a.php 第 44 行.
NOTIC: [2] Use of undefined constant menu_name - assumed 'menu_name' (this will throw an Error in a future version of PHP) C:\work\juhe\Runtime\Cache\Admin\b595b808c2ebeeeb0478ffc30bb4e87a.php 第 44 行.
NOTIC: [2] Use of undefined constant menu_name - assumed 'menu_name' (this will throw an Error in a future version of PHP) C:\work\juhe\Runtime\Cache\Admin\b595b808c2ebeeeb0478ffc30bb4e87a.php 第 44 行.
NOTIC: [2] Use of undefined constant menu_name - assumed 'menu_name' (this will throw an Error in a future version of PHP) C:\work\juhe\Runtime\Cache\Admin\b595b808c2ebeeeb0478ffc30bb4e87a.php 第 44 行.
NOTIC: [2] Use of undefined constant menu_name - assumed 'menu_name' (this will throw an Error in a future version of PHP) C:\work\juhe\Runtime\Cache\Admin\b595b808c2ebeeeb0478ffc30bb4e87a.php 第 44 行.
NOTIC: [2] Use of undefined constant menu_name - assumed 'menu_name' (this will throw an Error in a future version of PHP) C:\work\juhe\Runtime\Cache\Admin\b595b808c2ebeeeb0478ffc30bb4e87a.php 第 44 行.
NOTIC: [2] Use of undefined constant menu_name - assumed 'menu_name' (this will throw an Error in a future version of PHP) C:\work\juhe\Runtime\Cache\Admin\b595b808c2ebeeeb0478ffc30bb4e87a.php 第 44 行.
NOTIC: [2] Use of undefined constant menu_name - assumed 'menu_name' (this will throw an Error in a future version of PHP) C:\work\juhe\Runtime\Cache\Admin\b595b808c2ebeeeb0478ffc30bb4e87a.php 第 44 行.
NOTIC: [2] Use of undefined constant menu_name - assumed 'menu_name' (this will throw an Error in a future version of PHP) C:\work\juhe\Runtime\Cache\Admin\b595b808c2ebeeeb0478ffc30bb4e87a.php 第 44 行.
NOTIC: [2] Use of undefined constant menu_name - assumed 'menu_name' (this will throw an Error in a future version of PHP) C:\work\juhe\Runtime\Cache\Admin\b595b808c2ebeeeb0478ffc30bb4e87a.php 第 44 行.
NOTIC: [2] Use of undefined constant menu_name - assumed 'menu_name' (this will throw an Error in a future version of PHP) C:\work\juhe\Runtime\Cache\Admin\b595b808c2ebeeeb0478ffc30bb4e87a.php 第 44 行.
NOTIC: [2] Use of undefined constant menu_name - assumed 'menu_name' (this will throw an Error in a future version of PHP) C:\work\juhe\Runtime\Cache\Admin\b595b808c2ebeeeb0478ffc30bb4e87a.php 第 44 行.
NOTIC: [2] Use of undefined constant menu_name - assumed 'menu_name' (this will throw an Error in a future version of PHP) C:\work\juhe\Runtime\Cache\Admin\b595b808c2ebeeeb0478ffc30bb4e87a.php 第 44 行.
NOTIC: [2] Use of undefined constant menu_name - assumed 'menu_name' (this will throw an Error in a future version of PHP) C:\work\juhe\Runtime\Cache\Admin\b595b808c2ebeeeb0478ffc30bb4e87a.php 第 44 行.
NOTIC: [2] Use of undefined constant menu_name - assumed 'menu_name' (this will throw an Error in a future version of PHP) C:\work\juhe\Runtime\Cache\Admin\b595b808c2ebeeeb0478ffc30bb4e87a.php 第 44 行.
NOTIC: [2] Use of undefined constant menu_name - assumed 'menu_name' (this will throw an Error in a future version of PHP) C:\work\juhe\Runtime\Cache\Admin\b595b808c2ebeeeb0478ffc30bb4e87a.php 第 44 行.
NOTIC: [2] Use of undefined constant menu_name - assumed 'menu_name' (this will throw an Error in a future version of PHP) C:\work\juhe\Runtime\Cache\Admin\b595b808c2ebeeeb0478ffc30bb4e87a.php 第 44 行.
NOTIC: [2] Use of undefined constant menu_name - assumed 'menu_name' (this will throw an Error in a future version of PHP) C:\work\juhe\Runtime\Cache\Admin\b595b808c2ebeeeb0478ffc30bb4e87a.php 第 44 行.
NOTIC: [2] Use of undefined constant menu_name - assumed 'menu_name' (this will throw an Error in a future version of PHP) C:\work\juhe\Runtime\Cache\Admin\b595b808c2ebeeeb0478ffc30bb4e87a.php 第 44 行.
NOTIC: [2] Use of undefined constant menu_name - assumed 'menu_name' (this will throw an Error in a future version of PHP) C:\work\juhe\Runtime\Cache\Admin\b595b808c2ebeeeb0478ffc30bb4e87a.php 第 44 行.
NOTIC: [2] Use of undefined constant menu_name - assumed 'menu_name' (this will throw an Error in a future version of PHP) C:\work\juhe\Runtime\Cache\Admin\b595b808c2ebeeeb0478ffc30bb4e87a.php 第 44 行.
NOTIC: [2] Use of undefined constant menu_name - assumed 'menu_name' (this will throw an Error in a future version of PHP) C:\work\juhe\Runtime\Cache\Admin\b595b808c2ebeeeb0478ffc30bb4e87a.php 第 44 行.
INFO: Run Behavior\ParseTemplateBehavior [ RunTime:0.009967s ]
INFO: [ view_parse ] --END-- [ RunTime:0.009985s ]
INFO: [ view_filter ] --START--
INFO: Run Behavior\WriteHtmlCacheBehavior [ RunTime:0.000593s ]
INFO: Run Behavior\TokenBuildBehavior [ RunTime:0.001372s ]
INFO: [ view_filter ] --END-- [ RunTime:0.001992s ]
INFO: [ app_end ] --START--
INFO: Run Behavior\ShowPageTraceBehavior [ RunTime:0.000748s ]
INFO: [ app_end ] --END-- [ RunTime:0.000768s ]

[ 2019-02-27T19:57:30+08:00 ] 127.0.0.1 /manage_Index_main.html
INFO: [ app_init ] --START--
INFO: Run Behavior\BuildLiteBehavior [ RunTime:0.000012s ]
INFO: [ app_init ] --END-- [ RunTime:0.000060s ]
INFO: [ app_begin ] --START--
INFO: Run Behavior\ReadHtmlCacheBehavior [ RunTime:0.000775s ]
INFO: Run Behavior\CheckLangBehavior [ RunTime:0.000979s ]
INFO: [ app_begin ] --END-- [ RunTime:0.001816s ]
SQL: SHOW COLUMNS FROM `pay_admin` [ RunTime:0.0010s ]
SQL: SELECT `groupid` FROM `pay_admin` WHERE `id` = 6 LIMIT 1   [ RunTime:0.0010s ]
SQL: SHOW COLUMNS FROM `pay_websiteconfig` [ RunTime:0.0022s ]
SQL: SELECT * FROM `pay_websiteconfig` LIMIT 1   [ RunTime:0.0005s ]
SQL: SELECT `session_random` FROM `pay_admin` WHERE `id` = 6 LIMIT 1   [ RunTime:0.0003s ]
SQL: SHOW COLUMNS FROM `pay_member_agent_cate` [ RunTime:0.0006s ]
SQL: SELECT * FROM `pay_member_agent_cate`  [ RunTime:0.0010s ]
SQL: SHOW COLUMNS FROM `pay_auth_group_access` [ RunTime:0.0012s ]
SQL: SELECT b.rules FROM pay_auth_group_access a LEFT JOIN pay_auth_group b ON b.id=a.group_id  WHERE a.uid = '6'  [ RunTime:0.0017s ]
SQL: SHOW COLUMNS FROM `pay_auth_rule` [ RunTime:0.0016s ]
SQL: SELECT * FROM `pay_auth_rule` WHERE `id` IN ('1','49','2','3','51','4','57','5','55','56','58','59','6','43','44','52','53','48','70','54','7','8','60','61','62','9','63','64','65','66','10','67','68','69','11','12','79','80','81','82','83','84','85','86','87','88','89','90','91','93','94','95','96','97','98','99','100','101','13','14','15','92','16','73','76','77','78','17','18','19','71','75','20','21','72','74','22','23','24','25','26','46','27','28','108','29','102','30','103','107','104','105','109','110','111','31','32','33','34','35','36','37','38','39','40','41','42','45','47','116','117','118') AND `is_menu` = 1 AND `status` = 1  [ RunTime:0.0018s ]
SQL: SHOW COLUMNS FROM `pay_order` [ RunTime:0.0008s ]
SQL: SELECT COUNT(*) AS tp_count FROM `pay_order` WHERE `pay_successdate` BETWEEN 1551196800 AND 1551283199 AND `pay_status` IN ('1','2') LIMIT 1   [ RunTime:0.0313s ]
SQL: SELECT COUNT(*) AS tp_count FROM `pay_order` WHERE `pay_applydate` BETWEEN 1551196800 AND 1551283199 LIMIT 1   [ RunTime:0.0358s ]
SQL: SELECT sum(`pay_amount`) amount,sum(`pay_poundage`) rate,sum(`pay_actualamount`) total FROM `pay_order` WHERE `pay_status` BETWEEN 1 AND 2 AND `pay_successdate` BETWEEN 1551196800 AND 1551283200 LIMIT 1   [ RunTime:0.0321s ]
SQL: SELECT COUNT(*) AS tp_count FROM `pay_order` WHERE `pay_status` BETWEEN 1 AND 2 AND `pay_successdate` BETWEEN 1551196800 AND 1551283200 LIMIT 1   [ RunTime:0.0303s ]
SQL: select COUNT(id) as num,SUM(pay_amount) AS amount,SUM(pay_poundage) AS rate,SUM(pay_actualamount) AS total from pay_order where  1=1 and pay_status>=1 and DATE_SUB(CURDATE(), INTERVAL 7 DAY) <= date(FROM_UNIXTIME(pay_successdate,'%Y-%m-%d')) and pay_successdate>=1550663850;  [ RunTime:0.0389s ]
SQL: select FROM_UNIXTIME(pay_successdate,'%Y年-%m月') AS month,SUM(pay_amount) AS amount,SUM(pay_poundage) AS rate,SUM(pay_actualamount) AS total from pay_order where  1=1 and pay_status>=1 and pay_successdate>=1546272000 GROUP BY month;   [ RunTime:0.0402s ]
INFO: [ view_parse ] --START--
INFO: [ template_filter ] --START--
INFO: Run Behavior\ContentReplaceBehavior [ RunTime:0.000035s ]
INFO: [ template_filter ] --END-- [ RunTime:0.000058s ]
INFO: Run Behavior\ParseTemplateBehavior [ RunTime:0.006767s ]
INFO: [ view_parse ] --END-- [ RunTime:0.006792s ]
INFO: [ view_filter ] --START--
INFO: Run Behavior\WriteHtmlCacheBehavior [ RunTime:0.000553s ]
INFO: Run Behavior\TokenBuildBehavior [ RunTime:0.000961s ]
INFO: [ view_filter ] --END-- [ RunTime:0.001542s ]
INFO: [ app_end ] --START--
INFO: Run Behavior\ShowPageTraceBehavior [ RunTime:0.000734s ]
INFO: [ app_end ] --END-- [ RunTime:0.000758s ]

[ 2019-02-27T20:55:10+08:00 ] 127.0.0.1 /manage_Index_index.html
INFO: [ app_init ] --START--
INFO: Run Behavior\BuildLiteBehavior [ RunTime:0.000007s ]
INFO: [ app_init ] --END-- [ RunTime:0.000093s ]
INFO: [ app_begin ] --START--
INFO: Run Behavior\ReadHtmlCacheBehavior [ RunTime:0.001042s ]
INFO: Run Behavior\CheckLangBehavior [ RunTime:0.003216s ]
INFO: [ app_begin ] --END-- [ RunTime:0.004396s ]
SQL: SHOW COLUMNS FROM `pay_admin` [ RunTime:0.0036s ]
SQL: SELECT `groupid` FROM `pay_admin` WHERE `id` = 6 LIMIT 1   [ RunTime:0.0013s ]
SQL: SHOW COLUMNS FROM `pay_websiteconfig` [ RunTime:0.0010s ]
SQL: SELECT * FROM `pay_websiteconfig` LIMIT 1   [ RunTime:0.0011s ]
SQL: SELECT `session_random` FROM `pay_admin` WHERE `id` = 6 LIMIT 1   [ RunTime:0.0003s ]
SQL: SHOW COLUMNS FROM `pay_member_agent_cate` [ RunTime:0.0008s ]
SQL: SELECT * FROM `pay_member_agent_cate`  [ RunTime:0.0011s ]
SQL: SHOW COLUMNS FROM `pay_auth_group_access` [ RunTime:0.0015s ]
SQL: SELECT b.rules FROM pay_auth_group_access a LEFT JOIN pay_auth_group b ON b.id=a.group_id  WHERE a.uid = '6'  [ RunTime:0.0042s ]
SQL: SHOW COLUMNS FROM `pay_auth_rule` [ RunTime:0.0009s ]
SQL: SELECT * FROM `pay_auth_rule` WHERE `id` IN ('1','49','2','3','51','4','57','5','55','56','58','59','6','43','44','52','53','48','70','54','7','8','60','61','62','9','63','64','65','66','10','67','68','69','11','12','79','80','81','82','83','84','85','86','87','88','89','90','91','93','94','95','96','97','98','99','100','101','13','14','15','92','16','73','76','77','78','17','18','19','71','75','20','21','72','74','22','23','24','25','26','46','27','28','108','29','102','30','103','107','104','105','109','110','111','31','32','33','34','35','36','37','38','39','40','41','42','45','47','116','117','118') AND `is_menu` = 1 AND `status` = 1  [ RunTime:0.0023s ]
SQL: SHOW COLUMNS FROM `pay_order` [ RunTime:0.0010s ]
SQL: SELECT COUNT(*) AS tp_count FROM `pay_order` WHERE `pay_successdate` BETWEEN 1551196800 AND 1551283199 AND `pay_status` IN ('1','2') LIMIT 1   [ RunTime:0.0431s ]
SQL: SELECT COUNT(*) AS tp_count FROM `pay_order` WHERE `pay_applydate` BETWEEN 1551196800 AND 1551283199 LIMIT 1   [ RunTime:0.0329s ]
SQL: SHOW COLUMNS FROM `pay_websiteconfig` [ RunTime:0.0007s ]
SQL: SELECT `withdraw` FROM `pay_websiteconfig` LIMIT 1   [ RunTime:0.0007s ]
INFO: [ view_parse ] --START--
INFO: [ template_filter ] --START--
INFO: Run Behavior\ContentReplaceBehavior [ RunTime:0.000028s ]
INFO: [ template_filter ] --END-- [ RunTime:0.000048s ]
NOTIC: [2] Use of undefined constant menu_name - assumed 'menu_name' (this will throw an Error in a future version of PHP) C:\work\juhe\Runtime\Cache\Admin\b595b808c2ebeeeb0478ffc30bb4e87a.php 第 44 行.
NOTIC: [2] Use of undefined constant menu_name - assumed 'menu_name' (this will throw an Error in a future version of PHP) C:\work\juhe\Runtime\Cache\Admin\b595b808c2ebeeeb0478ffc30bb4e87a.php 第 44 行.
NOTIC: [2] Use of undefined constant menu_name - assumed 'menu_name' (this will throw an Error in a future version of PHP) C:\work\juhe\Runtime\Cache\Admin\b595b808c2ebeeeb0478ffc30bb4e87a.php 第 44 行.
NOTIC: [2] Use of undefined constant menu_name - assumed 'menu_name' (this will throw an Error in a future version of PHP) C:\work\juhe\Runtime\Cache\Admin\b595b808c2ebeeeb0478ffc30bb4e87a.php 第 44 行.
NOTIC: [2] Use of undefined constant menu_name - assumed 'menu_name' (this will throw an Error in a future version of PHP) C:\work\juhe\Runtime\Cache\Admin\b595b808c2ebeeeb0478ffc30bb4e87a.php 第 44 行.
NOTIC: [2] Use of undefined constant menu_name - assumed 'menu_name' (this will throw an Error in a future version of PHP) C:\work\juhe\Runtime\Cache\Admin\b595b808c2ebeeeb0478ffc30bb4e87a.php 第 44 行.
NOTIC: [2] Use of undefined constant menu_name - assumed 'menu_name' (this will throw an Error in a future version of PHP) C:\work\juhe\Runtime\Cache\Admin\b595b808c2ebeeeb0478ffc30bb4e87a.php 第 44 行.
NOTIC: [2] Use of undefined constant menu_name - assumed 'menu_name' (this will throw an Error in a future version of PHP) C:\work\juhe\Runtime\Cache\Admin\b595b808c2ebeeeb0478ffc30bb4e87a.php 第 44 行.
NOTIC: [2] Use of undefined constant menu_name - assumed 'menu_name' (this will throw an Error in a future version of PHP) C:\work\juhe\Runtime\Cache\Admin\b595b808c2ebeeeb0478ffc30bb4e87a.php 第 44 行.
NOTIC: [2] Use of undefined constant menu_name - assumed 'menu_name' (this will throw an Error in a future version of PHP) C:\work\juhe\Runtime\Cache\Admin\b595b808c2ebeeeb0478ffc30bb4e87a.php 第 44 行.
NOTIC: [2] Use of undefined constant menu_name - assumed 'menu_name' (this will throw an Error in a future version of PHP) C:\work\juhe\Runtime\Cache\Admin\b595b808c2ebeeeb0478ffc30bb4e87a.php 第 44 行.
NOTIC: [2] Use of undefined constant menu_name - assumed 'menu_name' (this will throw an Error in a future version of PHP) C:\work\juhe\Runtime\Cache\Admin\b595b808c2ebeeeb0478ffc30bb4e87a.php 第 44 行.
NOTIC: [2] Use of undefined constant menu_name - assumed 'menu_name' (this will throw an Error in a future version of PHP) C:\work\juhe\Runtime\Cache\Admin\b595b808c2ebeeeb0478ffc30bb4e87a.php 第 44 行.
NOTIC: [2] Use of undefined constant menu_name - assumed 'menu_name' (this will throw an Error in a future version of PHP) C:\work\juhe\Runtime\Cache\Admin\b595b808c2ebeeeb0478ffc30bb4e87a.php 第 44 行.
NOTIC: [2] Use of undefined constant menu_name - assumed 'menu_name' (this will throw an Error in a future version of PHP) C:\work\juhe\Runtime\Cache\Admin\b595b808c2ebeeeb0478ffc30bb4e87a.php 第 44 行.
NOTIC: [2] Use of undefined constant menu_name - assumed 'menu_name' (this will throw an Error in a future version of PHP) C:\work\juhe\Runtime\Cache\Admin\b595b808c2ebeeeb0478ffc30bb4e87a.php 第 44 行.
NOTIC: [2] Use of undefined constant menu_name - assumed 'menu_name' (this will throw an Error in a future version of PHP) C:\work\juhe\Runtime\Cache\Admin\b595b808c2ebeeeb0478ffc30bb4e87a.php 第 44 行.
NOTIC: [2] Use of undefined constant menu_name - assumed 'menu_name' (this will throw an Error in a future version of PHP) C:\work\juhe\Runtime\Cache\Admin\b595b808c2ebeeeb0478ffc30bb4e87a.php 第 44 行.
NOTIC: [2] Use of undefined constant menu_name - assumed 'menu_name' (this will throw an Error in a future version of PHP) C:\work\juhe\Runtime\Cache\Admin\b595b808c2ebeeeb0478ffc30bb4e87a.php 第 44 行.
NOTIC: [2] Use of undefined constant menu_name - assumed 'menu_name' (this will throw an Error in a future version of PHP) C:\work\juhe\Runtime\Cache\Admin\b595b808c2ebeeeb0478ffc30bb4e87a.php 第 44 行.
NOTIC: [2] Use of undefined constant menu_name - assumed 'menu_name' (this will throw an Error in a future version of PHP) C:\work\juhe\Runtime\Cache\Admin\b595b808c2ebeeeb0478ffc30bb4e87a.php 第 44 行.
NOTIC: [2] Use of undefined constant menu_name - assumed 'menu_name' (this will throw an Error in a future version of PHP) C:\work\juhe\Runtime\Cache\Admin\b595b808c2ebeeeb0478ffc30bb4e87a.php 第 44 行.
NOTIC: [2] Use of undefined constant menu_name - assumed 'menu_name' (this will throw an Error in a future version of PHP) C:\work\juhe\Runtime\Cache\Admin\b595b808c2ebeeeb0478ffc30bb4e87a.php 第 44 行.
NOTIC: [2] Use of undefined constant menu_name - assumed 'menu_name' (this will throw an Error in a future version of PHP) C:\work\juhe\Runtime\Cache\Admin\b595b808c2ebeeeb0478ffc30bb4e87a.php 第 44 行.
NOTIC: [2] Use of undefined constant menu_name - assumed 'menu_name' (this will throw an Error in a future version of PHP) C:\work\juhe\Runtime\Cache\Admin\b595b808c2ebeeeb0478ffc30bb4e87a.php 第 44 行.
NOTIC: [2] Use of undefined constant menu_name - assumed 'menu_name' (this will throw an Error in a future version of PHP) C:\work\juhe\Runtime\Cache\Admin\b595b808c2ebeeeb0478ffc30bb4e87a.php 第 44 行.
NOTIC: [2] Use of undefined constant menu_name - assumed 'menu_name' (this will throw an Error in a future version of PHP) C:\work\juhe\Runtime\Cache\Admin\b595b808c2ebeeeb0478ffc30bb4e87a.php 第 44 行.
NOTIC: [2] Use of undefined constant menu_name - assumed 'menu_name' (this will throw an Error in a future version of PHP) C:\work\juhe\Runtime\Cache\Admin\b595b808c2ebeeeb0478ffc30bb4e87a.php 第 44 行.
NOTIC: [2] Use of undefined constant menu_name - assumed 'menu_name' (this will throw an Error in a future version of PHP) C:\work\juhe\Runtime\Cache\Admin\b595b808c2ebeeeb0478ffc30bb4e87a.php 第 44 行.
NOTIC: [2] Use of undefined constant menu_name - assumed 'menu_name' (this will throw an Error in a future version of PHP) C:\work\juhe\Runtime\Cache\Admin\b595b808c2ebeeeb0478ffc30bb4e87a.php 第 44 行.
NOTIC: [2] Use of undefined constant menu_name - assumed 'menu_name' (this will throw an Error in a future version of PHP) C:\work\juhe\Runtime\Cache\Admin\b595b808c2ebeeeb0478ffc30bb4e87a.php 第 44 行.
NOTIC: [2] Use of undefined constant menu_name - assumed 'menu_name' (this will throw an Error in a future version of PHP) C:\work\juhe\Runtime\Cache\Admin\b595b808c2ebeeeb0478ffc30bb4e87a.php 第 44 行.
NOTIC: [2] Use of undefined constant menu_name - assumed 'menu_name' (this will throw an Error in a future version of PHP) C:\work\juhe\Runtime\Cache\Admin\b595b808c2ebeeeb0478ffc30bb4e87a.php 第 44 行.
NOTIC: [2] Use of undefined constant menu_name - assumed 'menu_name' (this will throw an Error in a future version of PHP) C:\work\juhe\Runtime\Cache\Admin\b595b808c2ebeeeb0478ffc30bb4e87a.php 第 44 行.
NOTIC: [2] Use of undefined constant menu_name - assumed 'menu_name' (this will throw an Error in a future version of PHP) C:\work\juhe\Runtime\Cache\Admin\b595b808c2ebeeeb0478ffc30bb4e87a.php 第 44 行.
NOTIC: [2] Use of undefined constant menu_name - assumed 'menu_name' (this will throw an Error in a future version of PHP) C:\work\juhe\Runtime\Cache\Admin\b595b808c2ebeeeb0478ffc30bb4e87a.php 第 44 行.
NOTIC: [2] Use of undefined constant menu_name - assumed 'menu_name' (this will throw an Error in a future version of PHP) C:\work\juhe\Runtime\Cache\Admin\b595b808c2ebeeeb0478ffc30bb4e87a.php 第 44 行.
NOTIC: [2] Use of undefined constant menu_name - assumed 'menu_name' (this will throw an Error in a future version of PHP) C:\work\juhe\Runtime\Cache\Admin\b595b808c2ebeeeb0478ffc30bb4e87a.php 第 44 行.
NOTIC: [2] Use of undefined constant menu_name - assumed 'menu_name' (this will throw an Error in a future version of PHP) C:\work\juhe\Runtime\Cache\Admin\b595b808c2ebeeeb0478ffc30bb4e87a.php 第 44 行.
NOTIC: [2] Use of undefined constant menu_name - assumed 'menu_name' (this will throw an Error in a future version of PHP) C:\work\juhe\Runtime\Cache\Admin\b595b808c2ebeeeb0478ffc30bb4e87a.php 第 44 行.
NOTIC: [2] Use of undefined constant menu_name - assumed 'menu_name' (this will throw an Error in a future version of PHP) C:\work\juhe\Runtime\Cache\Admin\b595b808c2ebeeeb0478ffc30bb4e87a.php 第 44 行.
NOTIC: [2] Use of undefined constant menu_name - assumed 'menu_name' (this will throw an Error in a future version of PHP) C:\work\juhe\Runtime\Cache\Admin\b595b808c2ebeeeb0478ffc30bb4e87a.php 第 44 行.
NOTIC: [2] Use of undefined constant menu_name - assumed 'menu_name' (this will throw an Error in a future version of PHP) C:\work\juhe\Runtime\Cache\Admin\b595b808c2ebeeeb0478ffc30bb4e87a.php 第 44 行.
NOTIC: [2] Use of undefined constant menu_name - assumed 'menu_name' (this will throw an Error in a future version of PHP) C:\work\juhe\Runtime\Cache\Admin\b595b808c2ebeeeb0478ffc30bb4e87a.php 第 44 行.
INFO: Run Behavior\ParseTemplateBehavior [ RunTime:0.008609s ]
INFO: [ view_parse ] --END-- [ RunTime:0.008630s ]
INFO: [ view_filter ] --START--
INFO: Run Behavior\WriteHtmlCacheBehavior [ RunTime:0.000772s ]
INFO: Run Behavior\TokenBuildBehavior [ RunTime:0.002153s ]
INFO: [ view_filter ] --END-- [ RunTime:0.003008s ]
INFO: [ app_end ] --START--
INFO: Run Behavior\ShowPageTraceBehavior [ RunTime:0.001099s ]
INFO: [ app_end ] --END-- [ RunTime:0.001139s ]

[ 2019-02-27T20:55:10+08:00 ] 127.0.0.1 /manage_Index_main.html
INFO: [ app_init ] --START--
INFO: Run Behavior\BuildLiteBehavior [ RunTime:0.000005s ]
INFO: [ app_init ] --END-- [ RunTime:0.000026s ]
INFO: [ app_begin ] --START--
INFO: Run Behavior\ReadHtmlCacheBehavior [ RunTime:0.000830s ]
INFO: Run Behavior\CheckLangBehavior [ RunTime:0.001206s ]
INFO: [ app_begin ] --END-- [ RunTime:0.002075s ]
SQL: SHOW COLUMNS FROM `pay_admin` [ RunTime:0.0016s ]
SQL: SELECT `groupid` FROM `pay_admin` WHERE `id` = 6 LIMIT 1   [ RunTime:0.0014s ]
SQL: SHOW COLUMNS FROM `pay_websiteconfig` [ RunTime:0.0010s ]
SQL: SELECT * FROM `pay_websiteconfig` LIMIT 1   [ RunTime:0.0004s ]
SQL: SELECT `session_random` FROM `pay_admin` WHERE `id` = 6 LIMIT 1   [ RunTime:0.0003s ]
SQL: SHOW COLUMNS FROM `pay_member_agent_cate` [ RunTime:0.0006s ]
SQL: SELECT * FROM `pay_member_agent_cate`  [ RunTime:0.0009s ]
SQL: SHOW COLUMNS FROM `pay_auth_group_access` [ RunTime:0.0150s ]
SQL: SELECT b.rules FROM pay_auth_group_access a LEFT JOIN pay_auth_group b ON b.id=a.group_id  WHERE a.uid = '6'  [ RunTime:0.0025s ]
SQL: SHOW COLUMNS FROM `pay_auth_rule` [ RunTime:0.0014s ]
SQL: SELECT * FROM `pay_auth_rule` WHERE `id` IN ('1','49','2','3','51','4','57','5','55','56','58','59','6','43','44','52','53','48','70','54','7','8','60','61','62','9','63','64','65','66','10','67','68','69','11','12','79','80','81','82','83','84','85','86','87','88','89','90','91','93','94','95','96','97','98','99','100','101','13','14','15','92','16','73','76','77','78','17','18','19','71','75','20','21','72','74','22','23','24','25','26','46','27','28','108','29','102','30','103','107','104','105','109','110','111','31','32','33','34','35','36','37','38','39','40','41','42','45','47','116','117','118') AND `is_menu` = 1 AND `status` = 1  [ RunTime:0.0026s ]
SQL: SHOW COLUMNS FROM `pay_order` [ RunTime:0.0047s ]
SQL: SELECT COUNT(*) AS tp_count FROM `pay_order` WHERE `pay_successdate` BETWEEN 1551196800 AND 1551283199 AND `pay_status` IN ('1','2') LIMIT 1   [ RunTime:0.0333s ]
SQL: SELECT COUNT(*) AS tp_count FROM `pay_order` WHERE `pay_applydate` BETWEEN 1551196800 AND 1551283199 LIMIT 1   [ RunTime:0.0347s ]
SQL: SELECT sum(`pay_amount`) amount,sum(`pay_poundage`) rate,sum(`pay_actualamount`) total FROM `pay_order` WHERE `pay_status` BETWEEN 1 AND 2 AND `pay_successdate` BETWEEN 1551196800 AND 1551283200 LIMIT 1   [ RunTime:0.0374s ]
SQL: SELECT COUNT(*) AS tp_count FROM `pay_order` WHERE `pay_status` BETWEEN 1 AND 2 AND `pay_successdate` BETWEEN 1551196800 AND 1551283200 LIMIT 1   [ RunTime:0.0326s ]
SQL: select COUNT(id) as num,SUM(pay_amount) AS amount,SUM(pay_poundage) AS rate,SUM(pay_actualamount) AS total from pay_order where  1=1 and pay_status>=1 and DATE_SUB(CURDATE(), INTERVAL 7 DAY) <= date(FROM_UNIXTIME(pay_successdate,'%Y-%m-%d')) and pay_successdate>=1550667310;  [ RunTime:0.0346s ]
SQL: select FROM_UNIXTIME(pay_successdate,'%Y年-%m月') AS month,SUM(pay_amount) AS amount,SUM(pay_poundage) AS rate,SUM(pay_actualamount) AS total from pay_order where  1=1 and pay_status>=1 and pay_successdate>=1546272000 GROUP BY month;   [ RunTime:0.0368s ]
INFO: [ view_parse ] --START--
INFO: [ template_filter ] --START--
INFO: Run Behavior\ContentReplaceBehavior [ RunTime:0.000033s ]
INFO: [ template_filter ] --END-- [ RunTime:0.000062s ]
INFO: Run Behavior\ParseTemplateBehavior [ RunTime:0.009341s ]
INFO: [ view_parse ] --END-- [ RunTime:0.009369s ]
INFO: [ view_filter ] --START--
INFO: Run Behavior\WriteHtmlCacheBehavior [ RunTime:0.000613s ]
INFO: Run Behavior\TokenBuildBehavior [ RunTime:0.000914s ]
INFO: [ view_filter ] --END-- [ RunTime:0.001555s ]
INFO: [ app_end ] --START--
INFO: Run Behavior\ShowPageTraceBehavior [ RunTime:0.000729s ]
INFO: [ app_end ] --END-- [ RunTime:0.000747s ]

