[ 2019-02-20T15:05:42+08:00 ] 127.0.0.1 /manage
INFO: [ app_init ] --START--
INFO: Run Behavior\BuildLiteBehavior [ RunTime:0.000010s ]
INFO: [ app_init ] --END-- [ RunTime:0.000813s ]
INFO: [ app_begin ] --START--
INFO: Run Behavior\ReadHtmlCacheBehavior [ RunTime:0.003112s ]
INFO: Run Behavior\CheckLangBehavior [ RunTime:0.003240s ]
INFO: [ app_begin ] --END-- [ RunTime:0.006467s ]

[ 2019-02-20T15:05:42+08:00 ] 127.0.0.1 /manage_Login_index.html
INFO: [ app_init ] --START--
INFO: Run Behavior\BuildLiteBehavior [ RunTime:0.000004s ]
INFO: [ app_init ] --END-- [ RunTime:0.000024s ]
INFO: [ app_begin ] --START--
INFO: Run Behavior\ReadHtmlCacheBehavior [ RunTime:0.000692s ]
INFO: Run Behavior\CheckLangBehavior [ RunTime:0.001059s ]
INFO: [ app_begin ] --END-- [ RunTime:0.001798s ]
INFO: [ view_parse ] --START--
INFO: [ template_filter ] --START--
INFO: Run Behavior\ContentReplaceBehavior [ RunTime:0.000745s ]
INFO: [ template_filter ] --END-- [ RunTime:0.000772s ]
INFO: Run Behavior\ParseTemplateBehavior [ RunTime:0.013920s ]
INFO: [ view_parse ] --END-- [ RunTime:0.013947s ]
INFO: [ view_filter ] --START--
INFO: Run Behavior\WriteHtmlCacheBehavior [ RunTime:0.000887s ]
INFO: Run Behavior\TokenBuildBehavior [ RunTime:0.001411s ]
INFO: [ view_filter ] --END-- [ RunTime:0.002332s ]
INFO: [ app_end ] --START--
INFO: Run Behavior\ShowPageTraceBehavior [ RunTime:0.001134s ]
INFO: [ app_end ] --END-- [ RunTime:0.001164s ]

[ 2019-02-20T15:05:42+08:00 ] 127.0.0.1 /manage_Login_verifycode.html?t=1550646342
INFO: [ app_init ] --START--
INFO: Run Behavior\BuildLiteBehavior [ RunTime:0.000010s ]
INFO: [ app_init ] --END-- [ RunTime:0.000050s ]
INFO: [ app_begin ] --START--
INFO: Run Behavior\ReadHtmlCacheBehavior [ RunTime:0.000711s ]
INFO: Run Behavior\CheckLangBehavior [ RunTime:0.001136s ]
INFO: [ app_begin ] --END-- [ RunTime:0.001893s ]
INFO: [ app_end ] --START--
INFO: Run Behavior\ShowPageTraceBehavior [ RunTime:0.001058s ]
INFO: [ app_end ] --END-- [ RunTime:0.001139s ]

[ 2019-02-20T15:06:04+08:00 ] 127.0.0.1 /manage_Login_checkLogin.html
INFO: [ app_init ] --START--
INFO: Run Behavior\BuildLiteBehavior [ RunTime:0.000009s ]
INFO: [ app_init ] --END-- [ RunTime:0.000032s ]
INFO: [ app_begin ] --START--
INFO: Run Behavior\ReadHtmlCacheBehavior [ RunTime:0.001200s ]
INFO: Run Behavior\CheckLangBehavior [ RunTime:0.005009s ]
INFO: [ app_begin ] --END-- [ RunTime:0.006261s ]
SQL: SHOW COLUMNS FROM `pay_admin` [ RunTime:0.0088s ]
SQL: SELECT * FROM `pay_admin` WHERE `username` = 'cailly' AND `password` = '7aa5e695be95cdd64a88410a64dfe2c1' LIMIT 1   [ RunTime:0.0109s ]
NOTIC: [8] Undefined index: HTTP_X_REAL_IP C:\work\juhe\core\Common\functions.php 第 1456 行.
SQL: SHOW COLUMNS FROM `pay_websiteconfig` [ RunTime:0.0013s ]
SQL: SELECT `login_ip` FROM `pay_websiteconfig` WHERE `id` = 1 LIMIT 1   [ RunTime:0.0029s ]
SQL: SHOW COLUMNS FROM `pay_loginrecord` [ RunTime:0.0018s ]
SQL: INSERT INTO `pay_loginrecord` (`userid`,`logindatetime`,`loginip`,`loginaddress`,`type`) VALUES ('6','2019-02-20 15:06:03','127.0.0.1','本机地址-','1') [ RunTime:0.0154s ]
SQL: UPDATE `pay_admin` SET `session_random`='wmOmGNBGxhWrM0ln5CMWevg7RIjoiZPG' WHERE `username` = 'cailly' [ RunTime:0.0076s ]
SQL: SELECT * FROM `pay_websiteconfig` LIMIT 1   [ RunTime:0.0004s ]

[ 2019-02-20T15:06:05+08:00 ] 127.0.0.1 /manage_Index_index.html
INFO: [ app_init ] --START--
INFO: Run Behavior\BuildLiteBehavior [ RunTime:0.000006s ]
INFO: [ app_init ] --END-- [ RunTime:0.000027s ]
INFO: [ app_begin ] --START--
INFO: Run Behavior\ReadHtmlCacheBehavior [ RunTime:0.000845s ]
INFO: Run Behavior\CheckLangBehavior [ RunTime:0.001200s ]
INFO: [ app_begin ] --END-- [ RunTime:0.002091s ]
SQL: SHOW COLUMNS FROM `pay_admin` [ RunTime:0.0013s ]
SQL: SELECT `groupid` FROM `pay_admin` WHERE `id` = 6 LIMIT 1   [ RunTime:0.0008s ]
SQL: SHOW COLUMNS FROM `pay_websiteconfig` [ RunTime:0.0010s ]
SQL: SELECT * FROM `pay_websiteconfig` LIMIT 1   [ RunTime:0.0004s ]
SQL: SELECT `session_random` FROM `pay_admin` WHERE `id` = 6 LIMIT 1   [ RunTime:0.0002s ]
SQL: SHOW COLUMNS FROM `pay_member_agent_cate` [ RunTime:0.0008s ]
SQL: SELECT * FROM `pay_member_agent_cate`  [ RunTime:0.0010s ]
SQL: SHOW COLUMNS FROM `pay_auth_group_access` [ RunTime:0.0009s ]
SQL: SELECT b.rules FROM pay_auth_group_access a LEFT JOIN pay_auth_group b ON b.id=a.group_id  WHERE a.uid = '6'  [ RunTime:0.0058s ]
SQL: SHOW COLUMNS FROM `pay_auth_rule` [ RunTime:0.0008s ]
SQL: SELECT * FROM `pay_auth_rule` WHERE `id` IN ('1','49','2','3','51','4','57','5','55','56','58','59','6','43','44','52','53','48','70','54','7','8','60','61','62','9','63','64','65','66','10','67','68','69','11','12','79','80','81','82','83','84','85','86','87','88','89','90','91','93','94','95','96','97','98','99','100','101','13','14','15','92','16','73','76','77','78','17','18','19','71','75','20','21','72','74','22','23','24','25','26','46','27','28','108','29','102','30','103','107','104','105','109','110','111','31','32','33','34','35','36','37','38','39','40','41','42','45','47','116','117','118') AND `is_menu` = 1 AND `status` = 1  [ RunTime:0.0044s ]
SQL: SHOW COLUMNS FROM `pay_order` [ RunTime:0.0010s ]
SQL: SELECT COUNT(*) AS tp_count FROM `pay_order` WHERE `pay_successdate` BETWEEN 1550592000 AND 1550678399 AND `pay_status` IN ('1','2') LIMIT 1   [ RunTime:0.0451s ]
SQL: SELECT COUNT(*) AS tp_count FROM `pay_order` WHERE `pay_applydate` BETWEEN 1550592000 AND 1550678399 LIMIT 1   [ RunTime:0.0311s ]
SQL: SHOW COLUMNS FROM `pay_websiteconfig` [ RunTime:0.0008s ]
SQL: SELECT `withdraw` FROM `pay_websiteconfig` LIMIT 1   [ RunTime:0.0007s ]
INFO: [ view_parse ] --START--
INFO: [ template_filter ] --START--
INFO: Run Behavior\ContentReplaceBehavior [ RunTime:0.000059s ]
INFO: [ template_filter ] --END-- [ RunTime:0.000115s ]
NOTIC: [2] Use of undefined constant menu_name - assumed 'menu_name' (this will throw an Error in a future version of PHP) C:\work\juhe\Runtime\Cache\Admin\b595b808c2ebeeeb0478ffc30bb4e87a.php 第 44 行.
NOTIC: [2] Use of undefined constant menu_name - assumed 'menu_name' (this will throw an Error in a future version of PHP) C:\work\juhe\Runtime\Cache\Admin\b595b808c2ebeeeb0478ffc30bb4e87a.php 第 44 行.
NOTIC: [2] Use of undefined constant menu_name - assumed 'menu_name' (this will throw an Error in a future version of PHP) C:\work\juhe\Runtime\Cache\Admin\b595b808c2ebeeeb0478ffc30bb4e87a.php 第 44 行.
NOTIC: [2] Use of undefined constant menu_name - assumed 'menu_name' (this will throw an Error in a future version of PHP) C:\work\juhe\Runtime\Cache\Admin\b595b808c2ebeeeb0478ffc30bb4e87a.php 第 44 行.
NOTIC: [2] Use of undefined constant menu_name - assumed 'menu_name' (this will throw an Error in a future version of PHP) C:\work\juhe\Runtime\Cache\Admin\b595b808c2ebeeeb0478ffc30bb4e87a.php 第 44 行.
NOTIC: [2] Use of undefined constant menu_name - assumed 'menu_name' (this will throw an Error in a future version of PHP) C:\work\juhe\Runtime\Cache\Admin\b595b808c2ebeeeb0478ffc30bb4e87a.php 第 44 行.
NOTIC: [2] Use of undefined constant menu_name - assumed 'menu_name' (this will throw an Error in a future version of PHP) C:\work\juhe\Runtime\Cache\Admin\b595b808c2ebeeeb0478ffc30bb4e87a.php 第 44 行.
NOTIC: [2] Use of undefined constant menu_name - assumed 'menu_name' (this will throw an Error in a future version of PHP) C:\work\juhe\Runtime\Cache\Admin\b595b808c2ebeeeb0478ffc30bb4e87a.php 第 44 行.
NOTIC: [2] Use of undefined constant menu_name - assumed 'menu_name' (this will throw an Error in a future version of PHP) C:\work\juhe\Runtime\Cache\Admin\b595b808c2ebeeeb0478ffc30bb4e87a.php 第 44 行.
NOTIC: [2] Use of undefined constant menu_name - assumed 'menu_name' (this will throw an Error in a future version of PHP) C:\work\juhe\Runtime\Cache\Admin\b595b808c2ebeeeb0478ffc30bb4e87a.php 第 44 行.
NOTIC: [2] Use of undefined constant menu_name - assumed 'menu_name' (this will throw an Error in a future version of PHP) C:\work\juhe\Runtime\Cache\Admin\b595b808c2ebeeeb0478ffc30bb4e87a.php 第 44 行.
NOTIC: [2] Use of undefined constant menu_name - assumed 'menu_name' (this will throw an Error in a future version of PHP) C:\work\juhe\Runtime\Cache\Admin\b595b808c2ebeeeb0478ffc30bb4e87a.php 第 44 行.
NOTIC: [2] Use of undefined constant menu_name - assumed 'menu_name' (this will throw an Error in a future version of PHP) C:\work\juhe\Runtime\Cache\Admin\b595b808c2ebeeeb0478ffc30bb4e87a.php 第 44 行.
NOTIC: [2] Use of undefined constant menu_name - assumed 'menu_name' (this will throw an Error in a future version of PHP) C:\work\juhe\Runtime\Cache\Admin\b595b808c2ebeeeb0478ffc30bb4e87a.php 第 44 行.
NOTIC: [2] Use of undefined constant menu_name - assumed 'menu_name' (this will throw an Error in a future version of PHP) C:\work\juhe\Runtime\Cache\Admin\b595b808c2ebeeeb0478ffc30bb4e87a.php 第 44 行.
NOTIC: [2] Use of undefined constant menu_name - assumed 'menu_name' (this will throw an Error in a future version of PHP) C:\work\juhe\Runtime\Cache\Admin\b595b808c2ebeeeb0478ffc30bb4e87a.php 第 44 行.
NOTIC: [2] Use of undefined constant menu_name - assumed 'menu_name' (this will throw an Error in a future version of PHP) C:\work\juhe\Runtime\Cache\Admin\b595b808c2ebeeeb0478ffc30bb4e87a.php 第 44 行.
NOTIC: [2] Use of undefined constant menu_name - assumed 'menu_name' (this will throw an Error in a future version of PHP) C:\work\juhe\Runtime\Cache\Admin\b595b808c2ebeeeb0478ffc30bb4e87a.php 第 44 行.
NOTIC: [2] Use of undefined constant menu_name - assumed 'menu_name' (this will throw an Error in a future version of PHP) C:\work\juhe\Runtime\Cache\Admin\b595b808c2ebeeeb0478ffc30bb4e87a.php 第 44 行.
NOTIC: [2] Use of undefined constant menu_name - assumed 'menu_name' (this will throw an Error in a future version of PHP) C:\work\juhe\Runtime\Cache\Admin\b595b808c2ebeeeb0478ffc30bb4e87a.php 第 44 行.
NOTIC: [2] Use of undefined constant menu_name - assumed 'menu_name' (this will throw an Error in a future version of PHP) C:\work\juhe\Runtime\Cache\Admin\b595b808c2ebeeeb0478ffc30bb4e87a.php 第 44 行.
NOTIC: [2] Use of undefined constant menu_name - assumed 'menu_name' (this will throw an Error in a future version of PHP) C:\work\juhe\Runtime\Cache\Admin\b595b808c2ebeeeb0478ffc30bb4e87a.php 第 44 行.
NOTIC: [2] Use of undefined constant menu_name - assumed 'menu_name' (this will throw an Error in a future version of PHP) C:\work\juhe\Runtime\Cache\Admin\b595b808c2ebeeeb0478ffc30bb4e87a.php 第 44 行.
NOTIC: [2] Use of undefined constant menu_name - assumed 'menu_name' (this will throw an Error in a future version of PHP) C:\work\juhe\Runtime\Cache\Admin\b595b808c2ebeeeb0478ffc30bb4e87a.php 第 44 行.
NOTIC: [2] Use of undefined constant menu_name - assumed 'menu_name' (this will throw an Error in a future version of PHP) C:\work\juhe\Runtime\Cache\Admin\b595b808c2ebeeeb0478ffc30bb4e87a.php 第 44 行.
NOTIC: [2] Use of undefined constant menu_name - assumed 'menu_name' (this will throw an Error in a future version of PHP) C:\work\juhe\Runtime\Cache\Admin\b595b808c2ebeeeb0478ffc30bb4e87a.php 第 44 行.
NOTIC: [2] Use of undefined constant menu_name - assumed 'menu_name' (this will throw an Error in a future version of PHP) C:\work\juhe\Runtime\Cache\Admin\b595b808c2ebeeeb0478ffc30bb4e87a.php 第 44 行.
NOTIC: [2] Use of undefined constant menu_name - assumed 'menu_name' (this will throw an Error in a future version of PHP) C:\work\juhe\Runtime\Cache\Admin\b595b808c2ebeeeb0478ffc30bb4e87a.php 第 44 行.
NOTIC: [2] Use of undefined constant menu_name - assumed 'menu_name' (this will throw an Error in a future version of PHP) C:\work\juhe\Runtime\Cache\Admin\b595b808c2ebeeeb0478ffc30bb4e87a.php 第 44 行.
NOTIC: [2] Use of undefined constant menu_name - assumed 'menu_name' (this will throw an Error in a future version of PHP) C:\work\juhe\Runtime\Cache\Admin\b595b808c2ebeeeb0478ffc30bb4e87a.php 第 44 行.
NOTIC: [2] Use of undefined constant menu_name - assumed 'menu_name' (this will throw an Error in a future version of PHP) C:\work\juhe\Runtime\Cache\Admin\b595b808c2ebeeeb0478ffc30bb4e87a.php 第 44 行.
NOTIC: [2] Use of undefined constant menu_name - assumed 'menu_name' (this will throw an Error in a future version of PHP) C:\work\juhe\Runtime\Cache\Admin\b595b808c2ebeeeb0478ffc30bb4e87a.php 第 44 行.
NOTIC: [2] Use of undefined constant menu_name - assumed 'menu_name' (this will throw an Error in a future version of PHP) C:\work\juhe\Runtime\Cache\Admin\b595b808c2ebeeeb0478ffc30bb4e87a.php 第 44 行.
NOTIC: [2] Use of undefined constant menu_name - assumed 'menu_name' (this will throw an Error in a future version of PHP) C:\work\juhe\Runtime\Cache\Admin\b595b808c2ebeeeb0478ffc30bb4e87a.php 第 44 行.
NOTIC: [2] Use of undefined constant menu_name - assumed 'menu_name' (this will throw an Error in a future version of PHP) C:\work\juhe\Runtime\Cache\Admin\b595b808c2ebeeeb0478ffc30bb4e87a.php 第 44 行.
NOTIC: [2] Use of undefined constant menu_name - assumed 'menu_name' (this will throw an Error in a future version of PHP) C:\work\juhe\Runtime\Cache\Admin\b595b808c2ebeeeb0478ffc30bb4e87a.php 第 44 行.
NOTIC: [2] Use of undefined constant menu_name - assumed 'menu_name' (this will throw an Error in a future version of PHP) C:\work\juhe\Runtime\Cache\Admin\b595b808c2ebeeeb0478ffc30bb4e87a.php 第 44 行.
NOTIC: [2] Use of undefined constant menu_name - assumed 'menu_name' (this will throw an Error in a future version of PHP) C:\work\juhe\Runtime\Cache\Admin\b595b808c2ebeeeb0478ffc30bb4e87a.php 第 44 行.
NOTIC: [2] Use of undefined constant menu_name - assumed 'menu_name' (this will throw an Error in a future version of PHP) C:\work\juhe\Runtime\Cache\Admin\b595b808c2ebeeeb0478ffc30bb4e87a.php 第 44 行.
NOTIC: [2] Use of undefined constant menu_name - assumed 'menu_name' (this will throw an Error in a future version of PHP) C:\work\juhe\Runtime\Cache\Admin\b595b808c2ebeeeb0478ffc30bb4e87a.php 第 44 行.
NOTIC: [2] Use of undefined constant menu_name - assumed 'menu_name' (this will throw an Error in a future version of PHP) C:\work\juhe\Runtime\Cache\Admin\b595b808c2ebeeeb0478ffc30bb4e87a.php 第 44 行.
NOTIC: [2] Use of undefined constant menu_name - assumed 'menu_name' (this will throw an Error in a future version of PHP) C:\work\juhe\Runtime\Cache\Admin\b595b808c2ebeeeb0478ffc30bb4e87a.php 第 44 行.
NOTIC: [2] Use of undefined constant menu_name - assumed 'menu_name' (this will throw an Error in a future version of PHP) C:\work\juhe\Runtime\Cache\Admin\b595b808c2ebeeeb0478ffc30bb4e87a.php 第 44 行.
NOTIC: [2] Use of undefined constant menu_name - assumed 'menu_name' (this will throw an Error in a future version of PHP) C:\work\juhe\Runtime\Cache\Admin\b595b808c2ebeeeb0478ffc30bb4e87a.php 第 44 行.
INFO: Run Behavior\ParseTemplateBehavior [ RunTime:0.012777s ]
INFO: [ view_parse ] --END-- [ RunTime:0.012798s ]
INFO: [ view_filter ] --START--
INFO: Run Behavior\WriteHtmlCacheBehavior [ RunTime:0.000694s ]
INFO: Run Behavior\TokenBuildBehavior [ RunTime:0.001429s ]
INFO: [ view_filter ] --END-- [ RunTime:0.002154s ]
INFO: [ app_end ] --START--
INFO: Run Behavior\ShowPageTraceBehavior [ RunTime:0.000795s ]
INFO: [ app_end ] --END-- [ RunTime:0.000817s ]

[ 2019-02-20T15:06:05+08:00 ] 127.0.0.1 /manage_Index_main.html
INFO: [ app_init ] --START--
INFO: Run Behavior\BuildLiteBehavior [ RunTime:0.000006s ]
INFO: [ app_init ] --END-- [ RunTime:0.000047s ]
INFO: [ app_begin ] --START--
INFO: Run Behavior\ReadHtmlCacheBehavior [ RunTime:0.000743s ]
INFO: Run Behavior\CheckLangBehavior [ RunTime:0.000964s ]
INFO: [ app_begin ] --END-- [ RunTime:0.001750s ]
SQL: SHOW COLUMNS FROM `pay_admin` [ RunTime:0.0010s ]
SQL: SELECT `groupid` FROM `pay_admin` WHERE `id` = 6 LIMIT 1   [ RunTime:0.0015s ]
SQL: SHOW COLUMNS FROM `pay_websiteconfig` [ RunTime:0.0024s ]
SQL: SELECT * FROM `pay_websiteconfig` LIMIT 1   [ RunTime:0.0006s ]
SQL: SELECT `session_random` FROM `pay_admin` WHERE `id` = 6 LIMIT 1   [ RunTime:0.0003s ]
SQL: SHOW COLUMNS FROM `pay_member_agent_cate` [ RunTime:0.0007s ]
SQL: SELECT * FROM `pay_member_agent_cate`  [ RunTime:0.0010s ]
SQL: SHOW COLUMNS FROM `pay_auth_group_access` [ RunTime:0.0009s ]
SQL: SELECT b.rules FROM pay_auth_group_access a LEFT JOIN pay_auth_group b ON b.id=a.group_id  WHERE a.uid = '6'  [ RunTime:0.0018s ]
SQL: SHOW COLUMNS FROM `pay_auth_rule` [ RunTime:0.0007s ]
SQL: SELECT * FROM `pay_auth_rule` WHERE `id` IN ('1','49','2','3','51','4','57','5','55','56','58','59','6','43','44','52','53','48','70','54','7','8','60','61','62','9','63','64','65','66','10','67','68','69','11','12','79','80','81','82','83','84','85','86','87','88','89','90','91','93','94','95','96','97','98','99','100','101','13','14','15','92','16','73','76','77','78','17','18','19','71','75','20','21','72','74','22','23','24','25','26','46','27','28','108','29','102','30','103','107','104','105','109','110','111','31','32','33','34','35','36','37','38','39','40','41','42','45','47','116','117','118') AND `is_menu` = 1 AND `status` = 1  [ RunTime:0.0018s ]
SQL: SHOW COLUMNS FROM `pay_order` [ RunTime:0.0012s ]
SQL: SELECT COUNT(*) AS tp_count FROM `pay_order` WHERE `pay_successdate` BETWEEN 1550592000 AND 1550678399 AND `pay_status` IN ('1','2') LIMIT 1   [ RunTime:0.0354s ]
SQL: SELECT COUNT(*) AS tp_count FROM `pay_order` WHERE `pay_applydate` BETWEEN 1550592000 AND 1550678399 LIMIT 1   [ RunTime:0.0442s ]
SQL: SELECT sum(`pay_amount`) amount,sum(`pay_poundage`) rate,sum(`pay_actualamount`) total FROM `pay_order` WHERE `pay_status` BETWEEN 1 AND 2 AND `pay_successdate` BETWEEN 1550592000 AND 1550678400 LIMIT 1   [ RunTime:0.0394s ]
SQL: SELECT COUNT(*) AS tp_count FROM `pay_order` WHERE `pay_status` BETWEEN 1 AND 2 AND `pay_successdate` BETWEEN 1550592000 AND 1550678400 LIMIT 1   [ RunTime:0.0351s ]
SQL: select COUNT(id) as num,SUM(pay_amount) AS amount,SUM(pay_poundage) AS rate,SUM(pay_actualamount) AS total from pay_order where  1=1 and pay_status>=1 and DATE_SUB(CURDATE(), INTERVAL 7 DAY) <= date(FROM_UNIXTIME(pay_successdate,'%Y-%m-%d')) and pay_successdate>=1550041565;  [ RunTime:0.0394s ]
SQL: select FROM_UNIXTIME(pay_successdate,'%Y年-%m月') AS month,SUM(pay_amount) AS amount,SUM(pay_poundage) AS rate,SUM(pay_actualamount) AS total from pay_order where  1=1 and pay_status>=1 and pay_successdate>=1546272000 GROUP BY month;   [ RunTime:0.0417s ]
INFO: [ view_parse ] --START--
INFO: [ template_filter ] --START--
INFO: Run Behavior\ContentReplaceBehavior [ RunTime:0.000025s ]
INFO: [ template_filter ] --END-- [ RunTime:0.000061s ]
INFO: Run Behavior\ParseTemplateBehavior [ RunTime:0.007949s ]
INFO: [ view_parse ] --END-- [ RunTime:0.007974s ]
INFO: [ view_filter ] --START--
INFO: Run Behavior\WriteHtmlCacheBehavior [ RunTime:0.000517s ]
INFO: Run Behavior\TokenBuildBehavior [ RunTime:0.000990s ]
INFO: [ view_filter ] --END-- [ RunTime:0.001533s ]
INFO: [ app_end ] --START--
INFO: Run Behavior\ShowPageTraceBehavior [ RunTime:0.000790s ]
INFO: [ app_end ] --END-- [ RunTime:0.000810s ]

[ 2019-02-20T15:06:08+08:00 ] 127.0.0.1 /manage_Channel_index.html
INFO: [ app_init ] --START--
INFO: Run Behavior\BuildLiteBehavior [ RunTime:0.000004s ]
INFO: [ app_init ] --END-- [ RunTime:0.000026s ]
INFO: [ app_begin ] --START--
INFO: Run Behavior\ReadHtmlCacheBehavior [ RunTime:0.001966s ]
INFO: Run Behavior\CheckLangBehavior [ RunTime:0.001855s ]
INFO: [ app_begin ] --END-- [ RunTime:0.003919s ]
SQL: SHOW COLUMNS FROM `pay_admin` [ RunTime:0.0016s ]
SQL: SELECT `groupid` FROM `pay_admin` WHERE `id` = 6 LIMIT 1   [ RunTime:0.0009s ]
SQL: SHOW COLUMNS FROM `pay_websiteconfig` [ RunTime:0.0008s ]
SQL: SELECT * FROM `pay_websiteconfig` LIMIT 1   [ RunTime:0.0010s ]
SQL: SELECT `session_random` FROM `pay_admin` WHERE `id` = 6 LIMIT 1   [ RunTime:0.0003s ]
SQL: SHOW COLUMNS FROM `pay_member_agent_cate` [ RunTime:0.0006s ]
SQL: SELECT * FROM `pay_member_agent_cate`  [ RunTime:0.0009s ]
SQL: SHOW COLUMNS FROM `pay_auth_group_access` [ RunTime:0.0014s ]
SQL: SELECT b.rules FROM pay_auth_group_access a LEFT JOIN pay_auth_group b ON b.id=a.group_id  WHERE a.uid = '6'  [ RunTime:0.0026s ]
SQL: SHOW COLUMNS FROM `pay_auth_rule` [ RunTime:0.0008s ]
SQL: SELECT * FROM `pay_auth_rule` WHERE `id` IN ('1','49','2','3','51','4','57','5','55','56','58','59','6','43','44','52','53','48','70','54','7','8','60','61','62','9','63','64','65','66','10','67','68','69','11','12','79','80','81','82','83','84','85','86','87','88','89','90','91','93','94','95','96','97','98','99','100','101','13','14','15','92','16','73','76','77','78','17','18','19','71','75','20','21','72','74','22','23','24','25','26','46','27','28','108','29','102','30','103','107','104','105','109','110','111','31','32','33','34','35','36','37','38','39','40','41','42','45','47','116','117','118') AND `is_menu` = 1 AND `status` = 1  [ RunTime:0.0017s ]
SQL: SHOW COLUMNS FROM `pay_order` [ RunTime:0.0008s ]
SQL: SELECT COUNT(*) AS tp_count FROM `pay_order` WHERE `pay_successdate` BETWEEN 1550592000 AND 1550678399 AND `pay_status` IN ('1','2') LIMIT 1   [ RunTime:0.0325s ]
SQL: SELECT COUNT(*) AS tp_count FROM `pay_order` WHERE `pay_applydate` BETWEEN 1550592000 AND 1550678399 LIMIT 1   [ RunTime:0.0327s ]
SQL: SHOW COLUMNS FROM `pay_channel` [ RunTime:0.0010s ]
SQL: SELECT `id`,`code`,`title`,`paytype`,`status` FROM `pay_channel` WHERE `status` = 1  [ RunTime:0.0011s ]
SQL: SELECT COUNT(*) AS tp_count FROM `pay_channel` LIMIT 1   [ RunTime:0.0003s ]
SQL: SELECT * FROM `pay_channel` ORDER BY id DESC LIMIT 0,15   [ RunTime:0.0005s ]
INFO: [ view_parse ] --START--
INFO: [ template_filter ] --START--
INFO: Run Behavior\ContentReplaceBehavior [ RunTime:0.000033s ]
INFO: [ template_filter ] --END-- [ RunTime:0.000065s ]
NOTIC: [2] Use of undefined constant rows - assumed 'rows' (this will throw an Error in a future version of PHP) C:\work\juhe\Runtime\Cache\Admin\1a29341587f46f16df4f5ba698e28d07.php 第 34 行.
NOTIC: [8] Undefined index: rows C:\work\juhe\Runtime\Cache\Admin\1a29341587f46f16df4f5ba698e28d07.php 第 34 行.
NOTIC: [2] Use of undefined constant rows - assumed 'rows' (this will throw an Error in a future version of PHP) C:\work\juhe\Runtime\Cache\Admin\1a29341587f46f16df4f5ba698e28d07.php 第 35 行.
NOTIC: [8] Undefined index: rows C:\work\juhe\Runtime\Cache\Admin\1a29341587f46f16df4f5ba698e28d07.php 第 35 行.
NOTIC: [2] Use of undefined constant rows - assumed 'rows' (this will throw an Error in a future version of PHP) C:\work\juhe\Runtime\Cache\Admin\1a29341587f46f16df4f5ba698e28d07.php 第 36 行.
NOTIC: [8] Undefined index: rows C:\work\juhe\Runtime\Cache\Admin\1a29341587f46f16df4f5ba698e28d07.php 第 36 行.
NOTIC: [2] Use of undefined constant rows - assumed 'rows' (this will throw an Error in a future version of PHP) C:\work\juhe\Runtime\Cache\Admin\1a29341587f46f16df4f5ba698e28d07.php 第 37 行.
NOTIC: [8] Undefined index: rows C:\work\juhe\Runtime\Cache\Admin\1a29341587f46f16df4f5ba698e28d07.php 第 37 行.
NOTIC: [2] Use of undefined constant rows - assumed 'rows' (this will throw an Error in a future version of PHP) C:\work\juhe\Runtime\Cache\Admin\1a29341587f46f16df4f5ba698e28d07.php 第 38 行.
NOTIC: [8] Undefined index: rows C:\work\juhe\Runtime\Cache\Admin\1a29341587f46f16df4f5ba698e28d07.php 第 38 行.
NOTIC: [2] Use of undefined constant paytype - assumed 'paytype' (this will throw an Error in a future version of PHP) C:\work\juhe\Runtime\Cache\Admin\1a29341587f46f16df4f5ba698e28d07.php 第 78 行.
NOTIC: [2] Use of undefined constant id - assumed 'id' (this will throw an Error in a future version of PHP) C:\work\juhe\Runtime\Cache\Admin\1a29341587f46f16df4f5ba698e28d07.php 第 89 行.
NOTIC: [2] Use of undefined constant id - assumed 'id' (this will throw an Error in a future version of PHP) C:\work\juhe\Runtime\Cache\Admin\1a29341587f46f16df4f5ba698e28d07.php 第 91 行.
NOTIC: [2] Use of undefined constant id - assumed 'id' (this will throw an Error in a future version of PHP) C:\work\juhe\Runtime\Cache\Admin\1a29341587f46f16df4f5ba698e28d07.php 第 93 行.
NOTIC: [2] Use of undefined constant id - assumed 'id' (this will throw an Error in a future version of PHP) C:\work\juhe\Runtime\Cache\Admin\1a29341587f46f16df4f5ba698e28d07.php 第 95 行.
NOTIC: [2] Use of undefined constant id - assumed 'id' (this will throw an Error in a future version of PHP) C:\work\juhe\Runtime\Cache\Admin\1a29341587f46f16df4f5ba698e28d07.php 第 97 行.
NOTIC: [2] Use of undefined constant paytype - assumed 'paytype' (this will throw an Error in a future version of PHP) C:\work\juhe\Runtime\Cache\Admin\1a29341587f46f16df4f5ba698e28d07.php 第 78 行.
NOTIC: [2] Use of undefined constant id - assumed 'id' (this will throw an Error in a future version of PHP) C:\work\juhe\Runtime\Cache\Admin\1a29341587f46f16df4f5ba698e28d07.php 第 89 行.
NOTIC: [2] Use of undefined constant id - assumed 'id' (this will throw an Error in a future version of PHP) C:\work\juhe\Runtime\Cache\Admin\1a29341587f46f16df4f5ba698e28d07.php 第 91 行.
NOTIC: [2] Use of undefined constant id - assumed 'id' (this will throw an Error in a future version of PHP) C:\work\juhe\Runtime\Cache\Admin\1a29341587f46f16df4f5ba698e28d07.php 第 93 行.
NOTIC: [2] Use of undefined constant id - assumed 'id' (this will throw an Error in a future version of PHP) C:\work\juhe\Runtime\Cache\Admin\1a29341587f46f16df4f5ba698e28d07.php 第 95 行.
NOTIC: [2] Use of undefined constant id - assumed 'id' (this will throw an Error in a future version of PHP) C:\work\juhe\Runtime\Cache\Admin\1a29341587f46f16df4f5ba698e28d07.php 第 97 行.
NOTIC: [2] Use of undefined constant paytype - assumed 'paytype' (this will throw an Error in a future version of PHP) C:\work\juhe\Runtime\Cache\Admin\1a29341587f46f16df4f5ba698e28d07.php 第 78 行.
NOTIC: [2] Use of undefined constant id - assumed 'id' (this will throw an Error in a future version of PHP) C:\work\juhe\Runtime\Cache\Admin\1a29341587f46f16df4f5ba698e28d07.php 第 89 行.
NOTIC: [2] Use of undefined constant id - assumed 'id' (this will throw an Error in a future version of PHP) C:\work\juhe\Runtime\Cache\Admin\1a29341587f46f16df4f5ba698e28d07.php 第 91 行.
NOTIC: [2] Use of undefined constant id - assumed 'id' (this will throw an Error in a future version of PHP) C:\work\juhe\Runtime\Cache\Admin\1a29341587f46f16df4f5ba698e28d07.php 第 93 行.
NOTIC: [2] Use of undefined constant id - assumed 'id' (this will throw an Error in a future version of PHP) C:\work\juhe\Runtime\Cache\Admin\1a29341587f46f16df4f5ba698e28d07.php 第 95 行.
NOTIC: [2] Use of undefined constant id - assumed 'id' (this will throw an Error in a future version of PHP) C:\work\juhe\Runtime\Cache\Admin\1a29341587f46f16df4f5ba698e28d07.php 第 97 行.
NOTIC: [2] Use of undefined constant paytype - assumed 'paytype' (this will throw an Error in a future version of PHP) C:\work\juhe\Runtime\Cache\Admin\1a29341587f46f16df4f5ba698e28d07.php 第 78 行.
NOTIC: [2] Use of undefined constant id - assumed 'id' (this will throw an Error in a future version of PHP) C:\work\juhe\Runtime\Cache\Admin\1a29341587f46f16df4f5ba698e28d07.php 第 89 行.
NOTIC: [2] Use of undefined constant id - assumed 'id' (this will throw an Error in a future version of PHP) C:\work\juhe\Runtime\Cache\Admin\1a29341587f46f16df4f5ba698e28d07.php 第 91 行.
NOTIC: [2] Use of undefined constant id - assumed 'id' (this will throw an Error in a future version of PHP) C:\work\juhe\Runtime\Cache\Admin\1a29341587f46f16df4f5ba698e28d07.php 第 93 行.
NOTIC: [2] Use of undefined constant id - assumed 'id' (this will throw an Error in a future version of PHP) C:\work\juhe\Runtime\Cache\Admin\1a29341587f46f16df4f5ba698e28d07.php 第 95 行.
NOTIC: [2] Use of undefined constant id - assumed 'id' (this will throw an Error in a future version of PHP) C:\work\juhe\Runtime\Cache\Admin\1a29341587f46f16df4f5ba698e28d07.php 第 97 行.
NOTIC: [2] Use of undefined constant paytype - assumed 'paytype' (this will throw an Error in a future version of PHP) C:\work\juhe\Runtime\Cache\Admin\1a29341587f46f16df4f5ba698e28d07.php 第 78 行.
NOTIC: [2] Use of undefined constant id - assumed 'id' (this will throw an Error in a future version of PHP) C:\work\juhe\Runtime\Cache\Admin\1a29341587f46f16df4f5ba698e28d07.php 第 89 行.
NOTIC: [2] Use of undefined constant id - assumed 'id' (this will throw an Error in a future version of PHP) C:\work\juhe\Runtime\Cache\Admin\1a29341587f46f16df4f5ba698e28d07.php 第 91 行.
NOTIC: [2] Use of undefined constant id - assumed 'id' (this will throw an Error in a future version of PHP) C:\work\juhe\Runtime\Cache\Admin\1a29341587f46f16df4f5ba698e28d07.php 第 93 行.
NOTIC: [2] Use of undefined constant id - assumed 'id' (this will throw an Error in a future version of PHP) C:\work\juhe\Runtime\Cache\Admin\1a29341587f46f16df4f5ba698e28d07.php 第 95 行.
NOTIC: [2] Use of undefined constant id - assumed 'id' (this will throw an Error in a future version of PHP) C:\work\juhe\Runtime\Cache\Admin\1a29341587f46f16df4f5ba698e28d07.php 第 97 行.
NOTIC: [2] Use of undefined constant paytype - assumed 'paytype' (this will throw an Error in a future version of PHP) C:\work\juhe\Runtime\Cache\Admin\1a29341587f46f16df4f5ba698e28d07.php 第 78 行.
NOTIC: [2] Use of undefined constant id - assumed 'id' (this will throw an Error in a future version of PHP) C:\work\juhe\Runtime\Cache\Admin\1a29341587f46f16df4f5ba698e28d07.php 第 89 行.
NOTIC: [2] Use of undefined constant id - assumed 'id' (this will throw an Error in a future version of PHP) C:\work\juhe\Runtime\Cache\Admin\1a29341587f46f16df4f5ba698e28d07.php 第 91 行.
NOTIC: [2] Use of undefined constant id - assumed 'id' (this will throw an Error in a future version of PHP) C:\work\juhe\Runtime\Cache\Admin\1a29341587f46f16df4f5ba698e28d07.php 第 93 行.
NOTIC: [2] Use of undefined constant id - assumed 'id' (this will throw an Error in a future version of PHP) C:\work\juhe\Runtime\Cache\Admin\1a29341587f46f16df4f5ba698e28d07.php 第 95 行.
NOTIC: [2] Use of undefined constant id - assumed 'id' (this will throw an Error in a future version of PHP) C:\work\juhe\Runtime\Cache\Admin\1a29341587f46f16df4f5ba698e28d07.php 第 97 行.
NOTIC: [2] Use of undefined constant paytype - assumed 'paytype' (this will throw an Error in a future version of PHP) C:\work\juhe\Runtime\Cache\Admin\1a29341587f46f16df4f5ba698e28d07.php 第 78 行.
NOTIC: [2] Use of undefined constant id - assumed 'id' (this will throw an Error in a future version of PHP) C:\work\juhe\Runtime\Cache\Admin\1a29341587f46f16df4f5ba698e28d07.php 第 89 行.
NOTIC: [2] Use of undefined constant id - assumed 'id' (this will throw an Error in a future version of PHP) C:\work\juhe\Runtime\Cache\Admin\1a29341587f46f16df4f5ba698e28d07.php 第 91 行.
NOTIC: [2] Use of undefined constant id - assumed 'id' (this will throw an Error in a future version of PHP) C:\work\juhe\Runtime\Cache\Admin\1a29341587f46f16df4f5ba698e28d07.php 第 93 行.
NOTIC: [2] Use of undefined constant id - assumed 'id' (this will throw an Error in a future version of PHP) C:\work\juhe\Runtime\Cache\Admin\1a29341587f46f16df4f5ba698e28d07.php 第 95 行.
NOTIC: [2] Use of undefined constant id - assumed 'id' (this will throw an Error in a future version of PHP) C:\work\juhe\Runtime\Cache\Admin\1a29341587f46f16df4f5ba698e28d07.php 第 97 行.
NOTIC: [2] Use of undefined constant paytype - assumed 'paytype' (this will throw an Error in a future version of PHP) C:\work\juhe\Runtime\Cache\Admin\1a29341587f46f16df4f5ba698e28d07.php 第 78 行.
NOTIC: [2] Use of undefined constant id - assumed 'id' (this will throw an Error in a future version of PHP) C:\work\juhe\Runtime\Cache\Admin\1a29341587f46f16df4f5ba698e28d07.php 第 89 行.
NOTIC: [2] Use of undefined constant id - assumed 'id' (this will throw an Error in a future version of PHP) C:\work\juhe\Runtime\Cache\Admin\1a29341587f46f16df4f5ba698e28d07.php 第 91 行.
NOTIC: [2] Use of undefined constant id - assumed 'id' (this will throw an Error in a future version of PHP) C:\work\juhe\Runtime\Cache\Admin\1a29341587f46f16df4f5ba698e28d07.php 第 93 行.
NOTIC: [2] Use of undefined constant id - assumed 'id' (this will throw an Error in a future version of PHP) C:\work\juhe\Runtime\Cache\Admin\1a29341587f46f16df4f5ba698e28d07.php 第 95 行.
NOTIC: [2] Use of undefined constant id - assumed 'id' (this will throw an Error in a future version of PHP) C:\work\juhe\Runtime\Cache\Admin\1a29341587f46f16df4f5ba698e28d07.php 第 97 行.
NOTIC: [2] Use of undefined constant paytype - assumed 'paytype' (this will throw an Error in a future version of PHP) C:\work\juhe\Runtime\Cache\Admin\1a29341587f46f16df4f5ba698e28d07.php 第 78 行.
NOTIC: [2] Use of undefined constant id - assumed 'id' (this will throw an Error in a future version of PHP) C:\work\juhe\Runtime\Cache\Admin\1a29341587f46f16df4f5ba698e28d07.php 第 89 行.
NOTIC: [2] Use of undefined constant id - assumed 'id' (this will throw an Error in a future version of PHP) C:\work\juhe\Runtime\Cache\Admin\1a29341587f46f16df4f5ba698e28d07.php 第 91 行.
NOTIC: [2] Use of undefined constant id - assumed 'id' (this will throw an Error in a future version of PHP) C:\work\juhe\Runtime\Cache\Admin\1a29341587f46f16df4f5ba698e28d07.php 第 93 行.
NOTIC: [2] Use of undefined constant id - assumed 'id' (this will throw an Error in a future version of PHP) C:\work\juhe\Runtime\Cache\Admin\1a29341587f46f16df4f5ba698e28d07.php 第 95 行.
NOTIC: [2] Use of undefined constant id - assumed 'id' (this will throw an Error in a future version of PHP) C:\work\juhe\Runtime\Cache\Admin\1a29341587f46f16df4f5ba698e28d07.php 第 97 行.
NOTIC: [2] Use of undefined constant paytype - assumed 'paytype' (this will throw an Error in a future version of PHP) C:\work\juhe\Runtime\Cache\Admin\1a29341587f46f16df4f5ba698e28d07.php 第 78 行.
NOTIC: [2] Use of undefined constant id - assumed 'id' (this will throw an Error in a future version of PHP) C:\work\juhe\Runtime\Cache\Admin\1a29341587f46f16df4f5ba698e28d07.php 第 89 行.
NOTIC: [2] Use of undefined constant id - assumed 'id' (this will throw an Error in a future version of PHP) C:\work\juhe\Runtime\Cache\Admin\1a29341587f46f16df4f5ba698e28d07.php 第 91 行.
NOTIC: [2] Use of undefined constant id - assumed 'id' (this will throw an Error in a future version of PHP) C:\work\juhe\Runtime\Cache\Admin\1a29341587f46f16df4f5ba698e28d07.php 第 93 行.
NOTIC: [2] Use of undefined constant id - assumed 'id' (this will throw an Error in a future version of PHP) C:\work\juhe\Runtime\Cache\Admin\1a29341587f46f16df4f5ba698e28d07.php 第 95 行.
NOTIC: [2] Use of undefined constant id - assumed 'id' (this will throw an Error in a future version of PHP) C:\work\juhe\Runtime\Cache\Admin\1a29341587f46f16df4f5ba698e28d07.php 第 97 行.
NOTIC: [2] Use of undefined constant paytype - assumed 'paytype' (this will throw an Error in a future version of PHP) C:\work\juhe\Runtime\Cache\Admin\1a29341587f46f16df4f5ba698e28d07.php 第 78 行.
NOTIC: [2] Use of undefined constant id - assumed 'id' (this will throw an Error in a future version of PHP) C:\work\juhe\Runtime\Cache\Admin\1a29341587f46f16df4f5ba698e28d07.php 第 89 行.
NOTIC: [2] Use of undefined constant id - assumed 'id' (this will throw an Error in a future version of PHP) C:\work\juhe\Runtime\Cache\Admin\1a29341587f46f16df4f5ba698e28d07.php 第 91 行.
NOTIC: [2] Use of undefined constant id - assumed 'id' (this will throw an Error in a future version of PHP) C:\work\juhe\Runtime\Cache\Admin\1a29341587f46f16df4f5ba698e28d07.php 第 93 行.
NOTIC: [2] Use of undefined constant id - assumed 'id' (this will throw an Error in a future version of PHP) C:\work\juhe\Runtime\Cache\Admin\1a29341587f46f16df4f5ba698e28d07.php 第 95 行.
NOTIC: [2] Use of undefined constant id - assumed 'id' (this will throw an Error in a future version of PHP) C:\work\juhe\Runtime\Cache\Admin\1a29341587f46f16df4f5ba698e28d07.php 第 97 行.
NOTIC: [2] Use of undefined constant paytype - assumed 'paytype' (this will throw an Error in a future version of PHP) C:\work\juhe\Runtime\Cache\Admin\1a29341587f46f16df4f5ba698e28d07.php 第 78 行.
NOTIC: [2] Use of undefined constant id - assumed 'id' (this will throw an Error in a future version of PHP) C:\work\juhe\Runtime\Cache\Admin\1a29341587f46f16df4f5ba698e28d07.php 第 89 行.
NOTIC: [2] Use of undefined constant id - assumed 'id' (this will throw an Error in a future version of PHP) C:\work\juhe\Runtime\Cache\Admin\1a29341587f46f16df4f5ba698e28d07.php 第 91 行.
NOTIC: [2] Use of undefined constant id - assumed 'id' (this will throw an Error in a future version of PHP) C:\work\juhe\Runtime\Cache\Admin\1a29341587f46f16df4f5ba698e28d07.php 第 93 行.
NOTIC: [2] Use of undefined constant id - assumed 'id' (this will throw an Error in a future version of PHP) C:\work\juhe\Runtime\Cache\Admin\1a29341587f46f16df4f5ba698e28d07.php 第 95 行.
NOTIC: [2] Use of undefined constant id - assumed 'id' (this will throw an Error in a future version of PHP) C:\work\juhe\Runtime\Cache\Admin\1a29341587f46f16df4f5ba698e28d07.php 第 97 行.
NOTIC: [2] Use of undefined constant paytype - assumed 'paytype' (this will throw an Error in a future version of PHP) C:\work\juhe\Runtime\Cache\Admin\1a29341587f46f16df4f5ba698e28d07.php 第 78 行.
NOTIC: [2] Use of undefined constant id - assumed 'id' (this will throw an Error in a future version of PHP) C:\work\juhe\Runtime\Cache\Admin\1a29341587f46f16df4f5ba698e28d07.php 第 89 行.
NOTIC: [2] Use of undefined constant id - assumed 'id' (this will throw an Error in a future version of PHP) C:\work\juhe\Runtime\Cache\Admin\1a29341587f46f16df4f5ba698e28d07.php 第 91 行.
NOTIC: [2] Use of undefined constant id - assumed 'id' (this will throw an Error in a future version of PHP) C:\work\juhe\Runtime\Cache\Admin\1a29341587f46f16df4f5ba698e28d07.php 第 93 行.
NOTIC: [2] Use of undefined constant id - assumed 'id' (this will throw an Error in a future version of PHP) C:\work\juhe\Runtime\Cache\Admin\1a29341587f46f16df4f5ba698e28d07.php 第 95 行.
NOTIC: [2] Use of undefined constant id - assumed 'id' (this will throw an Error in a future version of PHP) C:\work\juhe\Runtime\Cache\Admin\1a29341587f46f16df4f5ba698e28d07.php 第 97 行.
NOTIC: [2] Use of undefined constant paytype - assumed 'paytype' (this will throw an Error in a future version of PHP) C:\work\juhe\Runtime\Cache\Admin\1a29341587f46f16df4f5ba698e28d07.php 第 78 行.
NOTIC: [2] Use of undefined constant id - assumed 'id' (this will throw an Error in a future version of PHP) C:\work\juhe\Runtime\Cache\Admin\1a29341587f46f16df4f5ba698e28d07.php 第 89 行.
NOTIC: [2] Use of undefined constant id - assumed 'id' (this will throw an Error in a future version of PHP) C:\work\juhe\Runtime\Cache\Admin\1a29341587f46f16df4f5ba698e28d07.php 第 91 行.
NOTIC: [2] Use of undefined constant id - assumed 'id' (this will throw an Error in a future version of PHP) C:\work\juhe\Runtime\Cache\Admin\1a29341587f46f16df4f5ba698e28d07.php 第 93 行.
NOTIC: [2] Use of undefined constant id - assumed 'id' (this will throw an Error in a future version of PHP) C:\work\juhe\Runtime\Cache\Admin\1a29341587f46f16df4f5ba698e28d07.php 第 95 行.
NOTIC: [2] Use of undefined constant id - assumed 'id' (this will throw an Error in a future version of PHP) C:\work\juhe\Runtime\Cache\Admin\1a29341587f46f16df4f5ba698e28d07.php 第 97 行.
NOTIC: [2] Use of undefined constant paytype - assumed 'paytype' (this will throw an Error in a future version of PHP) C:\work\juhe\Runtime\Cache\Admin\1a29341587f46f16df4f5ba698e28d07.php 第 78 行.
NOTIC: [2] Use of undefined constant id - assumed 'id' (this will throw an Error in a future version of PHP) C:\work\juhe\Runtime\Cache\Admin\1a29341587f46f16df4f5ba698e28d07.php 第 89 行.
NOTIC: [2] Use of undefined constant id - assumed 'id' (this will throw an Error in a future version of PHP) C:\work\juhe\Runtime\Cache\Admin\1a29341587f46f16df4f5ba698e28d07.php 第 91 行.
NOTIC: [2] Use of undefined constant id - assumed 'id' (this will throw an Error in a future version of PHP) C:\work\juhe\Runtime\Cache\Admin\1a29341587f46f16df4f5ba698e28d07.php 第 93 行.
NOTIC: [2] Use of undefined constant id - assumed 'id' (this will throw an Error in a future version of PHP) C:\work\juhe\Runtime\Cache\Admin\1a29341587f46f16df4f5ba698e28d07.php 第 95 行.
NOTIC: [2] Use of undefined constant id - assumed 'id' (this will throw an Error in a future version of PHP) C:\work\juhe\Runtime\Cache\Admin\1a29341587f46f16df4f5ba698e28d07.php 第 97 行.
NOTIC: [2] Use of undefined constant rows - assumed 'rows' (this will throw an Error in a future version of PHP) C:\work\juhe\Runtime\Cache\Admin\1a29341587f46f16df4f5ba698e28d07.php 第 110 行.
NOTIC: [8] Undefined index: rows C:\work\juhe\Runtime\Cache\Admin\1a29341587f46f16df4f5ba698e28d07.php 第 110 行.
NOTIC: [2] Use of undefined constant rows - assumed 'rows' (this will throw an Error in a future version of PHP) C:\work\juhe\Runtime\Cache\Admin\1a29341587f46f16df4f5ba698e28d07.php 第 111 行.
NOTIC: [8] Undefined index: rows C:\work\juhe\Runtime\Cache\Admin\1a29341587f46f16df4f5ba698e28d07.php 第 111 行.
NOTIC: [2] Use of undefined constant rows - assumed 'rows' (this will throw an Error in a future version of PHP) C:\work\juhe\Runtime\Cache\Admin\1a29341587f46f16df4f5ba698e28d07.php 第 112 行.
NOTIC: [8] Undefined index: rows C:\work\juhe\Runtime\Cache\Admin\1a29341587f46f16df4f5ba698e28d07.php 第 112 行.
NOTIC: [2] Use of undefined constant rows - assumed 'rows' (this will throw an Error in a future version of PHP) C:\work\juhe\Runtime\Cache\Admin\1a29341587f46f16df4f5ba698e28d07.php 第 113 行.
NOTIC: [8] Undefined index: rows C:\work\juhe\Runtime\Cache\Admin\1a29341587f46f16df4f5ba698e28d07.php 第 113 行.
NOTIC: [2] Use of undefined constant rows - assumed 'rows' (this will throw an Error in a future version of PHP) C:\work\juhe\Runtime\Cache\Admin\1a29341587f46f16df4f5ba698e28d07.php 第 114 行.
NOTIC: [8] Undefined index: rows C:\work\juhe\Runtime\Cache\Admin\1a29341587f46f16df4f5ba698e28d07.php 第 114 行.
INFO: Run Behavior\ParseTemplateBehavior [ RunTime:0.009805s ]
INFO: [ view_parse ] --END-- [ RunTime:0.009831s ]
INFO: [ view_filter ] --START--
INFO: Run Behavior\WriteHtmlCacheBehavior [ RunTime:0.000734s ]
INFO: Run Behavior\TokenBuildBehavior [ RunTime:0.002007s ]
INFO: [ view_filter ] --END-- [ RunTime:0.002778s ]
INFO: [ app_end ] --START--
INFO: Run Behavior\ShowPageTraceBehavior [ RunTime:0.000840s ]
INFO: [ app_end ] --END-- [ RunTime:0.000862s ]

