[ 2018-12-05T10:53:34+08:00 ] 127.0.0.1 /Payment_TxbPay_Query.html
INFO: [ app_init ] --START--
INFO: Run Behavior\BuildLiteBehavior [ RunTime:0.000012s ]
INFO: [ app_init ] --END-- [ RunTime:0.000067s ]
INFO: [ app_begin ] --START--
INFO: Run Behavior\ReadHtmlCacheBehavior [ RunTime:0.001016s ]
INFO: Run Behavior\CheckLangBehavior [ RunTime:0.001644s ]
INFO: [ app_begin ] --END-- [ RunTime:0.002713s ]
SQL: SHOW COLUMNS FROM `pay_wttklist` [ RunTime:0.0021s ]
SQL: SELECT * FROM `pay_wttklist` WHERE `status` = 1 AND `code` = 'TxbPay'  [ RunTime:0.0009s ]
INFO: [ app_end ] --START--
INFO: Run Behavior\ShowPageTraceBehavior [ RunTime:0.001030s ]
INFO: [ app_end ] --END-- [ RunTime:0.001052s ]

[ 2018-12-05T10:53:37+08:00 ] 127.0.0.1 /Payment_TxbPay_Query.html
INFO: [ app_init ] --START--
INFO: Run Behavior\BuildLiteBehavior [ RunTime:0.000007s ]
INFO: [ app_init ] --END-- [ RunTime:0.000035s ]
INFO: [ app_begin ] --START--
INFO: Run Behavior\ReadHtmlCacheBehavior [ RunTime:0.001360s ]
INFO: Run Behavior\CheckLangBehavior [ RunTime:0.001422s ]
INFO: [ app_begin ] --END-- [ RunTime:0.002877s ]
SQL: SHOW COLUMNS FROM `pay_wttklist` [ RunTime:0.0020s ]
SQL: SELECT * FROM `pay_wttklist` WHERE `status` = 1 AND `code` = 'TxbPay'  [ RunTime:0.0006s ]
INFO: [ app_end ] --START--
INFO: Run Behavior\ShowPageTraceBehavior [ RunTime:0.000954s ]
INFO: [ app_end ] --END-- [ RunTime:0.000976s ]

[ 2018-12-05T10:53:56+08:00 ] 127.0.0.1 /Payment_TxbPay_Query.html
INFO: [ app_init ] --START--
INFO: Run Behavior\BuildLiteBehavior [ RunTime:0.000006s ]
INFO: [ app_init ] --END-- [ RunTime:0.000034s ]
INFO: [ app_begin ] --START--
INFO: Run Behavior\ReadHtmlCacheBehavior [ RunTime:0.001192s ]
INFO: Run Behavior\CheckLangBehavior [ RunTime:0.001441s ]
INFO: [ app_begin ] --END-- [ RunTime:0.002689s ]
SQL: SHOW COLUMNS FROM `pay_wttklist` [ RunTime:0.0021s ]
SQL: SELECT * FROM `pay_wttklist` WHERE `status` = 1 AND `code` = 'TxbPay'  [ RunTime:0.0005s ]
INFO: [ app_end ] --START--
INFO: Run Behavior\ShowPageTraceBehavior [ RunTime:0.001014s ]
INFO: [ app_end ] --END-- [ RunTime:0.001034s ]

[ 2018-12-05T10:53:57+08:00 ] 127.0.0.1 /Payment_TxbPay_Query.html
INFO: [ app_init ] --START--
INFO: Run Behavior\BuildLiteBehavior [ RunTime:0.000008s ]
INFO: [ app_init ] --END-- [ RunTime:0.000037s ]
INFO: [ app_begin ] --START--
INFO: Run Behavior\ReadHtmlCacheBehavior [ RunTime:0.001396s ]
INFO: Run Behavior\CheckLangBehavior [ RunTime:0.003197s ]
INFO: [ app_begin ] --END-- [ RunTime:0.004693s ]
SQL: SHOW COLUMNS FROM `pay_wttklist` [ RunTime:0.0020s ]
SQL: SELECT * FROM `pay_wttklist` WHERE `status` = 1 AND `code` = 'TxbPay'  [ RunTime:0.0006s ]
INFO: [ app_end ] --START--
INFO: Run Behavior\ShowPageTraceBehavior [ RunTime:0.000970s ]
INFO: [ app_end ] --END-- [ RunTime:0.000993s ]

[ 2018-12-05T10:53:58+08:00 ] 127.0.0.1 /Payment_TxbPay_Query.html
INFO: [ app_init ] --START--
INFO: Run Behavior\BuildLiteBehavior [ RunTime:0.000007s ]
INFO: [ app_init ] --END-- [ RunTime:0.000034s ]
INFO: [ app_begin ] --START--
INFO: Run Behavior\ReadHtmlCacheBehavior [ RunTime:0.002257s ]
INFO: Run Behavior\CheckLangBehavior [ RunTime:0.001773s ]
INFO: [ app_begin ] --END-- [ RunTime:0.004179s ]
SQL: SHOW COLUMNS FROM `pay_wttklist` [ RunTime:0.0029s ]
SQL: SELECT * FROM `pay_wttklist` WHERE `status` = 1 AND `code` = 'TxbPay'  [ RunTime:0.0008s ]
INFO: [ app_end ] --START--
INFO: Run Behavior\ShowPageTraceBehavior [ RunTime:0.001510s ]
INFO: [ app_end ] --END-- [ RunTime:0.001550s ]

[ 2018-12-05T10:54:07+08:00 ] 127.0.0.1 /Payment_TxbPay_Query.html
INFO: [ app_init ] --START--
INFO: Run Behavior\BuildLiteBehavior [ RunTime:0.000007s ]
INFO: [ app_init ] --END-- [ RunTime:0.000038s ]
INFO: [ app_begin ] --START--
INFO: Run Behavior\ReadHtmlCacheBehavior [ RunTime:0.001179s ]
INFO: Run Behavior\CheckLangBehavior [ RunTime:0.004317s ]
INFO: [ app_begin ] --END-- [ RunTime:0.005568s ]
SQL: SHOW COLUMNS FROM `pay_wttklist` [ RunTime:0.0027s ]
SQL: SELECT * FROM `pay_wttklist` WHERE `status` = 1 AND `code` = 'TxbPay'  [ RunTime:0.0006s ]
INFO: [ app_end ] --START--
INFO: Run Behavior\ShowPageTraceBehavior [ RunTime:0.001204s ]
INFO: [ app_end ] --END-- [ RunTime:0.001229s ]

[ 2018-12-05T10:54:07+08:00 ] 127.0.0.1 /Payment_TxbPay_Query.html
INFO: [ app_init ] --START--
INFO: Run Behavior\BuildLiteBehavior [ RunTime:0.000008s ]
INFO: [ app_init ] --END-- [ RunTime:0.000050s ]
INFO: [ app_begin ] --START--
INFO: Run Behavior\ReadHtmlCacheBehavior [ RunTime:0.000859s ]
INFO: Run Behavior\CheckLangBehavior [ RunTime:0.002906s ]
INFO: [ app_begin ] --END-- [ RunTime:0.003820s ]
SQL: SHOW COLUMNS FROM `pay_wttklist` [ RunTime:0.0024s ]
SQL: SELECT * FROM `pay_wttklist` WHERE `status` = 1 AND `code` = 'TxbPay'  [ RunTime:0.0006s ]
INFO: [ app_end ] --START--
INFO: Run Behavior\ShowPageTraceBehavior [ RunTime:0.001027s ]
INFO: [ app_end ] --END-- [ RunTime:0.001054s ]

[ 2018-12-05T10:54:51+08:00 ] 127.0.0.1 /Payment_YYpayDf_Query.html
INFO: [ app_init ] --START--
INFO: Run Behavior\BuildLiteBehavior [ RunTime:0.000012s ]
INFO: [ app_init ] --END-- [ RunTime:0.000061s ]
INFO: [ app_begin ] --START--
INFO: Run Behavior\ReadHtmlCacheBehavior [ RunTime:0.001487s ]
INFO: Run Behavior\CheckLangBehavior [ RunTime:0.001736s ]
INFO: [ app_begin ] --END-- [ RunTime:0.003304s ]

[ 2018-12-05T10:55:00+08:00 ] 127.0.0.1 /Payment_YYpayDf_Query.html
INFO: [ app_init ] --START--
INFO: Run Behavior\BuildLiteBehavior [ RunTime:0.000007s ]
INFO: [ app_init ] --END-- [ RunTime:0.000040s ]
INFO: [ app_begin ] --START--
INFO: Run Behavior\ReadHtmlCacheBehavior [ RunTime:0.000996s ]
INFO: Run Behavior\CheckLangBehavior [ RunTime:0.001637s ]
INFO: [ app_begin ] --END-- [ RunTime:0.002684s ]
SQL: SHOW COLUMNS FROM `pay_wttklist` [ RunTime:0.0027s ]
SQL: SELECT * FROM `pay_wttklist` WHERE `code` = 'YYpayDf'  [ RunTime:0.0010s ]

[ 2018-12-05T10:55:14+08:00 ] 127.0.0.1 /Payment_YYpayDf_Query.html
INFO: [ app_init ] --START--
INFO: Run Behavior\BuildLiteBehavior [ RunTime:0.000027s ]
INFO: [ app_init ] --END-- [ RunTime:0.000167s ]
INFO: [ app_begin ] --START--
INFO: Run Behavior\ReadHtmlCacheBehavior [ RunTime:0.001233s ]
INFO: Run Behavior\CheckLangBehavior [ RunTime:0.001837s ]
INFO: [ app_begin ] --END-- [ RunTime:0.003176s ]
SQL: SHOW COLUMNS FROM `pay_wttklist` [ RunTime:0.0032s ]
SQL: SELECT * FROM `pay_wttklist` WHERE `code` = 'YYpayDf'  [ RunTime:0.0032s ]
SQL: SHOW COLUMNS FROM `pay_pay_for_another` [ RunTime:0.0041s ]
SQL: SELECT * FROM `pay_pay_for_another` WHERE `id` = 5 LIMIT 1   FOR UPDATE  [ RunTime:0.0005s ]

[ 2018-12-05T10:57:25+08:00 ] 127.0.0.1 /Payment_YYpayDf_Query.html
INFO: [ app_init ] --START--
INFO: Run Behavior\BuildLiteBehavior [ RunTime:0.000012s ]
INFO: [ app_init ] --END-- [ RunTime:0.000081s ]
INFO: [ app_begin ] --START--
INFO: Run Behavior\ReadHtmlCacheBehavior [ RunTime:0.001014s ]
INFO: Run Behavior\CheckLangBehavior [ RunTime:0.002236s ]
INFO: [ app_begin ] --END-- [ RunTime:0.003413s ]
SQL: SHOW COLUMNS FROM `pay_wttklist` [ RunTime:0.0026s ]
SQL: SELECT * FROM `pay_wttklist` WHERE `code` = 'YYpayDf'  [ RunTime:0.0010s ]
SQL: SHOW COLUMNS FROM `pay_pay_for_another` [ RunTime:0.0042s ]
SQL: SELECT * FROM `pay_pay_for_another` WHERE `id` = 5 LIMIT 1   FOR UPDATE  [ RunTime:0.0005s ]
SQL: SELECT * FROM `pay_wttklist` WHERE `id` = 4 LIMIT 1   FOR UPDATE  [ RunTime:0.0015s ]
SQL: SHOW COLUMNS FROM `pay_member` [ RunTime:0.0067s ]
SQL: SELECT * FROM `pay_member` WHERE `id` = 106 LIMIT 1   FOR UPDATE  [ RunTime:0.0022s ]
SQL: UPDATE `pay_wttklist` SET `status`='0',`cldatetime`='2018-12-05 10:56:58' WHERE `id` = 4 [ RunTime:0.0086s ]
SQL: SELECT * FROM `pay_pay_for_another` WHERE `id` = 5 LIMIT 1   FOR UPDATE  [ RunTime:0.0018s ]
SQL: SELECT * FROM `pay_wttklist` WHERE `id` = 5 LIMIT 1   FOR UPDATE  [ RunTime:0.0010s ]
SQL: SELECT * FROM `pay_member` WHERE `id` = 113 LIMIT 1   FOR UPDATE  [ RunTime:0.0008s ]
SQL: UPDATE `pay_wttklist` SET `status`='0',`cldatetime`='2018-12-05 10:56:59' WHERE `id` = 5 [ RunTime:0.0056s ]
SQL: SELECT * FROM `pay_pay_for_another` WHERE `id` = 5 LIMIT 1   FOR UPDATE  [ RunTime:0.0007s ]
SQL: SELECT * FROM `pay_wttklist` WHERE `id` = 6 LIMIT 1   FOR UPDATE  [ RunTime:0.0010s ]
SQL: SELECT * FROM `pay_member` WHERE `id` = 112 LIMIT 1   FOR UPDATE  [ RunTime:0.0010s ]
SQL: UPDATE `pay_wttklist` SET `status`='0',`cldatetime`='2018-12-05 10:56:59' WHERE `id` = 6 [ RunTime:0.0043s ]
SQL: SELECT * FROM `pay_pay_for_another` WHERE `id` = 5 LIMIT 1   FOR UPDATE  [ RunTime:0.0007s ]
SQL: SELECT * FROM `pay_wttklist` WHERE `id` = 7 LIMIT 1   FOR UPDATE  [ RunTime:0.0012s ]
SQL: SELECT * FROM `pay_member` WHERE `id` = 112 LIMIT 1   FOR UPDATE  [ RunTime:0.0011s ]
SQL: UPDATE `pay_wttklist` SET `status`='0',`cldatetime`='2018-12-05 10:57:00' WHERE `id` = 7 [ RunTime:0.0058s ]
SQL: SELECT * FROM `pay_pay_for_another` WHERE `id` = 5 LIMIT 1   FOR UPDATE  [ RunTime:0.0010s ]
SQL: SELECT * FROM `pay_wttklist` WHERE `id` = 8 LIMIT 1   FOR UPDATE  [ RunTime:0.0015s ]
SQL: SELECT * FROM `pay_member` WHERE `id` = 109 LIMIT 1   FOR UPDATE  [ RunTime:0.0014s ]
SQL: UPDATE `pay_wttklist` SET `status`='0',`cldatetime`='2018-12-05 10:57:00' WHERE `id` = 8 [ RunTime:0.0055s ]
SQL: SELECT * FROM `pay_pay_for_another` WHERE `id` = 5 LIMIT 1   FOR UPDATE  [ RunTime:0.0015s ]
SQL: SELECT * FROM `pay_wttklist` WHERE `id` = 9 LIMIT 1   FOR UPDATE  [ RunTime:0.0013s ]
SQL: SELECT * FROM `pay_member` WHERE `id` = 112 LIMIT 1   FOR UPDATE  [ RunTime:0.0011s ]
SQL: UPDATE `pay_wttklist` SET `status`='0',`cldatetime`='2018-12-05 10:57:01' WHERE `id` = 9 [ RunTime:0.0060s ]
SQL: SELECT * FROM `pay_pay_for_another` WHERE `id` = 5 LIMIT 1   FOR UPDATE  [ RunTime:0.0046s ]
SQL: SELECT * FROM `pay_wttklist` WHERE `id` = 10 LIMIT 1   FOR UPDATE  [ RunTime:0.0007s ]
SQL: SELECT * FROM `pay_member` WHERE `id` = 112 LIMIT 1   FOR UPDATE  [ RunTime:0.0007s ]
SQL: UPDATE `pay_wttklist` SET `status`='0',`cldatetime`='2018-12-05 10:57:03' WHERE `id` = 10 [ RunTime:0.0039s ]
SQL: SELECT * FROM `pay_pay_for_another` WHERE `id` = 5 LIMIT 1   FOR UPDATE  [ RunTime:0.0007s ]
SQL: SELECT * FROM `pay_wttklist` WHERE `id` = 11 LIMIT 1   FOR UPDATE  [ RunTime:0.0007s ]
SQL: SELECT * FROM `pay_member` WHERE `id` = 112 LIMIT 1   FOR UPDATE  [ RunTime:0.0005s ]
SQL: UPDATE `pay_wttklist` SET `status`='0',`cldatetime`='2018-12-05 10:57:04' WHERE `id` = 11 [ RunTime:0.0044s ]
SQL: SELECT * FROM `pay_pay_for_another` WHERE `id` = 5 LIMIT 1   FOR UPDATE  [ RunTime:0.0005s ]
SQL: SELECT * FROM `pay_wttklist` WHERE `id` = 12 LIMIT 1   FOR UPDATE  [ RunTime:0.0007s ]
SQL: SELECT * FROM `pay_member` WHERE `id` = 112 LIMIT 1   FOR UPDATE  [ RunTime:0.0005s ]
SQL: UPDATE `pay_wttklist` SET `status`='0',`cldatetime`='2018-12-05 10:57:04' WHERE `id` = 12 [ RunTime:0.0047s ]
SQL: SELECT * FROM `pay_pay_for_another` WHERE `id` = 5 LIMIT 1   FOR UPDATE  [ RunTime:0.0005s ]
SQL: SELECT * FROM `pay_wttklist` WHERE `id` = 13 LIMIT 1   FOR UPDATE  [ RunTime:0.0009s ]
SQL: SELECT * FROM `pay_member` WHERE `id` = 112 LIMIT 1   FOR UPDATE  [ RunTime:0.0007s ]
SQL: UPDATE `pay_wttklist` SET `status`='0',`cldatetime`='2018-12-05 10:57:05' WHERE `id` = 13 [ RunTime:0.0074s ]
SQL: SELECT * FROM `pay_pay_for_another` WHERE `id` = 5 LIMIT 1   FOR UPDATE  [ RunTime:0.0010s ]
SQL: SELECT * FROM `pay_wttklist` WHERE `id` = 14 LIMIT 1   FOR UPDATE  [ RunTime:0.0007s ]
SQL: SELECT * FROM `pay_member` WHERE `id` = 112 LIMIT 1   FOR UPDATE  [ RunTime:0.0006s ]
SQL: UPDATE `pay_wttklist` SET `status`='0',`cldatetime`='2018-12-05 10:57:05' WHERE `id` = 14 [ RunTime:0.0066s ]
SQL: SELECT * FROM `pay_pay_for_another` WHERE `id` = 5 LIMIT 1   FOR UPDATE  [ RunTime:0.0014s ]
SQL: SELECT * FROM `pay_wttklist` WHERE `id` = 15 LIMIT 1   FOR UPDATE  [ RunTime:0.0008s ]
SQL: SELECT * FROM `pay_member` WHERE `id` = 113 LIMIT 1   FOR UPDATE  [ RunTime:0.0007s ]
SQL: UPDATE `pay_wttklist` SET `status`='0',`cldatetime`='2018-12-05 10:57:06' WHERE `id` = 15 [ RunTime:0.0049s ]
SQL: SELECT * FROM `pay_pay_for_another` WHERE `id` = 5 LIMIT 1   FOR UPDATE  [ RunTime:0.0015s ]
SQL: SELECT * FROM `pay_wttklist` WHERE `id` = 16 LIMIT 1   FOR UPDATE  [ RunTime:0.0009s ]
SQL: SELECT * FROM `pay_member` WHERE `id` = 112 LIMIT 1   FOR UPDATE  [ RunTime:0.0008s ]
SQL: UPDATE `pay_wttklist` SET `status`='0',`cldatetime`='2018-12-05 10:57:06' WHERE `id` = 16 [ RunTime:0.0042s ]
SQL: SELECT * FROM `pay_pay_for_another` WHERE `id` = 5 LIMIT 1   FOR UPDATE  [ RunTime:0.0007s ]
SQL: SELECT * FROM `pay_wttklist` WHERE `id` = 17 LIMIT 1   FOR UPDATE  [ RunTime:0.0015s ]
SQL: SELECT * FROM `pay_member` WHERE `id` = 109 LIMIT 1   FOR UPDATE  [ RunTime:0.0014s ]
SQL: UPDATE `pay_wttklist` SET `status`='0',`cldatetime`='2018-12-05 10:57:07' WHERE `id` = 17 [ RunTime:0.0065s ]
SQL: SELECT * FROM `pay_pay_for_another` WHERE `id` = 5 LIMIT 1   FOR UPDATE  [ RunTime:0.0021s ]
SQL: SELECT * FROM `pay_wttklist` WHERE `id` = 18 LIMIT 1   FOR UPDATE  [ RunTime:0.0015s ]
SQL: SELECT * FROM `pay_member` WHERE `id` = 109 LIMIT 1   FOR UPDATE  [ RunTime:0.0014s ]
SQL: UPDATE `pay_wttklist` SET `status`='0',`cldatetime`='2018-12-05 10:57:09' WHERE `id` = 18 [ RunTime:0.0073s ]
SQL: SELECT * FROM `pay_pay_for_another` WHERE `id` = 5 LIMIT 1   FOR UPDATE  [ RunTime:0.0014s ]
SQL: SELECT * FROM `pay_pay_for_another` WHERE `id` = 5 LIMIT 1   FOR UPDATE  [ RunTime:0.0007s ]
SQL: SELECT * FROM `pay_wttklist` WHERE `id` = 20 LIMIT 1   FOR UPDATE  [ RunTime:0.0016s ]
SQL: SELECT * FROM `pay_member` WHERE `id` = 109 LIMIT 1   FOR UPDATE  [ RunTime:0.0014s ]
SQL: UPDATE `pay_wttklist` SET `status`='0',`cldatetime`='2018-12-05 10:57:13' WHERE `id` = 20 [ RunTime:0.0076s ]
SQL: SELECT * FROM `pay_pay_for_another` WHERE `id` = 5 LIMIT 1   FOR UPDATE  [ RunTime:0.0018s ]
NOTIC: [2] Illegal string offset 'code' C:\work\juhe\Application\Payment\Controller\YYpayDfController.class.php 第 160 行.
SQL: SELECT * FROM `pay_pay_for_another` WHERE `id` = 5 LIMIT 1   FOR UPDATE  [ RunTime:0.0008s ]
SQL: SELECT * FROM `pay_wttklist` WHERE `id` = 27 LIMIT 1   FOR UPDATE  [ RunTime:0.0015s ]
SQL: SELECT * FROM `pay_member` WHERE `id` = 109 LIMIT 1   FOR UPDATE  [ RunTime:0.0014s ]
SQL: UPDATE `pay_wttklist` SET `status`='0',`cldatetime`='2018-12-05 10:57:18' WHERE `id` = 27 [ RunTime:0.0071s ]
SQL: SELECT * FROM `pay_pay_for_another` WHERE `id` = 5 LIMIT 1   FOR UPDATE  [ RunTime:0.0026s ]
SQL: SELECT * FROM `pay_wttklist` WHERE `id` = 29 LIMIT 1   FOR UPDATE  [ RunTime:0.0015s ]
SQL: SELECT * FROM `pay_member` WHERE `id` = 110 LIMIT 1   FOR UPDATE  [ RunTime:0.0013s ]
SQL: UPDATE `pay_wttklist` SET `status`='0',`cldatetime`='2018-12-05 10:57:19' WHERE `id` = 29 [ RunTime:0.0069s ]
SQL: SELECT * FROM `pay_pay_for_another` WHERE `id` = 5 LIMIT 1   FOR UPDATE  [ RunTime:0.0014s ]
NOTIC: [2] Illegal string offset 'code' C:\work\juhe\Application\Payment\Controller\YYpayDfController.class.php 第 160 行.
SQL: SELECT * FROM `pay_pay_for_another` WHERE `id` = 5 LIMIT 1   FOR UPDATE  [ RunTime:0.0023s ]
SQL: SELECT * FROM `pay_pay_for_another` WHERE `id` = 5 LIMIT 1   FOR UPDATE  [ RunTime:0.0010s ]
SQL: SELECT * FROM `pay_pay_for_another` WHERE `id` = 5 LIMIT 1   FOR UPDATE  [ RunTime:0.0009s ]
SQL: SELECT * FROM `pay_pay_for_another` WHERE `id` = 5 LIMIT 1   FOR UPDATE  [ RunTime:0.0008s ]
SQL: SELECT * FROM `pay_pay_for_another` WHERE `id` = 5 LIMIT 1   FOR UPDATE  [ RunTime:0.0021s ]
INFO: [ app_end ] --START--
INFO: Run Behavior\ShowPageTraceBehavior [ RunTime:0.002437s ]
INFO: [ app_end ] --END-- [ RunTime:0.002498s ]

[ 2018-12-05T11:00:43+08:00 ] 127.0.0.1 /Payment_YYpayDf_Query.html
INFO: [ app_init ] --START--
INFO: Run Behavior\BuildLiteBehavior [ RunTime:0.000013s ]
INFO: [ app_init ] --END-- [ RunTime:0.000072s ]
INFO: [ app_begin ] --START--
INFO: Run Behavior\ReadHtmlCacheBehavior [ RunTime:0.001150s ]
INFO: Run Behavior\CheckLangBehavior [ RunTime:0.001738s ]
INFO: [ app_begin ] --END-- [ RunTime:0.002948s ]
SQL: SHOW COLUMNS FROM `pay_wttklist` [ RunTime:0.0009s ]
SQL: SELECT * FROM `pay_wttklist` WHERE `code` = 'YYpayDf' AND `orderid` = 'H1204200903025757'  [ RunTime:0.0037s ]
SQL: SHOW COLUMNS FROM `pay_pay_for_another` [ RunTime:0.0017s ]
SQL: SELECT * FROM `pay_pay_for_another` WHERE `id` = 5 LIMIT 1   FOR UPDATE  [ RunTime:0.0004s ]
SQL: SELECT * FROM `pay_wttklist` WHERE `id` = 30 LIMIT 1   FOR UPDATE  [ RunTime:0.0008s ]
SQL: SHOW COLUMNS FROM `pay_member` [ RunTime:0.0034s ]
SQL: SELECT * FROM `pay_member` WHERE `id` = 110 LIMIT 1   FOR UPDATE  [ RunTime:0.0006s ]
SQL: UPDATE `pay_wttklist` SET `status`='0',`cldatetime`='2018-12-05 11:00:43' WHERE `id` = 30 [ RunTime:0.0047s ]
INFO: [ app_end ] --START--
INFO: Run Behavior\ShowPageTraceBehavior [ RunTime:0.001244s ]
INFO: [ app_end ] --END-- [ RunTime:0.001271s ]

[ 2018-12-05T11:02:12+08:00 ] 127.0.0.1 /Payment_YYpayDf_Query.html
INFO: [ app_init ] --START--
INFO: Run Behavior\BuildLiteBehavior [ RunTime:0.000010s ]
INFO: [ app_init ] --END-- [ RunTime:0.000044s ]
INFO: [ app_begin ] --START--
INFO: Run Behavior\ReadHtmlCacheBehavior [ RunTime:0.001036s ]
INFO: Run Behavior\CheckLangBehavior [ RunTime:0.001494s ]
INFO: [ app_begin ] --END-- [ RunTime:0.002578s ]
SQL: SHOW COLUMNS FROM `pay_wttklist` [ RunTime:0.0011s ]
SQL: SELECT * FROM `pay_wttklist` WHERE `code` = 'YYpayDf' AND `orderid` = 'H1204200903025757'  [ RunTime:0.0006s ]
SQL: SHOW COLUMNS FROM `pay_pay_for_another` [ RunTime:0.0033s ]
SQL: SELECT * FROM `pay_pay_for_another` WHERE `id` = 5 LIMIT 1   FOR UPDATE  [ RunTime:0.0011s ]

[ 2018-12-05T11:03:00+08:00 ] 127.0.0.1 /Payment_YYpayDf_Query.html
INFO: [ app_init ] --START--
INFO: Run Behavior\BuildLiteBehavior [ RunTime:0.000007s ]
INFO: [ app_init ] --END-- [ RunTime:0.000039s ]
INFO: [ app_begin ] --START--
INFO: Run Behavior\ReadHtmlCacheBehavior [ RunTime:0.001032s ]
INFO: Run Behavior\CheckLangBehavior [ RunTime:0.005023s ]
INFO: [ app_begin ] --END-- [ RunTime:0.006111s ]
SQL: SHOW COLUMNS FROM `pay_wttklist` [ RunTime:0.0017s ]
SQL: SELECT * FROM `pay_wttklist` WHERE `code` = 'YYpayDf' AND `orderid` = 'H1204200903025757'  [ RunTime:0.0009s ]
SQL: SHOW COLUMNS FROM `pay_pay_for_another` [ RunTime:0.0147s ]
SQL: SELECT * FROM `pay_pay_for_another` WHERE `id` = 5 LIMIT 1   FOR UPDATE  [ RunTime:0.0005s ]
SQL: SELECT * FROM `pay_wttklist` WHERE `id` = 30 LIMIT 1   FOR UPDATE  [ RunTime:0.0018s ]
SQL: SHOW COLUMNS FROM `pay_member` [ RunTime:0.0077s ]
SQL: SELECT * FROM `pay_member` WHERE `id` = 110 LIMIT 1   FOR UPDATE  [ RunTime:0.0018s ]
SQL: UPDATE `pay_wttklist` SET `status`='0',`cldatetime`='2018-12-05 11:03:00' WHERE `id` = 30 [ RunTime:0.0077s ]
INFO: [ app_end ] --START--
INFO: Run Behavior\ShowPageTraceBehavior [ RunTime:0.003482s ]
INFO: [ app_end ] --END-- [ RunTime:0.003564s ]

[ 2018-12-05T11:05:38+08:00 ] 127.0.0.1 /Payment_YYpayDf_Query.html
INFO: [ app_init ] --START--
INFO: Run Behavior\BuildLiteBehavior [ RunTime:0.000027s ]
INFO: [ app_init ] --END-- [ RunTime:0.000115s ]
INFO: [ app_begin ] --START--
INFO: Run Behavior\ReadHtmlCacheBehavior [ RunTime:0.000895s ]
INFO: Run Behavior\CheckLangBehavior [ RunTime:0.001576s ]
INFO: [ app_begin ] --END-- [ RunTime:0.002597s ]
SQL: SHOW COLUMNS FROM `pay_wttklist` [ RunTime:0.0032s ]
SQL: SELECT * FROM `pay_wttklist` WHERE `code` = 'YYpayDf' AND `orderid` = 'H1204200903025757'  [ RunTime:0.0010s ]
SQL: SHOW COLUMNS FROM `pay_pay_for_another` [ RunTime:0.0104s ]
SQL: SELECT * FROM `pay_pay_for_another` WHERE `id` = 5 LIMIT 1   FOR UPDATE  [ RunTime:0.0007s ]
SQL: SELECT * FROM `pay_wttklist` WHERE `id` = 30 LIMIT 1   FOR UPDATE  [ RunTime:0.0018s ]
SQL: SHOW COLUMNS FROM `pay_member` [ RunTime:0.0073s ]
SQL: SELECT * FROM `pay_member` WHERE `id` = 110 LIMIT 1   FOR UPDATE  [ RunTime:0.0015s ]
SQL: UPDATE `pay_wttklist` SET `status`='0',`cldatetime`='2018-12-05 11:05:38' WHERE `id` = 30 [ RunTime:0.0067s ]
INFO: [ app_end ] --START--
INFO: Run Behavior\ShowPageTraceBehavior [ RunTime:0.005338s ]
INFO: [ app_end ] --END-- [ RunTime:0.005456s ]

[ 2018-12-05T11:06:12+08:00 ] 127.0.0.1 /Payment_YYpayDf_Query.html
INFO: [ app_init ] --START--
INFO: Run Behavior\BuildLiteBehavior [ RunTime:0.000006s ]
INFO: [ app_init ] --END-- [ RunTime:0.000034s ]
INFO: [ app_begin ] --START--
INFO: Run Behavior\ReadHtmlCacheBehavior [ RunTime:0.000913s ]
INFO: Run Behavior\CheckLangBehavior [ RunTime:0.001410s ]
INFO: [ app_begin ] --END-- [ RunTime:0.002375s ]
SQL: SHOW COLUMNS FROM `pay_wttklist` [ RunTime:0.0049s ]
SQL: SELECT * FROM `pay_wttklist` WHERE `code` = 'YYpayDf' AND `orderid` = 'H1204200903025757'  [ RunTime:0.0011s ]

[ 2018-12-05T11:06:51+08:00 ] 127.0.0.1 /Payment_YYpayDf_Query.html
INFO: [ app_init ] --START--
INFO: Run Behavior\BuildLiteBehavior [ RunTime:0.000008s ]
INFO: [ app_init ] --END-- [ RunTime:0.000048s ]
INFO: [ app_begin ] --START--
INFO: Run Behavior\ReadHtmlCacheBehavior [ RunTime:0.002299s ]
INFO: Run Behavior\CheckLangBehavior [ RunTime:0.003976s ]
INFO: [ app_begin ] --END-- [ RunTime:0.006397s ]
SQL: SHOW COLUMNS FROM `pay_wttklist` [ RunTime:0.0026s ]
SQL: SELECT * FROM `pay_wttklist` WHERE `code` = 'YYpayDf' AND `orderid` = 'H1204200903025757'  [ RunTime:0.0009s ]
SQL: SHOW COLUMNS FROM `pay_pay_for_another` [ RunTime:0.0154s ]
SQL: SELECT * FROM `pay_pay_for_another` WHERE `id` = 5 LIMIT 1   FOR UPDATE  [ RunTime:0.0007s ]

[ 2018-12-05T11:13:04+08:00 ] 127.0.0.1 /Payment_YYpayDf_Query.html
INFO: [ app_init ] --START--
INFO: Run Behavior\BuildLiteBehavior [ RunTime:0.000008s ]
INFO: [ app_init ] --END-- [ RunTime:0.000044s ]
INFO: [ app_begin ] --START--
INFO: Run Behavior\ReadHtmlCacheBehavior [ RunTime:0.002103s ]
INFO: Run Behavior\CheckLangBehavior [ RunTime:0.001809s ]
INFO: [ app_begin ] --END-- [ RunTime:0.004056s ]
SQL: SHOW COLUMNS FROM `pay_wttklist` [ RunTime:0.0034s ]
SQL: SELECT * FROM `pay_wttklist` WHERE `code` = 'YYpayDf' AND `orderid` = 'H1204200903025757'  [ RunTime:0.0009s ]
SQL: SHOW COLUMNS FROM `pay_pay_for_another` [ RunTime:0.0037s ]
SQL: SELECT * FROM `pay_pay_for_another` WHERE `id` = 5 LIMIT 1   FOR UPDATE  [ RunTime:0.0008s ]
SQL: SELECT * FROM `pay_wttklist` WHERE `id` = 30 LIMIT 1   FOR UPDATE  [ RunTime:0.0010s ]
SQL: SHOW COLUMNS FROM `pay_member` [ RunTime:0.0039s ]
SQL: SELECT * FROM `pay_member` WHERE `id` = 110 LIMIT 1   FOR UPDATE  [ RunTime:0.0016s ]
SQL: SELECT * FROM `pay_member` WHERE `id` = 105 LIMIT 1   [ RunTime:0.0006s ]
SQL: UPDATE `pay_member` SET `balance`='28.703' WHERE `id` = 105 [ RunTime:0.0052s ]
SQL: SHOW COLUMNS FROM `pay_moneychange` [ RunTime:0.0031s ]
SQL: INSERT INTO `pay_moneychange` (`userid`,`ymoney`,`money`,`gmoney`,`datetime`,`transid`,`orderid`,`lx`,`contentstr`) VALUES ('105','25.7030','3.0000','28.703','2018-12-05 11:13:04','H1204200903025757','H1204200903025757','10','2018-12-05 11:13:04委托提现操作手续费') [ RunTime:0.0013s ]
SQL: UPDATE `pay_wttklist` SET `status`='2',`cldatetime`='2018-12-05 11:13:04' WHERE `id` = 30 [ RunTime:0.0047s ]
INFO: [ app_end ] --START--
INFO: Run Behavior\ShowPageTraceBehavior [ RunTime:0.002425s ]
INFO: [ app_end ] --END-- [ RunTime:0.002489s ]

[ 2018-12-05T11:37:26+08:00 ] 127.0.0.1 /Payment_YYpayDf_Query.html
INFO: [ app_init ] --START--
INFO: Run Behavior\BuildLiteBehavior [ RunTime:0.000006s ]
INFO: [ app_init ] --END-- [ RunTime:0.000032s ]
INFO: [ app_begin ] --START--
INFO: Run Behavior\ReadHtmlCacheBehavior [ RunTime:0.001828s ]
INFO: Run Behavior\CheckLangBehavior [ RunTime:0.002906s ]
INFO: [ app_begin ] --END-- [ RunTime:0.004819s ]
SQL: SHOW COLUMNS FROM `pay_wttklist` [ RunTime:0.0036s ]
SQL: SELECT * FROM `pay_wttklist` WHERE `code` = 'YYpayDf'  [ RunTime:0.0015s ]
SQL: SHOW COLUMNS FROM `pay_pay_for_another` [ RunTime:0.0011s ]
SQL: SELECT * FROM `pay_pay_for_another` WHERE `id` = 5 LIMIT 1   FOR UPDATE  [ RunTime:0.0007s ]
SQL: SELECT * FROM `pay_wttklist` WHERE `id` = 4 LIMIT 1   FOR UPDATE  [ RunTime:0.0011s ]
SQL: SHOW COLUMNS FROM `pay_member` [ RunTime:0.0018s ]
SQL: SELECT * FROM `pay_member` WHERE `id` = 106 LIMIT 1   FOR UPDATE  [ RunTime:0.0010s ]
SQL: UPDATE `pay_wttklist` SET `status`='2',`cldatetime`='2018-12-05 11:37:03' WHERE `id` = 4 [ RunTime:0.0061s ]
SQL: SELECT * FROM `pay_pay_for_another` WHERE `id` = 5 LIMIT 1   FOR UPDATE  [ RunTime:0.0010s ]
SQL: SELECT * FROM `pay_wttklist` WHERE `id` = 5 LIMIT 1   FOR UPDATE  [ RunTime:0.0010s ]
SQL: SELECT * FROM `pay_member` WHERE `id` = 113 LIMIT 1   FOR UPDATE  [ RunTime:0.0009s ]
SQL: UPDATE `pay_wttklist` SET `status`='2',`cldatetime`='2018-12-05 11:37:04' WHERE `id` = 5 [ RunTime:0.0055s ]
SQL: SELECT * FROM `pay_pay_for_another` WHERE `id` = 5 LIMIT 1   FOR UPDATE  [ RunTime:0.0010s ]
SQL: SELECT * FROM `pay_wttklist` WHERE `id` = 6 LIMIT 1   FOR UPDATE  [ RunTime:0.0019s ]
SQL: SELECT * FROM `pay_member` WHERE `id` = 112 LIMIT 1   FOR UPDATE  [ RunTime:0.0017s ]
SQL: UPDATE `pay_wttklist` SET `status`='2',`cldatetime`='2018-12-05 11:37:07' WHERE `id` = 6 [ RunTime:0.0060s ]
SQL: SELECT * FROM `pay_pay_for_another` WHERE `id` = 5 LIMIT 1   FOR UPDATE  [ RunTime:0.0016s ]
SQL: SELECT * FROM `pay_wttklist` WHERE `id` = 7 LIMIT 1   FOR UPDATE  [ RunTime:0.0011s ]
SQL: SELECT * FROM `pay_member` WHERE `id` = 112 LIMIT 1   FOR UPDATE  [ RunTime:0.0019s ]
SQL: UPDATE `pay_wttklist` SET `status`='2',`cldatetime`='2018-12-05 11:37:08' WHERE `id` = 7 [ RunTime:0.0054s ]
SQL: SELECT * FROM `pay_pay_for_another` WHERE `id` = 5 LIMIT 1   FOR UPDATE  [ RunTime:0.0008s ]
SQL: SELECT * FROM `pay_wttklist` WHERE `id` = 8 LIMIT 1   FOR UPDATE  [ RunTime:0.0016s ]
SQL: SELECT * FROM `pay_member` WHERE `id` = 109 LIMIT 1   FOR UPDATE  [ RunTime:0.0018s ]
SQL: UPDATE `pay_wttklist` SET `status`='2',`cldatetime`='2018-12-05 11:37:08' WHERE `id` = 8 [ RunTime:0.0060s ]
SQL: SELECT * FROM `pay_pay_for_another` WHERE `id` = 5 LIMIT 1   FOR UPDATE  [ RunTime:0.0013s ]
SQL: SELECT * FROM `pay_wttklist` WHERE `id` = 9 LIMIT 1   FOR UPDATE  [ RunTime:0.0016s ]
SQL: SELECT * FROM `pay_member` WHERE `id` = 112 LIMIT 1   FOR UPDATE  [ RunTime:0.0016s ]
SQL: UPDATE `pay_wttklist` SET `status`='2',`cldatetime`='2018-12-05 11:37:09' WHERE `id` = 9 [ RunTime:0.0058s ]
SQL: SELECT * FROM `pay_pay_for_another` WHERE `id` = 5 LIMIT 1   FOR UPDATE  [ RunTime:0.0015s ]
SQL: SELECT * FROM `pay_wttklist` WHERE `id` = 10 LIMIT 1   FOR UPDATE  [ RunTime:0.0012s ]
SQL: SELECT * FROM `pay_member` WHERE `id` = 112 LIMIT 1   FOR UPDATE  [ RunTime:0.0012s ]
SQL: UPDATE `pay_wttklist` SET `status`='2',`cldatetime`='2018-12-05 11:37:10' WHERE `id` = 10 [ RunTime:0.0049s ]
SQL: SELECT * FROM `pay_pay_for_another` WHERE `id` = 5 LIMIT 1   FOR UPDATE  [ RunTime:0.0159s ]
SQL: SELECT * FROM `pay_wttklist` WHERE `id` = 11 LIMIT 1   FOR UPDATE  [ RunTime:0.0017s ]
SQL: SELECT * FROM `pay_member` WHERE `id` = 112 LIMIT 1   FOR UPDATE  [ RunTime:0.0021s ]
SQL: UPDATE `pay_wttklist` SET `status`='2',`cldatetime`='2018-12-05 11:37:10' WHERE `id` = 11 [ RunTime:0.0047s ]
SQL: SELECT * FROM `pay_pay_for_another` WHERE `id` = 5 LIMIT 1   FOR UPDATE  [ RunTime:0.0014s ]
SQL: SELECT * FROM `pay_wttklist` WHERE `id` = 12 LIMIT 1   FOR UPDATE  [ RunTime:0.0015s ]
SQL: SELECT * FROM `pay_member` WHERE `id` = 112 LIMIT 1   FOR UPDATE  [ RunTime:0.0014s ]
SQL: UPDATE `pay_wttklist` SET `status`='2',`cldatetime`='2018-12-05 11:37:11' WHERE `id` = 12 [ RunTime:0.0055s ]
SQL: SELECT * FROM `pay_pay_for_another` WHERE `id` = 5 LIMIT 1   FOR UPDATE  [ RunTime:0.0016s ]
SQL: SELECT * FROM `pay_wttklist` WHERE `id` = 13 LIMIT 1   FOR UPDATE  [ RunTime:0.0008s ]
SQL: SELECT * FROM `pay_member` WHERE `id` = 112 LIMIT 1   FOR UPDATE  [ RunTime:0.0006s ]
SQL: UPDATE `pay_wttklist` SET `status`='2',`cldatetime`='2018-12-05 11:37:11' WHERE `id` = 13 [ RunTime:0.0044s ]
SQL: SELECT * FROM `pay_pay_for_another` WHERE `id` = 5 LIMIT 1   FOR UPDATE  [ RunTime:0.0010s ]
SQL: SELECT * FROM `pay_wttklist` WHERE `id` = 14 LIMIT 1   FOR UPDATE  [ RunTime:0.0017s ]
SQL: SELECT * FROM `pay_member` WHERE `id` = 112 LIMIT 1   FOR UPDATE  [ RunTime:0.0015s ]
SQL: UPDATE `pay_wttklist` SET `status`='2',`cldatetime`='2018-12-05 11:37:12' WHERE `id` = 14 [ RunTime:0.0066s ]
SQL: SELECT * FROM `pay_pay_for_another` WHERE `id` = 5 LIMIT 1   FOR UPDATE  [ RunTime:0.0012s ]
SQL: SELECT * FROM `pay_wttklist` WHERE `id` = 15 LIMIT 1   FOR UPDATE  [ RunTime:0.0018s ]
SQL: SELECT * FROM `pay_member` WHERE `id` = 113 LIMIT 1   FOR UPDATE  [ RunTime:0.0013s ]
SQL: UPDATE `pay_wttklist` SET `status`='2',`cldatetime`='2018-12-05 11:37:12' WHERE `id` = 15 [ RunTime:0.0054s ]
SQL: SELECT * FROM `pay_pay_for_another` WHERE `id` = 5 LIMIT 1   FOR UPDATE  [ RunTime:0.0012s ]
SQL: SELECT * FROM `pay_wttklist` WHERE `id` = 16 LIMIT 1   FOR UPDATE  [ RunTime:0.0015s ]
SQL: SELECT * FROM `pay_member` WHERE `id` = 112 LIMIT 1   FOR UPDATE  [ RunTime:0.0014s ]
SQL: UPDATE `pay_wttklist` SET `status`='2',`cldatetime`='2018-12-05 11:37:13' WHERE `id` = 16 [ RunTime:0.0067s ]
SQL: SELECT * FROM `pay_pay_for_another` WHERE `id` = 5 LIMIT 1   FOR UPDATE  [ RunTime:0.0016s ]
SQL: SELECT * FROM `pay_wttklist` WHERE `id` = 17 LIMIT 1   FOR UPDATE  [ RunTime:0.0027s ]
SQL: SELECT * FROM `pay_member` WHERE `id` = 109 LIMIT 1   FOR UPDATE  [ RunTime:0.0017s ]
SQL: UPDATE `pay_wttklist` SET `status`='2',`cldatetime`='2018-12-05 11:37:13' WHERE `id` = 17 [ RunTime:0.0053s ]
SQL: SELECT * FROM `pay_pay_for_another` WHERE `id` = 5 LIMIT 1   FOR UPDATE  [ RunTime:0.0013s ]
SQL: SELECT * FROM `pay_wttklist` WHERE `id` = 18 LIMIT 1   FOR UPDATE  [ RunTime:0.0006s ]
SQL: SELECT * FROM `pay_member` WHERE `id` = 109 LIMIT 1   FOR UPDATE  [ RunTime:0.0005s ]
SQL: UPDATE `pay_wttklist` SET `status`='2',`cldatetime`='2018-12-05 11:37:17' WHERE `id` = 18 [ RunTime:0.0045s ]
SQL: SELECT * FROM `pay_pay_for_another` WHERE `id` = 5 LIMIT 1   FOR UPDATE  [ RunTime:0.0005s ]
SQL: SELECT * FROM `pay_pay_for_another` WHERE `id` = 5 LIMIT 1   FOR UPDATE  [ RunTime:0.0010s ]
SQL: SELECT * FROM `pay_wttklist` WHERE `id` = 20 LIMIT 1   FOR UPDATE  [ RunTime:0.0009s ]
SQL: SELECT * FROM `pay_member` WHERE `id` = 109 LIMIT 1   FOR UPDATE  [ RunTime:0.0011s ]
SQL: UPDATE `pay_wttklist` SET `status`='2',`cldatetime`='2018-12-05 11:37:23' WHERE `id` = 20 [ RunTime:0.0051s ]
SQL: SELECT * FROM `pay_pay_for_another` WHERE `id` = 5 LIMIT 1   FOR UPDATE  [ RunTime:0.0008s ]
SQL: SELECT * FROM `pay_wttklist` WHERE `id` = 26 LIMIT 1   FOR UPDATE  [ RunTime:0.0011s ]
SQL: SELECT * FROM `pay_member` WHERE `id` = 112 LIMIT 1   FOR UPDATE  [ RunTime:0.0008s ]
SQL: UPDATE `pay_wttklist` SET `status`='2',`cldatetime`='2018-12-05 11:37:24' WHERE `id` = 26 [ RunTime:0.0036s ]
SQL: SELECT * FROM `pay_pay_for_another` WHERE `id` = 5 LIMIT 1   FOR UPDATE  [ RunTime:0.0009s ]
SQL: SELECT * FROM `pay_wttklist` WHERE `id` = 27 LIMIT 1   FOR UPDATE  [ RunTime:0.0017s ]
SQL: SELECT * FROM `pay_member` WHERE `id` = 109 LIMIT 1   FOR UPDATE  [ RunTime:0.0008s ]
SQL: UPDATE `pay_wttklist` SET `status`='2',`cldatetime`='2018-12-05 11:37:25' WHERE `id` = 27 [ RunTime:0.0045s ]
SQL: SELECT * FROM `pay_pay_for_another` WHERE `id` = 5 LIMIT 1   FOR UPDATE  [ RunTime:0.0006s ]
SQL: SELECT * FROM `pay_wttklist` WHERE `id` = 29 LIMIT 1   FOR UPDATE  [ RunTime:0.0007s ]
SQL: SELECT * FROM `pay_member` WHERE `id` = 110 LIMIT 1   FOR UPDATE  [ RunTime:0.0006s ]
SQL: UPDATE `pay_wttklist` SET `status`='2',`cldatetime`='2018-12-05 11:37:25' WHERE `id` = 29 [ RunTime:0.0045s ]
SQL: SELECT * FROM `pay_pay_for_another` WHERE `id` = 5 LIMIT 1   FOR UPDATE  [ RunTime:0.0006s ]
SQL: SELECT * FROM `pay_wttklist` WHERE `id` = 30 LIMIT 1   FOR UPDATE  [ RunTime:0.0014s ]
SQL: SELECT * FROM `pay_member` WHERE `id` = 110 LIMIT 1   FOR UPDATE  [ RunTime:0.0014s ]
SQL: UPDATE `pay_wttklist` SET `status`='2',`cldatetime`='2018-12-05 11:37:26' WHERE `id` = 30 [ RunTime:0.0072s ]
SQL: SELECT * FROM `pay_pay_for_another` WHERE `id` = 5 LIMIT 1   FOR UPDATE  [ RunTime:0.0016s ]
SQL: SELECT * FROM `pay_pay_for_another` WHERE `id` = 5 LIMIT 1   FOR UPDATE  [ RunTime:0.0025s ]
SQL: SELECT * FROM `pay_pay_for_another` WHERE `id` = 5 LIMIT 1   FOR UPDATE  [ RunTime:0.0014s ]
SQL: SELECT * FROM `pay_pay_for_another` WHERE `id` = 5 LIMIT 1   FOR UPDATE  [ RunTime:0.0014s ]
SQL: SELECT * FROM `pay_pay_for_another` WHERE `id` = 5 LIMIT 1   FOR UPDATE  [ RunTime:0.0005s ]
INFO: [ app_end ] --START--
INFO: Run Behavior\ShowPageTraceBehavior [ RunTime:0.002423s ]
INFO: [ app_end ] --END-- [ RunTime:0.002501s ]

[ 2018-12-05T11:38:21+08:00 ] 127.0.0.1 /Payment_YYpayDf_Query.html
INFO: [ app_init ] --START--
INFO: Run Behavior\BuildLiteBehavior [ RunTime:0.000020s ]
INFO: [ app_init ] --END-- [ RunTime:0.000092s ]
INFO: [ app_begin ] --START--
INFO: Run Behavior\ReadHtmlCacheBehavior [ RunTime:0.000836s ]
INFO: Run Behavior\CheckLangBehavior [ RunTime:0.001422s ]
INFO: [ app_begin ] --END-- [ RunTime:0.002307s ]
SQL: SHOW COLUMNS FROM `pay_wttklist` [ RunTime:0.0020s ]
SQL: SELECT * FROM `pay_wttklist` WHERE `code` = 'YYpayDf' AND `orderid` = 'H1205771661755952'  [ RunTime:0.0006s ]
SQL: SHOW COLUMNS FROM `pay_pay_for_another` [ RunTime:0.0017s ]
SQL: SELECT * FROM `pay_pay_for_another` WHERE `id` = 5 LIMIT 1   FOR UPDATE  [ RunTime:0.0004s ]
INFO: [ app_end ] --START--
INFO: Run Behavior\ShowPageTraceBehavior [ RunTime:0.003250s ]
INFO: [ app_end ] --END-- [ RunTime:0.003383s ]

[ 2018-12-05T11:39:37+08:00 ] 127.0.0.1 /Payment_YYpayDf_Query.html
INFO: [ app_init ] --START--
INFO: Run Behavior\BuildLiteBehavior [ RunTime:0.000006s ]
INFO: [ app_init ] --END-- [ RunTime:0.000034s ]
INFO: [ app_begin ] --START--
INFO: Run Behavior\ReadHtmlCacheBehavior [ RunTime:0.000969s ]
INFO: Run Behavior\CheckLangBehavior [ RunTime:0.003591s ]
INFO: [ app_begin ] --END-- [ RunTime:0.004645s ]
SQL: SHOW COLUMNS FROM `pay_wttklist` [ RunTime:0.0016s ]
SQL: SELECT * FROM `pay_wttklist` WHERE `code` = 'YYpayDf' AND `orderid` = 'H1205771661755952'  [ RunTime:0.0011s ]

[ 2018-12-05T11:39:49+08:00 ] 127.0.0.1 /Payment_YYpayDf_Query.html
INFO: [ app_init ] --START--
INFO: Run Behavior\BuildLiteBehavior [ RunTime:0.000013s ]
INFO: [ app_init ] --END-- [ RunTime:0.000058s ]
INFO: [ app_begin ] --START--
INFO: Run Behavior\ReadHtmlCacheBehavior [ RunTime:0.001466s ]
INFO: Run Behavior\CheckLangBehavior [ RunTime:0.003695s ]
INFO: [ app_begin ] --END-- [ RunTime:0.005277s ]
SQL: SHOW COLUMNS FROM `pay_wttklist` [ RunTime:0.0009s ]
SQL: SELECT * FROM `pay_wttklist` WHERE `code` = 'YYpayDf' AND `orderid` = 'H1205771661755952'  [ RunTime:0.0006s ]
SQL: SHOW COLUMNS FROM `pay_pay_for_another` [ RunTime:0.0006s ]
SQL: SELECT * FROM `pay_pay_for_another` WHERE `id` = 5 LIMIT 1   FOR UPDATE  [ RunTime:0.0004s ]
INFO: [ app_end ] --START--
INFO: Run Behavior\ShowPageTraceBehavior [ RunTime:0.003664s ]
INFO: [ app_end ] --END-- [ RunTime:0.003768s ]

[ 2018-12-05T11:40:19+08:00 ] 127.0.0.1 /Payment_YYpayDf_Query.html
INFO: [ app_init ] --START--
INFO: Run Behavior\BuildLiteBehavior [ RunTime:0.000008s ]
INFO: [ app_init ] --END-- [ RunTime:0.000044s ]
INFO: [ app_begin ] --START--
INFO: Run Behavior\ReadHtmlCacheBehavior [ RunTime:0.000862s ]
INFO: Run Behavior\CheckLangBehavior [ RunTime:0.001762s ]
INFO: [ app_begin ] --END-- [ RunTime:0.002703s ]
SQL: SHOW COLUMNS FROM `pay_wttklist` [ RunTime:0.0016s ]
SQL: SELECT * FROM `pay_wttklist` WHERE `code` = 'YYpayDf' AND `orderid` = 'H1205771661755952'  [ RunTime:0.0010s ]
SQL: SHOW COLUMNS FROM `pay_pay_for_another` [ RunTime:0.0011s ]
SQL: SELECT * FROM `pay_pay_for_another` WHERE `id` = 5 LIMIT 1   FOR UPDATE  [ RunTime:0.0007s ]

[ 2018-12-05T17:46:42+08:00 ] 127.0.0.1 /Payment_YYpayDf_notifyurl.html
INFO: [ app_init ] --START--
INFO: Run Behavior\BuildLiteBehavior [ RunTime:0.000006s ]
INFO: [ app_init ] --END-- [ RunTime:0.000039s ]
INFO: [ app_begin ] --START--
INFO: Run Behavior\ReadHtmlCacheBehavior [ RunTime:0.000814s ]
INFO: Run Behavior\CheckLangBehavior [ RunTime:0.001265s ]
INFO: [ app_begin ] --END-- [ RunTime:0.002118s ]
NOTIC: [8] Undefined index: order_num C:\work\juhe\Application\Payment\Controller\YYpayDfController.class.php 第 91 行.
NOTIC: [8] Undefined index: pay_status C:\work\juhe\Application\Payment\Controller\YYpayDfController.class.php 第 92 行.
SQL: SHOW COLUMNS FROM `pay_wttklist` [ RunTime:0.0018s ]
SQL: SELECT * FROM `pay_wttklist` WHERE `orderid` = null LIMIT 1   [ RunTime:0.0005s ]

[ 2018-12-05T17:47:56+08:00 ] 127.0.0.1 /Payment_YYpayDf_notifyurl.html
INFO: [ app_init ] --START--
INFO: Run Behavior\BuildLiteBehavior [ RunTime:0.000006s ]
INFO: [ app_init ] --END-- [ RunTime:0.000032s ]
INFO: [ app_begin ] --START--
INFO: Run Behavior\ReadHtmlCacheBehavior [ RunTime:0.000881s ]
INFO: Run Behavior\CheckLangBehavior [ RunTime:0.001750s ]
INFO: [ app_begin ] --END-- [ RunTime:0.002728s ]
NOTIC: [8] Undefined index: order_num C:\work\juhe\Application\Payment\Controller\YYpayDfController.class.php 第 91 行.
NOTIC: [8] Undefined index: pay_status C:\work\juhe\Application\Payment\Controller\YYpayDfController.class.php 第 92 行.

[ 2018-12-05T17:50:45+08:00 ] 127.0.0.1 /Payment_YYpayDf_notifyurl.html
INFO: [ app_init ] --START--
INFO: Run Behavior\BuildLiteBehavior [ RunTime:0.000005s ]
INFO: [ app_init ] --END-- [ RunTime:0.000032s ]
INFO: [ app_begin ] --START--
INFO: Run Behavior\ReadHtmlCacheBehavior [ RunTime:0.000851s ]
INFO: Run Behavior\CheckLangBehavior [ RunTime:0.001368s ]
INFO: [ app_begin ] --END-- [ RunTime:0.002257s ]
NOTIC: [8] Undefined index: order_num C:\work\juhe\Application\Payment\Controller\YYpayDfController.class.php 第 91 行.
NOTIC: [8] Undefined index: pay_status C:\work\juhe\Application\Payment\Controller\YYpayDfController.class.php 第 92 行.
SQL: SHOW COLUMNS FROM `pay_wttklist` [ RunTime:0.0017s ]
SQL: SELECT * FROM `pay_wttklist` WHERE `orderid` = null LIMIT 1   [ RunTime:0.0004s ]

[ 2018-12-05T17:52:04+08:00 ] 127.0.0.1 /Payment_YYpayDf_notifyurl.html
INFO: [ app_init ] --START--
INFO: Run Behavior\BuildLiteBehavior [ RunTime:0.000006s ]
INFO: [ app_init ] --END-- [ RunTime:0.000029s ]
INFO: [ app_begin ] --START--
INFO: Run Behavior\ReadHtmlCacheBehavior [ RunTime:0.000922s ]
INFO: Run Behavior\CheckLangBehavior [ RunTime:0.001207s ]
INFO: [ app_begin ] --END-- [ RunTime:0.002175s ]
SQL: SHOW COLUMNS FROM `pay_wttklist` [ RunTime:0.0172s ]
SQL: SELECT * FROM `pay_wttklist` WHERE `orderid` = 'H1205027107496963' LIMIT 1   [ RunTime:0.0006s ]
SQL: SHOW COLUMNS FROM `pay_df_api_order` [ RunTime:0.0015s ]
SQL: SELECT * FROM `pay_df_api_order` LIMIT 1   [ RunTime:0.0003s ]

[ 2018-12-05T17:52:06+08:00 ] 127.0.0.1 /Payment_YYpayDf_notifyurl.html
INFO: [ app_init ] --START--
INFO: Run Behavior\BuildLiteBehavior [ RunTime:0.000006s ]
INFO: [ app_init ] --END-- [ RunTime:0.000031s ]
INFO: [ app_begin ] --START--
INFO: Run Behavior\ReadHtmlCacheBehavior [ RunTime:0.000620s ]
INFO: Run Behavior\CheckLangBehavior [ RunTime:0.001140s ]
INFO: [ app_begin ] --END-- [ RunTime:0.001798s ]
SQL: SHOW COLUMNS FROM `pay_wttklist` [ RunTime:0.0017s ]
SQL: SELECT * FROM `pay_wttklist` WHERE `orderid` = 'H1205027107496963' LIMIT 1   [ RunTime:0.0006s ]
SQL: SHOW COLUMNS FROM `pay_df_api_order` [ RunTime:0.0014s ]
SQL: SELECT * FROM `pay_df_api_order` LIMIT 1   [ RunTime:0.0003s ]

[ 2018-12-05T17:52:18+08:00 ] 127.0.0.1 /Payment_YYpayDf_notifyurl.html
INFO: [ app_init ] --START--
INFO: Run Behavior\BuildLiteBehavior [ RunTime:0.000007s ]
INFO: [ app_init ] --END-- [ RunTime:0.000036s ]
INFO: [ app_begin ] --START--
INFO: Run Behavior\ReadHtmlCacheBehavior [ RunTime:0.000963s ]
INFO: Run Behavior\CheckLangBehavior [ RunTime:0.001482s ]
INFO: [ app_begin ] --END-- [ RunTime:0.002489s ]
SQL: SHOW COLUMNS FROM `pay_wttklist` [ RunTime:0.0033s ]
SQL: SELECT * FROM `pay_wttklist` WHERE `orderid` = 'H1205027107496963' LIMIT 1   [ RunTime:0.0006s ]
SQL: SHOW COLUMNS FROM `pay_df_api_order` [ RunTime:0.0015s ]
SQL: SELECT * FROM `pay_df_api_order` LIMIT 1   [ RunTime:0.0003s ]

[ 2018-12-05T17:52:28+08:00 ] 127.0.0.1 /Payment_YYpayDf_notifyurl.html
INFO: [ app_init ] --START--
INFO: Run Behavior\BuildLiteBehavior [ RunTime:0.000012s ]
INFO: [ app_init ] --END-- [ RunTime:0.000059s ]
INFO: [ app_begin ] --START--
INFO: Run Behavior\ReadHtmlCacheBehavior [ RunTime:0.000955s ]
INFO: Run Behavior\CheckLangBehavior [ RunTime:0.001393s ]
INFO: [ app_begin ] --END-- [ RunTime:0.002396s ]

[ 2018-12-05T17:52:46+08:00 ] 127.0.0.1 /Payment_YYpayDf_notifyurl.html
INFO: [ app_init ] --START--
INFO: Run Behavior\BuildLiteBehavior [ RunTime:0.000007s ]
INFO: [ app_init ] --END-- [ RunTime:0.000032s ]
INFO: [ app_begin ] --START--
INFO: Run Behavior\ReadHtmlCacheBehavior [ RunTime:0.000925s ]
INFO: Run Behavior\CheckLangBehavior [ RunTime:0.003666s ]
INFO: [ app_begin ] --END-- [ RunTime:0.004656s ]
SQL: SHOW COLUMNS FROM `pay_wttklist` [ RunTime:0.0017s ]
SQL: SELECT * FROM `pay_wttklist` WHERE `orderid` = 'H1205027107496963' LIMIT 1   [ RunTime:0.0005s ]

[ 2018-12-05T17:53:59+08:00 ] 127.0.0.1 /Payment_YYpayDf_notifyurl.html
INFO: [ app_init ] --START--
INFO: Run Behavior\BuildLiteBehavior [ RunTime:0.000007s ]
INFO: [ app_init ] --END-- [ RunTime:0.000037s ]
INFO: [ app_begin ] --START--
INFO: Run Behavior\ReadHtmlCacheBehavior [ RunTime:0.000695s ]
INFO: Run Behavior\CheckLangBehavior [ RunTime:0.001140s ]
INFO: [ app_begin ] --END-- [ RunTime:0.001875s ]
SQL: SHOW COLUMNS FROM `pay_wttklist` [ RunTime:0.0022s ]
SQL: SELECT * FROM `pay_wttklist` WHERE `orderid` = 'H1205027107496963' LIMIT 1   [ RunTime:0.0009s ]
NOTIC: [8] Undefined index: trade_no C:\work\juhe\Application\Payment\Controller\YYpayDfController.class.php 第 111 行.
SQL: SHOW COLUMNS FROM `pay_df_api_order` [ RunTime:0.0022s ]
SQL: SELECT * FROM `pay_df_api_order` LIMIT 1   [ RunTime:0.0026s ]

[ 2018-12-05T17:54:24+08:00 ] 127.0.0.1 /Payment_YYpayDf_notifyurl.html
INFO: [ app_init ] --START--
INFO: Run Behavior\BuildLiteBehavior [ RunTime:0.000007s ]
INFO: [ app_init ] --END-- [ RunTime:0.000037s ]
INFO: [ app_begin ] --START--
INFO: Run Behavior\ReadHtmlCacheBehavior [ RunTime:0.000822s ]
INFO: Run Behavior\CheckLangBehavior [ RunTime:0.001388s ]
INFO: [ app_begin ] --END-- [ RunTime:0.002271s ]
SQL: SHOW COLUMNS FROM `pay_wttklist` [ RunTime:0.0029s ]
SQL: SELECT * FROM `pay_wttklist` WHERE `orderid` = 'H1205027107496963' LIMIT 1   [ RunTime:0.0008s ]

[ 2018-12-05T17:55:16+08:00 ] 127.0.0.1 /Payment_YYpayDf_notifyurl.html
INFO: [ app_init ] --START--
INFO: Run Behavior\BuildLiteBehavior [ RunTime:0.000010s ]
INFO: [ app_init ] --END-- [ RunTime:0.000060s ]
INFO: [ app_begin ] --START--
INFO: Run Behavior\ReadHtmlCacheBehavior [ RunTime:0.000846s ]
INFO: Run Behavior\CheckLangBehavior [ RunTime:0.001613s ]
INFO: [ app_begin ] --END-- [ RunTime:0.002504s ]
SQL: SHOW COLUMNS FROM `pay_wttklist` [ RunTime:0.0144s ]
SQL: SELECT * FROM `pay_wttklist` WHERE `orderid` = 'H1205027107496963' LIMIT 1   [ RunTime:0.0005s ]
SQL: SHOW COLUMNS FROM `pay_df_api_order` [ RunTime:0.0016s ]
SQL: SELECT * FROM `pay_df_api_order` WHERE `trade_no` = 'H1205027107496963' LIMIT 1   [ RunTime:0.0003s ]

[ 2018-12-05T17:55:53+08:00 ] 127.0.0.1 /Payment_YYpayDf_notifyurl.html
INFO: [ app_init ] --START--
INFO: Run Behavior\BuildLiteBehavior [ RunTime:0.000005s ]
INFO: [ app_init ] --END-- [ RunTime:0.000027s ]
INFO: [ app_begin ] --START--
INFO: Run Behavior\ReadHtmlCacheBehavior [ RunTime:0.000714s ]
INFO: Run Behavior\CheckLangBehavior [ RunTime:0.001079s ]
INFO: [ app_begin ] --END-- [ RunTime:0.001836s ]
SQL: SHOW COLUMNS FROM `pay_wttklist` [ RunTime:0.0018s ]
SQL: SELECT * FROM `pay_wttklist` WHERE `orderid` = 'H1204189339466391' LIMIT 1   [ RunTime:0.0005s ]

[ 2018-12-05T17:56:47+08:00 ] 127.0.0.1 /Payment_YYpayDf_notifyurl.html
INFO: [ app_init ] --START--
INFO: Run Behavior\BuildLiteBehavior [ RunTime:0.000012s ]
INFO: [ app_init ] --END-- [ RunTime:0.000069s ]
INFO: [ app_begin ] --START--
INFO: Run Behavior\ReadHtmlCacheBehavior [ RunTime:0.000784s ]
INFO: Run Behavior\CheckLangBehavior [ RunTime:0.001287s ]
INFO: [ app_begin ] --END-- [ RunTime:0.002165s ]
SQL: SHOW COLUMNS FROM `pay_wttklist` [ RunTime:0.0024s ]
SQL: SELECT * FROM `pay_wttklist` WHERE `orderid` = 'H1205027107496963' LIMIT 1   [ RunTime:0.0008s ]
SQL: SHOW COLUMNS FROM `pay_df_api_order` [ RunTime:0.0017s ]
SQL: SELECT * FROM `pay_df_api_order` WHERE `trade_no` = 'H1205027107496963' LIMIT 1   [ RunTime:0.0011s ]

[ 2018-12-05T17:57:45+08:00 ] 127.0.0.1 /Payment_YYpayDf_notifyurl.html
INFO: [ app_init ] --START--
INFO: Run Behavior\BuildLiteBehavior [ RunTime:0.000006s ]
INFO: [ app_init ] --END-- [ RunTime:0.000032s ]
INFO: [ app_begin ] --START--
INFO: Run Behavior\ReadHtmlCacheBehavior [ RunTime:0.000894s ]
INFO: Run Behavior\CheckLangBehavior [ RunTime:0.001506s ]
INFO: [ app_begin ] --END-- [ RunTime:0.002478s ]
SQL: SHOW COLUMNS FROM `pay_wttklist` [ RunTime:0.0008s ]
SQL: SELECT * FROM `pay_wttklist` WHERE `orderid` = 'H1205027107496963' LIMIT 1   [ RunTime:0.0005s ]
SQL: SHOW COLUMNS FROM `pay_df_api_order` [ RunTime:0.0005s ]
SQL: SELECT * FROM `pay_df_api_order` WHERE `out_trade_no` = '222410114487812096' LIMIT 1   [ RunTime:0.0003s ]

[ 2018-12-05T17:58:41+08:00 ] 127.0.0.1 /Payment_YYpayDf_notifyurl.html
INFO: [ app_init ] --START--
INFO: Run Behavior\BuildLiteBehavior [ RunTime:0.000006s ]
INFO: [ app_init ] --END-- [ RunTime:0.000032s ]
INFO: [ app_begin ] --START--
INFO: Run Behavior\ReadHtmlCacheBehavior [ RunTime:0.001023s ]
INFO: Run Behavior\CheckLangBehavior [ RunTime:0.001383s ]
INFO: [ app_begin ] --END-- [ RunTime:0.002466s ]
SQL: SHOW COLUMNS FROM `pay_wttklist` [ RunTime:0.0008s ]
SQL: SELECT * FROM `pay_wttklist` WHERE `orderid` = 'H1205027107496963' LIMIT 1   [ RunTime:0.0005s ]
SQL: SHOW COLUMNS FROM `pay_df_api_order` [ RunTime:0.0015s ]
SQL: SELECT * FROM `pay_df_api_order` WHERE `out_trade_no` = '222410114487812096' LIMIT 1   [ RunTime:0.0004s ]

[ 2018-12-05T17:59:07+08:00 ] 127.0.0.1 /Payment_YYpayDf_notifyurl.html
INFO: [ app_init ] --START--
INFO: Run Behavior\BuildLiteBehavior [ RunTime:0.000006s ]
INFO: [ app_init ] --END-- [ RunTime:0.000036s ]
INFO: [ app_begin ] --START--
INFO: Run Behavior\ReadHtmlCacheBehavior [ RunTime:0.000701s ]
INFO: Run Behavior\CheckLangBehavior [ RunTime:0.001135s ]
INFO: [ app_begin ] --END-- [ RunTime:0.001875s ]
SQL: SHOW COLUMNS FROM `pay_wttklist` [ RunTime:0.0021s ]
SQL: SELECT * FROM `pay_wttklist` WHERE `orderid` = 'H1205027107496963' LIMIT 1   [ RunTime:0.0005s ]
SQL: SHOW COLUMNS FROM `pay_df_api_order` [ RunTime:0.0015s ]
SQL: SELECT * FROM `pay_df_api_order` WHERE `out_trade_no` = '222410114487812096' LIMIT 1   [ RunTime:0.0003s ]

