[ 2018-11-05T08:29:16+08:00 ] 127.0.0.1 /Payment_Dfpay_add.html
INFO: [ app_init ] --START--
INFO: Run Behavior\BuildLiteBehavior [ RunTime:0.000024s ]
INFO: [ app_init ] --END-- [ RunTime:0.000100s ]
INFO: [ app_begin ] --START--
INFO: Run Behavior\ReadHtmlCacheBehavior [ RunTime:0.001022s ]
INFO: Run Behavior\CheckLangBehavior [ RunTime:0.001807s ]
INFO: [ app_begin ] --END-- [ RunTime:0.002873s ]

[ 2018-11-05T08:29:53+08:00 ] 127.0.0.1 /Payment_Dfpay_add.html
INFO: [ app_init ] --START--
INFO: Run Behavior\BuildLiteBehavior [ RunTime:0.000007s ]
INFO: [ app_init ] --END-- [ RunTime:0.000038s ]
INFO: [ app_begin ] --START--
INFO: Run Behavior\ReadHtmlCacheBehavior [ RunTime:0.000801s ]
INFO: Run Behavior\CheckLangBehavior [ RunTime:0.001117s ]
INFO: [ app_begin ] --END-- [ RunTime:0.001965s ]
SQL: SHOW COLUMNS FROM `pay_websiteconfig` [ RunTime:0.0012s ]
SQL: SELECT * FROM `pay_websiteconfig` LIMIT 1   [ RunTime:0.0004s ]
SQL: SHOW COLUMNS FROM `pay_member` [ RunTime:0.0009s ]
SQL: SELECT * FROM `pay_member` WHERE `id` = 90 LIMIT 1   [ RunTime:0.0006s ]

[ 2018-11-05T08:31:10+08:00 ] 127.0.0.1 /Payment_Dfpay_add.html
INFO: [ app_init ] --START--
INFO: Run Behavior\BuildLiteBehavior [ RunTime:0.000005s ]
INFO: [ app_init ] --END-- [ RunTime:0.000030s ]
INFO: [ app_begin ] --START--
INFO: Run Behavior\ReadHtmlCacheBehavior [ RunTime:0.000807s ]
INFO: Run Behavior\CheckLangBehavior [ RunTime:0.001176s ]
INFO: [ app_begin ] --END-- [ RunTime:0.002028s ]
SQL: SHOW COLUMNS FROM `pay_websiteconfig` [ RunTime:0.0021s ]
SQL: SELECT * FROM `pay_websiteconfig` LIMIT 1   [ RunTime:0.0006s ]
SQL: SHOW COLUMNS FROM `pay_member` [ RunTime:0.0008s ]
SQL: SELECT * FROM `pay_member` WHERE `id` = 90 LIMIT 1   [ RunTime:0.0004s ]
SQL: SELECT * FROM `pay_member` WHERE `id` = 89 LIMIT 1   [ RunTime:0.0004s ]

[ 2018-11-05T08:31:44+08:00 ] 127.0.0.1 /Payment_Dfpay_add.html
INFO: [ app_init ] --START--
INFO: Run Behavior\BuildLiteBehavior [ RunTime:0.000004s ]
INFO: [ app_init ] --END-- [ RunTime:0.000026s ]
INFO: [ app_begin ] --START--
INFO: Run Behavior\ReadHtmlCacheBehavior [ RunTime:0.001021s ]
INFO: Run Behavior\CheckLangBehavior [ RunTime:0.001663s ]
INFO: [ app_begin ] --END-- [ RunTime:0.002790s ]
SQL: SHOW COLUMNS FROM `pay_websiteconfig` [ RunTime:0.0080s ]
SQL: SELECT * FROM `pay_websiteconfig` LIMIT 1   [ RunTime:0.0005s ]
SQL: SHOW COLUMNS FROM `pay_member` [ RunTime:0.0026s ]
SQL: SELECT * FROM `pay_member` WHERE `id` = 90 LIMIT 1   [ RunTime:0.0013s ]
SQL: SELECT * FROM `pay_member` WHERE `id` = 89 LIMIT 1   [ RunTime:0.0006s ]
SQL: SELECT * FROM `pay_member` WHERE `id` = 88 LIMIT 1   [ RunTime:0.0004s ]

[ 2018-11-05T08:34:38+08:00 ] 127.0.0.1 /Payment_Dfpay_add.html
INFO: [ app_init ] --START--
INFO: Run Behavior\BuildLiteBehavior [ RunTime:0.000004s ]
INFO: [ app_init ] --END-- [ RunTime:0.000025s ]
INFO: [ app_begin ] --START--
INFO: Run Behavior\ReadHtmlCacheBehavior [ RunTime:0.001906s ]
INFO: Run Behavior\CheckLangBehavior [ RunTime:0.001751s ]
INFO: [ app_begin ] --END-- [ RunTime:0.003715s ]
SQL: SHOW COLUMNS FROM `pay_websiteconfig` [ RunTime:0.0009s ]
SQL: SELECT * FROM `pay_websiteconfig` LIMIT 1   [ RunTime:0.0004s ]
SQL: SHOW COLUMNS FROM `pay_member` [ RunTime:0.0008s ]
SQL: SELECT * FROM `pay_member` WHERE `id` = 90 LIMIT 1   [ RunTime:0.0004s ]
SQL: SELECT * FROM `pay_member` WHERE `id` = 89 LIMIT 1   [ RunTime:0.0004s ]
SQL: SELECT * FROM `pay_member` WHERE `id` = 88 LIMIT 1   [ RunTime:0.0004s ]

[ 2018-11-05T08:44:44+08:00 ] 127.0.0.1 /Payment_Dfpay_add.html
INFO: [ app_init ] --START--
INFO: Run Behavior\BuildLiteBehavior [ RunTime:0.000007s ]
INFO: [ app_init ] --END-- [ RunTime:0.000039s ]
INFO: [ app_begin ] --START--
INFO: Run Behavior\ReadHtmlCacheBehavior [ RunTime:0.000803s ]
INFO: Run Behavior\CheckLangBehavior [ RunTime:0.002579s ]
INFO: [ app_begin ] --END-- [ RunTime:0.003553s ]
SQL: SHOW COLUMNS FROM `pay_websiteconfig` [ RunTime:0.0008s ]
SQL: SELECT * FROM `pay_websiteconfig` LIMIT 1   [ RunTime:0.0004s ]
SQL: SHOW COLUMNS FROM `pay_member` [ RunTime:0.0007s ]
SQL: SELECT * FROM `pay_member` WHERE `id` = 90 LIMIT 1   [ RunTime:0.0004s ]
SQL: SHOW COLUMNS FROM `pay_df_api_order` [ RunTime:0.0007s ]
SQL: SELECT COUNT(*) AS tp_count FROM `pay_df_api_order` WHERE `out_trade_no` = '20181105002953' AND `userid` = 90 LIMIT 1   [ RunTime:0.0005s ]
SQL: SHOW COLUMNS FROM `pay_pay_for_another` [ RunTime:0.0007s ]
SQL: SELECT `id` FROM `pay_pay_for_another` WHERE `status` = 1  [ RunTime:0.0021s ]
SQL: SHOW COLUMNS FROM `pay_pay_channel_extend_fields` [ RunTime:0.0010s ]
SQL: SELECT * FROM `pay_pay_channel_extend_fields` WHERE `channel_id` IN ('2')  [ RunTime:0.0170s ]
NOTIC: [8] Undefined index: HTTP_X_REAL_IP C:\work\juhe\core\Common\functions.php 第 1456 行.
SQL: INSERT INTO `pay_df_api_order` (`userid`,`trade_no`,`out_trade_no`,`money`,`bankname`,`subbranch`,`accountname`,`cardnumber`,`province`,`city`,`ip`,`check_status`,`extends`,`create_time`) VALUES ('90','H1105786843653925','20181105002953','100','10','10','10','10','10','10','127.0.0.1','1','{\"lhh\":\"10\"}','1541378684') [ RunTime:0.0014s ]
SQL: SHOW COLUMNS FROM `pay_member` [ RunTime:0.0008s ]
SQL: SELECT * FROM `pay_member` WHERE `id` = 90 LIMIT 1   FOR UPDATE  [ RunTime:0.0004s ]
SQL: SHOW COLUMNS FROM `pay_tikuanholiday` [ RunTime:0.0005s ]
SQL: SELECT `datetime` FROM `pay_tikuanholiday` LIMIT 366   [ RunTime:0.0003s ]
SQL: SHOW COLUMNS FROM `pay_tikuanconfig` [ RunTime:0.0006s ]
SQL: SELECT * FROM `pay_tikuanconfig` WHERE `userid` = 90 AND `tkzt` = 1 LIMIT 1   [ RunTime:0.0003s ]
SQL: SELECT * FROM `pay_tikuanconfig` WHERE `issystem` = 1 AND `tkzt` = 1 LIMIT 1   [ RunTime:0.0003s ]
SQL: SHOW COLUMNS FROM `pay_tklist` [ RunTime:0.0015s ]
SQL: SELECT COUNT(*) AS tp_count FROM `pay_tklist` WHERE `userid` = 90 AND `sqdatetime` BETWEEN '2018-11-05 00:00:00' AND '2018-11-05 23:59:59' LIMIT 1   [ RunTime:0.0003s ]
SQL: SELECT SUM(tkmoney) AS tp_sum FROM `pay_tklist` WHERE `userid` = 90 AND `sqdatetime` BETWEEN '2018-11-05 00:00:00' AND '2018-11-05 23:59:59' LIMIT 1   [ RunTime:0.0003s ]
SQL: SHOW COLUMNS FROM `pay_wttklist` [ RunTime:0.0007s ]
SQL: SELECT COUNT(*) AS tp_count FROM `pay_wttklist` WHERE `userid` = 90 AND `sqdatetime` BETWEEN '2018-11-05 00:00:00' AND '2018-11-05 23:59:59' LIMIT 1   [ RunTime:0.0004s ]
SQL: SELECT SUM(tkmoney) AS tp_sum FROM `pay_wttklist` WHERE `userid` = 90 AND `sqdatetime` BETWEEN '2018-11-05 00:00:00' AND '2018-11-05 23:59:59' LIMIT 1   [ RunTime:0.0003s ]
SQL: UPDATE `pay_member` SET `balance`='8260.00' WHERE `id` = 90 [ RunTime:0.0038s ]
SQL: INSERT INTO `pay_wttklist` (`orderid`,`bankname`,`bankzhiname`,`banknumber`,`bankfullname`,`sheng`,`shi`,`userid`,`sqdatetime`,`status`,`t`,`tkmoney`,`sxfmoney`,`money`,`additional`,`out_trade_no`,`df_api_id`,`extends`) VALUES ('H1105786843747495','10','10','10','10','10','10','90','2018-11-05 08:44:44','0','0','100','5','100','','20181105002953','3','{\"lhh\":\"10\"}') [ RunTime:0.0008s ]
SQL: UPDATE `pay_df_api_order` SET `df_id`='3',`check_status`='1',`check_time`='1541378684' WHERE `check_status` = 1 AND `userid` = 90 AND `id` = 3 [ RunTime:0.0015s ]
SQL: SHOW COLUMNS FROM `pay_moneychange` [ RunTime:0.0007s ]
SQL: INSERT INTO `pay_moneychange` (`userid`,`ymoney`,`money`,`gmoney`,`datetime`,`transid`,`orderid`,`lx`,`contentstr`) VALUES ('90','8365.0000','100','8260.00','2018-11-05 08:44:44','H1105786843747495','H1105786843747495','6','2018-11-05 08:44:44委托提现操作') [ RunTime:0.0006s ]
SQL: SELECT * FROM `pay_member` WHERE `id` = 90 LIMIT 1   [ RunTime:0.0004s ]
SQL: SELECT * FROM `pay_member` WHERE `id` = 89 LIMIT 1   [ RunTime:0.0004s ]
SQL: UPDATE `pay_member` SET `balance`='17.1502' WHERE `id` = 89 [ RunTime:0.0003s ]
SQL: INSERT INTO `pay_moneychange` (`userid`,`ymoney`,`money`,`gmoney`,`datetime`,`transid`,`orderid`,`lx`,`contentstr`) VALUES ('89','12.1502','5','17.1502','2018-11-05 08:44:44','H1105786843747495','H1105786843747495','10','2018-11-05 08:44:44委托提现操作手续费') [ RunTime:0.0003s ]

[ 2018-11-05T08:46:55+08:00 ] 127.0.0.1 /Payment_Dfpay_add.html
INFO: [ app_init ] --START--
INFO: Run Behavior\BuildLiteBehavior [ RunTime:0.000007s ]
INFO: [ app_init ] --END-- [ RunTime:0.000035s ]
INFO: [ app_begin ] --START--
INFO: Run Behavior\ReadHtmlCacheBehavior [ RunTime:0.000796s ]
INFO: Run Behavior\CheckLangBehavior [ RunTime:0.001195s ]
INFO: [ app_begin ] --END-- [ RunTime:0.002024s ]
SQL: SHOW COLUMNS FROM `pay_websiteconfig` [ RunTime:0.0008s ]
SQL: SELECT * FROM `pay_websiteconfig` LIMIT 1   [ RunTime:0.0014s ]
SQL: SHOW COLUMNS FROM `pay_member` [ RunTime:0.0021s ]
SQL: SELECT * FROM `pay_member` WHERE `id` = 90 LIMIT 1   [ RunTime:0.0007s ]
SQL: SHOW COLUMNS FROM `pay_df_api_order` [ RunTime:0.0008s ]
SQL: SELECT COUNT(*) AS tp_count FROM `pay_df_api_order` WHERE `out_trade_no` = '20181105004655' AND `userid` = 90 LIMIT 1   [ RunTime:0.0006s ]
SQL: SHOW COLUMNS FROM `pay_pay_for_another` [ RunTime:0.0007s ]
SQL: SELECT `id` FROM `pay_pay_for_another` WHERE `status` = 1  [ RunTime:0.0002s ]
SQL: SHOW COLUMNS FROM `pay_pay_channel_extend_fields` [ RunTime:0.0082s ]
SQL: SELECT * FROM `pay_pay_channel_extend_fields` WHERE `channel_id` IN ('2')  [ RunTime:0.0006s ]
NOTIC: [8] Undefined index: HTTP_X_REAL_IP C:\work\juhe\core\Common\functions.php 第 1456 行.
SQL: INSERT INTO `pay_df_api_order` (`userid`,`trade_no`,`out_trade_no`,`money`,`bankname`,`subbranch`,`accountname`,`cardnumber`,`province`,`city`,`ip`,`check_status`,`extends`,`create_time`) VALUES ('90','H1105788157561359','20181105004655','100','10','10','10','10','10','10','127.0.0.1','1','{\"lhh\":\"10\"}','1541378815') [ RunTime:0.0014s ]
SQL: SHOW COLUMNS FROM `pay_member` [ RunTime:0.0068s ]
SQL: SELECT * FROM `pay_member` WHERE `id` = 90 LIMIT 1   FOR UPDATE  [ RunTime:0.0004s ]
SQL: SHOW COLUMNS FROM `pay_tikuanholiday` [ RunTime:0.0005s ]
SQL: SELECT `datetime` FROM `pay_tikuanholiday` LIMIT 366   [ RunTime:0.0003s ]
SQL: SHOW COLUMNS FROM `pay_tikuanconfig` [ RunTime:0.0006s ]
SQL: SELECT * FROM `pay_tikuanconfig` WHERE `userid` = 90 AND `tkzt` = 1 LIMIT 1   [ RunTime:0.0003s ]
SQL: SELECT * FROM `pay_tikuanconfig` WHERE `issystem` = 1 AND `tkzt` = 1 LIMIT 1   [ RunTime:0.0003s ]
SQL: SHOW COLUMNS FROM `pay_tklist` [ RunTime:0.0006s ]
SQL: SELECT COUNT(*) AS tp_count FROM `pay_tklist` WHERE `userid` = 90 AND `sqdatetime` BETWEEN '2018-11-05 00:00:00' AND '2018-11-05 23:59:59' LIMIT 1   [ RunTime:0.0003s ]
SQL: SELECT SUM(tkmoney) AS tp_sum FROM `pay_tklist` WHERE `userid` = 90 AND `sqdatetime` BETWEEN '2018-11-05 00:00:00' AND '2018-11-05 23:59:59' LIMIT 1   [ RunTime:0.0003s ]
SQL: SHOW COLUMNS FROM `pay_wttklist` [ RunTime:0.0006s ]
SQL: SELECT COUNT(*) AS tp_count FROM `pay_wttklist` WHERE `userid` = 90 AND `sqdatetime` BETWEEN '2018-11-05 00:00:00' AND '2018-11-05 23:59:59' LIMIT 1   [ RunTime:0.0003s ]
SQL: SELECT SUM(tkmoney) AS tp_sum FROM `pay_wttklist` WHERE `userid` = 90 AND `sqdatetime` BETWEEN '2018-11-05 00:00:00' AND '2018-11-05 23:59:59' LIMIT 1   [ RunTime:0.0003s ]
SQL: UPDATE `pay_member` SET `balance`='8155.00' WHERE `id` = 90 [ RunTime:0.0004s ]
SQL: INSERT INTO `pay_wttklist` (`orderid`,`bankname`,`bankzhiname`,`banknumber`,`bankfullname`,`sheng`,`shi`,`userid`,`sqdatetime`,`status`,`t`,`tkmoney`,`sxfmoney`,`money`,`additional`,`out_trade_no`,`df_api_id`,`extends`) VALUES ('H1105788157707141','10','10','10','10','10','10','90','2018-11-05 08:46:55','0','0','100','5','100','','20181105004655','4','{\"lhh\":\"10\"}') [ RunTime:0.0004s ]
SQL: UPDATE `pay_df_api_order` SET `df_id`='4',`check_status`='1',`check_time`='1541378815' WHERE `check_status` = 1 AND `userid` = 90 AND `id` = 4 [ RunTime:0.0011s ]
SQL: SHOW COLUMNS FROM `pay_moneychange` [ RunTime:0.0068s ]
SQL: INSERT INTO `pay_moneychange` (`userid`,`ymoney`,`money`,`gmoney`,`datetime`,`transid`,`orderid`,`lx`,`contentstr`) VALUES ('90','8260.0000','100','8155.00','2018-11-05 08:46:55','H1105788157707141','H1105788157707141','6','2018-11-05 08:46:55委托提现操作') [ RunTime:0.0004s ]
SQL: SELECT * FROM `pay_member` WHERE `id` = 90 LIMIT 1   [ RunTime:0.0004s ]
SQL: SELECT * FROM `pay_member` WHERE `id` = 89 LIMIT 1   [ RunTime:0.0003s ]
SQL: UPDATE `pay_member` SET `balance`='22.1502' WHERE `id` = 89 [ RunTime:0.0003s ]
SQL: INSERT INTO `pay_moneychange` (`userid`,`ymoney`,`money`,`gmoney`,`datetime`,`transid`,`orderid`,`lx`,`contentstr`) VALUES ('89','17.1502','5','22.1502','2018-11-05 08:46:55','H1105788157707141','H1105788157707141','10','2018-11-05 08:46:55委托提现操作手续费') [ RunTime:0.0003s ]

[ 2018-11-05T08:49:03+08:00 ] 127.0.0.1 /Payment_Dfpay_add.html
INFO: [ app_init ] --START--
INFO: Run Behavior\BuildLiteBehavior [ RunTime:0.000006s ]
INFO: [ app_init ] --END-- [ RunTime:0.000027s ]
INFO: [ app_begin ] --START--
INFO: Run Behavior\ReadHtmlCacheBehavior [ RunTime:0.002551s ]
INFO: Run Behavior\CheckLangBehavior [ RunTime:0.002195s ]
INFO: [ app_begin ] --END-- [ RunTime:0.004928s ]
SQL: SHOW COLUMNS FROM `pay_websiteconfig` [ RunTime:0.0007s ]
SQL: SELECT * FROM `pay_websiteconfig` LIMIT 1   [ RunTime:0.0004s ]
SQL: SHOW COLUMNS FROM `pay_member` [ RunTime:0.0006s ]
SQL: SELECT * FROM `pay_member` WHERE `id` = 90 LIMIT 1   [ RunTime:0.0004s ]
SQL: SHOW COLUMNS FROM `pay_df_api_order` [ RunTime:0.0016s ]
SQL: SELECT COUNT(*) AS tp_count FROM `pay_df_api_order` WHERE `out_trade_no` = '20181105004903' AND `userid` = 90 LIMIT 1   [ RunTime:0.0005s ]
SQL: SHOW COLUMNS FROM `pay_pay_for_another` [ RunTime:0.0018s ]
SQL: SELECT `id` FROM `pay_pay_for_another` WHERE `status` = 1  [ RunTime:0.0059s ]
SQL: SHOW COLUMNS FROM `pay_pay_channel_extend_fields` [ RunTime:0.0007s ]
SQL: SELECT * FROM `pay_pay_channel_extend_fields` WHERE `channel_id` IN ('2')  [ RunTime:0.0003s ]
NOTIC: [8] Undefined index: HTTP_X_REAL_IP C:\work\juhe\core\Common\functions.php 第 1456 行.
SQL: INSERT INTO `pay_df_api_order` (`userid`,`trade_no`,`out_trade_no`,`money`,`bankname`,`subbranch`,`accountname`,`cardnumber`,`province`,`city`,`ip`,`check_status`,`extends`,`create_time`) VALUES ('90','H1105789437724326','20181105004903','100','10','10','10','10','10','10','127.0.0.1','1','{\"lhh\":\"10\"}','1541378943') [ RunTime:0.0006s ]
SQL: SHOW COLUMNS FROM `pay_member` [ RunTime:0.0007s ]
SQL: SELECT * FROM `pay_member` WHERE `id` = 90 LIMIT 1   FOR UPDATE  [ RunTime:0.0004s ]
SQL: SHOW COLUMNS FROM `pay_tikuanholiday` [ RunTime:0.0005s ]
SQL: SELECT `datetime` FROM `pay_tikuanholiday` LIMIT 366   [ RunTime:0.0003s ]
SQL: SHOW COLUMNS FROM `pay_tikuanconfig` [ RunTime:0.0006s ]
SQL: SELECT * FROM `pay_tikuanconfig` WHERE `userid` = 90 AND `tkzt` = 1 LIMIT 1   [ RunTime:0.0003s ]
SQL: SELECT * FROM `pay_tikuanconfig` WHERE `issystem` = 1 AND `tkzt` = 1 LIMIT 1   [ RunTime:0.0002s ]
SQL: SHOW COLUMNS FROM `pay_tklist` [ RunTime:0.0005s ]
SQL: SELECT COUNT(*) AS tp_count FROM `pay_tklist` WHERE `userid` = 90 AND `sqdatetime` BETWEEN '2018-11-05 00:00:00' AND '2018-11-05 23:59:59' LIMIT 1   [ RunTime:0.0003s ]
SQL: SELECT SUM(tkmoney) AS tp_sum FROM `pay_tklist` WHERE `userid` = 90 AND `sqdatetime` BETWEEN '2018-11-05 00:00:00' AND '2018-11-05 23:59:59' LIMIT 1   [ RunTime:0.0002s ]
SQL: SHOW COLUMNS FROM `pay_wttklist` [ RunTime:0.0006s ]
SQL: SELECT COUNT(*) AS tp_count FROM `pay_wttklist` WHERE `userid` = 90 AND `sqdatetime` BETWEEN '2018-11-05 00:00:00' AND '2018-11-05 23:59:59' LIMIT 1   [ RunTime:0.0003s ]
SQL: SELECT SUM(tkmoney) AS tp_sum FROM `pay_wttklist` WHERE `userid` = 90 AND `sqdatetime` BETWEEN '2018-11-05 00:00:00' AND '2018-11-05 23:59:59' LIMIT 1   [ RunTime:0.0003s ]
SQL: UPDATE `pay_member` SET `balance`='8050.00' WHERE `id` = 90 [ RunTime:0.0009s ]
SQL: INSERT INTO `pay_wttklist` (`orderid`,`bankname`,`bankzhiname`,`banknumber`,`bankfullname`,`sheng`,`shi`,`userid`,`sqdatetime`,`status`,`t`,`tkmoney`,`sxfmoney`,`money`,`additional`,`out_trade_no`,`df_api_id`,`extends`) VALUES ('H1105789437794414','10','10','10','10','10','10','90','2018-11-05 08:49:03','0','0','100','5','100','','20181105004903','5','{\"lhh\":\"10\"}') [ RunTime:0.0008s ]
SQL: UPDATE `pay_df_api_order` SET `df_id`='5',`check_status`='1',`check_time`='1541378943' WHERE `check_status` = 1 AND `userid` = 90 AND `id` = 5 [ RunTime:0.0015s ]
SQL: SHOW COLUMNS FROM `pay_moneychange` [ RunTime:0.0013s ]
SQL: INSERT INTO `pay_moneychange` (`userid`,`ymoney`,`money`,`gmoney`,`datetime`,`transid`,`orderid`,`lx`,`contentstr`) VALUES ('90','8155.0000','100','8050.00','2018-11-05 08:49:03','H1105789437794414','H1105789437794414','6','2018-11-05 08:49:03委托提现操作') [ RunTime:0.0005s ]
SQL: SELECT * FROM `pay_member` WHERE `id` = 90 LIMIT 1   [ RunTime:0.0005s ]
SQL: SELECT * FROM `pay_member` WHERE `id` = 89 LIMIT 1   [ RunTime:0.0004s ]
SQL: UPDATE `pay_member` SET `balance`='27.1502' WHERE `id` = 89 [ RunTime:0.0003s ]
SQL: INSERT INTO `pay_moneychange` (`userid`,`ymoney`,`money`,`gmoney`,`datetime`,`transid`,`orderid`,`lx`,`contentstr`) VALUES ('89','22.1502','5','27.1502','2018-11-05 08:49:03','H1105789437794414','H1105789437794414','10','2018-11-05 08:49:03委托提现操作手续费') [ RunTime:0.0003s ]

[ 2018-11-05T08:49:42+08:00 ] 127.0.0.1 /Payment_Dfpay_add.html
INFO: [ app_init ] --START--
INFO: Run Behavior\BuildLiteBehavior [ RunTime:0.000007s ]
INFO: [ app_init ] --END-- [ RunTime:0.000031s ]
INFO: [ app_begin ] --START--
INFO: Run Behavior\ReadHtmlCacheBehavior [ RunTime:0.000752s ]
INFO: Run Behavior\CheckLangBehavior [ RunTime:0.001257s ]
INFO: [ app_begin ] --END-- [ RunTime:0.002056s ]
SQL: SHOW COLUMNS FROM `pay_websiteconfig` [ RunTime:0.0009s ]
SQL: SELECT * FROM `pay_websiteconfig` LIMIT 1   [ RunTime:0.0005s ]
SQL: SHOW COLUMNS FROM `pay_member` [ RunTime:0.0007s ]
SQL: SELECT * FROM `pay_member` WHERE `id` = 90 LIMIT 1   [ RunTime:0.0004s ]
SQL: SHOW COLUMNS FROM `pay_df_api_order` [ RunTime:0.0014s ]
SQL: SELECT COUNT(*) AS tp_count FROM `pay_df_api_order` WHERE `out_trade_no` = '20181105004942' AND `userid` = 90 LIMIT 1   [ RunTime:0.0004s ]
SQL: SHOW COLUMNS FROM `pay_pay_for_another` [ RunTime:0.0006s ]
SQL: SELECT `id` FROM `pay_pay_for_another` WHERE `status` = 1  [ RunTime:0.0003s ]
SQL: SHOW COLUMNS FROM `pay_pay_channel_extend_fields` [ RunTime:0.0005s ]
SQL: SELECT * FROM `pay_pay_channel_extend_fields` WHERE `channel_id` IN ('2')  [ RunTime:0.0003s ]
NOTIC: [8] Undefined index: HTTP_X_REAL_IP C:\work\juhe\core\Common\functions.php 第 1456 行.
SQL: INSERT INTO `pay_df_api_order` (`userid`,`trade_no`,`out_trade_no`,`money`,`bankname`,`subbranch`,`accountname`,`cardnumber`,`province`,`city`,`ip`,`check_status`,`extends`,`create_time`) VALUES ('90','H1105789827022906','20181105004942','100','10','10','10','10','10','10','127.0.0.1','1','{\"lhh\":\"10\"}','1541378982') [ RunTime:0.0006s ]
SQL: SHOW COLUMNS FROM `pay_member` [ RunTime:0.0081s ]
SQL: SELECT * FROM `pay_member` WHERE `id` = 90 LIMIT 1   FOR UPDATE  [ RunTime:0.0007s ]
SQL: SHOW COLUMNS FROM `pay_tikuanholiday` [ RunTime:0.0010s ]
SQL: SELECT `datetime` FROM `pay_tikuanholiday` LIMIT 366   [ RunTime:0.0003s ]
SQL: SHOW COLUMNS FROM `pay_tikuanconfig` [ RunTime:0.0007s ]
SQL: SELECT * FROM `pay_tikuanconfig` WHERE `userid` = 90 AND `tkzt` = 1 LIMIT 1   [ RunTime:0.0004s ]
SQL: SELECT * FROM `pay_tikuanconfig` WHERE `issystem` = 1 AND `tkzt` = 1 LIMIT 1   [ RunTime:0.0003s ]
SQL: SHOW COLUMNS FROM `pay_tklist` [ RunTime:0.0005s ]
SQL: SELECT COUNT(*) AS tp_count FROM `pay_tklist` WHERE `userid` = 90 AND `sqdatetime` BETWEEN '2018-11-05 00:00:00' AND '2018-11-05 23:59:59' LIMIT 1   [ RunTime:0.0003s ]
SQL: SELECT SUM(tkmoney) AS tp_sum FROM `pay_tklist` WHERE `userid` = 90 AND `sqdatetime` BETWEEN '2018-11-05 00:00:00' AND '2018-11-05 23:59:59' LIMIT 1   [ RunTime:0.0003s ]
SQL: SHOW COLUMNS FROM `pay_wttklist` [ RunTime:0.0007s ]
SQL: SELECT COUNT(*) AS tp_count FROM `pay_wttklist` WHERE `userid` = 90 AND `sqdatetime` BETWEEN '2018-11-05 00:00:00' AND '2018-11-05 23:59:59' LIMIT 1   [ RunTime:0.0003s ]
SQL: SELECT SUM(tkmoney) AS tp_sum FROM `pay_wttklist` WHERE `userid` = 90 AND `sqdatetime` BETWEEN '2018-11-05 00:00:00' AND '2018-11-05 23:59:59' LIMIT 1   [ RunTime:0.0003s ]
SQL: UPDATE `pay_member` SET `balance`='7945.00' WHERE `id` = 90 [ RunTime:0.0006s ]
SQL: INSERT INTO `pay_wttklist` (`orderid`,`bankname`,`bankzhiname`,`banknumber`,`bankfullname`,`sheng`,`shi`,`userid`,`sqdatetime`,`status`,`t`,`tkmoney`,`sxfmoney`,`money`,`additional`,`out_trade_no`,`df_api_id`,`extends`) VALUES ('H1105789827180599','10','10','10','10','10','10','90','2018-11-05 08:49:42','0','0','100','5','100','','20181105004942','6','{\"lhh\":\"10\"}') [ RunTime:0.0003s ]
SQL: UPDATE `pay_df_api_order` SET `df_id`='6',`check_status`='1',`check_time`='1541378982' WHERE `check_status` = 1 AND `userid` = 90 AND `id` = 6 [ RunTime:0.0003s ]
SQL: SHOW COLUMNS FROM `pay_moneychange` [ RunTime:0.0071s ]
SQL: INSERT INTO `pay_moneychange` (`userid`,`ymoney`,`money`,`gmoney`,`datetime`,`transid`,`orderid`,`lx`,`contentstr`) VALUES ('90','8050.0000','100','7945.00','2018-11-05 08:49:42','H1105789827180599','H1105789827180599','6','2018-11-05 08:49:42委托提现操作') [ RunTime:0.0005s ]
SQL: SELECT * FROM `pay_member` WHERE `id` = 90 LIMIT 1   [ RunTime:0.0006s ]
SQL: SELECT * FROM `pay_member` WHERE `id` = 89 LIMIT 1   [ RunTime:0.0005s ]
SQL: UPDATE `pay_member` SET `balance`='32.1502' WHERE `id` = 89 [ RunTime:0.0004s ]
SQL: INSERT INTO `pay_moneychange` (`userid`,`ymoney`,`money`,`gmoney`,`datetime`,`transid`,`orderid`,`lx`,`contentstr`) VALUES ('89','27.1502','5','32.1502','2018-11-05 08:49:42','H1105789827180599','H1105789827180599','10','2018-11-05 08:49:42委托提现操作手续费') [ RunTime:0.0003s ]

[ 2018-11-05T08:49:58+08:00 ] 127.0.0.1 /Payment_Dfpay_add.html
INFO: [ app_init ] --START--
INFO: Run Behavior\BuildLiteBehavior [ RunTime:0.000005s ]
INFO: [ app_init ] --END-- [ RunTime:0.000032s ]
INFO: [ app_begin ] --START--
INFO: Run Behavior\ReadHtmlCacheBehavior [ RunTime:0.000770s ]
INFO: Run Behavior\CheckLangBehavior [ RunTime:0.001336s ]
INFO: [ app_begin ] --END-- [ RunTime:0.002154s ]
SQL: SHOW COLUMNS FROM `pay_websiteconfig` [ RunTime:0.0006s ]
SQL: SELECT * FROM `pay_websiteconfig` LIMIT 1   [ RunTime:0.0004s ]
SQL: SHOW COLUMNS FROM `pay_member` [ RunTime:0.0008s ]
SQL: SELECT * FROM `pay_member` WHERE `id` = 90 LIMIT 1   [ RunTime:0.0013s ]
SQL: SHOW COLUMNS FROM `pay_df_api_order` [ RunTime:0.0010s ]
SQL: SELECT COUNT(*) AS tp_count FROM `pay_df_api_order` WHERE `out_trade_no` = '20181105004957' AND `userid` = 90 LIMIT 1   [ RunTime:0.0010s ]
SQL: SHOW COLUMNS FROM `pay_pay_for_another` [ RunTime:0.0008s ]
SQL: SELECT `id` FROM `pay_pay_for_another` WHERE `status` = 1  [ RunTime:0.0004s ]
SQL: SHOW COLUMNS FROM `pay_pay_channel_extend_fields` [ RunTime:0.0008s ]
SQL: SELECT * FROM `pay_pay_channel_extend_fields` WHERE `channel_id` IN ('2')  [ RunTime:0.0003s ]
NOTIC: [8] Undefined index: HTTP_X_REAL_IP C:\work\juhe\core\Common\functions.php 第 1456 行.
SQL: INSERT INTO `pay_df_api_order` (`userid`,`trade_no`,`out_trade_no`,`money`,`bankname`,`subbranch`,`accountname`,`cardnumber`,`province`,`city`,`ip`,`check_status`,`extends`,`create_time`) VALUES ('90','H1105789980634209','20181105004957','100','10','10','10','10','10','10','127.0.0.1','1','{\"lhh\":\"10\"}','1541378998') [ RunTime:0.0006s ]
SQL: SHOW COLUMNS FROM `pay_member` [ RunTime:0.0006s ]
SQL: SELECT * FROM `pay_member` WHERE `id` = 90 LIMIT 1   FOR UPDATE  [ RunTime:0.0003s ]
SQL: SHOW COLUMNS FROM `pay_tikuanholiday` [ RunTime:0.0004s ]
SQL: SELECT `datetime` FROM `pay_tikuanholiday` LIMIT 366   [ RunTime:0.0003s ]
SQL: SHOW COLUMNS FROM `pay_tikuanconfig` [ RunTime:0.0005s ]
SQL: SELECT * FROM `pay_tikuanconfig` WHERE `userid` = 90 AND `tkzt` = 1 LIMIT 1   [ RunTime:0.0003s ]
SQL: SELECT * FROM `pay_tikuanconfig` WHERE `issystem` = 1 AND `tkzt` = 1 LIMIT 1   [ RunTime:0.0003s ]
SQL: SHOW COLUMNS FROM `pay_tklist` [ RunTime:0.0006s ]
SQL: SELECT COUNT(*) AS tp_count FROM `pay_tklist` WHERE `userid` = 90 AND `sqdatetime` BETWEEN '2018-11-05 00:00:00' AND '2018-11-05 23:59:59' LIMIT 1   [ RunTime:0.0003s ]
SQL: SELECT SUM(tkmoney) AS tp_sum FROM `pay_tklist` WHERE `userid` = 90 AND `sqdatetime` BETWEEN '2018-11-05 00:00:00' AND '2018-11-05 23:59:59' LIMIT 1   [ RunTime:0.0003s ]
SQL: SHOW COLUMNS FROM `pay_wttklist` [ RunTime:0.0007s ]
SQL: SELECT COUNT(*) AS tp_count FROM `pay_wttklist` WHERE `userid` = 90 AND `sqdatetime` BETWEEN '2018-11-05 00:00:00' AND '2018-11-05 23:59:59' LIMIT 1   [ RunTime:0.0004s ]
SQL: SELECT SUM(tkmoney) AS tp_sum FROM `pay_wttklist` WHERE `userid` = 90 AND `sqdatetime` BETWEEN '2018-11-05 00:00:00' AND '2018-11-05 23:59:59' LIMIT 1   [ RunTime:0.0003s ]
SQL: UPDATE `pay_member` SET `balance`='7840.00' WHERE `id` = 90 [ RunTime:0.0006s ]
SQL: INSERT INTO `pay_wttklist` (`orderid`,`bankname`,`bankzhiname`,`banknumber`,`bankfullname`,`sheng`,`shi`,`userid`,`sqdatetime`,`status`,`t`,`tkmoney`,`sxfmoney`,`money`,`additional`,`out_trade_no`,`df_api_id`,`extends`) VALUES ('H1105789980702783','10','10','10','10','10','10','90','2018-11-05 08:49:58','0','0','100','5','100','','20181105004957','7','{\"lhh\":\"10\"}') [ RunTime:0.0003s ]
SQL: UPDATE `pay_df_api_order` SET `df_id`='7',`check_status`='1',`check_time`='1541378998' WHERE `check_status` = 1 AND `userid` = 90 AND `id` = 7 [ RunTime:0.0003s ]
SQL: SHOW COLUMNS FROM `pay_moneychange` [ RunTime:0.0006s ]
SQL: INSERT INTO `pay_moneychange` (`userid`,`ymoney`,`money`,`gmoney`,`datetime`,`transid`,`orderid`,`lx`,`contentstr`) VALUES ('90','7945.0000','100','7840.00','2018-11-05 08:49:58','H1105789980702783','H1105789980702783','6','2018-11-05 08:49:58委托提现操作') [ RunTime:0.0003s ]
SQL: SELECT * FROM `pay_member` WHERE `id` = 90 LIMIT 1   [ RunTime:0.0011s ]
SQL: SELECT * FROM `pay_member` WHERE `id` = 89 LIMIT 1   [ RunTime:0.0006s ]
SQL: UPDATE `pay_member` SET `balance`='37.1502' WHERE `id` = 89 [ RunTime:0.0014s ]
SQL: INSERT INTO `pay_moneychange` (`userid`,`ymoney`,`money`,`gmoney`,`datetime`,`transid`,`orderid`,`lx`,`contentstr`) VALUES ('89','32.1502','5','37.1502','2018-11-05 08:49:58','H1105789980702783','H1105789980702783','10','2018-11-05 08:49:58委托提现操作手续费') [ RunTime:0.0004s ]

[ 2018-11-05T08:51:02+08:00 ] 127.0.0.1 /Payment_Dfpay_add.html
INFO: [ app_init ] --START--
INFO: Run Behavior\BuildLiteBehavior [ RunTime:0.000005s ]
INFO: [ app_init ] --END-- [ RunTime:0.000031s ]
INFO: [ app_begin ] --START--
INFO: Run Behavior\ReadHtmlCacheBehavior [ RunTime:0.001023s ]
INFO: Run Behavior\CheckLangBehavior [ RunTime:0.001241s ]
INFO: [ app_begin ] --END-- [ RunTime:0.002334s ]
SQL: SHOW COLUMNS FROM `pay_websiteconfig` [ RunTime:0.0006s ]
SQL: SELECT * FROM `pay_websiteconfig` LIMIT 1   [ RunTime:0.0003s ]
SQL: SHOW COLUMNS FROM `pay_member` [ RunTime:0.0006s ]
SQL: SELECT * FROM `pay_member` WHERE `id` = 90 LIMIT 1   [ RunTime:0.0004s ]
SQL: SHOW COLUMNS FROM `pay_df_api_order` [ RunTime:0.0005s ]
SQL: SELECT COUNT(*) AS tp_count FROM `pay_df_api_order` WHERE `out_trade_no` = '20181105005102' AND `userid` = 90 LIMIT 1   [ RunTime:0.0003s ]
SQL: SHOW COLUMNS FROM `pay_pay_for_another` [ RunTime:0.0005s ]
SQL: SELECT `id` FROM `pay_pay_for_another` WHERE `status` = 1  [ RunTime:0.0003s ]
SQL: SHOW COLUMNS FROM `pay_pay_channel_extend_fields` [ RunTime:0.0005s ]
SQL: SELECT * FROM `pay_pay_channel_extend_fields` WHERE `channel_id` IN ('2')  [ RunTime:0.0003s ]
NOTIC: [8] Undefined index: HTTP_X_REAL_IP C:\work\juhe\core\Common\functions.php 第 1456 行.
SQL: INSERT INTO `pay_df_api_order` (`userid`,`trade_no`,`out_trade_no`,`money`,`bankname`,`subbranch`,`accountname`,`cardnumber`,`province`,`city`,`ip`,`check_status`,`extends`,`create_time`) VALUES ('90','H1105790626061024','20181105005102','100','10','10','10','10','10','10','127.0.0.1','1','{\"lhh\":\"10\"}','1541379062') [ RunTime:0.0006s ]
SQL: SHOW COLUMNS FROM `pay_member` [ RunTime:0.0071s ]
SQL: SELECT * FROM `pay_member` WHERE `id` = 90 LIMIT 1   FOR UPDATE  [ RunTime:0.0016s ]
SQL: SHOW COLUMNS FROM `pay_tikuanholiday` [ RunTime:0.0009s ]
SQL: SELECT `datetime` FROM `pay_tikuanholiday` LIMIT 366   [ RunTime:0.0003s ]
SQL: SHOW COLUMNS FROM `pay_tikuanconfig` [ RunTime:0.0008s ]
SQL: SELECT * FROM `pay_tikuanconfig` WHERE `userid` = 90 AND `tkzt` = 1 LIMIT 1   [ RunTime:0.0005s ]
SQL: SELECT * FROM `pay_tikuanconfig` WHERE `issystem` = 1 AND `tkzt` = 1 LIMIT 1   [ RunTime:0.0003s ]
SQL: SHOW COLUMNS FROM `pay_tklist` [ RunTime:0.0007s ]
SQL: SELECT COUNT(*) AS tp_count FROM `pay_tklist` WHERE `userid` = 90 AND `sqdatetime` BETWEEN '2018-11-05 00:00:00' AND '2018-11-05 23:59:59' LIMIT 1   [ RunTime:0.0003s ]
SQL: SELECT SUM(tkmoney) AS tp_sum FROM `pay_tklist` WHERE `userid` = 90 AND `sqdatetime` BETWEEN '2018-11-05 00:00:00' AND '2018-11-05 23:59:59' LIMIT 1   [ RunTime:0.0002s ]
SQL: SHOW COLUMNS FROM `pay_wttklist` [ RunTime:0.0006s ]
SQL: SELECT COUNT(*) AS tp_count FROM `pay_wttklist` WHERE `userid` = 90 AND `sqdatetime` BETWEEN '2018-11-05 00:00:00' AND '2018-11-05 23:59:59' LIMIT 1   [ RunTime:0.0003s ]
SQL: SELECT SUM(tkmoney) AS tp_sum FROM `pay_wttklist` WHERE `userid` = 90 AND `sqdatetime` BETWEEN '2018-11-05 00:00:00' AND '2018-11-05 23:59:59' LIMIT 1   [ RunTime:0.0003s ]
SQL: UPDATE `pay_member` SET `balance`='7735.00' WHERE `id` = 90 [ RunTime:0.0005s ]
SQL: INSERT INTO `pay_wttklist` (`orderid`,`bankname`,`bankzhiname`,`banknumber`,`bankfullname`,`sheng`,`shi`,`userid`,`sqdatetime`,`status`,`t`,`tkmoney`,`sxfmoney`,`money`,`additional`,`out_trade_no`,`df_api_id`,`extends`) VALUES ('H1105790626220718','10','10','10','10','10','10','90','2018-11-05 08:51:02','0','0','100','5','100','','20181105005102','8','{\"lhh\":\"10\"}') [ RunTime:0.0003s ]
SQL: UPDATE `pay_df_api_order` SET `df_id`='8',`check_status`='1',`check_time`='1541379062' WHERE `check_status` = 1 AND `userid` = 90 AND `id` = 8 [ RunTime:0.0003s ]
SQL: SHOW COLUMNS FROM `pay_moneychange` [ RunTime:0.0092s ]
SQL: INSERT INTO `pay_moneychange` (`userid`,`ymoney`,`money`,`gmoney`,`datetime`,`transid`,`orderid`,`lx`,`contentstr`) VALUES ('90','7840.0000','100','7735.00','2018-11-05 08:51:02','H1105790626220718','H1105790626220718','6','2018-11-05 08:51:02委托提现操作') [ RunTime:0.0008s ]

[ 2018-11-05T08:53:11+08:00 ] 127.0.0.1 /Payment_Dfpay_add.html
INFO: [ app_init ] --START--
INFO: Run Behavior\BuildLiteBehavior [ RunTime:0.000007s ]
INFO: [ app_init ] --END-- [ RunTime:0.000035s ]
INFO: [ app_begin ] --START--
INFO: Run Behavior\ReadHtmlCacheBehavior [ RunTime:0.000855s ]
INFO: Run Behavior\CheckLangBehavior [ RunTime:0.001241s ]
INFO: [ app_begin ] --END-- [ RunTime:0.002135s ]
SQL: SHOW COLUMNS FROM `pay_websiteconfig` [ RunTime:0.0010s ]
SQL: SELECT * FROM `pay_websiteconfig` LIMIT 1   [ RunTime:0.0008s ]
SQL: SHOW COLUMNS FROM `pay_member` [ RunTime:0.0008s ]
SQL: SELECT * FROM `pay_member` WHERE `id` = 90 LIMIT 1   [ RunTime:0.0006s ]
SQL: SHOW COLUMNS FROM `pay_df_api_order` [ RunTime:0.0025s ]
SQL: SELECT COUNT(*) AS tp_count FROM `pay_df_api_order` WHERE `out_trade_no` = '20181105005311' AND `userid` = 90 LIMIT 1   [ RunTime:0.0004s ]
SQL: SHOW COLUMNS FROM `pay_pay_for_another` [ RunTime:0.0007s ]
SQL: SELECT `id` FROM `pay_pay_for_another` WHERE `status` = 1  [ RunTime:0.0003s ]
SQL: SHOW COLUMNS FROM `pay_pay_channel_extend_fields` [ RunTime:0.0005s ]
SQL: SELECT * FROM `pay_pay_channel_extend_fields` WHERE `channel_id` IN ('2')  [ RunTime:0.0003s ]
NOTIC: [8] Undefined index: HTTP_X_REAL_IP C:\work\juhe\core\Common\functions.php 第 1456 行.
SQL: INSERT INTO `pay_df_api_order` (`userid`,`trade_no`,`out_trade_no`,`money`,`bankname`,`subbranch`,`accountname`,`cardnumber`,`province`,`city`,`ip`,`check_status`,`extends`,`create_time`) VALUES ('90','H1105791916958624','20181105005311','100','10','10','10','10','10','10','127.0.0.1','1','{\"lhh\":\"10\"}','1541379191') [ RunTime:0.0007s ]
SQL: SHOW COLUMNS FROM `pay_member` [ RunTime:0.0006s ]
SQL: SELECT * FROM `pay_member` WHERE `id` = 90 LIMIT 1   [ RunTime:0.0003s ]

[ 2018-11-05T08:53:24+08:00 ] 127.0.0.1 /Payment_Dfpay_add.html
INFO: [ app_init ] --START--
INFO: Run Behavior\BuildLiteBehavior [ RunTime:0.000013s ]
INFO: [ app_init ] --END-- [ RunTime:0.000065s ]
INFO: [ app_begin ] --START--
INFO: Run Behavior\ReadHtmlCacheBehavior [ RunTime:0.000774s ]
INFO: Run Behavior\CheckLangBehavior [ RunTime:0.002080s ]
INFO: [ app_begin ] --END-- [ RunTime:0.002904s ]
SQL: SHOW COLUMNS FROM `pay_websiteconfig` [ RunTime:0.0009s ]
SQL: SELECT * FROM `pay_websiteconfig` LIMIT 1   [ RunTime:0.0005s ]
SQL: SHOW COLUMNS FROM `pay_member` [ RunTime:0.0011s ]
SQL: SELECT * FROM `pay_member` WHERE `id` = 90 LIMIT 1   [ RunTime:0.0004s ]
SQL: SHOW COLUMNS FROM `pay_df_api_order` [ RunTime:0.0017s ]
SQL: SELECT COUNT(*) AS tp_count FROM `pay_df_api_order` WHERE `out_trade_no` = '20181105005324' AND `userid` = 90 LIMIT 1   [ RunTime:0.0004s ]
SQL: SHOW COLUMNS FROM `pay_pay_for_another` [ RunTime:0.0006s ]
SQL: SELECT `id` FROM `pay_pay_for_another` WHERE `status` = 1  [ RunTime:0.0002s ]
SQL: SHOW COLUMNS FROM `pay_pay_channel_extend_fields` [ RunTime:0.0006s ]
SQL: SELECT * FROM `pay_pay_channel_extend_fields` WHERE `channel_id` IN ('2')  [ RunTime:0.0003s ]
NOTIC: [8] Undefined index: HTTP_X_REAL_IP C:\work\juhe\core\Common\functions.php 第 1456 行.
SQL: INSERT INTO `pay_df_api_order` (`userid`,`trade_no`,`out_trade_no`,`money`,`bankname`,`subbranch`,`accountname`,`cardnumber`,`province`,`city`,`ip`,`check_status`,`extends`,`create_time`) VALUES ('90','H1105792049143483','20181105005324','100','10','10','10','10','10','10','127.0.0.1','1','{\"lhh\":\"10\"}','1541379204') [ RunTime:0.0007s ]
SQL: SHOW COLUMNS FROM `pay_member` [ RunTime:0.0007s ]
SQL: SELECT * FROM `pay_member` WHERE `id` = 90 LIMIT 1   [ RunTime:0.0004s ]

[ 2018-11-05T08:53:41+08:00 ] 127.0.0.1 /Payment_Dfpay_add.html
INFO: [ app_init ] --START--
INFO: Run Behavior\BuildLiteBehavior [ RunTime:0.000005s ]
INFO: [ app_init ] --END-- [ RunTime:0.000025s ]
INFO: [ app_begin ] --START--
INFO: Run Behavior\ReadHtmlCacheBehavior [ RunTime:0.000707s ]
INFO: Run Behavior\CheckLangBehavior [ RunTime:0.001086s ]
INFO: [ app_begin ] --END-- [ RunTime:0.001831s ]
SQL: SHOW COLUMNS FROM `pay_websiteconfig` [ RunTime:0.0009s ]
SQL: SELECT * FROM `pay_websiteconfig` LIMIT 1   [ RunTime:0.0004s ]
SQL: SHOW COLUMNS FROM `pay_member` [ RunTime:0.0006s ]
SQL: SELECT * FROM `pay_member` WHERE `id` = 90 LIMIT 1   [ RunTime:0.0003s ]
SQL: SHOW COLUMNS FROM `pay_df_api_order` [ RunTime:0.0005s ]
SQL: SELECT COUNT(*) AS tp_count FROM `pay_df_api_order` WHERE `out_trade_no` = '20181105005324' AND `userid` = 90 LIMIT 1   [ RunTime:0.0003s ]
SQL: SHOW COLUMNS FROM `pay_pay_for_another` [ RunTime:0.0005s ]
SQL: SELECT `id` FROM `pay_pay_for_another` WHERE `status` = 1  [ RunTime:0.0002s ]
SQL: SHOW COLUMNS FROM `pay_pay_channel_extend_fields` [ RunTime:0.0004s ]
SQL: SELECT * FROM `pay_pay_channel_extend_fields` WHERE `channel_id` IN ('2')  [ RunTime:0.0003s ]
NOTIC: [8] Undefined index: HTTP_X_REAL_IP C:\work\juhe\core\Common\functions.php 第 1456 行.
SQL: INSERT INTO `pay_df_api_order` (`userid`,`trade_no`,`out_trade_no`,`money`,`bankname`,`subbranch`,`accountname`,`cardnumber`,`province`,`city`,`ip`,`check_status`,`extends`,`create_time`) VALUES ('90','H1105792213281540','20181105005324','100','10','10','10','10','10','10','127.0.0.1','1','{\"lhh\":\"10\"}','1541379221') [ RunTime:0.0018s ]
SQL: SHOW COLUMNS FROM `pay_member` [ RunTime:0.0074s ]
SQL: SELECT * FROM `pay_member` WHERE `id` = 90 LIMIT 1   [ RunTime:0.0008s ]
SQL: SELECT * FROM `pay_member` WHERE `id` = 89 LIMIT 1   [ RunTime:0.0015s ]

[ 2018-11-05T08:53:55+08:00 ] 127.0.0.1 /Payment_Dfpay_add.html
INFO: [ app_init ] --START--
INFO: Run Behavior\BuildLiteBehavior [ RunTime:0.000008s ]
INFO: [ app_init ] --END-- [ RunTime:0.000041s ]
INFO: [ app_begin ] --START--
INFO: Run Behavior\ReadHtmlCacheBehavior [ RunTime:0.000713s ]
INFO: Run Behavior\CheckLangBehavior [ RunTime:0.001111s ]
INFO: [ app_begin ] --END-- [ RunTime:0.001860s ]
SQL: SHOW COLUMNS FROM `pay_websiteconfig` [ RunTime:0.0007s ]
SQL: SELECT * FROM `pay_websiteconfig` LIMIT 1   [ RunTime:0.0004s ]
SQL: SHOW COLUMNS FROM `pay_member` [ RunTime:0.0006s ]
SQL: SELECT * FROM `pay_member` WHERE `id` = 90 LIMIT 1   [ RunTime:0.0004s ]
SQL: SHOW COLUMNS FROM `pay_df_api_order` [ RunTime:0.0005s ]
SQL: SELECT COUNT(*) AS tp_count FROM `pay_df_api_order` WHERE `out_trade_no` = '20181105005324' AND `userid` = 90 LIMIT 1   [ RunTime:0.0003s ]
SQL: SHOW COLUMNS FROM `pay_pay_for_another` [ RunTime:0.0004s ]
SQL: SELECT `id` FROM `pay_pay_for_another` WHERE `status` = 1  [ RunTime:0.0003s ]
SQL: SHOW COLUMNS FROM `pay_pay_channel_extend_fields` [ RunTime:0.0004s ]
SQL: SELECT * FROM `pay_pay_channel_extend_fields` WHERE `channel_id` IN ('2')  [ RunTime:0.0002s ]
NOTIC: [8] Undefined index: HTTP_X_REAL_IP C:\work\juhe\core\Common\functions.php 第 1456 行.
SQL: INSERT INTO `pay_df_api_order` (`userid`,`trade_no`,`out_trade_no`,`money`,`bankname`,`subbranch`,`accountname`,`cardnumber`,`province`,`city`,`ip`,`check_status`,`extends`,`create_time`) VALUES ('90','H1105792356175737','20181105005324','100','10','10','10','10','10','10','127.0.0.1','1','{\"lhh\":\"10\"}','1541379235') [ RunTime:0.0008s ]
SQL: SHOW COLUMNS FROM `pay_member` [ RunTime:0.0016s ]
SQL: SELECT * FROM `pay_member` WHERE `id` = 90 LIMIT 1   [ RunTime:0.0016s ]
SQL: SELECT * FROM `pay_member` WHERE `id` = 89 LIMIT 1   [ RunTime:0.0004s ]

[ 2018-11-05T08:54:11+08:00 ] 127.0.0.1 /Payment_Dfpay_add.html
INFO: [ app_init ] --START--
INFO: Run Behavior\BuildLiteBehavior [ RunTime:0.000006s ]
INFO: [ app_init ] --END-- [ RunTime:0.000030s ]
INFO: [ app_begin ] --START--
INFO: Run Behavior\ReadHtmlCacheBehavior [ RunTime:0.000948s ]
INFO: Run Behavior\CheckLangBehavior [ RunTime:0.001874s ]
INFO: [ app_begin ] --END-- [ RunTime:0.002980s ]
SQL: SHOW COLUMNS FROM `pay_websiteconfig` [ RunTime:0.0007s ]
SQL: SELECT * FROM `pay_websiteconfig` LIMIT 1   [ RunTime:0.0004s ]
SQL: SHOW COLUMNS FROM `pay_member` [ RunTime:0.0006s ]
SQL: SELECT * FROM `pay_member` WHERE `id` = 90 LIMIT 1   [ RunTime:0.0004s ]
SQL: SHOW COLUMNS FROM `pay_df_api_order` [ RunTime:0.0006s ]
SQL: SELECT COUNT(*) AS tp_count FROM `pay_df_api_order` WHERE `out_trade_no` = '20181105005324' AND `userid` = 90 LIMIT 1   [ RunTime:0.0004s ]
SQL: SHOW COLUMNS FROM `pay_pay_for_another` [ RunTime:0.0006s ]
SQL: SELECT `id` FROM `pay_pay_for_another` WHERE `status` = 1  [ RunTime:0.0003s ]
SQL: SHOW COLUMNS FROM `pay_pay_channel_extend_fields` [ RunTime:0.0005s ]
SQL: SELECT * FROM `pay_pay_channel_extend_fields` WHERE `channel_id` IN ('2')  [ RunTime:0.0003s ]
NOTIC: [8] Undefined index: HTTP_X_REAL_IP C:\work\juhe\core\Common\functions.php 第 1456 行.
SQL: INSERT INTO `pay_df_api_order` (`userid`,`trade_no`,`out_trade_no`,`money`,`bankname`,`subbranch`,`accountname`,`cardnumber`,`province`,`city`,`ip`,`check_status`,`extends`,`create_time`) VALUES ('90','H1105792516161933','20181105005324','100','10','10','10','10','10','10','127.0.0.1','1','{\"lhh\":\"10\"}','1541379251') [ RunTime:0.0003s ]
SQL: SHOW COLUMNS FROM `pay_member` [ RunTime:0.0006s ]
SQL: SELECT * FROM `pay_member` WHERE `id` = 90 LIMIT 1   [ RunTime:0.0003s ]
SQL: SELECT * FROM `pay_member` WHERE `id` = 89 LIMIT 1   [ RunTime:0.0003s ]

[ 2018-11-05T08:55:39+08:00 ] 127.0.0.1 /Payment_Dfpay_add.html
INFO: [ app_init ] --START--
INFO: Run Behavior\BuildLiteBehavior [ RunTime:0.000020s ]
INFO: [ app_init ] --END-- [ RunTime:0.000111s ]
INFO: [ app_begin ] --START--
INFO: Run Behavior\ReadHtmlCacheBehavior [ RunTime:0.000816s ]
INFO: Run Behavior\CheckLangBehavior [ RunTime:0.001192s ]
INFO: [ app_begin ] --END-- [ RunTime:0.002046s ]
SQL: SHOW COLUMNS FROM `pay_websiteconfig` [ RunTime:0.0009s ]
SQL: SELECT * FROM `pay_websiteconfig` LIMIT 1   [ RunTime:0.0004s ]
SQL: SHOW COLUMNS FROM `pay_member` [ RunTime:0.0007s ]
SQL: SELECT * FROM `pay_member` WHERE `id` = 90 LIMIT 1   [ RunTime:0.0004s ]
SQL: SHOW COLUMNS FROM `pay_df_api_order` [ RunTime:0.0015s ]
SQL: SELECT COUNT(*) AS tp_count FROM `pay_df_api_order` WHERE `out_trade_no` = '20181105005324' AND `userid` = 90 LIMIT 1   [ RunTime:0.0003s ]
SQL: SHOW COLUMNS FROM `pay_pay_for_another` [ RunTime:0.0006s ]
SQL: SELECT `id` FROM `pay_pay_for_another` WHERE `status` = 1  [ RunTime:0.0003s ]
SQL: SHOW COLUMNS FROM `pay_pay_channel_extend_fields` [ RunTime:0.0006s ]
SQL: SELECT * FROM `pay_pay_channel_extend_fields` WHERE `channel_id` IN ('2')  [ RunTime:0.0003s ]
NOTIC: [8] Undefined index: HTTP_X_REAL_IP C:\work\juhe\core\Common\functions.php 第 1456 行.
SQL: INSERT INTO `pay_df_api_order` (`userid`,`trade_no`,`out_trade_no`,`money`,`bankname`,`subbranch`,`accountname`,`cardnumber`,`province`,`city`,`ip`,`check_status`,`extends`,`create_time`) VALUES ('90','H1105793391439980','20181105005324','100','10','10','10','10','10','10','127.0.0.1','1','{\"lhh\":\"10\"}','1541379339') [ RunTime:0.0010s ]
SQL: SHOW COLUMNS FROM `pay_member` [ RunTime:0.0066s ]
SQL: SELECT * FROM `pay_member` WHERE `id` = 90 LIMIT 1   FOR UPDATE  [ RunTime:0.0009s ]
SQL: SHOW COLUMNS FROM `pay_tikuanholiday` [ RunTime:0.0006s ]
SQL: SELECT `datetime` FROM `pay_tikuanholiday` LIMIT 366   [ RunTime:0.0003s ]
SQL: SHOW COLUMNS FROM `pay_tikuanconfig` [ RunTime:0.0006s ]
SQL: SELECT * FROM `pay_tikuanconfig` WHERE `userid` = 90 AND `tkzt` = 1 LIMIT 1   [ RunTime:0.0003s ]
SQL: SELECT * FROM `pay_tikuanconfig` WHERE `issystem` = 1 AND `tkzt` = 1 LIMIT 1   [ RunTime:0.0003s ]
SQL: SHOW COLUMNS FROM `pay_tklist` [ RunTime:0.0014s ]
SQL: SELECT COUNT(*) AS tp_count FROM `pay_tklist` WHERE `userid` = 90 AND `sqdatetime` BETWEEN '2018-11-05 00:00:00' AND '2018-11-05 23:59:59' LIMIT 1   [ RunTime:0.0003s ]
SQL: SELECT SUM(tkmoney) AS tp_sum FROM `pay_tklist` WHERE `userid` = 90 AND `sqdatetime` BETWEEN '2018-11-05 00:00:00' AND '2018-11-05 23:59:59' LIMIT 1   [ RunTime:0.0003s ]
SQL: SHOW COLUMNS FROM `pay_wttklist` [ RunTime:0.0006s ]
SQL: SELECT COUNT(*) AS tp_count FROM `pay_wttklist` WHERE `userid` = 90 AND `sqdatetime` BETWEEN '2018-11-05 00:00:00' AND '2018-11-05 23:59:59' LIMIT 1   [ RunTime:0.0003s ]
SQL: SELECT SUM(tkmoney) AS tp_sum FROM `pay_wttklist` WHERE `userid` = 90 AND `sqdatetime` BETWEEN '2018-11-05 00:00:00' AND '2018-11-05 23:59:59' LIMIT 1   [ RunTime:0.0003s ]
SQL: SELECT * FROM `pay_member` WHERE `id` = 90 LIMIT 1   [ RunTime:0.0004s ]
SQL: SELECT * FROM `pay_member` WHERE `id` = 89 LIMIT 1   [ RunTime:0.0004s ]

[ 2018-11-05T08:56:10+08:00 ] 127.0.0.1 /Payment_Dfpay_add.html
INFO: [ app_init ] --START--
INFO: Run Behavior\BuildLiteBehavior [ RunTime:0.000004s ]
INFO: [ app_init ] --END-- [ RunTime:0.000024s ]
INFO: [ app_begin ] --START--
INFO: Run Behavior\ReadHtmlCacheBehavior [ RunTime:0.000734s ]
INFO: Run Behavior\CheckLangBehavior [ RunTime:0.001852s ]
INFO: [ app_begin ] --END-- [ RunTime:0.002654s ]
SQL: SHOW COLUMNS FROM `pay_websiteconfig` [ RunTime:0.0007s ]
SQL: SELECT * FROM `pay_websiteconfig` LIMIT 1   [ RunTime:0.0004s ]
SQL: SHOW COLUMNS FROM `pay_member` [ RunTime:0.0006s ]
SQL: SELECT * FROM `pay_member` WHERE `id` = 90 LIMIT 1   [ RunTime:0.0004s ]
SQL: SHOW COLUMNS FROM `pay_df_api_order` [ RunTime:0.0005s ]
SQL: SELECT COUNT(*) AS tp_count FROM `pay_df_api_order` WHERE `out_trade_no` = '20181105005324' AND `userid` = 90 LIMIT 1   [ RunTime:0.0003s ]
SQL: SHOW COLUMNS FROM `pay_pay_for_another` [ RunTime:0.0005s ]
SQL: SELECT `id` FROM `pay_pay_for_another` WHERE `status` = 1  [ RunTime:0.0003s ]
SQL: SHOW COLUMNS FROM `pay_pay_channel_extend_fields` [ RunTime:0.0004s ]
SQL: SELECT * FROM `pay_pay_channel_extend_fields` WHERE `channel_id` IN ('2')  [ RunTime:0.0003s ]
NOTIC: [8] Undefined index: HTTP_X_REAL_IP C:\work\juhe\core\Common\functions.php 第 1456 行.
SQL: INSERT INTO `pay_df_api_order` (`userid`,`trade_no`,`out_trade_no`,`money`,`bankname`,`subbranch`,`accountname`,`cardnumber`,`province`,`city`,`ip`,`check_status`,`extends`,`create_time`) VALUES ('90','H1105793700814163','20181105005324','100','10','10','10','10','10','10','127.0.0.1','1','{\"lhh\":\"10\"}','1541379370') [ RunTime:0.0016s ]
SQL: SHOW COLUMNS FROM `pay_member` [ RunTime:0.0020s ]
SQL: SELECT * FROM `pay_member` WHERE `id` = 90 LIMIT 1   FOR UPDATE  [ RunTime:0.0017s ]
SQL: SHOW COLUMNS FROM `pay_tikuanholiday` [ RunTime:0.0007s ]
SQL: SELECT `datetime` FROM `pay_tikuanholiday` LIMIT 366   [ RunTime:0.0003s ]
SQL: SHOW COLUMNS FROM `pay_tikuanconfig` [ RunTime:0.0005s ]
SQL: SELECT * FROM `pay_tikuanconfig` WHERE `userid` = 90 AND `tkzt` = 1 LIMIT 1   [ RunTime:0.0003s ]
SQL: SELECT * FROM `pay_tikuanconfig` WHERE `issystem` = 1 AND `tkzt` = 1 LIMIT 1   [ RunTime:0.0003s ]
SQL: SHOW COLUMNS FROM `pay_tklist` [ RunTime:0.0005s ]
SQL: SELECT COUNT(*) AS tp_count FROM `pay_tklist` WHERE `userid` = 90 AND `sqdatetime` BETWEEN '2018-11-05 00:00:00' AND '2018-11-05 23:59:59' LIMIT 1   [ RunTime:0.0003s ]
SQL: SELECT SUM(tkmoney) AS tp_sum FROM `pay_tklist` WHERE `userid` = 90 AND `sqdatetime` BETWEEN '2018-11-05 00:00:00' AND '2018-11-05 23:59:59' LIMIT 1   [ RunTime:0.0003s ]
SQL: SHOW COLUMNS FROM `pay_wttklist` [ RunTime:0.0006s ]
SQL: SELECT COUNT(*) AS tp_count FROM `pay_wttklist` WHERE `userid` = 90 AND `sqdatetime` BETWEEN '2018-11-05 00:00:00' AND '2018-11-05 23:59:59' LIMIT 1   [ RunTime:0.0003s ]
SQL: SELECT SUM(tkmoney) AS tp_sum FROM `pay_wttklist` WHERE `userid` = 90 AND `sqdatetime` BETWEEN '2018-11-05 00:00:00' AND '2018-11-05 23:59:59' LIMIT 1   [ RunTime:0.0003s ]
SQL: SELECT * FROM `pay_member` WHERE `id` = 90 LIMIT 1   [ RunTime:0.0004s ]

[ 2018-11-05T08:57:04+08:00 ] 127.0.0.1 /Payment_Dfpay_add.html
INFO: [ app_init ] --START--
INFO: Run Behavior\BuildLiteBehavior [ RunTime:0.000005s ]
INFO: [ app_init ] --END-- [ RunTime:0.000030s ]
INFO: [ app_begin ] --START--
INFO: Run Behavior\ReadHtmlCacheBehavior [ RunTime:0.000807s ]
INFO: Run Behavior\CheckLangBehavior [ RunTime:0.001259s ]
INFO: [ app_begin ] --END-- [ RunTime:0.002113s ]
SQL: SHOW COLUMNS FROM `pay_websiteconfig` [ RunTime:0.0009s ]
SQL: SELECT * FROM `pay_websiteconfig` LIMIT 1   [ RunTime:0.0007s ]
SQL: SHOW COLUMNS FROM `pay_member` [ RunTime:0.0024s ]
SQL: SELECT * FROM `pay_member` WHERE `id` = 90 LIMIT 1   [ RunTime:0.0005s ]
SQL: SHOW COLUMNS FROM `pay_df_api_order` [ RunTime:0.0006s ]
SQL: SELECT COUNT(*) AS tp_count FROM `pay_df_api_order` WHERE `out_trade_no` = '20181105005324' AND `userid` = 90 LIMIT 1   [ RunTime:0.0003s ]
SQL: SHOW COLUMNS FROM `pay_pay_for_another` [ RunTime:0.0005s ]
SQL: SELECT `id` FROM `pay_pay_for_another` WHERE `status` = 1  [ RunTime:0.0003s ]
SQL: SHOW COLUMNS FROM `pay_pay_channel_extend_fields` [ RunTime:0.0004s ]
SQL: SELECT * FROM `pay_pay_channel_extend_fields` WHERE `channel_id` IN ('2')  [ RunTime:0.0003s ]
NOTIC: [8] Undefined index: HTTP_X_REAL_IP C:\work\juhe\core\Common\functions.php 第 1456 行.
SQL: INSERT INTO `pay_df_api_order` (`userid`,`trade_no`,`out_trade_no`,`money`,`bankname`,`subbranch`,`accountname`,`cardnumber`,`province`,`city`,`ip`,`check_status`,`extends`,`create_time`) VALUES ('90','H1105794247716386','20181105005324','100','10','10','10','10','10','10','127.0.0.1','1','{\"lhh\":\"10\"}','1541379424') [ RunTime:0.0016s ]
SQL: SHOW COLUMNS FROM `pay_member` [ RunTime:0.0006s ]
SQL: SELECT * FROM `pay_member` WHERE `id` = 90 LIMIT 1   FOR UPDATE  [ RunTime:0.0004s ]
SQL: SHOW COLUMNS FROM `pay_tikuanholiday` [ RunTime:0.0004s ]
SQL: SELECT `datetime` FROM `pay_tikuanholiday` LIMIT 366   [ RunTime:0.0003s ]
SQL: SHOW COLUMNS FROM `pay_tikuanconfig` [ RunTime:0.0005s ]
SQL: SELECT * FROM `pay_tikuanconfig` WHERE `userid` = 90 AND `tkzt` = 1 LIMIT 1   [ RunTime:0.0003s ]
SQL: SELECT * FROM `pay_tikuanconfig` WHERE `issystem` = 1 AND `tkzt` = 1 LIMIT 1   [ RunTime:0.0003s ]
SQL: SHOW COLUMNS FROM `pay_tklist` [ RunTime:0.0008s ]
SQL: SELECT COUNT(*) AS tp_count FROM `pay_tklist` WHERE `userid` = 90 AND `sqdatetime` BETWEEN '2018-11-05 00:00:00' AND '2018-11-05 23:59:59' LIMIT 1   [ RunTime:0.0010s ]
SQL: SELECT SUM(tkmoney) AS tp_sum FROM `pay_tklist` WHERE `userid` = 90 AND `sqdatetime` BETWEEN '2018-11-05 00:00:00' AND '2018-11-05 23:59:59' LIMIT 1   [ RunTime:0.0010s ]
SQL: SHOW COLUMNS FROM `pay_wttklist` [ RunTime:0.0066s ]
SQL: SELECT COUNT(*) AS tp_count FROM `pay_wttklist` WHERE `userid` = 90 AND `sqdatetime` BETWEEN '2018-11-05 00:00:00' AND '2018-11-05 23:59:59' LIMIT 1   [ RunTime:0.0003s ]
SQL: SELECT SUM(tkmoney) AS tp_sum FROM `pay_wttklist` WHERE `userid` = 90 AND `sqdatetime` BETWEEN '2018-11-05 00:00:00' AND '2018-11-05 23:59:59' LIMIT 1   [ RunTime:0.0003s ]
SQL: SELECT * FROM `pay_member` WHERE `id` = 90 LIMIT 1   [ RunTime:0.0004s ]
SQL: SELECT * FROM `pay_member` WHERE `id` = 89 LIMIT 1   [ RunTime:0.0004s ]

[ 2018-11-05T08:57:28+08:00 ] 127.0.0.1 /Payment_Dfpay_add.html
INFO: [ app_init ] --START--
INFO: Run Behavior\BuildLiteBehavior [ RunTime:0.000005s ]
INFO: [ app_init ] --END-- [ RunTime:0.000024s ]
INFO: [ app_begin ] --START--
INFO: Run Behavior\ReadHtmlCacheBehavior [ RunTime:0.000735s ]
INFO: Run Behavior\CheckLangBehavior [ RunTime:0.001245s ]
INFO: [ app_begin ] --END-- [ RunTime:0.002028s ]
SQL: SHOW COLUMNS FROM `pay_websiteconfig` [ RunTime:0.0008s ]
SQL: SELECT * FROM `pay_websiteconfig` LIMIT 1   [ RunTime:0.0004s ]
SQL: SHOW COLUMNS FROM `pay_member` [ RunTime:0.0017s ]
SQL: SELECT * FROM `pay_member` WHERE `id` = 90 LIMIT 1   [ RunTime:0.0016s ]
SQL: SHOW COLUMNS FROM `pay_df_api_order` [ RunTime:0.0027s ]
SQL: SELECT COUNT(*) AS tp_count FROM `pay_df_api_order` WHERE `out_trade_no` = '20181105005324' AND `userid` = 90 LIMIT 1   [ RunTime:0.0004s ]
SQL: SHOW COLUMNS FROM `pay_pay_for_another` [ RunTime:0.0023s ]
SQL: SELECT `id` FROM `pay_pay_for_another` WHERE `status` = 1  [ RunTime:0.0015s ]
SQL: SHOW COLUMNS FROM `pay_pay_channel_extend_fields` [ RunTime:0.0006s ]
SQL: SELECT * FROM `pay_pay_channel_extend_fields` WHERE `channel_id` IN ('2')  [ RunTime:0.0003s ]
NOTIC: [8] Undefined index: HTTP_X_REAL_IP C:\work\juhe\core\Common\functions.php 第 1456 行.
SQL: INSERT INTO `pay_df_api_order` (`userid`,`trade_no`,`out_trade_no`,`money`,`bankname`,`subbranch`,`accountname`,`cardnumber`,`province`,`city`,`ip`,`check_status`,`extends`,`create_time`) VALUES ('90','H1105794487087898','20181105005324','100','10','10','10','10','10','10','127.0.0.1','1','{\"lhh\":\"10\"}','1541379448') [ RunTime:0.0018s ]
SQL: SHOW COLUMNS FROM `pay_member` [ RunTime:0.0059s ]
SQL: SELECT * FROM `pay_member` WHERE `id` = 90 LIMIT 1   FOR UPDATE  [ RunTime:0.0004s ]
SQL: SHOW COLUMNS FROM `pay_tikuanholiday` [ RunTime:0.0005s ]
SQL: SELECT `datetime` FROM `pay_tikuanholiday` LIMIT 366   [ RunTime:0.0002s ]
SQL: SHOW COLUMNS FROM `pay_tikuanconfig` [ RunTime:0.0005s ]
SQL: SELECT * FROM `pay_tikuanconfig` WHERE `userid` = 90 AND `tkzt` = 1 LIMIT 1   [ RunTime:0.0003s ]
SQL: SELECT * FROM `pay_tikuanconfig` WHERE `issystem` = 1 AND `tkzt` = 1 LIMIT 1   [ RunTime:0.0002s ]
SQL: SHOW COLUMNS FROM `pay_tklist` [ RunTime:0.0005s ]
SQL: SELECT COUNT(*) AS tp_count FROM `pay_tklist` WHERE `userid` = 90 AND `sqdatetime` BETWEEN '2018-11-05 00:00:00' AND '2018-11-05 23:59:59' LIMIT 1   [ RunTime:0.0006s ]
SQL: SELECT SUM(tkmoney) AS tp_sum FROM `pay_tklist` WHERE `userid` = 90 AND `sqdatetime` BETWEEN '2018-11-05 00:00:00' AND '2018-11-05 23:59:59' LIMIT 1   [ RunTime:0.0012s ]
SQL: SHOW COLUMNS FROM `pay_wttklist` [ RunTime:0.0021s ]
SQL: SELECT COUNT(*) AS tp_count FROM `pay_wttklist` WHERE `userid` = 90 AND `sqdatetime` BETWEEN '2018-11-05 00:00:00' AND '2018-11-05 23:59:59' LIMIT 1   [ RunTime:0.0004s ]
SQL: SELECT SUM(tkmoney) AS tp_sum FROM `pay_wttklist` WHERE `userid` = 90 AND `sqdatetime` BETWEEN '2018-11-05 00:00:00' AND '2018-11-05 23:59:59' LIMIT 1   [ RunTime:0.0003s ]

[ 2018-11-05T09:00:22+08:00 ] 127.0.0.1 /Payment_Dfpay_add.html
INFO: [ app_init ] --START--
INFO: Run Behavior\BuildLiteBehavior [ RunTime:0.000008s ]
INFO: [ app_init ] --END-- [ RunTime:0.000044s ]
INFO: [ app_begin ] --START--
INFO: Run Behavior\ReadHtmlCacheBehavior [ RunTime:0.000823s ]
INFO: Run Behavior\CheckLangBehavior [ RunTime:0.001235s ]
INFO: [ app_begin ] --END-- [ RunTime:0.002099s ]
SQL: SHOW COLUMNS FROM `pay_websiteconfig` [ RunTime:0.0019s ]
SQL: SELECT * FROM `pay_websiteconfig` LIMIT 1   [ RunTime:0.0004s ]
SQL: SHOW COLUMNS FROM `pay_member` [ RunTime:0.0007s ]
SQL: SELECT * FROM `pay_member` WHERE `id` = 90 LIMIT 1   [ RunTime:0.0004s ]
SQL: SHOW COLUMNS FROM `pay_df_api_order` [ RunTime:0.0006s ]
SQL: SELECT COUNT(*) AS tp_count FROM `pay_df_api_order` WHERE `out_trade_no` = '20181105005324' AND `userid` = 90 LIMIT 1   [ RunTime:0.0003s ]
SQL: SHOW COLUMNS FROM `pay_pay_for_another` [ RunTime:0.0006s ]
SQL: SELECT `id` FROM `pay_pay_for_another` WHERE `status` = 1  [ RunTime:0.0003s ]
SQL: SHOW COLUMNS FROM `pay_pay_channel_extend_fields` [ RunTime:0.0005s ]
SQL: SELECT * FROM `pay_pay_channel_extend_fields` WHERE `channel_id` IN ('2')  [ RunTime:0.0003s ]
NOTIC: [8] Undefined index: HTTP_X_REAL_IP C:\work\juhe\core\Common\functions.php 第 1456 行.
SQL: INSERT INTO `pay_df_api_order` (`userid`,`trade_no`,`out_trade_no`,`money`,`bankname`,`subbranch`,`accountname`,`cardnumber`,`province`,`city`,`ip`,`check_status`,`extends`,`create_time`) VALUES ('90','H1105796220377853','20181105005324','100','10','10','10','10','10','10','127.0.0.1','1','{\"lhh\":\"10\"}','1541379622') [ RunTime:0.0003s ]
SQL: SHOW COLUMNS FROM `pay_member` [ RunTime:0.0006s ]
SQL: SELECT * FROM `pay_member` WHERE `id` = 90 LIMIT 1   FOR UPDATE  [ RunTime:0.0004s ]
SQL: SHOW COLUMNS FROM `pay_tikuanholiday` [ RunTime:0.0005s ]
SQL: SELECT `datetime` FROM `pay_tikuanholiday` LIMIT 366   [ RunTime:0.0003s ]
SQL: SHOW COLUMNS FROM `pay_tikuanconfig` [ RunTime:0.0005s ]
SQL: SELECT * FROM `pay_tikuanconfig` WHERE `userid` = 90 AND `tkzt` = 1 LIMIT 1   [ RunTime:0.0003s ]
SQL: SELECT * FROM `pay_tikuanconfig` WHERE `issystem` = 1 AND `tkzt` = 1 LIMIT 1   [ RunTime:0.0003s ]
SQL: SHOW COLUMNS FROM `pay_tklist` [ RunTime:0.0006s ]
SQL: SELECT COUNT(*) AS tp_count FROM `pay_tklist` WHERE `userid` = 90 AND `sqdatetime` BETWEEN '2018-11-05 00:00:00' AND '2018-11-05 23:59:59' LIMIT 1   [ RunTime:0.0003s ]
SQL: SELECT SUM(tkmoney) AS tp_sum FROM `pay_tklist` WHERE `userid` = 90 AND `sqdatetime` BETWEEN '2018-11-05 00:00:00' AND '2018-11-05 23:59:59' LIMIT 1   [ RunTime:0.0003s ]
SQL: SHOW COLUMNS FROM `pay_wttklist` [ RunTime:0.0006s ]
SQL: SELECT COUNT(*) AS tp_count FROM `pay_wttklist` WHERE `userid` = 90 AND `sqdatetime` BETWEEN '2018-11-05 00:00:00' AND '2018-11-05 23:59:59' LIMIT 1   [ RunTime:0.0004s ]
SQL: SELECT SUM(tkmoney) AS tp_sum FROM `pay_wttklist` WHERE `userid` = 90 AND `sqdatetime` BETWEEN '2018-11-05 00:00:00' AND '2018-11-05 23:59:59' LIMIT 1   [ RunTime:0.0003s ]

[ 2018-11-05T09:01:03+08:00 ] 127.0.0.1 /Payment_Dfpay_add.html
INFO: [ app_init ] --START--
INFO: Run Behavior\BuildLiteBehavior [ RunTime:0.000005s ]
INFO: [ app_init ] --END-- [ RunTime:0.000028s ]
INFO: [ app_begin ] --START--
INFO: Run Behavior\ReadHtmlCacheBehavior [ RunTime:0.001094s ]
INFO: Run Behavior\CheckLangBehavior [ RunTime:0.001366s ]
INFO: [ app_begin ] --END-- [ RunTime:0.002617s ]
SQL: SHOW COLUMNS FROM `pay_websiteconfig` [ RunTime:0.0006s ]
SQL: SELECT * FROM `pay_websiteconfig` LIMIT 1   [ RunTime:0.0004s ]
SQL: SHOW COLUMNS FROM `pay_member` [ RunTime:0.0006s ]
SQL: SELECT * FROM `pay_member` WHERE `id` = 90 LIMIT 1   [ RunTime:0.0004s ]
SQL: SHOW COLUMNS FROM `pay_df_api_order` [ RunTime:0.0005s ]
SQL: SELECT COUNT(*) AS tp_count FROM `pay_df_api_order` WHERE `out_trade_no` = '20181105005324' AND `userid` = 90 LIMIT 1   [ RunTime:0.0003s ]
SQL: SHOW COLUMNS FROM `pay_pay_for_another` [ RunTime:0.0005s ]
SQL: SELECT `id` FROM `pay_pay_for_another` WHERE `status` = 1  [ RunTime:0.0003s ]
SQL: SHOW COLUMNS FROM `pay_pay_channel_extend_fields` [ RunTime:0.0004s ]
SQL: SELECT * FROM `pay_pay_channel_extend_fields` WHERE `channel_id` IN ('2')  [ RunTime:0.0003s ]
NOTIC: [8] Undefined index: HTTP_X_REAL_IP C:\work\juhe\core\Common\functions.php 第 1456 行.
SQL: INSERT INTO `pay_df_api_order` (`userid`,`trade_no`,`out_trade_no`,`money`,`bankname`,`subbranch`,`accountname`,`cardnumber`,`province`,`city`,`ip`,`check_status`,`extends`,`create_time`) VALUES ('90','H1105796633539570','20181105005324','100','10','10','10','10','10','10','127.0.0.1','1','{\"lhh\":\"10\"}','1541379663') [ RunTime:0.0007s ]
SQL: SHOW COLUMNS FROM `pay_member` [ RunTime:0.0006s ]
SQL: SELECT * FROM `pay_member` WHERE `id` = 90 LIMIT 1   FOR UPDATE  [ RunTime:0.0004s ]
SQL: SHOW COLUMNS FROM `pay_tikuanholiday` [ RunTime:0.0005s ]
SQL: SELECT `datetime` FROM `pay_tikuanholiday` LIMIT 366   [ RunTime:0.0003s ]
SQL: SHOW COLUMNS FROM `pay_tikuanconfig` [ RunTime:0.0017s ]
SQL: SELECT * FROM `pay_tikuanconfig` WHERE `userid` = 90 AND `tkzt` = 1 LIMIT 1   [ RunTime:0.0006s ]
SQL: SELECT * FROM `pay_tikuanconfig` WHERE `issystem` = 1 AND `tkzt` = 1 LIMIT 1   [ RunTime:0.0010s ]
SQL: SHOW COLUMNS FROM `pay_tklist` [ RunTime:0.0007s ]
SQL: SELECT COUNT(*) AS tp_count FROM `pay_tklist` WHERE `userid` = 90 AND `sqdatetime` BETWEEN '2018-11-05 00:00:00' AND '2018-11-05 23:59:59' LIMIT 1   [ RunTime:0.0003s ]
SQL: SELECT SUM(tkmoney) AS tp_sum FROM `pay_tklist` WHERE `userid` = 90 AND `sqdatetime` BETWEEN '2018-11-05 00:00:00' AND '2018-11-05 23:59:59' LIMIT 1   [ RunTime:0.0003s ]
SQL: SHOW COLUMNS FROM `pay_wttklist` [ RunTime:0.0006s ]
SQL: SELECT COUNT(*) AS tp_count FROM `pay_wttklist` WHERE `userid` = 90 AND `sqdatetime` BETWEEN '2018-11-05 00:00:00' AND '2018-11-05 23:59:59' LIMIT 1   [ RunTime:0.0003s ]
SQL: SELECT SUM(tkmoney) AS tp_sum FROM `pay_wttklist` WHERE `userid` = 90 AND `sqdatetime` BETWEEN '2018-11-05 00:00:00' AND '2018-11-05 23:59:59' LIMIT 1   [ RunTime:0.0003s ]
SQL: SELECT * FROM `pay_member` WHERE `id` = 89 LIMIT 1   [ RunTime:0.0004s ]
SQL: SELECT * FROM `pay_member` WHERE `id` = 88 LIMIT 1   [ RunTime:0.0004s ]

[ 2018-11-05T09:01:47+08:00 ] 127.0.0.1 /Payment_Dfpay_add.html
INFO: [ app_init ] --START--
INFO: Run Behavior\BuildLiteBehavior [ RunTime:0.000005s ]
INFO: [ app_init ] --END-- [ RunTime:0.000030s ]
INFO: [ app_begin ] --START--
INFO: Run Behavior\ReadHtmlCacheBehavior [ RunTime:0.000961s ]
INFO: Run Behavior\CheckLangBehavior [ RunTime:0.002827s ]
INFO: [ app_begin ] --END-- [ RunTime:0.003895s ]
SQL: SHOW COLUMNS FROM `pay_websiteconfig` [ RunTime:0.0007s ]
SQL: SELECT * FROM `pay_websiteconfig` LIMIT 1   [ RunTime:0.0003s ]
SQL: SHOW COLUMNS FROM `pay_member` [ RunTime:0.0006s ]
SQL: SELECT * FROM `pay_member` WHERE `id` = 90 LIMIT 1   [ RunTime:0.0004s ]
SQL: SHOW COLUMNS FROM `pay_df_api_order` [ RunTime:0.0005s ]
SQL: SELECT COUNT(*) AS tp_count FROM `pay_df_api_order` WHERE `out_trade_no` = '20181105005324' AND `userid` = 90 LIMIT 1   [ RunTime:0.0003s ]
SQL: SHOW COLUMNS FROM `pay_pay_for_another` [ RunTime:0.0005s ]
SQL: SELECT `id` FROM `pay_pay_for_another` WHERE `status` = 1  [ RunTime:0.0003s ]
SQL: SHOW COLUMNS FROM `pay_pay_channel_extend_fields` [ RunTime:0.0004s ]
SQL: SELECT * FROM `pay_pay_channel_extend_fields` WHERE `channel_id` IN ('2')  [ RunTime:0.0003s ]
NOTIC: [8] Undefined index: HTTP_X_REAL_IP C:\work\juhe\core\Common\functions.php 第 1456 行.
SQL: INSERT INTO `pay_df_api_order` (`userid`,`trade_no`,`out_trade_no`,`money`,`bankname`,`subbranch`,`accountname`,`cardnumber`,`province`,`city`,`ip`,`check_status`,`extends`,`create_time`) VALUES ('90','H1105797072859897','20181105005324','100','10','10','10','10','10','10','127.0.0.1','1','{\"lhh\":\"10\"}','1541379707') [ RunTime:0.0007s ]
SQL: SHOW COLUMNS FROM `pay_member` [ RunTime:0.0075s ]
SQL: SELECT * FROM `pay_member` WHERE `id` = 90 LIMIT 1   FOR UPDATE  [ RunTime:0.0004s ]
SQL: SHOW COLUMNS FROM `pay_tikuanholiday` [ RunTime:0.0004s ]
SQL: SELECT `datetime` FROM `pay_tikuanholiday` LIMIT 366   [ RunTime:0.0003s ]
SQL: SHOW COLUMNS FROM `pay_tikuanconfig` [ RunTime:0.0005s ]
SQL: SELECT * FROM `pay_tikuanconfig` WHERE `userid` = 90 AND `tkzt` = 1 LIMIT 1   [ RunTime:0.0003s ]
SQL: SELECT * FROM `pay_tikuanconfig` WHERE `issystem` = 1 AND `tkzt` = 1 LIMIT 1   [ RunTime:0.0003s ]
SQL: SHOW COLUMNS FROM `pay_tklist` [ RunTime:0.0005s ]
SQL: SELECT COUNT(*) AS tp_count FROM `pay_tklist` WHERE `userid` = 90 AND `sqdatetime` BETWEEN '2018-11-05 00:00:00' AND '2018-11-05 23:59:59' LIMIT 1   [ RunTime:0.0003s ]
SQL: SELECT SUM(tkmoney) AS tp_sum FROM `pay_tklist` WHERE `userid` = 90 AND `sqdatetime` BETWEEN '2018-11-05 00:00:00' AND '2018-11-05 23:59:59' LIMIT 1   [ RunTime:0.0003s ]
SQL: SHOW COLUMNS FROM `pay_wttklist` [ RunTime:0.0006s ]
SQL: SELECT COUNT(*) AS tp_count FROM `pay_wttklist` WHERE `userid` = 90 AND `sqdatetime` BETWEEN '2018-11-05 00:00:00' AND '2018-11-05 23:59:59' LIMIT 1   [ RunTime:0.0003s ]
SQL: SELECT SUM(tkmoney) AS tp_sum FROM `pay_wttklist` WHERE `userid` = 90 AND `sqdatetime` BETWEEN '2018-11-05 00:00:00' AND '2018-11-05 23:59:59' LIMIT 1   [ RunTime:0.0003s ]
SQL: SELECT * FROM `pay_member` WHERE `id` = 89 LIMIT 1   [ RunTime:0.0004s ]
SQL: SELECT * FROM `pay_member` WHERE `id` = 88 LIMIT 1   [ RunTime:0.0003s ]
SQL: UPDATE `pay_member` SET `balance`='17.3501' WHERE `id` = 88 [ RunTime:0.0003s ]
SQL: SHOW COLUMNS FROM `pay_moneychange` [ RunTime:0.0005s ]
SQL: INSERT INTO `pay_moneychange` (`userid`,`ymoney`,`money`,`gmoney`,`datetime`,`transid`,`orderid`,`lx`,`contentstr`) VALUES ('88','12.3501','5','17.3501','2018-11-05 09:01:47','H1105797072997317','H1105797072997317','10','2018-11-05 09:01:47委托提现操作手续费') [ RunTime:0.0003s ]
SQL: UPDATE `pay_member` SET `balance`='7630.00' WHERE `id` = 90 [ RunTime:0.0003s ]
SQL: INSERT INTO `pay_wttklist` (`orderid`,`bankname`,`bankzhiname`,`banknumber`,`bankfullname`,`sheng`,`shi`,`userid`,`sqdatetime`,`status`,`t`,`tkmoney`,`sxfmoney`,`money`,`additional`,`out_trade_no`,`df_api_id`,`extends`) VALUES ('H1105797072997317','10','10','10','10','10','10','90','2018-11-05 09:01:47','0','0','100','5','100','','20181105005324','20','{\"lhh\":\"10\"}') [ RunTime:0.0003s ]
SQL: UPDATE `pay_df_api_order` SET `df_id`='9',`check_status`='1',`check_time`='1541379707' WHERE `check_status` = 1 AND `userid` = 90 AND `id` = 20 [ RunTime:0.0003s ]
SQL: INSERT INTO `pay_moneychange` (`userid`,`ymoney`,`money`,`gmoney`,`datetime`,`transid`,`orderid`,`lx`,`contentstr`) VALUES ('90','7735.0000','100','7630.00','2018-11-05 09:01:47','H1105797072997317','H1105797072997317','6','2018-11-05 09:01:47委托提现操作') [ RunTime:0.0003s ]

[ 2018-11-05T09:01:50+08:00 ] 127.0.0.1 /Payment_Dfpay_add.html
INFO: [ app_init ] --START--
INFO: Run Behavior\BuildLiteBehavior [ RunTime:0.000004s ]
INFO: [ app_init ] --END-- [ RunTime:0.000025s ]
INFO: [ app_begin ] --START--
INFO: Run Behavior\ReadHtmlCacheBehavior [ RunTime:0.000871s ]
INFO: Run Behavior\CheckLangBehavior [ RunTime:0.001150s ]
INFO: [ app_begin ] --END-- [ RunTime:0.002079s ]
SQL: SHOW COLUMNS FROM `pay_websiteconfig` [ RunTime:0.0007s ]
SQL: SELECT * FROM `pay_websiteconfig` LIMIT 1   [ RunTime:0.0004s ]
SQL: SHOW COLUMNS FROM `pay_member` [ RunTime:0.0006s ]
SQL: SELECT * FROM `pay_member` WHERE `id` = 90 LIMIT 1   [ RunTime:0.0004s ]
SQL: SHOW COLUMNS FROM `pay_df_api_order` [ RunTime:0.0005s ]
SQL: SELECT COUNT(*) AS tp_count FROM `pay_df_api_order` WHERE `out_trade_no` = '20181105010150' AND `userid` = 90 LIMIT 1   [ RunTime:0.0004s ]
SQL: SHOW COLUMNS FROM `pay_pay_for_another` [ RunTime:0.0005s ]
SQL: SELECT `id` FROM `pay_pay_for_another` WHERE `status` = 1  [ RunTime:0.0003s ]
SQL: SHOW COLUMNS FROM `pay_pay_channel_extend_fields` [ RunTime:0.0005s ]
SQL: SELECT * FROM `pay_pay_channel_extend_fields` WHERE `channel_id` IN ('2')  [ RunTime:0.0003s ]
NOTIC: [8] Undefined index: HTTP_X_REAL_IP C:\work\juhe\core\Common\functions.php 第 1456 行.
SQL: INSERT INTO `pay_df_api_order` (`userid`,`trade_no`,`out_trade_no`,`money`,`bankname`,`subbranch`,`accountname`,`cardnumber`,`province`,`city`,`ip`,`check_status`,`extends`,`create_time`) VALUES ('90','H1105797106539393','20181105010150','100','10','10','10','10','10','10','127.0.0.1','1','{\"lhh\":\"10\"}','1541379710') [ RunTime:0.0003s ]
SQL: SHOW COLUMNS FROM `pay_member` [ RunTime:0.0006s ]
SQL: SELECT * FROM `pay_member` WHERE `id` = 90 LIMIT 1   FOR UPDATE  [ RunTime:0.0004s ]
SQL: SHOW COLUMNS FROM `pay_tikuanholiday` [ RunTime:0.0004s ]
SQL: SELECT `datetime` FROM `pay_tikuanholiday` LIMIT 366   [ RunTime:0.0002s ]
SQL: SHOW COLUMNS FROM `pay_tikuanconfig` [ RunTime:0.0005s ]
SQL: SELECT * FROM `pay_tikuanconfig` WHERE `userid` = 90 AND `tkzt` = 1 LIMIT 1   [ RunTime:0.0003s ]
SQL: SELECT * FROM `pay_tikuanconfig` WHERE `issystem` = 1 AND `tkzt` = 1 LIMIT 1   [ RunTime:0.0003s ]
SQL: SHOW COLUMNS FROM `pay_tklist` [ RunTime:0.0005s ]
SQL: SELECT COUNT(*) AS tp_count FROM `pay_tklist` WHERE `userid` = 90 AND `sqdatetime` BETWEEN '2018-11-05 00:00:00' AND '2018-11-05 23:59:59' LIMIT 1   [ RunTime:0.0003s ]
SQL: SELECT SUM(tkmoney) AS tp_sum FROM `pay_tklist` WHERE `userid` = 90 AND `sqdatetime` BETWEEN '2018-11-05 00:00:00' AND '2018-11-05 23:59:59' LIMIT 1   [ RunTime:0.0003s ]
SQL: SHOW COLUMNS FROM `pay_wttklist` [ RunTime:0.0019s ]
SQL: SELECT COUNT(*) AS tp_count FROM `pay_wttklist` WHERE `userid` = 90 AND `sqdatetime` BETWEEN '2018-11-05 00:00:00' AND '2018-11-05 23:59:59' LIMIT 1   [ RunTime:0.0010s ]
SQL: SELECT SUM(tkmoney) AS tp_sum FROM `pay_wttklist` WHERE `userid` = 90 AND `sqdatetime` BETWEEN '2018-11-05 00:00:00' AND '2018-11-05 23:59:59' LIMIT 1   [ RunTime:0.0016s ]
SQL: SELECT * FROM `pay_member` WHERE `id` = 89 LIMIT 1   [ RunTime:0.0006s ]
SQL: SELECT * FROM `pay_member` WHERE `id` = 88 LIMIT 1   [ RunTime:0.0006s ]
SQL: UPDATE `pay_member` SET `balance`='22.3501' WHERE `id` = 88 [ RunTime:0.0004s ]
SQL: SHOW COLUMNS FROM `pay_moneychange` [ RunTime:0.0007s ]
SQL: INSERT INTO `pay_moneychange` (`userid`,`ymoney`,`money`,`gmoney`,`datetime`,`transid`,`orderid`,`lx`,`contentstr`) VALUES ('88','17.3501','5','22.3501','2018-11-05 09:01:50','H1105797106643232','H1105797106643232','10','2018-11-05 09:01:50委托提现操作手续费') [ RunTime:0.0003s ]
SQL: UPDATE `pay_member` SET `balance`='7525.00' WHERE `id` = 90 [ RunTime:0.0003s ]
SQL: INSERT INTO `pay_wttklist` (`orderid`,`bankname`,`bankzhiname`,`banknumber`,`bankfullname`,`sheng`,`shi`,`userid`,`sqdatetime`,`status`,`t`,`tkmoney`,`sxfmoney`,`money`,`additional`,`out_trade_no`,`df_api_id`,`extends`) VALUES ('H1105797106643232','10','10','10','10','10','10','90','2018-11-05 09:01:50','0','0','100','5','100','','20181105010150','21','{\"lhh\":\"10\"}') [ RunTime:0.0003s ]
SQL: UPDATE `pay_df_api_order` SET `df_id`='10',`check_status`='1',`check_time`='1541379710' WHERE `check_status` = 1 AND `userid` = 90 AND `id` = 21 [ RunTime:0.0003s ]
SQL: INSERT INTO `pay_moneychange` (`userid`,`ymoney`,`money`,`gmoney`,`datetime`,`transid`,`orderid`,`lx`,`contentstr`) VALUES ('90','7630.0000','100','7525.00','2018-11-05 09:01:50','H1105797106643232','H1105797106643232','6','2018-11-05 09:01:50委托提现操作') [ RunTime:0.0002s ]

[ 2018-11-05T09:02:05+08:00 ] 127.0.0.1 /Payment_Dfpay_add.html
INFO: [ app_init ] --START--
INFO: Run Behavior\BuildLiteBehavior [ RunTime:0.000008s ]
INFO: [ app_init ] --END-- [ RunTime:0.000042s ]
INFO: [ app_begin ] --START--
INFO: Run Behavior\ReadHtmlCacheBehavior [ RunTime:0.000706s ]
INFO: Run Behavior\CheckLangBehavior [ RunTime:0.001087s ]
INFO: [ app_begin ] --END-- [ RunTime:0.001831s ]
SQL: SHOW COLUMNS FROM `pay_websiteconfig` [ RunTime:0.0187s ]
SQL: SELECT * FROM `pay_websiteconfig` LIMIT 1   [ RunTime:0.0005s ]
SQL: SHOW COLUMNS FROM `pay_member` [ RunTime:0.0012s ]
SQL: SELECT * FROM `pay_member` WHERE `id` = 90 LIMIT 1   [ RunTime:0.0007s ]
SQL: SHOW COLUMNS FROM `pay_df_api_order` [ RunTime:0.0007s ]
SQL: SELECT COUNT(*) AS tp_count FROM `pay_df_api_order` WHERE `out_trade_no` = '20181105010205' AND `userid` = 90 LIMIT 1   [ RunTime:0.0004s ]
SQL: SHOW COLUMNS FROM `pay_pay_for_another` [ RunTime:0.0005s ]
SQL: SELECT `id` FROM `pay_pay_for_another` WHERE `status` = 1  [ RunTime:0.0002s ]
SQL: SHOW COLUMNS FROM `pay_pay_channel_extend_fields` [ RunTime:0.0004s ]
SQL: SELECT * FROM `pay_pay_channel_extend_fields` WHERE `channel_id` IN ('2')  [ RunTime:0.0002s ]
NOTIC: [8] Undefined index: HTTP_X_REAL_IP C:\work\juhe\core\Common\functions.php 第 1456 行.
SQL: INSERT INTO `pay_df_api_order` (`userid`,`trade_no`,`out_trade_no`,`money`,`bankname`,`subbranch`,`accountname`,`cardnumber`,`province`,`city`,`ip`,`check_status`,`extends`,`create_time`) VALUES ('90','H1105797259027430','20181105010205','100','10','10','10','10','10','10','127.0.0.1','1','{\"lhh\":\"10\"}','1541379725') [ RunTime:0.0002s ]
SQL: SHOW COLUMNS FROM `pay_member` [ RunTime:0.0005s ]
SQL: SELECT * FROM `pay_member` WHERE `id` = 90 LIMIT 1   FOR UPDATE  [ RunTime:0.0003s ]
SQL: SHOW COLUMNS FROM `pay_tikuanholiday` [ RunTime:0.0004s ]
SQL: SELECT `datetime` FROM `pay_tikuanholiday` LIMIT 366   [ RunTime:0.0002s ]
SQL: SHOW COLUMNS FROM `pay_tikuanconfig` [ RunTime:0.0005s ]
SQL: SELECT * FROM `pay_tikuanconfig` WHERE `userid` = 90 AND `tkzt` = 1 LIMIT 1   [ RunTime:0.0002s ]
SQL: SELECT * FROM `pay_tikuanconfig` WHERE `issystem` = 1 AND `tkzt` = 1 LIMIT 1   [ RunTime:0.0002s ]
SQL: SHOW COLUMNS FROM `pay_tklist` [ RunTime:0.0005s ]
SQL: SELECT COUNT(*) AS tp_count FROM `pay_tklist` WHERE `userid` = 90 AND `sqdatetime` BETWEEN '2018-11-05 00:00:00' AND '2018-11-05 23:59:59' LIMIT 1   [ RunTime:0.0003s ]
SQL: SELECT SUM(tkmoney) AS tp_sum FROM `pay_tklist` WHERE `userid` = 90 AND `sqdatetime` BETWEEN '2018-11-05 00:00:00' AND '2018-11-05 23:59:59' LIMIT 1   [ RunTime:0.0002s ]
SQL: SHOW COLUMNS FROM `pay_wttklist` [ RunTime:0.0006s ]
SQL: SELECT COUNT(*) AS tp_count FROM `pay_wttklist` WHERE `userid` = 90 AND `sqdatetime` BETWEEN '2018-11-05 00:00:00' AND '2018-11-05 23:59:59' LIMIT 1   [ RunTime:0.0003s ]
SQL: SELECT SUM(tkmoney) AS tp_sum FROM `pay_wttklist` WHERE `userid` = 90 AND `sqdatetime` BETWEEN '2018-11-05 00:00:00' AND '2018-11-05 23:59:59' LIMIT 1   [ RunTime:0.0002s ]
SQL: SELECT * FROM `pay_member` WHERE `id` = 89 LIMIT 1   [ RunTime:0.0004s ]
SQL: SELECT * FROM `pay_member` WHERE `id` = 88 LIMIT 1   [ RunTime:0.0005s ]
SQL: UPDATE `pay_member` SET `balance`='27.3501' WHERE `id` = 88 [ RunTime:0.0013s ]
SQL: SHOW COLUMNS FROM `pay_moneychange` [ RunTime:0.0013s ]
SQL: INSERT INTO `pay_moneychange` (`userid`,`ymoney`,`money`,`gmoney`,`datetime`,`transid`,`orderid`,`lx`,`contentstr`) VALUES ('88','22.3501','5','27.3501','2018-11-05 09:02:05','H1105797259083744','H1105797259083744','10','2018-11-05 09:02:05委托提现操作手续费') [ RunTime:0.0007s ]
SQL: UPDATE `pay_member` SET `balance`='7420.00' WHERE `id` = 90 [ RunTime:0.0004s ]
SQL: INSERT INTO `pay_wttklist` (`orderid`,`bankname`,`bankzhiname`,`banknumber`,`bankfullname`,`sheng`,`shi`,`userid`,`sqdatetime`,`status`,`t`,`tkmoney`,`sxfmoney`,`money`,`additional`,`out_trade_no`,`df_api_id`,`extends`) VALUES ('H1105797259083744','10','10','10','10','10','10','90','2018-11-05 09:02:05','0','0','100','5','100','','20181105010205','22','{\"lhh\":\"10\"}') [ RunTime:0.0004s ]
SQL: UPDATE `pay_df_api_order` SET `df_id`='11',`check_status`='1',`check_time`='1541379725' WHERE `check_status` = 1 AND `userid` = 90 AND `id` = 22 [ RunTime:0.0005s ]
SQL: INSERT INTO `pay_moneychange` (`userid`,`ymoney`,`money`,`gmoney`,`datetime`,`transid`,`orderid`,`lx`,`contentstr`) VALUES ('90','7525.0000','100','7420.00','2018-11-05 09:02:05','H1105797259083744','H1105797259083744','6','2018-11-05 09:02:05委托提现操作') [ RunTime:0.0004s ]

[ 2018-11-05T09:08:28+08:00 ] 127.0.0.1 /Payment_Dfpay_add.html
INFO: [ app_init ] --START--
INFO: Run Behavior\BuildLiteBehavior [ RunTime:0.000005s ]
INFO: [ app_init ] --END-- [ RunTime:0.000025s ]
INFO: [ app_begin ] --START--
INFO: Run Behavior\ReadHtmlCacheBehavior [ RunTime:0.001674s ]
INFO: Run Behavior\CheckLangBehavior [ RunTime:0.001861s ]
INFO: [ app_begin ] --END-- [ RunTime:0.003628s ]
SQL: SHOW COLUMNS FROM `pay_websiteconfig` [ RunTime:0.0007s ]
SQL: SELECT * FROM `pay_websiteconfig` LIMIT 1   [ RunTime:0.0003s ]
SQL: SHOW COLUMNS FROM `pay_member` [ RunTime:0.0006s ]
SQL: SELECT * FROM `pay_member` WHERE `id` = 90 LIMIT 1   [ RunTime:0.0004s ]
SQL: SHOW COLUMNS FROM `pay_df_api_order` [ RunTime:0.0005s ]
SQL: SELECT COUNT(*) AS tp_count FROM `pay_df_api_order` WHERE `out_trade_no` = '20181105010828' AND `userid` = 90 LIMIT 1   [ RunTime:0.0003s ]
SQL: SHOW COLUMNS FROM `pay_pay_for_another` [ RunTime:0.0004s ]
SQL: SELECT `id` FROM `pay_pay_for_another` WHERE `status` = 1  [ RunTime:0.0002s ]
SQL: SHOW COLUMNS FROM `pay_pay_channel_extend_fields` [ RunTime:0.0004s ]
SQL: SELECT * FROM `pay_pay_channel_extend_fields` WHERE `channel_id` IN ('2')  [ RunTime:0.0002s ]
NOTIC: [8] Undefined index: HTTP_X_REAL_IP C:\work\juhe\core\Common\functions.php 第 1456 行.
SQL: INSERT INTO `pay_df_api_order` (`userid`,`trade_no`,`out_trade_no`,`money`,`bankname`,`subbranch`,`accountname`,`cardnumber`,`province`,`city`,`ip`,`check_status`,`extends`,`create_time`) VALUES ('90','H1105801083448981','20181105010828','100','10','10','10','10','10','10','127.0.0.1','0','{\"lhh\":\"10\"}','1541380108') [ RunTime:0.0006s ]

[ 2018-11-05T09:09:19+08:00 ] 127.0.0.1 /Payment_Dfpay_add.html
INFO: [ app_init ] --START--
INFO: Run Behavior\BuildLiteBehavior [ RunTime:0.000007s ]
INFO: [ app_init ] --END-- [ RunTime:0.000038s ]
INFO: [ app_begin ] --START--
INFO: Run Behavior\ReadHtmlCacheBehavior [ RunTime:0.000716s ]
INFO: Run Behavior\CheckLangBehavior [ RunTime:0.001066s ]
INFO: [ app_begin ] --END-- [ RunTime:0.001834s ]
SQL: SHOW COLUMNS FROM `pay_websiteconfig` [ RunTime:0.0006s ]
SQL: SELECT * FROM `pay_websiteconfig` LIMIT 1   [ RunTime:0.0003s ]
SQL: SHOW COLUMNS FROM `pay_member` [ RunTime:0.0006s ]
SQL: SELECT * FROM `pay_member` WHERE `id` = 90 LIMIT 1   [ RunTime:0.0004s ]
SQL: SHOW COLUMNS FROM `pay_df_api_order` [ RunTime:0.0005s ]
SQL: SELECT COUNT(*) AS tp_count FROM `pay_df_api_order` WHERE `out_trade_no` = '20181105010919' AND `userid` = 90 LIMIT 1   [ RunTime:0.0003s ]
SQL: SHOW COLUMNS FROM `pay_pay_for_another` [ RunTime:0.0005s ]
SQL: SELECT `id` FROM `pay_pay_for_another` WHERE `status` = 1  [ RunTime:0.0002s ]
SQL: SHOW COLUMNS FROM `pay_pay_channel_extend_fields` [ RunTime:0.0003s ]
SQL: SELECT * FROM `pay_pay_channel_extend_fields` WHERE `channel_id` IN ('2')  [ RunTime:0.0002s ]
NOTIC: [8] Undefined index: HTTP_X_REAL_IP C:\work\juhe\core\Common\functions.php 第 1456 行.
SQL: INSERT INTO `pay_df_api_order` (`userid`,`trade_no`,`out_trade_no`,`money`,`bankname`,`subbranch`,`accountname`,`cardnumber`,`province`,`city`,`ip`,`check_status`,`extends`,`create_time`) VALUES ('90','H1105801593661953','20181105010919','100','10','10','10','10','10','10','127.0.0.1','0','{\"lhh\":\"10\"}','1541380159') [ RunTime:0.0006s ]

