[ 2018-11-26T15:38:25+08:00 ] 127.0.0.1 /Payment_YYpayDf_Query.html
INFO: [ app_init ] --START--
INFO: Run Behavior\BuildLiteBehavior [ RunTime:0.000005s ]
INFO: [ app_init ] --END-- [ RunTime:0.000031s ]
INFO: [ app_begin ] --START--
INFO: Run Behavior\ReadHtmlCacheBehavior [ RunTime:0.000710s ]
INFO: Run Behavior\CheckLangBehavior [ RunTime:0.000922s ]
INFO: [ app_begin ] --END-- [ RunTime:0.001671s ]
SQL: SHOW COLUMNS FROM `pay_wttklist` [ RunTime:0.0010s ]
SQL: SELECT * FROM `pay_wttklist` WHERE `code` = 'YYpayDf'  [ RunTime:0.0005s ]
INFO: [ app_end ] --START--
INFO: Run Behavior\ShowPageTraceBehavior [ RunTime:0.000757s ]
INFO: [ app_end ] --END-- [ RunTime:0.000775s ]

[ 2018-11-26T15:38:39+08:00 ] 127.0.0.1 /Payment_YYpayDf_Query.html
INFO: [ app_init ] --START--
INFO: Run Behavior\BuildLiteBehavior [ RunTime:0.000004s ]
INFO: [ app_init ] --END-- [ RunTime:0.000026s ]
INFO: [ app_begin ] --START--
INFO: Run Behavior\ReadHtmlCacheBehavior [ RunTime:0.001844s ]
INFO: Run Behavior\CheckLangBehavior [ RunTime:0.001252s ]
INFO: [ app_begin ] --END-- [ RunTime:0.003186s ]
SQL: SHOW COLUMNS FROM `pay_wttklist` [ RunTime:0.0008s ]
SQL: SELECT * FROM `pay_wttklist` WHERE `code` = 'YYpayDf'  [ RunTime:0.0004s ]

[ 2018-11-26T15:39:21+08:00 ] 127.0.0.1 /Payment_YYpayDf_Query.html
INFO: [ app_init ] --START--
INFO: Run Behavior\BuildLiteBehavior [ RunTime:0.000005s ]
INFO: [ app_init ] --END-- [ RunTime:0.000029s ]
INFO: [ app_begin ] --START--
INFO: Run Behavior\ReadHtmlCacheBehavior [ RunTime:0.002817s ]
INFO: Run Behavior\CheckLangBehavior [ RunTime:0.001243s ]
INFO: [ app_begin ] --END-- [ RunTime:0.004143s ]
SQL: SHOW COLUMNS FROM `pay_wttklist` [ RunTime:0.0007s ]
SQL: SELECT * FROM `pay_wttklist` WHERE `code` = 'YYpayDf'  [ RunTime:0.0005s ]

[ 2018-11-26T15:40:24+08:00 ] 127.0.0.1 /Payment_YYpayDf_Query.html
INFO: [ app_init ] --START--
INFO: Run Behavior\BuildLiteBehavior [ RunTime:0.000009s ]
INFO: [ app_init ] --END-- [ RunTime:0.000045s ]
INFO: [ app_begin ] --START--
INFO: Run Behavior\ReadHtmlCacheBehavior [ RunTime:0.001079s ]
INFO: Run Behavior\CheckLangBehavior [ RunTime:0.000907s ]
INFO: [ app_begin ] --END-- [ RunTime:0.002051s ]
SQL: SHOW COLUMNS FROM `pay_wttklist` [ RunTime:0.0010s ]
SQL: SELECT * FROM `pay_wttklist` WHERE `code` = 'YYpayDf'  [ RunTime:0.0008s ]
SQL: SHOW COLUMNS FROM `pay_pay_for_another` [ RunTime:0.0012s ]
SQL: SELECT * FROM `pay_pay_for_another` WHERE `id` = 5 LIMIT 1   FOR UPDATE  [ RunTime:0.0004s ]

[ 2018-11-26T15:40:44+08:00 ] 127.0.0.1 /Payment_YYpayDf_Query.html
INFO: [ app_init ] --START--
INFO: Run Behavior\BuildLiteBehavior [ RunTime:0.000004s ]
INFO: [ app_init ] --END-- [ RunTime:0.000034s ]
INFO: [ app_begin ] --START--
INFO: Run Behavior\ReadHtmlCacheBehavior [ RunTime:0.000649s ]
INFO: Run Behavior\CheckLangBehavior [ RunTime:0.000952s ]
INFO: [ app_begin ] --END-- [ RunTime:0.001637s ]
SQL: SHOW COLUMNS FROM `pay_wttklist` [ RunTime:0.0007s ]
SQL: SELECT * FROM `pay_wttklist` WHERE `code` = 'YYpayDf'  [ RunTime:0.0005s ]
SQL: SHOW COLUMNS FROM `pay_pay_for_another` [ RunTime:0.0005s ]
SQL: SELECT * FROM `pay_pay_for_another` WHERE `id` = 5 LIMIT 1   FOR UPDATE  [ RunTime:0.0003s ]

[ 2018-11-26T15:41:48+08:00 ] 127.0.0.1 /Payment_YYpayDf_Query.html
INFO: [ app_init ] --START--
INFO: Run Behavior\BuildLiteBehavior [ RunTime:0.000004s ]
INFO: [ app_init ] --END-- [ RunTime:0.000025s ]
INFO: [ app_begin ] --START--
INFO: Run Behavior\ReadHtmlCacheBehavior [ RunTime:0.000813s ]
INFO: Run Behavior\CheckLangBehavior [ RunTime:0.000896s ]
INFO: [ app_begin ] --END-- [ RunTime:0.001749s ]
SQL: SHOW COLUMNS FROM `pay_wttklist` [ RunTime:0.0007s ]
SQL: SELECT * FROM `pay_wttklist` WHERE `code` = 'YYpayDf'  [ RunTime:0.0007s ]
SQL: SHOW COLUMNS FROM `pay_pay_for_another` [ RunTime:0.0013s ]
SQL: SELECT * FROM `pay_pay_for_another` WHERE `id` = 5 LIMIT 1   FOR UPDATE  [ RunTime:0.0011s ]

[ 2018-11-26T15:41:49+08:00 ] 127.0.0.1 /Payment_YYpayDf_Query.html
INFO: [ app_init ] --START--
INFO: Run Behavior\BuildLiteBehavior [ RunTime:0.000012s ]
INFO: [ app_init ] --END-- [ RunTime:0.000053s ]
INFO: [ app_begin ] --START--
INFO: Run Behavior\ReadHtmlCacheBehavior [ RunTime:0.000589s ]
INFO: Run Behavior\CheckLangBehavior [ RunTime:0.001892s ]
INFO: [ app_begin ] --END-- [ RunTime:0.002584s ]
SQL: SHOW COLUMNS FROM `pay_wttklist` [ RunTime:0.0007s ]
SQL: SELECT * FROM `pay_wttklist` WHERE `code` = 'YYpayDf'  [ RunTime:0.0005s ]
SQL: SHOW COLUMNS FROM `pay_pay_for_another` [ RunTime:0.0006s ]
SQL: SELECT * FROM `pay_pay_for_another` WHERE `id` = 5 LIMIT 1   FOR UPDATE  [ RunTime:0.0004s ]

[ 2018-11-26T15:41:50+08:00 ] 127.0.0.1 /Payment_YYpayDf_Query.html
INFO: [ app_init ] --START--
INFO: Run Behavior\BuildLiteBehavior [ RunTime:0.000005s ]
INFO: [ app_init ] --END-- [ RunTime:0.000030s ]
INFO: [ app_begin ] --START--
INFO: Run Behavior\ReadHtmlCacheBehavior [ RunTime:0.001163s ]
INFO: Run Behavior\CheckLangBehavior [ RunTime:0.003529s ]
INFO: [ app_begin ] --END-- [ RunTime:0.004775s ]
SQL: SHOW COLUMNS FROM `pay_wttklist` [ RunTime:0.0007s ]
SQL: SELECT * FROM `pay_wttklist` WHERE `code` = 'YYpayDf'  [ RunTime:0.0005s ]
SQL: SHOW COLUMNS FROM `pay_pay_for_another` [ RunTime:0.0005s ]
SQL: SELECT * FROM `pay_pay_for_another` WHERE `id` = 5 LIMIT 1   FOR UPDATE  [ RunTime:0.0004s ]

[ 2018-11-26T15:41:50+08:00 ] 127.0.0.1 /Payment_YYpayDf_Query.html
INFO: [ app_init ] --START--
INFO: Run Behavior\BuildLiteBehavior [ RunTime:0.000004s ]
INFO: [ app_init ] --END-- [ RunTime:0.000026s ]
INFO: [ app_begin ] --START--
INFO: Run Behavior\ReadHtmlCacheBehavior [ RunTime:0.000928s ]
INFO: Run Behavior\CheckLangBehavior [ RunTime:0.000735s ]
INFO: [ app_begin ] --END-- [ RunTime:0.001728s ]
SQL: SHOW COLUMNS FROM `pay_wttklist` [ RunTime:0.0007s ]
SQL: SELECT * FROM `pay_wttklist` WHERE `code` = 'YYpayDf'  [ RunTime:0.0005s ]
SQL: SHOW COLUMNS FROM `pay_pay_for_another` [ RunTime:0.0005s ]
SQL: SELECT * FROM `pay_pay_for_another` WHERE `id` = 5 LIMIT 1   FOR UPDATE  [ RunTime:0.0004s ]

[ 2018-11-26T15:42:38+08:00 ] 127.0.0.1 /Payment_YYpayDf_Query.html
INFO: [ app_init ] --START--
INFO: Run Behavior\BuildLiteBehavior [ RunTime:0.000004s ]
INFO: [ app_init ] --END-- [ RunTime:0.000025s ]
INFO: [ app_begin ] --START--
INFO: Run Behavior\ReadHtmlCacheBehavior [ RunTime:0.002144s ]
INFO: Run Behavior\CheckLangBehavior [ RunTime:0.003581s ]
INFO: [ app_begin ] --END-- [ RunTime:0.005833s ]
SQL: SHOW COLUMNS FROM `pay_wttklist` [ RunTime:0.0007s ]
SQL: SELECT * FROM `pay_wttklist` WHERE `code` = 'YYpayDf'  [ RunTime:0.0005s ]
SQL: SHOW COLUMNS FROM `pay_pay_for_another` [ RunTime:0.0006s ]
SQL: SELECT * FROM `pay_pay_for_another` WHERE `id` = 5 LIMIT 1   FOR UPDATE  [ RunTime:0.0003s ]

[ 2018-11-26T15:43:13+08:00 ] 127.0.0.1 /Payment_YYpayDf_Query.html
INFO: [ app_init ] --START--
INFO: Run Behavior\BuildLiteBehavior [ RunTime:0.000005s ]
INFO: [ app_init ] --END-- [ RunTime:0.000028s ]
INFO: [ app_begin ] --START--
INFO: Run Behavior\ReadHtmlCacheBehavior [ RunTime:0.000559s ]
INFO: Run Behavior\CheckLangBehavior [ RunTime:0.000841s ]
INFO: [ app_begin ] --END-- [ RunTime:0.001448s ]
SQL: SHOW COLUMNS FROM `pay_wttklist` [ RunTime:0.0007s ]
SQL: SELECT * FROM `pay_wttklist` WHERE `code` = 'YYpayDf'  [ RunTime:0.0005s ]
SQL: SHOW COLUMNS FROM `pay_pay_for_another` [ RunTime:0.0006s ]
SQL: SELECT * FROM `pay_pay_for_another` WHERE `id` = 5 LIMIT 1   FOR UPDATE  [ RunTime:0.0004s ]

[ 2018-11-26T15:43:14+08:00 ] 127.0.0.1 /Payment_YYpayDf_Query.html
INFO: [ app_init ] --START--
INFO: Run Behavior\BuildLiteBehavior [ RunTime:0.000005s ]
INFO: [ app_init ] --END-- [ RunTime:0.000026s ]
INFO: [ app_begin ] --START--
INFO: Run Behavior\ReadHtmlCacheBehavior [ RunTime:0.001084s ]
INFO: Run Behavior\CheckLangBehavior [ RunTime:0.000714s ]
INFO: [ app_begin ] --END-- [ RunTime:0.001878s ]
SQL: SHOW COLUMNS FROM `pay_wttklist` [ RunTime:0.0007s ]
SQL: SELECT * FROM `pay_wttklist` WHERE `code` = 'YYpayDf'  [ RunTime:0.0005s ]
SQL: SHOW COLUMNS FROM `pay_pay_for_another` [ RunTime:0.0005s ]
SQL: SELECT * FROM `pay_pay_for_another` WHERE `id` = 5 LIMIT 1   FOR UPDATE  [ RunTime:0.0004s ]

[ 2018-11-26T15:43:35+08:00 ] 127.0.0.1 /Payment_YYpayDf_Query.html
INFO: [ app_init ] --START--
INFO: Run Behavior\BuildLiteBehavior [ RunTime:0.000004s ]
INFO: [ app_init ] --END-- [ RunTime:0.000028s ]
INFO: [ app_begin ] --START--
INFO: Run Behavior\ReadHtmlCacheBehavior [ RunTime:0.000664s ]
INFO: Run Behavior\CheckLangBehavior [ RunTime:0.001020s ]
INFO: [ app_begin ] --END-- [ RunTime:0.001739s ]
SQL: SHOW COLUMNS FROM `pay_wttklist` [ RunTime:0.0009s ]
SQL: SELECT * FROM `pay_wttklist` WHERE `code` = 'YYpayDf'  [ RunTime:0.0013s ]
SQL: SHOW COLUMNS FROM `pay_pay_for_another` [ RunTime:0.0012s ]
SQL: SELECT * FROM `pay_pay_for_another` WHERE `id` = 5 LIMIT 1   FOR UPDATE  [ RunTime:0.0003s ]

[ 2018-11-26T15:44:02+08:00 ] 127.0.0.1 /Payment_YYpayDf_Query.html
INFO: [ app_init ] --START--
INFO: Run Behavior\BuildLiteBehavior [ RunTime:0.000024s ]
INFO: [ app_init ] --END-- [ RunTime:0.000104s ]
INFO: [ app_begin ] --START--
INFO: Run Behavior\ReadHtmlCacheBehavior [ RunTime:0.000554s ]
INFO: Run Behavior\CheckLangBehavior [ RunTime:0.000735s ]
INFO: [ app_begin ] --END-- [ RunTime:0.001328s ]
SQL: SHOW COLUMNS FROM `pay_wttklist` [ RunTime:0.0007s ]
SQL: SELECT * FROM `pay_wttklist` WHERE `code` = 'YYpayDf'  [ RunTime:0.0007s ]
SQL: SHOW COLUMNS FROM `pay_pay_for_another` [ RunTime:0.0009s ]
SQL: SELECT * FROM `pay_pay_for_another` WHERE `id` = 5 LIMIT 1   FOR UPDATE  [ RunTime:0.0010s ]

[ 2018-11-26T15:44:17+08:00 ] 127.0.0.1 /Payment_YYpayDf_Query.html
INFO: [ app_init ] --START--
INFO: Run Behavior\BuildLiteBehavior [ RunTime:0.000006s ]
INFO: [ app_init ] --END-- [ RunTime:0.000038s ]
INFO: [ app_begin ] --START--
INFO: Run Behavior\ReadHtmlCacheBehavior [ RunTime:0.000531s ]
INFO: Run Behavior\CheckLangBehavior [ RunTime:0.000894s ]
INFO: [ app_begin ] --END-- [ RunTime:0.001473s ]
SQL: SHOW COLUMNS FROM `pay_wttklist` [ RunTime:0.0008s ]
SQL: SELECT * FROM `pay_wttklist` WHERE `code` = 'YYpayDf'  [ RunTime:0.0005s ]
SQL: SHOW COLUMNS FROM `pay_pay_for_another` [ RunTime:0.0006s ]
SQL: SELECT * FROM `pay_pay_for_another` WHERE `id` = 5 LIMIT 1   FOR UPDATE  [ RunTime:0.0004s ]

[ 2018-11-26T15:48:24+08:00 ] 127.0.0.1 /Payment_YYpayDf_Query.html
INFO: [ app_init ] --START--
INFO: Run Behavior\BuildLiteBehavior [ RunTime:0.000005s ]
INFO: [ app_init ] --END-- [ RunTime:0.000031s ]
INFO: [ app_begin ] --START--
INFO: Run Behavior\ReadHtmlCacheBehavior [ RunTime:0.000628s ]
INFO: Run Behavior\CheckLangBehavior [ RunTime:0.000951s ]
INFO: [ app_begin ] --END-- [ RunTime:0.001627s ]
SQL: SHOW COLUMNS FROM `pay_wttklist` [ RunTime:0.0007s ]
SQL: SELECT * FROM `pay_wttklist` WHERE `code` = 'YYpayDf'  [ RunTime:0.0005s ]
SQL: SHOW COLUMNS FROM `pay_pay_for_another` [ RunTime:0.0006s ]
SQL: SELECT * FROM `pay_pay_for_another` WHERE `id` = 5 LIMIT 1   FOR UPDATE  [ RunTime:0.0003s ]

[ 2018-11-26T15:48:25+08:00 ] 127.0.0.1 /Payment_YYpayDf_Query.html
INFO: [ app_init ] --START--
INFO: Run Behavior\BuildLiteBehavior [ RunTime:0.000004s ]
INFO: [ app_init ] --END-- [ RunTime:0.000023s ]
INFO: [ app_begin ] --START--
INFO: Run Behavior\ReadHtmlCacheBehavior [ RunTime:0.002743s ]
INFO: Run Behavior\CheckLangBehavior [ RunTime:0.001132s ]
INFO: [ app_begin ] --END-- [ RunTime:0.003994s ]
SQL: SHOW COLUMNS FROM `pay_wttklist` [ RunTime:0.0007s ]
SQL: SELECT * FROM `pay_wttklist` WHERE `code` = 'YYpayDf'  [ RunTime:0.0005s ]
SQL: SHOW COLUMNS FROM `pay_pay_for_another` [ RunTime:0.0005s ]
SQL: SELECT * FROM `pay_pay_for_another` WHERE `id` = 5 LIMIT 1   FOR UPDATE  [ RunTime:0.0004s ]

[ 2018-11-26T15:48:26+08:00 ] 127.0.0.1 /Payment_YYpayDf_Query.html
INFO: [ app_init ] --START--
INFO: Run Behavior\BuildLiteBehavior [ RunTime:0.000003s ]
INFO: [ app_init ] --END-- [ RunTime:0.000023s ]
INFO: [ app_begin ] --START--
INFO: Run Behavior\ReadHtmlCacheBehavior [ RunTime:0.000640s ]
INFO: Run Behavior\CheckLangBehavior [ RunTime:0.002773s ]
INFO: [ app_begin ] --END-- [ RunTime:0.003523s ]
SQL: SHOW COLUMNS FROM `pay_wttklist` [ RunTime:0.0007s ]
SQL: SELECT * FROM `pay_wttklist` WHERE `code` = 'YYpayDf'  [ RunTime:0.0005s ]
SQL: SHOW COLUMNS FROM `pay_pay_for_another` [ RunTime:0.0005s ]
SQL: SELECT * FROM `pay_pay_for_another` WHERE `id` = 5 LIMIT 1   FOR UPDATE  [ RunTime:0.0004s ]

[ 2018-11-26T15:48:26+08:00 ] 127.0.0.1 /Payment_YYpayDf_Query.html
INFO: [ app_init ] --START--
INFO: Run Behavior\BuildLiteBehavior [ RunTime:0.000004s ]
INFO: [ app_init ] --END-- [ RunTime:0.000023s ]
INFO: [ app_begin ] --START--
INFO: Run Behavior\ReadHtmlCacheBehavior [ RunTime:0.000486s ]
INFO: Run Behavior\CheckLangBehavior [ RunTime:0.000780s ]
INFO: [ app_begin ] --END-- [ RunTime:0.001300s ]
SQL: SHOW COLUMNS FROM `pay_wttklist` [ RunTime:0.0008s ]
SQL: SELECT * FROM `pay_wttklist` WHERE `code` = 'YYpayDf'  [ RunTime:0.0006s ]
SQL: SHOW COLUMNS FROM `pay_pay_for_another` [ RunTime:0.0005s ]
SQL: SELECT * FROM `pay_pay_for_another` WHERE `id` = 5 LIMIT 1   FOR UPDATE  [ RunTime:0.0004s ]

[ 2018-11-26T15:48:35+08:00 ] 127.0.0.1 /Payment_YYpayDf_Query.html
INFO: [ app_init ] --START--
INFO: Run Behavior\BuildLiteBehavior [ RunTime:0.000003s ]
INFO: [ app_init ] --END-- [ RunTime:0.000025s ]
INFO: [ app_begin ] --START--
INFO: Run Behavior\ReadHtmlCacheBehavior [ RunTime:0.000815s ]
INFO: Run Behavior\CheckLangBehavior [ RunTime:0.001028s ]
INFO: [ app_begin ] --END-- [ RunTime:0.001900s ]
SQL: SHOW COLUMNS FROM `pay_wttklist` [ RunTime:0.0006s ]
SQL: SELECT * FROM `pay_wttklist` WHERE `code` = 'YYpayDf'  [ RunTime:0.0005s ]
SQL: SHOW COLUMNS FROM `pay_pay_for_another` [ RunTime:0.0004s ]
SQL: SELECT * FROM `pay_pay_for_another` WHERE `id` = 5 LIMIT 1   FOR UPDATE  [ RunTime:0.0003s ]

[ 2018-11-26T15:52:05+08:00 ] 127.0.0.1 /Payment_YYpayDf_Query.html
INFO: [ app_init ] --START--
INFO: Run Behavior\BuildLiteBehavior [ RunTime:0.000007s ]
INFO: [ app_init ] --END-- [ RunTime:0.000044s ]
INFO: [ app_begin ] --START--
INFO: Run Behavior\ReadHtmlCacheBehavior [ RunTime:0.001934s ]
INFO: Run Behavior\CheckLangBehavior [ RunTime:0.001902s ]
INFO: [ app_begin ] --END-- [ RunTime:0.003977s ]
SQL: SHOW COLUMNS FROM `pay_wttklist` [ RunTime:0.0011s ]
SQL: SELECT * FROM `pay_wttklist` WHERE `code` = 'YYpayDf'  [ RunTime:0.0006s ]
SQL: SHOW COLUMNS FROM `pay_pay_for_another` [ RunTime:0.0005s ]
SQL: SELECT * FROM `pay_pay_for_another` WHERE `id` = 5 LIMIT 1   FOR UPDATE  [ RunTime:0.0003s ]

[ 2018-11-26T15:52:28+08:00 ] 127.0.0.1 /Payment_YYpayDf_Query.html
INFO: [ app_init ] --START--
INFO: Run Behavior\BuildLiteBehavior [ RunTime:0.000007s ]
INFO: [ app_init ] --END-- [ RunTime:0.000036s ]
INFO: [ app_begin ] --START--
INFO: Run Behavior\ReadHtmlCacheBehavior [ RunTime:0.000815s ]
INFO: Run Behavior\CheckLangBehavior [ RunTime:0.001059s ]
INFO: [ app_begin ] --END-- [ RunTime:0.001918s ]
SQL: SHOW COLUMNS FROM `pay_wttklist` [ RunTime:0.0007s ]
SQL: SELECT * FROM `pay_wttklist` WHERE `code` = 'YYpayDf'  [ RunTime:0.0005s ]
SQL: SHOW COLUMNS FROM `pay_pay_for_another` [ RunTime:0.0006s ]
SQL: SELECT * FROM `pay_pay_for_another` WHERE `id` = 5 LIMIT 1   FOR UPDATE  [ RunTime:0.0003s ]

[ 2018-11-26T16:18:01+08:00 ] 127.0.0.1 /Payment_YYpayDf_Query.html
INFO: [ app_init ] --START--
INFO: Run Behavior\BuildLiteBehavior [ RunTime:0.000004s ]
INFO: [ app_init ] --END-- [ RunTime:0.000024s ]
INFO: [ app_begin ] --START--
INFO: Run Behavior\ReadHtmlCacheBehavior [ RunTime:0.000539s ]
INFO: Run Behavior\CheckLangBehavior [ RunTime:0.000716s ]
INFO: [ app_begin ] --END-- [ RunTime:0.001291s ]

[ 2018-11-26T16:18:15+08:00 ] 127.0.0.1 /Payment_YYpayDf_Query.html
INFO: [ app_init ] --START--
INFO: Run Behavior\BuildLiteBehavior [ RunTime:0.000009s ]
INFO: [ app_init ] --END-- [ RunTime:0.000050s ]
INFO: [ app_begin ] --START--
INFO: Run Behavior\ReadHtmlCacheBehavior [ RunTime:0.000731s ]
INFO: Run Behavior\CheckLangBehavior [ RunTime:0.001067s ]
INFO: [ app_begin ] --END-- [ RunTime:0.001849s ]
SQL: SHOW COLUMNS FROM `pay_wttklist` [ RunTime:0.0029s ]
SQL: SELECT * FROM `pay_wttklist` WHERE `code` = 'YYpayDf'  [ RunTime:0.0007s ]
SQL: SHOW COLUMNS FROM `pay_pay_for_another` [ RunTime:0.0006s ]
SQL: SELECT * FROM `pay_pay_for_another` WHERE `id` = 5 LIMIT 1   FOR UPDATE  [ RunTime:0.0003s ]

[ 2018-11-26T16:19:05+08:00 ] 127.0.0.1 /Payment_YYpayDf_Query.html
INFO: [ app_init ] --START--
INFO: Run Behavior\BuildLiteBehavior [ RunTime:0.000005s ]
INFO: [ app_init ] --END-- [ RunTime:0.000029s ]
INFO: [ app_begin ] --START--
INFO: Run Behavior\ReadHtmlCacheBehavior [ RunTime:0.000753s ]
INFO: Run Behavior\CheckLangBehavior [ RunTime:0.002568s ]
INFO: [ app_begin ] --END-- [ RunTime:0.003475s ]
SQL: SHOW COLUMNS FROM `pay_wttklist` [ RunTime:0.0008s ]
SQL: SELECT * FROM `pay_wttklist` WHERE `code` = 'YYpayDf'  [ RunTime:0.0005s ]
SQL: SHOW COLUMNS FROM `pay_pay_for_another` [ RunTime:0.0005s ]
SQL: SELECT * FROM `pay_pay_for_another` WHERE `id` = 5 LIMIT 1   FOR UPDATE  [ RunTime:0.0003s ]

[ 2018-11-26T16:19:07+08:00 ] 127.0.0.1 /Payment_YYpayDf_Query.html
INFO: [ app_init ] --START--
INFO: Run Behavior\BuildLiteBehavior [ RunTime:0.000015s ]
INFO: [ app_init ] --END-- [ RunTime:0.000069s ]
INFO: [ app_begin ] --START--
INFO: Run Behavior\ReadHtmlCacheBehavior [ RunTime:0.000808s ]
INFO: Run Behavior\CheckLangBehavior [ RunTime:0.001112s ]
INFO: [ app_begin ] --END-- [ RunTime:0.001979s ]
SQL: SHOW COLUMNS FROM `pay_wttklist` [ RunTime:0.0008s ]
SQL: SELECT * FROM `pay_wttklist` WHERE `code` = 'YYpayDf'  [ RunTime:0.0005s ]
SQL: SHOW COLUMNS FROM `pay_pay_for_another` [ RunTime:0.0005s ]
SQL: SELECT * FROM `pay_pay_for_another` WHERE `id` = 5 LIMIT 1   FOR UPDATE  [ RunTime:0.0004s ]

[ 2018-11-26T16:19:08+08:00 ] 127.0.0.1 /Payment_YYpayDf_Query.html
INFO: [ app_init ] --START--
INFO: Run Behavior\BuildLiteBehavior [ RunTime:0.000004s ]
INFO: [ app_init ] --END-- [ RunTime:0.000023s ]
INFO: [ app_begin ] --START--
INFO: Run Behavior\ReadHtmlCacheBehavior [ RunTime:0.002136s ]
INFO: Run Behavior\CheckLangBehavior [ RunTime:0.001050s ]
INFO: [ app_begin ] --END-- [ RunTime:0.003262s ]
SQL: SHOW COLUMNS FROM `pay_wttklist` [ RunTime:0.0016s ]
SQL: SELECT * FROM `pay_wttklist` WHERE `code` = 'YYpayDf'  [ RunTime:0.0008s ]
SQL: SHOW COLUMNS FROM `pay_pay_for_another` [ RunTime:0.0016s ]
SQL: SELECT * FROM `pay_pay_for_another` WHERE `id` = 5 LIMIT 1   FOR UPDATE  [ RunTime:0.0010s ]

[ 2018-11-26T16:19:08+08:00 ] 127.0.0.1 /Payment_YYpayDf_Query.html
INFO: [ app_init ] --START--
INFO: Run Behavior\BuildLiteBehavior [ RunTime:0.000004s ]
INFO: [ app_init ] --END-- [ RunTime:0.000024s ]
INFO: [ app_begin ] --START--
INFO: Run Behavior\ReadHtmlCacheBehavior [ RunTime:0.002656s ]
INFO: Run Behavior\CheckLangBehavior [ RunTime:0.000800s ]
INFO: [ app_begin ] --END-- [ RunTime:0.003559s ]
SQL: SHOW COLUMNS FROM `pay_wttklist` [ RunTime:0.0007s ]
SQL: SELECT * FROM `pay_wttklist` WHERE `code` = 'YYpayDf'  [ RunTime:0.0005s ]
SQL: SHOW COLUMNS FROM `pay_pay_for_another` [ RunTime:0.0005s ]
SQL: SELECT * FROM `pay_pay_for_another` WHERE `id` = 5 LIMIT 1   FOR UPDATE  [ RunTime:0.0003s ]

[ 2018-11-26T16:19:38+08:00 ] 127.0.0.1 /Payment_YYpayDf_Query.html
INFO: [ app_init ] --START--
INFO: Run Behavior\BuildLiteBehavior [ RunTime:0.000016s ]
INFO: [ app_init ] --END-- [ RunTime:0.000088s ]
INFO: [ app_begin ] --START--
INFO: Run Behavior\ReadHtmlCacheBehavior [ RunTime:0.000537s ]
INFO: Run Behavior\CheckLangBehavior [ RunTime:0.000728s ]
INFO: [ app_begin ] --END-- [ RunTime:0.001302s ]
SQL: SHOW COLUMNS FROM `pay_wttklist` [ RunTime:0.0025s ]
SQL: SELECT * FROM `pay_wttklist` WHERE `code` = 'YYpayDf'  [ RunTime:0.0009s ]
SQL: SHOW COLUMNS FROM `pay_pay_for_another` [ RunTime:0.0006s ]
SQL: SELECT * FROM `pay_pay_for_another` WHERE `id` = 5 LIMIT 1   FOR UPDATE  [ RunTime:0.0004s ]

[ 2018-11-26T16:19:39+08:00 ] 127.0.0.1 /Payment_YYpayDf_Query.html
INFO: [ app_init ] --START--
INFO: Run Behavior\BuildLiteBehavior [ RunTime:0.000004s ]
INFO: [ app_init ] --END-- [ RunTime:0.000024s ]
INFO: [ app_begin ] --START--
INFO: Run Behavior\ReadHtmlCacheBehavior [ RunTime:0.001134s ]
INFO: Run Behavior\CheckLangBehavior [ RunTime:0.000826s ]
INFO: [ app_begin ] --END-- [ RunTime:0.002026s ]
SQL: SHOW COLUMNS FROM `pay_wttklist` [ RunTime:0.0007s ]
SQL: SELECT * FROM `pay_wttklist` WHERE `code` = 'YYpayDf'  [ RunTime:0.0005s ]
SQL: SHOW COLUMNS FROM `pay_pay_for_another` [ RunTime:0.0005s ]
SQL: SELECT * FROM `pay_pay_for_another` WHERE `id` = 5 LIMIT 1   FOR UPDATE  [ RunTime:0.0003s ]

[ 2018-11-26T16:19:40+08:00 ] 127.0.0.1 /Payment_YYpayDf_Query.html
INFO: [ app_init ] --START--
INFO: Run Behavior\BuildLiteBehavior [ RunTime:0.000005s ]
INFO: [ app_init ] --END-- [ RunTime:0.000026s ]
INFO: [ app_begin ] --START--
INFO: Run Behavior\ReadHtmlCacheBehavior [ RunTime:0.000592s ]
INFO: Run Behavior\CheckLangBehavior [ RunTime:0.000815s ]
INFO: [ app_begin ] --END-- [ RunTime:0.001449s ]
SQL: SHOW COLUMNS FROM `pay_wttklist` [ RunTime:0.0007s ]
SQL: SELECT * FROM `pay_wttklist` WHERE `code` = 'YYpayDf'  [ RunTime:0.0006s ]
SQL: SHOW COLUMNS FROM `pay_pay_for_another` [ RunTime:0.0006s ]
SQL: SELECT * FROM `pay_pay_for_another` WHERE `id` = 5 LIMIT 1   FOR UPDATE  [ RunTime:0.0010s ]

[ 2018-11-26T16:19:47+08:00 ] 127.0.0.1 /Payment_YYpayDf_Query.html
INFO: [ app_init ] --START--
INFO: Run Behavior\BuildLiteBehavior [ RunTime:0.000005s ]
INFO: [ app_init ] --END-- [ RunTime:0.000027s ]
INFO: [ app_begin ] --START--
INFO: Run Behavior\ReadHtmlCacheBehavior [ RunTime:0.000613s ]
INFO: Run Behavior\CheckLangBehavior [ RunTime:0.000767s ]
INFO: [ app_begin ] --END-- [ RunTime:0.001423s ]
SQL: SHOW COLUMNS FROM `pay_wttklist` [ RunTime:0.0007s ]
SQL: SELECT * FROM `pay_wttklist` WHERE `code` = 'YYpayDf'  [ RunTime:0.0006s ]
SQL: SHOW COLUMNS FROM `pay_pay_for_another` [ RunTime:0.0011s ]
SQL: SELECT * FROM `pay_pay_for_another` WHERE `id` = 5 LIMIT 1   FOR UPDATE  [ RunTime:0.0005s ]

[ 2018-11-26T16:20:04+08:00 ] 127.0.0.1 /Payment_YYpayDf_Query.html
INFO: [ app_init ] --START--
INFO: Run Behavior\BuildLiteBehavior [ RunTime:0.000007s ]
INFO: [ app_init ] --END-- [ RunTime:0.000039s ]
INFO: [ app_begin ] --START--
INFO: Run Behavior\ReadHtmlCacheBehavior [ RunTime:0.000654s ]
INFO: Run Behavior\CheckLangBehavior [ RunTime:0.000708s ]
INFO: [ app_begin ] --END-- [ RunTime:0.001401s ]
SQL: SHOW COLUMNS FROM `pay_wttklist` [ RunTime:0.0007s ]
SQL: SELECT * FROM `pay_wttklist` WHERE `code` = 'YYpayDf'  [ RunTime:0.0006s ]
SQL: SHOW COLUMNS FROM `pay_pay_for_another` [ RunTime:0.0008s ]
SQL: SELECT * FROM `pay_pay_for_another` WHERE `id` = 5 LIMIT 1   FOR UPDATE  [ RunTime:0.0005s ]

[ 2018-11-26T16:20:20+08:00 ] 127.0.0.1 /Payment_YYpayDf_Query.html
INFO: [ app_init ] --START--
INFO: Run Behavior\BuildLiteBehavior [ RunTime:0.000006s ]
INFO: [ app_init ] --END-- [ RunTime:0.000041s ]
INFO: [ app_begin ] --START--
INFO: Run Behavior\ReadHtmlCacheBehavior [ RunTime:0.000648s ]
INFO: Run Behavior\CheckLangBehavior [ RunTime:0.002567s ]
INFO: [ app_begin ] --END-- [ RunTime:0.003411s ]
SQL: SHOW COLUMNS FROM `pay_wttklist` [ RunTime:0.0006s ]
SQL: SELECT * FROM `pay_wttklist` WHERE `code` = 'YYpayDf'  [ RunTime:0.0005s ]
SQL: SHOW COLUMNS FROM `pay_pay_for_another` [ RunTime:0.0005s ]
SQL: SELECT * FROM `pay_pay_for_another` WHERE `id` = 5 LIMIT 1   FOR UPDATE  [ RunTime:0.0003s ]

[ 2018-11-26T16:20:28+08:00 ] 127.0.0.1 /Payment_TxbPay_Query.html
INFO: [ app_init ] --START--
INFO: Run Behavior\BuildLiteBehavior [ RunTime:0.000004s ]
INFO: [ app_init ] --END-- [ RunTime:0.000023s ]
INFO: [ app_begin ] --START--
INFO: Run Behavior\ReadHtmlCacheBehavior [ RunTime:0.000486s ]
INFO: Run Behavior\CheckLangBehavior [ RunTime:0.001025s ]
INFO: [ app_begin ] --END-- [ RunTime:0.001542s ]
SQL: SHOW COLUMNS FROM `pay_wttklist` [ RunTime:0.0007s ]
SQL: SELECT * FROM `pay_wttklist` WHERE `status` = 1 AND `code` = 'TxbPay'  [ RunTime:0.0005s ]
INFO: [ app_end ] --START--
INFO: Run Behavior\ShowPageTraceBehavior [ RunTime:0.000690s ]
INFO: [ app_end ] --END-- [ RunTime:0.000712s ]

[ 2018-11-26T18:53:07+08:00 ] 127.0.0.1 /Payment_YYpayDf_Query.html
INFO: [ app_init ] --START--
INFO: Run Behavior\BuildLiteBehavior [ RunTime:0.000005s ]
INFO: [ app_init ] --END-- [ RunTime:0.000028s ]
INFO: [ app_begin ] --START--
INFO: Run Behavior\ReadHtmlCacheBehavior [ RunTime:0.000572s ]
INFO: Run Behavior\CheckLangBehavior [ RunTime:0.000826s ]
INFO: [ app_begin ] --END-- [ RunTime:0.001428s ]
SQL: SHOW COLUMNS FROM `pay_wttklist` [ RunTime:0.0012s ]
SQL: SELECT * FROM `pay_wttklist` WHERE `code` = 'YYpayDf'  [ RunTime:0.0009s ]
SQL: SHOW COLUMNS FROM `pay_pay_for_another` [ RunTime:0.0008s ]
SQL: SELECT * FROM `pay_pay_for_another` WHERE `id` = 5 LIMIT 1   FOR UPDATE  [ RunTime:0.0006s ]

[ 2018-11-26T18:57:29+08:00 ] 127.0.0.1 /Payment_YYpayDf_Query.html
INFO: [ app_init ] --START--
INFO: Run Behavior\BuildLiteBehavior [ RunTime:0.000004s ]
INFO: [ app_init ] --END-- [ RunTime:0.000028s ]
INFO: [ app_begin ] --START--
INFO: Run Behavior\ReadHtmlCacheBehavior [ RunTime:0.001676s ]
INFO: Run Behavior\CheckLangBehavior [ RunTime:0.000918s ]
INFO: [ app_begin ] --END-- [ RunTime:0.002716s ]
SQL: SHOW COLUMNS FROM `pay_wttklist` [ RunTime:0.0011s ]
SQL: SELECT * FROM `pay_wttklist` WHERE `code` = 'YYpayDf'  [ RunTime:0.0006s ]
SQL: SHOW COLUMNS FROM `pay_pay_for_another` [ RunTime:0.0013s ]
SQL: SELECT * FROM `pay_pay_for_another` WHERE `id` = 5 LIMIT 1   FOR UPDATE  [ RunTime:0.0014s ]

[ 2018-11-26T19:07:58+08:00 ] 127.0.0.1 /Payment_YYpayDf_Query.html
INFO: [ app_init ] --START--
INFO: Run Behavior\BuildLiteBehavior [ RunTime:0.000007s ]
INFO: [ app_init ] --END-- [ RunTime:0.000043s ]
INFO: [ app_begin ] --START--
INFO: Run Behavior\ReadHtmlCacheBehavior [ RunTime:0.001368s ]
INFO: Run Behavior\CheckLangBehavior [ RunTime:0.002342s ]
INFO: [ app_begin ] --END-- [ RunTime:0.003837s ]
SQL: SHOW COLUMNS FROM `pay_wttklist` [ RunTime:0.0011s ]
SQL: SELECT * FROM `pay_wttklist` WHERE `code` = 'YYpayDf'  [ RunTime:0.0007s ]
SQL: SHOW COLUMNS FROM `pay_pay_for_another` [ RunTime:0.0013s ]
SQL: SELECT * FROM `pay_pay_for_another` WHERE `id` = 5 LIMIT 1   FOR UPDATE  [ RunTime:0.0005s ]

[ 2018-11-26T19:07:59+08:00 ] 127.0.0.1 /Payment_YYpayDf_Query.html
INFO: [ app_init ] --START--
INFO: Run Behavior\BuildLiteBehavior [ RunTime:0.000004s ]
INFO: [ app_init ] --END-- [ RunTime:0.000024s ]
INFO: [ app_begin ] --START--
INFO: Run Behavior\ReadHtmlCacheBehavior [ RunTime:0.000703s ]
INFO: Run Behavior\CheckLangBehavior [ RunTime:0.000737s ]
INFO: [ app_begin ] --END-- [ RunTime:0.001487s ]
SQL: SHOW COLUMNS FROM `pay_wttklist` [ RunTime:0.0009s ]
SQL: SELECT * FROM `pay_wttklist` WHERE `code` = 'YYpayDf'  [ RunTime:0.0005s ]
SQL: SHOW COLUMNS FROM `pay_pay_for_another` [ RunTime:0.0006s ]
SQL: SELECT * FROM `pay_pay_for_another` WHERE `id` = 5 LIMIT 1   FOR UPDATE  [ RunTime:0.0004s ]

[ 2018-11-26T19:13:35+08:00 ] 127.0.0.1 /Payment_YYpayDf_Query.html
INFO: [ app_init ] --START--
INFO: Run Behavior\BuildLiteBehavior [ RunTime:0.000005s ]
INFO: [ app_init ] --END-- [ RunTime:0.000028s ]
INFO: [ app_begin ] --START--
INFO: Run Behavior\ReadHtmlCacheBehavior [ RunTime:0.001522s ]
INFO: Run Behavior\CheckLangBehavior [ RunTime:0.000857s ]
INFO: [ app_begin ] --END-- [ RunTime:0.002462s ]
SQL: SHOW COLUMNS FROM `pay_wttklist` [ RunTime:0.0007s ]
SQL: SELECT * FROM `pay_wttklist` WHERE `code` = 'YYpayDf'  [ RunTime:0.0005s ]
SQL: SHOW COLUMNS FROM `pay_pay_for_another` [ RunTime:0.0006s ]
SQL: SELECT * FROM `pay_pay_for_another` WHERE `id` = 5 LIMIT 1   FOR UPDATE  [ RunTime:0.0004s ]
SQL: SELECT * FROM `pay_wttklist` WHERE `id` = 40 LIMIT 1   FOR UPDATE  [ RunTime:0.0005s ]
SQL: SHOW COLUMNS FROM `pay_member` [ RunTime:0.0009s ]
SQL: SELECT * FROM `pay_member` WHERE `id` = 90 LIMIT 1   FOR UPDATE  [ RunTime:0.0005s ]
SQL: UPDATE `pay_wttklist` SET `status`='2',`cldatetime`='2018-11-26 19:13:34' WHERE `id` = 40 [ RunTime:0.0041s ]
SQL: SELECT * FROM `pay_pay_for_another` WHERE `id` = 5 LIMIT 1   FOR UPDATE  [ RunTime:0.0003s ]
SQL: SELECT * FROM `pay_pay_for_another` WHERE `id` = 5 LIMIT 1   FOR UPDATE  [ RunTime:0.0004s ]
SQL: SELECT * FROM `pay_pay_for_another` WHERE `id` = 5 LIMIT 1   FOR UPDATE  [ RunTime:0.0014s ]
SQL: SELECT * FROM `pay_pay_for_another` WHERE `id` = 5 LIMIT 1   FOR UPDATE  [ RunTime:0.0014s ]
SQL: SELECT * FROM `pay_pay_for_another` WHERE `id` = 5 LIMIT 1   FOR UPDATE  [ RunTime:0.0014s ]
SQL: SELECT * FROM `pay_pay_for_another` WHERE `id` = 5 LIMIT 1   FOR UPDATE  [ RunTime:0.0012s ]
SQL: SELECT * FROM `pay_wttklist` WHERE `id` = 46 LIMIT 1   FOR UPDATE  [ RunTime:0.0006s ]
SQL: SELECT * FROM `pay_member` WHERE `id` = 90 LIMIT 1   FOR UPDATE  [ RunTime:0.0010s ]
SQL: UPDATE `pay_wttklist` SET `status`='2',`cldatetime`='2018-11-26 19:13:35' WHERE `id` = 46 [ RunTime:0.0047s ]
SQL: SELECT * FROM `pay_pay_for_another` WHERE `id` = 5 LIMIT 1   FOR UPDATE  [ RunTime:0.0004s ]
SQL: SELECT * FROM `pay_wttklist` WHERE `id` = 47 LIMIT 1   FOR UPDATE  [ RunTime:0.0014s ]
SQL: SELECT * FROM `pay_member` WHERE `id` = 90 LIMIT 1   FOR UPDATE  [ RunTime:0.0014s ]
SQL: UPDATE `pay_wttklist` SET `status`='2',`cldatetime`='2018-11-26 19:13:35' WHERE `id` = 47 [ RunTime:0.0052s ]
SQL: SELECT * FROM `pay_pay_for_another` WHERE `id` = 5 LIMIT 1   FOR UPDATE  [ RunTime:0.0018s ]
SQL: SELECT * FROM `pay_wttklist` WHERE `id` = 48 LIMIT 1   FOR UPDATE  [ RunTime:0.0011s ]
SQL: SELECT * FROM `pay_member` WHERE `id` = 90 LIMIT 1   FOR UPDATE  [ RunTime:0.0009s ]
SQL: UPDATE `pay_wttklist` SET `status`='2',`cldatetime`='2018-11-26 19:13:35' WHERE `id` = 48 [ RunTime:0.0041s ]
INFO: [ app_end ] --START--
INFO: Run Behavior\ShowPageTraceBehavior [ RunTime:0.002092s ]
INFO: [ app_end ] --END-- [ RunTime:0.002146s ]

[ 2018-11-26T23:40:53+08:00 ] 127.0.0.1 /Payment_YYpayDf_notifyurl.html
INFO: [ app_init ] --START--
INFO: Run Behavior\BuildLiteBehavior [ RunTime:0.000004s ]
INFO: [ app_init ] --END-- [ RunTime:0.000025s ]
INFO: [ app_begin ] --START--
INFO: Run Behavior\ReadHtmlCacheBehavior [ RunTime:0.001878s ]
INFO: Run Behavior\CheckLangBehavior [ RunTime:0.000903s ]
INFO: [ app_begin ] --END-- [ RunTime:0.002876s ]
NOTIC: [8] Undefined index: order_num C:\work\juhe\Application\Payment\Controller\YYpayDfController.class.php 第 92 行.
NOTIC: [8] Undefined index: pay_status C:\work\juhe\Application\Payment\Controller\YYpayDfController.class.php 第 93 行.

[ 2018-11-26T23:53:10+08:00 ] 127.0.0.1 /payment_yypaydf_notifyurl.html/?order_num=H1126459072880045&pay_status=success
INFO: [ app_init ] --START--
INFO: Run Behavior\BuildLiteBehavior [ RunTime:0.000006s ]
INFO: [ app_init ] --END-- [ RunTime:0.000031s ]
INFO: [ app_begin ] --START--
INFO: Run Behavior\ReadHtmlCacheBehavior [ RunTime:0.000748s ]
INFO: Run Behavior\CheckLangBehavior [ RunTime:0.000872s ]
INFO: [ app_begin ] --END-- [ RunTime:0.001659s ]
ERR: 无法加载控制器:Yypaydf

[ 2018-11-26T23:53:30+08:00 ] 127.0.0.1 /Payment_YYpayDf_notifyurl.html/?order_num=H1126459072880045&pay_status=success
INFO: [ app_init ] --START--
INFO: Run Behavior\BuildLiteBehavior [ RunTime:0.000004s ]
INFO: [ app_init ] --END-- [ RunTime:0.000024s ]
INFO: [ app_begin ] --START--
INFO: Run Behavior\ReadHtmlCacheBehavior [ RunTime:0.000916s ]
INFO: Run Behavior\CheckLangBehavior [ RunTime:0.000957s ]
INFO: [ app_begin ] --END-- [ RunTime:0.001912s ]
SQL: SHOW COLUMNS FROM `pay_wttklist` [ RunTime:0.0025s ]
SQL: SELECT * FROM `pay_wttklist` WHERE `orderid` = 'H1126459072880045'  [ RunTime:0.0019s ]

[ 2018-11-26T23:54:17+08:00 ] 127.0.0.1 /Payment_YYpayDf_notifyurl.html/?order_num=H1126065162869627&pay_status=success
INFO: [ app_init ] --START--
INFO: Run Behavior\BuildLiteBehavior [ RunTime:0.000005s ]
INFO: [ app_init ] --END-- [ RunTime:0.000027s ]
INFO: [ app_begin ] --START--
INFO: Run Behavior\ReadHtmlCacheBehavior [ RunTime:0.000722s ]
INFO: Run Behavior\CheckLangBehavior [ RunTime:0.000830s ]
INFO: [ app_begin ] --END-- [ RunTime:0.001588s ]
SQL: SHOW COLUMNS FROM `pay_wttklist` [ RunTime:0.0010s ]
SQL: SELECT * FROM `pay_wttklist` WHERE `orderid` = 'H1126065162869627'  [ RunTime:0.0006s ]

[ 2018-11-26T23:54:35+08:00 ] 127.0.0.1 /Payment_YYpayDf_notifyurl.html/?order_num=H1126065162869627&pay_status=success
INFO: [ app_init ] --START--
INFO: Run Behavior\BuildLiteBehavior [ RunTime:0.000008s ]
INFO: [ app_init ] --END-- [ RunTime:0.000044s ]
INFO: [ app_begin ] --START--
INFO: Run Behavior\ReadHtmlCacheBehavior [ RunTime:0.000726s ]
INFO: Run Behavior\CheckLangBehavior [ RunTime:0.000872s ]
INFO: [ app_begin ] --END-- [ RunTime:0.001636s ]
SQL: SHOW COLUMNS FROM `pay_wttklist` [ RunTime:0.0008s ]
SQL: SELECT * FROM `pay_wttklist` WHERE `orderid` = 'H1126065162869627'  [ RunTime:0.0005s ]

[ 2018-11-26T23:54:45+08:00 ] 127.0.0.1 /Payment_YYpayDf_notifyurl.html/?order_num=H1126065162869627&pay_status=success
INFO: [ app_init ] --START--
INFO: Run Behavior\BuildLiteBehavior [ RunTime:0.000005s ]
INFO: [ app_init ] --END-- [ RunTime:0.000025s ]
INFO: [ app_begin ] --START--
INFO: Run Behavior\ReadHtmlCacheBehavior [ RunTime:0.000802s ]
INFO: Run Behavior\CheckLangBehavior [ RunTime:0.002524s ]
INFO: [ app_begin ] --END-- [ RunTime:0.003375s ]
SQL: SHOW COLUMNS FROM `pay_wttklist` [ RunTime:0.0010s ]
SQL: SELECT * FROM `pay_wttklist` WHERE `orderid` = 'H1126065162869627'  [ RunTime:0.0006s ]

[ 2018-11-26T23:58:40+08:00 ] 127.0.0.1 /Payment_YYpayDf_notifyurl.html/?order_num=H1126065162869627&pay_status=success
INFO: [ app_init ] --START--
INFO: Run Behavior\BuildLiteBehavior [ RunTime:0.000006s ]
INFO: [ app_init ] --END-- [ RunTime:0.000032s ]
INFO: [ app_begin ] --START--
INFO: Run Behavior\ReadHtmlCacheBehavior [ RunTime:0.001476s ]
INFO: Run Behavior\CheckLangBehavior [ RunTime:0.000912s ]
INFO: [ app_begin ] --END-- [ RunTime:0.002466s ]
SQL: SHOW COLUMNS FROM `pay_wttklist` [ RunTime:0.0010s ]
SQL: SELECT * FROM `pay_wttklist` WHERE `orderid` = 'H1126065162869627'  [ RunTime:0.0006s ]
SQL: SELECT * FROM `pay_wttklist` WHERE `id` = 40 LIMIT 1   FOR UPDATE  [ RunTime:0.0004s ]
SQL: SHOW COLUMNS FROM `pay_member` [ RunTime:0.0009s ]
SQL: SELECT * FROM `pay_member` WHERE `id` = 90 LIMIT 1   FOR UPDATE  [ RunTime:0.0006s ]
SQL: UPDATE `pay_wttklist` SET `status`='2',`cldatetime`='2018-11-26 23:58:40' WHERE `id` = 40 [ RunTime:0.0044s ]

[ 2018-11-26T23:58:40+08:00 ] 127.0.0.1 /Payment_YYpayDf_notifyurl.html/?order_num=H1126065162869627&pay_status=success
INFO: [ app_init ] --START--
INFO: Run Behavior\BuildLiteBehavior [ RunTime:0.000009s ]
INFO: [ app_init ] --END-- [ RunTime:0.000048s ]
INFO: [ app_begin ] --START--
INFO: Run Behavior\ReadHtmlCacheBehavior [ RunTime:0.000513s ]
INFO: Run Behavior\CheckLangBehavior [ RunTime:0.000699s ]
INFO: [ app_begin ] --END-- [ RunTime:0.001244s ]
SQL: SHOW COLUMNS FROM `pay_wttklist` [ RunTime:0.0008s ]
SQL: SELECT * FROM `pay_wttklist` WHERE `orderid` = 'H1126065162869627'  [ RunTime:0.0006s ]
SQL: SELECT * FROM `pay_wttklist` WHERE `id` = 40 LIMIT 1   FOR UPDATE  [ RunTime:0.0004s ]
SQL: SHOW COLUMNS FROM `pay_member` [ RunTime:0.0009s ]
SQL: SELECT * FROM `pay_member` WHERE `id` = 90 LIMIT 1   FOR UPDATE  [ RunTime:0.0004s ]
SQL: UPDATE `pay_wttklist` SET `status`='2',`cldatetime`='2018-11-26 23:58:40' WHERE `id` = 40 [ RunTime:0.0040s ]

[ 2018-11-26T23:59:07+08:00 ] 127.0.0.1 /Payment_YYpayDf_Query.html
INFO: [ app_init ] --START--
INFO: Run Behavior\BuildLiteBehavior [ RunTime:0.000004s ]
INFO: [ app_init ] --END-- [ RunTime:0.000026s ]
INFO: [ app_begin ] --START--
INFO: Run Behavior\ReadHtmlCacheBehavior [ RunTime:0.012518s ]
INFO: Run Behavior\CheckLangBehavior [ RunTime:0.001006s ]
INFO: [ app_begin ] --END-- [ RunTime:0.013575s ]
SQL: SHOW COLUMNS FROM `pay_wttklist` [ RunTime:0.0009s ]
SQL: SELECT * FROM `pay_wttklist` WHERE `code` = 'YYpayDf'  [ RunTime:0.0006s ]
SQL: SHOW COLUMNS FROM `pay_pay_for_another` [ RunTime:0.0007s ]
SQL: SELECT * FROM `pay_pay_for_another` WHERE `id` = 5 LIMIT 1   FOR UPDATE  [ RunTime:0.0004s ]
SQL: SELECT * FROM `pay_wttklist` WHERE `id` = 40 LIMIT 1   FOR UPDATE  [ RunTime:0.0020s ]
SQL: SHOW COLUMNS FROM `pay_member` [ RunTime:0.0033s ]
SQL: SELECT * FROM `pay_member` WHERE `id` = 90 LIMIT 1   FOR UPDATE  [ RunTime:0.0014s ]
SQL: UPDATE `pay_wttklist` SET `status`='2',`cldatetime`='2018-11-26 23:59:06' WHERE `id` = 40 [ RunTime:0.0042s ]
SQL: SELECT * FROM `pay_pay_for_another` WHERE `id` = 5 LIMIT 1   FOR UPDATE  [ RunTime:0.0006s ]
SQL: SELECT * FROM `pay_pay_for_another` WHERE `id` = 5 LIMIT 1   FOR UPDATE  [ RunTime:0.0014s ]
SQL: SELECT * FROM `pay_pay_for_another` WHERE `id` = 5 LIMIT 1   FOR UPDATE  [ RunTime:0.0003s ]
SQL: SELECT * FROM `pay_pay_for_another` WHERE `id` = 5 LIMIT 1   FOR UPDATE  [ RunTime:0.0005s ]
SQL: SELECT * FROM `pay_pay_for_another` WHERE `id` = 5 LIMIT 1   FOR UPDATE  [ RunTime:0.0005s ]
SQL: SELECT * FROM `pay_pay_for_another` WHERE `id` = 5 LIMIT 1   FOR UPDATE  [ RunTime:0.0004s ]
SQL: SELECT * FROM `pay_wttklist` WHERE `id` = 46 LIMIT 1   FOR UPDATE  [ RunTime:0.0006s ]
SQL: SELECT * FROM `pay_member` WHERE `id` = 90 LIMIT 1   FOR UPDATE  [ RunTime:0.0005s ]
SQL: UPDATE `pay_wttklist` SET `status`='2',`cldatetime`='2018-11-26 23:59:07' WHERE `id` = 46 [ RunTime:0.0052s ]
SQL: SELECT * FROM `pay_pay_for_another` WHERE `id` = 5 LIMIT 1   FOR UPDATE  [ RunTime:0.0003s ]
SQL: SELECT * FROM `pay_wttklist` WHERE `id` = 47 LIMIT 1   FOR UPDATE  [ RunTime:0.0005s ]
SQL: SELECT * FROM `pay_member` WHERE `id` = 90 LIMIT 1   FOR UPDATE  [ RunTime:0.0004s ]
SQL: UPDATE `pay_wttklist` SET `status`='2',`cldatetime`='2018-11-26 23:59:07' WHERE `id` = 47 [ RunTime:0.0032s ]
SQL: SELECT * FROM `pay_pay_for_another` WHERE `id` = 5 LIMIT 1   FOR UPDATE  [ RunTime:0.0003s ]
SQL: SELECT * FROM `pay_wttklist` WHERE `id` = 48 LIMIT 1   FOR UPDATE  [ RunTime:0.0006s ]
SQL: SELECT * FROM `pay_member` WHERE `id` = 90 LIMIT 1   FOR UPDATE  [ RunTime:0.0006s ]
SQL: UPDATE `pay_wttklist` SET `status`='2',`cldatetime`='2018-11-26 23:59:07' WHERE `id` = 48 [ RunTime:0.0041s ]
INFO: [ app_end ] --START--
INFO: Run Behavior\ShowPageTraceBehavior [ RunTime:0.001118s ]
INFO: [ app_end ] --END-- [ RunTime:0.001150s ]

