[ 2018-12-04T14:29:33+08:00 ] 127.0.0.1 /Payment_Dfpay_add.html
INFO: [ app_init ] --START--
INFO: Run Behavior\BuildLiteBehavior [ RunTime:0.000010s ]
INFO: [ app_init ] --END-- [ RunTime:0.000054s ]
INFO: [ app_begin ] --START--
INFO: Run Behavior\ReadHtmlCacheBehavior [ RunTime:0.000954s ]
INFO: Run Behavior\CheckLangBehavior [ RunTime:0.001744s ]
INFO: [ app_begin ] --END-- [ RunTime:0.002769s ]
SQL: SHOW COLUMNS FROM `pay_websiteconfig` [ RunTime:0.0009s ]
SQL: SELECT * FROM `pay_websiteconfig` LIMIT 1   [ RunTime:0.0004s ]
SQL: SHOW COLUMNS FROM `pay_member` [ RunTime:0.0006s ]
SQL: SELECT * FROM `pay_member` WHERE `id` = 90 LIMIT 1   [ RunTime:0.0004s ]

[ 2018-12-04T14:38:26+08:00 ] 127.0.0.1 /Payment_Dfpay_add.html
INFO: [ app_init ] --START--
INFO: Run Behavior\BuildLiteBehavior [ RunTime:0.000005s ]
INFO: [ app_init ] --END-- [ RunTime:0.000027s ]
INFO: [ app_begin ] --START--
INFO: Run Behavior\ReadHtmlCacheBehavior [ RunTime:0.002570s ]
INFO: Run Behavior\CheckLangBehavior [ RunTime:0.003583s ]
INFO: [ app_begin ] --END-- [ RunTime:0.006341s ]
SQL: SHOW COLUMNS FROM `pay_websiteconfig` [ RunTime:0.0028s ]
SQL: SELECT * FROM `pay_websiteconfig` LIMIT 1   [ RunTime:0.0008s ]
SQL: SHOW COLUMNS FROM `pay_member` [ RunTime:0.0059s ]
SQL: SELECT * FROM `pay_member` WHERE `id` = 112 LIMIT 1   [ RunTime:0.0011s ]
SQL: SHOW COLUMNS FROM `pay_df_api_order` [ RunTime:0.0071s ]
SQL: SELECT COUNT(*) AS tp_count FROM `pay_df_api_order` WHERE `out_trade_no` = '20181204063826' AND `userid` = 112 LIMIT 1   [ RunTime:0.0011s ]
SQL: SHOW COLUMNS FROM `pay_pay_for_another` [ RunTime:0.0045s ]
SQL: SELECT `id` FROM `pay_pay_for_another` WHERE `status` = 1  [ RunTime:0.0007s ]
SQL: SHOW COLUMNS FROM `pay_pay_channel_extend_fields` [ RunTime:0.0046s ]
SQL: SELECT * FROM `pay_pay_channel_extend_fields` WHERE `channel_id` IN ('2','3','4','5')  [ RunTime:0.0006s ]
NOTIC: [8] Undefined index: HTTP_X_REAL_IP C:\work\juhe\core\Common\functions.php 第 1456 行.
SQL: INSERT INTO `pay_df_api_order` (`userid`,`trade_no`,`out_trade_no`,`money`,`bankname`,`subbranch`,`accountname`,`cardnumber`,`province`,`city`,`ip`,`check_status`,`extends`,`notifyurl`,`create_time`) VALUES ('112','H1204055065425886','20181204063826','10','2','5','4','2','1','1','127.0.0.1','1','{\"lhh\":\"4\"}','http://www.juhe.com/Payment_Dfpay_add.html','1543905506') [ RunTime:0.0017s ]
SQL: SHOW COLUMNS FROM `pay_member` [ RunTime:0.0015s ]
SQL: SELECT * FROM `pay_member` WHERE `id` = 112 LIMIT 1   FOR UPDATE  [ RunTime:0.0008s ]
SQL: SHOW COLUMNS FROM `pay_tikuanholiday` [ RunTime:0.0059s ]
SQL: SELECT `datetime` FROM `pay_tikuanholiday` LIMIT 366   [ RunTime:0.0008s ]
SQL: SHOW COLUMNS FROM `pay_tikuanconfig` [ RunTime:0.0033s ]
SQL: SELECT * FROM `pay_tikuanconfig` WHERE `userid` = 112 AND `tkzt` = 1 LIMIT 1   [ RunTime:0.0010s ]
SQL: SELECT * FROM `pay_tikuanconfig` WHERE `issystem` = 1 AND `tkzt` = 1 LIMIT 1   [ RunTime:0.0005s ]
SQL: SHOW COLUMNS FROM `pay_tklist` [ RunTime:0.0034s ]
SQL: SELECT COUNT(*) AS tp_count FROM `pay_tklist` WHERE `userid` = 112 AND `sqdatetime` BETWEEN '2018-12-04 00:00:00' AND '2018-12-04 23:59:59' LIMIT 1   [ RunTime:0.0006s ]
SQL: SELECT SUM(tkmoney) AS tp_sum FROM `pay_tklist` WHERE `userid` = 112 AND `sqdatetime` BETWEEN '2018-12-04 00:00:00' AND '2018-12-04 23:59:59' LIMIT 1   [ RunTime:0.0005s ]
SQL: SHOW COLUMNS FROM `pay_wttklist` [ RunTime:0.0043s ]
SQL: SELECT COUNT(*) AS tp_count FROM `pay_wttklist` WHERE `userid` = 112 AND `sqdatetime` BETWEEN '2018-12-04 00:00:00' AND '2018-12-04 23:59:59' LIMIT 1   [ RunTime:0.0007s ]
SQL: SELECT SUM(tkmoney) AS tp_sum FROM `pay_wttklist` WHERE `userid` = 112 AND `sqdatetime` BETWEEN '2018-12-04 00:00:00' AND '2018-12-04 23:59:59' LIMIT 1   [ RunTime:0.0006s ]
SQL: UPDATE `pay_member` SET `balance`='53.00' WHERE `id` = 112 [ RunTime:0.0017s ]
SQL: INSERT INTO `pay_wttklist` (`orderid`,`bankname`,`bankzhiname`,`banknumber`,`bankfullname`,`sheng`,`shi`,`userid`,`sqdatetime`,`status`,`t`,`tkmoney`,`sxfmoney`,`money`,`additional`,`out_trade_no`,`df_api_id`,`extends`) VALUES ('H1204055065714885','2','5','2','4','1','1','112','2018-12-04 14:38:26','0','0','10','3','10','','20181204063826','1','{\"lhh\":\"4\"}') [ RunTime:0.0006s ]
SQL: UPDATE `pay_df_api_order` SET `df_id`='9',`check_status`='1',`check_time`='1543905506' WHERE `check_status` = 1 AND `userid` = 112 AND `id` = 1 [ RunTime:0.0004s ]
SQL: SHOW COLUMNS FROM `pay_moneychange` [ RunTime:0.0034s ]
SQL: INSERT INTO `pay_moneychange` (`userid`,`ymoney`,`money`,`gmoney`,`datetime`,`transid`,`orderid`,`lx`,`contentstr`) VALUES ('112','66.0000','10','53.00','2018-12-04 14:38:26','H1204055065714885','H1204055065714885','6','2018-12-04 14:38:26委托提现操作') [ RunTime:0.0006s ]

[ 2018-12-04T14:40:00+08:00 ] 127.0.0.1 /Payment_Dfpay_add.html
INFO: [ app_init ] --START--
INFO: Run Behavior\BuildLiteBehavior [ RunTime:0.000004s ]
INFO: [ app_init ] --END-- [ RunTime:0.000026s ]
INFO: [ app_begin ] --START--
INFO: Run Behavior\ReadHtmlCacheBehavior [ RunTime:0.002083s ]
INFO: Run Behavior\CheckLangBehavior [ RunTime:0.001296s ]
INFO: [ app_begin ] --END-- [ RunTime:0.003496s ]
SQL: SHOW COLUMNS FROM `pay_websiteconfig` [ RunTime:0.0014s ]
SQL: SELECT * FROM `pay_websiteconfig` LIMIT 1   [ RunTime:0.0007s ]
SQL: SHOW COLUMNS FROM `pay_member` [ RunTime:0.0016s ]
SQL: SELECT * FROM `pay_member` WHERE `id` = 112 LIMIT 1   [ RunTime:0.0010s ]
SQL: SHOW COLUMNS FROM `pay_df_api_order` [ RunTime:0.0102s ]
SQL: SELECT COUNT(*) AS tp_count FROM `pay_df_api_order` WHERE `out_trade_no` = '20181204064000' AND `userid` = 112 LIMIT 1   [ RunTime:0.0007s ]
SQL: SHOW COLUMNS FROM `pay_pay_for_another` [ RunTime:0.0036s ]
SQL: SELECT `id` FROM `pay_pay_for_another` WHERE `status` = 1  [ RunTime:0.0007s ]
SQL: SHOW COLUMNS FROM `pay_pay_channel_extend_fields` [ RunTime:0.0041s ]
SQL: SELECT * FROM `pay_pay_channel_extend_fields` WHERE `channel_id` IN ('2','3','4','5')  [ RunTime:0.0006s ]
NOTIC: [8] Undefined index: HTTP_X_REAL_IP C:\work\juhe\core\Common\functions.php 第 1456 行.
SQL: INSERT INTO `pay_df_api_order` (`userid`,`trade_no`,`out_trade_no`,`money`,`bankname`,`subbranch`,`accountname`,`cardnumber`,`province`,`city`,`ip`,`check_status`,`extends`,`notifyurl`,`create_time`) VALUES ('112','H1204056003334279','20181204064000','21','2','5','4','2','1','1','127.0.0.1','1','{\"lhh\":\"4\"}','http://www.juhe.com/Payment_Dfpay_add.html','1543905600') [ RunTime:0.0022s ]
SQL: SHOW COLUMNS FROM `pay_member` [ RunTime:0.0097s ]
SQL: SELECT * FROM `pay_member` WHERE `id` = 112 LIMIT 1   FOR UPDATE  [ RunTime:0.0008s ]
SQL: SHOW COLUMNS FROM `pay_tikuanholiday` [ RunTime:0.0025s ]
SQL: SELECT `datetime` FROM `pay_tikuanholiday` LIMIT 366   [ RunTime:0.0005s ]
SQL: SHOW COLUMNS FROM `pay_tikuanconfig` [ RunTime:0.0026s ]
SQL: SELECT * FROM `pay_tikuanconfig` WHERE `userid` = 112 AND `tkzt` = 1 LIMIT 1   [ RunTime:0.0011s ]
SQL: SELECT * FROM `pay_tikuanconfig` WHERE `issystem` = 1 AND `tkzt` = 1 LIMIT 1   [ RunTime:0.0018s ]
SQL: SHOW COLUMNS FROM `pay_tklist` [ RunTime:0.0050s ]
SQL: SELECT COUNT(*) AS tp_count FROM `pay_tklist` WHERE `userid` = 112 AND `sqdatetime` BETWEEN '2018-12-04 00:00:00' AND '2018-12-04 23:59:59' LIMIT 1   [ RunTime:0.0012s ]
SQL: SELECT SUM(tkmoney) AS tp_sum FROM `pay_tklist` WHERE `userid` = 112 AND `sqdatetime` BETWEEN '2018-12-04 00:00:00' AND '2018-12-04 23:59:59' LIMIT 1   [ RunTime:0.0008s ]
SQL: SHOW COLUMNS FROM `pay_wttklist` [ RunTime:0.0036s ]
SQL: SELECT COUNT(*) AS tp_count FROM `pay_wttklist` WHERE `userid` = 112 AND `sqdatetime` BETWEEN '2018-12-04 00:00:00' AND '2018-12-04 23:59:59' LIMIT 1   [ RunTime:0.0008s ]
SQL: SELECT SUM(tkmoney) AS tp_sum FROM `pay_wttklist` WHERE `userid` = 112 AND `sqdatetime` BETWEEN '2018-12-04 00:00:00' AND '2018-12-04 23:59:59' LIMIT 1   [ RunTime:0.0006s ]
SQL: UPDATE `pay_member` SET `balance`='29.00' WHERE `id` = 112 [ RunTime:0.0017s ]
SQL: INSERT INTO `pay_wttklist` (`orderid`,`bankname`,`bankzhiname`,`banknumber`,`bankfullname`,`sheng`,`shi`,`userid`,`sqdatetime`,`status`,`t`,`tkmoney`,`sxfmoney`,`money`,`additional`,`out_trade_no`,`df_api_id`,`extends`) VALUES ('H1204056003702935','2','5','2','4','1','1','112','2018-12-04 14:40:00','0','0','21','3','21','','20181204064000','2','{\"lhh\":\"4\"}') [ RunTime:0.0007s ]
SQL: UPDATE `pay_df_api_order` SET `df_id`='10',`check_status`='1',`check_time`='1543905600' WHERE `check_status` = 1 AND `userid` = 112 AND `id` = 2 [ RunTime:0.0013s ]
SQL: SHOW COLUMNS FROM `pay_moneychange` [ RunTime:0.0096s ]
SQL: INSERT INTO `pay_moneychange` (`userid`,`ymoney`,`money`,`gmoney`,`datetime`,`transid`,`orderid`,`lx`,`contentstr`) VALUES ('112','53.0000','21','29.00','2018-12-04 14:40:00','H1204056003702935','H1204056003702935','6','2018-12-04 14:40:00委托提现操作') [ RunTime:0.0006s ]

[ 2018-12-04T16:23:18+08:00 ] 127.0.0.1 /Payment_Dfpay_add.html
INFO: [ app_init ] --START--
INFO: Run Behavior\BuildLiteBehavior [ RunTime:0.000012s ]
INFO: [ app_init ] --END-- [ RunTime:0.000145s ]
INFO: [ app_begin ] --START--
INFO: Run Behavior\ReadHtmlCacheBehavior [ RunTime:0.000781s ]
INFO: Run Behavior\CheckLangBehavior [ RunTime:0.001069s ]
INFO: [ app_begin ] --END-- [ RunTime:0.001887s ]
SQL: SHOW COLUMNS FROM `pay_websiteconfig` [ RunTime:0.0008s ]
SQL: SELECT * FROM `pay_websiteconfig` LIMIT 1   [ RunTime:0.0004s ]
SQL: SHOW COLUMNS FROM `pay_member` [ RunTime:0.0009s ]
SQL: SELECT * FROM `pay_member` WHERE `id` = 109 LIMIT 1   [ RunTime:0.0009s ]
SQL: SHOW COLUMNS FROM `pay_df_api_order` [ RunTime:0.0006s ]
SQL: SELECT COUNT(*) AS tp_count FROM `pay_df_api_order` WHERE `out_trade_no` = '20181204082318' AND `userid` = 109 LIMIT 1   [ RunTime:0.0003s ]
SQL: SHOW COLUMNS FROM `pay_pay_for_another` [ RunTime:0.0014s ]
SQL: SELECT `id` FROM `pay_pay_for_another` WHERE `status` = 1  [ RunTime:0.0003s ]
SQL: SHOW COLUMNS FROM `pay_pay_channel_extend_fields` [ RunTime:0.0014s ]
SQL: SELECT * FROM `pay_pay_channel_extend_fields` WHERE `channel_id` IN ('2','3','4','5')  [ RunTime:0.0007s ]
NOTIC: [8] Undefined index: HTTP_X_REAL_IP C:\work\juhe\core\Common\functions.php 第 1456 行.
SQL: INSERT INTO `pay_df_api_order` (`userid`,`trade_no`,`out_trade_no`,`money`,`bankname`,`subbranch`,`accountname`,`cardnumber`,`province`,`city`,`ip`,`check_status`,`extends`,`notifyurl`,`create_time`) VALUES ('109','H1204117983447231','20181204082318','12','1','1','1','1','1','1','127.0.0.1','1','{\"lhh\":\"1\"}','http://www.juhe.com/Payment_Dfpay_add.html','1543911798') [ RunTime:0.0008s ]
SQL: SHOW COLUMNS FROM `pay_member` [ RunTime:0.0009s ]
SQL: SELECT * FROM `pay_member` WHERE `id` = 109 LIMIT 1   FOR UPDATE  [ RunTime:0.0006s ]
SQL: SHOW COLUMNS FROM `pay_tikuanholiday` [ RunTime:0.0016s ]
SQL: SELECT `datetime` FROM `pay_tikuanholiday` LIMIT 366   [ RunTime:0.0013s ]
SQL: SHOW COLUMNS FROM `pay_tikuanconfig` [ RunTime:0.0013s ]
SQL: SELECT * FROM `pay_tikuanconfig` WHERE `userid` = 109 AND `tkzt` = 1 LIMIT 1   [ RunTime:0.0003s ]
SQL: SELECT * FROM `pay_tikuanconfig` WHERE `issystem` = 1 AND `tkzt` = 1 LIMIT 1   [ RunTime:0.0003s ]
SQL: SHOW COLUMNS FROM `pay_tklist` [ RunTime:0.0014s ]
SQL: SELECT COUNT(*) AS tp_count FROM `pay_tklist` WHERE `userid` = 109 AND `sqdatetime` BETWEEN '2018-12-04 00:00:00' AND '2018-12-04 23:59:59' LIMIT 1   [ RunTime:0.0003s ]
SQL: SELECT SUM(tkmoney) AS tp_sum FROM `pay_tklist` WHERE `userid` = 109 AND `sqdatetime` BETWEEN '2018-12-04 00:00:00' AND '2018-12-04 23:59:59' LIMIT 1   [ RunTime:0.0003s ]
SQL: SHOW COLUMNS FROM `pay_wttklist` [ RunTime:0.0006s ]
SQL: SELECT COUNT(*) AS tp_count FROM `pay_wttklist` WHERE `userid` = 109 AND `sqdatetime` BETWEEN '2018-12-04 00:00:00' AND '2018-12-04 23:59:59' LIMIT 1   [ RunTime:0.0003s ]
SQL: SELECT SUM(tkmoney) AS tp_sum FROM `pay_wttklist` WHERE `userid` = 109 AND `sqdatetime` BETWEEN '2018-12-04 00:00:00' AND '2018-12-04 23:59:59' LIMIT 1   [ RunTime:0.0003s ]

[ 2018-12-04T16:23:56+08:00 ] 127.0.0.1 /Payment_Dfpay_add.html
INFO: [ app_init ] --START--
INFO: Run Behavior\BuildLiteBehavior [ RunTime:0.000004s ]
INFO: [ app_init ] --END-- [ RunTime:0.000024s ]
INFO: [ app_begin ] --START--
INFO: Run Behavior\ReadHtmlCacheBehavior [ RunTime:0.001288s ]
INFO: Run Behavior\CheckLangBehavior [ RunTime:0.003474s ]
INFO: [ app_begin ] --END-- [ RunTime:0.004872s ]
SQL: SHOW COLUMNS FROM `pay_websiteconfig` [ RunTime:0.0006s ]
SQL: SELECT * FROM `pay_websiteconfig` LIMIT 1   [ RunTime:0.0003s ]
SQL: SHOW COLUMNS FROM `pay_member` [ RunTime:0.0006s ]
SQL: SELECT * FROM `pay_member` WHERE `id` = 109 LIMIT 1   [ RunTime:0.0003s ]
SQL: SHOW COLUMNS FROM `pay_df_api_order` [ RunTime:0.0013s ]
SQL: SELECT COUNT(*) AS tp_count FROM `pay_df_api_order` WHERE `out_trade_no` = '20181204082355' AND `userid` = 109 LIMIT 1   [ RunTime:0.0003s ]
SQL: SHOW COLUMNS FROM `pay_pay_for_another` [ RunTime:0.0013s ]
SQL: SELECT `id` FROM `pay_pay_for_another` WHERE `status` = 1  [ RunTime:0.0003s ]
SQL: SHOW COLUMNS FROM `pay_pay_channel_extend_fields` [ RunTime:0.0012s ]
SQL: SELECT * FROM `pay_pay_channel_extend_fields` WHERE `channel_id` IN ('2','3','4','5')  [ RunTime:0.0003s ]
NOTIC: [8] Undefined index: HTTP_X_REAL_IP C:\work\juhe\core\Common\functions.php 第 1456 行.
SQL: INSERT INTO `pay_df_api_order` (`userid`,`trade_no`,`out_trade_no`,`money`,`bankname`,`subbranch`,`accountname`,`cardnumber`,`province`,`city`,`ip`,`check_status`,`extends`,`notifyurl`,`create_time`) VALUES ('109','H1204118360164519','20181204082355','12','1','1','1','1','1','1','127.0.0.1','1','{\"lhh\":\"1\"}','http://www.juhe.com/Payment_Dfpay_add.html','1543911836') [ RunTime:0.0008s ]
SQL: SHOW COLUMNS FROM `pay_member` [ RunTime:0.0079s ]
SQL: SELECT * FROM `pay_member` WHERE `id` = 109 LIMIT 1   FOR UPDATE  [ RunTime:0.0004s ]
SQL: SHOW COLUMNS FROM `pay_tikuanholiday` [ RunTime:0.0011s ]
SQL: SELECT `datetime` FROM `pay_tikuanholiday` LIMIT 366   [ RunTime:0.0003s ]
SQL: SHOW COLUMNS FROM `pay_tikuanconfig` [ RunTime:0.0005s ]
SQL: SELECT * FROM `pay_tikuanconfig` WHERE `userid` = 109 AND `tkzt` = 1 LIMIT 1   [ RunTime:0.0003s ]
SQL: SELECT * FROM `pay_tikuanconfig` WHERE `issystem` = 1 AND `tkzt` = 1 LIMIT 1   [ RunTime:0.0003s ]
SQL: SHOW COLUMNS FROM `pay_tklist` [ RunTime:0.0013s ]
SQL: SELECT COUNT(*) AS tp_count FROM `pay_tklist` WHERE `userid` = 109 AND `sqdatetime` BETWEEN '2018-12-04 00:00:00' AND '2018-12-04 23:59:59' LIMIT 1   [ RunTime:0.0003s ]
SQL: SELECT SUM(tkmoney) AS tp_sum FROM `pay_tklist` WHERE `userid` = 109 AND `sqdatetime` BETWEEN '2018-12-04 00:00:00' AND '2018-12-04 23:59:59' LIMIT 1   [ RunTime:0.0003s ]
SQL: SHOW COLUMNS FROM `pay_wttklist` [ RunTime:0.0014s ]
SQL: SELECT COUNT(*) AS tp_count FROM `pay_wttklist` WHERE `userid` = 109 AND `sqdatetime` BETWEEN '2018-12-04 00:00:00' AND '2018-12-04 23:59:59' LIMIT 1   [ RunTime:0.0003s ]
SQL: SELECT SUM(tkmoney) AS tp_sum FROM `pay_wttklist` WHERE `userid` = 109 AND `sqdatetime` BETWEEN '2018-12-04 00:00:00' AND '2018-12-04 23:59:59' LIMIT 1   [ RunTime:0.0003s ]
SQL: UPDATE `pay_member` SET `balance`='985.00' WHERE `id` = 109 [ RunTime:0.0005s ]
SQL: INSERT INTO `pay_wttklist` (`orderid`,`bankname`,`bankzhiname`,`banknumber`,`bankfullname`,`sheng`,`shi`,`userid`,`sqdatetime`,`status`,`t`,`tkmoney`,`sxfmoney`,`money`,`additional`,`out_trade_no`,`df_api_id`,`extends`) VALUES ('H1204118360329130','1','1','1','1','1','1','109','2018-12-04 16:23:56','0','0','12','3','12','','20181204082355','4','{\"lhh\":\"1\"}') [ RunTime:0.0004s ]
SQL: UPDATE `pay_df_api_order` SET `df_id`='11',`check_status`='1',`check_time`='1543911836' WHERE `check_status` = 1 AND `userid` = 109 AND `id` = 4 [ RunTime:0.0003s ]
SQL: SHOW COLUMNS FROM `pay_moneychange` [ RunTime:0.0025s ]
SQL: INSERT INTO `pay_moneychange` (`userid`,`ymoney`,`money`,`gmoney`,`datetime`,`transid`,`orderid`,`lx`,`contentstr`) VALUES ('109','1000.0000','12','985.00','2018-12-04 16:23:56','H1204118360329130','H1204118360329130','6','2018-12-04 16:23:56委托提现操作') [ RunTime:0.0017s ]

[ 2018-12-04T16:25:54+08:00 ] 127.0.0.1 /Payment_Dfpay_add.html
INFO: [ app_init ] --START--
INFO: Run Behavior\BuildLiteBehavior [ RunTime:0.000005s ]
INFO: [ app_init ] --END-- [ RunTime:0.000025s ]
INFO: [ app_begin ] --START--
INFO: Run Behavior\ReadHtmlCacheBehavior [ RunTime:0.000807s ]
INFO: Run Behavior\CheckLangBehavior [ RunTime:0.001093s ]
INFO: [ app_begin ] --END-- [ RunTime:0.001941s ]
SQL: SHOW COLUMNS FROM `pay_websiteconfig` [ RunTime:0.0033s ]
SQL: SELECT * FROM `pay_websiteconfig` LIMIT 1   [ RunTime:0.0012s ]
SQL: SHOW COLUMNS FROM `pay_member` [ RunTime:0.0012s ]
SQL: SELECT * FROM `pay_member` WHERE `id` = 109 LIMIT 1   [ RunTime:0.0005s ]
SQL: SHOW COLUMNS FROM `pay_df_api_order` [ RunTime:0.0006s ]
SQL: SELECT COUNT(*) AS tp_count FROM `pay_df_api_order` WHERE `out_trade_no` = '20181204082554' AND `userid` = 109 LIMIT 1   [ RunTime:0.0003s ]
SQL: SHOW COLUMNS FROM `pay_pay_for_another` [ RunTime:0.0005s ]
SQL: SELECT `id` FROM `pay_pay_for_another` WHERE `status` = 1  [ RunTime:0.0003s ]
SQL: SHOW COLUMNS FROM `pay_pay_channel_extend_fields` [ RunTime:0.0004s ]
SQL: SELECT * FROM `pay_pay_channel_extend_fields` WHERE `channel_id` IN ('2','3','4','5')  [ RunTime:0.0002s ]
NOTIC: [8] Undefined index: HTTP_X_REAL_IP C:\work\juhe\core\Common\functions.php 第 1456 行.
SQL: INSERT INTO `pay_df_api_order` (`userid`,`trade_no`,`out_trade_no`,`money`,`bankname`,`subbranch`,`accountname`,`cardnumber`,`province`,`city`,`ip`,`check_status`,`extends`,`notifyurl`,`create_time`) VALUES ('109','H1204119542088242','20181204082554','15','1','1','1','1','1','1','127.0.0.1','1','{\"lhh\":\"1\"}','http://www.juhe.com/Payment_Dfpay_add.html','1543911954') [ RunTime:0.0006s ]
SQL: SHOW COLUMNS FROM `pay_member` [ RunTime:0.0006s ]
SQL: SELECT * FROM `pay_member` WHERE `id` = 109 LIMIT 1   FOR UPDATE  [ RunTime:0.0003s ]
SQL: SHOW COLUMNS FROM `pay_tikuanholiday` [ RunTime:0.0004s ]
SQL: SELECT `datetime` FROM `pay_tikuanholiday` LIMIT 366   [ RunTime:0.0003s ]
SQL: SHOW COLUMNS FROM `pay_tikuanconfig` [ RunTime:0.0005s ]
SQL: SELECT * FROM `pay_tikuanconfig` WHERE `userid` = 109 AND `tkzt` = 1 LIMIT 1   [ RunTime:0.0003s ]
SQL: SELECT * FROM `pay_tikuanconfig` WHERE `issystem` = 1 AND `tkzt` = 1 LIMIT 1   [ RunTime:0.0003s ]
SQL: SHOW COLUMNS FROM `pay_tklist` [ RunTime:0.0005s ]
SQL: SELECT COUNT(*) AS tp_count FROM `pay_tklist` WHERE `userid` = 109 AND `sqdatetime` BETWEEN '2018-12-04 00:00:00' AND '2018-12-04 23:59:59' LIMIT 1   [ RunTime:0.0003s ]
SQL: SELECT SUM(tkmoney) AS tp_sum FROM `pay_tklist` WHERE `userid` = 109 AND `sqdatetime` BETWEEN '2018-12-04 00:00:00' AND '2018-12-04 23:59:59' LIMIT 1   [ RunTime:0.0002s ]
SQL: SHOW COLUMNS FROM `pay_wttklist` [ RunTime:0.0005s ]
SQL: SELECT COUNT(*) AS tp_count FROM `pay_wttklist` WHERE `userid` = 109 AND `sqdatetime` BETWEEN '2018-12-04 00:00:00' AND '2018-12-04 23:59:59' LIMIT 1   [ RunTime:0.0003s ]
SQL: SELECT SUM(tkmoney) AS tp_sum FROM `pay_wttklist` WHERE `userid` = 109 AND `sqdatetime` BETWEEN '2018-12-04 00:00:00' AND '2018-12-04 23:59:59' LIMIT 1   [ RunTime:0.0003s ]
SQL: UPDATE `pay_member` SET `balance`='967.00' WHERE `id` = 109 [ RunTime:0.0013s ]
SQL: INSERT INTO `pay_wttklist` (`orderid`,`bankname`,`bankzhiname`,`banknumber`,`bankfullname`,`sheng`,`shi`,`userid`,`sqdatetime`,`status`,`t`,`tkmoney`,`sxfmoney`,`money`,`additional`,`out_trade_no`,`df_api_id`,`extends`) VALUES ('H1204119542151960','1','1','1','1','1','1','109','2018-12-04 16:25:54','0','0','15','3','15','','20181204082554','5','{\"lhh\":\"1\"}') [ RunTime:0.0004s ]
SQL: UPDATE `pay_df_api_order` SET `df_id`='12',`check_status`='1',`check_time`='1543911954' WHERE `check_status` = 1 AND `userid` = 109 AND `id` = 5 [ RunTime:0.0003s ]
SQL: SHOW COLUMNS FROM `pay_moneychange` [ RunTime:0.0006s ]
SQL: INSERT INTO `pay_moneychange` (`userid`,`ymoney`,`money`,`gmoney`,`datetime`,`transid`,`orderid`,`lx`,`contentstr`) VALUES ('109','985.0000','15','967.00','2018-12-04 16:25:54','H1204119542151960','H1204119542151960','6','2018-12-04 16:25:54委托提现操作') [ RunTime:0.0003s ]

[ 2018-12-04T16:32:03+08:00 ] 127.0.0.1 /Payment_Dfpay_add.html
INFO: [ app_init ] --START--
INFO: Run Behavior\BuildLiteBehavior [ RunTime:0.000005s ]
INFO: [ app_init ] --END-- [ RunTime:0.000030s ]
INFO: [ app_begin ] --START--
INFO: Run Behavior\ReadHtmlCacheBehavior [ RunTime:0.000749s ]
INFO: Run Behavior\CheckLangBehavior [ RunTime:0.001249s ]
INFO: [ app_begin ] --END-- [ RunTime:0.002043s ]
SQL: SHOW COLUMNS FROM `pay_websiteconfig` [ RunTime:0.0009s ]
SQL: SELECT * FROM `pay_websiteconfig` LIMIT 1   [ RunTime:0.0005s ]
SQL: SHOW COLUMNS FROM `pay_member` [ RunTime:0.0008s ]
SQL: SELECT * FROM `pay_member` WHERE `id` = 109 LIMIT 1   [ RunTime:0.0015s ]

[ 2018-12-04T16:32:19+08:00 ] 127.0.0.1 /Payment_Dfpay_add.html
INFO: [ app_init ] --START--
INFO: Run Behavior\BuildLiteBehavior [ RunTime:0.000006s ]
INFO: [ app_init ] --END-- [ RunTime:0.000035s ]
INFO: [ app_begin ] --START--
INFO: Run Behavior\ReadHtmlCacheBehavior [ RunTime:0.001618s ]
INFO: Run Behavior\CheckLangBehavior [ RunTime:0.002588s ]
INFO: [ app_begin ] --END-- [ RunTime:0.004321s ]
SQL: SHOW COLUMNS FROM `pay_websiteconfig` [ RunTime:0.0006s ]
SQL: SELECT * FROM `pay_websiteconfig` LIMIT 1   [ RunTime:0.0003s ]
SQL: SHOW COLUMNS FROM `pay_member` [ RunTime:0.0006s ]
SQL: SELECT * FROM `pay_member` WHERE `id` = 109 LIMIT 1   [ RunTime:0.0004s ]

[ 2018-12-04T16:32:27+08:00 ] 127.0.0.1 /Payment_Dfpay_add.html
INFO: [ app_init ] --START--
INFO: Run Behavior\BuildLiteBehavior [ RunTime:0.000005s ]
INFO: [ app_init ] --END-- [ RunTime:0.000025s ]
INFO: [ app_begin ] --START--
INFO: Run Behavior\ReadHtmlCacheBehavior [ RunTime:0.001068s ]
INFO: Run Behavior\CheckLangBehavior [ RunTime:0.002847s ]
INFO: [ app_begin ] --END-- [ RunTime:0.004086s ]
SQL: SHOW COLUMNS FROM `pay_websiteconfig` [ RunTime:0.0007s ]
SQL: SELECT * FROM `pay_websiteconfig` LIMIT 1   [ RunTime:0.0013s ]
SQL: SHOW COLUMNS FROM `pay_member` [ RunTime:0.0007s ]
SQL: SELECT * FROM `pay_member` WHERE `id` = 109 LIMIT 1   [ RunTime:0.0004s ]
SQL: SHOW COLUMNS FROM `pay_member` [ RunTime:0.0006s ]
ERR: Call to undefined function Payment\Controller\getField()

[ 2018-12-04T16:32:44+08:00 ] 127.0.0.1 /Payment_Dfpay_add.html
INFO: [ app_init ] --START--
INFO: Run Behavior\BuildLiteBehavior [ RunTime:0.000017s ]
INFO: [ app_init ] --END-- [ RunTime:0.000068s ]
INFO: [ app_begin ] --START--
INFO: Run Behavior\ReadHtmlCacheBehavior [ RunTime:0.001893s ]
INFO: Run Behavior\CheckLangBehavior [ RunTime:0.001567s ]
INFO: [ app_begin ] --END-- [ RunTime:0.003544s ]
SQL: SHOW COLUMNS FROM `pay_websiteconfig` [ RunTime:0.0006s ]
SQL: SELECT * FROM `pay_websiteconfig` LIMIT 1   [ RunTime:0.0004s ]
SQL: SHOW COLUMNS FROM `pay_member` [ RunTime:0.0008s ]
SQL: SELECT * FROM `pay_member` WHERE `id` = 109 LIMIT 1   [ RunTime:0.0004s ]
SQL: SHOW COLUMNS FROM `pay_member` [ RunTime:0.0006s ]
SQL: SELECT `balance` FROM `pay_member`  [ RunTime:0.0003s ]
SQL: SHOW COLUMNS FROM `pay_df_api_order` [ RunTime:0.0014s ]
SQL: SELECT COUNT(*) AS tp_count FROM `pay_df_api_order` WHERE `out_trade_no` = '20181204083243' AND `userid` = 109 LIMIT 1   [ RunTime:0.0003s ]
SQL: SHOW COLUMNS FROM `pay_pay_for_another` [ RunTime:0.0014s ]
SQL: SELECT `id` FROM `pay_pay_for_another` WHERE `status` = 1  [ RunTime:0.0003s ]
SQL: SHOW COLUMNS FROM `pay_pay_channel_extend_fields` [ RunTime:0.0013s ]
SQL: SELECT * FROM `pay_pay_channel_extend_fields` WHERE `channel_id` IN ('2','3','4','5')  [ RunTime:0.0003s ]
NOTIC: [8] Undefined index: HTTP_X_REAL_IP C:\work\juhe\core\Common\functions.php 第 1456 行.
SQL: INSERT INTO `pay_df_api_order` (`userid`,`trade_no`,`out_trade_no`,`money`,`bankname`,`subbranch`,`accountname`,`cardnumber`,`province`,`city`,`ip`,`check_status`,`extends`,`notifyurl`,`create_time`) VALUES ('109','H1204123640164963','20181204083243','50000','1','1','1','1','1','1','127.0.0.1','1','{\"lhh\":\"1\"}','http://www.juhe.com/Payment_Dfpay_add.html','1543912364') [ RunTime:0.0007s ]
SQL: SHOW COLUMNS FROM `pay_member` [ RunTime:0.0079s ]
SQL: SELECT * FROM `pay_member` WHERE `id` = 109 LIMIT 1   FOR UPDATE  [ RunTime:0.0004s ]
SQL: SHOW COLUMNS FROM `pay_tikuanholiday` [ RunTime:0.0011s ]
SQL: SELECT `datetime` FROM `pay_tikuanholiday` LIMIT 366   [ RunTime:0.0002s ]
SQL: SHOW COLUMNS FROM `pay_tikuanconfig` [ RunTime:0.0011s ]
SQL: SELECT * FROM `pay_tikuanconfig` WHERE `userid` = 109 AND `tkzt` = 1 LIMIT 1   [ RunTime:0.0003s ]
SQL: SELECT * FROM `pay_tikuanconfig` WHERE `issystem` = 1 AND `tkzt` = 1 LIMIT 1   [ RunTime:0.0003s ]
SQL: SHOW COLUMNS FROM `pay_tklist` [ RunTime:0.0013s ]
SQL: SELECT COUNT(*) AS tp_count FROM `pay_tklist` WHERE `userid` = 109 AND `sqdatetime` BETWEEN '2018-12-04 00:00:00' AND '2018-12-04 23:59:59' LIMIT 1   [ RunTime:0.0003s ]
SQL: SELECT SUM(tkmoney) AS tp_sum FROM `pay_tklist` WHERE `userid` = 109 AND `sqdatetime` BETWEEN '2018-12-04 00:00:00' AND '2018-12-04 23:59:59' LIMIT 1   [ RunTime:0.0003s ]
SQL: SHOW COLUMNS FROM `pay_wttklist` [ RunTime:0.0015s ]
SQL: SELECT COUNT(*) AS tp_count FROM `pay_wttklist` WHERE `userid` = 109 AND `sqdatetime` BETWEEN '2018-12-04 00:00:00' AND '2018-12-04 23:59:59' LIMIT 1   [ RunTime:0.0003s ]
SQL: SELECT SUM(tkmoney) AS tp_sum FROM `pay_wttklist` WHERE `userid` = 109 AND `sqdatetime` BETWEEN '2018-12-04 00:00:00' AND '2018-12-04 23:59:59' LIMIT 1   [ RunTime:0.0003s ]

[ 2018-12-04T16:33:07+08:00 ] 127.0.0.1 /Payment_Dfpay_add.html
INFO: [ app_init ] --START--
INFO: Run Behavior\BuildLiteBehavior [ RunTime:0.000024s ]
INFO: [ app_init ] --END-- [ RunTime:0.000129s ]
INFO: [ app_begin ] --START--
INFO: Run Behavior\ReadHtmlCacheBehavior [ RunTime:0.000705s ]
INFO: Run Behavior\CheckLangBehavior [ RunTime:0.001062s ]
INFO: [ app_begin ] --END-- [ RunTime:0.001804s ]
SQL: SHOW COLUMNS FROM `pay_websiteconfig` [ RunTime:0.0007s ]
SQL: SELECT * FROM `pay_websiteconfig` LIMIT 1   [ RunTime:0.0004s ]
SQL: SHOW COLUMNS FROM `pay_member` [ RunTime:0.0008s ]
SQL: SELECT * FROM `pay_member` WHERE `id` = 109 LIMIT 1   [ RunTime:0.0005s ]
SQL: SHOW COLUMNS FROM `pay_member` [ RunTime:0.0009s ]
SQL: SELECT `balance` FROM `pay_member`  [ RunTime:0.0013s ]
SQL: SHOW COLUMNS FROM `pay_df_api_order` [ RunTime:0.0007s ]
SQL: SELECT COUNT(*) AS tp_count FROM `pay_df_api_order` WHERE `out_trade_no` = '20181204083307' AND `userid` = 109 LIMIT 1   [ RunTime:0.0004s ]
SQL: SHOW COLUMNS FROM `pay_pay_for_another` [ RunTime:0.0005s ]
SQL: SELECT `id` FROM `pay_pay_for_another` WHERE `status` = 1  [ RunTime:0.0003s ]
SQL: SHOW COLUMNS FROM `pay_pay_channel_extend_fields` [ RunTime:0.0004s ]
SQL: SELECT * FROM `pay_pay_channel_extend_fields` WHERE `channel_id` IN ('2','3','4','5')  [ RunTime:0.0003s ]
NOTIC: [8] Undefined index: HTTP_X_REAL_IP C:\work\juhe\core\Common\functions.php 第 1456 行.
SQL: INSERT INTO `pay_df_api_order` (`userid`,`trade_no`,`out_trade_no`,`money`,`bankname`,`subbranch`,`accountname`,`cardnumber`,`province`,`city`,`ip`,`check_status`,`extends`,`notifyurl`,`create_time`) VALUES ('109','H1204123873552041','20181204083307','5000','1','1','1','1','1','1','127.0.0.1','1','{\"lhh\":\"1\"}','http://www.juhe.com/Payment_Dfpay_add.html','1543912387') [ RunTime:0.0008s ]
SQL: SHOW COLUMNS FROM `pay_member` [ RunTime:0.0006s ]
SQL: SELECT * FROM `pay_member` WHERE `id` = 109 LIMIT 1   FOR UPDATE  [ RunTime:0.0003s ]
SQL: SHOW COLUMNS FROM `pay_tikuanholiday` [ RunTime:0.0004s ]
SQL: SELECT `datetime` FROM `pay_tikuanholiday` LIMIT 366   [ RunTime:0.0003s ]
SQL: SHOW COLUMNS FROM `pay_tikuanconfig` [ RunTime:0.0005s ]
SQL: SELECT * FROM `pay_tikuanconfig` WHERE `userid` = 109 AND `tkzt` = 1 LIMIT 1   [ RunTime:0.0003s ]
SQL: SELECT * FROM `pay_tikuanconfig` WHERE `issystem` = 1 AND `tkzt` = 1 LIMIT 1   [ RunTime:0.0003s ]
SQL: SHOW COLUMNS FROM `pay_tklist` [ RunTime:0.0005s ]
SQL: SELECT COUNT(*) AS tp_count FROM `pay_tklist` WHERE `userid` = 109 AND `sqdatetime` BETWEEN '2018-12-04 00:00:00' AND '2018-12-04 23:59:59' LIMIT 1   [ RunTime:0.0004s ]
SQL: SELECT SUM(tkmoney) AS tp_sum FROM `pay_tklist` WHERE `userid` = 109 AND `sqdatetime` BETWEEN '2018-12-04 00:00:00' AND '2018-12-04 23:59:59' LIMIT 1   [ RunTime:0.0009s ]
SQL: SHOW COLUMNS FROM `pay_wttklist` [ RunTime:0.0007s ]
SQL: SELECT COUNT(*) AS tp_count FROM `pay_wttklist` WHERE `userid` = 109 AND `sqdatetime` BETWEEN '2018-12-04 00:00:00' AND '2018-12-04 23:59:59' LIMIT 1   [ RunTime:0.0004s ]
SQL: SELECT SUM(tkmoney) AS tp_sum FROM `pay_wttklist` WHERE `userid` = 109 AND `sqdatetime` BETWEEN '2018-12-04 00:00:00' AND '2018-12-04 23:59:59' LIMIT 1   [ RunTime:0.0004s ]

[ 2018-12-04T16:33:41+08:00 ] 127.0.0.1 /Payment_Dfpay_add.html
INFO: [ app_init ] --START--
INFO: Run Behavior\BuildLiteBehavior [ RunTime:0.000005s ]
INFO: [ app_init ] --END-- [ RunTime:0.000027s ]
INFO: [ app_begin ] --START--
INFO: Run Behavior\ReadHtmlCacheBehavior [ RunTime:0.001136s ]
INFO: Run Behavior\CheckLangBehavior [ RunTime:0.001892s ]
INFO: [ app_begin ] --END-- [ RunTime:0.003121s ]
SQL: SHOW COLUMNS FROM `pay_websiteconfig` [ RunTime:0.0018s ]
SQL: SELECT * FROM `pay_websiteconfig` LIMIT 1   [ RunTime:0.0005s ]
SQL: SHOW COLUMNS FROM `pay_member` [ RunTime:0.0008s ]
SQL: SELECT * FROM `pay_member` WHERE `id` = 109 LIMIT 1   [ RunTime:0.0006s ]
SQL: SHOW COLUMNS FROM `pay_member` [ RunTime:0.0009s ]
SQL: SELECT `balance` FROM `pay_member`  [ RunTime:0.0003s ]
SQL: SHOW COLUMNS FROM `pay_df_api_order` [ RunTime:0.0005s ]
SQL: SELECT COUNT(*) AS tp_count FROM `pay_df_api_order` WHERE `out_trade_no` = '20181204083341' AND `userid` = 109 LIMIT 1   [ RunTime:0.0004s ]
SQL: SHOW COLUMNS FROM `pay_pay_for_another` [ RunTime:0.0014s ]
SQL: SELECT `id` FROM `pay_pay_for_another` WHERE `status` = 1  [ RunTime:0.0002s ]
SQL: SHOW COLUMNS FROM `pay_pay_channel_extend_fields` [ RunTime:0.0013s ]
SQL: SELECT * FROM `pay_pay_channel_extend_fields` WHERE `channel_id` IN ('2','3','4','5')  [ RunTime:0.0003s ]
NOTIC: [8] Undefined index: HTTP_X_REAL_IP C:\work\juhe\core\Common\functions.php 第 1456 行.
SQL: INSERT INTO `pay_df_api_order` (`userid`,`trade_no`,`out_trade_no`,`money`,`bankname`,`subbranch`,`accountname`,`cardnumber`,`province`,`city`,`ip`,`check_status`,`extends`,`notifyurl`,`create_time`) VALUES ('109','H1204124215439207','20181204083341','5000','1','1','1','1','1','1','127.0.0.1','1','{\"lhh\":\"1\"}','http://www.juhe.com/Payment_Dfpay_add.html','1543912421') [ RunTime:0.0008s ]
SQL: SHOW COLUMNS FROM `pay_member` [ RunTime:0.0072s ]
SQL: SELECT * FROM `pay_member` WHERE `id` = 109 LIMIT 1   FOR UPDATE  [ RunTime:0.0005s ]
SQL: SHOW COLUMNS FROM `pay_tikuanholiday` [ RunTime:0.0015s ]
SQL: SELECT `datetime` FROM `pay_tikuanholiday` LIMIT 366   [ RunTime:0.0003s ]
SQL: SHOW COLUMNS FROM `pay_tikuanconfig` [ RunTime:0.0013s ]
SQL: SELECT * FROM `pay_tikuanconfig` WHERE `userid` = 109 AND `tkzt` = 1 LIMIT 1   [ RunTime:0.0003s ]
SQL: SELECT * FROM `pay_tikuanconfig` WHERE `issystem` = 1 AND `tkzt` = 1 LIMIT 1   [ RunTime:0.0003s ]
SQL: SHOW COLUMNS FROM `pay_tklist` [ RunTime:0.0014s ]
SQL: SELECT COUNT(*) AS tp_count FROM `pay_tklist` WHERE `userid` = 109 AND `sqdatetime` BETWEEN '2018-12-04 00:00:00' AND '2018-12-04 23:59:59' LIMIT 1   [ RunTime:0.0003s ]
SQL: SELECT SUM(tkmoney) AS tp_sum FROM `pay_tklist` WHERE `userid` = 109 AND `sqdatetime` BETWEEN '2018-12-04 00:00:00' AND '2018-12-04 23:59:59' LIMIT 1   [ RunTime:0.0002s ]
SQL: SHOW COLUMNS FROM `pay_wttklist` [ RunTime:0.0006s ]
SQL: SELECT COUNT(*) AS tp_count FROM `pay_wttklist` WHERE `userid` = 109 AND `sqdatetime` BETWEEN '2018-12-04 00:00:00' AND '2018-12-04 23:59:59' LIMIT 1   [ RunTime:0.0003s ]
SQL: SELECT SUM(tkmoney) AS tp_sum FROM `pay_wttklist` WHERE `userid` = 109 AND `sqdatetime` BETWEEN '2018-12-04 00:00:00' AND '2018-12-04 23:59:59' LIMIT 1   [ RunTime:0.0003s ]

[ 2018-12-04T16:57:54+08:00 ] 127.0.0.1 /Payment_Dfpay_add.html
INFO: [ app_init ] --START--
INFO: Run Behavior\BuildLiteBehavior [ RunTime:0.000006s ]
INFO: [ app_init ] --END-- [ RunTime:0.000032s ]
INFO: [ app_begin ] --START--
INFO: Run Behavior\ReadHtmlCacheBehavior [ RunTime:0.000771s ]
INFO: Run Behavior\CheckLangBehavior [ RunTime:0.001084s ]
INFO: [ app_begin ] --END-- [ RunTime:0.001893s ]
SQL: SHOW COLUMNS FROM `pay_websiteconfig` [ RunTime:0.0008s ]
SQL: SELECT * FROM `pay_websiteconfig` LIMIT 1   [ RunTime:0.0004s ]
SQL: SHOW COLUMNS FROM `pay_member` [ RunTime:0.0010s ]
SQL: SELECT * FROM `pay_member` WHERE `id` = 109 LIMIT 1   [ RunTime:0.0005s ]
SQL: SHOW COLUMNS FROM `pay_df_api_order` [ RunTime:0.0022s ]
SQL: SELECT COUNT(*) AS tp_count FROM `pay_df_api_order` WHERE `out_trade_no` = '20181204085753' AND `userid` = 109 LIMIT 1   [ RunTime:0.0077s ]
SQL: SHOW COLUMNS FROM `pay_pay_for_another` [ RunTime:0.0080s ]
SQL: SELECT `id` FROM `pay_pay_for_another` WHERE `status` = 1  [ RunTime:0.0003s ]
SQL: SHOW COLUMNS FROM `pay_pay_channel_extend_fields` [ RunTime:0.0014s ]
SQL: SELECT * FROM `pay_pay_channel_extend_fields` WHERE `channel_id` IN ('2','3','4','5')  [ RunTime:0.0003s ]
NOTIC: [8] Undefined index: HTTP_X_REAL_IP C:\work\juhe\core\Common\functions.php 第 1456 行.
SQL: INSERT INTO `pay_df_api_order` (`userid`,`trade_no`,`out_trade_no`,`money`,`bankname`,`subbranch`,`accountname`,`cardnumber`,`province`,`city`,`ip`,`check_status`,`extends`,`notifyurl`,`create_time`) VALUES ('109','H1204138740625311','20181204085753','12','1','1','1','1','1','1','127.0.0.1','1','{\"lhh\":\"1\"}','http://www.juhe.com/Payment_Dfpay_add.html','1543913874') [ RunTime:0.0010s ]
SQL: SHOW COLUMNS FROM `pay_member` [ RunTime:0.0008s ]
SQL: SELECT * FROM `pay_member` WHERE `id` = 109 LIMIT 1   FOR UPDATE  [ RunTime:0.0004s ]
SQL: SHOW COLUMNS FROM `pay_tikuanholiday` [ RunTime:0.0011s ]
SQL: SELECT `datetime` FROM `pay_tikuanholiday` LIMIT 366   [ RunTime:0.0002s ]
SQL: SHOW COLUMNS FROM `pay_tikuanconfig` [ RunTime:0.0005s ]
SQL: SELECT * FROM `pay_tikuanconfig` WHERE `userid` = 109 AND `tkzt` = 1 LIMIT 1   [ RunTime:0.0004s ]
SQL: SELECT * FROM `pay_tikuanconfig` WHERE `issystem` = 1 AND `tkzt` = 1 LIMIT 1   [ RunTime:0.0003s ]
SQL: SHOW COLUMNS FROM `pay_tklist` [ RunTime:0.0024s ]
SQL: SELECT COUNT(*) AS tp_count FROM `pay_tklist` WHERE `userid` = 109 AND `sqdatetime` BETWEEN '2018-12-04 00:00:00' AND '2018-12-04 23:59:59' LIMIT 1   [ RunTime:0.0003s ]
SQL: SELECT SUM(tkmoney) AS tp_sum FROM `pay_tklist` WHERE `userid` = 109 AND `sqdatetime` BETWEEN '2018-12-04 00:00:00' AND '2018-12-04 23:59:59' LIMIT 1   [ RunTime:0.0003s ]
SQL: SHOW COLUMNS FROM `pay_wttklist` [ RunTime:0.0007s ]
SQL: SELECT COUNT(*) AS tp_count FROM `pay_wttklist` WHERE `userid` = 109 AND `sqdatetime` BETWEEN '2018-12-04 00:00:00' AND '2018-12-04 23:59:59' LIMIT 1   [ RunTime:0.0004s ]
SQL: SELECT SUM(tkmoney) AS tp_sum FROM `pay_wttklist` WHERE `userid` = 109 AND `sqdatetime` BETWEEN '2018-12-04 00:00:00' AND '2018-12-04 23:59:59' LIMIT 1   [ RunTime:0.0003s ]
SQL: UPDATE `pay_member` SET `balance`='952.00' WHERE `id` = 109 [ RunTime:0.0008s ]
SQL: INSERT INTO `pay_wttklist` (`orderid`,`bankname`,`bankzhiname`,`banknumber`,`bankfullname`,`sheng`,`shi`,`userid`,`sqdatetime`,`status`,`t`,`tkmoney`,`sxfmoney`,`money`,`additional`,`out_trade_no`,`df_api_id`,`extends`) VALUES ('H1204138740731981','1','1','1','1','1','1','109','2018-12-04 16:57:54','0','0','12','3','12','','20181204085753','9','{\"lhh\":\"1\"}') [ RunTime:0.0004s ]
SQL: UPDATE `pay_df_api_order` SET `df_id`='13',`check_status`='1',`check_time`='1543913874' WHERE `check_status` = 1 AND `userid` = 109 AND `id` = 9 [ RunTime:0.0014s ]
SQL: SHOW COLUMNS FROM `pay_moneychange` [ RunTime:0.0072s ]
SQL: INSERT INTO `pay_moneychange` (`userid`,`ymoney`,`money`,`gmoney`,`datetime`,`transid`,`orderid`,`lx`,`contentstr`) VALUES ('109','967.0000','12','952.00','2018-12-04 16:57:54','H1204138740731981','H1204138740731981','6','2018-12-04 16:57:54委托提现操作') [ RunTime:0.0004s ]

[ 2018-12-04T16:59:06+08:00 ] 127.0.0.1 /Payment_Dfpay_add.html
INFO: [ app_init ] --START--
INFO: Run Behavior\BuildLiteBehavior [ RunTime:0.000006s ]
INFO: [ app_init ] --END-- [ RunTime:0.000037s ]
INFO: [ app_begin ] --START--
INFO: Run Behavior\ReadHtmlCacheBehavior [ RunTime:0.000695s ]
INFO: Run Behavior\CheckLangBehavior [ RunTime:0.001068s ]
INFO: [ app_begin ] --END-- [ RunTime:0.001805s ]
SQL: SHOW COLUMNS FROM `pay_websiteconfig` [ RunTime:0.0007s ]
SQL: SELECT * FROM `pay_websiteconfig` LIMIT 1   [ RunTime:0.0003s ]
SQL: SHOW COLUMNS FROM `pay_member` [ RunTime:0.0006s ]
SQL: SELECT * FROM `pay_member` WHERE `id` = 109 LIMIT 1   [ RunTime:0.0003s ]
SQL: SHOW COLUMNS FROM `pay_df_api_order` [ RunTime:0.0013s ]
SQL: SELECT COUNT(*) AS tp_count FROM `pay_df_api_order` WHERE `out_trade_no` = '20181204085906' AND `userid` = 109 LIMIT 1   [ RunTime:0.0003s ]
SQL: SHOW COLUMNS FROM `pay_pay_for_another` [ RunTime:0.0013s ]
SQL: SELECT `id` FROM `pay_pay_for_another` WHERE `status` = 1  [ RunTime:0.0003s ]
SQL: SHOW COLUMNS FROM `pay_pay_channel_extend_fields` [ RunTime:0.0013s ]
SQL: SELECT * FROM `pay_pay_channel_extend_fields` WHERE `channel_id` IN ('2','3','4','5')  [ RunTime:0.0003s ]
NOTIC: [8] Undefined index: HTTP_X_REAL_IP C:\work\juhe\core\Common\functions.php 第 1456 行.
SQL: INSERT INTO `pay_df_api_order` (`userid`,`trade_no`,`out_trade_no`,`money`,`bankname`,`subbranch`,`accountname`,`cardnumber`,`province`,`city`,`ip`,`check_status`,`extends`,`notifyurl`,`create_time`) VALUES ('109','H1204139464301694','20181204085906','10','1','1','1','1','1','1','127.0.0.1','0','{\"lhh\":\"1\"}','http://www.juhe.com/Payment_Dfpay_add.html','1543913946') [ RunTime:0.0007s ]

