[ 2018-12-06T13:56:54+08:00 ] 127.0.0.1 /Payment_Dfpay_add.html
INFO: [ app_init ] --START--
INFO: Run Behavior\BuildLiteBehavior [ RunTime:0.000006s ]
INFO: [ app_init ] --END-- [ RunTime:0.000037s ]
INFO: [ app_begin ] --START--
INFO: Run Behavior\ReadHtmlCacheBehavior [ RunTime:0.001852s ]
INFO: Run Behavior\CheckLangBehavior [ RunTime:0.001584s ]
INFO: [ app_begin ] --END-- [ RunTime:0.003509s ]
SQL: SHOW COLUMNS FROM `pay_websiteconfig` [ RunTime:0.0007s ]
SQL: SELECT * FROM `pay_websiteconfig` LIMIT 1   [ RunTime:0.0004s ]
SQL: SHOW COLUMNS FROM `pay_member` [ RunTime:0.0006s ]
SQL: SELECT * FROM `pay_member` WHERE `id` = 112 LIMIT 1   [ RunTime:0.0004s ]

[ 2018-12-06T13:57:00+08:00 ] 127.0.0.1 /Payment_Dfpay_add.html
INFO: [ app_init ] --START--
INFO: Run Behavior\BuildLiteBehavior [ RunTime:0.000006s ]
INFO: [ app_init ] --END-- [ RunTime:0.000026s ]
INFO: [ app_begin ] --START--
INFO: Run Behavior\ReadHtmlCacheBehavior [ RunTime:0.000944s ]
INFO: Run Behavior\CheckLangBehavior [ RunTime:0.001374s ]
INFO: [ app_begin ] --END-- [ RunTime:0.002381s ]
SQL: SHOW COLUMNS FROM `pay_websiteconfig` [ RunTime:0.0009s ]
SQL: SELECT * FROM `pay_websiteconfig` LIMIT 1   [ RunTime:0.0004s ]
SQL: SHOW COLUMNS FROM `pay_member` [ RunTime:0.0009s ]
SQL: SELECT * FROM `pay_member` WHERE `id` = 112 LIMIT 1   [ RunTime:0.0011s ]
SQL: SHOW COLUMNS FROM `pay_df_api_order` [ RunTime:0.0009s ]
SQL: SELECT COUNT(*) AS tp_count FROM `pay_df_api_order` WHERE `out_trade_no` = '60012018120600000002' AND `userid` = 112 LIMIT 1   [ RunTime:0.0008s ]
SQL: SHOW COLUMNS FROM `pay_pay_for_another` [ RunTime:0.0005s ]
SQL: SELECT `id` FROM `pay_pay_for_another` WHERE `status` = 1  [ RunTime:0.0003s ]
SQL: SHOW COLUMNS FROM `pay_pay_channel_extend_fields` [ RunTime:0.0004s ]
SQL: SELECT * FROM `pay_pay_channel_extend_fields` WHERE `channel_id` IN ('2','3','4','5')  [ RunTime:0.0003s ]

[ 2018-12-06T13:57:22+08:00 ] 127.0.0.1 /Payment_Dfpay_add.html
INFO: [ app_init ] --START--
INFO: Run Behavior\BuildLiteBehavior [ RunTime:0.000020s ]
INFO: [ app_init ] --END-- [ RunTime:0.000078s ]
INFO: [ app_begin ] --START--
INFO: Run Behavior\ReadHtmlCacheBehavior [ RunTime:0.000701s ]
INFO: Run Behavior\CheckLangBehavior [ RunTime:0.001248s ]
INFO: [ app_begin ] --END-- [ RunTime:0.001991s ]
SQL: SHOW COLUMNS FROM `pay_websiteconfig` [ RunTime:0.0008s ]
SQL: SELECT * FROM `pay_websiteconfig` LIMIT 1   [ RunTime:0.0004s ]
SQL: SHOW COLUMNS FROM `pay_member` [ RunTime:0.0007s ]
SQL: SELECT * FROM `pay_member` WHERE `id` = 112 LIMIT 1   [ RunTime:0.0005s ]
SQL: SHOW COLUMNS FROM `pay_df_api_order` [ RunTime:0.0021s ]
SQL: SELECT COUNT(*) AS tp_count FROM `pay_df_api_order` WHERE `out_trade_no` = '6001201812060002' AND `userid` = 112 LIMIT 1   [ RunTime:0.0004s ]
SQL: SHOW COLUMNS FROM `pay_pay_for_another` [ RunTime:0.0006s ]
SQL: SELECT `id` FROM `pay_pay_for_another` WHERE `status` = 1  [ RunTime:0.0003s ]
SQL: SHOW COLUMNS FROM `pay_pay_channel_extend_fields` [ RunTime:0.0006s ]
SQL: SELECT * FROM `pay_pay_channel_extend_fields` WHERE `channel_id` IN ('2','3','4','5')  [ RunTime:0.0003s ]

[ 2018-12-06T13:57:42+08:00 ] 127.0.0.1 /Payment_Dfpay_add.html
INFO: [ app_init ] --START--
INFO: Run Behavior\BuildLiteBehavior [ RunTime:0.000006s ]
INFO: [ app_init ] --END-- [ RunTime:0.000030s ]
INFO: [ app_begin ] --START--
INFO: Run Behavior\ReadHtmlCacheBehavior [ RunTime:0.000768s ]
INFO: Run Behavior\CheckLangBehavior [ RunTime:0.002200s ]
INFO: [ app_begin ] --END-- [ RunTime:0.003100s ]
SQL: SHOW COLUMNS FROM `pay_websiteconfig` [ RunTime:0.0006s ]
SQL: SELECT * FROM `pay_websiteconfig` LIMIT 1   [ RunTime:0.0004s ]
SQL: SHOW COLUMNS FROM `pay_member` [ RunTime:0.0006s ]
SQL: SELECT * FROM `pay_member` WHERE `id` = 112 LIMIT 1   [ RunTime:0.0004s ]
SQL: SHOW COLUMNS FROM `pay_df_api_order` [ RunTime:0.0006s ]
SQL: SELECT COUNT(*) AS tp_count FROM `pay_df_api_order` WHERE `out_trade_no` = '600122060002' AND `userid` = 112 LIMIT 1   [ RunTime:0.0004s ]
SQL: SHOW COLUMNS FROM `pay_pay_for_another` [ RunTime:0.0005s ]
SQL: SELECT `id` FROM `pay_pay_for_another` WHERE `status` = 1  [ RunTime:0.0003s ]
SQL: SHOW COLUMNS FROM `pay_pay_channel_extend_fields` [ RunTime:0.0004s ]
SQL: SELECT * FROM `pay_pay_channel_extend_fields` WHERE `channel_id` IN ('2','3','4','5')  [ RunTime:0.0003s ]

[ 2018-12-06T13:58:21+08:00 ] 127.0.0.1 /Payment_Dfpay_add.html
INFO: [ app_init ] --START--
INFO: Run Behavior\BuildLiteBehavior [ RunTime:0.000005s ]
INFO: [ app_init ] --END-- [ RunTime:0.000029s ]
INFO: [ app_begin ] --START--
INFO: Run Behavior\ReadHtmlCacheBehavior [ RunTime:0.000993s ]
INFO: Run Behavior\CheckLangBehavior [ RunTime:0.001428s ]
INFO: [ app_begin ] --END-- [ RunTime:0.002510s ]
SQL: SHOW COLUMNS FROM `pay_websiteconfig` [ RunTime:0.0008s ]
SQL: SELECT * FROM `pay_websiteconfig` LIMIT 1   [ RunTime:0.0004s ]
SQL: SHOW COLUMNS FROM `pay_member` [ RunTime:0.0007s ]
SQL: SELECT * FROM `pay_member` WHERE `id` = 112 LIMIT 1   [ RunTime:0.0004s ]
SQL: SHOW COLUMNS FROM `pay_df_api_order` [ RunTime:0.0015s ]
SQL: SELECT COUNT(*) AS tp_count FROM `pay_df_api_order` WHERE `out_trade_no` = '60012018120600000002' AND `userid` = 112 LIMIT 1   [ RunTime:0.0004s ]
SQL: SHOW COLUMNS FROM `pay_pay_for_another` [ RunTime:0.0006s ]
SQL: SELECT `id` FROM `pay_pay_for_another` WHERE `status` = 1  [ RunTime:0.0003s ]
SQL: SHOW COLUMNS FROM `pay_pay_channel_extend_fields` [ RunTime:0.0005s ]
SQL: SELECT * FROM `pay_pay_channel_extend_fields` WHERE `channel_id` IN ('2','3','4','5')  [ RunTime:0.0002s ]
NOTIC: [8] Undefined index: HTTP_X_REAL_IP C:\work\juhe\core\Common\functions.php 第 1456 行.
SQL: INSERT INTO `pay_df_api_order` (`userid`,`trade_no`,`out_trade_no`,`money`,`bankname`,`subbranch`,`accountname`,`cardnumber`,`province`,`city`,`ip`,`check_status`,`extends`,`notifyurl`,`create_time`) VALUES ('112','H1206759015306389','60012018120600000002','13','1','1','1','1','1','1','127.0.0.1','0','{\"lhh\":\"1\"}','http://www.juhe.com/Payment_Dfpay_add.html','1544075901') [ RunTime:0.0026s ]

[ 2018-12-06T14:57:16+08:00 ] 127.0.0.1 /Payment_Dfpay_getBalance.html?pay_md5sign=3EA2B59ECD0FDBF0549500E3F4B1E9AA&mchid=10112
INFO: [ app_init ] --START--
INFO: Run Behavior\BuildLiteBehavior [ RunTime:0.000005s ]
INFO: [ app_init ] --END-- [ RunTime:0.000031s ]
INFO: [ app_begin ] --START--
INFO: Run Behavior\ReadHtmlCacheBehavior [ RunTime:0.001848s ]
INFO: Run Behavior\CheckLangBehavior [ RunTime:0.002955s ]
INFO: [ app_begin ] --END-- [ RunTime:0.004948s ]
SQL: SHOW COLUMNS FROM `pay_member` [ RunTime:0.0008s ]
SQL: SELECT * FROM `pay_member` WHERE `id` = 9112 LIMIT 1   [ RunTime:0.0005s ]

[ 2018-12-06T14:58:05+08:00 ] 127.0.0.1 /Payment_Dfpay_getBalance.html?pay_md5sign=3EA2B59ECD0FDBF0549500E3F4B1E9AA&mchid=10112
INFO: [ app_init ] --START--
INFO: Run Behavior\BuildLiteBehavior [ RunTime:0.000016s ]
INFO: [ app_init ] --END-- [ RunTime:0.000072s ]
INFO: [ app_begin ] --START--
INFO: Run Behavior\ReadHtmlCacheBehavior [ RunTime:0.000785s ]
INFO: Run Behavior\CheckLangBehavior [ RunTime:0.001231s ]
INFO: [ app_begin ] --END-- [ RunTime:0.002059s ]
SQL: SHOW COLUMNS FROM `pay_member` [ RunTime:0.0008s ]
SQL: SELECT * FROM `pay_member` WHERE `id` = 112 LIMIT 1   [ RunTime:0.0006s ]

[ 2018-12-06T14:58:06+08:00 ] 127.0.0.1 /Payment_Dfpay_getBalance.html?pay_md5sign=3EA2B59ECD0FDBF0549500E3F4B1E9AA&mchid=10112
INFO: [ app_init ] --START--
INFO: Run Behavior\BuildLiteBehavior [ RunTime:0.000005s ]
INFO: [ app_init ] --END-- [ RunTime:0.000027s ]
INFO: [ app_begin ] --START--
INFO: Run Behavior\ReadHtmlCacheBehavior [ RunTime:0.000729s ]
INFO: Run Behavior\CheckLangBehavior [ RunTime:0.001103s ]
INFO: [ app_begin ] --END-- [ RunTime:0.001870s ]
SQL: SHOW COLUMNS FROM `pay_member` [ RunTime:0.0010s ]
SQL: SELECT * FROM `pay_member` WHERE `id` = 112 LIMIT 1   [ RunTime:0.0005s ]

[ 2018-12-06T14:58:30+08:00 ] 127.0.0.1 /Payment_Dfpay_getBalance.html?pay_md5sign=3EA2B59ECD0FDBF0549500E3F4B1E9AA&mchid=10112
INFO: [ app_init ] --START--
INFO: Run Behavior\BuildLiteBehavior [ RunTime:0.000006s ]
INFO: [ app_init ] --END-- [ RunTime:0.000034s ]
INFO: [ app_begin ] --START--
INFO: Run Behavior\ReadHtmlCacheBehavior [ RunTime:0.001291s ]
INFO: Run Behavior\CheckLangBehavior [ RunTime:0.001226s ]
INFO: [ app_begin ] --END-- [ RunTime:0.002585s ]
SQL: SHOW COLUMNS FROM `pay_member` [ RunTime:0.0007s ]
SQL: SELECT * FROM `pay_member` WHERE `id` = 112 LIMIT 1   [ RunTime:0.0004s ]

[ 2018-12-06T14:58:45+08:00 ] 127.0.0.1 /Payment_Dfpay_getBalance.html?pay_md5sign=3EA2B59ECD0FDBF0549500E3F4B1E9AA&mchid=10112
INFO: [ app_init ] --START--
INFO: Run Behavior\BuildLiteBehavior [ RunTime:0.000008s ]
INFO: [ app_init ] --END-- [ RunTime:0.000040s ]
INFO: [ app_begin ] --START--
INFO: Run Behavior\ReadHtmlCacheBehavior [ RunTime:0.000782s ]
INFO: Run Behavior\CheckLangBehavior [ RunTime:0.001187s ]
INFO: [ app_begin ] --END-- [ RunTime:0.002008s ]
SQL: SHOW COLUMNS FROM `pay_member` [ RunTime:0.0008s ]
SQL: SELECT * FROM `pay_member` WHERE `id` = 112 LIMIT 1   [ RunTime:0.0005s ]

[ 2018-12-06T14:59:28+08:00 ] 127.0.0.1 /Payment_Dfpay_getBalance.html?pay_md5sign=3EA2B59ECD0FDBF0549500E3F4B1E9AA&mchid=10112
INFO: [ app_init ] --START--
INFO: Run Behavior\BuildLiteBehavior [ RunTime:0.000005s ]
INFO: [ app_init ] --END-- [ RunTime:0.000029s ]
INFO: [ app_begin ] --START--
INFO: Run Behavior\ReadHtmlCacheBehavior [ RunTime:0.000770s ]
INFO: Run Behavior\CheckLangBehavior [ RunTime:0.001211s ]
INFO: [ app_begin ] --END-- [ RunTime:0.002048s ]
SQL: SHOW COLUMNS FROM `pay_member` [ RunTime:0.0007s ]
SQL: SELECT * FROM `pay_member` WHERE `id` = 112 LIMIT 1   [ RunTime:0.0005s ]

[ 2018-12-06T14:59:33+08:00 ] 127.0.0.1 /Payment_Dfpay_getBalance.html?pay_md5sign=D18759C9316606D64133791204DE4FB9&mchid=10112
INFO: [ app_init ] --START--
INFO: Run Behavior\BuildLiteBehavior [ RunTime:0.000005s ]
INFO: [ app_init ] --END-- [ RunTime:0.000034s ]
INFO: [ app_begin ] --START--
INFO: Run Behavior\ReadHtmlCacheBehavior [ RunTime:0.000693s ]
INFO: Run Behavior\CheckLangBehavior [ RunTime:0.001036s ]
INFO: [ app_begin ] --END-- [ RunTime:0.001767s ]
SQL: SHOW COLUMNS FROM `pay_member` [ RunTime:0.0015s ]
SQL: SELECT * FROM `pay_member` WHERE `id` = 112 LIMIT 1   [ RunTime:0.0007s ]

[ 2018-12-06T14:59:39+08:00 ] 127.0.0.1 /Payment_Dfpay_getBalance.html?pay_md5sign=D18759C9316606D64133791204DE4FB9&mchid=10112
INFO: [ app_init ] --START--
INFO: Run Behavior\BuildLiteBehavior [ RunTime:0.000005s ]
INFO: [ app_init ] --END-- [ RunTime:0.000029s ]
INFO: [ app_begin ] --START--
INFO: Run Behavior\ReadHtmlCacheBehavior [ RunTime:0.001176s ]
INFO: Run Behavior\CheckLangBehavior [ RunTime:0.004661s ]
INFO: [ app_begin ] --END-- [ RunTime:0.005946s ]
SQL: SHOW COLUMNS FROM `pay_member` [ RunTime:0.0009s ]
SQL: SELECT * FROM `pay_member` WHERE `id` = 112 LIMIT 1   [ RunTime:0.0006s ]
INFO: [ app_end ] --START--
INFO: Run Behavior\ShowPageTraceBehavior [ RunTime:0.001046s ]
INFO: [ app_end ] --END-- [ RunTime:0.001069s ]

