[ 2018-12-11T11:03:44+08:00 ] 127.0.0.1 /Payment_H5payDf_Query.html
INFO: [ app_init ] --START--
INFO: Run Behavior\BuildLiteBehavior [ RunTime:0.000009s ]
INFO: [ app_init ] --END-- [ RunTime:0.000044s ]
INFO: [ app_begin ] --START--
INFO: Run Behavior\ReadHtmlCacheBehavior [ RunTime:0.001167s ]
INFO: Run Behavior\CheckLangBehavior [ RunTime:0.001132s ]
INFO: [ app_begin ] --END-- [ RunTime:0.002369s ]
SQL: SHOW COLUMNS FROM `pay_wttklist` [ RunTime:0.0017s ]
SQL: SELECT * FROM `pay_wttklist` WHERE `code` = 'H5payDf' AND `status` = 1  [ RunTime:0.0010s ]
SQL: SHOW COLUMNS FROM `pay_pay_for_another` [ RunTime:0.0044s ]
SQL: SELECT * FROM `pay_pay_for_another` WHERE `id` = 7 LIMIT 1   FOR UPDATE  [ RunTime:0.0006s ]
NOTIC: [2] Illegal string offset 'ret_code' C:\work\juhe\Application\Payment\Controller\H5payDfController.class.php 第 145 行.
INFO: [ app_end ] --START--
INFO: Run Behavior\ShowPageTraceBehavior [ RunTime:0.000818s ]
INFO: [ app_end ] --END-- [ RunTime:0.000843s ]

[ 2018-12-11T11:03:50+08:00 ] 127.0.0.1 /Payment_H5payDf_Query.html
INFO: [ app_init ] --START--
INFO: Run Behavior\BuildLiteBehavior [ RunTime:0.000005s ]
INFO: [ app_init ] --END-- [ RunTime:0.000027s ]
INFO: [ app_begin ] --START--
INFO: Run Behavior\ReadHtmlCacheBehavior [ RunTime:0.000743s ]
INFO: Run Behavior\CheckLangBehavior [ RunTime:0.001113s ]
INFO: [ app_begin ] --END-- [ RunTime:0.001894s ]
SQL: SHOW COLUMNS FROM `pay_wttklist` [ RunTime:0.0035s ]
SQL: SELECT * FROM `pay_wttklist` WHERE `code` = 'H5payDf' AND `status` = 1  [ RunTime:0.0033s ]
SQL: SHOW COLUMNS FROM `pay_pay_for_another` [ RunTime:0.0043s ]
SQL: SELECT * FROM `pay_pay_for_another` WHERE `id` = 7 LIMIT 1   FOR UPDATE  [ RunTime:0.0004s ]
NOTIC: [2] Illegal string offset 'ret_code' C:\work\juhe\Application\Payment\Controller\H5payDfController.class.php 第 145 行.
INFO: [ app_end ] --START--
INFO: Run Behavior\ShowPageTraceBehavior [ RunTime:0.001012s ]
INFO: [ app_end ] --END-- [ RunTime:0.001046s ]

[ 2018-12-11T11:04:31+08:00 ] 127.0.0.1 /Payment_H5payDf_Query.html
INFO: [ app_init ] --START--
INFO: Run Behavior\BuildLiteBehavior [ RunTime:0.000006s ]
INFO: [ app_init ] --END-- [ RunTime:0.000031s ]
INFO: [ app_begin ] --START--
INFO: Run Behavior\ReadHtmlCacheBehavior [ RunTime:0.000603s ]
INFO: Run Behavior\CheckLangBehavior [ RunTime:0.000993s ]
INFO: [ app_begin ] --END-- [ RunTime:0.001656s ]
SQL: SHOW COLUMNS FROM `pay_wttklist` [ RunTime:0.0008s ]
SQL: SELECT * FROM `pay_wttklist` WHERE `code` = 'H5payDf' AND `status` = 1  [ RunTime:0.0005s ]
SQL: SHOW COLUMNS FROM `pay_pay_for_another` [ RunTime:0.0015s ]
SQL: SELECT * FROM `pay_pay_for_another` WHERE `id` = 7 LIMIT 1   FOR UPDATE  [ RunTime:0.0003s ]

[ 2018-12-11T11:06:03+08:00 ] 127.0.0.1 /Payment_H5payDf_Query.html
INFO: [ app_init ] --START--
INFO: Run Behavior\BuildLiteBehavior [ RunTime:0.000005s ]
INFO: [ app_init ] --END-- [ RunTime:0.000029s ]
INFO: [ app_begin ] --START--
INFO: Run Behavior\ReadHtmlCacheBehavior [ RunTime:0.000818s ]
INFO: Run Behavior\CheckLangBehavior [ RunTime:0.001210s ]
INFO: [ app_begin ] --END-- [ RunTime:0.002065s ]
SQL: SHOW COLUMNS FROM `pay_wttklist` [ RunTime:0.0018s ]
SQL: SELECT * FROM `pay_wttklist` WHERE `code` = 'H5payDf' AND `status` = 1  [ RunTime:0.0007s ]
SQL: SHOW COLUMNS FROM `pay_pay_for_another` [ RunTime:0.0015s ]
SQL: SELECT * FROM `pay_pay_for_another` WHERE `id` = 7 LIMIT 1   FOR UPDATE  [ RunTime:0.0004s ]

[ 2018-12-11T11:06:04+08:00 ] 127.0.0.1 /Payment_H5payDf_Query.html
INFO: [ app_init ] --START--
INFO: Run Behavior\BuildLiteBehavior [ RunTime:0.000022s ]
INFO: [ app_init ] --END-- [ RunTime:0.000179s ]
INFO: [ app_begin ] --START--
INFO: Run Behavior\ReadHtmlCacheBehavior [ RunTime:0.000866s ]
INFO: Run Behavior\CheckLangBehavior [ RunTime:0.000949s ]
INFO: [ app_begin ] --END-- [ RunTime:0.001862s ]
SQL: SHOW COLUMNS FROM `pay_wttklist` [ RunTime:0.0017s ]
SQL: SELECT * FROM `pay_wttklist` WHERE `code` = 'H5payDf' AND `status` = 1  [ RunTime:0.0004s ]
SQL: SHOW COLUMNS FROM `pay_pay_for_another` [ RunTime:0.0007s ]
SQL: SELECT * FROM `pay_pay_for_another` WHERE `id` = 7 LIMIT 1   FOR UPDATE  [ RunTime:0.0003s ]

[ 2018-12-11T11:06:05+08:00 ] 127.0.0.1 /Payment_H5payDf_Query.html
INFO: [ app_init ] --START--
INFO: Run Behavior\BuildLiteBehavior [ RunTime:0.000004s ]
INFO: [ app_init ] --END-- [ RunTime:0.000024s ]
INFO: [ app_begin ] --START--
INFO: Run Behavior\ReadHtmlCacheBehavior [ RunTime:0.000854s ]
INFO: Run Behavior\CheckLangBehavior [ RunTime:0.001048s ]
INFO: [ app_begin ] --END-- [ RunTime:0.001978s ]
SQL: SHOW COLUMNS FROM `pay_wttklist` [ RunTime:0.0012s ]
SQL: SELECT * FROM `pay_wttklist` WHERE `code` = 'H5payDf' AND `status` = 1  [ RunTime:0.0028s ]
SQL: SHOW COLUMNS FROM `pay_pay_for_another` [ RunTime:0.0009s ]
SQL: SELECT * FROM `pay_pay_for_another` WHERE `id` = 7 LIMIT 1   FOR UPDATE  [ RunTime:0.0004s ]

[ 2018-12-11T11:06:05+08:00 ] 127.0.0.1 /Payment_H5payDf_Query.html
INFO: [ app_init ] --START--
INFO: Run Behavior\BuildLiteBehavior [ RunTime:0.000006s ]
INFO: [ app_init ] --END-- [ RunTime:0.000031s ]
INFO: [ app_begin ] --START--
INFO: Run Behavior\ReadHtmlCacheBehavior [ RunTime:0.000837s ]
INFO: Run Behavior\CheckLangBehavior [ RunTime:0.001187s ]
INFO: [ app_begin ] --END-- [ RunTime:0.002089s ]
SQL: SHOW COLUMNS FROM `pay_wttklist` [ RunTime:0.0053s ]
SQL: SELECT * FROM `pay_wttklist` WHERE `code` = 'H5payDf' AND `status` = 1  [ RunTime:0.0048s ]
SQL: SHOW COLUMNS FROM `pay_pay_for_another` [ RunTime:0.0016s ]
SQL: SELECT * FROM `pay_pay_for_another` WHERE `id` = 7 LIMIT 1   FOR UPDATE  [ RunTime:0.0005s ]

[ 2018-12-11T11:06:05+08:00 ] 127.0.0.1 /Payment_H5payDf_Query.html
INFO: [ app_init ] --START--
INFO: Run Behavior\BuildLiteBehavior [ RunTime:0.000005s ]
INFO: [ app_init ] --END-- [ RunTime:0.000034s ]
INFO: [ app_begin ] --START--
INFO: Run Behavior\ReadHtmlCacheBehavior [ RunTime:0.000694s ]
INFO: Run Behavior\CheckLangBehavior [ RunTime:0.000998s ]
INFO: [ app_begin ] --END-- [ RunTime:0.001732s ]
SQL: SHOW COLUMNS FROM `pay_wttklist` [ RunTime:0.0033s ]
SQL: SELECT * FROM `pay_wttklist` WHERE `code` = 'H5payDf' AND `status` = 1  [ RunTime:0.0005s ]
SQL: SHOW COLUMNS FROM `pay_pay_for_another` [ RunTime:0.0016s ]
SQL: SELECT * FROM `pay_pay_for_another` WHERE `id` = 7 LIMIT 1   FOR UPDATE  [ RunTime:0.0003s ]

[ 2018-12-11T11:06:05+08:00 ] 127.0.0.1 /Payment_H5payDf_Query.html
INFO: [ app_init ] --START--
INFO: Run Behavior\BuildLiteBehavior [ RunTime:0.000004s ]
INFO: [ app_init ] --END-- [ RunTime:0.000025s ]
INFO: [ app_begin ] --START--
INFO: Run Behavior\ReadHtmlCacheBehavior [ RunTime:0.001219s ]
INFO: Run Behavior\CheckLangBehavior [ RunTime:0.004002s ]
INFO: [ app_begin ] --END-- [ RunTime:0.005309s ]
SQL: SHOW COLUMNS FROM `pay_wttklist` [ RunTime:0.0007s ]
SQL: SELECT * FROM `pay_wttklist` WHERE `code` = 'H5payDf' AND `status` = 1  [ RunTime:0.0005s ]
SQL: SHOW COLUMNS FROM `pay_pay_for_another` [ RunTime:0.0007s ]
SQL: SELECT * FROM `pay_pay_for_another` WHERE `id` = 7 LIMIT 1   FOR UPDATE  [ RunTime:0.0003s ]

[ 2018-12-11T11:06:23+08:00 ] 127.0.0.1 /Payment_H5payDf_Query.html
INFO: [ app_init ] --START--
INFO: Run Behavior\BuildLiteBehavior [ RunTime:0.000010s ]
INFO: [ app_init ] --END-- [ RunTime:0.000042s ]
INFO: [ app_begin ] --START--
INFO: Run Behavior\ReadHtmlCacheBehavior [ RunTime:0.001430s ]
INFO: Run Behavior\CheckLangBehavior [ RunTime:0.001239s ]
INFO: [ app_begin ] --END-- [ RunTime:0.002766s ]
SQL: SHOW COLUMNS FROM `pay_wttklist` [ RunTime:0.0019s ]
SQL: SELECT * FROM `pay_wttklist` WHERE `code` = 'H5payDf' AND `status` = 1  [ RunTime:0.0005s ]
SQL: SHOW COLUMNS FROM `pay_pay_for_another` [ RunTime:0.0006s ]
SQL: SELECT * FROM `pay_pay_for_another` WHERE `id` = 7 LIMIT 1   FOR UPDATE  [ RunTime:0.0004s ]

[ 2018-12-11T11:07:42+08:00 ] 127.0.0.1 /Payment_H5payDf_Query.html
INFO: [ app_init ] --START--
INFO: Run Behavior\BuildLiteBehavior [ RunTime:0.000008s ]
INFO: [ app_init ] --END-- [ RunTime:0.000040s ]
INFO: [ app_begin ] --START--
INFO: Run Behavior\ReadHtmlCacheBehavior [ RunTime:0.001820s ]
INFO: Run Behavior\CheckLangBehavior [ RunTime:0.002169s ]
INFO: [ app_begin ] --END-- [ RunTime:0.004137s ]
SQL: SHOW COLUMNS FROM `pay_wttklist` [ RunTime:0.0007s ]
SQL: SELECT * FROM `pay_wttklist` WHERE `code` = 'H5payDf' AND `status` = 1  [ RunTime:0.0005s ]
SQL: SHOW COLUMNS FROM `pay_pay_for_another` [ RunTime:0.0015s ]
SQL: SELECT * FROM `pay_pay_for_another` WHERE `id` = 7 LIMIT 1   FOR UPDATE  [ RunTime:0.0004s ]

[ 2018-12-11T11:10:14+08:00 ] 127.0.0.1 /Payment_H5payDf_Query.html
INFO: [ app_init ] --START--
INFO: Run Behavior\BuildLiteBehavior [ RunTime:0.000005s ]
INFO: [ app_init ] --END-- [ RunTime:0.000033s ]
INFO: [ app_begin ] --START--
INFO: Run Behavior\ReadHtmlCacheBehavior [ RunTime:0.000804s ]
INFO: Run Behavior\CheckLangBehavior [ RunTime:0.001067s ]
INFO: [ app_begin ] --END-- [ RunTime:0.001912s ]
SQL: SHOW COLUMNS FROM `pay_wttklist` [ RunTime:0.0023s ]
SQL: SELECT * FROM `pay_wttklist` WHERE `code` = 'H5payDf' AND `status` = 1  [ RunTime:0.0007s ]
SQL: SHOW COLUMNS FROM `pay_pay_for_another` [ RunTime:0.0016s ]
SQL: SELECT * FROM `pay_pay_for_another` WHERE `id` = 7 LIMIT 1   FOR UPDATE  [ RunTime:0.0003s ]

[ 2018-12-11T11:10:16+08:00 ] 127.0.0.1 /Payment_H5payDf_Query.html
INFO: [ app_init ] --START--
INFO: Run Behavior\BuildLiteBehavior [ RunTime:0.000004s ]
INFO: [ app_init ] --END-- [ RunTime:0.000026s ]
INFO: [ app_begin ] --START--
INFO: Run Behavior\ReadHtmlCacheBehavior [ RunTime:0.000724s ]
INFO: Run Behavior\CheckLangBehavior [ RunTime:0.001035s ]
INFO: [ app_begin ] --END-- [ RunTime:0.001807s ]
SQL: SHOW COLUMNS FROM `pay_wttklist` [ RunTime:0.0024s ]
SQL: SELECT * FROM `pay_wttklist` WHERE `code` = 'H5payDf' AND `status` = 1  [ RunTime:0.0005s ]
SQL: SHOW COLUMNS FROM `pay_pay_for_another` [ RunTime:0.0015s ]
SQL: SELECT * FROM `pay_pay_for_another` WHERE `id` = 7 LIMIT 1   FOR UPDATE  [ RunTime:0.0004s ]

[ 2018-12-11T11:10:16+08:00 ] 127.0.0.1 /Payment_H5payDf_Query.html
INFO: [ app_init ] --START--
INFO: Run Behavior\BuildLiteBehavior [ RunTime:0.000017s ]
INFO: [ app_init ] --END-- [ RunTime:0.000093s ]
INFO: [ app_begin ] --START--
INFO: Run Behavior\ReadHtmlCacheBehavior [ RunTime:0.001198s ]
INFO: Run Behavior\CheckLangBehavior [ RunTime:0.001527s ]
INFO: [ app_begin ] --END-- [ RunTime:0.002819s ]
SQL: SHOW COLUMNS FROM `pay_wttklist` [ RunTime:0.0008s ]
SQL: SELECT * FROM `pay_wttklist` WHERE `code` = 'H5payDf' AND `status` = 1  [ RunTime:0.0004s ]
SQL: SHOW COLUMNS FROM `pay_pay_for_another` [ RunTime:0.0085s ]
SQL: SELECT * FROM `pay_pay_for_another` WHERE `id` = 7 LIMIT 1   FOR UPDATE  [ RunTime:0.0008s ]

[ 2018-12-11T11:10:16+08:00 ] 127.0.0.1 /Payment_H5payDf_Query.html
INFO: [ app_init ] --START--
INFO: Run Behavior\BuildLiteBehavior [ RunTime:0.000004s ]
INFO: [ app_init ] --END-- [ RunTime:0.000025s ]
INFO: [ app_begin ] --START--
INFO: Run Behavior\ReadHtmlCacheBehavior [ RunTime:0.000673s ]
INFO: Run Behavior\CheckLangBehavior [ RunTime:0.000947s ]
INFO: [ app_begin ] --END-- [ RunTime:0.001663s ]
SQL: SHOW COLUMNS FROM `pay_wttklist` [ RunTime:0.0007s ]
SQL: SELECT * FROM `pay_wttklist` WHERE `code` = 'H5payDf' AND `status` = 1  [ RunTime:0.0005s ]
SQL: SHOW COLUMNS FROM `pay_pay_for_another` [ RunTime:0.0005s ]
SQL: SELECT * FROM `pay_pay_for_another` WHERE `id` = 7 LIMIT 1   FOR UPDATE  [ RunTime:0.0004s ]

[ 2018-12-11T11:11:48+08:00 ] 127.0.0.1 /Payment_H5payDf_Query.html
INFO: [ app_init ] --START--
INFO: Run Behavior\BuildLiteBehavior [ RunTime:0.000005s ]
INFO: [ app_init ] --END-- [ RunTime:0.000031s ]
INFO: [ app_begin ] --START--
INFO: Run Behavior\ReadHtmlCacheBehavior [ RunTime:0.000657s ]
INFO: Run Behavior\CheckLangBehavior [ RunTime:0.001063s ]
INFO: [ app_begin ] --END-- [ RunTime:0.001779s ]
SQL: SHOW COLUMNS FROM `pay_wttklist` [ RunTime:0.0012s ]
SQL: SELECT * FROM `pay_wttklist` WHERE `code` = 'H5payDf' AND `status` = 1  [ RunTime:0.0046s ]
SQL: SHOW COLUMNS FROM `pay_pay_for_another` [ RunTime:0.0098s ]
SQL: SELECT * FROM `pay_pay_for_another` WHERE `id` = 7 LIMIT 1   FOR UPDATE  [ RunTime:0.0005s ]

[ 2018-12-11T11:12:56+08:00 ] 127.0.0.1 /Payment_H5payDf_Query.html
INFO: [ app_init ] --START--
INFO: Run Behavior\BuildLiteBehavior [ RunTime:0.000006s ]
INFO: [ app_init ] --END-- [ RunTime:0.000029s ]
INFO: [ app_begin ] --START--
INFO: Run Behavior\ReadHtmlCacheBehavior [ RunTime:0.000739s ]
INFO: Run Behavior\CheckLangBehavior [ RunTime:0.001153s ]
INFO: [ app_begin ] --END-- [ RunTime:0.001930s ]
SQL: SHOW COLUMNS FROM `pay_wttklist` [ RunTime:0.0009s ]
SQL: SELECT * FROM `pay_wttklist` WHERE `code` = 'H5payDf' AND `status` = 1  [ RunTime:0.0005s ]
SQL: SHOW COLUMNS FROM `pay_pay_for_another` [ RunTime:0.0011s ]
SQL: SELECT * FROM `pay_pay_for_another` WHERE `id` = 7 LIMIT 1   FOR UPDATE  [ RunTime:0.0004s ]

[ 2018-12-11T20:11:39+08:00 ] 127.0.0.1 /Payment_CHpay_moneyQuery.html
INFO: [ app_init ] --START--
INFO: Run Behavior\BuildLiteBehavior [ RunTime:0.000006s ]
INFO: [ app_init ] --END-- [ RunTime:0.000031s ]
INFO: [ app_begin ] --START--
INFO: Run Behavior\ReadHtmlCacheBehavior [ RunTime:0.000813s ]
INFO: Run Behavior\CheckLangBehavior [ RunTime:0.001429s ]
INFO: [ app_begin ] --END-- [ RunTime:0.002300s ]
ERR: 无法加载控制器:CHpay

[ 2018-12-11T20:12:02+08:00 ] 127.0.0.1 /Payment_CHpay_moneyQuery.html
INFO: [ app_init ] --START--
INFO: Run Behavior\BuildLiteBehavior [ RunTime:0.000005s ]
INFO: [ app_init ] --END-- [ RunTime:0.000026s ]
INFO: [ app_begin ] --START--
INFO: Run Behavior\ReadHtmlCacheBehavior [ RunTime:0.001364s ]
INFO: Run Behavior\CheckLangBehavior [ RunTime:0.001202s ]
INFO: [ app_begin ] --END-- [ RunTime:0.002667s ]
ERR: 无法加载控制器:CHpay

