[ 2019-01-25T16:20:55+08:00 ] 127.0.0.1 /Payment_Dfpay_add.html
INFO: [ app_init ] --START--
INFO: Run Behavior\BuildLiteBehavior [ RunTime:0.000012s ]
INFO: [ app_init ] --END-- [ RunTime:0.000125s ]
INFO: [ app_begin ] --START--
INFO: Run Behavior\ReadHtmlCacheBehavior [ RunTime:0.000980s ]
INFO: Run Behavior\CheckLangBehavior [ RunTime:0.001567s ]
INFO: [ app_begin ] --END-- [ RunTime:0.002593s ]
SQL: SHOW COLUMNS FROM `pay_websiteconfig` [ RunTime:0.0033s ]
SQL: SELECT * FROM `pay_websiteconfig` LIMIT 1   [ RunTime:0.0005s ]
SQL: SHOW COLUMNS FROM `pay_member` [ RunTime:0.0011s ]
SQL: SELECT * FROM `pay_member` WHERE `id` = 106 LIMIT 1   [ RunTime:0.0013s ]
SQL: SHOW COLUMNS FROM `pay_member` [ RunTime:0.0007s ]
SQL: SELECT * FROM `pay_member` WHERE `id` = 106 AND `open_charge` = 1 LIMIT 1   [ RunTime:0.0004s ]
NOTIC: [8] Undefined index: HTTP_X_REAL_IP C:\work\juhe\core\Common\functions.php 第 1456 行.

[ 2019-01-25T16:21:23+08:00 ] 127.0.0.1 /Payment_Dfpay_add.html
INFO: [ app_init ] --START--
INFO: Run Behavior\BuildLiteBehavior [ RunTime:0.000011s ]
INFO: [ app_init ] --END-- [ RunTime:0.000050s ]
INFO: [ app_begin ] --START--
INFO: Run Behavior\ReadHtmlCacheBehavior [ RunTime:0.000781s ]
INFO: Run Behavior\CheckLangBehavior [ RunTime:0.001143s ]
INFO: [ app_begin ] --END-- [ RunTime:0.001988s ]
SQL: SHOW COLUMNS FROM `pay_websiteconfig` [ RunTime:0.0009s ]
SQL: SELECT * FROM `pay_websiteconfig` LIMIT 1   [ RunTime:0.0004s ]
SQL: SHOW COLUMNS FROM `pay_member` [ RunTime:0.0009s ]
SQL: SELECT * FROM `pay_member` WHERE `id` = 106 LIMIT 1   [ RunTime:0.0005s ]
SQL: SHOW COLUMNS FROM `pay_member` [ RunTime:0.0007s ]
SQL: SELECT * FROM `pay_member` WHERE `id` = 106 AND `open_charge` = 1 LIMIT 1   [ RunTime:0.0004s ]
NOTIC: [8] Undefined index: HTTP_X_REAL_IP C:\work\juhe\core\Common\functions.php 第 1456 行.

[ 2019-01-25T16:21:49+08:00 ] 127.0.0.1 /Payment_Dfpay_add.html
INFO: [ app_init ] --START--
INFO: Run Behavior\BuildLiteBehavior [ RunTime:0.000084s ]
INFO: [ app_init ] --END-- [ RunTime:0.000108s ]
INFO: [ app_begin ] --START--
INFO: Run Behavior\ReadHtmlCacheBehavior [ RunTime:0.001214s ]
INFO: Run Behavior\CheckLangBehavior [ RunTime:0.002540s ]
INFO: [ app_begin ] --END-- [ RunTime:0.003927s ]
SQL: SHOW COLUMNS FROM `pay_websiteconfig` [ RunTime:0.0008s ]
SQL: SELECT * FROM `pay_websiteconfig` LIMIT 1   [ RunTime:0.0007s ]
SQL: SHOW COLUMNS FROM `pay_member` [ RunTime:0.0012s ]
SQL: SELECT * FROM `pay_member` WHERE `id` = 106 LIMIT 1   [ RunTime:0.0007s ]
SQL: SHOW COLUMNS FROM `pay_member` [ RunTime:0.0008s ]
SQL: SELECT * FROM `pay_member` WHERE `id` = 106 AND `open_charge` = 1 LIMIT 1   [ RunTime:0.0017s ]
NOTIC: [8] Undefined index: HTTP_X_REAL_IP C:\work\juhe\core\Common\functions.php 第 1456 行.

[ 2019-01-25T16:23:10+08:00 ] 127.0.0.1 /Payment_Dfpay_add.html
INFO: [ app_init ] --START--
INFO: Run Behavior\BuildLiteBehavior [ RunTime:0.000004s ]
INFO: [ app_init ] --END-- [ RunTime:0.000026s ]
INFO: [ app_begin ] --START--
INFO: Run Behavior\ReadHtmlCacheBehavior [ RunTime:0.000754s ]
INFO: Run Behavior\CheckLangBehavior [ RunTime:0.001161s ]
INFO: [ app_begin ] --END-- [ RunTime:0.001961s ]
SQL: SHOW COLUMNS FROM `pay_websiteconfig` [ RunTime:0.0012s ]
SQL: SELECT * FROM `pay_websiteconfig` LIMIT 1   [ RunTime:0.0004s ]
SQL: SHOW COLUMNS FROM `pay_member` [ RunTime:0.0013s ]
SQL: SELECT * FROM `pay_member` WHERE `id` = 106 LIMIT 1   [ RunTime:0.0006s ]
SQL: SHOW COLUMNS FROM `pay_member` [ RunTime:0.0008s ]
SQL: SELECT * FROM `pay_member` WHERE `id` = 106 AND `open_charge` = 1 LIMIT 1   [ RunTime:0.0004s ]
NOTIC: [8] Undefined index: HTTP_X_REAL_IP C:\work\juhe\core\Common\functions.php 第 1456 行.

[ 2019-01-25T16:24:15+08:00 ] 127.0.0.1 /Payment_Dfpay_add.html
INFO: [ app_init ] --START--
INFO: Run Behavior\BuildLiteBehavior [ RunTime:0.000006s ]
INFO: [ app_init ] --END-- [ RunTime:0.000027s ]
INFO: [ app_begin ] --START--
INFO: Run Behavior\ReadHtmlCacheBehavior [ RunTime:0.003061s ]
INFO: Run Behavior\CheckLangBehavior [ RunTime:0.001687s ]
INFO: [ app_begin ] --END-- [ RunTime:0.004886s ]
SQL: SHOW COLUMNS FROM `pay_websiteconfig` [ RunTime:0.0009s ]
SQL: SELECT * FROM `pay_websiteconfig` LIMIT 1   [ RunTime:0.0004s ]
SQL: SHOW COLUMNS FROM `pay_member` [ RunTime:0.0008s ]
SQL: SELECT * FROM `pay_member` WHERE `id` = 106 LIMIT 1   [ RunTime:0.0004s ]
SQL: SHOW COLUMNS FROM `pay_member` [ RunTime:0.0006s ]
SQL: SELECT * FROM `pay_member` WHERE `id` = 106 AND `open_charge` = 1 LIMIT 1   [ RunTime:0.0003s ]
NOTIC: [8] Undefined index: HTTP_X_REAL_IP C:\work\juhe\core\Common\functions.php 第 1456 行.

[ 2019-01-25T16:27:03+08:00 ] 127.0.0.1 /Payment_Dfpay_add.html
INFO: [ app_init ] --START--
INFO: Run Behavior\BuildLiteBehavior [ RunTime:0.000010s ]
INFO: [ app_init ] --END-- [ RunTime:0.000041s ]
INFO: [ app_begin ] --START--
INFO: Run Behavior\ReadHtmlCacheBehavior [ RunTime:0.000967s ]
INFO: Run Behavior\CheckLangBehavior [ RunTime:0.001308s ]
INFO: [ app_begin ] --END-- [ RunTime:0.002362s ]
SQL: SHOW COLUMNS FROM `pay_websiteconfig` [ RunTime:0.0011s ]
SQL: SELECT * FROM `pay_websiteconfig` LIMIT 1   [ RunTime:0.0003s ]
SQL: SHOW COLUMNS FROM `pay_member` [ RunTime:0.0008s ]
SQL: SELECT * FROM `pay_member` WHERE `id` = 106 LIMIT 1   [ RunTime:0.0005s ]
SQL: SHOW COLUMNS FROM `pay_member` [ RunTime:0.0009s ]
SQL: SELECT * FROM `pay_member` WHERE `id` = 106 AND `open_charge` = 1 LIMIT 1   [ RunTime:0.0006s ]
NOTIC: [8] Undefined index: HTTP_X_REAL_IP C:\work\juhe\core\Common\functions.php 第 1456 行.

[ 2019-01-25T16:27:58+08:00 ] 127.0.0.1 /Payment_Dfpay_add.html
INFO: [ app_init ] --START--
INFO: Run Behavior\BuildLiteBehavior [ RunTime:0.000005s ]
INFO: [ app_init ] --END-- [ RunTime:0.000024s ]
INFO: [ app_begin ] --START--
INFO: Run Behavior\ReadHtmlCacheBehavior [ RunTime:0.000875s ]
INFO: Run Behavior\CheckLangBehavior [ RunTime:0.001342s ]
INFO: [ app_begin ] --END-- [ RunTime:0.002282s ]
SQL: SHOW COLUMNS FROM `pay_websiteconfig` [ RunTime:0.0016s ]
SQL: SELECT * FROM `pay_websiteconfig` LIMIT 1   [ RunTime:0.0010s ]
SQL: SHOW COLUMNS FROM `pay_member` [ RunTime:0.0010s ]
SQL: SELECT * FROM `pay_member` WHERE `id` = 106 LIMIT 1   [ RunTime:0.0006s ]
SQL: SHOW COLUMNS FROM `pay_member` [ RunTime:0.0007s ]
SQL: SELECT * FROM `pay_member` WHERE `id` = 106 AND `open_charge` = 1 LIMIT 1   [ RunTime:0.0004s ]
NOTIC: [8] Undefined index: HTTP_X_REAL_IP C:\work\juhe\core\Common\functions.php 第 1456 行.

[ 2019-01-25T16:29:35+08:00 ] 127.0.0.1 /Payment_Dfpay_add.html
INFO: [ app_init ] --START--
INFO: Run Behavior\BuildLiteBehavior [ RunTime:0.000005s ]
INFO: [ app_init ] --END-- [ RunTime:0.000031s ]
INFO: [ app_begin ] --START--
INFO: Run Behavior\ReadHtmlCacheBehavior [ RunTime:0.000832s ]
INFO: Run Behavior\CheckLangBehavior [ RunTime:0.002724s ]
INFO: [ app_begin ] --END-- [ RunTime:0.003610s ]
SQL: SHOW COLUMNS FROM `pay_websiteconfig` [ RunTime:0.0015s ]
SQL: SELECT * FROM `pay_websiteconfig` LIMIT 1   [ RunTime:0.0006s ]
SQL: SHOW COLUMNS FROM `pay_member` [ RunTime:0.0009s ]
SQL: SELECT * FROM `pay_member` WHERE `id` = 106 LIMIT 1   [ RunTime:0.0005s ]
SQL: SHOW COLUMNS FROM `pay_member` [ RunTime:0.0006s ]
SQL: SELECT * FROM `pay_member` WHERE `id` = 106 AND `open_charge` = 1 LIMIT 1   [ RunTime:0.0004s ]
NOTIC: [8] Undefined index: HTTP_X_REAL_IP C:\work\juhe\core\Common\functions.php 第 1456 行.

[ 2019-01-25T16:29:38+08:00 ] 127.0.0.1 /Payment_Dfpay_add.html
INFO: [ app_init ] --START--
INFO: Run Behavior\BuildLiteBehavior [ RunTime:0.000007s ]
INFO: [ app_init ] --END-- [ RunTime:0.000045s ]
INFO: [ app_begin ] --START--
INFO: Run Behavior\ReadHtmlCacheBehavior [ RunTime:0.000676s ]
INFO: Run Behavior\CheckLangBehavior [ RunTime:0.001093s ]
INFO: [ app_begin ] --END-- [ RunTime:0.001816s ]
SQL: SHOW COLUMNS FROM `pay_websiteconfig` [ RunTime:0.0008s ]
SQL: SELECT * FROM `pay_websiteconfig` LIMIT 1   [ RunTime:0.0004s ]
SQL: SHOW COLUMNS FROM `pay_member` [ RunTime:0.0008s ]
SQL: SELECT * FROM `pay_member` WHERE `id` = 106 LIMIT 1   [ RunTime:0.0005s ]
SQL: SHOW COLUMNS FROM `pay_member` [ RunTime:0.0009s ]
SQL: SELECT * FROM `pay_member` WHERE `id` = 106 AND `open_charge` = 1 LIMIT 1   [ RunTime:0.0007s ]
NOTIC: [8] Undefined index: HTTP_X_REAL_IP C:\work\juhe\core\Common\functions.php 第 1456 行.

[ 2019-01-25T16:36:58+08:00 ] 127.0.0.1 /Payment_Dfpay_add.html
INFO: [ app_init ] --START--
INFO: Run Behavior\BuildLiteBehavior [ RunTime:0.000008s ]
INFO: [ app_init ] --END-- [ RunTime:0.000040s ]
INFO: [ app_begin ] --START--
INFO: Run Behavior\ReadHtmlCacheBehavior [ RunTime:0.000778s ]
INFO: Run Behavior\CheckLangBehavior [ RunTime:0.001212s ]
INFO: [ app_begin ] --END-- [ RunTime:0.002034s ]
SQL: SHOW COLUMNS FROM `pay_websiteconfig` [ RunTime:0.0013s ]
SQL: SELECT * FROM `pay_websiteconfig` LIMIT 1   [ RunTime:0.0004s ]
SQL: SHOW COLUMNS FROM `pay_member` [ RunTime:0.0009s ]
SQL: SELECT * FROM `pay_member` WHERE `id` = 112 LIMIT 1   [ RunTime:0.0005s ]
SQL: SHOW COLUMNS FROM `pay_member` [ RunTime:0.0008s ]
SQL: SELECT * FROM `pay_member` WHERE `id` = 112 AND `open_charge` = 1 LIMIT 1   [ RunTime:0.0005s ]
NOTIC: [8] Undefined index: HTTP_X_REAL_IP C:\work\juhe\core\Common\functions.php 第 1456 行.
SQL: SHOW COLUMNS FROM `pay_df_api_order` [ RunTime:0.0022s ]
SQL: SELECT COUNT(*) AS tp_count FROM `pay_df_api_order` WHERE `out_trade_no` = '6001201812060000003' AND `userid` = 112 LIMIT 1   [ RunTime:0.0026s ]
SQL: SHOW COLUMNS FROM `pay_pay_for_another` [ RunTime:0.0026s ]
SQL: SELECT `id` FROM `pay_pay_for_another` WHERE `status` = 1  [ RunTime:0.0022s ]
SQL: SHOW COLUMNS FROM `pay_pay_channel_extend_fields` [ RunTime:0.0013s ]
SQL: SELECT * FROM `pay_pay_channel_extend_fields` WHERE `channel_id` IN ('3','4','5','6','7','8','9','10','11','12')  [ RunTime:0.0011s ]

[ 2019-01-25T16:37:13+08:00 ] 127.0.0.1 /Payment_Dfpay_add.html
INFO: [ app_init ] --START--
INFO: Run Behavior\BuildLiteBehavior [ RunTime:0.000009s ]
INFO: [ app_init ] --END-- [ RunTime:0.000029s ]
INFO: [ app_begin ] --START--
INFO: Run Behavior\ReadHtmlCacheBehavior [ RunTime:0.001438s ]
INFO: Run Behavior\CheckLangBehavior [ RunTime:0.001722s ]
INFO: [ app_begin ] --END-- [ RunTime:0.003272s ]
SQL: SHOW COLUMNS FROM `pay_websiteconfig` [ RunTime:0.0137s ]
SQL: SELECT * FROM `pay_websiteconfig` LIMIT 1   [ RunTime:0.0005s ]
SQL: SHOW COLUMNS FROM `pay_member` [ RunTime:0.0009s ]
SQL: SELECT * FROM `pay_member` WHERE `id` = 112 LIMIT 1   [ RunTime:0.0005s ]
SQL: SHOW COLUMNS FROM `pay_member` [ RunTime:0.0006s ]
SQL: SELECT * FROM `pay_member` WHERE `id` = 112 AND `open_charge` = 1 LIMIT 1   [ RunTime:0.0004s ]
NOTIC: [8] Undefined index: HTTP_X_REAL_IP C:\work\juhe\core\Common\functions.php 第 1456 行.
SQL: SHOW COLUMNS FROM `pay_df_api_order` [ RunTime:0.0016s ]
SQL: SELECT COUNT(*) AS tp_count FROM `pay_df_api_order` WHERE `out_trade_no` = '6001201812060000003' AND `userid` = 112 LIMIT 1   [ RunTime:0.0004s ]
SQL: SHOW COLUMNS FROM `pay_pay_for_another` [ RunTime:0.0006s ]
SQL: SELECT `id` FROM `pay_pay_for_another` WHERE `status` = 1  [ RunTime:0.0004s ]
SQL: SHOW COLUMNS FROM `pay_pay_channel_extend_fields` [ RunTime:0.0023s ]
SQL: SELECT * FROM `pay_pay_channel_extend_fields` WHERE `channel_id` IN ('3','4','5','6','7','8','9','10','11','12')  [ RunTime:0.0004s ]

[ 2019-01-25T16:37:52+08:00 ] 127.0.0.1 /Payment_Dfpay_add.html
INFO: [ app_init ] --START--
INFO: Run Behavior\BuildLiteBehavior [ RunTime:0.000004s ]
INFO: [ app_init ] --END-- [ RunTime:0.000025s ]
INFO: [ app_begin ] --START--
INFO: Run Behavior\ReadHtmlCacheBehavior [ RunTime:0.000902s ]
INFO: Run Behavior\CheckLangBehavior [ RunTime:0.001245s ]
INFO: [ app_begin ] --END-- [ RunTime:0.002193s ]
SQL: SHOW COLUMNS FROM `pay_websiteconfig` [ RunTime:0.0009s ]
SQL: SELECT * FROM `pay_websiteconfig` LIMIT 1   [ RunTime:0.0004s ]
SQL: SHOW COLUMNS FROM `pay_member` [ RunTime:0.0009s ]
SQL: SELECT * FROM `pay_member` WHERE `id` = 112 LIMIT 1   [ RunTime:0.0005s ]
SQL: SHOW COLUMNS FROM `pay_member` [ RunTime:0.0006s ]
SQL: SELECT * FROM `pay_member` WHERE `id` = 112 AND `open_charge` = 1 LIMIT 1   [ RunTime:0.0004s ]
NOTIC: [8] Undefined index: HTTP_X_REAL_IP C:\work\juhe\core\Common\functions.php 第 1456 行.
SQL: SHOW COLUMNS FROM `pay_df_api_order` [ RunTime:0.0016s ]
SQL: SELECT COUNT(*) AS tp_count FROM `pay_df_api_order` WHERE `out_trade_no` = '6001201812060000003' AND `userid` = 112 LIMIT 1   [ RunTime:0.0005s ]
SQL: SHOW COLUMNS FROM `pay_pay_for_another` [ RunTime:0.0007s ]
SQL: SELECT `id` FROM `pay_pay_for_another` WHERE `status` = 1  [ RunTime:0.0004s ]
SQL: SHOW COLUMNS FROM `pay_pay_channel_extend_fields` [ RunTime:0.0006s ]
SQL: SELECT * FROM `pay_pay_channel_extend_fields` WHERE `channel_id` IN ('3','4','5','6','7','8','9','10','11','12')  [ RunTime:0.0003s ]

[ 2019-01-25T16:38:04+08:00 ] 127.0.0.1 /Payment_Dfpay_add.html
INFO: [ app_init ] --START--
INFO: Run Behavior\BuildLiteBehavior [ RunTime:0.000008s ]
INFO: [ app_init ] --END-- [ RunTime:0.000029s ]
INFO: [ app_begin ] --START--
INFO: Run Behavior\ReadHtmlCacheBehavior [ RunTime:0.000870s ]
INFO: Run Behavior\CheckLangBehavior [ RunTime:0.001116s ]
INFO: [ app_begin ] --END-- [ RunTime:0.002025s ]
SQL: SHOW COLUMNS FROM `pay_websiteconfig` [ RunTime:0.0008s ]
SQL: SELECT * FROM `pay_websiteconfig` LIMIT 1   [ RunTime:0.0004s ]
SQL: SHOW COLUMNS FROM `pay_member` [ RunTime:0.0007s ]
SQL: SELECT * FROM `pay_member` WHERE `id` = 112 LIMIT 1   [ RunTime:0.0004s ]
SQL: SHOW COLUMNS FROM `pay_member` [ RunTime:0.0006s ]
SQL: SELECT * FROM `pay_member` WHERE `id` = 112 AND `open_charge` = 1 LIMIT 1   [ RunTime:0.0003s ]
NOTIC: [8] Undefined index: HTTP_X_REAL_IP C:\work\juhe\core\Common\functions.php 第 1456 行.
SQL: SHOW COLUMNS FROM `pay_df_api_order` [ RunTime:0.0031s ]
SQL: SELECT COUNT(*) AS tp_count FROM `pay_df_api_order` WHERE `out_trade_no` = '6001201812060000003' AND `userid` = 112 LIMIT 1   [ RunTime:0.0005s ]
SQL: SHOW COLUMNS FROM `pay_pay_for_another` [ RunTime:0.0011s ]
SQL: SELECT `id` FROM `pay_pay_for_another` WHERE `status` = 1  [ RunTime:0.0006s ]
SQL: SHOW COLUMNS FROM `pay_pay_channel_extend_fields` [ RunTime:0.0007s ]
SQL: SELECT * FROM `pay_pay_channel_extend_fields` WHERE `channel_id` IN ('3','4','5','6','7','8','9','10','11','12')  [ RunTime:0.0004s ]

[ 2019-01-25T16:38:15+08:00 ] 127.0.0.1 /Payment_Dfpay_add.html
INFO: [ app_init ] --START--
INFO: Run Behavior\BuildLiteBehavior [ RunTime:0.000006s ]
INFO: [ app_init ] --END-- [ RunTime:0.000025s ]
INFO: [ app_begin ] --START--
INFO: Run Behavior\ReadHtmlCacheBehavior [ RunTime:0.000749s ]
INFO: Run Behavior\CheckLangBehavior [ RunTime:0.001131s ]
INFO: [ app_begin ] --END-- [ RunTime:0.001915s ]
SQL: SHOW COLUMNS FROM `pay_websiteconfig` [ RunTime:0.0009s ]
SQL: SELECT * FROM `pay_websiteconfig` LIMIT 1   [ RunTime:0.0004s ]
SQL: SHOW COLUMNS FROM `pay_member` [ RunTime:0.0036s ]
SQL: SELECT * FROM `pay_member` WHERE `id` = 112 LIMIT 1   [ RunTime:0.0128s ]
SQL: SHOW COLUMNS FROM `pay_member` [ RunTime:0.0008s ]
SQL: SELECT * FROM `pay_member` WHERE `id` = 112 AND `open_charge` = 1 LIMIT 1   [ RunTime:0.0004s ]
NOTIC: [8] Undefined index: HTTP_X_REAL_IP C:\work\juhe\core\Common\functions.php 第 1456 行.
SQL: SHOW COLUMNS FROM `pay_df_api_order` [ RunTime:0.0017s ]
SQL: SELECT COUNT(*) AS tp_count FROM `pay_df_api_order` WHERE `out_trade_no` = '6001201812060000003' AND `userid` = 112 LIMIT 1   [ RunTime:0.0004s ]
SQL: SHOW COLUMNS FROM `pay_pay_for_another` [ RunTime:0.0021s ]
SQL: SELECT `id` FROM `pay_pay_for_another` WHERE `status` = 1  [ RunTime:0.0004s ]
SQL: SHOW COLUMNS FROM `pay_pay_channel_extend_fields` [ RunTime:0.0006s ]
SQL: SELECT * FROM `pay_pay_channel_extend_fields` WHERE `channel_id` IN ('3','4','5','6','7','8','9','10','11','12')  [ RunTime:0.0003s ]

[ 2019-01-25T16:49:51+08:00 ] 127.0.0.1 /Payment_Dfpay_add.html
INFO: [ app_init ] --START--
INFO: Run Behavior\BuildLiteBehavior [ RunTime:0.000006s ]
INFO: [ app_init ] --END-- [ RunTime:0.000033s ]
INFO: [ app_begin ] --START--
INFO: Run Behavior\ReadHtmlCacheBehavior [ RunTime:0.000799s ]
INFO: Run Behavior\CheckLangBehavior [ RunTime:0.001145s ]
INFO: [ app_begin ] --END-- [ RunTime:0.001982s ]
SQL: SHOW COLUMNS FROM `pay_websiteconfig` [ RunTime:0.0009s ]
SQL: SELECT * FROM `pay_websiteconfig` LIMIT 1   [ RunTime:0.0004s ]
SQL: SHOW COLUMNS FROM `pay_member` [ RunTime:0.0008s ]
SQL: SELECT * FROM `pay_member` WHERE `id` = 112 LIMIT 1   [ RunTime:0.0005s ]
SQL: SHOW COLUMNS FROM `pay_member` [ RunTime:0.0007s ]
SQL: SELECT * FROM `pay_member` WHERE `id` = 112 AND `open_charge` = 1 LIMIT 1   [ RunTime:0.0015s ]
NOTIC: [8] Undefined index: HTTP_X_REAL_IP C:\work\juhe\core\Common\functions.php 第 1456 行.

