[ 2019-03-04T13:58:56+08:00 ] 127.0.0.1 /Payment_Index_batchQuery
INFO: [ app_init ] --START--
INFO: Run Behavior\BuildLiteBehavior [ RunTime:0.000005s ]
INFO: [ app_init ] --END-- [ RunTime:0.000027s ]
INFO: [ app_begin ] --START--
INFO: Run Behavior\ReadHtmlCacheBehavior [ RunTime:0.000786s ]
INFO: Run Behavior\CheckLangBehavior [ RunTime:0.001382s ]
INFO: [ app_begin ] --END-- [ RunTime:0.002206s ]
SQL: SHOW COLUMNS FROM `pay_wttklist` [ RunTime:0.0020s ]
SQL: SELECT * FROM `pay_wttklist` WHERE `id` IN ('828') AND `status` = 1  [ RunTime:0.0018s ]
SQL: SHOW COLUMNS FROM `pay_pay_for_another` [ RunTime:0.0157s ]
SQL: SELECT * FROM `pay_pay_for_another` WHERE `id` = 17 LIMIT 1   [ RunTime:0.0005s ]
ERR: Think\Controller:PaymentQuery方法不存在！

[ 2019-03-04T13:58:57+08:00 ] 127.0.0.1 /Payment_Index_batchQuery
INFO: [ app_init ] --START--
INFO: Run Behavior\BuildLiteBehavior [ RunTime:0.000005s ]
INFO: [ app_init ] --END-- [ RunTime:0.000030s ]
INFO: [ app_begin ] --START--
INFO: Run Behavior\ReadHtmlCacheBehavior [ RunTime:0.000687s ]
INFO: Run Behavior\CheckLangBehavior [ RunTime:0.001144s ]
INFO: [ app_begin ] --END-- [ RunTime:0.001863s ]
SQL: SHOW COLUMNS FROM `pay_wttklist` [ RunTime:0.0021s ]
SQL: SELECT * FROM `pay_wttklist` WHERE `id` IN ('828') AND `status` = 1  [ RunTime:0.0005s ]
SQL: SHOW COLUMNS FROM `pay_pay_for_another` [ RunTime:0.0018s ]
SQL: SELECT * FROM `pay_pay_for_another` WHERE `id` = 17 LIMIT 1   [ RunTime:0.0003s ]
ERR: Think\Controller:PaymentQuery方法不存在！

[ 2019-03-04T16:01:42+08:00 ] 127.0.0.1 /Payment__LzfpayDf_notifyurl.html
INFO: [ app_init ] --START--
INFO: Run Behavior\BuildLiteBehavior [ RunTime:0.000005s ]
INFO: [ app_init ] --END-- [ RunTime:0.000028s ]
INFO: [ app_begin ] --START--
INFO: Run Behavior\ReadHtmlCacheBehavior [ RunTime:0.000791s ]
INFO: Run Behavior\CheckLangBehavior [ RunTime:0.001298s ]
INFO: [ app_begin ] --END-- [ RunTime:0.002128s ]

[ 2019-03-04T16:18:05+08:00 ] 127.0.0.1 /Payment__LzfpayDf_notifyurl.html
INFO: [ app_init ] --START--
INFO: Run Behavior\BuildLiteBehavior [ RunTime:0.000005s ]
INFO: [ app_init ] --END-- [ RunTime:0.000030s ]
INFO: [ app_begin ] --START--
INFO: Run Behavior\ReadHtmlCacheBehavior [ RunTime:0.000914s ]
INFO: Run Behavior\CheckLangBehavior [ RunTime:0.001269s ]
INFO: [ app_begin ] --END-- [ RunTime:0.002228s ]
ERR: syntax error, unexpected ''osdLQUrooCYo1oHLiHqdbOYaMXrRF' (T_CONSTANT_ENCAPSED_STRING)

[ 2019-03-04T16:18:22+08:00 ] 127.0.0.1 /Payment__LzfpayDf_notifyurl.html
INFO: [ app_init ] --START--
INFO: Run Behavior\BuildLiteBehavior [ RunTime:0.000008s ]
INFO: [ app_init ] --END-- [ RunTime:0.000081s ]
INFO: [ app_begin ] --START--
INFO: Run Behavior\ReadHtmlCacheBehavior [ RunTime:0.001180s ]
INFO: Run Behavior\CheckLangBehavior [ RunTime:0.001698s ]
INFO: [ app_begin ] --END-- [ RunTime:0.002935s ]
NOTIC: [8] Undefined index: merchantid C:\work\juhe\Application\Payment\Controller\LzfpayDfController.class.php 第 84 行.
NOTIC: [8] Undefined index: merc_ord_no C:\work\juhe\Application\Payment\Controller\LzfpayDfController.class.php 第 85 行.
NOTIC: [8] Undefined index: version C:\work\juhe\Application\Payment\Controller\LzfpayDfController.class.php 第 86 行.
NOTIC: [8] Undefined index: ord_no C:\work\juhe\Application\Payment\Controller\LzfpayDfController.class.php 第 87 行.
NOTIC: [8] Undefined index: tranamt C:\work\juhe\Application\Payment\Controller\LzfpayDfController.class.php 第 88 行.
NOTIC: [8] Undefined index: reqtime C:\work\juhe\Application\Payment\Controller\LzfpayDfController.class.php 第 89 行.
NOTIC: [8] Undefined index: returncode C:\work\juhe\Application\Payment\Controller\LzfpayDfController.class.php 第 90 行.
NOTIC: [8] Undefined index: returnmsg C:\work\juhe\Application\Payment\Controller\LzfpayDfController.class.php 第 91 行.
NOTIC: [8] Undefined index: status C:\work\juhe\Application\Payment\Controller\LzfpayDfController.class.php 第 92 行.
NOTIC: [8] Undefined index: sign C:\work\juhe\Application\Payment\Controller\LzfpayDfController.class.php 第 94 行.
NOTIC: [2] openssl_verify() expects parameter 1 to be string, array given C:\work\juhe\Application\Payment\Controller\LzfpayDfController.class.php 第 398 行.

[ 2019-03-04T16:19:04+08:00 ] 127.0.0.1 /Payment__LzfpayDf_notifyurl.html
INFO: [ app_init ] --START--
INFO: Run Behavior\BuildLiteBehavior [ RunTime:0.000007s ]
INFO: [ app_init ] --END-- [ RunTime:0.000043s ]
INFO: [ app_begin ] --START--
INFO: Run Behavior\ReadHtmlCacheBehavior [ RunTime:0.000874s ]
INFO: Run Behavior\CheckLangBehavior [ RunTime:0.001210s ]
INFO: [ app_begin ] --END-- [ RunTime:0.002124s ]
NOTIC: [8] Undefined index: merchantid C:\work\juhe\Application\Payment\Controller\LzfpayDfController.class.php 第 84 行.
NOTIC: [8] Undefined index: merc_ord_no C:\work\juhe\Application\Payment\Controller\LzfpayDfController.class.php 第 85 行.
NOTIC: [8] Undefined index: version C:\work\juhe\Application\Payment\Controller\LzfpayDfController.class.php 第 86 行.
NOTIC: [8] Undefined index: ord_no C:\work\juhe\Application\Payment\Controller\LzfpayDfController.class.php 第 87 行.
NOTIC: [8] Undefined index: tranamt C:\work\juhe\Application\Payment\Controller\LzfpayDfController.class.php 第 88 行.
NOTIC: [8] Undefined index: reqtime C:\work\juhe\Application\Payment\Controller\LzfpayDfController.class.php 第 89 行.
NOTIC: [8] Undefined index: returncode C:\work\juhe\Application\Payment\Controller\LzfpayDfController.class.php 第 90 行.
NOTIC: [8] Undefined index: returnmsg C:\work\juhe\Application\Payment\Controller\LzfpayDfController.class.php 第 91 行.
NOTIC: [8] Undefined index: status C:\work\juhe\Application\Payment\Controller\LzfpayDfController.class.php 第 92 行.
NOTIC: [8] Undefined index: sign C:\work\juhe\Application\Payment\Controller\LzfpayDfController.class.php 第 94 行.

[ 2019-03-04T16:19:14+08:00 ] 127.0.0.1 /Payment__LzfpayDf_notifyurl.html
INFO: [ app_init ] --START--
INFO: Run Behavior\BuildLiteBehavior [ RunTime:0.000006s ]
INFO: [ app_init ] --END-- [ RunTime:0.000038s ]
INFO: [ app_begin ] --START--
INFO: Run Behavior\ReadHtmlCacheBehavior [ RunTime:0.000894s ]
INFO: Run Behavior\CheckLangBehavior [ RunTime:0.001303s ]
INFO: [ app_begin ] --END-- [ RunTime:0.002234s ]
NOTIC: [8] Undefined index: merchantid C:\work\juhe\Application\Payment\Controller\LzfpayDfController.class.php 第 84 行.
NOTIC: [8] Undefined index: merc_ord_no C:\work\juhe\Application\Payment\Controller\LzfpayDfController.class.php 第 85 行.
NOTIC: [8] Undefined index: version C:\work\juhe\Application\Payment\Controller\LzfpayDfController.class.php 第 86 行.
NOTIC: [8] Undefined index: ord_no C:\work\juhe\Application\Payment\Controller\LzfpayDfController.class.php 第 87 行.
NOTIC: [8] Undefined index: tranamt C:\work\juhe\Application\Payment\Controller\LzfpayDfController.class.php 第 88 行.
NOTIC: [8] Undefined index: reqtime C:\work\juhe\Application\Payment\Controller\LzfpayDfController.class.php 第 89 行.
NOTIC: [8] Undefined index: returncode C:\work\juhe\Application\Payment\Controller\LzfpayDfController.class.php 第 90 行.
NOTIC: [8] Undefined index: returnmsg C:\work\juhe\Application\Payment\Controller\LzfpayDfController.class.php 第 91 行.
NOTIC: [8] Undefined index: status C:\work\juhe\Application\Payment\Controller\LzfpayDfController.class.php 第 92 行.
NOTIC: [8] Undefined index: sign C:\work\juhe\Application\Payment\Controller\LzfpayDfController.class.php 第 94 行.

[ 2019-03-04T16:19:43+08:00 ] 127.0.0.1 /Payment__LzfpayDf_notifyurl.html
INFO: [ app_init ] --START--
INFO: Run Behavior\BuildLiteBehavior [ RunTime:0.000007s ]
INFO: [ app_init ] --END-- [ RunTime:0.000037s ]
INFO: [ app_begin ] --START--
INFO: Run Behavior\ReadHtmlCacheBehavior [ RunTime:0.001009s ]
INFO: Run Behavior\CheckLangBehavior [ RunTime:0.001549s ]
INFO: [ app_begin ] --END-- [ RunTime:0.002619s ]
NOTIC: [8] Undefined index: merchantid C:\work\juhe\Application\Payment\Controller\LzfpayDfController.class.php 第 84 行.
NOTIC: [8] Undefined index: merc_ord_no C:\work\juhe\Application\Payment\Controller\LzfpayDfController.class.php 第 85 行.
NOTIC: [8] Undefined index: version C:\work\juhe\Application\Payment\Controller\LzfpayDfController.class.php 第 86 行.
NOTIC: [8] Undefined index: ord_no C:\work\juhe\Application\Payment\Controller\LzfpayDfController.class.php 第 87 行.
NOTIC: [8] Undefined index: tranamt C:\work\juhe\Application\Payment\Controller\LzfpayDfController.class.php 第 88 行.
NOTIC: [8] Undefined index: reqtime C:\work\juhe\Application\Payment\Controller\LzfpayDfController.class.php 第 89 行.
NOTIC: [8] Undefined index: returncode C:\work\juhe\Application\Payment\Controller\LzfpayDfController.class.php 第 90 行.
NOTIC: [8] Undefined index: returnmsg C:\work\juhe\Application\Payment\Controller\LzfpayDfController.class.php 第 91 行.
NOTIC: [8] Undefined index: status C:\work\juhe\Application\Payment\Controller\LzfpayDfController.class.php 第 92 行.
NOTIC: [8] Undefined index: sign C:\work\juhe\Application\Payment\Controller\LzfpayDfController.class.php 第 94 行.

[ 2019-03-04T16:19:49+08:00 ] 127.0.0.1 /Payment__LzfpayDf_notifyurl.html
INFO: [ app_init ] --START--
INFO: Run Behavior\BuildLiteBehavior [ RunTime:0.000005s ]
INFO: [ app_init ] --END-- [ RunTime:0.000031s ]
INFO: [ app_begin ] --START--
INFO: Run Behavior\ReadHtmlCacheBehavior [ RunTime:0.002608s ]
INFO: Run Behavior\CheckLangBehavior [ RunTime:0.004601s ]
INFO: [ app_begin ] --END-- [ RunTime:0.007469s ]
NOTIC: [8] Undefined index: merchantid C:\work\juhe\Application\Payment\Controller\LzfpayDfController.class.php 第 84 行.
NOTIC: [8] Undefined index: merc_ord_no C:\work\juhe\Application\Payment\Controller\LzfpayDfController.class.php 第 85 行.
NOTIC: [8] Undefined index: version C:\work\juhe\Application\Payment\Controller\LzfpayDfController.class.php 第 86 行.
NOTIC: [8] Undefined index: ord_no C:\work\juhe\Application\Payment\Controller\LzfpayDfController.class.php 第 87 行.
NOTIC: [8] Undefined index: tranamt C:\work\juhe\Application\Payment\Controller\LzfpayDfController.class.php 第 88 行.
NOTIC: [8] Undefined index: reqtime C:\work\juhe\Application\Payment\Controller\LzfpayDfController.class.php 第 89 行.
NOTIC: [8] Undefined index: returncode C:\work\juhe\Application\Payment\Controller\LzfpayDfController.class.php 第 90 行.
NOTIC: [8] Undefined index: returnmsg C:\work\juhe\Application\Payment\Controller\LzfpayDfController.class.php 第 91 行.
NOTIC: [8] Undefined index: status C:\work\juhe\Application\Payment\Controller\LzfpayDfController.class.php 第 92 行.
NOTIC: [8] Undefined index: sign C:\work\juhe\Application\Payment\Controller\LzfpayDfController.class.php 第 94 行.

[ 2019-03-04T16:21:08+08:00 ] 127.0.0.1 /Payment__LzfpayDf_notifyurl.html
INFO: [ app_init ] --START--
INFO: Run Behavior\BuildLiteBehavior [ RunTime:0.000006s ]
INFO: [ app_init ] --END-- [ RunTime:0.000031s ]
INFO: [ app_begin ] --START--
INFO: Run Behavior\ReadHtmlCacheBehavior [ RunTime:0.000753s ]
INFO: Run Behavior\CheckLangBehavior [ RunTime:0.001219s ]
INFO: [ app_begin ] --END-- [ RunTime:0.002016s ]
NOTIC: [8] Undefined index: merchantid C:\work\juhe\Application\Payment\Controller\LzfpayDfController.class.php 第 84 行.
NOTIC: [8] Undefined index: merc_ord_no C:\work\juhe\Application\Payment\Controller\LzfpayDfController.class.php 第 85 行.
NOTIC: [8] Undefined index: version C:\work\juhe\Application\Payment\Controller\LzfpayDfController.class.php 第 86 行.
NOTIC: [8] Undefined index: ord_no C:\work\juhe\Application\Payment\Controller\LzfpayDfController.class.php 第 87 行.
NOTIC: [8] Undefined index: tranamt C:\work\juhe\Application\Payment\Controller\LzfpayDfController.class.php 第 88 行.
NOTIC: [8] Undefined index: reqtime C:\work\juhe\Application\Payment\Controller\LzfpayDfController.class.php 第 89 行.
NOTIC: [8] Undefined index: returncode C:\work\juhe\Application\Payment\Controller\LzfpayDfController.class.php 第 90 行.
NOTIC: [8] Undefined index: returnmsg C:\work\juhe\Application\Payment\Controller\LzfpayDfController.class.php 第 91 行.
NOTIC: [8] Undefined index: status C:\work\juhe\Application\Payment\Controller\LzfpayDfController.class.php 第 92 行.
NOTIC: [8] Undefined index: sign C:\work\juhe\Application\Payment\Controller\LzfpayDfController.class.php 第 94 行.

[ 2019-03-04T16:21:09+08:00 ] 127.0.0.1 /Payment__LzfpayDf_notifyurl.html
INFO: [ app_init ] --START--
INFO: Run Behavior\BuildLiteBehavior [ RunTime:0.000004s ]
INFO: [ app_init ] --END-- [ RunTime:0.000024s ]
INFO: [ app_begin ] --START--
INFO: Run Behavior\ReadHtmlCacheBehavior [ RunTime:0.000776s ]
INFO: Run Behavior\CheckLangBehavior [ RunTime:0.001573s ]
INFO: [ app_begin ] --END-- [ RunTime:0.002449s ]
NOTIC: [8] Undefined index: merchantid C:\work\juhe\Application\Payment\Controller\LzfpayDfController.class.php 第 84 行.
NOTIC: [8] Undefined index: merc_ord_no C:\work\juhe\Application\Payment\Controller\LzfpayDfController.class.php 第 85 行.
NOTIC: [8] Undefined index: version C:\work\juhe\Application\Payment\Controller\LzfpayDfController.class.php 第 86 行.
NOTIC: [8] Undefined index: ord_no C:\work\juhe\Application\Payment\Controller\LzfpayDfController.class.php 第 87 行.
NOTIC: [8] Undefined index: tranamt C:\work\juhe\Application\Payment\Controller\LzfpayDfController.class.php 第 88 行.
NOTIC: [8] Undefined index: reqtime C:\work\juhe\Application\Payment\Controller\LzfpayDfController.class.php 第 89 行.
NOTIC: [8] Undefined index: returncode C:\work\juhe\Application\Payment\Controller\LzfpayDfController.class.php 第 90 行.
NOTIC: [8] Undefined index: returnmsg C:\work\juhe\Application\Payment\Controller\LzfpayDfController.class.php 第 91 行.
NOTIC: [8] Undefined index: status C:\work\juhe\Application\Payment\Controller\LzfpayDfController.class.php 第 92 行.
NOTIC: [8] Undefined index: sign C:\work\juhe\Application\Payment\Controller\LzfpayDfController.class.php 第 94 行.

[ 2019-03-04T16:21:09+08:00 ] 127.0.0.1 /Payment__LzfpayDf_notifyurl.html
INFO: [ app_init ] --START--
INFO: Run Behavior\BuildLiteBehavior [ RunTime:0.000007s ]
INFO: [ app_init ] --END-- [ RunTime:0.000029s ]
INFO: [ app_begin ] --START--
INFO: Run Behavior\ReadHtmlCacheBehavior [ RunTime:0.000742s ]
INFO: Run Behavior\CheckLangBehavior [ RunTime:0.001294s ]
INFO: [ app_begin ] --END-- [ RunTime:0.002075s ]
NOTIC: [8] Undefined index: merchantid C:\work\juhe\Application\Payment\Controller\LzfpayDfController.class.php 第 84 行.
NOTIC: [8] Undefined index: merc_ord_no C:\work\juhe\Application\Payment\Controller\LzfpayDfController.class.php 第 85 行.
NOTIC: [8] Undefined index: version C:\work\juhe\Application\Payment\Controller\LzfpayDfController.class.php 第 86 行.
NOTIC: [8] Undefined index: ord_no C:\work\juhe\Application\Payment\Controller\LzfpayDfController.class.php 第 87 行.
NOTIC: [8] Undefined index: tranamt C:\work\juhe\Application\Payment\Controller\LzfpayDfController.class.php 第 88 行.
NOTIC: [8] Undefined index: reqtime C:\work\juhe\Application\Payment\Controller\LzfpayDfController.class.php 第 89 行.
NOTIC: [8] Undefined index: returncode C:\work\juhe\Application\Payment\Controller\LzfpayDfController.class.php 第 90 行.
NOTIC: [8] Undefined index: returnmsg C:\work\juhe\Application\Payment\Controller\LzfpayDfController.class.php 第 91 行.
NOTIC: [8] Undefined index: status C:\work\juhe\Application\Payment\Controller\LzfpayDfController.class.php 第 92 行.
NOTIC: [8] Undefined index: sign C:\work\juhe\Application\Payment\Controller\LzfpayDfController.class.php 第 94 行.

[ 2019-03-04T16:21:09+08:00 ] 127.0.0.1 /Payment__LzfpayDf_notifyurl.html
INFO: [ app_init ] --START--
INFO: Run Behavior\BuildLiteBehavior [ RunTime:0.000010s ]
INFO: [ app_init ] --END-- [ RunTime:0.000045s ]
INFO: [ app_begin ] --START--
INFO: Run Behavior\ReadHtmlCacheBehavior [ RunTime:0.000674s ]
INFO: Run Behavior\CheckLangBehavior [ RunTime:0.001228s ]
INFO: [ app_begin ] --END-- [ RunTime:0.001956s ]
NOTIC: [8] Undefined index: merchantid C:\work\juhe\Application\Payment\Controller\LzfpayDfController.class.php 第 84 行.
NOTIC: [8] Undefined index: merc_ord_no C:\work\juhe\Application\Payment\Controller\LzfpayDfController.class.php 第 85 行.
NOTIC: [8] Undefined index: version C:\work\juhe\Application\Payment\Controller\LzfpayDfController.class.php 第 86 行.
NOTIC: [8] Undefined index: ord_no C:\work\juhe\Application\Payment\Controller\LzfpayDfController.class.php 第 87 行.
NOTIC: [8] Undefined index: tranamt C:\work\juhe\Application\Payment\Controller\LzfpayDfController.class.php 第 88 行.
NOTIC: [8] Undefined index: reqtime C:\work\juhe\Application\Payment\Controller\LzfpayDfController.class.php 第 89 行.
NOTIC: [8] Undefined index: returncode C:\work\juhe\Application\Payment\Controller\LzfpayDfController.class.php 第 90 行.
NOTIC: [8] Undefined index: returnmsg C:\work\juhe\Application\Payment\Controller\LzfpayDfController.class.php 第 91 行.
NOTIC: [8] Undefined index: status C:\work\juhe\Application\Payment\Controller\LzfpayDfController.class.php 第 92 行.
NOTIC: [8] Undefined index: sign C:\work\juhe\Application\Payment\Controller\LzfpayDfController.class.php 第 94 行.

[ 2019-03-04T16:25:23+08:00 ] 127.0.0.1 /Payment__LzfpayDf_notifyurl.html
INFO: [ app_init ] --START--
INFO: Run Behavior\BuildLiteBehavior [ RunTime:0.000008s ]
INFO: [ app_init ] --END-- [ RunTime:0.000045s ]
INFO: [ app_begin ] --START--
INFO: Run Behavior\ReadHtmlCacheBehavior [ RunTime:0.000846s ]
INFO: Run Behavior\CheckLangBehavior [ RunTime:0.001334s ]
INFO: [ app_begin ] --END-- [ RunTime:0.002219s ]
NOTIC: [8] Undefined index: merchantid C:\work\juhe\Application\Payment\Controller\LzfpayDfController.class.php 第 84 行.
NOTIC: [8] Undefined index: merc_ord_no C:\work\juhe\Application\Payment\Controller\LzfpayDfController.class.php 第 85 行.
NOTIC: [8] Undefined index: version C:\work\juhe\Application\Payment\Controller\LzfpayDfController.class.php 第 86 行.
NOTIC: [8] Undefined index: ord_no C:\work\juhe\Application\Payment\Controller\LzfpayDfController.class.php 第 87 行.
NOTIC: [8] Undefined index: tranamt C:\work\juhe\Application\Payment\Controller\LzfpayDfController.class.php 第 88 行.
NOTIC: [8] Undefined index: reqtime C:\work\juhe\Application\Payment\Controller\LzfpayDfController.class.php 第 89 行.
NOTIC: [8] Undefined index: returncode C:\work\juhe\Application\Payment\Controller\LzfpayDfController.class.php 第 90 行.
NOTIC: [8] Undefined index: returnmsg C:\work\juhe\Application\Payment\Controller\LzfpayDfController.class.php 第 91 行.
NOTIC: [8] Undefined index: status C:\work\juhe\Application\Payment\Controller\LzfpayDfController.class.php 第 92 行.
NOTIC: [8] Undefined index: sign C:\work\juhe\Application\Payment\Controller\LzfpayDfController.class.php 第 94 行.

[ 2019-03-04T16:51:03+08:00 ] 127.0.0.1 /Payment__LzfpayDf_notifyurl.html
INFO: [ app_init ] --START--
INFO: Run Behavior\BuildLiteBehavior [ RunTime:0.000069s ]
INFO: [ app_init ] --END-- [ RunTime:0.000127s ]
INFO: [ app_begin ] --START--
INFO: Run Behavior\ReadHtmlCacheBehavior [ RunTime:0.000877s ]
INFO: Run Behavior\CheckLangBehavior [ RunTime:0.001375s ]
INFO: [ app_begin ] --END-- [ RunTime:0.002296s ]
NOTIC: [8] Undefined index: merchantid C:\work\juhe\Application\Payment\Controller\LzfpayDfController.class.php 第 84 行.
NOTIC: [8] Undefined index: merc_ord_no C:\work\juhe\Application\Payment\Controller\LzfpayDfController.class.php 第 85 行.
NOTIC: [8] Undefined index: version C:\work\juhe\Application\Payment\Controller\LzfpayDfController.class.php 第 86 行.
NOTIC: [8] Undefined index: ord_no C:\work\juhe\Application\Payment\Controller\LzfpayDfController.class.php 第 87 行.
NOTIC: [8] Undefined index: tranamt C:\work\juhe\Application\Payment\Controller\LzfpayDfController.class.php 第 88 行.
NOTIC: [8] Undefined index: reqtime C:\work\juhe\Application\Payment\Controller\LzfpayDfController.class.php 第 89 行.
NOTIC: [8] Undefined index: returncode C:\work\juhe\Application\Payment\Controller\LzfpayDfController.class.php 第 90 行.
NOTIC: [8] Undefined index: returnmsg C:\work\juhe\Application\Payment\Controller\LzfpayDfController.class.php 第 91 行.
NOTIC: [8] Undefined index: status C:\work\juhe\Application\Payment\Controller\LzfpayDfController.class.php 第 92 行.
NOTIC: [8] Undefined index: sign C:\work\juhe\Application\Payment\Controller\LzfpayDfController.class.php 第 94 行.

[ 2019-03-04T16:51:31+08:00 ] 127.0.0.1 /Payment__LzfpayDf_notifyurl.html
INFO: [ app_init ] --START--
INFO: Run Behavior\BuildLiteBehavior [ RunTime:0.000014s ]
INFO: [ app_init ] --END-- [ RunTime:0.000043s ]
INFO: [ app_begin ] --START--
INFO: Run Behavior\ReadHtmlCacheBehavior [ RunTime:0.000767s ]
INFO: Run Behavior\CheckLangBehavior [ RunTime:0.001321s ]
INFO: [ app_begin ] --END-- [ RunTime:0.002127s ]
NOTIC: [8] Undefined index: merchantid C:\work\juhe\Application\Payment\Controller\LzfpayDfController.class.php 第 84 行.
NOTIC: [8] Undefined index: merc_ord_no C:\work\juhe\Application\Payment\Controller\LzfpayDfController.class.php 第 85 行.
NOTIC: [8] Undefined index: version C:\work\juhe\Application\Payment\Controller\LzfpayDfController.class.php 第 86 行.
NOTIC: [8] Undefined index: ord_no C:\work\juhe\Application\Payment\Controller\LzfpayDfController.class.php 第 87 行.
NOTIC: [8] Undefined index: tranamt C:\work\juhe\Application\Payment\Controller\LzfpayDfController.class.php 第 88 行.
NOTIC: [8] Undefined index: reqtime C:\work\juhe\Application\Payment\Controller\LzfpayDfController.class.php 第 89 行.
NOTIC: [8] Undefined index: returncode C:\work\juhe\Application\Payment\Controller\LzfpayDfController.class.php 第 90 行.
NOTIC: [8] Undefined index: returnmsg C:\work\juhe\Application\Payment\Controller\LzfpayDfController.class.php 第 91 行.
NOTIC: [8] Undefined index: status C:\work\juhe\Application\Payment\Controller\LzfpayDfController.class.php 第 92 行.
NOTIC: [8] Undefined index: sign C:\work\juhe\Application\Payment\Controller\LzfpayDfController.class.php 第 94 行.

[ 2019-03-04T16:53:11+08:00 ] 127.0.0.1 /Payment__LzfpayDf_notifyurl.html
INFO: [ app_init ] --START--
INFO: Run Behavior\BuildLiteBehavior [ RunTime:0.000012s ]
INFO: [ app_init ] --END-- [ RunTime:0.000080s ]
INFO: [ app_begin ] --START--
INFO: Run Behavior\ReadHtmlCacheBehavior [ RunTime:0.001106s ]
INFO: Run Behavior\CheckLangBehavior [ RunTime:0.001417s ]
INFO: [ app_begin ] --END-- [ RunTime:0.002572s ]
NOTIC: [8] Undefined index: merchantid C:\work\juhe\Application\Payment\Controller\LzfpayDfController.class.php 第 84 行.
NOTIC: [8] Undefined index: merc_ord_no C:\work\juhe\Application\Payment\Controller\LzfpayDfController.class.php 第 85 行.
NOTIC: [8] Undefined index: version C:\work\juhe\Application\Payment\Controller\LzfpayDfController.class.php 第 86 行.
NOTIC: [8] Undefined index: ord_no C:\work\juhe\Application\Payment\Controller\LzfpayDfController.class.php 第 87 行.
NOTIC: [8] Undefined index: tranamt C:\work\juhe\Application\Payment\Controller\LzfpayDfController.class.php 第 88 行.
NOTIC: [8] Undefined index: reqtime C:\work\juhe\Application\Payment\Controller\LzfpayDfController.class.php 第 89 行.
NOTIC: [8] Undefined index: returncode C:\work\juhe\Application\Payment\Controller\LzfpayDfController.class.php 第 90 行.
NOTIC: [8] Undefined index: returnmsg C:\work\juhe\Application\Payment\Controller\LzfpayDfController.class.php 第 91 行.
NOTIC: [8] Undefined index: status C:\work\juhe\Application\Payment\Controller\LzfpayDfController.class.php 第 92 行.
NOTIC: [8] Undefined index: sign C:\work\juhe\Application\Payment\Controller\LzfpayDfController.class.php 第 94 行.

