[ 2019-01-28T14:53:39+08:00 ] 127.0.0.1 /Payment_YRTpayDf_Query.html
INFO: [ app_init ] --START--
INFO: Run Behavior\BuildLiteBehavior [ RunTime:0.000007s ]
INFO: [ app_init ] --END-- [ RunTime:0.000041s ]
INFO: [ app_begin ] --START--
INFO: Run Behavior\ReadHtmlCacheBehavior [ RunTime:0.000886s ]
INFO: Run Behavior\CheckLangBehavior [ RunTime:0.001424s ]
INFO: [ app_begin ] --END-- [ RunTime:0.002378s ]
SQL: SHOW COLUMNS FROM `pay_wttklist` [ RunTime:0.0018s ]
SQL: SELECT * FROM `pay_wttklist` WHERE `code` = 'YRTpayDf' AND `status` = 1  [ RunTime:0.0005s ]
SQL: SHOW COLUMNS FROM `pay_pay_for_another` [ RunTime:0.0007s ]
SQL: SELECT * FROM `pay_pay_for_another` WHERE `id` = 12 LIMIT 1   FOR UPDATE  [ RunTime:0.0004s ]
NOTIC: [8] Undefined index: mch_id C:\work\juhe\Application\Payment\Controller\YRTpayDfController.class.php 第 215 行.
INFO: [ app_end ] --START--
INFO: Run Behavior\ShowPageTraceBehavior [ RunTime:0.003504s ]
INFO: [ app_end ] --END-- [ RunTime:0.003604s ]

[ 2019-01-28T14:55:40+08:00 ] 127.0.0.1 /Payment_YRTpayDf_Query.html
INFO: [ app_init ] --START--
INFO: Run Behavior\BuildLiteBehavior [ RunTime:0.000006s ]
INFO: [ app_init ] --END-- [ RunTime:0.000036s ]
INFO: [ app_begin ] --START--
INFO: Run Behavior\ReadHtmlCacheBehavior [ RunTime:0.000862s ]
INFO: Run Behavior\CheckLangBehavior [ RunTime:0.001274s ]
INFO: [ app_begin ] --END-- [ RunTime:0.002197s ]
SQL: SHOW COLUMNS FROM `pay_wttklist` [ RunTime:0.0018s ]
SQL: SELECT * FROM `pay_wttklist` WHERE `code` = 'YRTpayDf' AND `status` = 1  [ RunTime:0.0005s ]

[ 2019-01-28T14:55:53+08:00 ] 127.0.0.1 /Payment_YRTpayDf_Query.html
INFO: [ app_init ] --START--
INFO: Run Behavior\BuildLiteBehavior [ RunTime:0.000011s ]
INFO: [ app_init ] --END-- [ RunTime:0.000044s ]
INFO: [ app_begin ] --START--
INFO: Run Behavior\ReadHtmlCacheBehavior [ RunTime:0.001300s ]
INFO: Run Behavior\CheckLangBehavior [ RunTime:0.001538s ]
INFO: [ app_begin ] --END-- [ RunTime:0.002893s ]
SQL: SHOW COLUMNS FROM `pay_wttklist` [ RunTime:0.0030s ]
SQL: SELECT * FROM `pay_wttklist` WHERE `code` = 'YRTpayDf' AND `status` = 1  [ RunTime:0.0004s ]
SQL: SHOW COLUMNS FROM `pay_pay_for_another` [ RunTime:0.0008s ]
SQL: SELECT * FROM `pay_pay_for_another` WHERE `id` = 12 LIMIT 1   FOR UPDATE  [ RunTime:0.0004s ]
NOTIC: [8] Undefined index: mch_id C:\work\juhe\Application\Payment\Controller\YRTpayDfController.class.php 第 216 行.

[ 2019-01-28T14:56:14+08:00 ] 127.0.0.1 /Payment_YRTpayDf_Query.html
INFO: [ app_init ] --START--
INFO: Run Behavior\BuildLiteBehavior [ RunTime:0.000006s ]
INFO: [ app_init ] --END-- [ RunTime:0.000032s ]
INFO: [ app_begin ] --START--
INFO: Run Behavior\ReadHtmlCacheBehavior [ RunTime:0.000675s ]
INFO: Run Behavior\CheckLangBehavior [ RunTime:0.001002s ]
INFO: [ app_begin ] --END-- [ RunTime:0.001713s ]
SQL: SHOW COLUMNS FROM `pay_wttklist` [ RunTime:0.0023s ]
SQL: SELECT * FROM `pay_wttklist` WHERE `code` = 'YRTpayDf' AND `status` = 1  [ RunTime:0.0005s ]
SQL: SHOW COLUMNS FROM `pay_pay_for_another` [ RunTime:0.0008s ]
SQL: SELECT * FROM `pay_pay_for_another` WHERE `id` = 12 LIMIT 1   FOR UPDATE  [ RunTime:0.0004s ]

[ 2019-01-28T14:56:30+08:00 ] 127.0.0.1 /Payment_YRTpayDf_Query.html
INFO: [ app_init ] --START--
INFO: Run Behavior\BuildLiteBehavior [ RunTime:0.000005s ]
INFO: [ app_init ] --END-- [ RunTime:0.000027s ]
INFO: [ app_begin ] --START--
INFO: Run Behavior\ReadHtmlCacheBehavior [ RunTime:0.000828s ]
INFO: Run Behavior\CheckLangBehavior [ RunTime:0.001069s ]
INFO: [ app_begin ] --END-- [ RunTime:0.001939s ]
SQL: SHOW COLUMNS FROM `pay_wttklist` [ RunTime:0.0017s ]
SQL: SELECT * FROM `pay_wttklist` WHERE `code` = 'YRTpayDf' AND `status` = 1  [ RunTime:0.0005s ]
SQL: SHOW COLUMNS FROM `pay_pay_for_another` [ RunTime:0.0008s ]
SQL: SELECT * FROM `pay_pay_for_another` WHERE `id` = 12 LIMIT 1   FOR UPDATE  [ RunTime:0.0004s ]

[ 2019-01-28T14:57:06+08:00 ] 127.0.0.1 /Payment_YRTpayDf_Query.html
INFO: [ app_init ] --START--
INFO: Run Behavior\BuildLiteBehavior [ RunTime:0.000061s ]
INFO: [ app_init ] --END-- [ RunTime:0.000190s ]
INFO: [ app_begin ] --START--
INFO: Run Behavior\ReadHtmlCacheBehavior [ RunTime:0.001867s ]
INFO: Run Behavior\CheckLangBehavior [ RunTime:0.004092s ]
INFO: [ app_begin ] --END-- [ RunTime:0.006044s ]
SQL: SHOW COLUMNS FROM `pay_wttklist` [ RunTime:0.0018s ]
SQL: SELECT * FROM `pay_wttklist` WHERE `code` = 'YRTpayDf' AND `status` = 1  [ RunTime:0.0005s ]
SQL: SHOW COLUMNS FROM `pay_pay_for_another` [ RunTime:0.0007s ]
SQL: SELECT * FROM `pay_pay_for_another` WHERE `id` = 12 LIMIT 1   FOR UPDATE  [ RunTime:0.0004s ]

[ 2019-01-28T14:58:37+08:00 ] 127.0.0.1 /Payment_YRTpayDf_Query.html
INFO: [ app_init ] --START--
INFO: Run Behavior\BuildLiteBehavior [ RunTime:0.000012s ]
INFO: [ app_init ] --END-- [ RunTime:0.000058s ]
INFO: [ app_begin ] --START--
INFO: Run Behavior\ReadHtmlCacheBehavior [ RunTime:0.000812s ]
INFO: Run Behavior\CheckLangBehavior [ RunTime:0.001253s ]
INFO: [ app_begin ] --END-- [ RunTime:0.002102s ]
SQL: SHOW COLUMNS FROM `pay_wttklist` [ RunTime:0.0020s ]
SQL: SELECT * FROM `pay_wttklist` WHERE `code` = 'YRTpayDf' AND `status` = 1  [ RunTime:0.0006s ]
SQL: SHOW COLUMNS FROM `pay_pay_for_another` [ RunTime:0.0007s ]
SQL: SELECT * FROM `pay_pay_for_another` WHERE `id` = 12 LIMIT 1   FOR UPDATE  [ RunTime:0.0004s ]

[ 2019-01-28T14:59:04+08:00 ] 127.0.0.1 /Payment_YRTpayDf_Query.html
INFO: [ app_init ] --START--
INFO: Run Behavior\BuildLiteBehavior [ RunTime:0.000017s ]
INFO: [ app_init ] --END-- [ RunTime:0.000057s ]
INFO: [ app_begin ] --START--
INFO: Run Behavior\ReadHtmlCacheBehavior [ RunTime:0.000825s ]
INFO: Run Behavior\CheckLangBehavior [ RunTime:0.001258s ]
INFO: [ app_begin ] --END-- [ RunTime:0.002139s ]
SQL: SHOW COLUMNS FROM `pay_wttklist` [ RunTime:0.0021s ]
SQL: SELECT * FROM `pay_wttklist` WHERE `code` = 'YRTpayDf' AND `status` = 1  [ RunTime:0.0005s ]
SQL: SHOW COLUMNS FROM `pay_pay_for_another` [ RunTime:0.0007s ]
SQL: SELECT * FROM `pay_pay_for_another` WHERE `id` = 12 LIMIT 1   FOR UPDATE  [ RunTime:0.0003s ]
SQL: SELECT * FROM `pay_wttklist` WHERE `id` = 768 LIMIT 1   FOR UPDATE  [ RunTime:0.0005s ]
SQL: SHOW COLUMNS FROM `pay_member` [ RunTime:0.0009s ]
SQL: SELECT * FROM `pay_member` WHERE `id` = 112 LIMIT 1   FOR UPDATE  [ RunTime:0.0008s ]
SQL: UPDATE `pay_member` SET `balance`='6364.86' WHERE `id` = 112 [ RunTime:0.0036s ]
SQL: SHOW COLUMNS FROM `pay_moneychange` [ RunTime:0.0008s ]
SQL: INSERT INTO `pay_moneychange` (`userid`,`ymoney`,`money`,`gmoney`,`datetime`,`tongdao`,`transid`,`orderid`,`lx`,`contentstr`) VALUES ('112','6351.8600','13','6364.86','2019-01-28 14:59:04','0','768','I0128576739811352','12','处理失败') [ RunTime:0.0005s ]
SQL: UPDATE `pay_wttklist` SET `status`='3',`cldatetime`='2019-01-28 14:59:04' WHERE `id` = 768 [ RunTime:0.0032s ]
INFO: [ app_end ] --START--
INFO: Run Behavior\ShowPageTraceBehavior [ RunTime:0.001296s ]
INFO: [ app_end ] --END-- [ RunTime:0.001369s ]

[ 2019-01-28T15:03:50+08:00 ] 127.0.0.1 /Payment_YRTpayDf_Query.html
INFO: [ app_init ] --START--
INFO: Run Behavior\BuildLiteBehavior [ RunTime:0.000012s ]
INFO: [ app_init ] --END-- [ RunTime:0.000062s ]
INFO: [ app_begin ] --START--
INFO: Run Behavior\ReadHtmlCacheBehavior [ RunTime:0.000819s ]
INFO: Run Behavior\CheckLangBehavior [ RunTime:0.001262s ]
INFO: [ app_begin ] --END-- [ RunTime:0.002124s ]
SQL: SHOW COLUMNS FROM `pay_wttklist` [ RunTime:0.0018s ]
SQL: SELECT * FROM `pay_wttklist` WHERE `code` = 'YRTpayDf' AND `status` = 1  [ RunTime:0.0005s ]
INFO: [ app_end ] --START--
INFO: Run Behavior\ShowPageTraceBehavior [ RunTime:0.000940s ]
INFO: [ app_end ] --END-- [ RunTime:0.000958s ]

[ 2019-01-28T15:03:51+08:00 ] 127.0.0.1 /Payment_YRTpayDf_Query.html
INFO: [ app_init ] --START--
INFO: Run Behavior\BuildLiteBehavior [ RunTime:0.000005s ]
INFO: [ app_init ] --END-- [ RunTime:0.000027s ]
INFO: [ app_begin ] --START--
INFO: Run Behavior\ReadHtmlCacheBehavior [ RunTime:0.000742s ]
INFO: Run Behavior\CheckLangBehavior [ RunTime:0.001121s ]
INFO: [ app_begin ] --END-- [ RunTime:0.001902s ]
SQL: SHOW COLUMNS FROM `pay_wttklist` [ RunTime:0.0025s ]
SQL: SELECT * FROM `pay_wttklist` WHERE `code` = 'YRTpayDf' AND `status` = 1  [ RunTime:0.0005s ]
INFO: [ app_end ] --START--
INFO: Run Behavior\ShowPageTraceBehavior [ RunTime:0.000853s ]
INFO: [ app_end ] --END-- [ RunTime:0.000880s ]

[ 2019-01-28T15:04:15+08:00 ] 127.0.0.1 /Payment_YRTpayDf_Query.html
INFO: [ app_init ] --START--
INFO: Run Behavior\BuildLiteBehavior [ RunTime:0.000010s ]
INFO: [ app_init ] --END-- [ RunTime:0.000035s ]
INFO: [ app_begin ] --START--
INFO: Run Behavior\ReadHtmlCacheBehavior [ RunTime:0.000901s ]
INFO: Run Behavior\CheckLangBehavior [ RunTime:0.001301s ]
INFO: [ app_begin ] --END-- [ RunTime:0.002248s ]
SQL: SHOW COLUMNS FROM `pay_wttklist` [ RunTime:0.0039s ]
SQL: SELECT * FROM `pay_wttklist` WHERE `code` = 'YRTpayDf' AND `status` = 1  [ RunTime:0.0005s ]
SQL: SHOW COLUMNS FROM `pay_pay_for_another` [ RunTime:0.0007s ]
SQL: SELECT * FROM `pay_pay_for_another` WHERE `id` = 12 LIMIT 1   FOR UPDATE  [ RunTime:0.0004s ]

[ 2019-01-28T15:04:32+08:00 ] 127.0.0.1 /Payment_YRTpayDf_Query.html
INFO: [ app_init ] --START--
INFO: Run Behavior\BuildLiteBehavior [ RunTime:0.000009s ]
INFO: [ app_init ] --END-- [ RunTime:0.000043s ]
INFO: [ app_begin ] --START--
INFO: Run Behavior\ReadHtmlCacheBehavior [ RunTime:0.000750s ]
INFO: Run Behavior\CheckLangBehavior [ RunTime:0.001094s ]
INFO: [ app_begin ] --END-- [ RunTime:0.001882s ]
SQL: SHOW COLUMNS FROM `pay_wttklist` [ RunTime:0.0029s ]
SQL: SELECT * FROM `pay_wttklist` WHERE `code` = 'YRTpayDf' AND `status` = 1  [ RunTime:0.0010s ]
SQL: SHOW COLUMNS FROM `pay_pay_for_another` [ RunTime:0.0015s ]
SQL: SELECT * FROM `pay_pay_for_another` WHERE `id` = 12 LIMIT 1   FOR UPDATE  [ RunTime:0.0004s ]
SQL: SELECT * FROM `pay_wttklist` WHERE `id` = 768 LIMIT 1   FOR UPDATE  [ RunTime:0.0005s ]
SQL: SHOW COLUMNS FROM `pay_member` [ RunTime:0.0009s ]
SQL: SELECT * FROM `pay_member` WHERE `id` = 112 LIMIT 1   FOR UPDATE  [ RunTime:0.0004s ]
SQL: UPDATE `pay_member` SET `balance`='6377.86' WHERE `id` = 112 [ RunTime:0.0052s ]
SQL: SHOW COLUMNS FROM `pay_moneychange` [ RunTime:0.0008s ]
SQL: INSERT INTO `pay_moneychange` (`userid`,`ymoney`,`money`,`gmoney`,`datetime`,`tongdao`,`transid`,`orderid`,`lx`,`contentstr`) VALUES ('112','6364.8600','13','6377.86','2019-01-28 15:04:32','0','768','I0128576739811352','12','处理失败') [ RunTime:0.0004s ]
SQL: UPDATE `pay_wttklist` SET `status`='3',`cldatetime`='2019-01-28 15:04:32' WHERE `id` = 768 [ RunTime:0.0039s ]
SQL: UPDATE `pay_wttklist` SET `memo`='账户余额不足' WHERE `orderid` = 'I0128576739811352' [ RunTime:0.0031s ]
INFO: [ app_end ] --START--
INFO: Run Behavior\ShowPageTraceBehavior [ RunTime:0.001053s ]
INFO: [ app_end ] --END-- [ RunTime:0.001079s ]

[ 2019-01-28T15:05:03+08:00 ] 127.0.0.1 /Payment_Index_batchQuery
INFO: [ app_init ] --START--
INFO: Run Behavior\BuildLiteBehavior [ RunTime:0.000005s ]
INFO: [ app_init ] --END-- [ RunTime:0.000025s ]
INFO: [ app_begin ] --START--
INFO: Run Behavior\ReadHtmlCacheBehavior [ RunTime:0.000715s ]
INFO: Run Behavior\CheckLangBehavior [ RunTime:0.001115s ]
INFO: [ app_begin ] --END-- [ RunTime:0.001869s ]
SQL: SHOW COLUMNS FROM `pay_wttklist` [ RunTime:0.0017s ]
SQL: SELECT * FROM `pay_wttklist` WHERE `id` IN ('768') AND `status` = 1  [ RunTime:0.0005s ]
SQL: SHOW COLUMNS FROM `pay_pay_for_another` [ RunTime:0.0007s ]
SQL: SELECT * FROM `pay_pay_for_another` WHERE `id` = 12 LIMIT 1   [ RunTime:0.0004s ]
SQL: SELECT * FROM `pay_wttklist` WHERE `id` = 768 LIMIT 1   FOR UPDATE  [ RunTime:0.0005s ]
SQL: SHOW COLUMNS FROM `pay_member` [ RunTime:0.0008s ]
SQL: SELECT * FROM `pay_member` WHERE `id` = 112 LIMIT 1   FOR UPDATE  [ RunTime:0.0023s ]
SQL: UPDATE `pay_member` SET `balance`='6390.86' WHERE `id` = 112 [ RunTime:0.0034s ]
SQL: SHOW COLUMNS FROM `pay_moneychange` [ RunTime:0.0009s ]
SQL: INSERT INTO `pay_moneychange` (`userid`,`ymoney`,`money`,`gmoney`,`datetime`,`tongdao`,`transid`,`orderid`,`lx`,`contentstr`) VALUES ('112','6377.8600','13','6390.86','2019-01-28 15:05:03','0','768','I0128576739811352','12','处理失败') [ RunTime:0.0003s ]
SQL: UPDATE `pay_wttklist` SET `status`='3',`cldatetime`='2019-01-28 15:05:03' WHERE `id` = 768 [ RunTime:0.0034s ]

[ 2019-01-28T15:20:31+08:00 ] 127.0.0.1 /Payment_YRTpayDf_Query.html
INFO: [ app_init ] --START--
INFO: Run Behavior\BuildLiteBehavior [ RunTime:0.000015s ]
INFO: [ app_init ] --END-- [ RunTime:0.000054s ]
INFO: [ app_begin ] --START--
INFO: Run Behavior\ReadHtmlCacheBehavior [ RunTime:0.000634s ]
INFO: Run Behavior\CheckLangBehavior [ RunTime:0.001096s ]
INFO: [ app_begin ] --END-- [ RunTime:0.001768s ]
SQL: SHOW COLUMNS FROM `pay_wttklist` [ RunTime:0.0019s ]
SQL: SELECT * FROM `pay_wttklist` WHERE `code` = 'YRTpayDf' AND `status` = 1  [ RunTime:0.0006s ]
INFO: [ app_end ] --START--
INFO: Run Behavior\ShowPageTraceBehavior [ RunTime:0.002110s ]
INFO: [ app_end ] --END-- [ RunTime:0.002184s ]

[ 2019-01-28T15:23:30+08:00 ] 127.0.0.1 /Payment_Index_batchQuery
INFO: [ app_init ] --START--
INFO: Run Behavior\BuildLiteBehavior [ RunTime:0.000006s ]
INFO: [ app_init ] --END-- [ RunTime:0.000030s ]
INFO: [ app_begin ] --START--
INFO: Run Behavior\ReadHtmlCacheBehavior [ RunTime:0.000655s ]
INFO: Run Behavior\CheckLangBehavior [ RunTime:0.001138s ]
INFO: [ app_begin ] --END-- [ RunTime:0.001827s ]
SQL: SHOW COLUMNS FROM `pay_wttklist` [ RunTime:0.0016s ]
SQL: SELECT * FROM `pay_wttklist` WHERE `id` IN ('768') AND `status` = 1  [ RunTime:0.0004s ]
SQL: SHOW COLUMNS FROM `pay_pay_for_another` [ RunTime:0.0006s ]
SQL: SELECT * FROM `pay_pay_for_another` WHERE `id` = 12 LIMIT 1   [ RunTime:0.0004s ]
SQL: SELECT * FROM `pay_wttklist` WHERE `id` = 768 LIMIT 1   FOR UPDATE  [ RunTime:0.0005s ]
SQL: SHOW COLUMNS FROM `pay_member` [ RunTime:0.0007s ]
SQL: SELECT * FROM `pay_member` WHERE `id` = 112 LIMIT 1   FOR UPDATE  [ RunTime:0.0004s ]
SQL: UPDATE `pay_member` SET `balance`='6403.86' WHERE `id` = 112 [ RunTime:0.0043s ]
SQL: SHOW COLUMNS FROM `pay_moneychange` [ RunTime:0.0007s ]
SQL: INSERT INTO `pay_moneychange` (`userid`,`ymoney`,`money`,`gmoney`,`datetime`,`tongdao`,`transid`,`orderid`,`lx`,`contentstr`) VALUES ('112','6390.8600','13','6403.86','2019-01-28 15:23:30','0','768','I0128576739811352','12','处理失败') [ RunTime:0.0004s ]
SQL: UPDATE `pay_wttklist` SET `status`='3',`cldatetime`='2019-01-28 15:23:30' WHERE `id` = 768 [ RunTime:0.0031s ]

[ 2019-01-28T15:26:33+08:00 ] 127.0.0.1 /Payment_Index_batchQuery
INFO: [ app_init ] --START--
INFO: Run Behavior\BuildLiteBehavior [ RunTime:0.000007s ]
INFO: [ app_init ] --END-- [ RunTime:0.000037s ]
INFO: [ app_begin ] --START--
INFO: Run Behavior\ReadHtmlCacheBehavior [ RunTime:0.000660s ]
INFO: Run Behavior\CheckLangBehavior [ RunTime:0.001143s ]
INFO: [ app_begin ] --END-- [ RunTime:0.001841s ]
SQL: SHOW COLUMNS FROM `pay_wttklist` [ RunTime:0.0030s ]
SQL: SELECT * FROM `pay_wttklist` WHERE `id` IN ('768') AND `status` = 1  [ RunTime:0.0006s ]
SQL: SHOW COLUMNS FROM `pay_pay_for_another` [ RunTime:0.0006s ]
SQL: SELECT * FROM `pay_pay_for_another` WHERE `id` = 12 LIMIT 1   [ RunTime:0.0004s ]
SQL: SELECT * FROM `pay_wttklist` WHERE `id` = 768 LIMIT 1   FOR UPDATE  [ RunTime:0.0015s ]
SQL: SHOW COLUMNS FROM `pay_member` [ RunTime:0.0021s ]
SQL: SELECT * FROM `pay_member` WHERE `id` = 112 LIMIT 1   FOR UPDATE  [ RunTime:0.0011s ]
SQL: UPDATE `pay_member` SET `balance`='6416.86' WHERE `id` = 112 [ RunTime:0.0047s ]
SQL: SHOW COLUMNS FROM `pay_moneychange` [ RunTime:0.0013s ]
SQL: INSERT INTO `pay_moneychange` (`userid`,`ymoney`,`money`,`gmoney`,`datetime`,`tongdao`,`transid`,`orderid`,`lx`,`contentstr`) VALUES ('112','6403.8600','13','6416.86','2019-01-28 15:26:33','0','768','I0128576739811352','12','处理失败') [ RunTime:0.0006s ]
SQL: UPDATE `pay_wttklist` SET `status`='3',`cldatetime`='2019-01-28 15:26:33' WHERE `id` = 768 [ RunTime:0.0034s ]

[ 2019-01-28T15:33:49+08:00 ] 127.0.0.1 /Payment_Index_batchQuery
INFO: [ app_init ] --START--
INFO: Run Behavior\BuildLiteBehavior [ RunTime:0.000005s ]
INFO: [ app_init ] --END-- [ RunTime:0.000036s ]
INFO: [ app_begin ] --START--
INFO: Run Behavior\ReadHtmlCacheBehavior [ RunTime:0.000836s ]
INFO: Run Behavior\CheckLangBehavior [ RunTime:0.001254s ]
INFO: [ app_begin ] --END-- [ RunTime:0.002130s ]
SQL: SHOW COLUMNS FROM `pay_wttklist` [ RunTime:0.0033s ]
SQL: SELECT * FROM `pay_wttklist` WHERE `id` IN ('') AND `status` = 1  [ RunTime:0.0005s ]

[ 2019-01-28T15:38:09+08:00 ] 127.0.0.1 /Payment_Index_batchQuery
INFO: [ app_init ] --START--
INFO: Run Behavior\BuildLiteBehavior [ RunTime:0.000005s ]
INFO: [ app_init ] --END-- [ RunTime:0.000029s ]
INFO: [ app_begin ] --START--
INFO: Run Behavior\ReadHtmlCacheBehavior [ RunTime:0.000889s ]
INFO: Run Behavior\CheckLangBehavior [ RunTime:0.001342s ]
INFO: [ app_begin ] --END-- [ RunTime:0.002270s ]
SQL: SHOW COLUMNS FROM `pay_wttklist` [ RunTime:0.0033s ]
SQL: SELECT * FROM `pay_wttklist` WHERE `id` IN ('') AND `status` = 1  [ RunTime:0.0005s ]

