[ 2019-01-30T15:09:54+08:00 ] 127.0.0.1 /Payment_YRTpayDf_notifyurl.html
INFO: [ app_init ] --START--
INFO: Run Behavior\BuildLiteBehavior [ RunTime:0.000020s ]
INFO: [ app_init ] --END-- [ RunTime:0.000195s ]
INFO: [ app_begin ] --START--
INFO: Run Behavior\ReadHtmlCacheBehavior [ RunTime:0.000902s ]
INFO: Run Behavior\CheckLangBehavior [ RunTime:0.002771s ]
INFO: [ app_begin ] --END-- [ RunTime:0.003730s ]
NOTIC: [8] Undefined index: appid C:\work\juhe\Application\Payment\Controller\YRTpayDfController.class.php 第 127 行.
NOTIC: [8] Undefined index: mch_id C:\work\juhe\Application\Payment\Controller\YRTpayDfController.class.php 第 128 行.
NOTIC: [8] Undefined index: sign_type C:\work\juhe\Application\Payment\Controller\YRTpayDfController.class.php 第 129 行.
NOTIC: [8] Undefined index: sign C:\work\juhe\Application\Payment\Controller\YRTpayDfController.class.php 第 130 行.
NOTIC: [8] Undefined index: billno C:\work\juhe\Application\Payment\Controller\YRTpayDfController.class.php 第 131 行.
NOTIC: [8] Undefined index: out_trade_no C:\work\juhe\Application\Payment\Controller\YRTpayDfController.class.php 第 132 行.
NOTIC: [8] Undefined index: total_fee C:\work\juhe\Application\Payment\Controller\YRTpayDfController.class.php 第 133 行.
NOTIC: [8] Undefined index: fee C:\work\juhe\Application\Payment\Controller\YRTpayDfController.class.php 第 134 行.
NOTIC: [8] Undefined index: pay_time C:\work\juhe\Application\Payment\Controller\YRTpayDfController.class.php 第 135 行.
NOTIC: [8] Undefined index: trade_status C:\work\juhe\Application\Payment\Controller\YRTpayDfController.class.php 第 136 行.

[ 2019-01-30T15:11:09+08:00 ] 127.0.0.1 /Payment_YRTpayDf_notifyurl.html?out_trade_no=&I0130203157091395=
INFO: [ app_init ] --START--
INFO: Run Behavior\BuildLiteBehavior [ RunTime:0.000009s ]
INFO: [ app_init ] --END-- [ RunTime:0.000032s ]
INFO: [ app_begin ] --START--
INFO: Run Behavior\ReadHtmlCacheBehavior [ RunTime:0.000767s ]
INFO: Run Behavior\CheckLangBehavior [ RunTime:0.001156s ]
INFO: [ app_begin ] --END-- [ RunTime:0.001962s ]
NOTIC: [8] Undefined index: appid C:\work\juhe\Application\Payment\Controller\YRTpayDfController.class.php 第 127 行.
NOTIC: [8] Undefined index: mch_id C:\work\juhe\Application\Payment\Controller\YRTpayDfController.class.php 第 128 行.
NOTIC: [8] Undefined index: sign_type C:\work\juhe\Application\Payment\Controller\YRTpayDfController.class.php 第 129 行.
NOTIC: [8] Undefined index: sign C:\work\juhe\Application\Payment\Controller\YRTpayDfController.class.php 第 130 行.
NOTIC: [8] Undefined index: billno C:\work\juhe\Application\Payment\Controller\YRTpayDfController.class.php 第 131 行.
NOTIC: [8] Undefined index: total_fee C:\work\juhe\Application\Payment\Controller\YRTpayDfController.class.php 第 133 行.
NOTIC: [8] Undefined index: fee C:\work\juhe\Application\Payment\Controller\YRTpayDfController.class.php 第 134 行.
NOTIC: [8] Undefined index: pay_time C:\work\juhe\Application\Payment\Controller\YRTpayDfController.class.php 第 135 行.
NOTIC: [8] Undefined index: trade_status C:\work\juhe\Application\Payment\Controller\YRTpayDfController.class.php 第 136 行.

[ 2019-01-30T15:12:11+08:00 ] 127.0.0.1 /Payment_YRTpayDf_notifyurl.html
INFO: [ app_init ] --START--
INFO: Run Behavior\BuildLiteBehavior [ RunTime:0.000005s ]
INFO: [ app_init ] --END-- [ RunTime:0.000029s ]
INFO: [ app_begin ] --START--
INFO: Run Behavior\ReadHtmlCacheBehavior [ RunTime:0.000693s ]
INFO: Run Behavior\CheckLangBehavior [ RunTime:0.001014s ]
INFO: [ app_begin ] --END-- [ RunTime:0.001747s ]
NOTIC: [8] Undefined index: appid C:\work\juhe\Application\Payment\Controller\YRTpayDfController.class.php 第 127 行.
NOTIC: [8] Undefined index: mch_id C:\work\juhe\Application\Payment\Controller\YRTpayDfController.class.php 第 128 行.
NOTIC: [8] Undefined index: sign_type C:\work\juhe\Application\Payment\Controller\YRTpayDfController.class.php 第 129 行.
NOTIC: [8] Undefined index: sign C:\work\juhe\Application\Payment\Controller\YRTpayDfController.class.php 第 130 行.
NOTIC: [8] Undefined index: billno C:\work\juhe\Application\Payment\Controller\YRTpayDfController.class.php 第 131 行.
NOTIC: [8] Undefined index: out_trade_no C:\work\juhe\Application\Payment\Controller\YRTpayDfController.class.php 第 132 行.
NOTIC: [8] Undefined index: total_fee C:\work\juhe\Application\Payment\Controller\YRTpayDfController.class.php 第 133 行.
NOTIC: [8] Undefined index: fee C:\work\juhe\Application\Payment\Controller\YRTpayDfController.class.php 第 134 行.
NOTIC: [8] Undefined index: pay_time C:\work\juhe\Application\Payment\Controller\YRTpayDfController.class.php 第 135 行.
NOTIC: [8] Undefined index: trade_status C:\work\juhe\Application\Payment\Controller\YRTpayDfController.class.php 第 136 行.

[ 2019-01-30T15:12:29+08:00 ] 127.0.0.1 /Payment_YRTpayDf_notifyurl.html
INFO: [ app_init ] --START--
INFO: Run Behavior\BuildLiteBehavior [ RunTime:0.000006s ]
INFO: [ app_init ] --END-- [ RunTime:0.000031s ]
INFO: [ app_begin ] --START--
INFO: Run Behavior\ReadHtmlCacheBehavior [ RunTime:0.000698s ]
INFO: Run Behavior\CheckLangBehavior [ RunTime:0.001090s ]
INFO: [ app_begin ] --END-- [ RunTime:0.001826s ]
NOTIC: [8] Undefined index: appid C:\work\juhe\Application\Payment\Controller\YRTpayDfController.class.php 第 127 行.
NOTIC: [8] Undefined index: mch_id C:\work\juhe\Application\Payment\Controller\YRTpayDfController.class.php 第 128 行.
NOTIC: [8] Undefined index: sign_type C:\work\juhe\Application\Payment\Controller\YRTpayDfController.class.php 第 129 行.
NOTIC: [8] Undefined index: sign C:\work\juhe\Application\Payment\Controller\YRTpayDfController.class.php 第 130 行.
NOTIC: [8] Undefined index: billno C:\work\juhe\Application\Payment\Controller\YRTpayDfController.class.php 第 131 行.
NOTIC: [8] Undefined index: out_trade_no C:\work\juhe\Application\Payment\Controller\YRTpayDfController.class.php 第 132 行.
NOTIC: [8] Undefined index: total_fee C:\work\juhe\Application\Payment\Controller\YRTpayDfController.class.php 第 133 行.
NOTIC: [8] Undefined index: fee C:\work\juhe\Application\Payment\Controller\YRTpayDfController.class.php 第 134 行.
NOTIC: [8] Undefined index: pay_time C:\work\juhe\Application\Payment\Controller\YRTpayDfController.class.php 第 135 行.
NOTIC: [8] Undefined index: trade_status C:\work\juhe\Application\Payment\Controller\YRTpayDfController.class.php 第 136 行.

[ 2019-01-30T15:12:47+08:00 ] 127.0.0.1 /Payment_YRTpayDf_notifyurl.html
INFO: [ app_init ] --START--
INFO: Run Behavior\BuildLiteBehavior [ RunTime:0.000007s ]
INFO: [ app_init ] --END-- [ RunTime:0.000038s ]
INFO: [ app_begin ] --START--
INFO: Run Behavior\ReadHtmlCacheBehavior [ RunTime:0.000799s ]
INFO: Run Behavior\CheckLangBehavior [ RunTime:0.001107s ]
INFO: [ app_begin ] --END-- [ RunTime:0.001947s ]
NOTIC: [8] Undefined index: appid C:\work\juhe\Application\Payment\Controller\YRTpayDfController.class.php 第 127 行.
NOTIC: [8] Undefined index: mch_id C:\work\juhe\Application\Payment\Controller\YRTpayDfController.class.php 第 128 行.
NOTIC: [8] Undefined index: sign_type C:\work\juhe\Application\Payment\Controller\YRTpayDfController.class.php 第 129 行.
NOTIC: [8] Undefined index: sign C:\work\juhe\Application\Payment\Controller\YRTpayDfController.class.php 第 130 行.
NOTIC: [8] Undefined index: billno C:\work\juhe\Application\Payment\Controller\YRTpayDfController.class.php 第 131 行.
NOTIC: [8] Undefined index: out_trade_no C:\work\juhe\Application\Payment\Controller\YRTpayDfController.class.php 第 132 行.
NOTIC: [8] Undefined index: total_fee C:\work\juhe\Application\Payment\Controller\YRTpayDfController.class.php 第 133 行.
NOTIC: [8] Undefined index: fee C:\work\juhe\Application\Payment\Controller\YRTpayDfController.class.php 第 134 行.
NOTIC: [8] Undefined index: pay_time C:\work\juhe\Application\Payment\Controller\YRTpayDfController.class.php 第 135 行.
NOTIC: [8] Undefined index: trade_status C:\work\juhe\Application\Payment\Controller\YRTpayDfController.class.php 第 136 行.

[ 2019-01-30T15:12:56+08:00 ] 127.0.0.1 /Payment_YRTpayDf_notifyurl.html
INFO: [ app_init ] --START--
INFO: Run Behavior\BuildLiteBehavior [ RunTime:0.000006s ]
INFO: [ app_init ] --END-- [ RunTime:0.000030s ]
INFO: [ app_begin ] --START--
INFO: Run Behavior\ReadHtmlCacheBehavior [ RunTime:0.000693s ]
INFO: Run Behavior\CheckLangBehavior [ RunTime:0.001112s ]
INFO: [ app_begin ] --END-- [ RunTime:0.001843s ]
NOTIC: [8] Undefined index: appid C:\work\juhe\Application\Payment\Controller\YRTpayDfController.class.php 第 127 行.
NOTIC: [8] Undefined index: mch_id C:\work\juhe\Application\Payment\Controller\YRTpayDfController.class.php 第 128 行.
NOTIC: [8] Undefined index: sign_type C:\work\juhe\Application\Payment\Controller\YRTpayDfController.class.php 第 129 行.
NOTIC: [8] Undefined index: sign C:\work\juhe\Application\Payment\Controller\YRTpayDfController.class.php 第 130 行.
NOTIC: [8] Undefined index: billno C:\work\juhe\Application\Payment\Controller\YRTpayDfController.class.php 第 131 行.
NOTIC: [8] Undefined index: out_trade_no C:\work\juhe\Application\Payment\Controller\YRTpayDfController.class.php 第 132 行.
NOTIC: [8] Undefined index: total_fee C:\work\juhe\Application\Payment\Controller\YRTpayDfController.class.php 第 133 行.
NOTIC: [8] Undefined index: fee C:\work\juhe\Application\Payment\Controller\YRTpayDfController.class.php 第 134 行.
NOTIC: [8] Undefined index: pay_time C:\work\juhe\Application\Payment\Controller\YRTpayDfController.class.php 第 135 行.
NOTIC: [8] Undefined index: trade_status C:\work\juhe\Application\Payment\Controller\YRTpayDfController.class.php 第 136 行.

[ 2019-01-30T15:13:29+08:00 ] 127.0.0.1 /Payment_YRTpayDf_notifyurl.html
INFO: [ app_init ] --START--
INFO: Run Behavior\BuildLiteBehavior [ RunTime:0.000005s ]
INFO: [ app_init ] --END-- [ RunTime:0.000024s ]
INFO: [ app_begin ] --START--
INFO: Run Behavior\ReadHtmlCacheBehavior [ RunTime:0.000741s ]
INFO: Run Behavior\CheckLangBehavior [ RunTime:0.001146s ]
INFO: [ app_begin ] --END-- [ RunTime:0.001923s ]
NOTIC: [8] Undefined index: appid C:\work\juhe\Application\Payment\Controller\YRTpayDfController.class.php 第 127 行.
NOTIC: [8] Undefined index: mch_id C:\work\juhe\Application\Payment\Controller\YRTpayDfController.class.php 第 128 行.
NOTIC: [8] Undefined index: sign_type C:\work\juhe\Application\Payment\Controller\YRTpayDfController.class.php 第 129 行.
NOTIC: [8] Undefined index: sign C:\work\juhe\Application\Payment\Controller\YRTpayDfController.class.php 第 130 行.
NOTIC: [8] Undefined index: billno C:\work\juhe\Application\Payment\Controller\YRTpayDfController.class.php 第 131 行.
NOTIC: [8] Undefined index: out_trade_no C:\work\juhe\Application\Payment\Controller\YRTpayDfController.class.php 第 132 行.
NOTIC: [8] Undefined index: total_fee C:\work\juhe\Application\Payment\Controller\YRTpayDfController.class.php 第 133 行.
NOTIC: [8] Undefined index: fee C:\work\juhe\Application\Payment\Controller\YRTpayDfController.class.php 第 134 行.
NOTIC: [8] Undefined index: pay_time C:\work\juhe\Application\Payment\Controller\YRTpayDfController.class.php 第 135 行.
NOTIC: [8] Undefined index: trade_status C:\work\juhe\Application\Payment\Controller\YRTpayDfController.class.php 第 136 行.

[ 2019-01-30T15:13:58+08:00 ] 127.0.0.1 /Payment_YRTpayDf_notifyurl.html
INFO: [ app_init ] --START--
INFO: Run Behavior\BuildLiteBehavior [ RunTime:0.000009s ]
INFO: [ app_init ] --END-- [ RunTime:0.000046s ]
INFO: [ app_begin ] --START--
INFO: Run Behavior\ReadHtmlCacheBehavior [ RunTime:0.001484s ]
INFO: Run Behavior\CheckLangBehavior [ RunTime:0.003502s ]
INFO: [ app_begin ] --END-- [ RunTime:0.005087s ]
NOTIC: [8] Undefined index: appid C:\work\juhe\Application\Payment\Controller\YRTpayDfController.class.php 第 127 行.
NOTIC: [8] Undefined index: mch_id C:\work\juhe\Application\Payment\Controller\YRTpayDfController.class.php 第 128 行.
NOTIC: [8] Undefined index: sign_type C:\work\juhe\Application\Payment\Controller\YRTpayDfController.class.php 第 129 行.
NOTIC: [8] Undefined index: sign C:\work\juhe\Application\Payment\Controller\YRTpayDfController.class.php 第 130 行.
NOTIC: [8] Undefined index: billno C:\work\juhe\Application\Payment\Controller\YRTpayDfController.class.php 第 131 行.
NOTIC: [8] Undefined index: out_trade_no C:\work\juhe\Application\Payment\Controller\YRTpayDfController.class.php 第 132 行.
NOTIC: [8] Undefined index: total_fee C:\work\juhe\Application\Payment\Controller\YRTpayDfController.class.php 第 133 行.
NOTIC: [8] Undefined index: fee C:\work\juhe\Application\Payment\Controller\YRTpayDfController.class.php 第 134 行.
NOTIC: [8] Undefined index: pay_time C:\work\juhe\Application\Payment\Controller\YRTpayDfController.class.php 第 135 行.
NOTIC: [8] Undefined index: trade_status C:\work\juhe\Application\Payment\Controller\YRTpayDfController.class.php 第 136 行.

[ 2019-01-30T15:14:44+08:00 ] 127.0.0.1 /Payment_YRTpayDf_notifyurl.html
INFO: [ app_init ] --START--
INFO: Run Behavior\BuildLiteBehavior [ RunTime:0.000004s ]
INFO: [ app_init ] --END-- [ RunTime:0.000024s ]
INFO: [ app_begin ] --START--
INFO: Run Behavior\ReadHtmlCacheBehavior [ RunTime:0.000649s ]
INFO: Run Behavior\CheckLangBehavior [ RunTime:0.001116s ]
INFO: [ app_begin ] --END-- [ RunTime:0.001819s ]
NOTIC: [8] Undefined index: appid C:\work\juhe\Application\Payment\Controller\YRTpayDfController.class.php 第 127 行.
NOTIC: [8] Undefined index: mch_id C:\work\juhe\Application\Payment\Controller\YRTpayDfController.class.php 第 128 行.
NOTIC: [8] Undefined index: sign_type C:\work\juhe\Application\Payment\Controller\YRTpayDfController.class.php 第 129 行.
NOTIC: [8] Undefined index: sign C:\work\juhe\Application\Payment\Controller\YRTpayDfController.class.php 第 130 行.
NOTIC: [8] Undefined index: billno C:\work\juhe\Application\Payment\Controller\YRTpayDfController.class.php 第 131 行.
NOTIC: [8] Undefined index: out_trade_no C:\work\juhe\Application\Payment\Controller\YRTpayDfController.class.php 第 132 行.
NOTIC: [8] Undefined index: total_fee C:\work\juhe\Application\Payment\Controller\YRTpayDfController.class.php 第 133 行.
NOTIC: [8] Undefined index: fee C:\work\juhe\Application\Payment\Controller\YRTpayDfController.class.php 第 134 行.
NOTIC: [8] Undefined index: pay_time C:\work\juhe\Application\Payment\Controller\YRTpayDfController.class.php 第 135 行.
NOTIC: [8] Undefined index: trade_status C:\work\juhe\Application\Payment\Controller\YRTpayDfController.class.php 第 136 行.

[ 2019-01-30T15:15:10+08:00 ] 127.0.0.1 /Payment_YRTpayDf_notifyurl.html
INFO: [ app_init ] --START--
INFO: Run Behavior\BuildLiteBehavior [ RunTime:0.000005s ]
INFO: [ app_init ] --END-- [ RunTime:0.000026s ]
INFO: [ app_begin ] --START--
INFO: Run Behavior\ReadHtmlCacheBehavior [ RunTime:0.000813s ]
INFO: Run Behavior\CheckLangBehavior [ RunTime:0.001076s ]
INFO: [ app_begin ] --END-- [ RunTime:0.001942s ]
NOTIC: [8] Undefined index: appid C:\work\juhe\Application\Payment\Controller\YRTpayDfController.class.php 第 127 行.
NOTIC: [8] Undefined index: mch_id C:\work\juhe\Application\Payment\Controller\YRTpayDfController.class.php 第 128 行.
NOTIC: [8] Undefined index: sign_type C:\work\juhe\Application\Payment\Controller\YRTpayDfController.class.php 第 129 行.
NOTIC: [8] Undefined index: sign C:\work\juhe\Application\Payment\Controller\YRTpayDfController.class.php 第 130 行.
NOTIC: [8] Undefined index: billno C:\work\juhe\Application\Payment\Controller\YRTpayDfController.class.php 第 131 行.
NOTIC: [8] Undefined index: out_trade_no C:\work\juhe\Application\Payment\Controller\YRTpayDfController.class.php 第 132 行.
NOTIC: [8] Undefined index: total_fee C:\work\juhe\Application\Payment\Controller\YRTpayDfController.class.php 第 133 行.
NOTIC: [8] Undefined index: fee C:\work\juhe\Application\Payment\Controller\YRTpayDfController.class.php 第 134 行.
NOTIC: [8] Undefined index: pay_time C:\work\juhe\Application\Payment\Controller\YRTpayDfController.class.php 第 135 行.
NOTIC: [8] Undefined index: trade_status C:\work\juhe\Application\Payment\Controller\YRTpayDfController.class.php 第 136 行.

[ 2019-01-30T15:15:32+08:00 ] 127.0.0.1 /Payment_YRTpayDf_notifyurl.html
INFO: [ app_init ] --START--
INFO: Run Behavior\BuildLiteBehavior [ RunTime:0.000007s ]
INFO: [ app_init ] --END-- [ RunTime:0.000038s ]
INFO: [ app_begin ] --START--
INFO: Run Behavior\ReadHtmlCacheBehavior [ RunTime:0.002836s ]
INFO: Run Behavior\CheckLangBehavior [ RunTime:0.001211s ]
INFO: [ app_begin ] --END-- [ RunTime:0.004144s ]
NOTIC: [8] Undefined index: appid C:\work\juhe\Application\Payment\Controller\YRTpayDfController.class.php 第 127 行.
NOTIC: [8] Undefined index: mch_id C:\work\juhe\Application\Payment\Controller\YRTpayDfController.class.php 第 128 行.
NOTIC: [8] Undefined index: sign_type C:\work\juhe\Application\Payment\Controller\YRTpayDfController.class.php 第 129 行.
NOTIC: [8] Undefined index: sign C:\work\juhe\Application\Payment\Controller\YRTpayDfController.class.php 第 130 行.
NOTIC: [8] Undefined index: billno C:\work\juhe\Application\Payment\Controller\YRTpayDfController.class.php 第 131 行.
NOTIC: [8] Undefined index: out_trade_no C:\work\juhe\Application\Payment\Controller\YRTpayDfController.class.php 第 132 行.

[ 2019-01-30T15:15:46+08:00 ] 127.0.0.1 /Payment_YRTpayDf_notifyurl.html
INFO: [ app_init ] --START--
INFO: Run Behavior\BuildLiteBehavior [ RunTime:0.000006s ]
INFO: [ app_init ] --END-- [ RunTime:0.000036s ]
INFO: [ app_begin ] --START--
INFO: Run Behavior\ReadHtmlCacheBehavior [ RunTime:0.000629s ]
INFO: Run Behavior\CheckLangBehavior [ RunTime:0.001047s ]
INFO: [ app_begin ] --END-- [ RunTime:0.001715s ]
NOTIC: [8] Undefined index: appid C:\work\juhe\Application\Payment\Controller\YRTpayDfController.class.php 第 127 行.
NOTIC: [8] Undefined index: mch_id C:\work\juhe\Application\Payment\Controller\YRTpayDfController.class.php 第 128 行.
NOTIC: [8] Undefined index: sign_type C:\work\juhe\Application\Payment\Controller\YRTpayDfController.class.php 第 129 行.
NOTIC: [8] Undefined index: sign C:\work\juhe\Application\Payment\Controller\YRTpayDfController.class.php 第 130 行.
NOTIC: [8] Undefined index: billno C:\work\juhe\Application\Payment\Controller\YRTpayDfController.class.php 第 131 行.
NOTIC: [8] Undefined index: out_trade_no C:\work\juhe\Application\Payment\Controller\YRTpayDfController.class.php 第 132 行.

[ 2019-01-30T15:15:54+08:00 ] 127.0.0.1 /Payment_YRTpayDf_notifyurl.html
INFO: [ app_init ] --START--
INFO: Run Behavior\BuildLiteBehavior [ RunTime:0.000006s ]
INFO: [ app_init ] --END-- [ RunTime:0.000035s ]
INFO: [ app_begin ] --START--
INFO: Run Behavior\ReadHtmlCacheBehavior [ RunTime:0.000709s ]
INFO: Run Behavior\CheckLangBehavior [ RunTime:0.001357s ]
INFO: [ app_begin ] --END-- [ RunTime:0.002180s ]
NOTIC: [8] Undefined index: appid C:\work\juhe\Application\Payment\Controller\YRTpayDfController.class.php 第 127 行.
NOTIC: [8] Undefined index: mch_id C:\work\juhe\Application\Payment\Controller\YRTpayDfController.class.php 第 128 行.
NOTIC: [8] Undefined index: sign_type C:\work\juhe\Application\Payment\Controller\YRTpayDfController.class.php 第 129 行.
NOTIC: [8] Undefined index: sign C:\work\juhe\Application\Payment\Controller\YRTpayDfController.class.php 第 130 行.
NOTIC: [8] Undefined index: billno C:\work\juhe\Application\Payment\Controller\YRTpayDfController.class.php 第 131 行.
NOTIC: [8] Undefined index: out_trade_no C:\work\juhe\Application\Payment\Controller\YRTpayDfController.class.php 第 132 行.

[ 2019-01-30T15:16:20+08:00 ] 127.0.0.1 /Payment_YRTpayDf_notifyurl.html?out_trade_no=I0130203157091395&trade_status-2
INFO: [ app_init ] --START--
INFO: Run Behavior\BuildLiteBehavior [ RunTime:0.000005s ]
INFO: [ app_init ] --END-- [ RunTime:0.000025s ]
INFO: [ app_begin ] --START--
INFO: Run Behavior\ReadHtmlCacheBehavior [ RunTime:0.000707s ]
INFO: Run Behavior\CheckLangBehavior [ RunTime:0.001097s ]
INFO: [ app_begin ] --END-- [ RunTime:0.001838s ]
NOTIC: [8] Undefined index: appid C:\work\juhe\Application\Payment\Controller\YRTpayDfController.class.php 第 127 行.
NOTIC: [8] Undefined index: mch_id C:\work\juhe\Application\Payment\Controller\YRTpayDfController.class.php 第 128 行.
NOTIC: [8] Undefined index: sign_type C:\work\juhe\Application\Payment\Controller\YRTpayDfController.class.php 第 129 行.
NOTIC: [8] Undefined index: sign C:\work\juhe\Application\Payment\Controller\YRTpayDfController.class.php 第 130 行.
NOTIC: [8] Undefined index: billno C:\work\juhe\Application\Payment\Controller\YRTpayDfController.class.php 第 131 行.

[ 2019-01-30T15:16:24+08:00 ] 127.0.0.1 /Payment_YRTpayDf_notifyurl.html?out_trade_no=I0130203157091395&trade_status=2
INFO: [ app_init ] --START--
INFO: Run Behavior\BuildLiteBehavior [ RunTime:0.000005s ]
INFO: [ app_init ] --END-- [ RunTime:0.000031s ]
INFO: [ app_begin ] --START--
INFO: Run Behavior\ReadHtmlCacheBehavior [ RunTime:0.000705s ]
INFO: Run Behavior\CheckLangBehavior [ RunTime:0.001050s ]
INFO: [ app_begin ] --END-- [ RunTime:0.001790s ]
NOTIC: [8] Undefined index: appid C:\work\juhe\Application\Payment\Controller\YRTpayDfController.class.php 第 127 行.
NOTIC: [8] Undefined index: mch_id C:\work\juhe\Application\Payment\Controller\YRTpayDfController.class.php 第 128 行.
NOTIC: [8] Undefined index: sign_type C:\work\juhe\Application\Payment\Controller\YRTpayDfController.class.php 第 129 行.
NOTIC: [8] Undefined index: sign C:\work\juhe\Application\Payment\Controller\YRTpayDfController.class.php 第 130 行.
NOTIC: [8] Undefined index: billno C:\work\juhe\Application\Payment\Controller\YRTpayDfController.class.php 第 131 行.

[ 2019-01-30T15:16:31+08:00 ] 127.0.0.1 /Payment_YRTpayDf_notifyurl.html?out_trade_no=I0130203157091395&trade_status=2
INFO: [ app_init ] --START--
INFO: Run Behavior\BuildLiteBehavior [ RunTime:0.000005s ]
INFO: [ app_init ] --END-- [ RunTime:0.000024s ]
INFO: [ app_begin ] --START--
INFO: Run Behavior\ReadHtmlCacheBehavior [ RunTime:0.000679s ]
INFO: Run Behavior\CheckLangBehavior [ RunTime:0.001190s ]
INFO: [ app_begin ] --END-- [ RunTime:0.001905s ]
NOTIC: [8] Undefined index: appid C:\work\juhe\Application\Payment\Controller\YRTpayDfController.class.php 第 127 行.
NOTIC: [8] Undefined index: mch_id C:\work\juhe\Application\Payment\Controller\YRTpayDfController.class.php 第 128 行.
NOTIC: [8] Undefined index: sign_type C:\work\juhe\Application\Payment\Controller\YRTpayDfController.class.php 第 129 行.
NOTIC: [8] Undefined index: sign C:\work\juhe\Application\Payment\Controller\YRTpayDfController.class.php 第 130 行.
NOTIC: [8] Undefined index: billno C:\work\juhe\Application\Payment\Controller\YRTpayDfController.class.php 第 131 行.

[ 2019-01-30T15:16:48+08:00 ] 127.0.0.1 /Payment_YRTpayDf_notifyurl.html?out_trade_no=I0130203157091395&trade_status=2
INFO: [ app_init ] --START--
INFO: Run Behavior\BuildLiteBehavior [ RunTime:0.000005s ]
INFO: [ app_init ] --END-- [ RunTime:0.000027s ]
INFO: [ app_begin ] --START--
INFO: Run Behavior\ReadHtmlCacheBehavior [ RunTime:0.000738s ]
INFO: Run Behavior\CheckLangBehavior [ RunTime:0.001132s ]
INFO: [ app_begin ] --END-- [ RunTime:0.001915s ]
NOTIC: [8] Undefined index: appid C:\work\juhe\Application\Payment\Controller\YRTpayDfController.class.php 第 127 行.
NOTIC: [8] Undefined index: mch_id C:\work\juhe\Application\Payment\Controller\YRTpayDfController.class.php 第 128 行.
NOTIC: [8] Undefined index: sign_type C:\work\juhe\Application\Payment\Controller\YRTpayDfController.class.php 第 129 行.
NOTIC: [8] Undefined index: sign C:\work\juhe\Application\Payment\Controller\YRTpayDfController.class.php 第 130 行.
NOTIC: [8] Undefined index: billno C:\work\juhe\Application\Payment\Controller\YRTpayDfController.class.php 第 131 行.
NOTIC: [8] Undefined index: total_fee C:\work\juhe\Application\Payment\Controller\YRTpayDfController.class.php 第 133 行.
NOTIC: [8] Undefined index: fee C:\work\juhe\Application\Payment\Controller\YRTpayDfController.class.php 第 134 行.
NOTIC: [8] Undefined index: pay_time C:\work\juhe\Application\Payment\Controller\YRTpayDfController.class.php 第 135 行.
NOTIC: [2] Use of undefined constant data - assumed 'data' (this will throw an Error in a future version of PHP) C:\work\juhe\Application\Payment\Controller\YRTpayDfController.class.php 第 145 行.
NOTIC: [2] Illegal string offset 'trade_status' C:\work\juhe\Application\Payment\Controller\YRTpayDfController.class.php 第 145 行.
SQL: SHOW COLUMNS FROM `pay_wttklist` [ RunTime:0.0025s ]
SQL: SELECT * FROM `pay_wttklist` WHERE `orderid` = 'I0130203157091395' LIMIT 1   [ RunTime:0.0006s ]

[ 2019-01-30T15:17:10+08:00 ] 127.0.0.1 /Payment_YRTpayDf_notifyurl.html?out_trade_no=I0130203157091395&trade_status=2
INFO: [ app_init ] --START--
INFO: Run Behavior\BuildLiteBehavior [ RunTime:0.000009s ]
INFO: [ app_init ] --END-- [ RunTime:0.000042s ]
INFO: [ app_begin ] --START--
INFO: Run Behavior\ReadHtmlCacheBehavior [ RunTime:0.000694s ]
INFO: Run Behavior\CheckLangBehavior [ RunTime:0.001004s ]
INFO: [ app_begin ] --END-- [ RunTime:0.001738s ]
NOTIC: [8] Undefined index: appid C:\work\juhe\Application\Payment\Controller\YRTpayDfController.class.php 第 127 行.
NOTIC: [8] Undefined index: mch_id C:\work\juhe\Application\Payment\Controller\YRTpayDfController.class.php 第 128 行.
NOTIC: [8] Undefined index: sign_type C:\work\juhe\Application\Payment\Controller\YRTpayDfController.class.php 第 129 行.
NOTIC: [8] Undefined index: sign C:\work\juhe\Application\Payment\Controller\YRTpayDfController.class.php 第 130 行.
NOTIC: [8] Undefined index: billno C:\work\juhe\Application\Payment\Controller\YRTpayDfController.class.php 第 131 行.
NOTIC: [8] Undefined index: total_fee C:\work\juhe\Application\Payment\Controller\YRTpayDfController.class.php 第 133 行.
NOTIC: [8] Undefined index: fee C:\work\juhe\Application\Payment\Controller\YRTpayDfController.class.php 第 134 行.
NOTIC: [8] Undefined index: pay_time C:\work\juhe\Application\Payment\Controller\YRTpayDfController.class.php 第 135 行.
NOTIC: [2] Use of undefined constant data - assumed 'data' (this will throw an Error in a future version of PHP) C:\work\juhe\Application\Payment\Controller\YRTpayDfController.class.php 第 145 行.
NOTIC: [2] Illegal string offset 'trade_status' C:\work\juhe\Application\Payment\Controller\YRTpayDfController.class.php 第 145 行.
SQL: SHOW COLUMNS FROM `pay_wttklist` [ RunTime:0.0020s ]
SQL: SELECT * FROM `pay_wttklist` WHERE `orderid` = 'I0130203157091395' LIMIT 1   [ RunTime:0.0005s ]

[ 2019-01-30T15:17:18+08:00 ] 127.0.0.1 /Payment_YRTpayDf_notifyurl.html?out_trade_no=I0130203157091395&trade_status=2
INFO: [ app_init ] --START--
INFO: Run Behavior\BuildLiteBehavior [ RunTime:0.000005s ]
INFO: [ app_init ] --END-- [ RunTime:0.000029s ]
INFO: [ app_begin ] --START--
INFO: Run Behavior\ReadHtmlCacheBehavior [ RunTime:0.000765s ]
INFO: Run Behavior\CheckLangBehavior [ RunTime:0.001046s ]
INFO: [ app_begin ] --END-- [ RunTime:0.001850s ]
NOTIC: [8] Undefined index: appid C:\work\juhe\Application\Payment\Controller\YRTpayDfController.class.php 第 127 行.
NOTIC: [8] Undefined index: mch_id C:\work\juhe\Application\Payment\Controller\YRTpayDfController.class.php 第 128 行.
NOTIC: [8] Undefined index: sign_type C:\work\juhe\Application\Payment\Controller\YRTpayDfController.class.php 第 129 行.
NOTIC: [8] Undefined index: sign C:\work\juhe\Application\Payment\Controller\YRTpayDfController.class.php 第 130 行.
NOTIC: [8] Undefined index: billno C:\work\juhe\Application\Payment\Controller\YRTpayDfController.class.php 第 131 行.
NOTIC: [8] Undefined index: total_fee C:\work\juhe\Application\Payment\Controller\YRTpayDfController.class.php 第 133 行.
NOTIC: [8] Undefined index: fee C:\work\juhe\Application\Payment\Controller\YRTpayDfController.class.php 第 134 行.
NOTIC: [8] Undefined index: pay_time C:\work\juhe\Application\Payment\Controller\YRTpayDfController.class.php 第 135 行.
NOTIC: [2] Use of undefined constant data - assumed 'data' (this will throw an Error in a future version of PHP) C:\work\juhe\Application\Payment\Controller\YRTpayDfController.class.php 第 145 行.
NOTIC: [2] Illegal string offset 'trade_status' C:\work\juhe\Application\Payment\Controller\YRTpayDfController.class.php 第 145 行.
SQL: SHOW COLUMNS FROM `pay_wttklist` [ RunTime:0.0021s ]
SQL: SELECT * FROM `pay_wttklist` WHERE `orderid` = 'I0130203157091395' LIMIT 1   [ RunTime:0.0006s ]
SQL: SHOW COLUMNS FROM `pay_df_api_order` [ RunTime:0.0027s ]
SQL: SELECT * FROM `pay_df_api_order` WHERE `out_trade_no` = '20190130115155156188' LIMIT 1   [ RunTime:0.0038s ]
NOTIC: [8] Undefined variable: status C:\work\juhe\Application\Payment\Controller\YRTpayDfController.class.php 第 161 行.

[ 2019-01-30T15:17:57+08:00 ] 127.0.0.1 /Payment_YRTpayDf_notifyurl.html?out_trade_no=I0130203157091395&trade_status=2
INFO: [ app_init ] --START--
INFO: Run Behavior\BuildLiteBehavior [ RunTime:0.000006s ]
INFO: [ app_init ] --END-- [ RunTime:0.000029s ]
INFO: [ app_begin ] --START--
INFO: Run Behavior\ReadHtmlCacheBehavior [ RunTime:0.001034s ]
INFO: Run Behavior\CheckLangBehavior [ RunTime:0.001200s ]
INFO: [ app_begin ] --END-- [ RunTime:0.002289s ]
NOTIC: [8] Undefined index: appid C:\work\juhe\Application\Payment\Controller\YRTpayDfController.class.php 第 127 行.
NOTIC: [8] Undefined index: mch_id C:\work\juhe\Application\Payment\Controller\YRTpayDfController.class.php 第 128 行.
NOTIC: [8] Undefined index: sign_type C:\work\juhe\Application\Payment\Controller\YRTpayDfController.class.php 第 129 行.
NOTIC: [8] Undefined index: sign C:\work\juhe\Application\Payment\Controller\YRTpayDfController.class.php 第 130 行.
NOTIC: [8] Undefined index: billno C:\work\juhe\Application\Payment\Controller\YRTpayDfController.class.php 第 131 行.
NOTIC: [8] Undefined index: total_fee C:\work\juhe\Application\Payment\Controller\YRTpayDfController.class.php 第 133 行.
NOTIC: [8] Undefined index: fee C:\work\juhe\Application\Payment\Controller\YRTpayDfController.class.php 第 134 行.
NOTIC: [8] Undefined index: pay_time C:\work\juhe\Application\Payment\Controller\YRTpayDfController.class.php 第 135 行.
SQL: SHOW COLUMNS FROM `pay_wttklist` [ RunTime:0.0018s ]
SQL: SELECT * FROM `pay_wttklist` WHERE `orderid` = 'I0130203157091395' LIMIT 1   [ RunTime:0.0005s ]
SQL: SHOW COLUMNS FROM `pay_df_api_order` [ RunTime:0.0014s ]
SQL: SELECT * FROM `pay_df_api_order` WHERE `out_trade_no` = '20190130115155156188' LIMIT 1   [ RunTime:0.0010s ]
NOTIC: [8] Undefined variable: status C:\work\juhe\Application\Payment\Controller\YRTpayDfController.class.php 第 161 行.

[ 2019-01-30T15:18:25+08:00 ] 127.0.0.1 /Payment_YRTpayDf_notifyurl.html?out_trade_no=I0130203157091395&trade_status=1
INFO: [ app_init ] --START--
INFO: Run Behavior\BuildLiteBehavior [ RunTime:0.000005s ]
INFO: [ app_init ] --END-- [ RunTime:0.000029s ]
INFO: [ app_begin ] --START--
INFO: Run Behavior\ReadHtmlCacheBehavior [ RunTime:0.000736s ]
INFO: Run Behavior\CheckLangBehavior [ RunTime:0.002595s ]
INFO: [ app_begin ] --END-- [ RunTime:0.003448s ]
NOTIC: [8] Undefined index: appid C:\work\juhe\Application\Payment\Controller\YRTpayDfController.class.php 第 127 行.
NOTIC: [8] Undefined index: mch_id C:\work\juhe\Application\Payment\Controller\YRTpayDfController.class.php 第 128 行.
NOTIC: [8] Undefined index: sign_type C:\work\juhe\Application\Payment\Controller\YRTpayDfController.class.php 第 129 行.
NOTIC: [8] Undefined index: sign C:\work\juhe\Application\Payment\Controller\YRTpayDfController.class.php 第 130 行.
NOTIC: [8] Undefined index: billno C:\work\juhe\Application\Payment\Controller\YRTpayDfController.class.php 第 131 行.
NOTIC: [8] Undefined index: total_fee C:\work\juhe\Application\Payment\Controller\YRTpayDfController.class.php 第 133 行.
NOTIC: [8] Undefined index: fee C:\work\juhe\Application\Payment\Controller\YRTpayDfController.class.php 第 134 行.
NOTIC: [8] Undefined index: pay_time C:\work\juhe\Application\Payment\Controller\YRTpayDfController.class.php 第 135 行.
SQL: SHOW COLUMNS FROM `pay_wttklist` [ RunTime:0.0155s ]
SQL: SELECT * FROM `pay_wttklist` WHERE `orderid` = 'I0130203157091395' LIMIT 1   [ RunTime:0.0006s ]
SQL: SHOW COLUMNS FROM `pay_df_api_order` [ RunTime:0.0015s ]
SQL: SELECT * FROM `pay_df_api_order` WHERE `out_trade_no` = '20190130115155156188' LIMIT 1   [ RunTime:0.0010s ]

[ 2019-01-30T15:18:40+08:00 ] 127.0.0.1 /Payment_YRTpayDf_notifyurl.html?out_trade_no=I0130203157091395&trade_status=1
INFO: [ app_init ] --START--
INFO: Run Behavior\BuildLiteBehavior [ RunTime:0.000011s ]
INFO: [ app_init ] --END-- [ RunTime:0.000046s ]
INFO: [ app_begin ] --START--
INFO: Run Behavior\ReadHtmlCacheBehavior [ RunTime:0.000701s ]
INFO: Run Behavior\CheckLangBehavior [ RunTime:0.001105s ]
INFO: [ app_begin ] --END-- [ RunTime:0.001841s ]
NOTIC: [8] Undefined index: appid C:\work\juhe\Application\Payment\Controller\YRTpayDfController.class.php 第 127 行.
NOTIC: [8] Undefined index: mch_id C:\work\juhe\Application\Payment\Controller\YRTpayDfController.class.php 第 128 行.
NOTIC: [8] Undefined index: sign_type C:\work\juhe\Application\Payment\Controller\YRTpayDfController.class.php 第 129 行.
NOTIC: [8] Undefined index: sign C:\work\juhe\Application\Payment\Controller\YRTpayDfController.class.php 第 130 行.
NOTIC: [8] Undefined index: billno C:\work\juhe\Application\Payment\Controller\YRTpayDfController.class.php 第 131 行.
NOTIC: [8] Undefined index: total_fee C:\work\juhe\Application\Payment\Controller\YRTpayDfController.class.php 第 133 行.
NOTIC: [8] Undefined index: fee C:\work\juhe\Application\Payment\Controller\YRTpayDfController.class.php 第 134 行.
NOTIC: [8] Undefined index: pay_time C:\work\juhe\Application\Payment\Controller\YRTpayDfController.class.php 第 135 行.
SQL: SHOW COLUMNS FROM `pay_wttklist` [ RunTime:0.0018s ]
SQL: SELECT * FROM `pay_wttklist` WHERE `orderid` = 'I0130203157091395' LIMIT 1   [ RunTime:0.0005s ]
SQL: SHOW COLUMNS FROM `pay_df_api_order` [ RunTime:0.0015s ]
SQL: SELECT * FROM `pay_df_api_order` WHERE `out_trade_no` = '20190130115155156188' LIMIT 1   [ RunTime:0.0010s ]
SQL: SELECT * FROM `pay_wttklist` WHERE `id` = 774 LIMIT 1   FOR UPDATE  [ RunTime:0.0005s ]
SQL: SHOW COLUMNS FROM `pay_member` [ RunTime:0.0018s ]
SQL: SELECT * FROM `pay_member` WHERE `id` = 106 LIMIT 1   FOR UPDATE  [ RunTime:0.0010s ]
SQL: UPDATE `pay_wttklist` SET `status`='2',`cldatetime`='2019-01-30 15:18:40' WHERE `id` = 774 [ RunTime:0.0043s ]

[ 2019-01-30T15:19:41+08:00 ] 127.0.0.1 /Payment_YRTpayDf_notifyurl.html?out_trade_no=I0130203157091395&trade_status=1
INFO: [ app_init ] --START--
INFO: Run Behavior\BuildLiteBehavior [ RunTime:0.000005s ]
INFO: [ app_init ] --END-- [ RunTime:0.000026s ]
INFO: [ app_begin ] --START--
INFO: Run Behavior\ReadHtmlCacheBehavior [ RunTime:0.000649s ]
INFO: Run Behavior\CheckLangBehavior [ RunTime:0.001093s ]
INFO: [ app_begin ] --END-- [ RunTime:0.001793s ]
NOTIC: [8] Undefined index: appid C:\work\juhe\Application\Payment\Controller\YRTpayDfController.class.php 第 127 行.
NOTIC: [8] Undefined index: mch_id C:\work\juhe\Application\Payment\Controller\YRTpayDfController.class.php 第 128 行.
NOTIC: [8] Undefined index: sign_type C:\work\juhe\Application\Payment\Controller\YRTpayDfController.class.php 第 129 行.
NOTIC: [8] Undefined index: sign C:\work\juhe\Application\Payment\Controller\YRTpayDfController.class.php 第 130 行.
NOTIC: [8] Undefined index: billno C:\work\juhe\Application\Payment\Controller\YRTpayDfController.class.php 第 131 行.
NOTIC: [8] Undefined index: total_fee C:\work\juhe\Application\Payment\Controller\YRTpayDfController.class.php 第 133 行.
NOTIC: [8] Undefined index: fee C:\work\juhe\Application\Payment\Controller\YRTpayDfController.class.php 第 134 行.
NOTIC: [8] Undefined index: pay_time C:\work\juhe\Application\Payment\Controller\YRTpayDfController.class.php 第 135 行.
SQL: SHOW COLUMNS FROM `pay_wttklist` [ RunTime:0.0018s ]
SQL: SELECT * FROM `pay_wttklist` WHERE `orderid` = 'I0130203157091395' LIMIT 1   [ RunTime:0.0004s ]
SQL: SHOW COLUMNS FROM `pay_df_api_order` [ RunTime:0.0016s ]
SQL: SELECT * FROM `pay_df_api_order` WHERE `out_trade_no` = '20190130115155156188' LIMIT 1   [ RunTime:0.0010s ]

[ 2019-01-30T15:20:23+08:00 ] 127.0.0.1 /Payment_YRTpayDf_notifyurl.html?out_trade_no=I0130203157091395&trade_status=1
INFO: [ app_init ] --START--
INFO: Run Behavior\BuildLiteBehavior [ RunTime:0.000005s ]
INFO: [ app_init ] --END-- [ RunTime:0.000027s ]
INFO: [ app_begin ] --START--
INFO: Run Behavior\ReadHtmlCacheBehavior [ RunTime:0.000790s ]
INFO: Run Behavior\CheckLangBehavior [ RunTime:0.001077s ]
INFO: [ app_begin ] --END-- [ RunTime:0.001908s ]
NOTIC: [8] Undefined index: appid C:\work\juhe\Application\Payment\Controller\YRTpayDfController.class.php 第 127 行.
NOTIC: [8] Undefined index: mch_id C:\work\juhe\Application\Payment\Controller\YRTpayDfController.class.php 第 128 行.
NOTIC: [8] Undefined index: sign_type C:\work\juhe\Application\Payment\Controller\YRTpayDfController.class.php 第 129 行.
NOTIC: [8] Undefined index: sign C:\work\juhe\Application\Payment\Controller\YRTpayDfController.class.php 第 130 行.
NOTIC: [8] Undefined index: billno C:\work\juhe\Application\Payment\Controller\YRTpayDfController.class.php 第 131 行.
NOTIC: [8] Undefined index: total_fee C:\work\juhe\Application\Payment\Controller\YRTpayDfController.class.php 第 133 行.
NOTIC: [8] Undefined index: fee C:\work\juhe\Application\Payment\Controller\YRTpayDfController.class.php 第 134 行.
NOTIC: [8] Undefined index: pay_time C:\work\juhe\Application\Payment\Controller\YRTpayDfController.class.php 第 135 行.
NOTIC: [2] Use of undefined constant data - assumed 'data' (this will throw an Error in a future version of PHP) C:\work\juhe\Application\Payment\Controller\YRTpayDfController.class.php 第 145 行.
NOTIC: [2] Illegal string offset 'trade_status' C:\work\juhe\Application\Payment\Controller\YRTpayDfController.class.php 第 145 行.
SQL: SHOW COLUMNS FROM `pay_wttklist` [ RunTime:0.0009s ]
SQL: SELECT * FROM `pay_wttklist` WHERE `orderid` = 'I0130203157091395' LIMIT 1   [ RunTime:0.0005s ]
SQL: SHOW COLUMNS FROM `pay_df_api_order` [ RunTime:0.0016s ]
SQL: SELECT * FROM `pay_df_api_order` WHERE `out_trade_no` = '20190130115155156188' LIMIT 1   [ RunTime:0.0010s ]
SQL: SELECT * FROM `pay_wttklist` WHERE `id` = 774 LIMIT 1   FOR UPDATE  [ RunTime:0.0006s ]
SQL: SHOW COLUMNS FROM `pay_member` [ RunTime:0.0018s ]
SQL: SELECT * FROM `pay_member` WHERE `id` = 106 LIMIT 1   FOR UPDATE  [ RunTime:0.0004s ]
SQL: UPDATE `pay_wttklist` SET `status`='2',`cldatetime`='2019-01-30 15:20:23' WHERE `id` = 774 [ RunTime:0.0045s ]

[ 2019-01-30T15:20:49+08:00 ] 127.0.0.1 /Payment_YRTpayDf_notifyurl.html?out_trade_no=I0130203157091395&trade_status=1
INFO: [ app_init ] --START--
INFO: Run Behavior\BuildLiteBehavior [ RunTime:0.000006s ]
INFO: [ app_init ] --END-- [ RunTime:0.000030s ]
INFO: [ app_begin ] --START--
INFO: Run Behavior\ReadHtmlCacheBehavior [ RunTime:0.000694s ]
INFO: Run Behavior\CheckLangBehavior [ RunTime:0.001098s ]
INFO: [ app_begin ] --END-- [ RunTime:0.001829s ]
NOTIC: [8] Undefined index: appid C:\work\juhe\Application\Payment\Controller\YRTpayDfController.class.php 第 127 行.
NOTIC: [8] Undefined index: mch_id C:\work\juhe\Application\Payment\Controller\YRTpayDfController.class.php 第 128 行.
NOTIC: [8] Undefined index: sign_type C:\work\juhe\Application\Payment\Controller\YRTpayDfController.class.php 第 129 行.
NOTIC: [8] Undefined index: sign C:\work\juhe\Application\Payment\Controller\YRTpayDfController.class.php 第 130 行.
NOTIC: [8] Undefined index: billno C:\work\juhe\Application\Payment\Controller\YRTpayDfController.class.php 第 131 行.
NOTIC: [8] Undefined index: total_fee C:\work\juhe\Application\Payment\Controller\YRTpayDfController.class.php 第 133 行.
NOTIC: [8] Undefined index: fee C:\work\juhe\Application\Payment\Controller\YRTpayDfController.class.php 第 134 行.
NOTIC: [8] Undefined index: pay_time C:\work\juhe\Application\Payment\Controller\YRTpayDfController.class.php 第 135 行.
NOTIC: [2] Use of undefined constant data - assumed 'data' (this will throw an Error in a future version of PHP) C:\work\juhe\Application\Payment\Controller\YRTpayDfController.class.php 第 145 行.
NOTIC: [2] Illegal string offset 'trade_status' C:\work\juhe\Application\Payment\Controller\YRTpayDfController.class.php 第 145 行.
SQL: SHOW COLUMNS FROM `pay_wttklist` [ RunTime:0.0019s ]
SQL: SELECT * FROM `pay_wttklist` WHERE `orderid` = 'I0130203157091395' LIMIT 1   [ RunTime:0.0005s ]
SQL: SHOW COLUMNS FROM `pay_df_api_order` [ RunTime:0.0015s ]
SQL: SELECT * FROM `pay_df_api_order` WHERE `out_trade_no` = '20190130115155156188' LIMIT 1   [ RunTime:0.0010s ]

[ 2019-01-30T15:24:12+08:00 ] 127.0.0.1 /Payment_YRTpayDf_notifyurl.html?out_trade_no=I0130203157091395&trade_status=1
INFO: [ app_init ] --START--
INFO: Run Behavior\BuildLiteBehavior [ RunTime:0.000006s ]
INFO: [ app_init ] --END-- [ RunTime:0.000029s ]
INFO: [ app_begin ] --START--
INFO: Run Behavior\ReadHtmlCacheBehavior [ RunTime:0.000898s ]
INFO: Run Behavior\CheckLangBehavior [ RunTime:0.002854s ]
INFO: [ app_begin ] --END-- [ RunTime:0.003811s ]
NOTIC: [8] Undefined index: appid C:\work\juhe\Application\Payment\Controller\YRTpayDfController.class.php 第 127 行.
NOTIC: [8] Undefined index: mch_id C:\work\juhe\Application\Payment\Controller\YRTpayDfController.class.php 第 128 行.
NOTIC: [8] Undefined index: sign_type C:\work\juhe\Application\Payment\Controller\YRTpayDfController.class.php 第 129 行.
NOTIC: [8] Undefined index: sign C:\work\juhe\Application\Payment\Controller\YRTpayDfController.class.php 第 130 行.
NOTIC: [8] Undefined index: billno C:\work\juhe\Application\Payment\Controller\YRTpayDfController.class.php 第 131 行.
NOTIC: [8] Undefined index: total_fee C:\work\juhe\Application\Payment\Controller\YRTpayDfController.class.php 第 133 行.
NOTIC: [8] Undefined index: fee C:\work\juhe\Application\Payment\Controller\YRTpayDfController.class.php 第 134 行.
NOTIC: [8] Undefined index: pay_time C:\work\juhe\Application\Payment\Controller\YRTpayDfController.class.php 第 135 行.
NOTIC: [2] Use of undefined constant data - assumed 'data' (this will throw an Error in a future version of PHP) C:\work\juhe\Application\Payment\Controller\YRTpayDfController.class.php 第 145 行.
NOTIC: [2] Illegal string offset 'trade_status' C:\work\juhe\Application\Payment\Controller\YRTpayDfController.class.php 第 145 行.
SQL: SHOW COLUMNS FROM `pay_wttklist` [ RunTime:0.0027s ]
SQL: SELECT * FROM `pay_wttklist` WHERE `orderid` = 'I0130203157091395' LIMIT 1   [ RunTime:0.0008s ]
SQL: SHOW COLUMNS FROM `pay_df_api_order` [ RunTime:0.0022s ]
SQL: SELECT * FROM `pay_df_api_order` WHERE `out_trade_no` = '20190130115155156188' LIMIT 1   [ RunTime:0.0017s ]

[ 2019-01-30T15:35:43+08:00 ] 127.0.0.1 /Payment_Dfpay_dfbf.html
INFO: [ app_init ] --START--
INFO: Run Behavior\BuildLiteBehavior [ RunTime:0.000005s ]
INFO: [ app_init ] --END-- [ RunTime:0.000029s ]
INFO: [ app_begin ] --START--
INFO: Run Behavior\ReadHtmlCacheBehavior [ RunTime:0.000832s ]
INFO: Run Behavior\CheckLangBehavior [ RunTime:0.001176s ]
INFO: [ app_begin ] --END-- [ RunTime:0.002055s ]
NOTIC: [8] Undefined variable: data C:\work\juhe\Application\Payment\Controller\DfpayController.class.php 第 611 行.
SQL: SHOW COLUMNS FROM `pay_wttklist` [ RunTime:0.0021s ]
SQL: SELECT * FROM `pay_wttklist` WHERE `orderid` = null LIMIT 1   [ RunTime:0.0004s ]

[ 2019-01-30T15:36:39+08:00 ] 127.0.0.1 /Payment_Dfpay_dfbf.html
INFO: [ app_init ] --START--
INFO: Run Behavior\BuildLiteBehavior [ RunTime:0.000009s ]
INFO: [ app_init ] --END-- [ RunTime:0.000036s ]
INFO: [ app_begin ] --START--
INFO: Run Behavior\ReadHtmlCacheBehavior [ RunTime:0.000711s ]
INFO: Run Behavior\CheckLangBehavior [ RunTime:0.001080s ]
INFO: [ app_begin ] --END-- [ RunTime:0.001833s ]
SQL: SHOW COLUMNS FROM `pay_wttklist` [ RunTime:0.0019s ]
SQL: SELECT * FROM `pay_wttklist` WHERE `status` = 2 LIMIT 1   [ RunTime:0.0004s ]

[ 2019-01-30T15:36:52+08:00 ] 127.0.0.1 /Payment_Dfpay_dfbf.html
INFO: [ app_init ] --START--
INFO: Run Behavior\BuildLiteBehavior [ RunTime:0.000006s ]
INFO: [ app_init ] --END-- [ RunTime:0.000027s ]
INFO: [ app_begin ] --START--
INFO: Run Behavior\ReadHtmlCacheBehavior [ RunTime:0.000660s ]
INFO: Run Behavior\CheckLangBehavior [ RunTime:0.001080s ]
INFO: [ app_begin ] --END-- [ RunTime:0.001781s ]
SQL: SHOW COLUMNS FROM `pay_wttklist` [ RunTime:0.0019s ]
SQL: SELECT * FROM `pay_wttklist` WHERE `status` = 2  [ RunTime:0.0063s ]

[ 2019-01-30T15:39:31+08:00 ] 127.0.0.1 /Payment_YRTpayDf_notifyurl.html
INFO: [ app_init ] --START--
INFO: Run Behavior\BuildLiteBehavior [ RunTime:0.000007s ]
INFO: [ app_init ] --END-- [ RunTime:0.000041s ]
INFO: [ app_begin ] --START--
INFO: Run Behavior\ReadHtmlCacheBehavior [ RunTime:0.001170s ]
INFO: Run Behavior\CheckLangBehavior [ RunTime:0.001537s ]
INFO: [ app_begin ] --END-- [ RunTime:0.002770s ]
NOTIC: [8] Undefined index: appid C:\work\juhe\Application\Payment\Controller\YRTpayDfController.class.php 第 127 行.
NOTIC: [8] Undefined index: mch_id C:\work\juhe\Application\Payment\Controller\YRTpayDfController.class.php 第 128 行.
NOTIC: [8] Undefined index: sign_type C:\work\juhe\Application\Payment\Controller\YRTpayDfController.class.php 第 129 行.
NOTIC: [8] Undefined index: sign C:\work\juhe\Application\Payment\Controller\YRTpayDfController.class.php 第 130 行.
NOTIC: [8] Undefined index: billno C:\work\juhe\Application\Payment\Controller\YRTpayDfController.class.php 第 131 行.
NOTIC: [8] Undefined index: out_trade_no C:\work\juhe\Application\Payment\Controller\YRTpayDfController.class.php 第 132 行.
NOTIC: [8] Undefined index: total_fee C:\work\juhe\Application\Payment\Controller\YRTpayDfController.class.php 第 133 行.
NOTIC: [8] Undefined index: fee C:\work\juhe\Application\Payment\Controller\YRTpayDfController.class.php 第 134 行.
NOTIC: [8] Undefined index: pay_time C:\work\juhe\Application\Payment\Controller\YRTpayDfController.class.php 第 135 行.
NOTIC: [8] Undefined index: trade_status C:\work\juhe\Application\Payment\Controller\YRTpayDfController.class.php 第 136 行.

[ 2019-01-30T15:39:34+08:00 ] 127.0.0.1 /Payment_Dfpay_dfbf.html
INFO: [ app_init ] --START--
INFO: Run Behavior\BuildLiteBehavior [ RunTime:0.000009s ]
INFO: [ app_init ] --END-- [ RunTime:0.000029s ]
INFO: [ app_begin ] --START--
INFO: Run Behavior\ReadHtmlCacheBehavior [ RunTime:0.000916s ]
INFO: Run Behavior\CheckLangBehavior [ RunTime:0.001058s ]
INFO: [ app_begin ] --END-- [ RunTime:0.002015s ]
SQL: SHOW COLUMNS FROM `pay_wttklist` [ RunTime:0.0017s ]
SQL: SELECT * FROM `pay_wttklist` WHERE ( `last_submit_time` > 1548747574 AND `last_submit_time` < 1548833974  ) AND `status` = 2  [ RunTime:0.0024s ]

[ 2019-01-30T15:39:53+08:00 ] 127.0.0.1 /Payment_YRTpayDf_notifyurl.html
INFO: [ app_init ] --START--
INFO: Run Behavior\BuildLiteBehavior [ RunTime:0.000009s ]
INFO: [ app_init ] --END-- [ RunTime:0.000034s ]
INFO: [ app_begin ] --START--
INFO: Run Behavior\ReadHtmlCacheBehavior [ RunTime:0.001251s ]
INFO: Run Behavior\CheckLangBehavior [ RunTime:0.001989s ]
INFO: [ app_begin ] --END-- [ RunTime:0.003316s ]
NOTIC: [8] Undefined index: appid C:\work\juhe\Application\Payment\Controller\YRTpayDfController.class.php 第 127 行.
NOTIC: [8] Undefined index: mch_id C:\work\juhe\Application\Payment\Controller\YRTpayDfController.class.php 第 128 行.
NOTIC: [8] Undefined index: sign_type C:\work\juhe\Application\Payment\Controller\YRTpayDfController.class.php 第 129 行.
NOTIC: [8] Undefined index: sign C:\work\juhe\Application\Payment\Controller\YRTpayDfController.class.php 第 130 行.
NOTIC: [8] Undefined index: billno C:\work\juhe\Application\Payment\Controller\YRTpayDfController.class.php 第 131 行.
NOTIC: [8] Undefined index: out_trade_no C:\work\juhe\Application\Payment\Controller\YRTpayDfController.class.php 第 132 行.
NOTIC: [8] Undefined index: total_fee C:\work\juhe\Application\Payment\Controller\YRTpayDfController.class.php 第 133 行.
NOTIC: [8] Undefined index: fee C:\work\juhe\Application\Payment\Controller\YRTpayDfController.class.php 第 134 行.
NOTIC: [8] Undefined index: pay_time C:\work\juhe\Application\Payment\Controller\YRTpayDfController.class.php 第 135 行.
NOTIC: [8] Undefined index: trade_status C:\work\juhe\Application\Payment\Controller\YRTpayDfController.class.php 第 136 行.

[ 2019-01-30T15:39:56+08:00 ] 127.0.0.1 /Payment_Dfpay_dfbf.html
INFO: [ app_init ] --START--
INFO: Run Behavior\BuildLiteBehavior [ RunTime:0.000006s ]
INFO: [ app_init ] --END-- [ RunTime:0.000032s ]
INFO: [ app_begin ] --START--
INFO: Run Behavior\ReadHtmlCacheBehavior [ RunTime:0.000654s ]
INFO: Run Behavior\CheckLangBehavior [ RunTime:0.001121s ]
INFO: [ app_begin ] --END-- [ RunTime:0.001823s ]
SQL: SHOW COLUMNS FROM `pay_wttklist` [ RunTime:0.0017s ]
SQL: SELECT * FROM `pay_wttklist` WHERE ( `last_submit_time` > 1548747596 AND `last_submit_time` < 1548833996  ) AND `status` = 2  [ RunTime:0.0017s ]

[ 2019-01-30T15:43:17+08:00 ] 127.0.0.1 /Payment_Dfpay_dfbf.html
INFO: [ app_init ] --START--
INFO: Run Behavior\BuildLiteBehavior [ RunTime:0.000009s ]
INFO: [ app_init ] --END-- [ RunTime:0.000034s ]
INFO: [ app_begin ] --START--
INFO: Run Behavior\ReadHtmlCacheBehavior [ RunTime:0.002791s ]
INFO: Run Behavior\CheckLangBehavior [ RunTime:0.001634s ]
INFO: [ app_begin ] --END-- [ RunTime:0.004518s ]
SQL: SHOW COLUMNS FROM `pay_wttklist` [ RunTime:0.0017s ]
SQL: SELECT * FROM `pay_wttklist` WHERE `status` = 2 AND `notifyurl_sum` > 3  [ RunTime:0.0018s ]

[ 2019-01-30T15:43:30+08:00 ] 127.0.0.1 /Payment_Dfpay_dfbf.html
INFO: [ app_init ] --START--
INFO: Run Behavior\BuildLiteBehavior [ RunTime:0.000005s ]
INFO: [ app_init ] --END-- [ RunTime:0.000026s ]
INFO: [ app_begin ] --START--
INFO: Run Behavior\ReadHtmlCacheBehavior [ RunTime:0.000699s ]
INFO: Run Behavior\CheckLangBehavior [ RunTime:0.001026s ]
INFO: [ app_begin ] --END-- [ RunTime:0.001780s ]
SQL: SHOW COLUMNS FROM `pay_wttklist` [ RunTime:0.0019s ]
SQL: SELECT * FROM `pay_wttklist` WHERE `status` = 2 AND `notifyurl_sum` > 0  [ RunTime:0.0064s ]

[ 2019-01-30T15:43:55+08:00 ] 127.0.0.1 /Payment_Dfpay_dfbf.html
INFO: [ app_init ] --START--
INFO: Run Behavior\BuildLiteBehavior [ RunTime:0.000005s ]
INFO: [ app_init ] --END-- [ RunTime:0.000030s ]
INFO: [ app_begin ] --START--
INFO: Run Behavior\ReadHtmlCacheBehavior [ RunTime:0.000931s ]
INFO: Run Behavior\CheckLangBehavior [ RunTime:0.001027s ]
INFO: [ app_begin ] --END-- [ RunTime:0.002016s ]
SQL: SHOW COLUMNS FROM `pay_wttklist` [ RunTime:0.0018s ]
SQL: SELECT * FROM `pay_wttklist` WHERE `notifyurl_sum` > 0  [ RunTime:0.0075s ]

[ 2019-01-30T15:45:44+08:00 ] 127.0.0.1 /Payment_Dfpay_dfbf.html
INFO: [ app_init ] --START--
INFO: Run Behavior\BuildLiteBehavior [ RunTime:0.000015s ]
INFO: [ app_init ] --END-- [ RunTime:0.000069s ]
INFO: [ app_begin ] --START--
INFO: Run Behavior\ReadHtmlCacheBehavior [ RunTime:0.000735s ]
INFO: Run Behavior\CheckLangBehavior [ RunTime:0.002885s ]
INFO: [ app_begin ] --END-- [ RunTime:0.003682s ]
SQL: SHOW COLUMNS FROM `pay_wttklist` [ RunTime:0.0031s ]
SQL: SELECT * FROM `pay_wttklist` WHERE ( `last_submit_time` > '2019-01-29 15:45:44' AND `last_submit_time` < '2019-01-30 15:45:44'  ) AND `notifyurl_sum` > 0  [ RunTime:0.0028s ]

[ 2019-01-30T15:46:38+08:00 ] 127.0.0.1 /Payment_Dfpay_dfbf.html
INFO: [ app_init ] --START--
INFO: Run Behavior\BuildLiteBehavior [ RunTime:0.000005s ]
INFO: [ app_init ] --END-- [ RunTime:0.000028s ]
INFO: [ app_begin ] --START--
INFO: Run Behavior\ReadHtmlCacheBehavior [ RunTime:0.000759s ]
INFO: Run Behavior\CheckLangBehavior [ RunTime:0.001320s ]
INFO: [ app_begin ] --END-- [ RunTime:0.002128s ]
SQL: SHOW COLUMNS FROM `pay_wttklist` [ RunTime:0.0018s ]
SQL: SELECT * FROM `pay_wttklist` WHERE ( `last_submit_time` > '2019-01-30 15:46:37' AND `last_submit_time` < '2019-01-30 15:46:38'  ) AND `notifyurl_sum` > 0  [ RunTime:0.0016s ]

[ 2019-01-30T15:49:16+08:00 ] 127.0.0.1 /Payment_Dfpay_dfbf.html
INFO: [ app_init ] --START--
INFO: Run Behavior\BuildLiteBehavior [ RunTime:0.000007s ]
INFO: [ app_init ] --END-- [ RunTime:0.000033s ]
INFO: [ app_begin ] --START--
INFO: Run Behavior\ReadHtmlCacheBehavior [ RunTime:0.000755s ]
INFO: Run Behavior\CheckLangBehavior [ RunTime:0.001107s ]
INFO: [ app_begin ] --END-- [ RunTime:0.001900s ]
SQL: SHOW COLUMNS FROM `pay_wttklist` [ RunTime:0.0137s ]
SQL: SELECT * FROM `pay_wttklist` WHERE ( `last_submit_time` > '2019-01-30 00:00:00' AND `last_submit_time` < '2019-01-30 15:49:16'  ) AND `notifyurl_sum` > 0  [ RunTime:0.0016s ]

[ 2019-01-30T15:49:30+08:00 ] 127.0.0.1 /Payment_Dfpay_dfbf.html
INFO: [ app_init ] --START--
INFO: Run Behavior\BuildLiteBehavior [ RunTime:0.000006s ]
INFO: [ app_init ] --END-- [ RunTime:0.000029s ]
INFO: [ app_begin ] --START--
INFO: Run Behavior\ReadHtmlCacheBehavior [ RunTime:0.000691s ]
INFO: Run Behavior\CheckLangBehavior [ RunTime:0.001121s ]
INFO: [ app_begin ] --END-- [ RunTime:0.001862s ]
SQL: SHOW COLUMNS FROM `pay_wttklist` [ RunTime:0.0030s ]
SQL: SELECT * FROM `pay_wttklist` WHERE ( `last_submit_time` > '2019-01-30 00:00:00' AND `last_submit_time` < '2019-01-30 15:49:30'  ) AND `notifyurl_sum` > 0  [ RunTime:0.0020s ]

[ 2019-01-30T15:50:53+08:00 ] 127.0.0.1 /Payment_Dfpay_dfbf.html
INFO: [ app_init ] --START--
INFO: Run Behavior\BuildLiteBehavior [ RunTime:0.000008s ]
INFO: [ app_init ] --END-- [ RunTime:0.000042s ]
INFO: [ app_begin ] --START--
INFO: Run Behavior\ReadHtmlCacheBehavior [ RunTime:0.000678s ]
INFO: Run Behavior\CheckLangBehavior [ RunTime:0.001056s ]
INFO: [ app_begin ] --END-- [ RunTime:0.001778s ]
SQL: SHOW COLUMNS FROM `pay_wttklist` [ RunTime:0.0011s ]
SQL: SELECT * FROM `pay_wttklist` WHERE ( `cldatetime` > '2019-01-30 00:00:00' AND `cldatetime` < '2019-01-30 15:50:53'  ) AND `notifyurl_sum` > 0  [ RunTime:0.0016s ]

[ 2019-01-30T15:51:26+08:00 ] 127.0.0.1 /Payment_Dfpay_dfbf.html
INFO: [ app_init ] --START--
INFO: Run Behavior\BuildLiteBehavior [ RunTime:0.000005s ]
INFO: [ app_init ] --END-- [ RunTime:0.000037s ]
INFO: [ app_begin ] --START--
INFO: Run Behavior\ReadHtmlCacheBehavior [ RunTime:0.000808s ]
INFO: Run Behavior\CheckLangBehavior [ RunTime:0.001259s ]
INFO: [ app_begin ] --END-- [ RunTime:0.002109s ]
SQL: SHOW COLUMNS FROM `pay_wttklist` [ RunTime:0.0025s ]
SQL: SELECT * FROM `pay_wttklist` WHERE ( `cldatetime` > '2019-01-30 00:00:00' AND `cldatetime` < '2019-01-30 15:51:26'  ) AND `notifyurl_sum` > 0  [ RunTime:0.0058s ]

[ 2019-01-30T15:53:00+08:00 ] 127.0.0.1 /Payment_Dfpay_dfbf.html
INFO: [ app_init ] --START--
INFO: Run Behavior\BuildLiteBehavior [ RunTime:0.000006s ]
INFO: [ app_init ] --END-- [ RunTime:0.000029s ]
INFO: [ app_begin ] --START--
INFO: Run Behavior\ReadHtmlCacheBehavior [ RunTime:0.000781s ]
INFO: Run Behavior\CheckLangBehavior [ RunTime:0.002931s ]
INFO: [ app_begin ] --END-- [ RunTime:0.003921s ]
SQL: SHOW COLUMNS FROM `pay_wttklist` [ RunTime:0.0022s ]
SQL: SELECT * FROM `pay_wttklist` WHERE ( `cldatetime` > '2019-01-30 00:00:00' AND `cldatetime` < '2019-01-30 15:53:00'  ) AND `notifyurl_sum` > 0  [ RunTime:0.0017s ]
SQL: SHOW COLUMNS FROM `pay_df_api_order` [ RunTime:0.0007s ]
SQL: SELECT * FROM `pay_df_api_order` WHERE `out_trade_no` = '20190129221725371664' LIMIT 1   [ RunTime:0.0010s ]

[ 2019-01-30T15:54:14+08:00 ] 127.0.0.1 /Payment_Dfpay_dfbf.html
INFO: [ app_init ] --START--
INFO: Run Behavior\BuildLiteBehavior [ RunTime:0.000008s ]
INFO: [ app_init ] --END-- [ RunTime:0.000048s ]
INFO: [ app_begin ] --START--
INFO: Run Behavior\ReadHtmlCacheBehavior [ RunTime:0.000828s ]
INFO: Run Behavior\CheckLangBehavior [ RunTime:0.001229s ]
INFO: [ app_begin ] --END-- [ RunTime:0.002111s ]
SQL: SHOW COLUMNS FROM `pay_wttklist` [ RunTime:0.0028s ]
SQL: SELECT * FROM `pay_wttklist` WHERE ( `cldatetime` > '2019-01-30 00:00:00' AND `cldatetime` < '2019-01-30 15:54:14'  ) AND `notifyurl_sum` > 0  [ RunTime:0.0030s ]

[ 2019-01-30T15:57:38+08:00 ] 127.0.0.1 /Payment_Dfpay_dfbf.html
INFO: [ app_init ] --START--
INFO: Run Behavior\BuildLiteBehavior [ RunTime:0.000008s ]
INFO: [ app_init ] --END-- [ RunTime:0.000046s ]
INFO: [ app_begin ] --START--
INFO: Run Behavior\ReadHtmlCacheBehavior [ RunTime:0.003898s ]
INFO: Run Behavior\CheckLangBehavior [ RunTime:0.002749s ]
INFO: [ app_begin ] --END-- [ RunTime:0.006851s ]
SQL: SHOW COLUMNS FROM `pay_wttklist` [ RunTime:0.0036s ]
SQL: SELECT * FROM `pay_wttklist` WHERE ( `cldatetime` > '2019-01-30 00:00:00' AND `cldatetime` < '2019-01-30 15:57:38'  ) AND `notifyurl_sum` > 0 AND `status` IN ('1','3')  [ RunTime:0.0019s ]

[ 2019-01-30T15:58:43+08:00 ] 127.0.0.1 /Payment_Dfpay_dfbf.html
INFO: [ app_init ] --START--
INFO: Run Behavior\BuildLiteBehavior [ RunTime:0.000005s ]
INFO: [ app_init ] --END-- [ RunTime:0.000034s ]
INFO: [ app_begin ] --START--
INFO: Run Behavior\ReadHtmlCacheBehavior [ RunTime:0.001441s ]
INFO: Run Behavior\CheckLangBehavior [ RunTime:0.001946s ]
INFO: [ app_begin ] --END-- [ RunTime:0.003481s ]
SQL: SHOW COLUMNS FROM `pay_wttklist` [ RunTime:0.0046s ]
SQL: SELECT * FROM `pay_wttklist` WHERE ( `cldatetime` > '2019-01-30 00:00:00' AND `cldatetime` < '2019-01-30 15:58:43'  ) AND `notifyurl_sum` > 0 AND `status` IN ('1','3')  [ RunTime:0.0027s ]
ERR: Call to a member function getField() on array

[ 2019-01-30T15:59:00+08:00 ] 127.0.0.1 /Payment_Dfpay_dfbf.html
INFO: [ app_init ] --START--
INFO: Run Behavior\BuildLiteBehavior [ RunTime:0.000006s ]
INFO: [ app_init ] --END-- [ RunTime:0.000029s ]
INFO: [ app_begin ] --START--
INFO: Run Behavior\ReadHtmlCacheBehavior [ RunTime:0.000633s ]
INFO: Run Behavior\CheckLangBehavior [ RunTime:0.001017s ]
INFO: [ app_begin ] --END-- [ RunTime:0.001696s ]
SQL: SHOW COLUMNS FROM `pay_wttklist` [ RunTime:0.0018s ]
SQL: SELECT `id`,`status`,`out_trade_no` FROM `pay_wttklist` WHERE ( `cldatetime` > '2019-01-30 00:00:00' AND `cldatetime` < '2019-01-30 15:59:00'  ) AND `notifyurl_sum` > 0 AND `status` IN ('1','3')  [ RunTime:0.0009s ]
ERR: Call to a member function select() on array

[ 2019-01-30T16:00:01+08:00 ] 127.0.0.1 /Payment_Dfpay_dfbf.html
INFO: [ app_init ] --START--
INFO: Run Behavior\BuildLiteBehavior [ RunTime:0.000006s ]
INFO: [ app_init ] --END-- [ RunTime:0.000030s ]
INFO: [ app_begin ] --START--
INFO: Run Behavior\ReadHtmlCacheBehavior [ RunTime:0.000855s ]
INFO: Run Behavior\CheckLangBehavior [ RunTime:0.001171s ]
INFO: [ app_begin ] --END-- [ RunTime:0.002072s ]
SQL: SHOW COLUMNS FROM `pay_wttklist` [ RunTime:0.0018s ]
SQL: SELECT * FROM `pay_wttklist` WHERE `id` = 0  [ RunTime:0.0004s ]

[ 2019-01-30T16:00:18+08:00 ] 127.0.0.1 /Payment_Dfpay_dfbf.html
INFO: [ app_init ] --START--
INFO: Run Behavior\BuildLiteBehavior [ RunTime:0.000007s ]
INFO: [ app_init ] --END-- [ RunTime:0.000043s ]
INFO: [ app_begin ] --START--
INFO: Run Behavior\ReadHtmlCacheBehavior [ RunTime:0.000747s ]
INFO: Run Behavior\CheckLangBehavior [ RunTime:0.001048s ]
INFO: [ app_begin ] --END-- [ RunTime:0.001840s ]
SQL: SHOW COLUMNS FROM `pay_wttklist` [ RunTime:0.0018s ]
SQL: SELECT * FROM `pay_wttklist` WHERE ( `cldatetime` > '2019-01-30 00:00:00' AND `cldatetime` < '2019-01-30 16:00:18'  ) AND `notifyurl_sum` > 0 AND `status` IN ('1','3')  [ RunTime:0.0022s ]

[ 2019-01-30T16:01:29+08:00 ] 127.0.0.1 /Payment_Dfpay_dfbf.html
INFO: [ app_init ] --START--
INFO: Run Behavior\BuildLiteBehavior [ RunTime:0.000009s ]
INFO: [ app_init ] --END-- [ RunTime:0.000041s ]
INFO: [ app_begin ] --START--
INFO: Run Behavior\ReadHtmlCacheBehavior [ RunTime:0.000718s ]
INFO: Run Behavior\CheckLangBehavior [ RunTime:0.001165s ]
INFO: [ app_begin ] --END-- [ RunTime:0.001929s ]
SQL: SHOW COLUMNS FROM `pay_wttklist` [ RunTime:0.0008s ]
SQL: SELECT * FROM `pay_wttklist` WHERE ( `cldatetime` > '2019-01-30 00:00:00' AND `cldatetime` < '2019-01-30 16:01:29'  ) AND `notifyurl_sum` > 0 AND `status` IN ('1','3')  [ RunTime:0.0021s ]
SQL: SHOW COLUMNS FROM `pay_df_api_order` [ RunTime:0.0018s ]
SQL: SELECT * FROM `pay_df_api_order` WHERE `out_trade_no` = '20190130112649937269' LIMIT 1   [ RunTime:0.0010s ]

[ 2019-01-30T16:04:12+08:00 ] 127.0.0.1 /Payment_Dfpay_dfbf.html
INFO: [ app_init ] --START--
INFO: Run Behavior\BuildLiteBehavior [ RunTime:0.000006s ]
INFO: [ app_init ] --END-- [ RunTime:0.000035s ]
INFO: [ app_begin ] --START--
INFO: Run Behavior\ReadHtmlCacheBehavior [ RunTime:0.001074s ]
INFO: Run Behavior\CheckLangBehavior [ RunTime:0.001194s ]
INFO: [ app_begin ] --END-- [ RunTime:0.002352s ]
SQL: SHOW COLUMNS FROM `pay_wttklist` [ RunTime:0.0009s ]
SQL: SELECT * FROM `pay_wttklist` WHERE ( `cldatetime` > '2019-01-30 00:00:00' AND `cldatetime` < '2019-01-30 16:04:12'  ) AND `notifyurl_sum` > 0 AND `status` IN ('1','3')  [ RunTime:0.0022s ]
SQL: SHOW COLUMNS FROM `pay_df_api_order` [ RunTime:0.0017s ]
SQL: SELECT * FROM `pay_df_api_order` WHERE `out_trade_no` = '20190130112649937269' LIMIT 1   [ RunTime:0.0009s ]
NOTIC: [8] Undefined index: out_trade_no C:\work\juhe\Application\Payment\Controller\DfpayController.class.php 第 623 行.

[ 2019-01-30T16:04:22+08:00 ] 127.0.0.1 /Payment_Dfpay_dfbf.html
INFO: [ app_init ] --START--
INFO: Run Behavior\BuildLiteBehavior [ RunTime:0.000007s ]
INFO: [ app_init ] --END-- [ RunTime:0.000030s ]
INFO: [ app_begin ] --START--
INFO: Run Behavior\ReadHtmlCacheBehavior [ RunTime:0.000754s ]
INFO: Run Behavior\CheckLangBehavior [ RunTime:0.001176s ]
INFO: [ app_begin ] --END-- [ RunTime:0.001974s ]
SQL: SHOW COLUMNS FROM `pay_wttklist` [ RunTime:0.0008s ]
SQL: SELECT * FROM `pay_wttklist` WHERE ( `cldatetime` > '2019-01-30 00:00:00' AND `cldatetime` < '2019-01-30 16:04:22'  ) AND `notifyurl_sum` > 0 AND `status` IN ('1','3')  [ RunTime:0.0017s ]
SQL: SHOW COLUMNS FROM `pay_df_api_order` [ RunTime:0.0007s ]
SQL: SELECT * FROM `pay_df_api_order` WHERE `out_trade_no` = '20190130112649937269' LIMIT 1   [ RunTime:0.0011s ]
NOTIC: [8] Undefined index: out_trade_no C:\work\juhe\Application\Payment\Controller\DfpayController.class.php 第 623 行.

[ 2019-01-30T16:04:32+08:00 ] 127.0.0.1 /Payment_Dfpay_dfbf.html
INFO: [ app_init ] --START--
INFO: Run Behavior\BuildLiteBehavior [ RunTime:0.000007s ]
INFO: [ app_init ] --END-- [ RunTime:0.000045s ]
INFO: [ app_begin ] --START--
INFO: Run Behavior\ReadHtmlCacheBehavior [ RunTime:0.000664s ]
INFO: Run Behavior\CheckLangBehavior [ RunTime:0.001265s ]
INFO: [ app_begin ] --END-- [ RunTime:0.001986s ]
SQL: SHOW COLUMNS FROM `pay_wttklist` [ RunTime:0.0007s ]
SQL: SELECT * FROM `pay_wttklist` WHERE ( `cldatetime` > '2019-01-30 00:00:00' AND `cldatetime` < '2019-01-30 16:04:32'  ) AND `notifyurl_sum` > 0 AND `status` IN ('1','3')  [ RunTime:0.0019s ]
SQL: SHOW COLUMNS FROM `pay_df_api_order` [ RunTime:0.0008s ]
SQL: SELECT * FROM `pay_df_api_order` WHERE `out_trade_no` = '20190130112649937269' LIMIT 1   [ RunTime:0.0010s ]

[ 2019-01-30T16:05:19+08:00 ] 127.0.0.1 /Payment_Dfpay_notifyurl_sum3.html
INFO: [ app_init ] --START--
INFO: Run Behavior\BuildLiteBehavior [ RunTime:0.000005s ]
INFO: [ app_init ] --END-- [ RunTime:0.000025s ]
INFO: [ app_begin ] --START--
INFO: Run Behavior\ReadHtmlCacheBehavior [ RunTime:0.000712s ]
INFO: Run Behavior\CheckLangBehavior [ RunTime:0.001160s ]
INFO: [ app_begin ] --END-- [ RunTime:0.001907s ]
ERR: 非法操作:notifyurl

[ 2019-01-30T16:05:37+08:00 ] 127.0.0.1 /Payment_Dfpay_notifyurl_sum3.html
INFO: [ app_init ] --START--
INFO: Run Behavior\BuildLiteBehavior [ RunTime:0.000009s ]
INFO: [ app_init ] --END-- [ RunTime:0.000046s ]
INFO: [ app_begin ] --START--
INFO: Run Behavior\ReadHtmlCacheBehavior [ RunTime:0.000866s ]
INFO: Run Behavior\CheckLangBehavior [ RunTime:0.001213s ]
INFO: [ app_begin ] --END-- [ RunTime:0.002138s ]
ERR: 非法操作:notifyurl

[ 2019-01-30T16:05:54+08:00 ] 127.0.0.1 /Payment_Dfpay_notifyurlSum3.html
INFO: [ app_init ] --START--
INFO: Run Behavior\BuildLiteBehavior [ RunTime:0.000005s ]
INFO: [ app_init ] --END-- [ RunTime:0.000026s ]
INFO: [ app_begin ] --START--
INFO: Run Behavior\ReadHtmlCacheBehavior [ RunTime:0.000714s ]
INFO: Run Behavior\CheckLangBehavior [ RunTime:0.001034s ]
INFO: [ app_begin ] --END-- [ RunTime:0.001793s ]
SQL: SHOW COLUMNS FROM `pay_wttklist` [ RunTime:0.0007s ]
SQL: SELECT * FROM `pay_wttklist` WHERE ( `cldatetime` > '2019-01-30 00:00:00' AND `cldatetime` < '2019-01-30 16:05:54'  ) AND `notifyurl_sum` > 0 AND `status` IN ('1','3')  [ RunTime:0.0016s ]
SQL: SHOW COLUMNS FROM `pay_df_api_order` [ RunTime:0.0007s ]
SQL: SELECT * FROM `pay_df_api_order` WHERE `out_trade_no` = '20190130112649937269' LIMIT 1   [ RunTime:0.0009s ]

[ 2019-01-30T16:06:22+08:00 ] 127.0.0.1 /Payment_Dfpay_notifyurlSum3.html
INFO: [ app_init ] --START--
INFO: Run Behavior\BuildLiteBehavior [ RunTime:0.000027s ]
INFO: [ app_init ] --END-- [ RunTime:0.000118s ]
INFO: [ app_begin ] --START--
INFO: Run Behavior\ReadHtmlCacheBehavior [ RunTime:0.000999s ]
INFO: Run Behavior\CheckLangBehavior [ RunTime:0.001195s ]
INFO: [ app_begin ] --END-- [ RunTime:0.002242s ]
SQL: SHOW COLUMNS FROM `pay_wttklist` [ RunTime:0.0007s ]
SQL: SELECT * FROM `pay_wttklist` WHERE ( `cldatetime` > '2019-01-30 00:00:00' AND `cldatetime` < '2019-01-30 16:06:22'  ) AND `notifyurl_sum` > 0 AND `status` IN ('1','3')  [ RunTime:0.0016s ]
SQL: SHOW COLUMNS FROM `pay_df_api_order` [ RunTime:0.0006s ]
SQL: SELECT * FROM `pay_df_api_order` WHERE `out_trade_no` = '20190130112649937269' LIMIT 1   [ RunTime:0.0010s ]

[ 2019-01-30T16:09:19+08:00 ] 127.0.0.1 /Payment_Dfpay_notifyurlSum3.html
INFO: [ app_init ] --START--
INFO: Run Behavior\BuildLiteBehavior [ RunTime:0.000005s ]
INFO: [ app_init ] --END-- [ RunTime:0.000026s ]
INFO: [ app_begin ] --START--
INFO: Run Behavior\ReadHtmlCacheBehavior [ RunTime:0.000766s ]
INFO: Run Behavior\CheckLangBehavior [ RunTime:0.001084s ]
INFO: [ app_begin ] --END-- [ RunTime:0.001888s ]
SQL: SHOW COLUMNS FROM `pay_wttklist` [ RunTime:0.0009s ]
SQL: SELECT * FROM `pay_wttklist` WHERE ( `cldatetime` > '2019-01-30 00:00:00' AND `cldatetime` < '2019-01-30 16:09:19'  ) AND `notifyurl_sum` > 0 AND `status` IN ('1','3')  [ RunTime:0.0016s ]
SQL: SHOW COLUMNS FROM `pay_df_api_order` [ RunTime:0.0101s ]
SQL: SELECT * FROM `pay_df_api_order` WHERE `out_trade_no` = '20190130112649937269' LIMIT 1   [ RunTime:0.0012s ]
SQL: UPDATE `pay_wttklist` SET `additional`='22' WHERE `id` = 772 [ RunTime:0.0047s ]
SQL: SELECT * FROM `pay_df_api_order` WHERE `out_trade_no` = '20190130114616246045' LIMIT 1   [ RunTime:0.0010s ]
SQL: UPDATE `pay_wttklist` SET `additional`='22' WHERE `id` = 773 [ RunTime:0.0036s ]
INFO: [ app_end ] --START--
INFO: Run Behavior\ShowPageTraceBehavior [ RunTime:0.000957s ]
INFO: [ app_end ] --END-- [ RunTime:0.000976s ]

[ 2019-01-30T16:10:11+08:00 ] 127.0.0.1 /Payment_Dfpay_notifyurlSum3.html
INFO: [ app_init ] --START--
INFO: Run Behavior\BuildLiteBehavior [ RunTime:0.000005s ]
INFO: [ app_init ] --END-- [ RunTime:0.000026s ]
INFO: [ app_begin ] --START--
INFO: Run Behavior\ReadHtmlCacheBehavior [ RunTime:0.000909s ]
INFO: Run Behavior\CheckLangBehavior [ RunTime:0.001186s ]
INFO: [ app_begin ] --END-- [ RunTime:0.002160s ]
SQL: SHOW COLUMNS FROM `pay_wttklist` [ RunTime:0.0008s ]
SQL: SELECT * FROM `pay_wttklist` WHERE ( `cldatetime` > '2019-01-30 00:00:00' AND `cldatetime` < '2019-01-30 16:10:11'  ) AND `notifyurl_sum` > 0 AND `status` IN ('1','3')  [ RunTime:0.0017s ]
SQL: SHOW COLUMNS FROM `pay_df_api_order` [ RunTime:0.0009s ]
SQL: SELECT * FROM `pay_df_api_order` WHERE `out_trade_no` = '20190130112649937269' LIMIT 1   [ RunTime:0.0011s ]
SQL: UPDATE `pay_wttklist` SET `additional`='SUCCESS' WHERE `id` = 772 [ RunTime:0.0036s ]
SQL: SELECT * FROM `pay_df_api_order` WHERE `out_trade_no` = '20190130114616246045' LIMIT 1   [ RunTime:0.0010s ]
SQL: UPDATE `pay_wttklist` SET `additional`='SUCCESS' WHERE `id` = 773 [ RunTime:0.0035s ]
INFO: [ app_end ] --START--
INFO: Run Behavior\ShowPageTraceBehavior [ RunTime:0.000823s ]
INFO: [ app_end ] --END-- [ RunTime:0.000841s ]

[ 2019-01-30T16:11:20+08:00 ] 127.0.0.1 /Payment_Dfpay_notifyurlSum3.html
INFO: [ app_init ] --START--
INFO: Run Behavior\BuildLiteBehavior [ RunTime:0.000006s ]
INFO: [ app_init ] --END-- [ RunTime:0.000038s ]
INFO: [ app_begin ] --START--
INFO: Run Behavior\ReadHtmlCacheBehavior [ RunTime:0.000790s ]
INFO: Run Behavior\CheckLangBehavior [ RunTime:0.001127s ]
INFO: [ app_begin ] --END-- [ RunTime:0.001959s ]
SQL: SHOW COLUMNS FROM `pay_wttklist` [ RunTime:0.0008s ]
SQL: SELECT * FROM `pay_wttklist` WHERE ( `cldatetime` > '2019-01-30 00:00:00' AND `cldatetime` < '2019-01-30 16:11:20'  ) AND `notifyurl_sum` > 0 AND `status` IN ('1','3')  [ RunTime:0.0016s ]
SQL: SHOW COLUMNS FROM `pay_df_api_order` [ RunTime:0.0005s ]
SQL: SELECT * FROM `pay_df_api_order` WHERE `out_trade_no` = '20190130112649937269' LIMIT 1   [ RunTime:0.0009s ]
SQL: UPDATE `pay_wttklist` SET `additional`='SUCCESS',`notifyurl_sum`='2' WHERE `id` = 772 [ RunTime:0.0057s ]
SQL: SELECT * FROM `pay_df_api_order` WHERE `out_trade_no` = '20190130114616246045' LIMIT 1   [ RunTime:0.0011s ]
SQL: UPDATE `pay_wttklist` SET `additional`='SUCCESS',`notifyurl_sum`='2' WHERE `id` = 773 [ RunTime:0.0036s ]
INFO: [ app_end ] --START--
INFO: Run Behavior\ShowPageTraceBehavior [ RunTime:0.000906s ]
INFO: [ app_end ] --END-- [ RunTime:0.000924s ]

[ 2019-01-30T16:11:29+08:00 ] 127.0.0.1 /Payment_Dfpay_notifyurlSum3.html
INFO: [ app_init ] --START--
INFO: Run Behavior\BuildLiteBehavior [ RunTime:0.000008s ]
INFO: [ app_init ] --END-- [ RunTime:0.000027s ]
INFO: [ app_begin ] --START--
INFO: Run Behavior\ReadHtmlCacheBehavior [ RunTime:0.000707s ]
INFO: Run Behavior\CheckLangBehavior [ RunTime:0.001067s ]
INFO: [ app_begin ] --END-- [ RunTime:0.001812s ]
SQL: SHOW COLUMNS FROM `pay_wttklist` [ RunTime:0.0007s ]
SQL: SELECT * FROM `pay_wttklist` WHERE ( `cldatetime` > '2019-01-30 00:00:00' AND `cldatetime` < '2019-01-30 16:11:29'  ) AND `notifyurl_sum` > 0 AND `status` IN ('1','3')  [ RunTime:0.0016s ]
SQL: SHOW COLUMNS FROM `pay_df_api_order` [ RunTime:0.0005s ]
SQL: SELECT * FROM `pay_df_api_order` WHERE `out_trade_no` = '20190130112649937269' LIMIT 1   [ RunTime:0.0010s ]
SQL: UPDATE `pay_wttklist` SET `additional`='SUCCESS',`notifyurl_sum`='1' WHERE `id` = 772 [ RunTime:0.0037s ]
SQL: SELECT * FROM `pay_df_api_order` WHERE `out_trade_no` = '20190130114616246045' LIMIT 1   [ RunTime:0.0011s ]
SQL: UPDATE `pay_wttklist` SET `additional`='SUCCESS',`notifyurl_sum`='1' WHERE `id` = 773 [ RunTime:0.0037s ]
INFO: [ app_end ] --START--
INFO: Run Behavior\ShowPageTraceBehavior [ RunTime:0.000914s ]
INFO: [ app_end ] --END-- [ RunTime:0.000932s ]

[ 2019-01-30T16:11:30+08:00 ] 127.0.0.1 /Payment_Dfpay_notifyurlSum3.html
INFO: [ app_init ] --START--
INFO: Run Behavior\BuildLiteBehavior [ RunTime:0.000006s ]
INFO: [ app_init ] --END-- [ RunTime:0.000026s ]
INFO: [ app_begin ] --START--
INFO: Run Behavior\ReadHtmlCacheBehavior [ RunTime:0.000719s ]
INFO: Run Behavior\CheckLangBehavior [ RunTime:0.001081s ]
INFO: [ app_begin ] --END-- [ RunTime:0.001842s ]
SQL: SHOW COLUMNS FROM `pay_wttklist` [ RunTime:0.0007s ]
SQL: SELECT * FROM `pay_wttklist` WHERE ( `cldatetime` > '2019-01-30 00:00:00' AND `cldatetime` < '2019-01-30 16:11:30'  ) AND `notifyurl_sum` > 0 AND `status` IN ('1','3')  [ RunTime:0.0016s ]
SQL: SHOW COLUMNS FROM `pay_df_api_order` [ RunTime:0.0016s ]
SQL: SELECT * FROM `pay_df_api_order` WHERE `out_trade_no` = '20190130112649937269' LIMIT 1   [ RunTime:0.0010s ]
SQL: UPDATE `pay_wttklist` SET `additional`='SUCCESS',`notifyurl_sum`='0' WHERE `id` = 772 [ RunTime:0.0040s ]
SQL: SELECT * FROM `pay_df_api_order` WHERE `out_trade_no` = '20190130114616246045' LIMIT 1   [ RunTime:0.0010s ]
SQL: UPDATE `pay_wttklist` SET `additional`='SUCCESS',`notifyurl_sum`='0' WHERE `id` = 773 [ RunTime:0.0038s ]
INFO: [ app_end ] --START--
INFO: Run Behavior\ShowPageTraceBehavior [ RunTime:0.000931s ]
INFO: [ app_end ] --END-- [ RunTime:0.000959s ]

[ 2019-01-30T16:11:31+08:00 ] 127.0.0.1 /Payment_Dfpay_notifyurlSum3.html
INFO: [ app_init ] --START--
INFO: Run Behavior\BuildLiteBehavior [ RunTime:0.000007s ]
INFO: [ app_init ] --END-- [ RunTime:0.000035s ]
INFO: [ app_begin ] --START--
INFO: Run Behavior\ReadHtmlCacheBehavior [ RunTime:0.000857s ]
INFO: Run Behavior\CheckLangBehavior [ RunTime:0.001143s ]
INFO: [ app_begin ] --END-- [ RunTime:0.002057s ]
SQL: SHOW COLUMNS FROM `pay_wttklist` [ RunTime:0.0013s ]
SQL: SELECT * FROM `pay_wttklist` WHERE ( `cldatetime` > '2019-01-30 00:00:00' AND `cldatetime` < '2019-01-30 16:11:31'  ) AND `notifyurl_sum` > 0 AND `status` IN ('1','3')  [ RunTime:0.0016s ]
INFO: [ app_end ] --START--
INFO: Run Behavior\ShowPageTraceBehavior [ RunTime:0.000866s ]
INFO: [ app_end ] --END-- [ RunTime:0.000886s ]

[ 2019-01-30T16:13:12+08:00 ] 127.0.0.1 /Payment_Dfpay_notifyurlSum3.html
INFO: [ app_init ] --START--
INFO: Run Behavior\BuildLiteBehavior [ RunTime:0.000005s ]
INFO: [ app_init ] --END-- [ RunTime:0.000030s ]
INFO: [ app_begin ] --START--
INFO: Run Behavior\ReadHtmlCacheBehavior [ RunTime:0.001308s ]
INFO: Run Behavior\CheckLangBehavior [ RunTime:0.001223s ]
INFO: [ app_begin ] --END-- [ RunTime:0.002586s ]
SQL: SHOW COLUMNS FROM `pay_wttklist` [ RunTime:0.0011s ]
SQL: SELECT * FROM `pay_wttklist` WHERE ( `cldatetime` > '2019-01-30 00:00:00' AND `cldatetime` < '2019-01-30 16:13:11'  ) AND `notifyurl_sum` > 0 AND `status` IN ('2','3')  [ RunTime:0.0018s ]
SQL: SHOW COLUMNS FROM `pay_df_api_order` [ RunTime:0.0016s ]
SQL: SELECT * FROM `pay_df_api_order` WHERE `out_trade_no` = '20190129221725371664' LIMIT 1   [ RunTime:0.0049s ]
SQL: UPDATE `pay_wttklist` SET `additional`='success',`notifyurl_sum`='2' WHERE `id` = 770 [ RunTime:0.0046s ]
SQL: SELECT * FROM `pay_df_api_order` WHERE `out_trade_no` = '20190130105714205502' LIMIT 1   [ RunTime:0.0010s ]
SQL: UPDATE `pay_wttklist` SET `additional`='success',`notifyurl_sum`='2' WHERE `id` = 771 [ RunTime:0.0044s ]
SQL: SELECT * FROM `pay_df_api_order` WHERE `out_trade_no` = '20190130115155156188' LIMIT 1   [ RunTime:0.0010s ]
SQL: UPDATE `pay_wttklist` SET `additional`='success',`notifyurl_sum`='2' WHERE `id` = 774 [ RunTime:0.0036s ]
INFO: [ app_end ] --START--
INFO: Run Behavior\ShowPageTraceBehavior [ RunTime:0.001168s ]
INFO: [ app_end ] --END-- [ RunTime:0.001202s ]

[ 2019-01-30T16:13:18+08:00 ] 127.0.0.1 /Payment_Dfpay_notifyurlSum3.html
INFO: [ app_init ] --START--
INFO: Run Behavior\BuildLiteBehavior [ RunTime:0.000006s ]
INFO: [ app_init ] --END-- [ RunTime:0.000030s ]
INFO: [ app_begin ] --START--
INFO: Run Behavior\ReadHtmlCacheBehavior [ RunTime:0.000793s ]
INFO: Run Behavior\CheckLangBehavior [ RunTime:0.001507s ]
INFO: [ app_begin ] --END-- [ RunTime:0.002387s ]
SQL: SHOW COLUMNS FROM `pay_wttklist` [ RunTime:0.0009s ]
SQL: SELECT * FROM `pay_wttklist` WHERE ( `cldatetime` > '2019-01-30 00:00:00' AND `cldatetime` < '2019-01-30 16:13:17'  ) AND `notifyurl_sum` > 0 AND `status` IN ('2','3')  [ RunTime:0.0025s ]
SQL: SHOW COLUMNS FROM `pay_df_api_order` [ RunTime:0.0021s ]
SQL: SELECT * FROM `pay_df_api_order` WHERE `out_trade_no` = '20190129221725371664' LIMIT 1   [ RunTime:0.0010s ]
SQL: UPDATE `pay_wttklist` SET `additional`='success',`notifyurl_sum`='1' WHERE `id` = 770 [ RunTime:0.0044s ]
SQL: SELECT * FROM `pay_df_api_order` WHERE `out_trade_no` = '20190130105714205502' LIMIT 1   [ RunTime:0.0011s ]
SQL: UPDATE `pay_wttklist` SET `additional`='success',`notifyurl_sum`='1' WHERE `id` = 771 [ RunTime:0.0034s ]
SQL: SELECT * FROM `pay_df_api_order` WHERE `out_trade_no` = '20190130115155156188' LIMIT 1   [ RunTime:0.0011s ]
SQL: UPDATE `pay_wttklist` SET `additional`='success',`notifyurl_sum`='1' WHERE `id` = 774 [ RunTime:0.0047s ]
INFO: [ app_end ] --START--
INFO: Run Behavior\ShowPageTraceBehavior [ RunTime:0.001267s ]
INFO: [ app_end ] --END-- [ RunTime:0.001307s ]

[ 2019-01-30T16:13:37+08:00 ] 127.0.0.1 /Payment_Dfpay_notifyurlSum3.html
INFO: [ app_init ] --START--
INFO: Run Behavior\BuildLiteBehavior [ RunTime:0.000010s ]
INFO: [ app_init ] --END-- [ RunTime:0.000055s ]
INFO: [ app_begin ] --START--
INFO: Run Behavior\ReadHtmlCacheBehavior [ RunTime:0.001018s ]
INFO: Run Behavior\CheckLangBehavior [ RunTime:0.002164s ]
INFO: [ app_begin ] --END-- [ RunTime:0.003254s ]
SQL: SHOW COLUMNS FROM `pay_wttklist` [ RunTime:0.0008s ]
SQL: SELECT * FROM `pay_wttklist` WHERE ( `cldatetime` > '2019-01-30 00:00:00' AND `cldatetime` < '2019-01-30 16:13:37'  ) AND `notifyurl_sum` > 0 AND `status` IN ('2','3')  [ RunTime:0.0028s ]
SQL: SHOW COLUMNS FROM `pay_df_api_order` [ RunTime:0.0021s ]
SQL: SELECT * FROM `pay_df_api_order` WHERE `out_trade_no` = '20190129221725371664' LIMIT 1   [ RunTime:0.0010s ]
SQL: UPDATE `pay_wttklist` SET `additional`='success',`notifyurl_sum`='0' WHERE `id` = 770 [ RunTime:0.0043s ]
SQL: SELECT * FROM `pay_df_api_order` WHERE `out_trade_no` = '20190130105714205502' LIMIT 1   [ RunTime:0.0031s ]
SQL: UPDATE `pay_wttklist` SET `additional`='success',`notifyurl_sum`='0' WHERE `id` = 771 [ RunTime:0.0035s ]
SQL: SELECT * FROM `pay_df_api_order` WHERE `out_trade_no` = '20190130115155156188' LIMIT 1   [ RunTime:0.0010s ]
SQL: UPDATE `pay_wttklist` SET `additional`='success',`notifyurl_sum`='0' WHERE `id` = 774 [ RunTime:0.0046s ]
INFO: [ app_end ] --START--
INFO: Run Behavior\ShowPageTraceBehavior [ RunTime:0.003541s ]
INFO: [ app_end ] --END-- [ RunTime:0.003631s ]

[ 2019-01-30T16:13:38+08:00 ] 127.0.0.1 /Payment_Dfpay_notifyurlSum3.html
INFO: [ app_init ] --START--
INFO: Run Behavior\BuildLiteBehavior [ RunTime:0.000005s ]
INFO: [ app_init ] --END-- [ RunTime:0.000029s ]
INFO: [ app_begin ] --START--
INFO: Run Behavior\ReadHtmlCacheBehavior [ RunTime:0.001099s ]
INFO: Run Behavior\CheckLangBehavior [ RunTime:0.001188s ]
INFO: [ app_begin ] --END-- [ RunTime:0.002358s ]
SQL: SHOW COLUMNS FROM `pay_wttklist` [ RunTime:0.0007s ]
SQL: SELECT * FROM `pay_wttklist` WHERE ( `cldatetime` > '2019-01-30 00:00:00' AND `cldatetime` < '2019-01-30 16:13:38'  ) AND `notifyurl_sum` > 0 AND `status` IN ('2','3')  [ RunTime:0.0015s ]
INFO: [ app_end ] --START--
INFO: Run Behavior\ShowPageTraceBehavior [ RunTime:0.000851s ]
INFO: [ app_end ] --END-- [ RunTime:0.000868s ]

[ 2019-01-30T16:13:40+08:00 ] 127.0.0.1 /Payment_Dfpay_notifyurlSum3.html
INFO: [ app_init ] --START--
INFO: Run Behavior\BuildLiteBehavior [ RunTime:0.000010s ]
INFO: [ app_init ] --END-- [ RunTime:0.000049s ]
INFO: [ app_begin ] --START--
INFO: Run Behavior\ReadHtmlCacheBehavior [ RunTime:0.001164s ]
INFO: Run Behavior\CheckLangBehavior [ RunTime:0.001033s ]
INFO: [ app_begin ] --END-- [ RunTime:0.002257s ]
SQL: SHOW COLUMNS FROM `pay_wttklist` [ RunTime:0.0007s ]
SQL: SELECT * FROM `pay_wttklist` WHERE ( `cldatetime` > '2019-01-30 00:00:00' AND `cldatetime` < '2019-01-30 16:13:40'  ) AND `notifyurl_sum` > 0 AND `status` IN ('2','3')  [ RunTime:0.0016s ]
INFO: [ app_end ] --START--
INFO: Run Behavior\ShowPageTraceBehavior [ RunTime:0.000880s ]
INFO: [ app_end ] --END-- [ RunTime:0.000900s ]

[ 2019-01-30T16:13:41+08:00 ] 127.0.0.1 /Payment_Dfpay_notifyurlSum3.html
INFO: [ app_init ] --START--
INFO: Run Behavior\BuildLiteBehavior [ RunTime:0.000006s ]
INFO: [ app_init ] --END-- [ RunTime:0.000029s ]
INFO: [ app_begin ] --START--
INFO: Run Behavior\ReadHtmlCacheBehavior [ RunTime:0.000752s ]
INFO: Run Behavior\CheckLangBehavior [ RunTime:0.001193s ]
INFO: [ app_begin ] --END-- [ RunTime:0.001999s ]
SQL: SHOW COLUMNS FROM `pay_wttklist` [ RunTime:0.0079s ]
SQL: SELECT * FROM `pay_wttklist` WHERE ( `cldatetime` > '2019-01-30 00:00:00' AND `cldatetime` < '2019-01-30 16:13:41'  ) AND `notifyurl_sum` > 0 AND `status` IN ('2','3')  [ RunTime:0.0016s ]
INFO: [ app_end ] --START--
INFO: Run Behavior\ShowPageTraceBehavior [ RunTime:0.000859s ]
INFO: [ app_end ] --END-- [ RunTime:0.000877s ]

[ 2019-01-30T16:32:21+08:00 ] 127.0.0.1 /Payment_Dfpay_notifyurlSum3.html
INFO: [ app_init ] --START--
INFO: Run Behavior\BuildLiteBehavior [ RunTime:0.000006s ]
INFO: [ app_init ] --END-- [ RunTime:0.000035s ]
INFO: [ app_begin ] --START--
INFO: Run Behavior\ReadHtmlCacheBehavior [ RunTime:0.000763s ]
INFO: Run Behavior\CheckLangBehavior [ RunTime:0.001265s ]
INFO: [ app_begin ] --END-- [ RunTime:0.002074s ]
SQL: SHOW COLUMNS FROM `pay_wttklist` [ RunTime:0.0011s ]
SQL: SELECT * FROM `pay_wttklist` WHERE ( `cldatetime` > '2019-01-30 00:00:00' AND `cldatetime` < '2019-01-30 16:32:21'  ) AND `notifyurl_sum` > 0 AND `status` IN ('2','3')  [ RunTime:0.0016s ]

