[ 2019-01-07T10:59:53+08:00 ] 127.0.0.1 /Payment_H5payDf_Query.html
INFO: [ app_init ] --START--
INFO: Run Behavior\BuildLiteBehavior [ RunTime:0.000085s ]
INFO: [ app_init ] --END-- [ RunTime:0.000217s ]
INFO: [ app_begin ] --START--
INFO: Run Behavior\ReadHtmlCacheBehavior [ RunTime:0.001471s ]
INFO: Run Behavior\CheckLangBehavior [ RunTime:0.004393s ]
INFO: [ app_begin ] --END-- [ RunTime:0.005943s ]
SQL: SHOW COLUMNS FROM `pay_wttklist` [ RunTime:0.0342s ]
SQL: SELECT * FROM `pay_wttklist` WHERE `code` = 'H5payDf' AND `orderid` = 'H1229812824553549' AND `status` = 1  [ RunTime:0.0082s ]
INFO: [ app_end ] --START--
INFO: Run Behavior\ShowPageTraceBehavior [ RunTime:0.003042s ]
INFO: [ app_end ] --END-- [ RunTime:0.003087s ]

[ 2019-01-07T11:00:16+08:00 ] 127.0.0.1 /Payment_YHpayDf_moneyQuery.html
INFO: [ app_init ] --START--
INFO: Run Behavior\BuildLiteBehavior [ RunTime:0.000049s ]
INFO: [ app_init ] --END-- [ RunTime:0.000074s ]
INFO: [ app_begin ] --START--
INFO: Run Behavior\ReadHtmlCacheBehavior [ RunTime:0.001189s ]
INFO: Run Behavior\CheckLangBehavior [ RunTime:0.002179s ]
INFO: [ app_begin ] --END-- [ RunTime:0.003458s ]
NOTIC: [8] Undefined index: channel C:\work\juhe\Application\Payment\Controller\YHpayDfController.class.php 第 273 行.

[ 2019-01-07T11:15:16+08:00 ] 127.0.0.1 /Payment_YHpayDf_Query.html
INFO: [ app_init ] --START--
INFO: Run Behavior\BuildLiteBehavior [ RunTime:0.000012s ]
INFO: [ app_init ] --END-- [ RunTime:0.000072s ]
INFO: [ app_begin ] --START--
INFO: Run Behavior\ReadHtmlCacheBehavior [ RunTime:0.001052s ]
INFO: Run Behavior\CheckLangBehavior [ RunTime:0.001736s ]
INFO: [ app_begin ] --END-- [ RunTime:0.002841s ]
SQL: SHOW COLUMNS FROM `pay_wttklist` [ RunTime:0.0021s ]
SQL: SELECT * FROM `pay_wttklist` WHERE `code` = 'YHpayDf' AND `status` = 1  [ RunTime:0.0011s ]
INFO: [ app_end ] --START--
INFO: Run Behavior\ShowPageTraceBehavior [ RunTime:0.001574s ]
INFO: [ app_end ] --END-- [ RunTime:0.001608s ]

[ 2019-01-07T11:15:54+08:00 ] 127.0.0.1 /Payment_YHpayDf_Query.html
INFO: [ app_init ] --START--
INFO: Run Behavior\BuildLiteBehavior [ RunTime:0.000011s ]
INFO: [ app_init ] --END-- [ RunTime:0.000058s ]
INFO: [ app_begin ] --START--
INFO: Run Behavior\ReadHtmlCacheBehavior [ RunTime:0.003684s ]
INFO: Run Behavior\CheckLangBehavior [ RunTime:0.006171s ]
INFO: [ app_begin ] --END-- [ RunTime:0.010099s ]
SQL: SHOW COLUMNS FROM `pay_wttklist` [ RunTime:0.0022s ]
SQL: SELECT * FROM `pay_wttklist` WHERE `code` = 'YHpayDf' AND `orderid` = 'H1229812824553549' AND `status` = 1  [ RunTime:0.0012s ]

[ 2019-01-07T11:16:04+08:00 ] 127.0.0.1 /Payment_YHpayDf_Query.html
INFO: [ app_init ] --START--
INFO: Run Behavior\BuildLiteBehavior [ RunTime:0.000006s ]
INFO: [ app_init ] --END-- [ RunTime:0.000037s ]
INFO: [ app_begin ] --START--
INFO: Run Behavior\ReadHtmlCacheBehavior [ RunTime:0.001619s ]
INFO: Run Behavior\CheckLangBehavior [ RunTime:0.001695s ]
INFO: [ app_begin ] --END-- [ RunTime:0.003422s ]
SQL: SHOW COLUMNS FROM `pay_wttklist` [ RunTime:0.0012s ]
SQL: SELECT * FROM `pay_wttklist` WHERE `orderid` = 'H1229812824553549'  [ RunTime:0.0007s ]

[ 2019-01-07T11:16:18+08:00 ] 127.0.0.1 /Payment_YHpayDf_Query.html
INFO: [ app_init ] --START--
INFO: Run Behavior\BuildLiteBehavior [ RunTime:0.000008s ]
INFO: [ app_init ] --END-- [ RunTime:0.000045s ]
INFO: [ app_begin ] --START--
INFO: Run Behavior\ReadHtmlCacheBehavior [ RunTime:0.000942s ]
INFO: Run Behavior\CheckLangBehavior [ RunTime:0.001340s ]
INFO: [ app_begin ] --END-- [ RunTime:0.002344s ]
SQL: SHOW COLUMNS FROM `pay_wttklist` [ RunTime:0.0017s ]
SQL: SELECT * FROM `pay_wttklist` WHERE `orderid` = 'H1225236570080782'  [ RunTime:0.0027s ]

[ 2019-01-07T11:17:43+08:00 ] 127.0.0.1 /Payment_YHpayDf_Query.html
INFO: [ app_init ] --START--
INFO: Run Behavior\BuildLiteBehavior [ RunTime:0.000005s ]
INFO: [ app_init ] --END-- [ RunTime:0.000033s ]
INFO: [ app_begin ] --START--
INFO: Run Behavior\ReadHtmlCacheBehavior [ RunTime:0.000948s ]
INFO: Run Behavior\CheckLangBehavior [ RunTime:0.001439s ]
INFO: [ app_begin ] --END-- [ RunTime:0.002431s ]
SQL: SHOW COLUMNS FROM `pay_wttklist` [ RunTime:0.0038s ]
SQL: SELECT * FROM `pay_wttklist` WHERE `orderid` = 'H1225236570080782'  [ RunTime:0.0009s ]
SQL: SHOW COLUMNS FROM `pay_pay_for_another` [ RunTime:0.0010s ]
SQL: SELECT * FROM `pay_pay_for_another` WHERE `id` = 8 LIMIT 1   FOR UPDATE  [ RunTime:0.0021s ]
NOTIC: [2] hex2bin(): Input string must be hexadecimal string C:\work\juhe\Application\Payment\Controller\YHpayDfController.class.php 第 200 行.

[ 2019-01-07T11:18:14+08:00 ] 127.0.0.1 /Payment_YHpayDf_Query.html
INFO: [ app_init ] --START--
INFO: Run Behavior\BuildLiteBehavior [ RunTime:0.000008s ]
INFO: [ app_init ] --END-- [ RunTime:0.000040s ]
INFO: [ app_begin ] --START--
INFO: Run Behavior\ReadHtmlCacheBehavior [ RunTime:0.001282s ]
INFO: Run Behavior\CheckLangBehavior [ RunTime:0.001777s ]
INFO: [ app_begin ] --END-- [ RunTime:0.003122s ]
SQL: SHOW COLUMNS FROM `pay_wttklist` [ RunTime:0.0015s ]
SQL: SELECT * FROM `pay_wttklist` WHERE `orderid` = 'H1225236570080782'  [ RunTime:0.0009s ]
SQL: SHOW COLUMNS FROM `pay_pay_for_another` [ RunTime:0.0009s ]
SQL: SELECT * FROM `pay_pay_for_another` WHERE `id` = 8 LIMIT 1   FOR UPDATE  [ RunTime:0.0006s ]
NOTIC: [2] hex2bin(): Input string must be hexadecimal string C:\work\juhe\Application\Payment\Controller\YHpayDfController.class.php 第 200 行.

[ 2019-01-07T11:18:27+08:00 ] 127.0.0.1 /Payment_YHpayDf_Query.html
INFO: [ app_init ] --START--
INFO: Run Behavior\BuildLiteBehavior [ RunTime:0.000015s ]
INFO: [ app_init ] --END-- [ RunTime:0.000090s ]
INFO: [ app_begin ] --START--
INFO: Run Behavior\ReadHtmlCacheBehavior [ RunTime:0.001658s ]
INFO: Run Behavior\CheckLangBehavior [ RunTime:0.001924s ]
INFO: [ app_begin ] --END-- [ RunTime:0.003716s ]
SQL: SHOW COLUMNS FROM `pay_wttklist` [ RunTime:0.0013s ]
SQL: SELECT * FROM `pay_wttklist` WHERE `orderid` = 'H1225236570080782'  [ RunTime:0.0008s ]
SQL: SHOW COLUMNS FROM `pay_pay_for_another` [ RunTime:0.0010s ]
SQL: SELECT * FROM `pay_pay_for_another` WHERE `id` = 8 LIMIT 1   FOR UPDATE  [ RunTime:0.0005s ]
NOTIC: [2] hex2bin(): Input string must be hexadecimal string C:\work\juhe\Application\Payment\Controller\YHpayDfController.class.php 第 198 行.

[ 2019-01-07T11:18:55+08:00 ] 127.0.0.1 /Payment_YHpayDf_Query.html
INFO: [ app_init ] --START--
INFO: Run Behavior\BuildLiteBehavior [ RunTime:0.000008s ]
INFO: [ app_init ] --END-- [ RunTime:0.000045s ]
INFO: [ app_begin ] --START--
INFO: Run Behavior\ReadHtmlCacheBehavior [ RunTime:0.000882s ]
INFO: Run Behavior\CheckLangBehavior [ RunTime:0.001305s ]
INFO: [ app_begin ] --END-- [ RunTime:0.002233s ]
SQL: SHOW COLUMNS FROM `pay_wttklist` [ RunTime:0.0012s ]
SQL: SELECT * FROM `pay_wttklist` WHERE `orderid` = 'H1225236570080782'  [ RunTime:0.0006s ]
SQL: SHOW COLUMNS FROM `pay_pay_for_another` [ RunTime:0.0007s ]
SQL: SELECT * FROM `pay_pay_for_another` WHERE `id` = 8 LIMIT 1   FOR UPDATE  [ RunTime:0.0005s ]
NOTIC: [2] hex2bin(): Input string must be hexadecimal string C:\work\juhe\Application\Payment\Controller\YHpayDfController.class.php 第 198 行.

[ 2019-01-07T11:18:56+08:00 ] 127.0.0.1 /Payment_YHpayDf_Query.html
INFO: [ app_init ] --START--
INFO: Run Behavior\BuildLiteBehavior [ RunTime:0.000007s ]
INFO: [ app_init ] --END-- [ RunTime:0.000034s ]
INFO: [ app_begin ] --START--
INFO: Run Behavior\ReadHtmlCacheBehavior [ RunTime:0.001329s ]
INFO: Run Behavior\CheckLangBehavior [ RunTime:0.002638s ]
INFO: [ app_begin ] --END-- [ RunTime:0.004075s ]
SQL: SHOW COLUMNS FROM `pay_wttklist` [ RunTime:0.0018s ]
SQL: SELECT * FROM `pay_wttklist` WHERE `orderid` = 'H1225236570080782'  [ RunTime:0.0011s ]
SQL: SHOW COLUMNS FROM `pay_pay_for_another` [ RunTime:0.0017s ]
SQL: SELECT * FROM `pay_pay_for_another` WHERE `id` = 8 LIMIT 1   FOR UPDATE  [ RunTime:0.0008s ]
NOTIC: [2] hex2bin(): Input string must be hexadecimal string C:\work\juhe\Application\Payment\Controller\YHpayDfController.class.php 第 198 行.

[ 2019-01-07T11:19:55+08:00 ] 127.0.0.1 /Payment_YHpayDf_Query.html
INFO: [ app_init ] --START--
INFO: Run Behavior\BuildLiteBehavior [ RunTime:0.000006s ]
INFO: [ app_init ] --END-- [ RunTime:0.000034s ]
INFO: [ app_begin ] --START--
INFO: Run Behavior\ReadHtmlCacheBehavior [ RunTime:0.002465s ]
INFO: Run Behavior\CheckLangBehavior [ RunTime:0.002207s ]
INFO: [ app_begin ] --END-- [ RunTime:0.004790s ]
SQL: SHOW COLUMNS FROM `pay_wttklist` [ RunTime:0.0012s ]
SQL: SELECT * FROM `pay_wttklist` WHERE `orderid` = 'H1225236570080782'  [ RunTime:0.0006s ]
SQL: SHOW COLUMNS FROM `pay_pay_for_another` [ RunTime:0.0008s ]
SQL: SELECT * FROM `pay_pay_for_another` WHERE `id` = 8 LIMIT 1   FOR UPDATE  [ RunTime:0.0005s ]
NOTIC: [2] hex2bin(): Input string must be hexadecimal string C:\work\juhe\Application\Payment\Controller\YHpayDfController.class.php 第 212 行.

[ 2019-01-07T11:20:09+08:00 ] 127.0.0.1 /Payment_YHpayDf_Query.html
INFO: [ app_init ] --START--
INFO: Run Behavior\BuildLiteBehavior [ RunTime:0.000005s ]
INFO: [ app_init ] --END-- [ RunTime:0.000028s ]
INFO: [ app_begin ] --START--
INFO: Run Behavior\ReadHtmlCacheBehavior [ RunTime:0.000819s ]
INFO: Run Behavior\CheckLangBehavior [ RunTime:0.001260s ]
INFO: [ app_begin ] --END-- [ RunTime:0.002129s ]
SQL: SHOW COLUMNS FROM `pay_wttklist` [ RunTime:0.0010s ]
SQL: SELECT * FROM `pay_wttklist` WHERE `orderid` = 'H1225236570080782'  [ RunTime:0.0006s ]
SQL: SHOW COLUMNS FROM `pay_pay_for_another` [ RunTime:0.0081s ]
SQL: SELECT * FROM `pay_pay_for_another` WHERE `id` = 8 LIMIT 1   FOR UPDATE  [ RunTime:0.0006s ]
NOTIC: [2] hex2bin(): Input string must be hexadecimal string C:\work\juhe\Application\Payment\Controller\YHpayDfController.class.php 第 212 行.

[ 2019-01-07T11:20:23+08:00 ] 127.0.0.1 /Payment_YHpayDf_Query.html
INFO: [ app_init ] --START--
INFO: Run Behavior\BuildLiteBehavior [ RunTime:0.000009s ]
INFO: [ app_init ] --END-- [ RunTime:0.000035s ]
INFO: [ app_begin ] --START--
INFO: Run Behavior\ReadHtmlCacheBehavior [ RunTime:0.003180s ]
INFO: Run Behavior\CheckLangBehavior [ RunTime:0.002317s ]
INFO: [ app_begin ] --END-- [ RunTime:0.005612s ]
SQL: SHOW COLUMNS FROM `pay_wttklist` [ RunTime:0.0012s ]
SQL: SELECT * FROM `pay_wttklist` WHERE `orderid` = 'H1225236570080782'  [ RunTime:0.0017s ]
SQL: SHOW COLUMNS FROM `pay_pay_for_another` [ RunTime:0.0020s ]
SQL: SELECT * FROM `pay_pay_for_another` WHERE `id` = 8 LIMIT 1   FOR UPDATE  [ RunTime:0.0004s ]
NOTIC: [2] hex2bin(): Input string must be hexadecimal string C:\work\juhe\Application\Payment\Controller\YHpayDfController.class.php 第 210 行.

[ 2019-01-07T11:20:31+08:00 ] 127.0.0.1 /Payment_YHpayDf_Query.html
INFO: [ app_init ] --START--
INFO: Run Behavior\BuildLiteBehavior [ RunTime:0.000011s ]
INFO: [ app_init ] --END-- [ RunTime:0.000067s ]
INFO: [ app_begin ] --START--
INFO: Run Behavior\ReadHtmlCacheBehavior [ RunTime:0.000816s ]
INFO: Run Behavior\CheckLangBehavior [ RunTime:0.001323s ]
INFO: [ app_begin ] --END-- [ RunTime:0.002186s ]
SQL: SHOW COLUMNS FROM `pay_wttklist` [ RunTime:0.0009s ]
SQL: SELECT * FROM `pay_wttklist` WHERE `orderid` = 'H1225236570080782'  [ RunTime:0.0006s ]
SQL: SHOW COLUMNS FROM `pay_pay_for_another` [ RunTime:0.0007s ]
SQL: SELECT * FROM `pay_pay_for_another` WHERE `id` = 8 LIMIT 1   FOR UPDATE  [ RunTime:0.0005s ]
NOTIC: [2] hex2bin(): Input string must be hexadecimal string C:\work\juhe\Application\Payment\Controller\YHpayDfController.class.php 第 210 行.

[ 2019-01-07T11:20:58+08:00 ] 127.0.0.1 /Payment_YHpayDf_Query.html
INFO: [ app_init ] --START--
INFO: Run Behavior\BuildLiteBehavior [ RunTime:0.000008s ]
INFO: [ app_init ] --END-- [ RunTime:0.000040s ]
INFO: [ app_begin ] --START--
INFO: Run Behavior\ReadHtmlCacheBehavior [ RunTime:0.000943s ]
INFO: Run Behavior\CheckLangBehavior [ RunTime:0.001594s ]
INFO: [ app_begin ] --END-- [ RunTime:0.002623s ]
SQL: SHOW COLUMNS FROM `pay_wttklist` [ RunTime:0.0080s ]
SQL: SELECT * FROM `pay_wttklist` WHERE `orderid` = 'H1225236570080782'  [ RunTime:0.0017s ]
SQL: SHOW COLUMNS FROM `pay_pay_for_another` [ RunTime:0.0008s ]
SQL: SELECT * FROM `pay_pay_for_another` WHERE `id` = 8 LIMIT 1   FOR UPDATE  [ RunTime:0.0004s ]
NOTIC: [2] hex2bin(): Input string must be hexadecimal string C:\work\juhe\Application\Payment\Controller\YHpayDfController.class.php 第 210 行.

[ 2019-01-07T11:27:21+08:00 ] 127.0.0.1 /Payment_YHpayDf_Query.html
INFO: [ app_init ] --START--
INFO: Run Behavior\BuildLiteBehavior [ RunTime:0.000013s ]
INFO: [ app_init ] --END-- [ RunTime:0.000089s ]
INFO: [ app_begin ] --START--
INFO: Run Behavior\ReadHtmlCacheBehavior [ RunTime:0.000950s ]
INFO: Run Behavior\CheckLangBehavior [ RunTime:0.001533s ]
INFO: [ app_begin ] --END-- [ RunTime:0.002533s ]
SQL: SHOW COLUMNS FROM `pay_wttklist` [ RunTime:0.0011s ]
SQL: SELECT * FROM `pay_wttklist` WHERE `orderid` = 'H1225236570080782'  [ RunTime:0.0006s ]

[ 2019-01-07T11:27:39+08:00 ] 127.0.0.1 /Payment_YHpayDf_Query.html
INFO: [ app_init ] --START--
INFO: Run Behavior\BuildLiteBehavior [ RunTime:0.000009s ]
INFO: [ app_init ] --END-- [ RunTime:0.000041s ]
INFO: [ app_begin ] --START--
INFO: Run Behavior\ReadHtmlCacheBehavior [ RunTime:0.002333s ]
INFO: Run Behavior\CheckLangBehavior [ RunTime:0.001698s ]
INFO: [ app_begin ] --END-- [ RunTime:0.004174s ]
SQL: SHOW COLUMNS FROM `pay_wttklist` [ RunTime:0.0010s ]
SQL: SELECT * FROM `pay_wttklist` WHERE `orderid` = 'H1225236570080782'  [ RunTime:0.0006s ]
SQL: SHOW COLUMNS FROM `pay_pay_for_another` [ RunTime:0.0008s ]
SQL: SELECT * FROM `pay_pay_for_another` WHERE `id` = 8 LIMIT 1   FOR UPDATE  [ RunTime:0.0005s ]
NOTIC: [2] hex2bin(): Input string must be hexadecimal string C:\work\juhe\Application\Payment\Controller\YHpayDfController.class.php 第 195 行.

[ 2019-01-07T11:28:07+08:00 ] 127.0.0.1 /Payment_YHpayDf_Query.html
INFO: [ app_init ] --START--
INFO: Run Behavior\BuildLiteBehavior [ RunTime:0.000008s ]
INFO: [ app_init ] --END-- [ RunTime:0.000046s ]
INFO: [ app_begin ] --START--
INFO: Run Behavior\ReadHtmlCacheBehavior [ RunTime:0.001199s ]
INFO: Run Behavior\CheckLangBehavior [ RunTime:0.003165s ]
INFO: [ app_begin ] --END-- [ RunTime:0.004477s ]
SQL: SHOW COLUMNS FROM `pay_wttklist` [ RunTime:0.0008s ]
SQL: SELECT * FROM `pay_wttklist` WHERE `orderid` = 'H1225236570080782'  [ RunTime:0.0005s ]
SQL: SHOW COLUMNS FROM `pay_pay_for_another` [ RunTime:0.0007s ]
SQL: SELECT * FROM `pay_pay_for_another` WHERE `id` = 8 LIMIT 1   FOR UPDATE  [ RunTime:0.0059s ]
NOTIC: [2] hex2bin(): Input string must be hexadecimal string C:\work\juhe\Application\Payment\Controller\YHpayDfController.class.php 第 195 行.

[ 2019-01-07T11:28:41+08:00 ] 127.0.0.1 /Payment_YHpayDf_Query.html
INFO: [ app_init ] --START--
INFO: Run Behavior\BuildLiteBehavior [ RunTime:0.000012s ]
INFO: [ app_init ] --END-- [ RunTime:0.000069s ]
INFO: [ app_begin ] --START--
INFO: Run Behavior\ReadHtmlCacheBehavior [ RunTime:0.000869s ]
INFO: Run Behavior\CheckLangBehavior [ RunTime:0.001205s ]
INFO: [ app_begin ] --END-- [ RunTime:0.002122s ]
SQL: SHOW COLUMNS FROM `pay_wttklist` [ RunTime:0.0008s ]
SQL: SELECT * FROM `pay_wttklist` WHERE `orderid` = 'H1225236570080782'  [ RunTime:0.0006s ]
SQL: SHOW COLUMNS FROM `pay_pay_for_another` [ RunTime:0.0006s ]
SQL: SELECT * FROM `pay_pay_for_another` WHERE `id` = 8 LIMIT 1   FOR UPDATE  [ RunTime:0.0004s ]
NOTIC: [2] hex2bin(): Input string must be hexadecimal string C:\work\juhe\Application\Payment\Controller\YHpayDfController.class.php 第 195 行.

[ 2019-01-07T11:29:21+08:00 ] 127.0.0.1 /Payment_YHpayDf_Query.html
INFO: [ app_init ] --START--
INFO: Run Behavior\BuildLiteBehavior [ RunTime:0.000006s ]
INFO: [ app_init ] --END-- [ RunTime:0.000036s ]
INFO: [ app_begin ] --START--
INFO: Run Behavior\ReadHtmlCacheBehavior [ RunTime:0.002046s ]
INFO: Run Behavior\CheckLangBehavior [ RunTime:0.001367s ]
INFO: [ app_begin ] --END-- [ RunTime:0.003473s ]
SQL: SHOW COLUMNS FROM `pay_wttklist` [ RunTime:0.0008s ]
SQL: SELECT * FROM `pay_wttklist` WHERE `orderid` = 'H1225236570080782'  [ RunTime:0.0005s ]
SQL: SHOW COLUMNS FROM `pay_pay_for_another` [ RunTime:0.0006s ]
SQL: SELECT * FROM `pay_pay_for_another` WHERE `id` = 8 LIMIT 1   FOR UPDATE  [ RunTime:0.0004s ]
NOTIC: [2] hex2bin(): Input string must be hexadecimal string C:\work\juhe\Application\Payment\Controller\YHpayDfController.class.php 第 195 行.

