[ 2019-01-09T14:30:27+08:00 ] 127.0.0.1 /Payment_NMPayDf_Query.html
INFO: [ app_init ] --START--
INFO: Run Behavior\BuildLiteBehavior [ RunTime:0.000006s ]
INFO: [ app_init ] --END-- [ RunTime:0.000035s ]
INFO: [ app_begin ] --START--
INFO: Run Behavior\ReadHtmlCacheBehavior [ RunTime:0.000863s ]
INFO: Run Behavior\CheckLangBehavior [ RunTime:0.001377s ]
INFO: [ app_begin ] --END-- [ RunTime:0.002280s ]
SQL: SHOW COLUMNS FROM `pay_wttklist` [ RunTime:0.0015s ]
SQL: SELECT * FROM `pay_wttklist` WHERE `code` = 'NMPayDf' AND `status` = 1  [ RunTime:0.0029s ]

[ 2019-01-09T14:41:24+08:00 ] 127.0.0.1 /Payment_NMPayDf_Query.html
INFO: [ app_init ] --START--
INFO: Run Behavior\BuildLiteBehavior [ RunTime:0.000013s ]
INFO: [ app_init ] --END-- [ RunTime:0.000056s ]
INFO: [ app_begin ] --START--
INFO: Run Behavior\ReadHtmlCacheBehavior [ RunTime:0.000781s ]
INFO: Run Behavior\CheckLangBehavior [ RunTime:0.001117s ]
INFO: [ app_begin ] --END-- [ RunTime:0.001936s ]
SQL: SHOW COLUMNS FROM `pay_wttklist` [ RunTime:0.0010s ]
SQL: SELECT * FROM `pay_wttklist` WHERE `code` = 'NMPayDf' AND `status` = 1  [ RunTime:0.0006s ]
SQL: SHOW COLUMNS FROM `pay_pay_for_another` [ RunTime:0.0005s ]
SQL: SELECT * FROM `pay_pay_for_another` WHERE `id` = 8 LIMIT 1   FOR UPDATE  [ RunTime:0.0004s ]
INFO: [ app_end ] --START--
INFO: Run Behavior\ShowPageTraceBehavior [ RunTime:0.004561s ]
INFO: [ app_end ] --END-- [ RunTime:0.004685s ]

