[ 2018-12-27T14:33:59+08:00 ] 127.0.0.1 /Pay_pay_test1.html
INFO: [ app_init ] --START--
INFO: Run Behavior\BuildLiteBehavior [ RunTime:0.000013s ]
INFO: [ app_init ] --END-- [ RunTime:0.000288s ]
INFO: [ app_begin ] --START--
INFO: Run Behavior\ReadHtmlCacheBehavior [ RunTime:0.000980s ]
INFO: Run Behavior\CheckLangBehavior [ RunTime:0.002261s ]
INFO: [ app_begin ] --END-- [ RunTime:0.003279s ]

[ 2018-12-27T14:34:14+08:00 ] 127.0.0.1 /Pay_pay_test1.html
INFO: [ app_init ] --START--
INFO: Run Behavior\BuildLiteBehavior [ RunTime:0.000005s ]
INFO: [ app_init ] --END-- [ RunTime:0.000026s ]
INFO: [ app_begin ] --START--
INFO: Run Behavior\ReadHtmlCacheBehavior [ RunTime:0.000700s ]
INFO: Run Behavior\CheckLangBehavior [ RunTime:0.001057s ]
INFO: [ app_begin ] --END-- [ RunTime:0.001794s ]

[ 2018-12-27T14:37:41+08:00 ] 127.0.0.1 /Pay_pay_test1.html
INFO: [ app_init ] --START--
INFO: Run Behavior\BuildLiteBehavior [ RunTime:0.000008s ]
INFO: [ app_init ] --END-- [ RunTime:0.000031s ]
INFO: [ app_begin ] --START--
INFO: Run Behavior\ReadHtmlCacheBehavior [ RunTime:0.000809s ]
INFO: Run Behavior\CheckLangBehavior [ RunTime:0.001195s ]
INFO: [ app_begin ] --END-- [ RunTime:0.002068s ]

[ 2018-12-27T14:37:48+08:00 ] 127.0.0.1 /Pay_pay_test1.html
INFO: [ app_init ] --START--
INFO: Run Behavior\BuildLiteBehavior [ RunTime:0.000006s ]
INFO: [ app_init ] --END-- [ RunTime:0.000035s ]
INFO: [ app_begin ] --START--
INFO: Run Behavior\ReadHtmlCacheBehavior [ RunTime:0.000780s ]
INFO: Run Behavior\CheckLangBehavior [ RunTime:0.001193s ]
INFO: [ app_begin ] --END-- [ RunTime:0.002012s ]
NOTIC: [8] Undefined variable: data C:\work\juhe\Application\Pay\Controller\PayController.class.php 第 39 行.
NOTIC: [8] Undefined variable: data C:\work\juhe\Application\Pay\Controller\PayController.class.php 第 40 行.

[ 2018-12-27T14:38:11+08:00 ] 127.0.0.1 /Pay_pay_test1.html
INFO: [ app_init ] --START--
INFO: Run Behavior\BuildLiteBehavior [ RunTime:0.000005s ]
INFO: [ app_init ] --END-- [ RunTime:0.000025s ]
INFO: [ app_begin ] --START--
INFO: Run Behavior\ReadHtmlCacheBehavior [ RunTime:0.000750s ]
INFO: Run Behavior\CheckLangBehavior [ RunTime:0.001097s ]
INFO: [ app_begin ] --END-- [ RunTime:0.001887s ]

[ 2018-12-27T14:38:12+08:00 ] 127.0.0.1 /Pay_pay_test1.html
INFO: [ app_init ] --START--
INFO: Run Behavior\BuildLiteBehavior [ RunTime:0.000004s ]
INFO: [ app_init ] --END-- [ RunTime:0.000024s ]
INFO: [ app_begin ] --START--
INFO: Run Behavior\ReadHtmlCacheBehavior [ RunTime:0.000851s ]
INFO: Run Behavior\CheckLangBehavior [ RunTime:0.001206s ]
INFO: [ app_begin ] --END-- [ RunTime:0.002110s ]

[ 2018-12-27T14:38:42+08:00 ] 127.0.0.1 /Pay_pay_test1.html
INFO: [ app_init ] --START--
INFO: Run Behavior\BuildLiteBehavior [ RunTime:0.000007s ]
INFO: [ app_init ] --END-- [ RunTime:0.000040s ]
INFO: [ app_begin ] --START--
INFO: Run Behavior\ReadHtmlCacheBehavior [ RunTime:0.000677s ]
INFO: Run Behavior\CheckLangBehavior [ RunTime:0.001092s ]
INFO: [ app_begin ] --END-- [ RunTime:0.001806s ]

[ 2018-12-27T14:38:53+08:00 ] 127.0.0.1 /Pay_pay_test1.html
INFO: [ app_init ] --START--
INFO: Run Behavior\BuildLiteBehavior [ RunTime:0.000007s ]
INFO: [ app_init ] --END-- [ RunTime:0.000038s ]
INFO: [ app_begin ] --START--
INFO: Run Behavior\ReadHtmlCacheBehavior [ RunTime:0.000683s ]
INFO: Run Behavior\CheckLangBehavior [ RunTime:0.001173s ]
INFO: [ app_begin ] --END-- [ RunTime:0.001912s ]

