[ 2018-12-01T17:53:29+08:00 ] 127.0.0.1 /Pay_Charges_test_mid_10112.html
INFO: [ app_init ] --START--
INFO: Run Behavior\BuildLiteBehavior [ RunTime:0.000005s ]
INFO: [ app_init ] --END-- [ RunTime:0.000027s ]
INFO: [ app_begin ] --START--
INFO: Run Behavior\ReadHtmlCacheBehavior [ RunTime:0.000698s ]
INFO: Run Behavior\CheckLangBehavior [ RunTime:0.001072s ]
INFO: [ app_begin ] --END-- [ RunTime:0.001806s ]
SQL: SHOW COLUMNS FROM `pay_product` [ RunTime:0.0007s ]
SQL: SELECT * FROM `pay_product` WHERE `isdisplay` = 1 AND `status` = 1  [ RunTime:0.0004s ]
SQL: SELECT * FROM `pay_product` WHERE `isdisplay` = 1 AND `status` = 1  [ RunTime:0.0003s ]
INFO: [ view_parse ] --START--
INFO: [ template_filter ] --START--
INFO: Run Behavior\ContentReplaceBehavior [ RunTime:0.000025s ]
INFO: [ template_filter ] --END-- [ RunTime:0.000048s ]
NOTIC: [8] Undefined variable: siteurl C:\work\juhe\Runtime\Cache\Pay\fefb51bba43500453344a526b2b293b1.php 第 12 行.
NOTIC: [8] Undefined variable: siteurl C:\work\juhe\Runtime\Cache\Pay\fefb51bba43500453344a526b2b293b1.php 第 13 行.
NOTIC: [8] Undefined variable: siteurl C:\work\juhe\Runtime\Cache\Pay\fefb51bba43500453344a526b2b293b1.php 第 15 行.
NOTIC: [8] Undefined variable: siteurl C:\work\juhe\Runtime\Cache\Pay\fefb51bba43500453344a526b2b293b1.php 第 16 行.
NOTIC: [8] Undefined variable: siteurl C:\work\juhe\Runtime\Cache\Pay\fefb51bba43500453344a526b2b293b1.php 第 18 行.
NOTIC: [8] Undefined variable: siteurl C:\work\juhe\Runtime\Cache\Pay\fefb51bba43500453344a526b2b293b1.php 第 19 行.
NOTIC: [8] Undefined variable: siteurl C:\work\juhe\Runtime\Cache\Pay\fefb51bba43500453344a526b2b293b1.php 第 21 行.
NOTIC: [8] Undefined variable: siteurl C:\work\juhe\Runtime\Cache\Pay\fefb51bba43500453344a526b2b293b1.php 第 111 行.
NOTIC: [8] Undefined variable: siteurl C:\work\juhe\Runtime\Cache\Pay\fefb51bba43500453344a526b2b293b1.php 第 113 行.
NOTIC: [8] Undefined variable: siteurl C:\work\juhe\Runtime\Cache\Pay\fefb51bba43500453344a526b2b293b1.php 第 115 行.
NOTIC: [8] Undefined variable: siteurl C:\work\juhe\Runtime\Cache\Pay\fefb51bba43500453344a526b2b293b1.php 第 117 行.
NOTIC: [8] Undefined variable: siteurl C:\work\juhe\Runtime\Cache\Pay\fefb51bba43500453344a526b2b293b1.php 第 119 行.
NOTIC: [8] Undefined variable: siteurl C:\work\juhe\Runtime\Cache\Pay\fefb51bba43500453344a526b2b293b1.php 第 120 行.
NOTIC: [8] Undefined variable: siteurl C:\work\juhe\Runtime\Cache\Pay\fefb51bba43500453344a526b2b293b1.php 第 122 行.
NOTIC: [8] Undefined variable: siteurl C:\work\juhe\Runtime\Cache\Pay\fefb51bba43500453344a526b2b293b1.php 第 123 行.
INFO: Run Behavior\ParseTemplateBehavior [ RunTime:0.023017s ]
INFO: [ view_parse ] --END-- [ RunTime:0.023037s ]
INFO: [ view_filter ] --START--
INFO: Run Behavior\WriteHtmlCacheBehavior [ RunTime:0.000696s ]
INFO: Run Behavior\TokenBuildBehavior [ RunTime:0.000947s ]
INFO: [ view_filter ] --END-- [ RunTime:0.001681s ]
INFO: [ app_end ] --START--
INFO: Run Behavior\ShowPageTraceBehavior [ RunTime:0.000774s ]
INFO: [ app_end ] --END-- [ RunTime:0.000791s ]

[ 2018-12-01T17:53:32+08:00 ] 127.0.0.1 /Pay_Charges_checkmd5str.html
INFO: [ app_init ] --START--
INFO: Run Behavior\BuildLiteBehavior [ RunTime:0.000004s ]
INFO: [ app_init ] --END-- [ RunTime:0.000025s ]
INFO: [ app_begin ] --START--
INFO: Run Behavior\ReadHtmlCacheBehavior [ RunTime:0.000866s ]
INFO: Run Behavior\CheckLangBehavior [ RunTime:0.001387s ]
INFO: [ app_begin ] --END-- [ RunTime:0.002292s ]
SQL: SHOW COLUMNS FROM `pay_member` [ RunTime:0.0026s ]
SQL: SELECT `apikey` FROM `pay_member` WHERE `id` = 112 LIMIT 1   [ RunTime:0.0005s ]
INFO: [ app_end ] --START--
INFO: Run Behavior\ShowPageTraceBehavior [ RunTime:0.001851s ]
INFO: [ app_end ] --END-- [ RunTime:0.001879s ]

[ 2018-12-01T17:53:32+08:00 ] 127.0.0.1 /Pay_Charges_checkmd5str.html
INFO: [ app_init ] --START--
INFO: Run Behavior\BuildLiteBehavior [ RunTime:0.000004s ]
INFO: [ app_init ] --END-- [ RunTime:0.000024s ]
INFO: [ app_begin ] --START--
INFO: Run Behavior\ReadHtmlCacheBehavior [ RunTime:0.000675s ]
INFO: Run Behavior\CheckLangBehavior [ RunTime:0.001106s ]
INFO: [ app_begin ] --END-- [ RunTime:0.001814s ]
SQL: SHOW COLUMNS FROM `pay_member` [ RunTime:0.0009s ]
SQL: SELECT `apikey` FROM `pay_member` WHERE `id` = 112 LIMIT 1   [ RunTime:0.0004s ]
INFO: [ app_end ] --START--
INFO: Run Behavior\ShowPageTraceBehavior [ RunTime:0.000864s ]
INFO: [ app_end ] --END-- [ RunTime:0.000881s ]

[ 2018-12-01T17:53:33+08:00 ] 127.0.0.1 /Pay_Charges_checkmd5str.html
INFO: [ app_init ] --START--
INFO: Run Behavior\BuildLiteBehavior [ RunTime:0.000005s ]
INFO: [ app_init ] --END-- [ RunTime:0.000026s ]
INFO: [ app_begin ] --START--
INFO: Run Behavior\ReadHtmlCacheBehavior [ RunTime:0.000688s ]
INFO: Run Behavior\CheckLangBehavior [ RunTime:0.001106s ]
INFO: [ app_begin ] --END-- [ RunTime:0.001827s ]
SQL: SHOW COLUMNS FROM `pay_member` [ RunTime:0.0008s ]
SQL: SELECT `apikey` FROM `pay_member` WHERE `id` = 112 LIMIT 1   [ RunTime:0.0003s ]
INFO: [ app_end ] --START--
INFO: Run Behavior\ShowPageTraceBehavior [ RunTime:0.000875s ]
INFO: [ app_end ] --END-- [ RunTime:0.000892s ]

[ 2018-12-01T17:53:35+08:00 ] 127.0.0.1 /Pay_index.html
INFO: [ app_init ] --START--
INFO: Run Behavior\BuildLiteBehavior [ RunTime:0.000006s ]
INFO: [ app_init ] --END-- [ RunTime:0.000028s ]
INFO: [ app_begin ] --START--
INFO: Run Behavior\ReadHtmlCacheBehavior [ RunTime:0.001374s ]
INFO: Run Behavior\CheckLangBehavior [ RunTime:0.001672s ]
INFO: [ app_begin ] --END-- [ RunTime:0.003150s ]
SQL: SHOW COLUMNS FROM `pay_websiteconfig` [ RunTime:0.0007s ]
SQL: SELECT `is_repeat_order` FROM `pay_websiteconfig` LIMIT 1   [ RunTime:0.0004s ]
SQL: SHOW COLUMNS FROM `pay_user_riskcontrol_config` [ RunTime:0.0060s ]
SQL: SHOW COLUMNS FROM `pay_member` [ RunTime:0.0009s ]
SQL: SELECT `id`,`unit_paying_number`,`unit_frist_paying_time`,`unit_paying_amount`,`paying_money`,`last_paying_time` FROM `pay_member` WHERE `id` = 112 LIMIT 1   [ RunTime:0.0004s ]
SQL: SELECT * FROM `pay_user_riskcontrol_config` WHERE `user_id` = 112 AND `status` = 1 LIMIT 1   [ RunTime:0.0006s ]
SQL: SELECT * FROM `pay_user_riskcontrol_config` WHERE `is_system` = 1 AND `status` = 1 LIMIT 1   [ RunTime:0.0004s ]
SQL: SHOW COLUMNS FROM `pay_product` [ RunTime:0.0005s ]
SQL: SELECT COUNT(*) AS tp_count FROM `pay_product` WHERE `id` = 904 AND `status` = 1 LIMIT 1   [ RunTime:0.0003s ]
SQL: SHOW COLUMNS FROM `pay_product_user` [ RunTime:0.0006s ]
SQL: SELECT * FROM `pay_product_user` WHERE `pid` = 904 AND `userid` = 112 AND `status` = 1 LIMIT 1   [ RunTime:0.0004s ]
SQL: SHOW COLUMNS FROM `pay_channel` [ RunTime:0.0006s ]
SQL: SELECT * FROM `pay_channel` WHERE `id` = 261 LIMIT 1   [ RunTime:0.0004s ]
SQL: SELECT * FROM `pay_channel` WHERE `id` = 261 AND `status` = 1 LIMIT 1   [ RunTime:0.0004s ]
SQL: SHOW COLUMNS FROM `pay_member` [ RunTime:0.0008s ]
SQL: SELECT * FROM `pay_member` WHERE `id` = 112 LIMIT 1   [ RunTime:0.0005s ]
SQL: SHOW COLUMNS FROM `pay_userrate` [ RunTime:0.0014s ]
SQL: SELECT * FROM `pay_userrate` WHERE `userid` = 112 AND `payapiid` = 904 LIMIT 1   [ RunTime:0.0006s ]
SQL: SELECT * FROM `pay_channel` WHERE `id` = 261 LIMIT 1   [ RunTime:0.0004s ]
SQL: SHOW COLUMNS FROM `pay_channel_account` [ RunTime:0.0014s ]
SQL: SELECT * FROM `pay_channel_account` WHERE `channel_id` = 261 AND `status` = 1  [ RunTime:0.0006s ]
SQL: SHOW COLUMNS FROM `pay_channel_account` [ RunTime:0.0006s ]
SQL: SELECT * FROM `pay_product` WHERE `id` = 904 LIMIT 1   [ RunTime:0.0003s ]
SQL: SHOW COLUMNS FROM `pay_order` [ RunTime:0.0007s ]
SQL: SELECT * FROM `pay_order` WHERE `out_trade_id` = 'E2018120117532964809650' LIMIT 1   [ RunTime:0.0004s ]
SQL: INSERT INTO `pay_order` (`pay_memberid`,`pay_orderid`,`pay_amount`,`pay_poundage`,`pay_actualamount`,`pay_applydate`,`pay_bankcode`,`pay_bankname`,`pay_notifyurl`,`pay_callbackurl`,`pay_status`,`pay_tongdao`,`pay_zh_tongdao`,`pay_channel_account`,`pay_ytongdao`,`pay_yzh_tongdao`,`pay_tjurl`,`pay_productname`,`attach`,`out_trade_id`,`ddlx`,`memberid`,`key`,`account`,`cost`,`cost_rate`,`channel_id`,`account_id`) VALUES ('10112','20181201175335102485','100','2','98','1543658015','904','支付宝手机（WAP）','http://www.dlaravel.com/','http://www.dlaravel.com/admin/login','0','YYpayWap','云易支付支付宝Wap','云易支付','YYpayWap','收银台支付（云易支付支付宝wap）','http://www.juhe.com/Pay_Charges_test_mid_10112.html','','','E2018120117532964809650','0','NMZF_69','22ee91a053dd315d5959d329770c2818','','0.00','0.0000','261','421') [ RunTime:0.0010s ]
INFO: [ app_end ] --START--
INFO: Run Behavior\ShowPageTraceBehavior [ RunTime:0.000802s ]
INFO: [ app_end ] --END-- [ RunTime:0.000822s ]

[ 2018-12-01T17:55:01+08:00 ] 127.0.0.1 /Pay_Charges_test_mid_10112.html
INFO: [ app_init ] --START--
INFO: Run Behavior\BuildLiteBehavior [ RunTime:0.000003s ]
INFO: [ app_init ] --END-- [ RunTime:0.000024s ]
INFO: [ app_begin ] --START--
INFO: Run Behavior\ReadHtmlCacheBehavior [ RunTime:0.000926s ]
INFO: Run Behavior\CheckLangBehavior [ RunTime:0.001366s ]
INFO: [ app_begin ] --END-- [ RunTime:0.002351s ]
SQL: SHOW COLUMNS FROM `pay_product` [ RunTime:0.0007s ]
SQL: SELECT * FROM `pay_product` WHERE `isdisplay` = 1 AND `status` = 1  [ RunTime:0.0004s ]
SQL: SELECT * FROM `pay_product` WHERE `isdisplay` = 1 AND `status` = 1  [ RunTime:0.0003s ]
INFO: [ view_parse ] --START--
INFO: [ template_filter ] --START--
INFO: Run Behavior\ContentReplaceBehavior [ RunTime:0.000024s ]
INFO: [ template_filter ] --END-- [ RunTime:0.000043s ]
NOTIC: [8] Undefined variable: siteurl C:\work\juhe\Runtime\Cache\Pay\fefb51bba43500453344a526b2b293b1.php 第 12 行.
NOTIC: [8] Undefined variable: siteurl C:\work\juhe\Runtime\Cache\Pay\fefb51bba43500453344a526b2b293b1.php 第 13 行.
NOTIC: [8] Undefined variable: siteurl C:\work\juhe\Runtime\Cache\Pay\fefb51bba43500453344a526b2b293b1.php 第 15 行.
NOTIC: [8] Undefined variable: siteurl C:\work\juhe\Runtime\Cache\Pay\fefb51bba43500453344a526b2b293b1.php 第 16 行.
NOTIC: [8] Undefined variable: siteurl C:\work\juhe\Runtime\Cache\Pay\fefb51bba43500453344a526b2b293b1.php 第 18 行.
NOTIC: [8] Undefined variable: siteurl C:\work\juhe\Runtime\Cache\Pay\fefb51bba43500453344a526b2b293b1.php 第 19 行.
NOTIC: [8] Undefined variable: siteurl C:\work\juhe\Runtime\Cache\Pay\fefb51bba43500453344a526b2b293b1.php 第 21 行.
NOTIC: [8] Undefined variable: siteurl C:\work\juhe\Runtime\Cache\Pay\fefb51bba43500453344a526b2b293b1.php 第 111 行.
NOTIC: [8] Undefined variable: siteurl C:\work\juhe\Runtime\Cache\Pay\fefb51bba43500453344a526b2b293b1.php 第 113 行.
NOTIC: [8] Undefined variable: siteurl C:\work\juhe\Runtime\Cache\Pay\fefb51bba43500453344a526b2b293b1.php 第 115 行.
NOTIC: [8] Undefined variable: siteurl C:\work\juhe\Runtime\Cache\Pay\fefb51bba43500453344a526b2b293b1.php 第 117 行.
NOTIC: [8] Undefined variable: siteurl C:\work\juhe\Runtime\Cache\Pay\fefb51bba43500453344a526b2b293b1.php 第 119 行.
NOTIC: [8] Undefined variable: siteurl C:\work\juhe\Runtime\Cache\Pay\fefb51bba43500453344a526b2b293b1.php 第 120 行.
NOTIC: [8] Undefined variable: siteurl C:\work\juhe\Runtime\Cache\Pay\fefb51bba43500453344a526b2b293b1.php 第 122 行.
NOTIC: [8] Undefined variable: siteurl C:\work\juhe\Runtime\Cache\Pay\fefb51bba43500453344a526b2b293b1.php 第 123 行.
INFO: Run Behavior\ParseTemplateBehavior [ RunTime:0.005271s ]
INFO: [ view_parse ] --END-- [ RunTime:0.005287s ]
INFO: [ view_filter ] --START--
INFO: Run Behavior\WriteHtmlCacheBehavior [ RunTime:0.000556s ]
INFO: Run Behavior\TokenBuildBehavior [ RunTime:0.000894s ]
INFO: [ view_filter ] --END-- [ RunTime:0.001481s ]
INFO: [ app_end ] --START--
INFO: Run Behavior\ShowPageTraceBehavior [ RunTime:0.000720s ]
INFO: [ app_end ] --END-- [ RunTime:0.000737s ]

[ 2018-12-01T17:55:04+08:00 ] 127.0.0.1 /Pay_Charges_checkmd5str.html
INFO: [ app_init ] --START--
INFO: Run Behavior\BuildLiteBehavior [ RunTime:0.000018s ]
INFO: [ app_init ] --END-- [ RunTime:0.000126s ]
INFO: [ app_begin ] --START--
INFO: Run Behavior\ReadHtmlCacheBehavior [ RunTime:0.000706s ]
INFO: Run Behavior\CheckLangBehavior [ RunTime:0.001101s ]
INFO: [ app_begin ] --END-- [ RunTime:0.001843s ]
SQL: SHOW COLUMNS FROM `pay_member` [ RunTime:0.0008s ]
SQL: SELECT `apikey` FROM `pay_member` WHERE `id` = 112 LIMIT 1   [ RunTime:0.0003s ]
INFO: [ app_end ] --START--
INFO: Run Behavior\ShowPageTraceBehavior [ RunTime:0.000816s ]
INFO: [ app_end ] --END-- [ RunTime:0.000836s ]

[ 2018-12-01T17:55:04+08:00 ] 127.0.0.1 /Pay_Charges_checkmd5str.html
INFO: [ app_init ] --START--
INFO: Run Behavior\BuildLiteBehavior [ RunTime:0.000004s ]
INFO: [ app_init ] --END-- [ RunTime:0.000024s ]
INFO: [ app_begin ] --START--
INFO: Run Behavior\ReadHtmlCacheBehavior [ RunTime:0.000687s ]
INFO: Run Behavior\CheckLangBehavior [ RunTime:0.001070s ]
INFO: [ app_begin ] --END-- [ RunTime:0.001789s ]
SQL: SHOW COLUMNS FROM `pay_member` [ RunTime:0.0008s ]
SQL: SELECT `apikey` FROM `pay_member` WHERE `id` = 112 LIMIT 1   [ RunTime:0.0003s ]
INFO: [ app_end ] --START--
INFO: Run Behavior\ShowPageTraceBehavior [ RunTime:0.000862s ]
INFO: [ app_end ] --END-- [ RunTime:0.000879s ]

[ 2018-12-01T17:55:04+08:00 ] 127.0.0.1 /Pay_Charges_checkmd5str.html
INFO: [ app_init ] --START--
INFO: Run Behavior\BuildLiteBehavior [ RunTime:0.000004s ]
INFO: [ app_init ] --END-- [ RunTime:0.000027s ]
INFO: [ app_begin ] --START--
INFO: Run Behavior\ReadHtmlCacheBehavior [ RunTime:0.000688s ]
INFO: Run Behavior\CheckLangBehavior [ RunTime:0.001085s ]
INFO: [ app_begin ] --END-- [ RunTime:0.001807s ]
SQL: SHOW COLUMNS FROM `pay_member` [ RunTime:0.0039s ]
SQL: SELECT `apikey` FROM `pay_member` WHERE `id` = 112 LIMIT 1   [ RunTime:0.0148s ]
INFO: [ app_end ] --START--
INFO: Run Behavior\ShowPageTraceBehavior [ RunTime:0.002109s ]
INFO: [ app_end ] --END-- [ RunTime:0.002158s ]

[ 2018-12-01T17:55:06+08:00 ] 127.0.0.1 /Pay_index.html
INFO: [ app_init ] --START--
INFO: Run Behavior\BuildLiteBehavior [ RunTime:0.000005s ]
INFO: [ app_init ] --END-- [ RunTime:0.000031s ]
INFO: [ app_begin ] --START--
INFO: Run Behavior\ReadHtmlCacheBehavior [ RunTime:0.000695s ]
INFO: Run Behavior\CheckLangBehavior [ RunTime:0.001124s ]
INFO: [ app_begin ] --END-- [ RunTime:0.001862s ]
SQL: SHOW COLUMNS FROM `pay_websiteconfig` [ RunTime:0.0006s ]
SQL: SELECT `is_repeat_order` FROM `pay_websiteconfig` LIMIT 1   [ RunTime:0.0003s ]
SQL: SHOW COLUMNS FROM `pay_user_riskcontrol_config` [ RunTime:0.0022s ]
SQL: SHOW COLUMNS FROM `pay_member` [ RunTime:0.0007s ]
SQL: SELECT `id`,`unit_paying_number`,`unit_frist_paying_time`,`unit_paying_amount`,`paying_money`,`last_paying_time` FROM `pay_member` WHERE `id` = 112 LIMIT 1   [ RunTime:0.0004s ]
SQL: SELECT * FROM `pay_user_riskcontrol_config` WHERE `user_id` = 112 AND `status` = 1 LIMIT 1   [ RunTime:0.0003s ]
SQL: SELECT * FROM `pay_user_riskcontrol_config` WHERE `is_system` = 1 AND `status` = 1 LIMIT 1   [ RunTime:0.0003s ]
SQL: SHOW COLUMNS FROM `pay_product` [ RunTime:0.0005s ]
SQL: SELECT COUNT(*) AS tp_count FROM `pay_product` WHERE `id` = 904 AND `status` = 1 LIMIT 1   [ RunTime:0.0003s ]
SQL: SHOW COLUMNS FROM `pay_product_user` [ RunTime:0.0006s ]
SQL: SELECT * FROM `pay_product_user` WHERE `pid` = 904 AND `userid` = 112 AND `status` = 1 LIMIT 1   [ RunTime:0.0009s ]
SQL: SHOW COLUMNS FROM `pay_channel` [ RunTime:0.0008s ]
SQL: SELECT * FROM `pay_channel` WHERE `id` = 261 LIMIT 1   [ RunTime:0.0004s ]
SQL: SELECT * FROM `pay_channel` WHERE `id` = 261 AND `status` = 1 LIMIT 1   [ RunTime:0.0004s ]
SQL: SHOW COLUMNS FROM `pay_member` [ RunTime:0.0007s ]
SQL: SELECT * FROM `pay_member` WHERE `id` = 112 LIMIT 1   [ RunTime:0.0004s ]
SQL: SHOW COLUMNS FROM `pay_userrate` [ RunTime:0.0005s ]
SQL: SELECT * FROM `pay_userrate` WHERE `userid` = 112 AND `payapiid` = 904 LIMIT 1   [ RunTime:0.0003s ]
SQL: SELECT * FROM `pay_channel` WHERE `id` = 261 LIMIT 1   [ RunTime:0.0003s ]
SQL: SHOW COLUMNS FROM `pay_channel_account` [ RunTime:0.0015s ]
SQL: SELECT * FROM `pay_channel_account` WHERE `channel_id` = 261 AND `status` = 1  [ RunTime:0.0004s ]
SQL: SHOW COLUMNS FROM `pay_channel_account` [ RunTime:0.0007s ]
SQL: SELECT * FROM `pay_product` WHERE `id` = 904 LIMIT 1   [ RunTime:0.0004s ]
SQL: SHOW COLUMNS FROM `pay_order` [ RunTime:0.0020s ]
SQL: SELECT * FROM `pay_order` WHERE `out_trade_id` = 'E2018120117550163435054' LIMIT 1   [ RunTime:0.0004s ]
SQL: INSERT INTO `pay_order` (`pay_memberid`,`pay_orderid`,`pay_amount`,`pay_poundage`,`pay_actualamount`,`pay_applydate`,`pay_bankcode`,`pay_bankname`,`pay_notifyurl`,`pay_callbackurl`,`pay_status`,`pay_tongdao`,`pay_zh_tongdao`,`pay_channel_account`,`pay_ytongdao`,`pay_yzh_tongdao`,`pay_tjurl`,`pay_productname`,`attach`,`out_trade_id`,`ddlx`,`memberid`,`key`,`account`,`cost`,`cost_rate`,`channel_id`,`account_id`) VALUES ('10112','20181201175506975157','100','1','99','1543658106','904','支付宝手机（WAP）','http://www.dlaravel.com/','http://www.dlaravel.com/admin/login','0','YYpayWap','云易支付支付宝Wap','云易支付','YYpayWap','收银台支付（云易支付支付宝wap）','http://www.juhe.com/Pay_Charges_test_mid_10112.html','','','E2018120117550163435054','0','NMZF_69','22ee91a053dd315d5959d329770c2818','','0.00','0.0000','261','421') [ RunTime:0.0004s ]
INFO: [ app_end ] --START--
INFO: Run Behavior\ShowPageTraceBehavior [ RunTime:0.001478s ]
INFO: [ app_end ] --END-- [ RunTime:0.001529s ]

