[ 2019-01-04T09:28:25+08:00 ] 127.0.0.1 /Pay_JFpaysm_notifyurl.html?appid=123
INFO: [ app_init ] --START--
INFO: Run Behavior\BuildLiteBehavior [ RunTime:0.000006s ]
INFO: [ app_init ] --END-- [ RunTime:0.000040s ]
INFO: [ app_begin ] --START--
INFO: Run Behavior\ReadHtmlCacheBehavior [ RunTime:0.002185s ]
INFO: Run Behavior\CheckLangBehavior [ RunTime:0.003695s ]
INFO: [ app_begin ] --END-- [ RunTime:0.005982s ]
NOTIC: [8] Undefined index: status C:\work\juhe\Application\Pay\Controller\JFpaysmController.class.php 第 123 行.

[ 2019-01-04T09:28:52+08:00 ] 127.0.0.1 /Pay_JFpaysm_notifyurl.html?appid=123
INFO: [ app_init ] --START--
INFO: Run Behavior\BuildLiteBehavior [ RunTime:0.000006s ]
INFO: [ app_init ] --END-- [ RunTime:0.000030s ]
INFO: [ app_begin ] --START--
INFO: Run Behavior\ReadHtmlCacheBehavior [ RunTime:0.000801s ]
INFO: Run Behavior\CheckLangBehavior [ RunTime:0.001261s ]
INFO: [ app_begin ] --END-- [ RunTime:0.002100s ]
NOTIC: [8] Undefined index: status C:\work\juhe\Application\Pay\Controller\JFpaysmController.class.php 第 123 行.

[ 2019-01-04T09:29:19+08:00 ] 127.0.0.1 /Pay_JFpaysm_notifyurl.html?appid=123&mch_id=1212
INFO: [ app_init ] --START--
INFO: Run Behavior\BuildLiteBehavior [ RunTime:0.000006s ]
INFO: [ app_init ] --END-- [ RunTime:0.000032s ]
INFO: [ app_begin ] --START--
INFO: Run Behavior\ReadHtmlCacheBehavior [ RunTime:0.000788s ]
INFO: Run Behavior\CheckLangBehavior [ RunTime:0.001113s ]
INFO: [ app_begin ] --END-- [ RunTime:0.001943s ]
NOTIC: [8] Undefined index: status C:\work\juhe\Application\Pay\Controller\JFpaysmController.class.php 第 123 行.

[ 2019-01-04T09:30:29+08:00 ] 127.0.0.1 /Pay_JFpaysm_notifyurl.html?appid=123&mch_id=1212
INFO: [ app_init ] --START--
INFO: Run Behavior\BuildLiteBehavior [ RunTime:0.000006s ]
INFO: [ app_init ] --END-- [ RunTime:0.000034s ]
INFO: [ app_begin ] --START--
INFO: Run Behavior\ReadHtmlCacheBehavior [ RunTime:0.000895s ]
INFO: Run Behavior\CheckLangBehavior [ RunTime:0.001546s ]
INFO: [ app_begin ] --END-- [ RunTime:0.002483s ]
NOTIC: [8] Undefined index: status C:\work\juhe\Application\Pay\Controller\JFpaysmController.class.php 第 123 行.

[ 2019-01-04T09:30:40+08:00 ] 127.0.0.1 /Pay_JFpaysm_notifyurl.html
INFO: [ app_init ] --START--
INFO: Run Behavior\BuildLiteBehavior [ RunTime:0.000005s ]
INFO: [ app_init ] --END-- [ RunTime:0.000029s ]
INFO: [ app_begin ] --START--
INFO: Run Behavior\ReadHtmlCacheBehavior [ RunTime:0.000871s ]
INFO: Run Behavior\CheckLangBehavior [ RunTime:0.001266s ]
INFO: [ app_begin ] --END-- [ RunTime:0.002184s ]
NOTIC: [8] Undefined index: status C:\work\juhe\Application\Pay\Controller\JFpaysmController.class.php 第 123 行.

[ 2019-01-04T09:30:57+08:00 ] 127.0.0.1 /Pay_JFpaysm_notifyurl.html?m=%E5%95%8A%E5%95%8A
INFO: [ app_init ] --START--
INFO: Run Behavior\BuildLiteBehavior [ RunTime:0.000007s ]
INFO: [ app_init ] --END-- [ RunTime:0.000034s ]
INFO: [ app_begin ] --START--
INFO: Run Behavior\ReadHtmlCacheBehavior [ RunTime:0.002584s ]
INFO: Run Behavior\CheckLangBehavior [ RunTime:0.001836s ]
INFO: [ app_begin ] --END-- [ RunTime:0.004584s ]
NOTIC: [8] Undefined index: status C:\work\juhe\Application\Pay\Controller\JFpaysmController.class.php 第 123 行.

[ 2019-01-04T09:31:31+08:00 ] 127.0.0.1 /Pay_JFpaysm_notifyurl.html?m=%E5%95%8A%E5%95%8A
INFO: [ app_init ] --START--
INFO: Run Behavior\BuildLiteBehavior [ RunTime:0.000005s ]
INFO: [ app_init ] --END-- [ RunTime:0.000028s ]
INFO: [ app_begin ] --START--
INFO: Run Behavior\ReadHtmlCacheBehavior [ RunTime:0.000723s ]
INFO: Run Behavior\CheckLangBehavior [ RunTime:0.001194s ]
INFO: [ app_begin ] --END-- [ RunTime:0.001956s ]
NOTIC: [8] Undefined index: status C:\work\juhe\Application\Pay\Controller\JFpaysmController.class.php 第 123 行.

[ 2019-01-04T09:31:35+08:00 ] 127.0.0.1 /Pay_JFpaysm_notifyurl.html?m=%E5%95%8A%E5%95%8A
INFO: [ app_init ] --START--
INFO: Run Behavior\BuildLiteBehavior [ RunTime:0.000006s ]
INFO: [ app_init ] --END-- [ RunTime:0.000036s ]
INFO: [ app_begin ] --START--
INFO: Run Behavior\ReadHtmlCacheBehavior [ RunTime:0.000842s ]
INFO: Run Behavior\CheckLangBehavior [ RunTime:0.001298s ]
INFO: [ app_begin ] --END-- [ RunTime:0.002191s ]
NOTIC: [8] Undefined index: status C:\work\juhe\Application\Pay\Controller\JFpaysmController.class.php 第 123 行.

[ 2019-01-04T09:32:07+08:00 ] 127.0.0.1 /Pay_JFpaysm_notifyurl.html?TEST=12
INFO: [ app_init ] --START--
INFO: Run Behavior\BuildLiteBehavior [ RunTime:0.000008s ]
INFO: [ app_init ] --END-- [ RunTime:0.000048s ]
INFO: [ app_begin ] --START--
INFO: Run Behavior\ReadHtmlCacheBehavior [ RunTime:0.001340s ]
INFO: Run Behavior\CheckLangBehavior [ RunTime:0.001962s ]
INFO: [ app_begin ] --END-- [ RunTime:0.003379s ]
NOTIC: [8] Undefined index: status C:\work\juhe\Application\Pay\Controller\JFpaysmController.class.php 第 123 行.

[ 2019-01-04T09:48:35+08:00 ] 127.0.0.1 /Pay_JFpaysm_notifyurl.html?appid=1212&mch_id=&sign_type=
INFO: [ app_init ] --START--
INFO: Run Behavior\BuildLiteBehavior [ RunTime:0.000008s ]
INFO: [ app_init ] --END-- [ RunTime:0.000045s ]
INFO: [ app_begin ] --START--
INFO: Run Behavior\ReadHtmlCacheBehavior [ RunTime:0.001239s ]
INFO: Run Behavior\CheckLangBehavior [ RunTime:0.001681s ]
INFO: [ app_begin ] --END-- [ RunTime:0.002975s ]
NOTIC: [8] Undefined index: sign C:\work\juhe\Application\Pay\Controller\JFpaysmController.class.php 第 125 行.
NOTIC: [8] Undefined index: billno C:\work\juhe\Application\Pay\Controller\JFpaysmController.class.php 第 126 行.
NOTIC: [8] Undefined index: out_trade_no C:\work\juhe\Application\Pay\Controller\JFpaysmController.class.php 第 127 行.
NOTIC: [8] Undefined index: total_fee C:\work\juhe\Application\Pay\Controller\JFpaysmController.class.php 第 128 行.
NOTIC: [8] Undefined index: fee C:\work\juhe\Application\Pay\Controller\JFpaysmController.class.php 第 129 行.
NOTIC: [8] Undefined index: pay_time C:\work\juhe\Application\Pay\Controller\JFpaysmController.class.php 第 130 行.
NOTIC: [8] Undefined index: trade_status C:\work\juhe\Application\Pay\Controller\JFpaysmController.class.php 第 131 行.
NOTIC: [8] Undefined index: remark C:\work\juhe\Application\Pay\Controller\JFpaysmController.class.php 第 132 行.
SQL: SHOW COLUMNS FROM `pay_member` [ RunTime:0.0043s ]
ERR: 1054:Unknown column 'key' in 'field list'
 [ SQL语句 ] : SELECT `id`,`key` FROM `pay_member` LIMIT 1  
ERR: 1054:Unknown column 'key' in 'field list'
 [ SQL语句 ] : SELECT `id`,`key` FROM `pay_member` LIMIT 1  

[ 2019-01-04T09:49:38+08:00 ] 127.0.0.1 /Pay_JFpaysm_notifyurl.html?appid=1212&mch_id=12&sign_type=2&out_trade_no=20181130144103102561
INFO: [ app_init ] --START--
INFO: Run Behavior\BuildLiteBehavior [ RunTime:0.000008s ]
INFO: [ app_init ] --END-- [ RunTime:0.000039s ]
INFO: [ app_begin ] --START--
INFO: Run Behavior\ReadHtmlCacheBehavior [ RunTime:0.000845s ]
INFO: Run Behavior\CheckLangBehavior [ RunTime:0.001266s ]
INFO: [ app_begin ] --END-- [ RunTime:0.002167s ]
NOTIC: [8] Undefined index: sign C:\work\juhe\Application\Pay\Controller\JFpaysmController.class.php 第 125 行.
NOTIC: [8] Undefined index: billno C:\work\juhe\Application\Pay\Controller\JFpaysmController.class.php 第 126 行.
NOTIC: [8] Undefined index: total_fee C:\work\juhe\Application\Pay\Controller\JFpaysmController.class.php 第 128 行.
NOTIC: [8] Undefined index: fee C:\work\juhe\Application\Pay\Controller\JFpaysmController.class.php 第 129 行.
NOTIC: [8] Undefined index: pay_time C:\work\juhe\Application\Pay\Controller\JFpaysmController.class.php 第 130 行.
NOTIC: [8] Undefined index: trade_status C:\work\juhe\Application\Pay\Controller\JFpaysmController.class.php 第 131 行.
NOTIC: [8] Undefined index: remark C:\work\juhe\Application\Pay\Controller\JFpaysmController.class.php 第 132 行.
SQL: SHOW COLUMNS FROM `pay_member` [ RunTime:0.0021s ]
ERR: 1054:Unknown column 'key' in 'field list'
 [ SQL语句 ] : SELECT `id`,`key` FROM `pay_member` LIMIT 1  
ERR: 1054:Unknown column 'key' in 'field list'
 [ SQL语句 ] : SELECT `id`,`key` FROM `pay_member` LIMIT 1  

[ 2019-01-04T09:50:07+08:00 ] 127.0.0.1 /Pay_JFpaysm_notifyurl.html?appid=1212&mch_id=12&sign_type=2&out_trade_no=20181130144103102561
INFO: [ app_init ] --START--
INFO: Run Behavior\BuildLiteBehavior [ RunTime:0.000009s ]
INFO: [ app_init ] --END-- [ RunTime:0.000044s ]
INFO: [ app_begin ] --START--
INFO: Run Behavior\ReadHtmlCacheBehavior [ RunTime:0.000767s ]
INFO: Run Behavior\CheckLangBehavior [ RunTime:0.001100s ]
INFO: [ app_begin ] --END-- [ RunTime:0.001910s ]
NOTIC: [8] Undefined index: sign C:\work\juhe\Application\Pay\Controller\JFpaysmController.class.php 第 125 行.
NOTIC: [8] Undefined index: billno C:\work\juhe\Application\Pay\Controller\JFpaysmController.class.php 第 126 行.
NOTIC: [8] Undefined index: total_fee C:\work\juhe\Application\Pay\Controller\JFpaysmController.class.php 第 128 行.
NOTIC: [8] Undefined index: fee C:\work\juhe\Application\Pay\Controller\JFpaysmController.class.php 第 129 行.
NOTIC: [8] Undefined index: pay_time C:\work\juhe\Application\Pay\Controller\JFpaysmController.class.php 第 130 行.
NOTIC: [8] Undefined index: trade_status C:\work\juhe\Application\Pay\Controller\JFpaysmController.class.php 第 131 行.
NOTIC: [8] Undefined index: remark C:\work\juhe\Application\Pay\Controller\JFpaysmController.class.php 第 132 行.
SQL: SHOW COLUMNS FROM `pay_order` [ RunTime:0.0012s ]
SQL: SELECT `id`,`key` FROM `pay_order` WHERE `pay_orderid` = '20181130144103102561' LIMIT 1   [ RunTime:0.0035s ]

[ 2019-01-04T10:11:19+08:00 ] 127.0.0.1 /Pay_JFpaysm_orderQuery.html
INFO: [ app_init ] --START--
INFO: Run Behavior\BuildLiteBehavior [ RunTime:0.000009s ]
INFO: [ app_init ] --END-- [ RunTime:0.000051s ]
INFO: [ app_begin ] --START--
INFO: Run Behavior\ReadHtmlCacheBehavior [ RunTime:0.001486s ]
INFO: Run Behavior\CheckLangBehavior [ RunTime:0.002740s ]
INFO: [ app_begin ] --END-- [ RunTime:0.004303s ]
SQL: SHOW COLUMNS FROM `pay_member` [ RunTime:0.0014s ]
SQL: SELECT * FROM `pay_member` WHERE `id` = 112 LIMIT 1   [ RunTime:0.0007s ]
SQL: SHOW COLUMNS FROM `pay_channel_account` [ RunTime:0.0009s ]
SQL: SELECT * FROM `pay_channel_account` WHERE `channel_id` = 268 LIMIT 1   [ RunTime:0.0019s ]

[ 2019-01-04T10:12:19+08:00 ] 127.0.0.1 /Pay_JFpaysm_orderQuery.html
INFO: [ app_init ] --START--
INFO: Run Behavior\BuildLiteBehavior [ RunTime:0.000005s ]
INFO: [ app_init ] --END-- [ RunTime:0.000029s ]
INFO: [ app_begin ] --START--
INFO: Run Behavior\ReadHtmlCacheBehavior [ RunTime:0.001514s ]
INFO: Run Behavior\CheckLangBehavior [ RunTime:0.002495s ]
INFO: [ app_begin ] --END-- [ RunTime:0.004090s ]
SQL: SHOW COLUMNS FROM `pay_member` [ RunTime:0.0017s ]
SQL: SELECT * FROM `pay_member` WHERE `id` = 112 LIMIT 1   [ RunTime:0.0007s ]
SQL: SHOW COLUMNS FROM `pay_channel_account` [ RunTime:0.0012s ]
SQL: SELECT * FROM `pay_channel_account` WHERE `channel_id` = 268 LIMIT 1   [ RunTime:0.0005s ]

[ 2019-01-04T10:12:43+08:00 ] 127.0.0.1 /Pay_JFpaysm_orderQuery.html
INFO: [ app_init ] --START--
INFO: Run Behavior\BuildLiteBehavior [ RunTime:0.000005s ]
INFO: [ app_init ] --END-- [ RunTime:0.000028s ]
INFO: [ app_begin ] --START--
INFO: Run Behavior\ReadHtmlCacheBehavior [ RunTime:0.000870s ]
INFO: Run Behavior\CheckLangBehavior [ RunTime:0.001317s ]
INFO: [ app_begin ] --END-- [ RunTime:0.002230s ]
SQL: SHOW COLUMNS FROM `pay_member` [ RunTime:0.0046s ]
SQL: SELECT * FROM `pay_member` WHERE `id` = 112 LIMIT 1   [ RunTime:0.0087s ]
SQL: SHOW COLUMNS FROM `pay_channel_account` [ RunTime:0.0015s ]
SQL: SELECT * FROM `pay_channel_account` WHERE `channel_id` = 268 LIMIT 1   [ RunTime:0.0008s ]
NOTIC: [8] Undefined index: pay_orderid C:\work\juhe\Application\Pay\Controller\JFpaysmController.class.php 第 184 行.
NOTIC: [8] Undefined index: gateway C:\work\juhe\Application\Pay\Controller\JFpaysmController.class.php 第 189 行.

[ 2019-01-04T10:13:51+08:00 ] 127.0.0.1 /Pay_JFpaysm_orderQuery.html
INFO: [ app_init ] --START--
INFO: Run Behavior\BuildLiteBehavior [ RunTime:0.000009s ]
INFO: [ app_init ] --END-- [ RunTime:0.000064s ]
INFO: [ app_begin ] --START--
INFO: Run Behavior\ReadHtmlCacheBehavior [ RunTime:0.001796s ]
INFO: Run Behavior\CheckLangBehavior [ RunTime:0.002830s ]
INFO: [ app_begin ] --END-- [ RunTime:0.004710s ]
SQL: SHOW COLUMNS FROM `pay_member` [ RunTime:0.0076s ]
SQL: SELECT * FROM `pay_member` WHERE `id` = 112 LIMIT 1   [ RunTime:0.0006s ]
SQL: SHOW COLUMNS FROM `pay_channel_account` [ RunTime:0.0007s ]
SQL: SELECT * FROM `pay_channel_account` WHERE `channel_id` = 268 LIMIT 1   [ RunTime:0.0004s ]
NOTIC: [8] Undefined index: pay_orderid C:\work\juhe\Application\Pay\Controller\JFpaysmController.class.php 第 184 行.

[ 2019-01-04T10:15:12+08:00 ] 127.0.0.1 /Pay_JFpaysm_orderQuery.html
INFO: [ app_init ] --START--
INFO: Run Behavior\BuildLiteBehavior [ RunTime:0.000013s ]
INFO: [ app_init ] --END-- [ RunTime:0.000074s ]
INFO: [ app_begin ] --START--
INFO: Run Behavior\ReadHtmlCacheBehavior [ RunTime:0.000973s ]
INFO: Run Behavior\CheckLangBehavior [ RunTime:0.001360s ]
INFO: [ app_begin ] --END-- [ RunTime:0.002393s ]
SQL: SHOW COLUMNS FROM `pay_member` [ RunTime:0.0021s ]
SQL: SELECT * FROM `pay_member` WHERE `id` = 112 LIMIT 1   [ RunTime:0.0013s ]
SQL: SHOW COLUMNS FROM `pay_channel_account` [ RunTime:0.0150s ]
SQL: SELECT * FROM `pay_channel_account` WHERE `channel_id` = 268 LIMIT 1   [ RunTime:0.0011s ]

[ 2019-01-04T10:16:03+08:00 ] 127.0.0.1 /Pay_JFpaysm_orderQuery.html
INFO: [ app_init ] --START--
INFO: Run Behavior\BuildLiteBehavior [ RunTime:0.000006s ]
INFO: [ app_init ] --END-- [ RunTime:0.000033s ]
INFO: [ app_begin ] --START--
INFO: Run Behavior\ReadHtmlCacheBehavior [ RunTime:0.000937s ]
INFO: Run Behavior\CheckLangBehavior [ RunTime:0.001461s ]
INFO: [ app_begin ] --END-- [ RunTime:0.002451s ]
SQL: SHOW COLUMNS FROM `pay_member` [ RunTime:0.0017s ]
SQL: SELECT * FROM `pay_member` WHERE `id` = 112 LIMIT 1   [ RunTime:0.0008s ]
SQL: SHOW COLUMNS FROM `pay_channel_account` [ RunTime:0.0014s ]
SQL: SELECT * FROM `pay_channel_account` WHERE `channel_id` = 268 LIMIT 1   [ RunTime:0.0006s ]
NOTIC: [8] Undefined index: gateway C:\work\juhe\Application\Pay\Controller\JFpaysmController.class.php 第 190 行.

[ 2019-01-04T10:16:05+08:00 ] 127.0.0.1 /Pay_JFpaysm_orderQuery.html
INFO: [ app_init ] --START--
INFO: Run Behavior\BuildLiteBehavior [ RunTime:0.000009s ]
INFO: [ app_init ] --END-- [ RunTime:0.000055s ]
INFO: [ app_begin ] --START--
INFO: Run Behavior\ReadHtmlCacheBehavior [ RunTime:0.000804s ]
INFO: Run Behavior\CheckLangBehavior [ RunTime:0.001939s ]
INFO: [ app_begin ] --END-- [ RunTime:0.002802s ]
SQL: SHOW COLUMNS FROM `pay_member` [ RunTime:0.0010s ]
SQL: SELECT * FROM `pay_member` WHERE `id` = 112 LIMIT 1   [ RunTime:0.0006s ]
SQL: SHOW COLUMNS FROM `pay_channel_account` [ RunTime:0.0009s ]
SQL: SELECT * FROM `pay_channel_account` WHERE `channel_id` = 268 LIMIT 1   [ RunTime:0.0004s ]
NOTIC: [8] Undefined index: gateway C:\work\juhe\Application\Pay\Controller\JFpaysmController.class.php 第 190 行.

[ 2019-01-04T10:19:59+08:00 ] 127.0.0.1 /Pay_JFpaysm_orderQuery.html
INFO: [ app_init ] --START--
INFO: Run Behavior\BuildLiteBehavior [ RunTime:0.000006s ]
INFO: [ app_init ] --END-- [ RunTime:0.000030s ]
INFO: [ app_begin ] --START--
INFO: Run Behavior\ReadHtmlCacheBehavior [ RunTime:0.001209s ]
INFO: Run Behavior\CheckLangBehavior [ RunTime:0.001403s ]
INFO: [ app_begin ] --END-- [ RunTime:0.002659s ]
SQL: SHOW COLUMNS FROM `pay_member` [ RunTime:0.0012s ]
SQL: SELECT * FROM `pay_member` WHERE `id` = 112 LIMIT 1   [ RunTime:0.0007s ]
SQL: SHOW COLUMNS FROM `pay_channel_account` [ RunTime:0.0010s ]
SQL: SELECT * FROM `pay_channel_account` WHERE `channel_id` = 268 LIMIT 1   [ RunTime:0.0004s ]
NOTIC: [8] Undefined index: gateway C:\work\juhe\Application\Pay\Controller\JFpaysmController.class.php 第 190 行.
NOTIC: [8] Undefined index: gateway C:\work\juhe\Application\Pay\Controller\JFpaysmController.class.php 第 192 行.

[ 2019-01-04T10:20:52+08:00 ] 127.0.0.1 /Pay_JFpaysm_orderQuery.html
INFO: [ app_init ] --START--
INFO: Run Behavior\BuildLiteBehavior [ RunTime:0.000005s ]
INFO: [ app_init ] --END-- [ RunTime:0.000031s ]
INFO: [ app_begin ] --START--
INFO: Run Behavior\ReadHtmlCacheBehavior [ RunTime:0.000851s ]
INFO: Run Behavior\CheckLangBehavior [ RunTime:0.001669s ]
INFO: [ app_begin ] --END-- [ RunTime:0.002564s ]
SQL: SHOW COLUMNS FROM `pay_member` [ RunTime:0.0017s ]
SQL: SELECT * FROM `pay_member` WHERE `id` = 112 LIMIT 1   [ RunTime:0.0011s ]
SQL: SHOW COLUMNS FROM `pay_channel_account` [ RunTime:0.0015s ]
SQL: SELECT * FROM `pay_channel_account` WHERE `channel_id` = 268 LIMIT 1   [ RunTime:0.0007s ]

[ 2019-01-04T14:37:13+08:00 ] 127.0.0.1 /Pay_Charges_test_mid_10112.html
INFO: [ app_init ] --START--
INFO: Run Behavior\BuildLiteBehavior [ RunTime:0.000010s ]
INFO: [ app_init ] --END-- [ RunTime:0.000057s ]
INFO: [ app_begin ] --START--
INFO: Run Behavior\ReadHtmlCacheBehavior [ RunTime:0.001582s ]
INFO: Run Behavior\CheckLangBehavior [ RunTime:0.002497s ]
INFO: [ app_begin ] --END-- [ RunTime:0.004154s ]
SQL: SHOW COLUMNS FROM `pay_product` [ RunTime:0.0015s ]
SQL: SELECT * FROM `pay_product` WHERE `isdisplay` = 1 AND `status` = 1  [ RunTime:0.0009s ]
NOTIC: [8] Undefined variable: icon C:\work\juhe\Application\Pay\Controller\ChargesController.class.php 第 402 行.
NOTIC: [8] Undefined variable: icon C:\work\juhe\Application\Pay\Controller\ChargesController.class.php 第 402 行.
SQL: SELECT * FROM `pay_product` WHERE `isdisplay` = 1 AND `status` = 1  [ RunTime:0.0009s ]
SQL: SHOW COLUMNS FROM `pay_systembank` [ RunTime:0.0015s ]
SQL: SELECT * FROM `pay_systembank` WHERE `is_off` = 1  [ RunTime:0.0010s ]
INFO: [ view_parse ] --START--
INFO: [ template_filter ] --START--
INFO: Run Behavior\ContentReplaceBehavior [ RunTime:0.000058s ]
INFO: [ template_filter ] --END-- [ RunTime:0.000103s ]
NOTIC: [8] Undefined variable: siteurl C:\work\juhe\Runtime\Cache\Pay\fefb51bba43500453344a526b2b293b1.php 第 12 行.
NOTIC: [8] Undefined variable: siteurl C:\work\juhe\Runtime\Cache\Pay\fefb51bba43500453344a526b2b293b1.php 第 13 行.
NOTIC: [8] Undefined variable: siteurl C:\work\juhe\Runtime\Cache\Pay\fefb51bba43500453344a526b2b293b1.php 第 15 行.
NOTIC: [8] Undefined variable: siteurl C:\work\juhe\Runtime\Cache\Pay\fefb51bba43500453344a526b2b293b1.php 第 16 行.
NOTIC: [8] Undefined variable: siteurl C:\work\juhe\Runtime\Cache\Pay\fefb51bba43500453344a526b2b293b1.php 第 18 行.
NOTIC: [8] Undefined variable: siteurl C:\work\juhe\Runtime\Cache\Pay\fefb51bba43500453344a526b2b293b1.php 第 19 行.
NOTIC: [8] Undefined variable: siteurl C:\work\juhe\Runtime\Cache\Pay\fefb51bba43500453344a526b2b293b1.php 第 21 行.
NOTIC: [8] Undefined variable: siteurl C:\work\juhe\Runtime\Cache\Pay\fefb51bba43500453344a526b2b293b1.php 第 111 行.
NOTIC: [8] Undefined variable: siteurl C:\work\juhe\Runtime\Cache\Pay\fefb51bba43500453344a526b2b293b1.php 第 113 行.
NOTIC: [8] Undefined variable: siteurl C:\work\juhe\Runtime\Cache\Pay\fefb51bba43500453344a526b2b293b1.php 第 115 行.
NOTIC: [8] Undefined variable: siteurl C:\work\juhe\Runtime\Cache\Pay\fefb51bba43500453344a526b2b293b1.php 第 117 行.
NOTIC: [8] Undefined variable: siteurl C:\work\juhe\Runtime\Cache\Pay\fefb51bba43500453344a526b2b293b1.php 第 119 行.
NOTIC: [8] Undefined variable: siteurl C:\work\juhe\Runtime\Cache\Pay\fefb51bba43500453344a526b2b293b1.php 第 120 行.
NOTIC: [8] Undefined variable: siteurl C:\work\juhe\Runtime\Cache\Pay\fefb51bba43500453344a526b2b293b1.php 第 122 行.
NOTIC: [8] Undefined variable: siteurl C:\work\juhe\Runtime\Cache\Pay\fefb51bba43500453344a526b2b293b1.php 第 123 行.
INFO: Run Behavior\ParseTemplateBehavior [ RunTime:0.019408s ]
INFO: [ view_parse ] --END-- [ RunTime:0.019530s ]
INFO: [ view_filter ] --START--
INFO: Run Behavior\WriteHtmlCacheBehavior [ RunTime:0.004245s ]
INFO: Run Behavior\TokenBuildBehavior [ RunTime:0.002775s ]
INFO: [ view_filter ] --END-- [ RunTime:0.007128s ]
INFO: [ app_end ] --START--
INFO: Run Behavior\ShowPageTraceBehavior [ RunTime:0.001916s ]
INFO: [ app_end ] --END-- [ RunTime:0.001968s ]

[ 2019-01-04T14:37:52+08:00 ] 127.0.0.1 /Pay_Charges_test_mid_10112.html
INFO: [ app_init ] --START--
INFO: Run Behavior\BuildLiteBehavior [ RunTime:0.000010s ]
INFO: [ app_init ] --END-- [ RunTime:0.000038s ]
INFO: [ app_begin ] --START--
INFO: Run Behavior\ReadHtmlCacheBehavior [ RunTime:0.001375s ]
INFO: Run Behavior\CheckLangBehavior [ RunTime:0.001785s ]
INFO: [ app_begin ] --END-- [ RunTime:0.003229s ]
SQL: SHOW COLUMNS FROM `pay_product` [ RunTime:0.0008s ]
SQL: SELECT * FROM `pay_product` WHERE `isdisplay` = 1 AND `status` = 1  [ RunTime:0.0005s ]
NOTIC: [8] Undefined variable: icon C:\work\juhe\Application\Pay\Controller\ChargesController.class.php 第 402 行.
NOTIC: [8] Undefined variable: icon C:\work\juhe\Application\Pay\Controller\ChargesController.class.php 第 402 行.
SQL: SELECT * FROM `pay_product` WHERE `isdisplay` = 1 AND `status` = 1  [ RunTime:0.0005s ]
SQL: SHOW COLUMNS FROM `pay_systembank` [ RunTime:0.0008s ]
SQL: SELECT * FROM `pay_systembank` WHERE `is_off` = 1  [ RunTime:0.0005s ]
INFO: [ view_parse ] --START--
INFO: [ template_filter ] --START--
INFO: Run Behavior\ContentReplaceBehavior [ RunTime:0.000050s ]
INFO: [ template_filter ] --END-- [ RunTime:0.000102s ]
NOTIC: [8] Undefined variable: siteurl C:\work\juhe\Runtime\Cache\Pay\fefb51bba43500453344a526b2b293b1.php 第 12 行.
NOTIC: [8] Undefined variable: siteurl C:\work\juhe\Runtime\Cache\Pay\fefb51bba43500453344a526b2b293b1.php 第 13 行.
NOTIC: [8] Undefined variable: siteurl C:\work\juhe\Runtime\Cache\Pay\fefb51bba43500453344a526b2b293b1.php 第 15 行.
NOTIC: [8] Undefined variable: siteurl C:\work\juhe\Runtime\Cache\Pay\fefb51bba43500453344a526b2b293b1.php 第 16 行.
NOTIC: [8] Undefined variable: siteurl C:\work\juhe\Runtime\Cache\Pay\fefb51bba43500453344a526b2b293b1.php 第 18 行.
NOTIC: [8] Undefined variable: siteurl C:\work\juhe\Runtime\Cache\Pay\fefb51bba43500453344a526b2b293b1.php 第 19 行.
NOTIC: [8] Undefined variable: siteurl C:\work\juhe\Runtime\Cache\Pay\fefb51bba43500453344a526b2b293b1.php 第 21 行.
NOTIC: [8] Undefined variable: siteurl C:\work\juhe\Runtime\Cache\Pay\fefb51bba43500453344a526b2b293b1.php 第 111 行.
NOTIC: [8] Undefined variable: siteurl C:\work\juhe\Runtime\Cache\Pay\fefb51bba43500453344a526b2b293b1.php 第 113 行.
NOTIC: [8] Undefined variable: siteurl C:\work\juhe\Runtime\Cache\Pay\fefb51bba43500453344a526b2b293b1.php 第 115 行.
NOTIC: [8] Undefined variable: siteurl C:\work\juhe\Runtime\Cache\Pay\fefb51bba43500453344a526b2b293b1.php 第 117 行.
NOTIC: [8] Undefined variable: siteurl C:\work\juhe\Runtime\Cache\Pay\fefb51bba43500453344a526b2b293b1.php 第 119 行.
NOTIC: [8] Undefined variable: siteurl C:\work\juhe\Runtime\Cache\Pay\fefb51bba43500453344a526b2b293b1.php 第 120 行.
NOTIC: [8] Undefined variable: siteurl C:\work\juhe\Runtime\Cache\Pay\fefb51bba43500453344a526b2b293b1.php 第 122 行.
NOTIC: [8] Undefined variable: siteurl C:\work\juhe\Runtime\Cache\Pay\fefb51bba43500453344a526b2b293b1.php 第 123 行.
INFO: Run Behavior\ParseTemplateBehavior [ RunTime:0.011522s ]
INFO: [ view_parse ] --END-- [ RunTime:0.011553s ]
INFO: [ view_filter ] --START--
INFO: Run Behavior\WriteHtmlCacheBehavior [ RunTime:0.000974s ]
INFO: Run Behavior\TokenBuildBehavior [ RunTime:0.001512s ]
INFO: [ view_filter ] --END-- [ RunTime:0.002551s ]
INFO: [ app_end ] --START--
INFO: Run Behavior\ShowPageTraceBehavior [ RunTime:0.001304s ]
INFO: [ app_end ] --END-- [ RunTime:0.001334s ]

[ 2019-01-04T18:20:56+08:00 ] 127.0.0.1 /Pay_Charges_testqianyue_mid_10002.html
INFO: [ app_init ] --START--
INFO: Run Behavior\BuildLiteBehavior [ RunTime:0.000009s ]
INFO: [ app_init ] --END-- [ RunTime:0.000065s ]
INFO: [ app_begin ] --START--
INFO: Run Behavior\ReadHtmlCacheBehavior [ RunTime:0.002695s ]
INFO: Run Behavior\CheckLangBehavior [ RunTime:0.001738s ]
INFO: [ app_begin ] --END-- [ RunTime:0.004494s ]
SQL: SHOW COLUMNS FROM `pay_product` [ RunTime:0.0024s ]
SQL: SELECT * FROM `pay_product` WHERE `isdisplay` = 1 AND `status` = 1  [ RunTime:0.0005s ]
NOTIC: [8] Undefined variable: icon C:\work\juhe\Application\Pay\Controller\ChargesController.class.php 第 402 行.
NOTIC: [8] Undefined variable: icon C:\work\juhe\Application\Pay\Controller\ChargesController.class.php 第 402 行.
SQL: SELECT * FROM `pay_product` WHERE `isdisplay` = 1 AND `status` = 1  [ RunTime:0.0004s ]
SQL: SHOW COLUMNS FROM `pay_systembank` [ RunTime:0.0027s ]
SQL: SELECT * FROM `pay_systembank` WHERE `is_off` = 1  [ RunTime:0.0014s ]
INFO: [ view_parse ] --START--
INFO: [ template_filter ] --START--
INFO: Run Behavior\ContentReplaceBehavior [ RunTime:0.000032s ]
INFO: [ template_filter ] --END-- [ RunTime:0.000053s ]
NOTIC: [8] Undefined variable: siteurl C:\work\juhe\Runtime\Cache\Pay\1d7fd854e12e4c3d33dff394f3f9effe.php 第 12 行.
NOTIC: [8] Undefined variable: siteurl C:\work\juhe\Runtime\Cache\Pay\1d7fd854e12e4c3d33dff394f3f9effe.php 第 13 行.
NOTIC: [8] Undefined variable: siteurl C:\work\juhe\Runtime\Cache\Pay\1d7fd854e12e4c3d33dff394f3f9effe.php 第 15 行.
NOTIC: [8] Undefined variable: siteurl C:\work\juhe\Runtime\Cache\Pay\1d7fd854e12e4c3d33dff394f3f9effe.php 第 16 行.
NOTIC: [8] Undefined variable: siteurl C:\work\juhe\Runtime\Cache\Pay\1d7fd854e12e4c3d33dff394f3f9effe.php 第 18 行.
NOTIC: [8] Undefined variable: siteurl C:\work\juhe\Runtime\Cache\Pay\1d7fd854e12e4c3d33dff394f3f9effe.php 第 19 行.
NOTIC: [8] Undefined variable: siteurl C:\work\juhe\Runtime\Cache\Pay\1d7fd854e12e4c3d33dff394f3f9effe.php 第 21 行.
NOTIC: [8] Undefined variable: siteurl C:\work\juhe\Runtime\Cache\Pay\1d7fd854e12e4c3d33dff394f3f9effe.php 第 184 行.
NOTIC: [8] Undefined variable: siteurl C:\work\juhe\Runtime\Cache\Pay\1d7fd854e12e4c3d33dff394f3f9effe.php 第 186 行.
NOTIC: [8] Undefined variable: siteurl C:\work\juhe\Runtime\Cache\Pay\1d7fd854e12e4c3d33dff394f3f9effe.php 第 188 行.
NOTIC: [8] Undefined variable: siteurl C:\work\juhe\Runtime\Cache\Pay\1d7fd854e12e4c3d33dff394f3f9effe.php 第 190 行.
NOTIC: [8] Undefined variable: siteurl C:\work\juhe\Runtime\Cache\Pay\1d7fd854e12e4c3d33dff394f3f9effe.php 第 192 行.
NOTIC: [8] Undefined variable: siteurl C:\work\juhe\Runtime\Cache\Pay\1d7fd854e12e4c3d33dff394f3f9effe.php 第 193 行.
NOTIC: [8] Undefined variable: siteurl C:\work\juhe\Runtime\Cache\Pay\1d7fd854e12e4c3d33dff394f3f9effe.php 第 195 行.
NOTIC: [8] Undefined variable: siteurl C:\work\juhe\Runtime\Cache\Pay\1d7fd854e12e4c3d33dff394f3f9effe.php 第 196 行.
INFO: Run Behavior\ParseTemplateBehavior [ RunTime:0.009775s ]
INFO: [ view_parse ] --END-- [ RunTime:0.009793s ]
INFO: [ view_filter ] --START--
INFO: Run Behavior\WriteHtmlCacheBehavior [ RunTime:0.000618s ]
INFO: Run Behavior\TokenBuildBehavior [ RunTime:0.001171s ]
INFO: [ view_filter ] --END-- [ RunTime:0.001818s ]
INFO: [ app_end ] --START--
INFO: Run Behavior\ShowPageTraceBehavior [ RunTime:0.001894s ]
INFO: [ app_end ] --END-- [ RunTime:0.001926s ]

[ 2019-01-04T19:55:28+08:00 ] 127.0.0.1 /Pay_Sign_index.html
INFO: [ app_init ] --START--
INFO: Run Behavior\BuildLiteBehavior [ RunTime:0.000083s ]
INFO: [ app_init ] --END-- [ RunTime:0.000130s ]
INFO: [ app_begin ] --START--
INFO: Run Behavior\ReadHtmlCacheBehavior [ RunTime:0.001029s ]
INFO: Run Behavior\CheckLangBehavior [ RunTime:0.001431s ]
INFO: [ app_begin ] --END-- [ RunTime:0.002501s ]

[ 2019-01-04T20:32:45+08:00 ] 127.0.0.1 /Pay_Charges_testqianyue_mid_10002.html
INFO: [ app_init ] --START--
INFO: Run Behavior\BuildLiteBehavior [ RunTime:0.000006s ]
INFO: [ app_init ] --END-- [ RunTime:0.000036s ]
INFO: [ app_begin ] --START--
INFO: Run Behavior\ReadHtmlCacheBehavior [ RunTime:0.001268s ]
INFO: Run Behavior\CheckLangBehavior [ RunTime:0.002343s ]
INFO: [ app_begin ] --END-- [ RunTime:0.003686s ]
SQL: SHOW COLUMNS FROM `pay_product` [ RunTime:0.0038s ]
SQL: SELECT * FROM `pay_product` WHERE `isdisplay` = 1 AND `status` = 1  [ RunTime:0.0012s ]
NOTIC: [8] Undefined variable: icon C:\work\juhe\Application\Pay\Controller\ChargesController.class.php 第 402 行.
NOTIC: [8] Undefined variable: icon C:\work\juhe\Application\Pay\Controller\ChargesController.class.php 第 402 行.
SQL: SELECT * FROM `pay_product` WHERE `isdisplay` = 1 AND `status` = 1  [ RunTime:0.0013s ]
SQL: SHOW COLUMNS FROM `pay_systembank` [ RunTime:0.0109s ]
SQL: SELECT * FROM `pay_systembank` WHERE `is_off` = 1  [ RunTime:0.0004s ]
INFO: [ view_parse ] --START--
INFO: [ template_filter ] --START--
INFO: Run Behavior\ContentReplaceBehavior [ RunTime:0.000056s ]
INFO: [ template_filter ] --END-- [ RunTime:0.000120s ]
NOTIC: [8] Undefined variable: siteurl C:\work\juhe\Runtime\Cache\Pay\1d7fd854e12e4c3d33dff394f3f9effe.php 第 12 行.
NOTIC: [8] Undefined variable: siteurl C:\work\juhe\Runtime\Cache\Pay\1d7fd854e12e4c3d33dff394f3f9effe.php 第 13 行.
NOTIC: [8] Undefined variable: siteurl C:\work\juhe\Runtime\Cache\Pay\1d7fd854e12e4c3d33dff394f3f9effe.php 第 15 行.
NOTIC: [8] Undefined variable: siteurl C:\work\juhe\Runtime\Cache\Pay\1d7fd854e12e4c3d33dff394f3f9effe.php 第 16 行.
NOTIC: [8] Undefined variable: siteurl C:\work\juhe\Runtime\Cache\Pay\1d7fd854e12e4c3d33dff394f3f9effe.php 第 18 行.
NOTIC: [8] Undefined variable: siteurl C:\work\juhe\Runtime\Cache\Pay\1d7fd854e12e4c3d33dff394f3f9effe.php 第 19 行.
NOTIC: [8] Undefined variable: siteurl C:\work\juhe\Runtime\Cache\Pay\1d7fd854e12e4c3d33dff394f3f9effe.php 第 21 行.
NOTIC: [8] Undefined variable: siteurl C:\work\juhe\Runtime\Cache\Pay\1d7fd854e12e4c3d33dff394f3f9effe.php 第 184 行.
NOTIC: [8] Undefined variable: siteurl C:\work\juhe\Runtime\Cache\Pay\1d7fd854e12e4c3d33dff394f3f9effe.php 第 186 行.
NOTIC: [8] Undefined variable: siteurl C:\work\juhe\Runtime\Cache\Pay\1d7fd854e12e4c3d33dff394f3f9effe.php 第 188 行.
NOTIC: [8] Undefined variable: siteurl C:\work\juhe\Runtime\Cache\Pay\1d7fd854e12e4c3d33dff394f3f9effe.php 第 190 行.
NOTIC: [8] Undefined variable: siteurl C:\work\juhe\Runtime\Cache\Pay\1d7fd854e12e4c3d33dff394f3f9effe.php 第 192 行.
NOTIC: [8] Undefined variable: siteurl C:\work\juhe\Runtime\Cache\Pay\1d7fd854e12e4c3d33dff394f3f9effe.php 第 193 行.
NOTIC: [8] Undefined variable: siteurl C:\work\juhe\Runtime\Cache\Pay\1d7fd854e12e4c3d33dff394f3f9effe.php 第 195 行.
NOTIC: [8] Undefined variable: siteurl C:\work\juhe\Runtime\Cache\Pay\1d7fd854e12e4c3d33dff394f3f9effe.php 第 196 行.
INFO: Run Behavior\ParseTemplateBehavior [ RunTime:0.013278s ]
INFO: [ view_parse ] --END-- [ RunTime:0.013305s ]
INFO: [ view_filter ] --START--
INFO: Run Behavior\WriteHtmlCacheBehavior [ RunTime:0.000598s ]
INFO: Run Behavior\TokenBuildBehavior [ RunTime:0.001150s ]
INFO: [ view_filter ] --END-- [ RunTime:0.001818s ]
INFO: [ app_end ] --START--
INFO: Run Behavior\ShowPageTraceBehavior [ RunTime:0.001047s ]
INFO: [ app_end ] --END-- [ RunTime:0.001107s ]

[ 2019-01-04T21:04:58+08:00 ] 127.0.0.1 /Pay_Sign_index.html
INFO: [ app_init ] --START--
INFO: Run Behavior\BuildLiteBehavior [ RunTime:0.000139s ]
INFO: [ app_init ] --END-- [ RunTime:0.000213s ]
INFO: [ app_begin ] --START--
INFO: Run Behavior\ReadHtmlCacheBehavior [ RunTime:0.003594s ]
INFO: Run Behavior\CheckLangBehavior [ RunTime:0.003385s ]
INFO: [ app_begin ] --END-- [ RunTime:0.007209s ]

[ 2019-01-04T21:11:01+08:00 ] 127.0.0.1 /Pay_Charges_testqianyue_mid_10002.html
INFO: [ app_init ] --START--
INFO: Run Behavior\BuildLiteBehavior [ RunTime:0.000010s ]
INFO: [ app_init ] --END-- [ RunTime:0.000064s ]
INFO: [ app_begin ] --START--
INFO: Run Behavior\ReadHtmlCacheBehavior [ RunTime:0.001286s ]
INFO: Run Behavior\CheckLangBehavior [ RunTime:0.002263s ]
INFO: [ app_begin ] --END-- [ RunTime:0.003647s ]
SQL: SHOW COLUMNS FROM `pay_product` [ RunTime:0.0017s ]
SQL: SELECT * FROM `pay_product` WHERE `isdisplay` = 1 AND `status` = 1  [ RunTime:0.0009s ]
NOTIC: [8] Undefined variable: icon C:\work\juhe\Application\Pay\Controller\ChargesController.class.php 第 402 行.
NOTIC: [8] Undefined variable: icon C:\work\juhe\Application\Pay\Controller\ChargesController.class.php 第 402 行.
SQL: SELECT * FROM `pay_product` WHERE `isdisplay` = 1 AND `status` = 1  [ RunTime:0.0014s ]
SQL: SHOW COLUMNS FROM `pay_systembank` [ RunTime:0.0037s ]
SQL: SELECT * FROM `pay_systembank` WHERE `is_off` = 1  [ RunTime:0.0077s ]
INFO: [ view_parse ] --START--
INFO: [ template_filter ] --START--
INFO: Run Behavior\ContentReplaceBehavior [ RunTime:0.000063s ]
INFO: [ template_filter ] --END-- [ RunTime:0.000123s ]
NOTIC: [8] Undefined variable: siteurl C:\work\juhe\Runtime\Cache\Pay\1d7fd854e12e4c3d33dff394f3f9effe.php 第 12 行.
NOTIC: [8] Undefined variable: siteurl C:\work\juhe\Runtime\Cache\Pay\1d7fd854e12e4c3d33dff394f3f9effe.php 第 13 行.
NOTIC: [8] Undefined variable: siteurl C:\work\juhe\Runtime\Cache\Pay\1d7fd854e12e4c3d33dff394f3f9effe.php 第 15 行.
NOTIC: [8] Undefined variable: siteurl C:\work\juhe\Runtime\Cache\Pay\1d7fd854e12e4c3d33dff394f3f9effe.php 第 16 行.
NOTIC: [8] Undefined variable: siteurl C:\work\juhe\Runtime\Cache\Pay\1d7fd854e12e4c3d33dff394f3f9effe.php 第 18 行.
NOTIC: [8] Undefined variable: siteurl C:\work\juhe\Runtime\Cache\Pay\1d7fd854e12e4c3d33dff394f3f9effe.php 第 19 行.
NOTIC: [8] Undefined variable: siteurl C:\work\juhe\Runtime\Cache\Pay\1d7fd854e12e4c3d33dff394f3f9effe.php 第 21 行.
NOTIC: [8] Undefined variable: siteurl C:\work\juhe\Runtime\Cache\Pay\1d7fd854e12e4c3d33dff394f3f9effe.php 第 184 行.
NOTIC: [8] Undefined variable: siteurl C:\work\juhe\Runtime\Cache\Pay\1d7fd854e12e4c3d33dff394f3f9effe.php 第 186 行.
NOTIC: [8] Undefined variable: siteurl C:\work\juhe\Runtime\Cache\Pay\1d7fd854e12e4c3d33dff394f3f9effe.php 第 188 行.
NOTIC: [8] Undefined variable: siteurl C:\work\juhe\Runtime\Cache\Pay\1d7fd854e12e4c3d33dff394f3f9effe.php 第 190 行.
NOTIC: [8] Undefined variable: siteurl C:\work\juhe\Runtime\Cache\Pay\1d7fd854e12e4c3d33dff394f3f9effe.php 第 192 行.
NOTIC: [8] Undefined variable: siteurl C:\work\juhe\Runtime\Cache\Pay\1d7fd854e12e4c3d33dff394f3f9effe.php 第 193 行.
NOTIC: [8] Undefined variable: siteurl C:\work\juhe\Runtime\Cache\Pay\1d7fd854e12e4c3d33dff394f3f9effe.php 第 195 行.
NOTIC: [8] Undefined variable: siteurl C:\work\juhe\Runtime\Cache\Pay\1d7fd854e12e4c3d33dff394f3f9effe.php 第 196 行.
INFO: Run Behavior\ParseTemplateBehavior [ RunTime:0.016063s ]
INFO: [ view_parse ] --END-- [ RunTime:0.016097s ]
INFO: [ view_filter ] --START--
INFO: Run Behavior\WriteHtmlCacheBehavior [ RunTime:0.000838s ]
INFO: Run Behavior\TokenBuildBehavior [ RunTime:0.001548s ]
INFO: [ view_filter ] --END-- [ RunTime:0.002468s ]
INFO: [ app_end ] --START--
INFO: Run Behavior\ShowPageTraceBehavior [ RunTime:0.001839s ]
INFO: [ app_end ] --END-- [ RunTime:0.001895s ]

[ 2019-01-04T21:11:43+08:00 ] 127.0.0.1 /Pay_Sign_index.html
INFO: [ app_init ] --START--
INFO: Run Behavior\BuildLiteBehavior [ RunTime:0.000288s ]
INFO: [ app_init ] --END-- [ RunTime:0.000489s ]
INFO: [ app_begin ] --START--
INFO: Run Behavior\ReadHtmlCacheBehavior [ RunTime:0.002348s ]
INFO: Run Behavior\CheckLangBehavior [ RunTime:0.003932s ]
INFO: [ app_begin ] --END-- [ RunTime:0.006372s ]

[ 2019-01-04T21:14:59+08:00 ] 127.0.0.1 /Pay_Sign_index.html
INFO: [ app_init ] --START--
INFO: Run Behavior\BuildLiteBehavior [ RunTime:0.000009s ]
INFO: [ app_init ] --END-- [ RunTime:0.000046s ]
INFO: [ app_begin ] --START--
INFO: Run Behavior\ReadHtmlCacheBehavior [ RunTime:0.000904s ]
INFO: Run Behavior\CheckLangBehavior [ RunTime:0.001161s ]
INFO: [ app_begin ] --END-- [ RunTime:0.002108s ]

[ 2019-01-04T21:41:33+08:00 ] 127.0.0.1 /Pay_Charges_testqianyue_mid_10002.html
INFO: [ app_init ] --START--
INFO: Run Behavior\BuildLiteBehavior [ RunTime:0.000021s ]
INFO: [ app_init ] --END-- [ RunTime:0.000084s ]
INFO: [ app_begin ] --START--
INFO: Run Behavior\ReadHtmlCacheBehavior [ RunTime:0.000813s ]
INFO: Run Behavior\CheckLangBehavior [ RunTime:0.001329s ]
INFO: [ app_begin ] --END-- [ RunTime:0.002184s ]
SQL: SHOW COLUMNS FROM `pay_product` [ RunTime:0.0013s ]
SQL: SELECT * FROM `pay_product` WHERE `isdisplay` = 1 AND `status` = 1  [ RunTime:0.0010s ]
NOTIC: [8] Undefined variable: icon C:\work\juhe\Application\Pay\Controller\ChargesController.class.php 第 402 行.
NOTIC: [8] Undefined variable: icon C:\work\juhe\Application\Pay\Controller\ChargesController.class.php 第 402 行.
SQL: SELECT * FROM `pay_product` WHERE `isdisplay` = 1 AND `status` = 1  [ RunTime:0.0020s ]
SQL: SHOW COLUMNS FROM `pay_systembank` [ RunTime:0.0013s ]
SQL: SELECT * FROM `pay_systembank` WHERE `is_off` = 1  [ RunTime:0.0005s ]
INFO: [ view_parse ] --START--
INFO: [ template_filter ] --START--
INFO: Run Behavior\ContentReplaceBehavior [ RunTime:0.000032s ]
INFO: [ template_filter ] --END-- [ RunTime:0.000050s ]
NOTIC: [8] Undefined variable: siteurl C:\work\juhe\Runtime\Cache\Pay\1d7fd854e12e4c3d33dff394f3f9effe.php 第 12 行.
NOTIC: [8] Undefined variable: siteurl C:\work\juhe\Runtime\Cache\Pay\1d7fd854e12e4c3d33dff394f3f9effe.php 第 13 行.
NOTIC: [8] Undefined variable: siteurl C:\work\juhe\Runtime\Cache\Pay\1d7fd854e12e4c3d33dff394f3f9effe.php 第 15 行.
NOTIC: [8] Undefined variable: siteurl C:\work\juhe\Runtime\Cache\Pay\1d7fd854e12e4c3d33dff394f3f9effe.php 第 16 行.
NOTIC: [8] Undefined variable: siteurl C:\work\juhe\Runtime\Cache\Pay\1d7fd854e12e4c3d33dff394f3f9effe.php 第 18 行.
NOTIC: [8] Undefined variable: siteurl C:\work\juhe\Runtime\Cache\Pay\1d7fd854e12e4c3d33dff394f3f9effe.php 第 19 行.
NOTIC: [8] Undefined variable: siteurl C:\work\juhe\Runtime\Cache\Pay\1d7fd854e12e4c3d33dff394f3f9effe.php 第 21 行.
NOTIC: [8] Undefined variable: siteurl C:\work\juhe\Runtime\Cache\Pay\1d7fd854e12e4c3d33dff394f3f9effe.php 第 184 行.
NOTIC: [8] Undefined variable: siteurl C:\work\juhe\Runtime\Cache\Pay\1d7fd854e12e4c3d33dff394f3f9effe.php 第 186 行.
NOTIC: [8] Undefined variable: siteurl C:\work\juhe\Runtime\Cache\Pay\1d7fd854e12e4c3d33dff394f3f9effe.php 第 188 行.
NOTIC: [8] Undefined variable: siteurl C:\work\juhe\Runtime\Cache\Pay\1d7fd854e12e4c3d33dff394f3f9effe.php 第 190 行.
NOTIC: [8] Undefined variable: siteurl C:\work\juhe\Runtime\Cache\Pay\1d7fd854e12e4c3d33dff394f3f9effe.php 第 192 行.
NOTIC: [8] Undefined variable: siteurl C:\work\juhe\Runtime\Cache\Pay\1d7fd854e12e4c3d33dff394f3f9effe.php 第 193 行.
NOTIC: [8] Undefined variable: siteurl C:\work\juhe\Runtime\Cache\Pay\1d7fd854e12e4c3d33dff394f3f9effe.php 第 195 行.
NOTIC: [8] Undefined variable: siteurl C:\work\juhe\Runtime\Cache\Pay\1d7fd854e12e4c3d33dff394f3f9effe.php 第 196 行.
INFO: Run Behavior\ParseTemplateBehavior [ RunTime:0.006338s ]
INFO: [ view_parse ] --END-- [ RunTime:0.006355s ]
INFO: [ view_filter ] --START--
INFO: Run Behavior\WriteHtmlCacheBehavior [ RunTime:0.000636s ]
INFO: Run Behavior\TokenBuildBehavior [ RunTime:0.001174s ]
INFO: [ view_filter ] --END-- [ RunTime:0.001840s ]
INFO: [ app_end ] --START--
INFO: Run Behavior\ShowPageTraceBehavior [ RunTime:0.000814s ]
INFO: [ app_end ] --END-- [ RunTime:0.000835s ]

[ 2019-01-04T21:41:40+08:00 ] 127.0.0.1 /Pay_Sign_index.html
INFO: [ app_init ] --START--
INFO: Run Behavior\BuildLiteBehavior [ RunTime:0.000276s ]
INFO: [ app_init ] --END-- [ RunTime:0.000433s ]
INFO: [ app_begin ] --START--
INFO: Run Behavior\ReadHtmlCacheBehavior [ RunTime:0.000886s ]
INFO: Run Behavior\CheckLangBehavior [ RunTime:0.001158s ]
INFO: [ app_begin ] --END-- [ RunTime:0.002078s ]

[ 2019-01-04T21:55:12+08:00 ] 127.0.0.1 /Pay_Charges_testqianyue_mid_10002.html
INFO: [ app_init ] --START--
INFO: Run Behavior\BuildLiteBehavior [ RunTime:0.000008s ]
INFO: [ app_init ] --END-- [ RunTime:0.000044s ]
INFO: [ app_begin ] --START--
INFO: Run Behavior\ReadHtmlCacheBehavior [ RunTime:0.000736s ]
INFO: Run Behavior\CheckLangBehavior [ RunTime:0.001224s ]
INFO: [ app_begin ] --END-- [ RunTime:0.002002s ]
SQL: SHOW COLUMNS FROM `pay_product` [ RunTime:0.0012s ]
SQL: SELECT * FROM `pay_product` WHERE `isdisplay` = 1 AND `status` = 1  [ RunTime:0.0004s ]
NOTIC: [8] Undefined variable: icon C:\work\juhe\Application\Pay\Controller\ChargesController.class.php 第 402 行.
NOTIC: [8] Undefined variable: icon C:\work\juhe\Application\Pay\Controller\ChargesController.class.php 第 402 行.
SQL: SELECT * FROM `pay_product` WHERE `isdisplay` = 1 AND `status` = 1  [ RunTime:0.0003s ]
SQL: SHOW COLUMNS FROM `pay_systembank` [ RunTime:0.0018s ]
SQL: SELECT * FROM `pay_systembank` WHERE `is_off` = 1  [ RunTime:0.0013s ]
INFO: [ view_parse ] --START--
INFO: [ template_filter ] --START--
INFO: Run Behavior\ContentReplaceBehavior [ RunTime:0.000032s ]
INFO: [ template_filter ] --END-- [ RunTime:0.000054s ]
NOTIC: [8] Undefined variable: siteurl C:\work\juhe\Runtime\Cache\Pay\1d7fd854e12e4c3d33dff394f3f9effe.php 第 12 行.
NOTIC: [8] Undefined variable: siteurl C:\work\juhe\Runtime\Cache\Pay\1d7fd854e12e4c3d33dff394f3f9effe.php 第 13 行.
NOTIC: [8] Undefined variable: siteurl C:\work\juhe\Runtime\Cache\Pay\1d7fd854e12e4c3d33dff394f3f9effe.php 第 15 行.
NOTIC: [8] Undefined variable: siteurl C:\work\juhe\Runtime\Cache\Pay\1d7fd854e12e4c3d33dff394f3f9effe.php 第 16 行.
NOTIC: [8] Undefined variable: siteurl C:\work\juhe\Runtime\Cache\Pay\1d7fd854e12e4c3d33dff394f3f9effe.php 第 18 行.
NOTIC: [8] Undefined variable: siteurl C:\work\juhe\Runtime\Cache\Pay\1d7fd854e12e4c3d33dff394f3f9effe.php 第 19 行.
NOTIC: [8] Undefined variable: siteurl C:\work\juhe\Runtime\Cache\Pay\1d7fd854e12e4c3d33dff394f3f9effe.php 第 21 行.
NOTIC: [8] Undefined variable: siteurl C:\work\juhe\Runtime\Cache\Pay\1d7fd854e12e4c3d33dff394f3f9effe.php 第 184 行.
NOTIC: [8] Undefined variable: siteurl C:\work\juhe\Runtime\Cache\Pay\1d7fd854e12e4c3d33dff394f3f9effe.php 第 186 行.
NOTIC: [8] Undefined variable: siteurl C:\work\juhe\Runtime\Cache\Pay\1d7fd854e12e4c3d33dff394f3f9effe.php 第 188 行.
NOTIC: [8] Undefined variable: siteurl C:\work\juhe\Runtime\Cache\Pay\1d7fd854e12e4c3d33dff394f3f9effe.php 第 190 行.
NOTIC: [8] Undefined variable: siteurl C:\work\juhe\Runtime\Cache\Pay\1d7fd854e12e4c3d33dff394f3f9effe.php 第 192 行.
NOTIC: [8] Undefined variable: siteurl C:\work\juhe\Runtime\Cache\Pay\1d7fd854e12e4c3d33dff394f3f9effe.php 第 193 行.
NOTIC: [8] Undefined variable: siteurl C:\work\juhe\Runtime\Cache\Pay\1d7fd854e12e4c3d33dff394f3f9effe.php 第 195 行.
NOTIC: [8] Undefined variable: siteurl C:\work\juhe\Runtime\Cache\Pay\1d7fd854e12e4c3d33dff394f3f9effe.php 第 196 行.
INFO: Run Behavior\ParseTemplateBehavior [ RunTime:0.006924s ]
INFO: [ view_parse ] --END-- [ RunTime:0.006995s ]
INFO: [ view_filter ] --START--
INFO: Run Behavior\WriteHtmlCacheBehavior [ RunTime:0.000769s ]
INFO: Run Behavior\TokenBuildBehavior [ RunTime:0.001195s ]
INFO: [ view_filter ] --END-- [ RunTime:0.002016s ]
INFO: [ app_end ] --START--
INFO: Run Behavior\ShowPageTraceBehavior [ RunTime:0.000822s ]
INFO: [ app_end ] --END-- [ RunTime:0.000843s ]

[ 2019-01-04T21:57:27+08:00 ] 127.0.0.1 /Pay_Sign_index.html
INFO: [ app_init ] --START--
INFO: Run Behavior\BuildLiteBehavior [ RunTime:0.000005s ]
INFO: [ app_init ] --END-- [ RunTime:0.000033s ]
INFO: [ app_begin ] --START--
INFO: Run Behavior\ReadHtmlCacheBehavior [ RunTime:0.000739s ]
INFO: Run Behavior\CheckLangBehavior [ RunTime:0.001207s ]
INFO: [ app_begin ] --END-- [ RunTime:0.001984s ]

[ 2019-01-04T22:01:56+08:00 ] 127.0.0.1 /Pay_Sign_index.html
INFO: [ app_init ] --START--
INFO: Run Behavior\BuildLiteBehavior [ RunTime:0.000008s ]
INFO: [ app_init ] --END-- [ RunTime:0.000035s ]
INFO: [ app_begin ] --START--
INFO: Run Behavior\ReadHtmlCacheBehavior [ RunTime:0.001142s ]
INFO: Run Behavior\CheckLangBehavior [ RunTime:0.001927s ]
INFO: [ app_begin ] --END-- [ RunTime:0.003153s ]

[ 2019-01-04T22:02:01+08:00 ] 127.0.0.1 /Pay_Charges_testqianyue_mid_10002.html
INFO: [ app_init ] --START--
INFO: Run Behavior\BuildLiteBehavior [ RunTime:0.000008s ]
INFO: [ app_init ] --END-- [ RunTime:0.000057s ]
INFO: [ app_begin ] --START--
INFO: Run Behavior\ReadHtmlCacheBehavior [ RunTime:0.000691s ]
INFO: Run Behavior\CheckLangBehavior [ RunTime:0.001097s ]
INFO: [ app_begin ] --END-- [ RunTime:0.001828s ]
SQL: SHOW COLUMNS FROM `pay_product` [ RunTime:0.0019s ]
SQL: SELECT * FROM `pay_product` WHERE `isdisplay` = 1 AND `status` = 1  [ RunTime:0.0021s ]
NOTIC: [8] Undefined variable: icon C:\work\juhe\Application\Pay\Controller\ChargesController.class.php 第 402 行.
NOTIC: [8] Undefined variable: icon C:\work\juhe\Application\Pay\Controller\ChargesController.class.php 第 402 行.
SQL: SELECT * FROM `pay_product` WHERE `isdisplay` = 1 AND `status` = 1  [ RunTime:0.0006s ]
SQL: SHOW COLUMNS FROM `pay_systembank` [ RunTime:0.0008s ]
SQL: SELECT * FROM `pay_systembank` WHERE `is_off` = 1  [ RunTime:0.0004s ]
INFO: [ view_parse ] --START--
INFO: [ template_filter ] --START--
INFO: Run Behavior\ContentReplaceBehavior [ RunTime:0.000035s ]
INFO: [ template_filter ] --END-- [ RunTime:0.000058s ]
NOTIC: [8] Undefined variable: siteurl C:\work\juhe\Runtime\Cache\Pay\1d7fd854e12e4c3d33dff394f3f9effe.php 第 12 行.
NOTIC: [8] Undefined variable: siteurl C:\work\juhe\Runtime\Cache\Pay\1d7fd854e12e4c3d33dff394f3f9effe.php 第 13 行.
NOTIC: [8] Undefined variable: siteurl C:\work\juhe\Runtime\Cache\Pay\1d7fd854e12e4c3d33dff394f3f9effe.php 第 15 行.
NOTIC: [8] Undefined variable: siteurl C:\work\juhe\Runtime\Cache\Pay\1d7fd854e12e4c3d33dff394f3f9effe.php 第 16 行.
NOTIC: [8] Undefined variable: siteurl C:\work\juhe\Runtime\Cache\Pay\1d7fd854e12e4c3d33dff394f3f9effe.php 第 18 行.
NOTIC: [8] Undefined variable: siteurl C:\work\juhe\Runtime\Cache\Pay\1d7fd854e12e4c3d33dff394f3f9effe.php 第 19 行.
NOTIC: [8] Undefined variable: siteurl C:\work\juhe\Runtime\Cache\Pay\1d7fd854e12e4c3d33dff394f3f9effe.php 第 21 行.
NOTIC: [8] Undefined variable: siteurl C:\work\juhe\Runtime\Cache\Pay\1d7fd854e12e4c3d33dff394f3f9effe.php 第 184 行.
NOTIC: [8] Undefined variable: siteurl C:\work\juhe\Runtime\Cache\Pay\1d7fd854e12e4c3d33dff394f3f9effe.php 第 186 行.
NOTIC: [8] Undefined variable: siteurl C:\work\juhe\Runtime\Cache\Pay\1d7fd854e12e4c3d33dff394f3f9effe.php 第 188 行.
NOTIC: [8] Undefined variable: siteurl C:\work\juhe\Runtime\Cache\Pay\1d7fd854e12e4c3d33dff394f3f9effe.php 第 190 行.
NOTIC: [8] Undefined variable: siteurl C:\work\juhe\Runtime\Cache\Pay\1d7fd854e12e4c3d33dff394f3f9effe.php 第 192 行.
NOTIC: [8] Undefined variable: siteurl C:\work\juhe\Runtime\Cache\Pay\1d7fd854e12e4c3d33dff394f3f9effe.php 第 193 行.
NOTIC: [8] Undefined variable: siteurl C:\work\juhe\Runtime\Cache\Pay\1d7fd854e12e4c3d33dff394f3f9effe.php 第 195 行.
NOTIC: [8] Undefined variable: siteurl C:\work\juhe\Runtime\Cache\Pay\1d7fd854e12e4c3d33dff394f3f9effe.php 第 196 行.
INFO: Run Behavior\ParseTemplateBehavior [ RunTime:0.010700s ]
INFO: [ view_parse ] --END-- [ RunTime:0.010719s ]
INFO: [ view_filter ] --START--
INFO: Run Behavior\WriteHtmlCacheBehavior [ RunTime:0.000603s ]
INFO: Run Behavior\TokenBuildBehavior [ RunTime:0.001137s ]
INFO: [ view_filter ] --END-- [ RunTime:0.001770s ]
INFO: [ app_end ] --START--
INFO: Run Behavior\ShowPageTraceBehavior [ RunTime:0.000849s ]
INFO: [ app_end ] --END-- [ RunTime:0.000875s ]

[ 2019-01-04T22:02:03+08:00 ] 127.0.0.1 /Pay_Sign_index.html
INFO: [ app_init ] --START--
INFO: Run Behavior\BuildLiteBehavior [ RunTime:0.000006s ]
INFO: [ app_init ] --END-- [ RunTime:0.000032s ]
INFO: [ app_begin ] --START--
INFO: Run Behavior\ReadHtmlCacheBehavior [ RunTime:0.000703s ]
INFO: Run Behavior\CheckLangBehavior [ RunTime:0.001085s ]
INFO: [ app_begin ] --END-- [ RunTime:0.001823s ]

[ 2019-01-04T22:02:38+08:00 ] 127.0.0.1 /Pay_Sign_index.html
INFO: [ app_init ] --START--
INFO: Run Behavior\BuildLiteBehavior [ RunTime:0.000007s ]
INFO: [ app_init ] --END-- [ RunTime:0.000041s ]
INFO: [ app_begin ] --START--
INFO: Run Behavior\ReadHtmlCacheBehavior [ RunTime:0.002058s ]
INFO: Run Behavior\CheckLangBehavior [ RunTime:0.001300s ]
INFO: [ app_begin ] --END-- [ RunTime:0.003431s ]

[ 2019-01-04T22:03:34+08:00 ] 127.0.0.1 /Pay_Charges_testqianyue_mid_10002.html
INFO: [ app_init ] --START--
INFO: Run Behavior\BuildLiteBehavior [ RunTime:0.000005s ]
INFO: [ app_init ] --END-- [ RunTime:0.000029s ]
INFO: [ app_begin ] --START--
INFO: Run Behavior\ReadHtmlCacheBehavior [ RunTime:0.002339s ]
INFO: Run Behavior\CheckLangBehavior [ RunTime:0.001128s ]
INFO: [ app_begin ] --END-- [ RunTime:0.003603s ]
SQL: SHOW COLUMNS FROM `pay_product` [ RunTime:0.0014s ]
SQL: SELECT * FROM `pay_product` WHERE `isdisplay` = 1 AND `status` = 1  [ RunTime:0.0004s ]
NOTIC: [8] Undefined variable: icon C:\work\juhe\Application\Pay\Controller\ChargesController.class.php 第 402 行.
NOTIC: [8] Undefined variable: icon C:\work\juhe\Application\Pay\Controller\ChargesController.class.php 第 402 行.
SQL: SELECT * FROM `pay_product` WHERE `isdisplay` = 1 AND `status` = 1  [ RunTime:0.0003s ]
SQL: SHOW COLUMNS FROM `pay_systembank` [ RunTime:0.0007s ]
SQL: SELECT * FROM `pay_systembank` WHERE `is_off` = 1  [ RunTime:0.0003s ]
INFO: [ view_parse ] --START--
INFO: [ template_filter ] --START--
INFO: Run Behavior\ContentReplaceBehavior [ RunTime:0.000042s ]
INFO: [ template_filter ] --END-- [ RunTime:0.000080s ]
NOTIC: [8] Undefined variable: siteurl C:\work\juhe\Runtime\Cache\Pay\1d7fd854e12e4c3d33dff394f3f9effe.php 第 12 行.
NOTIC: [8] Undefined variable: siteurl C:\work\juhe\Runtime\Cache\Pay\1d7fd854e12e4c3d33dff394f3f9effe.php 第 13 行.
NOTIC: [8] Undefined variable: siteurl C:\work\juhe\Runtime\Cache\Pay\1d7fd854e12e4c3d33dff394f3f9effe.php 第 15 行.
NOTIC: [8] Undefined variable: siteurl C:\work\juhe\Runtime\Cache\Pay\1d7fd854e12e4c3d33dff394f3f9effe.php 第 16 行.
NOTIC: [8] Undefined variable: siteurl C:\work\juhe\Runtime\Cache\Pay\1d7fd854e12e4c3d33dff394f3f9effe.php 第 18 行.
NOTIC: [8] Undefined variable: siteurl C:\work\juhe\Runtime\Cache\Pay\1d7fd854e12e4c3d33dff394f3f9effe.php 第 19 行.
NOTIC: [8] Undefined variable: siteurl C:\work\juhe\Runtime\Cache\Pay\1d7fd854e12e4c3d33dff394f3f9effe.php 第 21 行.
NOTIC: [8] Undefined variable: siteurl C:\work\juhe\Runtime\Cache\Pay\1d7fd854e12e4c3d33dff394f3f9effe.php 第 184 行.
NOTIC: [8] Undefined variable: siteurl C:\work\juhe\Runtime\Cache\Pay\1d7fd854e12e4c3d33dff394f3f9effe.php 第 186 行.
NOTIC: [8] Undefined variable: siteurl C:\work\juhe\Runtime\Cache\Pay\1d7fd854e12e4c3d33dff394f3f9effe.php 第 188 行.
NOTIC: [8] Undefined variable: siteurl C:\work\juhe\Runtime\Cache\Pay\1d7fd854e12e4c3d33dff394f3f9effe.php 第 190 行.
NOTIC: [8] Undefined variable: siteurl C:\work\juhe\Runtime\Cache\Pay\1d7fd854e12e4c3d33dff394f3f9effe.php 第 192 行.
NOTIC: [8] Undefined variable: siteurl C:\work\juhe\Runtime\Cache\Pay\1d7fd854e12e4c3d33dff394f3f9effe.php 第 193 行.
NOTIC: [8] Undefined variable: siteurl C:\work\juhe\Runtime\Cache\Pay\1d7fd854e12e4c3d33dff394f3f9effe.php 第 195 行.
NOTIC: [8] Undefined variable: siteurl C:\work\juhe\Runtime\Cache\Pay\1d7fd854e12e4c3d33dff394f3f9effe.php 第 196 行.
INFO: Run Behavior\ParseTemplateBehavior [ RunTime:0.007889s ]
INFO: [ view_parse ] --END-- [ RunTime:0.007920s ]
INFO: [ view_filter ] --START--
INFO: Run Behavior\WriteHtmlCacheBehavior [ RunTime:0.001133s ]
INFO: Run Behavior\TokenBuildBehavior [ RunTime:0.002604s ]
INFO: [ view_filter ] --END-- [ RunTime:0.003828s ]
INFO: [ app_end ] --START--
INFO: Run Behavior\ShowPageTraceBehavior [ RunTime:0.001356s ]
INFO: [ app_end ] --END-- [ RunTime:0.001486s ]

[ 2019-01-04T22:03:39+08:00 ] 127.0.0.1 /Pay_Sign_index.html
INFO: [ app_init ] --START--
INFO: Run Behavior\BuildLiteBehavior [ RunTime:0.000009s ]
INFO: [ app_init ] --END-- [ RunTime:0.000029s ]
INFO: [ app_begin ] --START--
INFO: Run Behavior\ReadHtmlCacheBehavior [ RunTime:0.000794s ]
INFO: Run Behavior\CheckLangBehavior [ RunTime:0.001209s ]
INFO: [ app_begin ] --END-- [ RunTime:0.002056s ]

[ 2019-01-04T22:04:20+08:00 ] 127.0.0.1 /Pay_Sign_index.html
INFO: [ app_init ] --START--
INFO: Run Behavior\BuildLiteBehavior [ RunTime:0.000006s ]
INFO: [ app_init ] --END-- [ RunTime:0.000029s ]
INFO: [ app_begin ] --START--
INFO: Run Behavior\ReadHtmlCacheBehavior [ RunTime:0.001693s ]
INFO: Run Behavior\CheckLangBehavior [ RunTime:0.001551s ]
INFO: [ app_begin ] --END-- [ RunTime:0.003361s ]

[ 2019-01-04T22:07:31+08:00 ] 127.0.0.1 /Pay_Charges_testqianyue_mid_10002.html
INFO: [ app_init ] --START--
INFO: Run Behavior\BuildLiteBehavior [ RunTime:0.000007s ]
INFO: [ app_init ] --END-- [ RunTime:0.000036s ]
INFO: [ app_begin ] --START--
INFO: Run Behavior\ReadHtmlCacheBehavior [ RunTime:0.000820s ]
INFO: Run Behavior\CheckLangBehavior [ RunTime:0.001256s ]
INFO: [ app_begin ] --END-- [ RunTime:0.002114s ]
SQL: SHOW COLUMNS FROM `pay_product` [ RunTime:0.0009s ]
SQL: SELECT * FROM `pay_product` WHERE `isdisplay` = 1 AND `status` = 1  [ RunTime:0.0004s ]
NOTIC: [8] Undefined variable: icon C:\work\juhe\Application\Pay\Controller\ChargesController.class.php 第 402 行.
NOTIC: [8] Undefined variable: icon C:\work\juhe\Application\Pay\Controller\ChargesController.class.php 第 402 行.
SQL: SELECT * FROM `pay_product` WHERE `isdisplay` = 1 AND `status` = 1  [ RunTime:0.0003s ]
SQL: SHOW COLUMNS FROM `pay_systembank` [ RunTime:0.0006s ]
SQL: SELECT * FROM `pay_systembank` WHERE `is_off` = 1  [ RunTime:0.0003s ]
INFO: [ view_parse ] --START--
INFO: [ template_filter ] --START--
INFO: Run Behavior\ContentReplaceBehavior [ RunTime:0.000032s ]
INFO: [ template_filter ] --END-- [ RunTime:0.000052s ]
NOTIC: [8] Undefined variable: siteurl C:\work\juhe\Runtime\Cache\Pay\1d7fd854e12e4c3d33dff394f3f9effe.php 第 12 行.
NOTIC: [8] Undefined variable: siteurl C:\work\juhe\Runtime\Cache\Pay\1d7fd854e12e4c3d33dff394f3f9effe.php 第 13 行.
NOTIC: [8] Undefined variable: siteurl C:\work\juhe\Runtime\Cache\Pay\1d7fd854e12e4c3d33dff394f3f9effe.php 第 15 行.
NOTIC: [8] Undefined variable: siteurl C:\work\juhe\Runtime\Cache\Pay\1d7fd854e12e4c3d33dff394f3f9effe.php 第 16 行.
NOTIC: [8] Undefined variable: siteurl C:\work\juhe\Runtime\Cache\Pay\1d7fd854e12e4c3d33dff394f3f9effe.php 第 18 行.
NOTIC: [8] Undefined variable: siteurl C:\work\juhe\Runtime\Cache\Pay\1d7fd854e12e4c3d33dff394f3f9effe.php 第 19 行.
NOTIC: [8] Undefined variable: siteurl C:\work\juhe\Runtime\Cache\Pay\1d7fd854e12e4c3d33dff394f3f9effe.php 第 21 行.
NOTIC: [8] Undefined variable: siteurl C:\work\juhe\Runtime\Cache\Pay\1d7fd854e12e4c3d33dff394f3f9effe.php 第 184 行.
NOTIC: [8] Undefined variable: siteurl C:\work\juhe\Runtime\Cache\Pay\1d7fd854e12e4c3d33dff394f3f9effe.php 第 186 行.
NOTIC: [8] Undefined variable: siteurl C:\work\juhe\Runtime\Cache\Pay\1d7fd854e12e4c3d33dff394f3f9effe.php 第 188 行.
NOTIC: [8] Undefined variable: siteurl C:\work\juhe\Runtime\Cache\Pay\1d7fd854e12e4c3d33dff394f3f9effe.php 第 190 行.
NOTIC: [8] Undefined variable: siteurl C:\work\juhe\Runtime\Cache\Pay\1d7fd854e12e4c3d33dff394f3f9effe.php 第 192 行.
NOTIC: [8] Undefined variable: siteurl C:\work\juhe\Runtime\Cache\Pay\1d7fd854e12e4c3d33dff394f3f9effe.php 第 193 行.
NOTIC: [8] Undefined variable: siteurl C:\work\juhe\Runtime\Cache\Pay\1d7fd854e12e4c3d33dff394f3f9effe.php 第 195 行.
NOTIC: [8] Undefined variable: siteurl C:\work\juhe\Runtime\Cache\Pay\1d7fd854e12e4c3d33dff394f3f9effe.php 第 196 行.
INFO: Run Behavior\ParseTemplateBehavior [ RunTime:0.009242s ]
INFO: [ view_parse ] --END-- [ RunTime:0.009261s ]
INFO: [ view_filter ] --START--
INFO: Run Behavior\WriteHtmlCacheBehavior [ RunTime:0.000624s ]
INFO: Run Behavior\TokenBuildBehavior [ RunTime:0.001141s ]
INFO: [ view_filter ] --END-- [ RunTime:0.001793s ]
INFO: [ app_end ] --START--
INFO: Run Behavior\ShowPageTraceBehavior [ RunTime:0.000858s ]
INFO: [ app_end ] --END-- [ RunTime:0.000879s ]

[ 2019-01-04T22:07:46+08:00 ] 127.0.0.1 /Pay_index.html
INFO: [ app_init ] --START--
INFO: Run Behavior\BuildLiteBehavior [ RunTime:0.000005s ]
INFO: [ app_init ] --END-- [ RunTime:0.000026s ]
INFO: [ app_begin ] --START--
INFO: Run Behavior\ReadHtmlCacheBehavior [ RunTime:0.001826s ]
INFO: Run Behavior\CheckLangBehavior [ RunTime:0.001967s ]
INFO: [ app_begin ] --END-- [ RunTime:0.003934s ]
SQL: SHOW COLUMNS FROM `pay_websiteconfig` [ RunTime:0.0020s ]
SQL: SELECT `is_repeat_order` FROM `pay_websiteconfig` LIMIT 1   [ RunTime:0.0036s ]
SQL: SHOW COLUMNS FROM `pay_user_riskcontrol_config` [ RunTime:0.0009s ]
SQL: SHOW COLUMNS FROM `pay_member` [ RunTime:0.0009s ]
SQL: SELECT `id`,`unit_paying_number`,`unit_frist_paying_time`,`unit_paying_amount`,`paying_money`,`last_paying_time` FROM `pay_member` WHERE `id` = 2 LIMIT 1   [ RunTime:0.0028s ]
SQL: SHOW COLUMNS FROM `pay_product` [ RunTime:0.0009s ]
SQL: SELECT COUNT(*) AS tp_count FROM `pay_product` WHERE `id` = 907 AND `status` = 1 LIMIT 1   [ RunTime:0.0016s ]
SQL: SHOW COLUMNS FROM `pay_product_user` [ RunTime:0.0006s ]
SQL: SELECT * FROM `pay_product_user` WHERE `pid` = 907 AND `userid` = 2 AND `status` = 1 LIMIT 1   [ RunTime:0.0005s ]
SQL: SHOW COLUMNS FROM `pay_channel` [ RunTime:0.0008s ]
SQL: SELECT * FROM `pay_channel` WHERE `id` = 0 LIMIT 1   [ RunTime:0.0004s ]

[ 2019-01-04T22:07:58+08:00 ] 127.0.0.1 /Pay_Charges_testqianyue_mid_10002.html
INFO: [ app_init ] --START--
INFO: Run Behavior\BuildLiteBehavior [ RunTime:0.000011s ]
INFO: [ app_init ] --END-- [ RunTime:0.000032s ]
INFO: [ app_begin ] --START--
INFO: Run Behavior\ReadHtmlCacheBehavior [ RunTime:0.000726s ]
INFO: Run Behavior\CheckLangBehavior [ RunTime:0.001010s ]
INFO: [ app_begin ] --END-- [ RunTime:0.001775s ]
SQL: SHOW COLUMNS FROM `pay_product` [ RunTime:0.0007s ]
SQL: SELECT * FROM `pay_product` WHERE `isdisplay` = 1 AND `status` = 1  [ RunTime:0.0117s ]
NOTIC: [8] Undefined variable: icon C:\work\juhe\Application\Pay\Controller\ChargesController.class.php 第 402 行.
NOTIC: [8] Undefined variable: icon C:\work\juhe\Application\Pay\Controller\ChargesController.class.php 第 402 行.
SQL: SELECT * FROM `pay_product` WHERE `isdisplay` = 1 AND `status` = 1  [ RunTime:0.0004s ]
SQL: SHOW COLUMNS FROM `pay_systembank` [ RunTime:0.0006s ]
SQL: SELECT * FROM `pay_systembank` WHERE `is_off` = 1  [ RunTime:0.0004s ]
INFO: [ view_parse ] --START--
INFO: [ template_filter ] --START--
INFO: Run Behavior\ContentReplaceBehavior [ RunTime:0.000038s ]
INFO: [ template_filter ] --END-- [ RunTime:0.000060s ]
NOTIC: [8] Undefined variable: siteurl C:\work\juhe\Runtime\Cache\Pay\1d7fd854e12e4c3d33dff394f3f9effe.php 第 12 行.
NOTIC: [8] Undefined variable: siteurl C:\work\juhe\Runtime\Cache\Pay\1d7fd854e12e4c3d33dff394f3f9effe.php 第 13 行.
NOTIC: [8] Undefined variable: siteurl C:\work\juhe\Runtime\Cache\Pay\1d7fd854e12e4c3d33dff394f3f9effe.php 第 15 行.
NOTIC: [8] Undefined variable: siteurl C:\work\juhe\Runtime\Cache\Pay\1d7fd854e12e4c3d33dff394f3f9effe.php 第 16 行.
NOTIC: [8] Undefined variable: siteurl C:\work\juhe\Runtime\Cache\Pay\1d7fd854e12e4c3d33dff394f3f9effe.php 第 18 行.
NOTIC: [8] Undefined variable: siteurl C:\work\juhe\Runtime\Cache\Pay\1d7fd854e12e4c3d33dff394f3f9effe.php 第 19 行.
NOTIC: [8] Undefined variable: siteurl C:\work\juhe\Runtime\Cache\Pay\1d7fd854e12e4c3d33dff394f3f9effe.php 第 21 行.
NOTIC: [8] Undefined variable: siteurl C:\work\juhe\Runtime\Cache\Pay\1d7fd854e12e4c3d33dff394f3f9effe.php 第 184 行.
NOTIC: [8] Undefined variable: siteurl C:\work\juhe\Runtime\Cache\Pay\1d7fd854e12e4c3d33dff394f3f9effe.php 第 186 行.
NOTIC: [8] Undefined variable: siteurl C:\work\juhe\Runtime\Cache\Pay\1d7fd854e12e4c3d33dff394f3f9effe.php 第 188 行.
NOTIC: [8] Undefined variable: siteurl C:\work\juhe\Runtime\Cache\Pay\1d7fd854e12e4c3d33dff394f3f9effe.php 第 190 行.
NOTIC: [8] Undefined variable: siteurl C:\work\juhe\Runtime\Cache\Pay\1d7fd854e12e4c3d33dff394f3f9effe.php 第 192 行.
NOTIC: [8] Undefined variable: siteurl C:\work\juhe\Runtime\Cache\Pay\1d7fd854e12e4c3d33dff394f3f9effe.php 第 193 行.
NOTIC: [8] Undefined variable: siteurl C:\work\juhe\Runtime\Cache\Pay\1d7fd854e12e4c3d33dff394f3f9effe.php 第 195 行.
NOTIC: [8] Undefined variable: siteurl C:\work\juhe\Runtime\Cache\Pay\1d7fd854e12e4c3d33dff394f3f9effe.php 第 196 行.
INFO: Run Behavior\ParseTemplateBehavior [ RunTime:0.005935s ]
INFO: [ view_parse ] --END-- [ RunTime:0.005957s ]
INFO: [ view_filter ] --START--
INFO: Run Behavior\WriteHtmlCacheBehavior [ RunTime:0.000656s ]
INFO: Run Behavior\TokenBuildBehavior [ RunTime:0.001182s ]
INFO: [ view_filter ] --END-- [ RunTime:0.001912s ]
INFO: [ app_end ] --START--
INFO: Run Behavior\ShowPageTraceBehavior [ RunTime:0.000946s ]
INFO: [ app_end ] --END-- [ RunTime:0.000980s ]

[ 2019-01-04T22:08:07+08:00 ] 127.0.0.1 /Pay_index.html
INFO: [ app_init ] --START--
INFO: Run Behavior\BuildLiteBehavior [ RunTime:0.000008s ]
INFO: [ app_init ] --END-- [ RunTime:0.000029s ]
INFO: [ app_begin ] --START--
INFO: Run Behavior\ReadHtmlCacheBehavior [ RunTime:0.000894s ]
INFO: Run Behavior\CheckLangBehavior [ RunTime:0.001527s ]
INFO: [ app_begin ] --END-- [ RunTime:0.002474s ]
SQL: SHOW COLUMNS FROM `pay_websiteconfig` [ RunTime:0.0008s ]
SQL: SELECT `is_repeat_order` FROM `pay_websiteconfig` LIMIT 1   [ RunTime:0.0003s ]
SQL: SHOW COLUMNS FROM `pay_user_riskcontrol_config` [ RunTime:0.0013s ]
SQL: SHOW COLUMNS FROM `pay_member` [ RunTime:0.0010s ]
SQL: SELECT `id`,`unit_paying_number`,`unit_frist_paying_time`,`unit_paying_amount`,`paying_money`,`last_paying_time` FROM `pay_member` WHERE `id` = 2 LIMIT 1   [ RunTime:0.0003s ]
SQL: SHOW COLUMNS FROM `pay_product` [ RunTime:0.0005s ]
SQL: SELECT COUNT(*) AS tp_count FROM `pay_product` WHERE `id` = 907 AND `status` = 1 LIMIT 1   [ RunTime:0.0003s ]
SQL: SHOW COLUMNS FROM `pay_product_user` [ RunTime:0.0005s ]
SQL: SELECT * FROM `pay_product_user` WHERE `pid` = 907 AND `userid` = 2 AND `status` = 1 LIMIT 1   [ RunTime:0.0003s ]
SQL: SHOW COLUMNS FROM `pay_channel` [ RunTime:0.0007s ]
SQL: SELECT * FROM `pay_channel` WHERE `id` = 0 LIMIT 1   [ RunTime:0.0003s ]

[ 2019-01-04T22:08:26+08:00 ] 127.0.0.1 /Pay_Charges_checkmd5str.html
INFO: [ app_init ] --START--
INFO: Run Behavior\BuildLiteBehavior [ RunTime:0.000007s ]
INFO: [ app_init ] --END-- [ RunTime:0.000035s ]
INFO: [ app_begin ] --START--
INFO: Run Behavior\ReadHtmlCacheBehavior [ RunTime:0.000647s ]
INFO: Run Behavior\CheckLangBehavior [ RunTime:0.001022s ]
INFO: [ app_begin ] --END-- [ RunTime:0.001704s ]
SQL: SHOW COLUMNS FROM `pay_member` [ RunTime:0.0009s ]
SQL: SELECT `apikey` FROM `pay_member` WHERE `id` = 2 LIMIT 1   [ RunTime:0.0003s ]
INFO: [ app_end ] --START--
INFO: Run Behavior\ShowPageTraceBehavior [ RunTime:0.000785s ]
INFO: [ app_end ] --END-- [ RunTime:0.000802s ]

[ 2019-01-04T22:08:28+08:00 ] 127.0.0.1 /Pay_Charges_testqianyue_mid_10002.html
INFO: [ app_init ] --START--
INFO: Run Behavior\BuildLiteBehavior [ RunTime:0.000005s ]
INFO: [ app_init ] --END-- [ RunTime:0.000027s ]
INFO: [ app_begin ] --START--
INFO: Run Behavior\ReadHtmlCacheBehavior [ RunTime:0.000873s ]
INFO: Run Behavior\CheckLangBehavior [ RunTime:0.001101s ]
INFO: [ app_begin ] --END-- [ RunTime:0.002018s ]
SQL: SHOW COLUMNS FROM `pay_product` [ RunTime:0.0020s ]
SQL: SELECT * FROM `pay_product` WHERE `isdisplay` = 1 AND `status` = 1  [ RunTime:0.0004s ]
NOTIC: [8] Undefined variable: icon C:\work\juhe\Application\Pay\Controller\ChargesController.class.php 第 402 行.
NOTIC: [8] Undefined variable: icon C:\work\juhe\Application\Pay\Controller\ChargesController.class.php 第 402 行.
SQL: SELECT * FROM `pay_product` WHERE `isdisplay` = 1 AND `status` = 1  [ RunTime:0.0003s ]
SQL: SHOW COLUMNS FROM `pay_systembank` [ RunTime:0.0006s ]
SQL: SELECT * FROM `pay_systembank` WHERE `is_off` = 1  [ RunTime:0.0004s ]
INFO: [ view_parse ] --START--
INFO: [ template_filter ] --START--
INFO: Run Behavior\ContentReplaceBehavior [ RunTime:0.000031s ]
INFO: [ template_filter ] --END-- [ RunTime:0.000053s ]
NOTIC: [8] Undefined variable: siteurl C:\work\juhe\Runtime\Cache\Pay\1d7fd854e12e4c3d33dff394f3f9effe.php 第 12 行.
NOTIC: [8] Undefined variable: siteurl C:\work\juhe\Runtime\Cache\Pay\1d7fd854e12e4c3d33dff394f3f9effe.php 第 13 行.
NOTIC: [8] Undefined variable: siteurl C:\work\juhe\Runtime\Cache\Pay\1d7fd854e12e4c3d33dff394f3f9effe.php 第 15 行.
NOTIC: [8] Undefined variable: siteurl C:\work\juhe\Runtime\Cache\Pay\1d7fd854e12e4c3d33dff394f3f9effe.php 第 16 行.
NOTIC: [8] Undefined variable: siteurl C:\work\juhe\Runtime\Cache\Pay\1d7fd854e12e4c3d33dff394f3f9effe.php 第 18 行.
NOTIC: [8] Undefined variable: siteurl C:\work\juhe\Runtime\Cache\Pay\1d7fd854e12e4c3d33dff394f3f9effe.php 第 19 行.
NOTIC: [8] Undefined variable: siteurl C:\work\juhe\Runtime\Cache\Pay\1d7fd854e12e4c3d33dff394f3f9effe.php 第 21 行.
NOTIC: [8] Undefined variable: siteurl C:\work\juhe\Runtime\Cache\Pay\1d7fd854e12e4c3d33dff394f3f9effe.php 第 184 行.
NOTIC: [8] Undefined variable: siteurl C:\work\juhe\Runtime\Cache\Pay\1d7fd854e12e4c3d33dff394f3f9effe.php 第 186 行.
NOTIC: [8] Undefined variable: siteurl C:\work\juhe\Runtime\Cache\Pay\1d7fd854e12e4c3d33dff394f3f9effe.php 第 188 行.
NOTIC: [8] Undefined variable: siteurl C:\work\juhe\Runtime\Cache\Pay\1d7fd854e12e4c3d33dff394f3f9effe.php 第 190 行.
NOTIC: [8] Undefined variable: siteurl C:\work\juhe\Runtime\Cache\Pay\1d7fd854e12e4c3d33dff394f3f9effe.php 第 192 行.
NOTIC: [8] Undefined variable: siteurl C:\work\juhe\Runtime\Cache\Pay\1d7fd854e12e4c3d33dff394f3f9effe.php 第 193 行.
NOTIC: [8] Undefined variable: siteurl C:\work\juhe\Runtime\Cache\Pay\1d7fd854e12e4c3d33dff394f3f9effe.php 第 195 行.
NOTIC: [8] Undefined variable: siteurl C:\work\juhe\Runtime\Cache\Pay\1d7fd854e12e4c3d33dff394f3f9effe.php 第 196 行.
INFO: Run Behavior\ParseTemplateBehavior [ RunTime:0.006313s ]
INFO: [ view_parse ] --END-- [ RunTime:0.006331s ]
INFO: [ view_filter ] --START--
INFO: Run Behavior\WriteHtmlCacheBehavior [ RunTime:0.000594s ]
INFO: Run Behavior\TokenBuildBehavior [ RunTime:0.001200s ]
INFO: [ view_filter ] --END-- [ RunTime:0.001823s ]
INFO: [ app_end ] --START--
INFO: Run Behavior\ShowPageTraceBehavior [ RunTime:0.000762s ]
INFO: [ app_end ] --END-- [ RunTime:0.000786s ]

[ 2019-01-04T22:08:32+08:00 ] 127.0.0.1 /Pay_Charges_checkmd5str.html
INFO: [ app_init ] --START--
INFO: Run Behavior\BuildLiteBehavior [ RunTime:0.000009s ]
INFO: [ app_init ] --END-- [ RunTime:0.000038s ]
INFO: [ app_begin ] --START--
INFO: Run Behavior\ReadHtmlCacheBehavior [ RunTime:0.000799s ]
INFO: Run Behavior\CheckLangBehavior [ RunTime:0.001381s ]
INFO: [ app_begin ] --END-- [ RunTime:0.002233s ]
SQL: SHOW COLUMNS FROM `pay_member` [ RunTime:0.0010s ]
SQL: SELECT `apikey` FROM `pay_member` WHERE `id` = 2 LIMIT 1   [ RunTime:0.0003s ]
INFO: [ app_end ] --START--
INFO: Run Behavior\ShowPageTraceBehavior [ RunTime:0.000823s ]
INFO: [ app_end ] --END-- [ RunTime:0.000840s ]

