[ 2019-02-18T13:40:59+08:00 ] 127.0.0.1 /Pay_Charges_test_mid_10112.html
INFO: [ app_init ] --START--
INFO: Run Behavior\BuildLiteBehavior [ RunTime:0.000033s ]
INFO: [ app_init ] --END-- [ RunTime:0.000243s ]
INFO: [ app_begin ] --START--
INFO: Run Behavior\ReadHtmlCacheBehavior [ RunTime:0.001064s ]
INFO: Run Behavior\CheckLangBehavior [ RunTime:0.002668s ]
INFO: [ app_begin ] --END-- [ RunTime:0.003820s ]
NOTIC: [2] Declaration of Pay\Controller\ChargesController::success() should be compatible with Think\Controller::success($message = '', $jumpUrl = '', $ajax = false) C:\work\juhe\Application\Pay\Controller\ChargesController.class.php 第 11 行.
SQL: SHOW COLUMNS FROM `pay_product` [ RunTime:0.0007s ]
SQL: SELECT * FROM `pay_product` WHERE `isdisplay` = 1 AND `status` = 1  [ RunTime:0.0010s ]
NOTIC: [8] Undefined variable: icon C:\work\juhe\Application\Pay\Controller\ChargesController.class.php 第 528 行.
NOTIC: [8] Undefined variable: icon C:\work\juhe\Application\Pay\Controller\ChargesController.class.php 第 528 行.
SQL: SELECT * FROM `pay_product` WHERE `isdisplay` = 1 AND `status` = 1  [ RunTime:0.0004s ]
SQL: SHOW COLUMNS FROM `pay_systembank` [ RunTime:0.0007s ]
SQL: SELECT * FROM `pay_systembank` WHERE `is_off` = 1  [ RunTime:0.0010s ]
INFO: [ view_parse ] --START--
INFO: [ template_filter ] --START--
INFO: Run Behavior\ContentReplaceBehavior [ RunTime:0.000032s ]
INFO: [ template_filter ] --END-- [ RunTime:0.000079s ]
NOTIC: [8] Undefined variable: siteurl C:\work\juhe\Runtime\Cache\Pay\fefb51bba43500453344a526b2b293b1.php 第 12 行.
NOTIC: [8] Undefined variable: siteurl C:\work\juhe\Runtime\Cache\Pay\fefb51bba43500453344a526b2b293b1.php 第 13 行.
NOTIC: [8] Undefined variable: siteurl C:\work\juhe\Runtime\Cache\Pay\fefb51bba43500453344a526b2b293b1.php 第 15 行.
NOTIC: [8] Undefined variable: siteurl C:\work\juhe\Runtime\Cache\Pay\fefb51bba43500453344a526b2b293b1.php 第 16 行.
NOTIC: [8] Undefined variable: siteurl C:\work\juhe\Runtime\Cache\Pay\fefb51bba43500453344a526b2b293b1.php 第 18 行.
NOTIC: [8] Undefined variable: siteurl C:\work\juhe\Runtime\Cache\Pay\fefb51bba43500453344a526b2b293b1.php 第 19 行.
NOTIC: [8] Undefined variable: siteurl C:\work\juhe\Runtime\Cache\Pay\fefb51bba43500453344a526b2b293b1.php 第 21 行.
NOTIC: [2] Use of undefined constant 中国农业银行 - assumed '中国农业银行' (this will throw an Error in a future version of PHP) C:\work\juhe\Runtime\Cache\Pay\fefb51bba43500453344a526b2b293b1.php 第 43 行.
NOTIC: [2] Use of undefined constant 中国农业银行 - assumed '中国农业银行' (this will throw an Error in a future version of PHP) C:\work\juhe\Runtime\Cache\Pay\fefb51bba43500453344a526b2b293b1.php 第 43 行.
NOTIC: [2] Use of undefined constant 中国农业银行 - assumed '中国农业银行' (this will throw an Error in a future version of PHP) C:\work\juhe\Runtime\Cache\Pay\fefb51bba43500453344a526b2b293b1.php 第 43 行.
NOTIC: [2] Use of undefined constant 中国农业银行 - assumed '中国农业银行' (this will throw an Error in a future version of PHP) C:\work\juhe\Runtime\Cache\Pay\fefb51bba43500453344a526b2b293b1.php 第 43 行.
NOTIC: [2] Use of undefined constant 中国农业银行 - assumed '中国农业银行' (this will throw an Error in a future version of PHP) C:\work\juhe\Runtime\Cache\Pay\fefb51bba43500453344a526b2b293b1.php 第 43 行.
NOTIC: [2] Use of undefined constant 中国农业银行 - assumed '中国农业银行' (this will throw an Error in a future version of PHP) C:\work\juhe\Runtime\Cache\Pay\fefb51bba43500453344a526b2b293b1.php 第 43 行.
NOTIC: [2] Use of undefined constant 中国农业银行 - assumed '中国农业银行' (this will throw an Error in a future version of PHP) C:\work\juhe\Runtime\Cache\Pay\fefb51bba43500453344a526b2b293b1.php 第 43 行.
NOTIC: [2] Use of undefined constant 中国农业银行 - assumed '中国农业银行' (this will throw an Error in a future version of PHP) C:\work\juhe\Runtime\Cache\Pay\fefb51bba43500453344a526b2b293b1.php 第 43 行.
NOTIC: [8] Undefined variable: siteurl C:\work\juhe\Runtime\Cache\Pay\fefb51bba43500453344a526b2b293b1.php 第 111 行.
NOTIC: [8] Undefined variable: siteurl C:\work\juhe\Runtime\Cache\Pay\fefb51bba43500453344a526b2b293b1.php 第 113 行.
NOTIC: [8] Undefined variable: siteurl C:\work\juhe\Runtime\Cache\Pay\fefb51bba43500453344a526b2b293b1.php 第 115 行.
NOTIC: [8] Undefined variable: siteurl C:\work\juhe\Runtime\Cache\Pay\fefb51bba43500453344a526b2b293b1.php 第 117 行.
NOTIC: [8] Undefined variable: siteurl C:\work\juhe\Runtime\Cache\Pay\fefb51bba43500453344a526b2b293b1.php 第 119 行.
NOTIC: [8] Undefined variable: siteurl C:\work\juhe\Runtime\Cache\Pay\fefb51bba43500453344a526b2b293b1.php 第 120 行.
NOTIC: [8] Undefined variable: siteurl C:\work\juhe\Runtime\Cache\Pay\fefb51bba43500453344a526b2b293b1.php 第 122 行.
NOTIC: [8] Undefined variable: siteurl C:\work\juhe\Runtime\Cache\Pay\fefb51bba43500453344a526b2b293b1.php 第 123 行.
INFO: Run Behavior\ParseTemplateBehavior [ RunTime:0.006989s ]
INFO: [ view_parse ] --END-- [ RunTime:0.007008s ]
INFO: [ view_filter ] --START--
INFO: Run Behavior\WriteHtmlCacheBehavior [ RunTime:0.000662s ]
INFO: Run Behavior\TokenBuildBehavior [ RunTime:0.001052s ]
INFO: [ view_filter ] --END-- [ RunTime:0.001743s ]
INFO: [ app_end ] --START--
INFO: Run Behavior\ShowPageTraceBehavior [ RunTime:0.000886s ]
INFO: [ app_end ] --END-- [ RunTime:0.000904s ]

[ 2019-02-18T13:41:03+08:00 ] 127.0.0.1 /Pay_Charges_checkmd5str.html
INFO: [ app_init ] --START--
INFO: Run Behavior\BuildLiteBehavior [ RunTime:0.000004s ]
INFO: [ app_init ] --END-- [ RunTime:0.000025s ]
INFO: [ app_begin ] --START--
INFO: Run Behavior\ReadHtmlCacheBehavior [ RunTime:0.001450s ]
INFO: Run Behavior\CheckLangBehavior [ RunTime:0.001203s ]
INFO: [ app_begin ] --END-- [ RunTime:0.002701s ]
NOTIC: [2] Declaration of Pay\Controller\ChargesController::success() should be compatible with Think\Controller::success($message = '', $jumpUrl = '', $ajax = false) C:\work\juhe\Application\Pay\Controller\ChargesController.class.php 第 11 行.
SQL: SHOW COLUMNS FROM `pay_member` [ RunTime:0.0008s ]
SQL: SELECT `apikey` FROM `pay_member` WHERE `id` = 112 LIMIT 1   [ RunTime:0.0003s ]
INFO: [ app_end ] --START--
INFO: Run Behavior\ShowPageTraceBehavior [ RunTime:0.000786s ]
INFO: [ app_end ] --END-- [ RunTime:0.000804s ]

[ 2019-02-18T13:41:05+08:00 ] 127.0.0.1 /Pay_Charges_checkmd5str.html
INFO: [ app_init ] --START--
INFO: Run Behavior\BuildLiteBehavior [ RunTime:0.000005s ]
INFO: [ app_init ] --END-- [ RunTime:0.000028s ]
INFO: [ app_begin ] --START--
INFO: Run Behavior\ReadHtmlCacheBehavior [ RunTime:0.000657s ]
INFO: Run Behavior\CheckLangBehavior [ RunTime:0.001130s ]
INFO: [ app_begin ] --END-- [ RunTime:0.001820s ]
NOTIC: [2] Declaration of Pay\Controller\ChargesController::success() should be compatible with Think\Controller::success($message = '', $jumpUrl = '', $ajax = false) C:\work\juhe\Application\Pay\Controller\ChargesController.class.php 第 11 行.
SQL: SHOW COLUMNS FROM `pay_member` [ RunTime:0.0010s ]
SQL: SELECT `apikey` FROM `pay_member` WHERE `id` = 112 LIMIT 1   [ RunTime:0.0003s ]
INFO: [ app_end ] --START--
INFO: Run Behavior\ShowPageTraceBehavior [ RunTime:0.000910s ]
INFO: [ app_end ] --END-- [ RunTime:0.000938s ]

[ 2019-02-18T13:41:08+08:00 ] 127.0.0.1 /Pay_Charges_checkmd5str.html
INFO: [ app_init ] --START--
INFO: Run Behavior\BuildLiteBehavior [ RunTime:0.000005s ]
INFO: [ app_init ] --END-- [ RunTime:0.000029s ]
INFO: [ app_begin ] --START--
INFO: Run Behavior\ReadHtmlCacheBehavior [ RunTime:0.000690s ]
INFO: Run Behavior\CheckLangBehavior [ RunTime:0.001123s ]
INFO: [ app_begin ] --END-- [ RunTime:0.001847s ]
NOTIC: [2] Declaration of Pay\Controller\ChargesController::success() should be compatible with Think\Controller::success($message = '', $jumpUrl = '', $ajax = false) C:\work\juhe\Application\Pay\Controller\ChargesController.class.php 第 11 行.
SQL: SHOW COLUMNS FROM `pay_member` [ RunTime:0.0008s ]
SQL: SELECT `apikey` FROM `pay_member` WHERE `id` = 112 LIMIT 1   [ RunTime:0.0003s ]
INFO: [ app_end ] --START--
INFO: Run Behavior\ShowPageTraceBehavior [ RunTime:0.000872s ]
INFO: [ app_end ] --END-- [ RunTime:0.000892s ]

[ 2019-02-18T13:41:10+08:00 ] 127.0.0.1 /Pay_index.html
INFO: [ app_init ] --START--
INFO: Run Behavior\BuildLiteBehavior [ RunTime:0.000019s ]
INFO: [ app_init ] --END-- [ RunTime:0.000098s ]
INFO: [ app_begin ] --START--
INFO: Run Behavior\ReadHtmlCacheBehavior [ RunTime:0.000731s ]
INFO: Run Behavior\CheckLangBehavior [ RunTime:0.001153s ]
INFO: [ app_begin ] --END-- [ RunTime:0.001924s ]
SQL: SHOW COLUMNS FROM `pay_websiteconfig` [ RunTime:0.0007s ]
SQL: SELECT `is_repeat_order` FROM `pay_websiteconfig` LIMIT 1   [ RunTime:0.0010s ]
SQL: SHOW COLUMNS FROM `pay_user_riskcontrol_config` [ RunTime:0.0008s ]
SQL: SHOW COLUMNS FROM `pay_member` [ RunTime:0.0009s ]
SQL: SELECT `id`,`unit_paying_number`,`unit_frist_paying_time`,`unit_paying_amount`,`paying_money`,`last_paying_time` FROM `pay_member` WHERE `id` = 112 LIMIT 1   [ RunTime:0.0004s ]
SQL: SELECT * FROM `pay_user_riskcontrol_config` WHERE `user_id` = 112 AND `status` = 1 LIMIT 1   [ RunTime:0.0010s ]
SQL: SELECT * FROM `pay_user_riskcontrol_config` WHERE `is_system` = 1 AND `status` = 1 LIMIT 1   [ RunTime:0.0007s ]
SQL: SHOW COLUMNS FROM `pay_product` [ RunTime:0.0007s ]
SQL: SELECT COUNT(*) AS tp_count FROM `pay_product` WHERE `id` = 902 AND `status` = 1 LIMIT 1   [ RunTime:0.0004s ]
SQL: SHOW COLUMNS FROM `pay_product_user` [ RunTime:0.0006s ]
SQL: SELECT * FROM `pay_product_user` WHERE `pid` = 902 AND `userid` = 112 AND `status` = 1 LIMIT 1   [ RunTime:0.0020s ]
SQL: SHOW COLUMNS FROM `pay_channel` [ RunTime:0.0018s ]
SQL: SELECT * FROM `pay_channel` WHERE `id` = 275 LIMIT 1   [ RunTime:0.0005s ]
SQL: SELECT * FROM `pay_member` WHERE `id` = 112 AND `open_charge` = 1 LIMIT 1   [ RunTime:0.0004s ]
SQL: SELECT * FROM `pay_channel` WHERE `id` = 275 AND `status` = 1 LIMIT 1   [ RunTime:0.0003s ]
SQL: SHOW COLUMNS FROM `pay_member` [ RunTime:0.0007s ]
SQL: SELECT * FROM `pay_member` WHERE `id` = 112 LIMIT 1   [ RunTime:0.0004s ]
SQL: SHOW COLUMNS FROM `pay_userrate` [ RunTime:0.0005s ]
SQL: SELECT * FROM `pay_userrate` WHERE `userid` = 112 AND `payapiid` = 902 LIMIT 1   [ RunTime:0.0010s ]
SQL: SELECT * FROM `pay_channel` WHERE `id` = 275 LIMIT 1   [ RunTime:0.0005s ]
SQL: SHOW COLUMNS FROM `pay_channel_account` [ RunTime:0.0008s ]
SQL: SELECT * FROM `pay_channel_account` WHERE `channel_id` = 275 AND `status` = 1  [ RunTime:0.0011s ]
SQL: SHOW COLUMNS FROM `pay_channel_account` [ RunTime:0.0007s ]
SQL: SELECT * FROM `pay_product` WHERE `id` = 902 LIMIT 1   [ RunTime:0.0003s ]
SQL: SHOW COLUMNS FROM `pay_order` [ RunTime:0.0008s ]
SQL: SELECT * FROM `pay_order` WHERE `out_trade_id` = 'E2019021813405985299728' LIMIT 1   [ RunTime:0.0554s ]
NOTIC: [8] Undefined index: status C:\work\juhe\Application\Pay\Controller\GMpayController.class.php 第 42 行.
SQL: SHOW COLUMNS FROM `pay_order` [ RunTime:0.0017s ]
SQL: INSERT INTO `pay_order` (`pay_memberid`,`pay_orderid`,`pay_amount`,`pay_poundage`,`pay_actualamount`,`pay_applydate`,`pay_bankcode`,`pay_bankname`,`pay_notifyurl`,`pay_callbackurl`,`pay_status`,`pay_tongdao`,`pay_zh_tongdao`,`pay_channel_account`,`pay_ytongdao`,`pay_yzh_tongdao`,`pay_tjurl`,`pay_productname`,`attach`,`out_trade_id`,`ddlx`,`memberid`,`key`,`account`,`cost`,`cost_rate`,`channel_id`,`account_id`) VALUES ('10112','S218684698822893','1','0.027','0.973','1550468469','902','微信扫码支付','http://www.juhe.com/Pay_pay_getNotifyurl.html','http://www.juhe.com/Pay_pay_info.html','0','GMpay','固码','固码','GMpay','收银台支付（固码扫码支付）','http://www.juhe.com/Pay_Charges_test_mid_10112.html','','','E2019021813405985299728','0','000010007000000001','9cc4a0b54b634326b28e7f863e2e5b3c','','0.0000','0.0000','275','435') [ RunTime:0.0074s ]
INFO: [ view_parse ] --START--
INFO: [ template_filter ] --START--
INFO: Run Behavior\ContentReplaceBehavior [ RunTime:0.000019s ]
INFO: [ template_filter ] --END-- [ RunTime:0.000040s ]
NOTIC: [8] Undefined variable: siteurl C:\work\juhe\Runtime\Cache\Pay\3a2eea531628dfe6dc434f3918eb4ff8.php 第 12 行.
NOTIC: [8] Undefined variable: siteurl C:\work\juhe\Runtime\Cache\Pay\3a2eea531628dfe6dc434f3918eb4ff8.php 第 13 行.
NOTIC: [8] Undefined variable: siteurl C:\work\juhe\Runtime\Cache\Pay\3a2eea531628dfe6dc434f3918eb4ff8.php 第 15 行.
NOTIC: [8] Undefined variable: siteurl C:\work\juhe\Runtime\Cache\Pay\3a2eea531628dfe6dc434f3918eb4ff8.php 第 16 行.
NOTIC: [8] Undefined variable: siteurl C:\work\juhe\Runtime\Cache\Pay\3a2eea531628dfe6dc434f3918eb4ff8.php 第 18 行.
NOTIC: [8] Undefined variable: siteurl C:\work\juhe\Runtime\Cache\Pay\3a2eea531628dfe6dc434f3918eb4ff8.php 第 19 行.
NOTIC: [8] Undefined variable: siteurl C:\work\juhe\Runtime\Cache\Pay\3a2eea531628dfe6dc434f3918eb4ff8.php 第 21 行.
NOTIC: [8] Undefined variable: siteurl C:\work\juhe\Runtime\Cache\Pay\3a2eea531628dfe6dc434f3918eb4ff8.php 第 64 行.
NOTIC: [8] Undefined variable: siteurl C:\work\juhe\Runtime\Cache\Pay\3a2eea531628dfe6dc434f3918eb4ff8.php 第 66 行.
NOTIC: [8] Undefined variable: siteurl C:\work\juhe\Runtime\Cache\Pay\3a2eea531628dfe6dc434f3918eb4ff8.php 第 68 行.
NOTIC: [8] Undefined variable: siteurl C:\work\juhe\Runtime\Cache\Pay\3a2eea531628dfe6dc434f3918eb4ff8.php 第 70 行.
NOTIC: [8] Undefined variable: siteurl C:\work\juhe\Runtime\Cache\Pay\3a2eea531628dfe6dc434f3918eb4ff8.php 第 72 行.
NOTIC: [8] Undefined variable: siteurl C:\work\juhe\Runtime\Cache\Pay\3a2eea531628dfe6dc434f3918eb4ff8.php 第 73 行.
NOTIC: [8] Undefined variable: siteurl C:\work\juhe\Runtime\Cache\Pay\3a2eea531628dfe6dc434f3918eb4ff8.php 第 75 行.
NOTIC: [8] Undefined variable: siteurl C:\work\juhe\Runtime\Cache\Pay\3a2eea531628dfe6dc434f3918eb4ff8.php 第 76 行.
INFO: Run Behavior\ParseTemplateBehavior [ RunTime:0.004924s ]
INFO: [ view_parse ] --END-- [ RunTime:0.004944s ]
INFO: [ view_filter ] --START--
INFO: Run Behavior\WriteHtmlCacheBehavior [ RunTime:0.000563s ]
INFO: Run Behavior\TokenBuildBehavior [ RunTime:0.000823s ]
INFO: [ view_filter ] --END-- [ RunTime:0.001413s ]
INFO: [ app_end ] --START--
INFO: Run Behavior\ShowPageTraceBehavior [ RunTime:0.000753s ]
INFO: [ app_end ] --END-- [ RunTime:0.000770s ]

