[ 2019-03-11T09:28:51+08:00 ] 127.0.0.1 /Pay_WJpay_sign.html
INFO: [ app_init ] --START--
INFO: Run Behavior\BuildLiteBehavior [ RunTime:0.000019s ]
INFO: [ app_init ] --END-- [ RunTime:0.000156s ]
INFO: [ app_begin ] --START--
INFO: Run Behavior\ReadHtmlCacheBehavior [ RunTime:0.001434s ]
INFO: Run Behavior\CheckLangBehavior [ RunTime:0.005482s ]
INFO: [ app_begin ] --END-- [ RunTime:0.006978s ]
NOTIC: [2] openssl_public_encrypt(): key parameter is not a valid public key C:\work\juhe\Application\Pay\Controller\WJpayController.class.php 第 297 行.

[ 2019-03-11T09:30:08+08:00 ] 127.0.0.1 /Pay_WJpay_sign.html
INFO: [ app_init ] --START--
INFO: Run Behavior\BuildLiteBehavior [ RunTime:0.000019s ]
INFO: [ app_init ] --END-- [ RunTime:0.000089s ]
INFO: [ app_begin ] --START--
INFO: Run Behavior\ReadHtmlCacheBehavior [ RunTime:0.000690s ]
INFO: Run Behavior\CheckLangBehavior [ RunTime:0.001091s ]
INFO: [ app_begin ] --END-- [ RunTime:0.001818s ]

[ 2019-03-11T09:30:36+08:00 ] 127.0.0.1 /Pay_WJpay_sign.html
INFO: [ app_init ] --START--
INFO: Run Behavior\BuildLiteBehavior [ RunTime:0.000005s ]
INFO: [ app_init ] --END-- [ RunTime:0.000034s ]
INFO: [ app_begin ] --START--
INFO: Run Behavior\ReadHtmlCacheBehavior [ RunTime:0.001916s ]
INFO: Run Behavior\CheckLangBehavior [ RunTime:0.003390s ]
INFO: [ app_begin ] --END-- [ RunTime:0.005494s ]
NOTIC: [2] openssl_public_encrypt(): key parameter is not a valid public key C:\work\juhe\Application\Pay\Controller\WJpayController.class.php 第 297 行.

[ 2019-03-11T09:40:42+08:00 ] 127.0.0.1 /Pay_WJpay_sign.html
INFO: [ app_init ] --START--
INFO: Run Behavior\BuildLiteBehavior [ RunTime:0.000008s ]
INFO: [ app_init ] --END-- [ RunTime:0.000045s ]
INFO: [ app_begin ] --START--
INFO: Run Behavior\ReadHtmlCacheBehavior [ RunTime:0.002360s ]
INFO: Run Behavior\CheckLangBehavior [ RunTime:0.003931s ]
INFO: [ app_begin ] --END-- [ RunTime:0.006423s ]

[ 2019-03-11T09:40:55+08:00 ] 127.0.0.1 /Pay_WJpay_sign.html
INFO: [ app_init ] --START--
INFO: Run Behavior\BuildLiteBehavior [ RunTime:0.000006s ]
INFO: [ app_init ] --END-- [ RunTime:0.000030s ]
INFO: [ app_begin ] --START--
INFO: Run Behavior\ReadHtmlCacheBehavior [ RunTime:0.001644s ]
INFO: Run Behavior\CheckLangBehavior [ RunTime:0.002112s ]
INFO: [ app_begin ] --END-- [ RunTime:0.003849s ]

[ 2019-03-11T09:41:05+08:00 ] 127.0.0.1 /Pay_WJpay_sign.html
INFO: [ app_init ] --START--
INFO: Run Behavior\BuildLiteBehavior [ RunTime:0.000022s ]
INFO: [ app_init ] --END-- [ RunTime:0.000102s ]
INFO: [ app_begin ] --START--
INFO: Run Behavior\ReadHtmlCacheBehavior [ RunTime:0.000605s ]
INFO: Run Behavior\CheckLangBehavior [ RunTime:0.001196s ]
INFO: [ app_begin ] --END-- [ RunTime:0.001852s ]

[ 2019-03-11T09:41:22+08:00 ] 127.0.0.1 /Pay_WJpay_sign.html
INFO: [ app_init ] --START--
INFO: Run Behavior\BuildLiteBehavior [ RunTime:0.000008s ]
INFO: [ app_init ] --END-- [ RunTime:0.000058s ]
INFO: [ app_begin ] --START--
INFO: Run Behavior\ReadHtmlCacheBehavior [ RunTime:0.001002s ]
INFO: Run Behavior\CheckLangBehavior [ RunTime:0.001625s ]
INFO: [ app_begin ] --END-- [ RunTime:0.002739s ]

[ 2019-03-11T09:55:49+08:00 ] 127.0.0.1 /Pay_WJpay_presign.html
INFO: [ app_init ] --START--
INFO: Run Behavior\BuildLiteBehavior [ RunTime:0.000005s ]
INFO: [ app_init ] --END-- [ RunTime:0.000027s ]
INFO: [ app_begin ] --START--
INFO: Run Behavior\ReadHtmlCacheBehavior [ RunTime:0.000774s ]
INFO: Run Behavior\CheckLangBehavior [ RunTime:0.001248s ]
INFO: [ app_begin ] --END-- [ RunTime:0.002075s ]

[ 2019-03-11T09:56:31+08:00 ] 127.0.0.1 /Pay_WJpay_presign.html
INFO: [ app_init ] --START--
INFO: Run Behavior\BuildLiteBehavior [ RunTime:0.000006s ]
INFO: [ app_init ] --END-- [ RunTime:0.000031s ]
INFO: [ app_begin ] --START--
INFO: Run Behavior\ReadHtmlCacheBehavior [ RunTime:0.002106s ]
INFO: Run Behavior\CheckLangBehavior [ RunTime:0.005153s ]
INFO: [ app_begin ] --END-- [ RunTime:0.007367s ]

[ 2019-03-11T09:57:36+08:00 ] 127.0.0.1 /Pay_WJpay_presign.html
INFO: [ app_init ] --START--
INFO: Run Behavior\BuildLiteBehavior [ RunTime:0.000006s ]
INFO: [ app_init ] --END-- [ RunTime:0.000028s ]
INFO: [ app_begin ] --START--
INFO: Run Behavior\ReadHtmlCacheBehavior [ RunTime:0.001480s ]
INFO: Run Behavior\CheckLangBehavior [ RunTime:0.003645s ]
INFO: [ app_begin ] --END-- [ RunTime:0.005333s ]

[ 2019-03-11T10:12:58+08:00 ] 127.0.0.1 /Pay_WJpay_presign.html
INFO: [ app_init ] --START--
INFO: Run Behavior\BuildLiteBehavior [ RunTime:0.000005s ]
INFO: [ app_init ] --END-- [ RunTime:0.000032s ]
INFO: [ app_begin ] --START--
INFO: Run Behavior\ReadHtmlCacheBehavior [ RunTime:0.001034s ]
INFO: Run Behavior\CheckLangBehavior [ RunTime:0.001232s ]
INFO: [ app_begin ] --END-- [ RunTime:0.002307s ]

[ 2019-03-11T10:25:01+08:00 ] 127.0.0.1 /Pay_WJpay_sign.html
INFO: [ app_init ] --START--
INFO: Run Behavior\BuildLiteBehavior [ RunTime:0.000006s ]
INFO: [ app_init ] --END-- [ RunTime:0.000032s ]
INFO: [ app_begin ] --START--
INFO: Run Behavior\ReadHtmlCacheBehavior [ RunTime:0.000785s ]
INFO: Run Behavior\CheckLangBehavior [ RunTime:0.001306s ]
INFO: [ app_begin ] --END-- [ RunTime:0.002135s ]

[ 2019-03-11T10:25:29+08:00 ] 127.0.0.1 /Pay_WJpay_sign.html
INFO: [ app_init ] --START--
INFO: Run Behavior\BuildLiteBehavior [ RunTime:0.000005s ]
INFO: [ app_init ] --END-- [ RunTime:0.000027s ]
INFO: [ app_begin ] --START--
INFO: Run Behavior\ReadHtmlCacheBehavior [ RunTime:0.001428s ]
INFO: Run Behavior\CheckLangBehavior [ RunTime:0.003279s ]
INFO: [ app_begin ] --END-- [ RunTime:0.004801s ]

[ 2019-03-11T10:33:07+08:00 ] 127.0.0.1 /Pay_Charges_testqianyue_mid_10112.html
INFO: [ app_init ] --START--
INFO: Run Behavior\BuildLiteBehavior [ RunTime:0.000008s ]
INFO: [ app_init ] --END-- [ RunTime:0.000042s ]
INFO: [ app_begin ] --START--
INFO: Run Behavior\ReadHtmlCacheBehavior [ RunTime:0.000933s ]
INFO: Run Behavior\CheckLangBehavior [ RunTime:0.001331s ]
INFO: [ app_begin ] --END-- [ RunTime:0.002330s ]
NOTIC: [2] Declaration of Pay\Controller\ChargesController::success() should be compatible with Think\Controller::success($message = '', $jumpUrl = '', $ajax = false) C:\work\juhe\Application\Pay\Controller\ChargesController.class.php 第 11 行.
SQL: SHOW COLUMNS FROM `pay_product` [ RunTime:0.0013s ]
SQL: SELECT * FROM `pay_product` WHERE `isdisplay` = 1 AND `status` = 1  [ RunTime:0.0006s ]
NOTIC: [8] Undefined variable: icon C:\work\juhe\Application\Pay\Controller\ChargesController.class.php 第 412 行.
NOTIC: [8] Undefined variable: icon C:\work\juhe\Application\Pay\Controller\ChargesController.class.php 第 412 行.
NOTIC: [8] Undefined variable: icon C:\work\juhe\Application\Pay\Controller\ChargesController.class.php 第 412 行.
SQL: SELECT * FROM `pay_product` WHERE `isdisplay` = 1 AND `status` = 1 AND `id` = 913  [ RunTime:0.0003s ]
SQL: SHOW COLUMNS FROM `pay_systembank` [ RunTime:0.0006s ]
SQL: SELECT * FROM `pay_systembank` WHERE `is_off` = 1  [ RunTime:0.0010s ]
INFO: [ view_parse ] --START--
INFO: [ template_filter ] --START--
INFO: Run Behavior\ContentReplaceBehavior [ RunTime:0.000043s ]
INFO: [ template_filter ] --END-- [ RunTime:0.000072s ]
NOTIC: [8] Undefined variable: siteurl C:\work\juhe\Runtime\Cache\Pay\1d7fd854e12e4c3d33dff394f3f9effe.php 第 12 行.
NOTIC: [8] Undefined variable: siteurl C:\work\juhe\Runtime\Cache\Pay\1d7fd854e12e4c3d33dff394f3f9effe.php 第 13 行.
NOTIC: [8] Undefined variable: siteurl C:\work\juhe\Runtime\Cache\Pay\1d7fd854e12e4c3d33dff394f3f9effe.php 第 15 行.
NOTIC: [8] Undefined variable: siteurl C:\work\juhe\Runtime\Cache\Pay\1d7fd854e12e4c3d33dff394f3f9effe.php 第 16 行.
NOTIC: [8] Undefined variable: siteurl C:\work\juhe\Runtime\Cache\Pay\1d7fd854e12e4c3d33dff394f3f9effe.php 第 18 行.
NOTIC: [8] Undefined variable: siteurl C:\work\juhe\Runtime\Cache\Pay\1d7fd854e12e4c3d33dff394f3f9effe.php 第 19 行.
NOTIC: [8] Undefined variable: siteurl C:\work\juhe\Runtime\Cache\Pay\1d7fd854e12e4c3d33dff394f3f9effe.php 第 21 行.
NOTIC: [8] Undefined variable: siteurl C:\work\juhe\Runtime\Cache\Pay\1d7fd854e12e4c3d33dff394f3f9effe.php 第 178 行.
NOTIC: [8] Undefined variable: siteurl C:\work\juhe\Runtime\Cache\Pay\1d7fd854e12e4c3d33dff394f3f9effe.php 第 180 行.
NOTIC: [8] Undefined variable: siteurl C:\work\juhe\Runtime\Cache\Pay\1d7fd854e12e4c3d33dff394f3f9effe.php 第 182 行.
NOTIC: [8] Undefined variable: siteurl C:\work\juhe\Runtime\Cache\Pay\1d7fd854e12e4c3d33dff394f3f9effe.php 第 184 行.
NOTIC: [8] Undefined variable: siteurl C:\work\juhe\Runtime\Cache\Pay\1d7fd854e12e4c3d33dff394f3f9effe.php 第 186 行.
NOTIC: [8] Undefined variable: siteurl C:\work\juhe\Runtime\Cache\Pay\1d7fd854e12e4c3d33dff394f3f9effe.php 第 187 行.
NOTIC: [8] Undefined variable: siteurl C:\work\juhe\Runtime\Cache\Pay\1d7fd854e12e4c3d33dff394f3f9effe.php 第 189 行.
NOTIC: [8] Undefined variable: siteurl C:\work\juhe\Runtime\Cache\Pay\1d7fd854e12e4c3d33dff394f3f9effe.php 第 190 行.
INFO: Run Behavior\ParseTemplateBehavior [ RunTime:0.014393s ]
INFO: [ view_parse ] --END-- [ RunTime:0.014412s ]
INFO: [ view_filter ] --START--
INFO: Run Behavior\WriteHtmlCacheBehavior [ RunTime:0.000623s ]
INFO: Run Behavior\TokenBuildBehavior [ RunTime:0.001041s ]
INFO: [ view_filter ] --END-- [ RunTime:0.001711s ]
INFO: [ app_end ] --START--
INFO: Run Behavior\ShowPageTraceBehavior [ RunTime:0.000856s ]
INFO: [ app_end ] --END-- [ RunTime:0.000885s ]

[ 2019-03-11T10:33:09+08:00 ] 127.0.0.1 /Pay_Charges_testqianyue_mid_10112.html
INFO: [ app_init ] --START--
INFO: Run Behavior\BuildLiteBehavior [ RunTime:0.000006s ]
INFO: [ app_init ] --END-- [ RunTime:0.000031s ]
INFO: [ app_begin ] --START--
INFO: Run Behavior\ReadHtmlCacheBehavior [ RunTime:0.002323s ]
INFO: Run Behavior\CheckLangBehavior [ RunTime:0.001357s ]
INFO: [ app_begin ] --END-- [ RunTime:0.003746s ]
NOTIC: [2] Declaration of Pay\Controller\ChargesController::success() should be compatible with Think\Controller::success($message = '', $jumpUrl = '', $ajax = false) C:\work\juhe\Application\Pay\Controller\ChargesController.class.php 第 11 行.
SQL: SHOW COLUMNS FROM `pay_product` [ RunTime:0.0008s ]
SQL: SELECT * FROM `pay_product` WHERE `isdisplay` = 1 AND `status` = 1  [ RunTime:0.0004s ]
NOTIC: [8] Undefined variable: icon C:\work\juhe\Application\Pay\Controller\ChargesController.class.php 第 412 行.
NOTIC: [8] Undefined variable: icon C:\work\juhe\Application\Pay\Controller\ChargesController.class.php 第 412 行.
NOTIC: [8] Undefined variable: icon C:\work\juhe\Application\Pay\Controller\ChargesController.class.php 第 412 行.
SQL: SELECT * FROM `pay_product` WHERE `isdisplay` = 1 AND `status` = 1 AND `id` = 913  [ RunTime:0.0003s ]
SQL: SHOW COLUMNS FROM `pay_systembank` [ RunTime:0.0008s ]
SQL: SELECT * FROM `pay_systembank` WHERE `is_off` = 1  [ RunTime:0.0004s ]
INFO: [ view_parse ] --START--
INFO: [ template_filter ] --START--
INFO: Run Behavior\ContentReplaceBehavior [ RunTime:0.000031s ]
INFO: [ template_filter ] --END-- [ RunTime:0.000051s ]
NOTIC: [8] Undefined variable: siteurl C:\work\juhe\Runtime\Cache\Pay\1d7fd854e12e4c3d33dff394f3f9effe.php 第 12 行.
NOTIC: [8] Undefined variable: siteurl C:\work\juhe\Runtime\Cache\Pay\1d7fd854e12e4c3d33dff394f3f9effe.php 第 13 行.
NOTIC: [8] Undefined variable: siteurl C:\work\juhe\Runtime\Cache\Pay\1d7fd854e12e4c3d33dff394f3f9effe.php 第 15 行.
NOTIC: [8] Undefined variable: siteurl C:\work\juhe\Runtime\Cache\Pay\1d7fd854e12e4c3d33dff394f3f9effe.php 第 16 行.
NOTIC: [8] Undefined variable: siteurl C:\work\juhe\Runtime\Cache\Pay\1d7fd854e12e4c3d33dff394f3f9effe.php 第 18 行.
NOTIC: [8] Undefined variable: siteurl C:\work\juhe\Runtime\Cache\Pay\1d7fd854e12e4c3d33dff394f3f9effe.php 第 19 行.
NOTIC: [8] Undefined variable: siteurl C:\work\juhe\Runtime\Cache\Pay\1d7fd854e12e4c3d33dff394f3f9effe.php 第 21 行.
NOTIC: [8] Undefined variable: siteurl C:\work\juhe\Runtime\Cache\Pay\1d7fd854e12e4c3d33dff394f3f9effe.php 第 178 行.
NOTIC: [8] Undefined variable: siteurl C:\work\juhe\Runtime\Cache\Pay\1d7fd854e12e4c3d33dff394f3f9effe.php 第 180 行.
NOTIC: [8] Undefined variable: siteurl C:\work\juhe\Runtime\Cache\Pay\1d7fd854e12e4c3d33dff394f3f9effe.php 第 182 行.
NOTIC: [8] Undefined variable: siteurl C:\work\juhe\Runtime\Cache\Pay\1d7fd854e12e4c3d33dff394f3f9effe.php 第 184 行.
NOTIC: [8] Undefined variable: siteurl C:\work\juhe\Runtime\Cache\Pay\1d7fd854e12e4c3d33dff394f3f9effe.php 第 186 行.
NOTIC: [8] Undefined variable: siteurl C:\work\juhe\Runtime\Cache\Pay\1d7fd854e12e4c3d33dff394f3f9effe.php 第 187 行.
NOTIC: [8] Undefined variable: siteurl C:\work\juhe\Runtime\Cache\Pay\1d7fd854e12e4c3d33dff394f3f9effe.php 第 189 行.
NOTIC: [8] Undefined variable: siteurl C:\work\juhe\Runtime\Cache\Pay\1d7fd854e12e4c3d33dff394f3f9effe.php 第 190 行.
INFO: Run Behavior\ParseTemplateBehavior [ RunTime:0.007317s ]
INFO: [ view_parse ] --END-- [ RunTime:0.007368s ]
INFO: [ view_filter ] --START--
INFO: Run Behavior\WriteHtmlCacheBehavior [ RunTime:0.001334s ]
INFO: Run Behavior\TokenBuildBehavior [ RunTime:0.001332s ]
INFO: [ view_filter ] --END-- [ RunTime:0.002721s ]
INFO: [ app_end ] --START--
INFO: Run Behavior\ShowPageTraceBehavior [ RunTime:0.002183s ]
INFO: [ app_end ] --END-- [ RunTime:0.002223s ]

[ 2019-03-11T10:34:59+08:00 ] 127.0.0.1 /Pay_Charges_testqianyue_mid_10112.html
INFO: [ app_init ] --START--
INFO: Run Behavior\BuildLiteBehavior [ RunTime:0.000006s ]
INFO: [ app_init ] --END-- [ RunTime:0.000032s ]
INFO: [ app_begin ] --START--
INFO: Run Behavior\ReadHtmlCacheBehavior [ RunTime:0.002253s ]
INFO: Run Behavior\CheckLangBehavior [ RunTime:0.003764s ]
INFO: [ app_begin ] --END-- [ RunTime:0.006145s ]
NOTIC: [2] Declaration of Pay\Controller\ChargesController::success() should be compatible with Think\Controller::success($message = '', $jumpUrl = '', $ajax = false) C:\work\juhe\Application\Pay\Controller\ChargesController.class.php 第 11 行.
SQL: SHOW COLUMNS FROM `pay_product` [ RunTime:0.0009s ]
SQL: SELECT * FROM `pay_product` WHERE `isdisplay` = 1 AND `status` = 1  [ RunTime:0.0004s ]
NOTIC: [8] Undefined variable: icon C:\work\juhe\Application\Pay\Controller\ChargesController.class.php 第 412 行.
NOTIC: [8] Undefined variable: icon C:\work\juhe\Application\Pay\Controller\ChargesController.class.php 第 412 行.
NOTIC: [8] Undefined variable: icon C:\work\juhe\Application\Pay\Controller\ChargesController.class.php 第 412 行.
SQL: SELECT * FROM `pay_product` WHERE `isdisplay` = 1 AND `status` = 1 AND `id` = 913  [ RunTime:0.0003s ]
SQL: SHOW COLUMNS FROM `pay_systembank` [ RunTime:0.0006s ]
SQL: SELECT * FROM `pay_systembank` WHERE `is_off` = 1  [ RunTime:0.0005s ]
INFO: [ view_parse ] --START--
INFO: [ template_filter ] --START--
INFO: Run Behavior\ContentReplaceBehavior [ RunTime:0.000036s ]
INFO: [ template_filter ] --END-- [ RunTime:0.000069s ]
NOTIC: [8] Undefined variable: siteurl C:\work\juhe\Runtime\Cache\Pay\1d7fd854e12e4c3d33dff394f3f9effe.php 第 12 行.
NOTIC: [8] Undefined variable: siteurl C:\work\juhe\Runtime\Cache\Pay\1d7fd854e12e4c3d33dff394f3f9effe.php 第 13 行.
NOTIC: [8] Undefined variable: siteurl C:\work\juhe\Runtime\Cache\Pay\1d7fd854e12e4c3d33dff394f3f9effe.php 第 15 行.
NOTIC: [8] Undefined variable: siteurl C:\work\juhe\Runtime\Cache\Pay\1d7fd854e12e4c3d33dff394f3f9effe.php 第 16 行.
NOTIC: [8] Undefined variable: siteurl C:\work\juhe\Runtime\Cache\Pay\1d7fd854e12e4c3d33dff394f3f9effe.php 第 18 行.
NOTIC: [8] Undefined variable: siteurl C:\work\juhe\Runtime\Cache\Pay\1d7fd854e12e4c3d33dff394f3f9effe.php 第 19 行.
NOTIC: [8] Undefined variable: siteurl C:\work\juhe\Runtime\Cache\Pay\1d7fd854e12e4c3d33dff394f3f9effe.php 第 21 行.
NOTIC: [8] Undefined variable: siteurl C:\work\juhe\Runtime\Cache\Pay\1d7fd854e12e4c3d33dff394f3f9effe.php 第 178 行.
NOTIC: [8] Undefined variable: siteurl C:\work\juhe\Runtime\Cache\Pay\1d7fd854e12e4c3d33dff394f3f9effe.php 第 180 行.
NOTIC: [8] Undefined variable: siteurl C:\work\juhe\Runtime\Cache\Pay\1d7fd854e12e4c3d33dff394f3f9effe.php 第 182 行.
NOTIC: [8] Undefined variable: siteurl C:\work\juhe\Runtime\Cache\Pay\1d7fd854e12e4c3d33dff394f3f9effe.php 第 184 行.
NOTIC: [8] Undefined variable: siteurl C:\work\juhe\Runtime\Cache\Pay\1d7fd854e12e4c3d33dff394f3f9effe.php 第 186 行.
NOTIC: [8] Undefined variable: siteurl C:\work\juhe\Runtime\Cache\Pay\1d7fd854e12e4c3d33dff394f3f9effe.php 第 187 行.
NOTIC: [8] Undefined variable: siteurl C:\work\juhe\Runtime\Cache\Pay\1d7fd854e12e4c3d33dff394f3f9effe.php 第 189 行.
NOTIC: [8] Undefined variable: siteurl C:\work\juhe\Runtime\Cache\Pay\1d7fd854e12e4c3d33dff394f3f9effe.php 第 190 行.
INFO: Run Behavior\ParseTemplateBehavior [ RunTime:0.009775s ]
INFO: [ view_parse ] --END-- [ RunTime:0.009923s ]
INFO: [ view_filter ] --START--
INFO: Run Behavior\WriteHtmlCacheBehavior [ RunTime:0.001199s ]
INFO: Run Behavior\TokenBuildBehavior [ RunTime:0.001470s ]
INFO: [ view_filter ] --END-- [ RunTime:0.002746s ]
INFO: [ app_end ] --START--
INFO: Run Behavior\ShowPageTraceBehavior [ RunTime:0.001162s ]
INFO: [ app_end ] --END-- [ RunTime:0.001196s ]

[ 2019-03-11T10:36:25+08:00 ] 127.0.0.1 /Pay_Charges_testqianyue_mid_10112.html
INFO: [ app_init ] --START--
INFO: Run Behavior\BuildLiteBehavior [ RunTime:0.000005s ]
INFO: [ app_init ] --END-- [ RunTime:0.000032s ]
INFO: [ app_begin ] --START--
INFO: Run Behavior\ReadHtmlCacheBehavior [ RunTime:0.001004s ]
INFO: Run Behavior\CheckLangBehavior [ RunTime:0.001405s ]
INFO: [ app_begin ] --END-- [ RunTime:0.002457s ]
NOTIC: [2] Declaration of Pay\Controller\ChargesController::success() should be compatible with Think\Controller::success($message = '', $jumpUrl = '', $ajax = false) C:\work\juhe\Application\Pay\Controller\ChargesController.class.php 第 11 行.
SQL: SHOW COLUMNS FROM `pay_product` [ RunTime:0.0006s ]
SQL: SELECT * FROM `pay_product` WHERE `isdisplay` = 1 AND `status` = 1  [ RunTime:0.0003s ]
NOTIC: [8] Undefined variable: icon C:\work\juhe\Application\Pay\Controller\ChargesController.class.php 第 412 行.
NOTIC: [8] Undefined variable: icon C:\work\juhe\Application\Pay\Controller\ChargesController.class.php 第 412 行.
NOTIC: [8] Undefined variable: icon C:\work\juhe\Application\Pay\Controller\ChargesController.class.php 第 412 行.
SQL: SELECT * FROM `pay_product` WHERE `isdisplay` = 1 AND `status` = 1 AND `id` = 913  [ RunTime:0.0002s ]
SQL: SHOW COLUMNS FROM `pay_systembank` [ RunTime:0.0004s ]
SQL: SELECT * FROM `pay_systembank` WHERE `is_off` = 1  [ RunTime:0.0003s ]
INFO: [ view_parse ] --START--
INFO: [ template_filter ] --START--
INFO: Run Behavior\ContentReplaceBehavior [ RunTime:0.000045s ]
INFO: [ template_filter ] --END-- [ RunTime:0.000089s ]
NOTIC: [8] Undefined variable: siteurl C:\work\juhe\Runtime\Cache\Pay\1d7fd854e12e4c3d33dff394f3f9effe.php 第 12 行.
NOTIC: [8] Undefined variable: siteurl C:\work\juhe\Runtime\Cache\Pay\1d7fd854e12e4c3d33dff394f3f9effe.php 第 13 行.
NOTIC: [8] Undefined variable: siteurl C:\work\juhe\Runtime\Cache\Pay\1d7fd854e12e4c3d33dff394f3f9effe.php 第 15 行.
NOTIC: [8] Undefined variable: siteurl C:\work\juhe\Runtime\Cache\Pay\1d7fd854e12e4c3d33dff394f3f9effe.php 第 16 行.
NOTIC: [8] Undefined variable: siteurl C:\work\juhe\Runtime\Cache\Pay\1d7fd854e12e4c3d33dff394f3f9effe.php 第 18 行.
NOTIC: [8] Undefined variable: siteurl C:\work\juhe\Runtime\Cache\Pay\1d7fd854e12e4c3d33dff394f3f9effe.php 第 19 行.
NOTIC: [8] Undefined variable: siteurl C:\work\juhe\Runtime\Cache\Pay\1d7fd854e12e4c3d33dff394f3f9effe.php 第 21 行.
NOTIC: [8] Undefined variable: siteurl C:\work\juhe\Runtime\Cache\Pay\1d7fd854e12e4c3d33dff394f3f9effe.php 第 178 行.
NOTIC: [8] Undefined variable: siteurl C:\work\juhe\Runtime\Cache\Pay\1d7fd854e12e4c3d33dff394f3f9effe.php 第 180 行.
NOTIC: [8] Undefined variable: siteurl C:\work\juhe\Runtime\Cache\Pay\1d7fd854e12e4c3d33dff394f3f9effe.php 第 182 行.
NOTIC: [8] Undefined variable: siteurl C:\work\juhe\Runtime\Cache\Pay\1d7fd854e12e4c3d33dff394f3f9effe.php 第 184 行.
NOTIC: [8] Undefined variable: siteurl C:\work\juhe\Runtime\Cache\Pay\1d7fd854e12e4c3d33dff394f3f9effe.php 第 186 行.
NOTIC: [8] Undefined variable: siteurl C:\work\juhe\Runtime\Cache\Pay\1d7fd854e12e4c3d33dff394f3f9effe.php 第 187 行.
NOTIC: [8] Undefined variable: siteurl C:\work\juhe\Runtime\Cache\Pay\1d7fd854e12e4c3d33dff394f3f9effe.php 第 189 行.
NOTIC: [8] Undefined variable: siteurl C:\work\juhe\Runtime\Cache\Pay\1d7fd854e12e4c3d33dff394f3f9effe.php 第 190 行.
INFO: Run Behavior\ParseTemplateBehavior [ RunTime:0.009775s ]
INFO: [ view_parse ] --END-- [ RunTime:0.009798s ]
INFO: [ view_filter ] --START--
INFO: Run Behavior\WriteHtmlCacheBehavior [ RunTime:0.000738s ]
INFO: Run Behavior\TokenBuildBehavior [ RunTime:0.001001s ]
INFO: [ view_filter ] --END-- [ RunTime:0.001770s ]
INFO: [ app_end ] --START--
INFO: Run Behavior\ShowPageTraceBehavior [ RunTime:0.000910s ]
INFO: [ app_end ] --END-- [ RunTime:0.000947s ]

[ 2019-03-11T10:36:34+08:00 ] 127.0.0.1 /Pay_Charges_pay.html
INFO: [ app_init ] --START--
INFO: Run Behavior\BuildLiteBehavior [ RunTime:0.000004s ]
INFO: [ app_init ] --END-- [ RunTime:0.000025s ]
INFO: [ app_begin ] --START--
INFO: Run Behavior\ReadHtmlCacheBehavior [ RunTime:0.001336s ]
INFO: Run Behavior\CheckLangBehavior [ RunTime:0.001752s ]
INFO: [ app_begin ] --END-- [ RunTime:0.003192s ]
NOTIC: [2] Declaration of Pay\Controller\ChargesController::success() should be compatible with Think\Controller::success($message = '', $jumpUrl = '', $ajax = false) C:\work\juhe\Application\Pay\Controller\ChargesController.class.php 第 11 行.
SQL: SHOW COLUMNS FROM `pay_member` [ RunTime:0.0021s ]
SQL: SELECT `apikey` FROM `pay_member` WHERE `id` = 112 LIMIT 1   [ RunTime:0.0004s ]
INFO: [ app_end ] --START--
INFO: Run Behavior\ShowPageTraceBehavior [ RunTime:0.001082s ]
INFO: [ app_end ] --END-- [ RunTime:0.001125s ]

[ 2019-03-11T10:36:34+08:00 ] 127.0.0.1 /Pay_index.html
INFO: [ app_init ] --START--
INFO: Run Behavior\BuildLiteBehavior [ RunTime:0.000004s ]
INFO: [ app_init ] --END-- [ RunTime:0.000024s ]
INFO: [ app_begin ] --START--
INFO: Run Behavior\ReadHtmlCacheBehavior [ RunTime:0.001474s ]
INFO: Run Behavior\CheckLangBehavior [ RunTime:0.001106s ]
INFO: [ app_begin ] --END-- [ RunTime:0.002633s ]
SQL: SHOW COLUMNS FROM `pay_websiteconfig` [ RunTime:0.0007s ]
SQL: SELECT `is_repeat_order` FROM `pay_websiteconfig` LIMIT 1   [ RunTime:0.0010s ]
SQL: SHOW COLUMNS FROM `pay_user_riskcontrol_config` [ RunTime:0.0007s ]
SQL: SHOW COLUMNS FROM `pay_member` [ RunTime:0.0007s ]
SQL: SELECT `id`,`unit_paying_number`,`unit_frist_paying_time`,`unit_paying_amount`,`paying_money`,`last_paying_time` FROM `pay_member` WHERE `id` = 112 LIMIT 1   [ RunTime:0.0003s ]
SQL: SELECT * FROM `pay_user_riskcontrol_config` WHERE `user_id` = 112 AND `status` = 1 LIMIT 1   [ RunTime:0.0012s ]
SQL: SELECT * FROM `pay_user_riskcontrol_config` WHERE `is_system` = 1 AND `status` = 1 LIMIT 1   [ RunTime:0.0008s ]
SQL: SHOW COLUMNS FROM `pay_product` [ RunTime:0.0006s ]
SQL: SELECT COUNT(*) AS tp_count FROM `pay_product` WHERE `id` = 913 AND `status` = 1 LIMIT 1   [ RunTime:0.0003s ]
SQL: SHOW COLUMNS FROM `pay_product_user` [ RunTime:0.0043s ]
SQL: SELECT * FROM `pay_product_user` WHERE `pid` = 913 AND `userid` = 112 AND `status` = 1 LIMIT 1   [ RunTime:0.0025s ]
SQL: SHOW COLUMNS FROM `pay_channel` [ RunTime:0.0007s ]
SQL: SELECT * FROM `pay_channel` WHERE `id` = 279 LIMIT 1   [ RunTime:0.0004s ]
SQL: SELECT * FROM `pay_member` WHERE `id` = 112 AND `open_charge` = 1 LIMIT 1   [ RunTime:0.0004s ]
SQL: SELECT * FROM `pay_channel` WHERE `id` = 279 AND `status` = 1 LIMIT 1   [ RunTime:0.0003s ]
SQL: SHOW COLUMNS FROM `pay_member` [ RunTime:0.0007s ]
SQL: SELECT * FROM `pay_member` WHERE `id` = 112 LIMIT 1   [ RunTime:0.0003s ]
SQL: SHOW COLUMNS FROM `pay_userrate` [ RunTime:0.0005s ]
SQL: SELECT * FROM `pay_userrate` WHERE `userid` = 112 AND `payapiid` = 913 LIMIT 1   [ RunTime:0.0010s ]
SQL: SELECT * FROM `pay_channel` WHERE `id` = 279 LIMIT 1   [ RunTime:0.0003s ]
SQL: SHOW COLUMNS FROM `pay_channel_account` [ RunTime:0.0008s ]
SQL: SELECT * FROM `pay_channel_account` WHERE `channel_id` = 279 AND `status` = 1  [ RunTime:0.0011s ]
SQL: SHOW COLUMNS FROM `pay_channel_account` [ RunTime:0.0009s ]
SQL: SELECT * FROM `pay_product` WHERE `id` = 913 LIMIT 1   [ RunTime:0.0003s ]

[ 2019-03-11T10:40:06+08:00 ] 127.0.0.1 /Pay_Charges_testqianyue_mid_10112.html
INFO: [ app_init ] --START--
INFO: Run Behavior\BuildLiteBehavior [ RunTime:0.000024s ]
INFO: [ app_init ] --END-- [ RunTime:0.000109s ]
INFO: [ app_begin ] --START--
INFO: Run Behavior\ReadHtmlCacheBehavior [ RunTime:0.000786s ]
INFO: Run Behavior\CheckLangBehavior [ RunTime:0.001215s ]
INFO: [ app_begin ] --END-- [ RunTime:0.002036s ]
NOTIC: [2] Declaration of Pay\Controller\ChargesController::success() should be compatible with Think\Controller::success($message = '', $jumpUrl = '', $ajax = false) C:\work\juhe\Application\Pay\Controller\ChargesController.class.php 第 11 行.
SQL: SHOW COLUMNS FROM `pay_product` [ RunTime:0.0010s ]
SQL: SELECT * FROM `pay_product` WHERE `isdisplay` = 1 AND `status` = 1  [ RunTime:0.0004s ]
NOTIC: [8] Undefined variable: icon C:\work\juhe\Application\Pay\Controller\ChargesController.class.php 第 412 行.
NOTIC: [8] Undefined variable: icon C:\work\juhe\Application\Pay\Controller\ChargesController.class.php 第 412 行.
NOTIC: [8] Undefined variable: icon C:\work\juhe\Application\Pay\Controller\ChargesController.class.php 第 412 行.
SQL: SELECT * FROM `pay_product` WHERE `isdisplay` = 1 AND `status` = 1 AND `id` = 913  [ RunTime:0.0003s ]
SQL: SHOW COLUMNS FROM `pay_systembank` [ RunTime:0.0015s ]
SQL: SELECT * FROM `pay_systembank` WHERE `is_off` = 1  [ RunTime:0.0003s ]
INFO: [ view_parse ] --START--
INFO: [ template_filter ] --START--
INFO: Run Behavior\ContentReplaceBehavior [ RunTime:0.000031s ]
INFO: [ template_filter ] --END-- [ RunTime:0.000048s ]
NOTIC: [8] Undefined variable: siteurl C:\work\juhe\Runtime\Cache\Pay\1d7fd854e12e4c3d33dff394f3f9effe.php 第 12 行.
NOTIC: [8] Undefined variable: siteurl C:\work\juhe\Runtime\Cache\Pay\1d7fd854e12e4c3d33dff394f3f9effe.php 第 13 行.
NOTIC: [8] Undefined variable: siteurl C:\work\juhe\Runtime\Cache\Pay\1d7fd854e12e4c3d33dff394f3f9effe.php 第 15 行.
NOTIC: [8] Undefined variable: siteurl C:\work\juhe\Runtime\Cache\Pay\1d7fd854e12e4c3d33dff394f3f9effe.php 第 16 行.
NOTIC: [8] Undefined variable: siteurl C:\work\juhe\Runtime\Cache\Pay\1d7fd854e12e4c3d33dff394f3f9effe.php 第 18 行.
NOTIC: [8] Undefined variable: siteurl C:\work\juhe\Runtime\Cache\Pay\1d7fd854e12e4c3d33dff394f3f9effe.php 第 19 行.
NOTIC: [8] Undefined variable: siteurl C:\work\juhe\Runtime\Cache\Pay\1d7fd854e12e4c3d33dff394f3f9effe.php 第 21 行.
NOTIC: [8] Undefined variable: siteurl C:\work\juhe\Runtime\Cache\Pay\1d7fd854e12e4c3d33dff394f3f9effe.php 第 178 行.
NOTIC: [8] Undefined variable: siteurl C:\work\juhe\Runtime\Cache\Pay\1d7fd854e12e4c3d33dff394f3f9effe.php 第 180 行.
NOTIC: [8] Undefined variable: siteurl C:\work\juhe\Runtime\Cache\Pay\1d7fd854e12e4c3d33dff394f3f9effe.php 第 182 行.
NOTIC: [8] Undefined variable: siteurl C:\work\juhe\Runtime\Cache\Pay\1d7fd854e12e4c3d33dff394f3f9effe.php 第 184 行.
NOTIC: [8] Undefined variable: siteurl C:\work\juhe\Runtime\Cache\Pay\1d7fd854e12e4c3d33dff394f3f9effe.php 第 186 行.
NOTIC: [8] Undefined variable: siteurl C:\work\juhe\Runtime\Cache\Pay\1d7fd854e12e4c3d33dff394f3f9effe.php 第 187 行.
NOTIC: [8] Undefined variable: siteurl C:\work\juhe\Runtime\Cache\Pay\1d7fd854e12e4c3d33dff394f3f9effe.php 第 189 行.
NOTIC: [8] Undefined variable: siteurl C:\work\juhe\Runtime\Cache\Pay\1d7fd854e12e4c3d33dff394f3f9effe.php 第 190 行.
INFO: Run Behavior\ParseTemplateBehavior [ RunTime:0.005821s ]
INFO: [ view_parse ] --END-- [ RunTime:0.005840s ]
INFO: [ view_filter ] --START--
INFO: Run Behavior\WriteHtmlCacheBehavior [ RunTime:0.000659s ]
INFO: Run Behavior\TokenBuildBehavior [ RunTime:0.000998s ]
INFO: [ view_filter ] --END-- [ RunTime:0.001738s ]
INFO: [ app_end ] --START--
INFO: Run Behavior\ShowPageTraceBehavior [ RunTime:0.000945s ]
INFO: [ app_end ] --END-- [ RunTime:0.000986s ]

[ 2019-03-11T10:42:10+08:00 ] 127.0.0.1 /Pay_WJpay_presign.html
INFO: [ app_init ] --START--
INFO: Run Behavior\BuildLiteBehavior [ RunTime:0.000005s ]
INFO: [ app_init ] --END-- [ RunTime:0.000027s ]
INFO: [ app_begin ] --START--
INFO: Run Behavior\ReadHtmlCacheBehavior [ RunTime:0.000962s ]
INFO: Run Behavior\CheckLangBehavior [ RunTime:0.001202s ]
INFO: [ app_begin ] --END-- [ RunTime:0.002205s ]

[ 2019-03-11T10:43:36+08:00 ] 127.0.0.1 /Pay_WJpay_sign.html
INFO: [ app_init ] --START--
INFO: Run Behavior\BuildLiteBehavior [ RunTime:0.000006s ]
INFO: [ app_init ] --END-- [ RunTime:0.000031s ]
INFO: [ app_begin ] --START--
INFO: Run Behavior\ReadHtmlCacheBehavior [ RunTime:0.000789s ]
INFO: Run Behavior\CheckLangBehavior [ RunTime:0.001187s ]
INFO: [ app_begin ] --END-- [ RunTime:0.002015s ]

[ 2019-03-11T10:48:07+08:00 ] 127.0.0.1 /Pay_WJpay_presign.html
INFO: [ app_init ] --START--
INFO: Run Behavior\BuildLiteBehavior [ RunTime:0.000005s ]
INFO: [ app_init ] --END-- [ RunTime:0.000030s ]
INFO: [ app_begin ] --START--
INFO: Run Behavior\ReadHtmlCacheBehavior [ RunTime:0.001803s ]
INFO: Run Behavior\CheckLangBehavior [ RunTime:0.004290s ]
INFO: [ app_begin ] --END-- [ RunTime:0.006211s ]

[ 2019-03-11T10:48:28+08:00 ] 127.0.0.1 /Pay_WJpay_sign.html
INFO: [ app_init ] --START--
INFO: Run Behavior\BuildLiteBehavior [ RunTime:0.000006s ]
INFO: [ app_init ] --END-- [ RunTime:0.000090s ]
INFO: [ app_begin ] --START--
INFO: Run Behavior\ReadHtmlCacheBehavior [ RunTime:0.002050s ]
INFO: Run Behavior\CheckLangBehavior [ RunTime:0.001222s ]
INFO: [ app_begin ] --END-- [ RunTime:0.003368s ]

[ 2019-03-11T10:48:47+08:00 ] 127.0.0.1 /Pay_WJpay_sign.html
INFO: [ app_init ] --START--
INFO: Run Behavior\BuildLiteBehavior [ RunTime:0.000006s ]
INFO: [ app_init ] --END-- [ RunTime:0.000029s ]
INFO: [ app_begin ] --START--
INFO: Run Behavior\ReadHtmlCacheBehavior [ RunTime:0.001019s ]
INFO: Run Behavior\CheckLangBehavior [ RunTime:0.001323s ]
INFO: [ app_begin ] --END-- [ RunTime:0.002396s ]

[ 2019-03-11T10:53:20+08:00 ] 127.0.0.1 /Pay_WJpay_presign.html
INFO: [ app_init ] --START--
INFO: Run Behavior\BuildLiteBehavior [ RunTime:0.000007s ]
INFO: [ app_init ] --END-- [ RunTime:0.000035s ]
INFO: [ app_begin ] --START--
INFO: Run Behavior\ReadHtmlCacheBehavior [ RunTime:0.000796s ]
INFO: Run Behavior\CheckLangBehavior [ RunTime:0.001228s ]
INFO: [ app_begin ] --END-- [ RunTime:0.002062s ]

[ 2019-03-11T10:53:40+08:00 ] 127.0.0.1 /Pay_WJpay_sign.html
INFO: [ app_init ] --START--
INFO: Run Behavior\BuildLiteBehavior [ RunTime:0.000008s ]
INFO: [ app_init ] --END-- [ RunTime:0.000037s ]
INFO: [ app_begin ] --START--
INFO: Run Behavior\ReadHtmlCacheBehavior [ RunTime:0.000729s ]
INFO: Run Behavior\CheckLangBehavior [ RunTime:0.001431s ]
INFO: [ app_begin ] --END-- [ RunTime:0.002246s ]

[ 2019-03-11T18:50:41+08:00 ] 127.0.0.1 /Pay_WJpay_sign.html
INFO: [ app_init ] --START--
INFO: Run Behavior\BuildLiteBehavior [ RunTime:0.000010s ]
INFO: [ app_init ] --END-- [ RunTime:0.000047s ]
INFO: [ app_begin ] --START--
INFO: Run Behavior\ReadHtmlCacheBehavior [ RunTime:0.001161s ]
INFO: Run Behavior\CheckLangBehavior [ RunTime:0.001422s ]
INFO: [ app_begin ] --END-- [ RunTime:0.002651s ]

