[ 2019-01-31T11:32:32+08:00 ] 127.0.0.1 /Pay_Pay_orderQuery.html
INFO: [ app_init ] --START--
INFO: Run Behavior\BuildLiteBehavior [ RunTime:0.000023s ]
INFO: [ app_init ] --END-- [ RunTime:0.000068s ]
INFO: [ app_begin ] --START--
INFO: Run Behavior\ReadHtmlCacheBehavior [ RunTime:0.003270s ]
INFO: Run Behavior\CheckLangBehavior [ RunTime:0.003439s ]
INFO: [ app_begin ] --END-- [ RunTime:0.006787s ]
SQL: SHOW COLUMNS FROM `pay_order` [ RunTime:0.0412s ]
SQL: SELECT * FROM `pay_order` WHERE `pay_orderid` = 'S123139870870817'  [ RunTime:0.0130s ]
SQL: SHOW COLUMNS FROM `pay_channel` [ RunTime:0.0076s ]
SQL: SELECT * FROM `pay_channel` WHERE `code` = 'ZHpaywx' AND `status` = 1 LIMIT 1   [ RunTime:0.0033s ]
SQL: SHOW COLUMNS FROM `pay_member` [ RunTime:0.0074s ]
SQL: SELECT * FROM `pay_member` WHERE `id` = 112 LIMIT 1   [ RunTime:0.0016s ]
SQL: SHOW COLUMNS FROM `pay_channel_account` [ RunTime:0.0045s ]
SQL: SELECT * FROM `pay_channel_account` WHERE `channel_id` = 273 LIMIT 1   [ RunTime:0.0015s ]

[ 2019-01-31T20:14:50+08:00 ] 127.0.0.1 /Pay_Charges_all.html
INFO: [ app_init ] --START--
INFO: Run Behavior\BuildLiteBehavior [ RunTime:0.000010s ]
INFO: [ app_init ] --END-- [ RunTime:0.000594s ]
INFO: [ app_begin ] --START--
INFO: Run Behavior\ReadHtmlCacheBehavior [ RunTime:0.002550s ]
INFO: Run Behavior\CheckLangBehavior [ RunTime:0.006625s ]
INFO: [ app_begin ] --END-- [ RunTime:0.009277s ]
NOTIC: [2] Declaration of Pay\Controller\ChargesController::success() should be compatible with Think\Controller::success($message = '', $jumpUrl = '', $ajax = false) C:\work\juhe\Application\Pay\Controller\ChargesController.class.php 第 11 行.

[ 2019-01-31T20:15:13+08:00 ] 127.0.0.1 /Pay_Charges_all.html
INFO: [ app_init ] --START--
INFO: Run Behavior\BuildLiteBehavior [ RunTime:0.000020s ]
INFO: [ app_init ] --END-- [ RunTime:0.000100s ]
INFO: [ app_begin ] --START--
INFO: Run Behavior\ReadHtmlCacheBehavior [ RunTime:0.002238s ]
INFO: Run Behavior\CheckLangBehavior [ RunTime:0.002644s ]
INFO: [ app_begin ] --END-- [ RunTime:0.005018s ]
NOTIC: [2] Declaration of Pay\Controller\ChargesController::success() should be compatible with Think\Controller::success($message = '', $jumpUrl = '', $ajax = false) C:\work\juhe\Application\Pay\Controller\ChargesController.class.php 第 11 行.

[ 2019-01-31T20:18:50+08:00 ] 127.0.0.1 /Pay_Charges_all.html
INFO: [ app_init ] --START--
INFO: Run Behavior\BuildLiteBehavior [ RunTime:0.000011s ]
INFO: [ app_init ] --END-- [ RunTime:0.000044s ]
INFO: [ app_begin ] --START--
INFO: Run Behavior\ReadHtmlCacheBehavior [ RunTime:0.004031s ]
INFO: Run Behavior\CheckLangBehavior [ RunTime:0.002997s ]
INFO: [ app_begin ] --END-- [ RunTime:0.007163s ]
NOTIC: [2] Declaration of Pay\Controller\ChargesController::success() should be compatible with Think\Controller::success($message = '', $jumpUrl = '', $ajax = false) C:\work\juhe\Application\Pay\Controller\ChargesController.class.php 第 11 行.

[ 2019-01-31T20:28:55+08:00 ] 127.0.0.1 /Pay_Charges_all.html
INFO: [ app_init ] --START--
INFO: Run Behavior\BuildLiteBehavior [ RunTime:0.000008s ]
INFO: [ app_init ] --END-- [ RunTime:0.000041s ]
INFO: [ app_begin ] --START--
INFO: Run Behavior\ReadHtmlCacheBehavior [ RunTime:0.001045s ]
INFO: Run Behavior\CheckLangBehavior [ RunTime:0.001814s ]
INFO: [ app_begin ] --END-- [ RunTime:0.002910s ]
NOTIC: [2] Declaration of Pay\Controller\ChargesController::success() should be compatible with Think\Controller::success($message = '', $jumpUrl = '', $ajax = false) C:\work\juhe\Application\Pay\Controller\ChargesController.class.php 第 11 行.
SQL: SHOW COLUMNS FROM `pay_order` [ RunTime:0.0026s ]
SQL: DELETE FROM `pay_order` WHERE `pay_applydate` <= 1547641735 [ RunTime:0.1175s ]

[ 2019-01-31T20:59:33+08:00 ] 127.0.0.1 /Pay_Charges_all.html
INFO: [ app_init ] --START--
INFO: Run Behavior\BuildLiteBehavior [ RunTime:0.000021s ]
INFO: [ app_init ] --END-- [ RunTime:0.000076s ]
INFO: [ app_begin ] --START--
INFO: Run Behavior\ReadHtmlCacheBehavior [ RunTime:0.002258s ]
INFO: Run Behavior\CheckLangBehavior [ RunTime:0.003212s ]
INFO: [ app_begin ] --END-- [ RunTime:0.005607s ]
NOTIC: [2] Declaration of Pay\Controller\ChargesController::success() should be compatible with Think\Controller::success($message = '', $jumpUrl = '', $ajax = false) C:\work\juhe\Application\Pay\Controller\ChargesController.class.php 第 11 行.
SQL: SHOW COLUMNS FROM `pay_wttklist` [ RunTime:0.0014s ]
SQL: DELETE FROM `pay_wttklist` WHERE `sqdatetime` <= '2019-01-16 20:59:33' [ RunTime:0.0291s ]

[ 2019-01-31T21:09:57+08:00 ] 127.0.0.1 /Pay_Charges_all.html
INFO: [ app_init ] --START--
INFO: Run Behavior\BuildLiteBehavior [ RunTime:0.000016s ]
INFO: [ app_init ] --END-- [ RunTime:0.000066s ]
INFO: [ app_begin ] --START--
INFO: Run Behavior\ReadHtmlCacheBehavior [ RunTime:0.004406s ]
INFO: Run Behavior\CheckLangBehavior [ RunTime:0.002898s ]
INFO: [ app_begin ] --END-- [ RunTime:0.007422s ]
NOTIC: [2] Declaration of Pay\Controller\ChargesController::success() should be compatible with Think\Controller::success($message = '', $jumpUrl = '', $ajax = false) C:\work\juhe\Application\Pay\Controller\ChargesController.class.php 第 11 行.
SQL: SHOW COLUMNS FROM `pay_order` [ RunTime:0.0029s ]
SQL: DELETE FROM `pay_order` WHERE `pay_applydate` <= 1547644197 [ RunTime:0.1448s ]
SQL: SHOW COLUMNS FROM `pay_wttklist` [ RunTime:0.0026s ]
SQL: DELETE FROM `pay_wttklist` WHERE `sqdatetime` <= '2019-01-16 21:09:57' [ RunTime:0.0034s ]
SQL: SHOW COLUMNS FROM `pay_df_api_order` [ RunTime:0.0014s ]
SQL: DELETE FROM `pay_df_api_order` WHERE `create_time` <= 1547644197 [ RunTime:0.0209s ]

[ 2019-01-31T21:56:16+08:00 ] 127.0.0.1 /Pay_charges_sd.html
INFO: [ app_init ] --START--
INFO: Run Behavior\BuildLiteBehavior [ RunTime:0.000010s ]
INFO: [ app_init ] --END-- [ RunTime:0.000055s ]
INFO: [ app_begin ] --START--
INFO: Run Behavior\ReadHtmlCacheBehavior [ RunTime:0.001203s ]
INFO: Run Behavior\CheckLangBehavior [ RunTime:0.001869s ]
INFO: [ app_begin ] --END-- [ RunTime:0.003129s ]
NOTIC: [2] Declaration of Pay\Controller\ChargesController::success() should be compatible with Think\Controller::success($message = '', $jumpUrl = '', $ajax = false) C:\work\juhe\Application\Pay\Controller\ChargesController.class.php 第 11 行.
INFO: [ app_end ] --START--
INFO: Run Behavior\ShowPageTraceBehavior [ RunTime:0.003725s ]
INFO: [ app_end ] --END-- [ RunTime:0.003875s ]

[ 2019-01-31T21:56:25+08:00 ] 127.0.0.1 /Pay_charges_sd.html
INFO: [ app_init ] --START--
INFO: Run Behavior\BuildLiteBehavior [ RunTime:0.000014s ]
INFO: [ app_init ] --END-- [ RunTime:0.000048s ]
INFO: [ app_begin ] --START--
INFO: Run Behavior\ReadHtmlCacheBehavior [ RunTime:0.002231s ]
INFO: Run Behavior\CheckLangBehavior [ RunTime:0.001890s ]
INFO: [ app_begin ] --END-- [ RunTime:0.004207s ]
NOTIC: [2] Declaration of Pay\Controller\ChargesController::success() should be compatible with Think\Controller::success($message = '', $jumpUrl = '', $ajax = false) C:\work\juhe\Application\Pay\Controller\ChargesController.class.php 第 11 行.

[ 2019-01-31T21:57:14+08:00 ] 127.0.0.1 /Pay_charges_sd.html
INFO: [ app_init ] --START--
INFO: Run Behavior\BuildLiteBehavior [ RunTime:0.000006s ]
INFO: [ app_init ] --END-- [ RunTime:0.000029s ]
INFO: [ app_begin ] --START--
INFO: Run Behavior\ReadHtmlCacheBehavior [ RunTime:0.000953s ]
INFO: Run Behavior\CheckLangBehavior [ RunTime:0.002963s ]
INFO: [ app_begin ] --END-- [ RunTime:0.003977s ]
NOTIC: [2] Declaration of Pay\Controller\ChargesController::success() should be compatible with Think\Controller::success($message = '', $jumpUrl = '', $ajax = false) C:\work\juhe\Application\Pay\Controller\ChargesController.class.php 第 11 行.

[ 2019-01-31T21:57:49+08:00 ] 127.0.0.1 /Pay_charges_sd.html
INFO: [ app_init ] --START--
INFO: Run Behavior\BuildLiteBehavior [ RunTime:0.000010s ]
INFO: [ app_init ] --END-- [ RunTime:0.000042s ]
INFO: [ app_begin ] --START--
INFO: Run Behavior\ReadHtmlCacheBehavior [ RunTime:0.001142s ]
INFO: Run Behavior\CheckLangBehavior [ RunTime:0.001460s ]
INFO: [ app_begin ] --END-- [ RunTime:0.002647s ]
NOTIC: [2] Declaration of Pay\Controller\ChargesController::success() should be compatible with Think\Controller::success($message = '', $jumpUrl = '', $ajax = false) C:\work\juhe\Application\Pay\Controller\ChargesController.class.php 第 11 行.

[ 2019-01-31T22:03:37+08:00 ] 127.0.0.1 /Pay_charges_sd.html
INFO: [ app_init ] --START--
INFO: Run Behavior\BuildLiteBehavior [ RunTime:0.000009s ]
INFO: [ app_init ] --END-- [ RunTime:0.000056s ]
INFO: [ app_begin ] --START--
INFO: Run Behavior\ReadHtmlCacheBehavior [ RunTime:0.001129s ]
INFO: Run Behavior\CheckLangBehavior [ RunTime:0.001776s ]
INFO: [ app_begin ] --END-- [ RunTime:0.002968s ]
NOTIC: [2] Declaration of Pay\Controller\ChargesController::success() should be compatible with Think\Controller::success($message = '', $jumpUrl = '', $ajax = false) C:\work\juhe\Application\Pay\Controller\ChargesController.class.php 第 11 行.

