[ 2019-01-19T11:03:35+08:00 ] 127.0.0.1 /Pay_Charges_test_mid_10128.html
INFO: [ app_init ] --START--
INFO: Run Behavior\BuildLiteBehavior [ RunTime:0.000005s ]
INFO: [ app_init ] --END-- [ RunTime:0.000026s ]
INFO: [ app_begin ] --START--
INFO: Run Behavior\ReadHtmlCacheBehavior [ RunTime:0.001344s ]
INFO: Run Behavior\CheckLangBehavior [ RunTime:0.004196s ]
INFO: [ app_begin ] --END-- [ RunTime:0.005796s ]
NOTIC: [2] Declaration of Pay\Controller\ChargesController::success() should be compatible with Think\Controller::success($message = '', $jumpUrl = '', $ajax = false) C:\work\juhe\Application\Pay\Controller\ChargesController.class.php 第 11 行.
SQL: SHOW COLUMNS FROM `pay_product` [ RunTime:0.0012s ]
SQL: SELECT * FROM `pay_product` WHERE `isdisplay` = 1 AND `status` = 1  [ RunTime:0.0004s ]
NOTIC: [8] Undefined variable: icon C:\work\juhe\Application\Pay\Controller\ChargesController.class.php 第 450 行.
NOTIC: [8] Undefined variable: icon C:\work\juhe\Application\Pay\Controller\ChargesController.class.php 第 450 行.
SQL: SELECT * FROM `pay_product` WHERE `isdisplay` = 1 AND `status` = 1  [ RunTime:0.0003s ]
SQL: SHOW COLUMNS FROM `pay_systembank` [ RunTime:0.0018s ]
SQL: SELECT * FROM `pay_systembank` WHERE `is_off` = 1  [ RunTime:0.0005s ]
INFO: [ view_parse ] --START--
INFO: [ template_filter ] --START--
INFO: Run Behavior\ContentReplaceBehavior [ RunTime:0.000027s ]
INFO: [ template_filter ] --END-- [ RunTime:0.000050s ]
NOTIC: [8] Undefined variable: siteurl C:\work\juhe\Runtime\Cache\Pay\fefb51bba43500453344a526b2b293b1.php 第 12 行.
NOTIC: [8] Undefined variable: siteurl C:\work\juhe\Runtime\Cache\Pay\fefb51bba43500453344a526b2b293b1.php 第 13 行.
NOTIC: [8] Undefined variable: siteurl C:\work\juhe\Runtime\Cache\Pay\fefb51bba43500453344a526b2b293b1.php 第 15 行.
NOTIC: [8] Undefined variable: siteurl C:\work\juhe\Runtime\Cache\Pay\fefb51bba43500453344a526b2b293b1.php 第 16 行.
NOTIC: [8] Undefined variable: siteurl C:\work\juhe\Runtime\Cache\Pay\fefb51bba43500453344a526b2b293b1.php 第 18 行.
NOTIC: [8] Undefined variable: siteurl C:\work\juhe\Runtime\Cache\Pay\fefb51bba43500453344a526b2b293b1.php 第 19 行.
NOTIC: [8] Undefined variable: siteurl C:\work\juhe\Runtime\Cache\Pay\fefb51bba43500453344a526b2b293b1.php 第 21 行.
NOTIC: [2] Use of undefined constant 中国农业银行 - assumed '中国农业银行' (this will throw an Error in a future version of PHP) C:\work\juhe\Runtime\Cache\Pay\fefb51bba43500453344a526b2b293b1.php 第 43 行.
NOTIC: [2] Use of undefined constant 中国农业银行 - assumed '中国农业银行' (this will throw an Error in a future version of PHP) C:\work\juhe\Runtime\Cache\Pay\fefb51bba43500453344a526b2b293b1.php 第 43 行.
NOTIC: [2] Use of undefined constant 中国农业银行 - assumed '中国农业银行' (this will throw an Error in a future version of PHP) C:\work\juhe\Runtime\Cache\Pay\fefb51bba43500453344a526b2b293b1.php 第 43 行.
NOTIC: [2] Use of undefined constant 中国农业银行 - assumed '中国农业银行' (this will throw an Error in a future version of PHP) C:\work\juhe\Runtime\Cache\Pay\fefb51bba43500453344a526b2b293b1.php 第 43 行.
NOTIC: [2] Use of undefined constant 中国农业银行 - assumed '中国农业银行' (this will throw an Error in a future version of PHP) C:\work\juhe\Runtime\Cache\Pay\fefb51bba43500453344a526b2b293b1.php 第 43 行.
NOTIC: [2] Use of undefined constant 中国农业银行 - assumed '中国农业银行' (this will throw an Error in a future version of PHP) C:\work\juhe\Runtime\Cache\Pay\fefb51bba43500453344a526b2b293b1.php 第 43 行.
NOTIC: [2] Use of undefined constant 中国农业银行 - assumed '中国农业银行' (this will throw an Error in a future version of PHP) C:\work\juhe\Runtime\Cache\Pay\fefb51bba43500453344a526b2b293b1.php 第 43 行.
NOTIC: [2] Use of undefined constant 中国农业银行 - assumed '中国农业银行' (this will throw an Error in a future version of PHP) C:\work\juhe\Runtime\Cache\Pay\fefb51bba43500453344a526b2b293b1.php 第 43 行.
NOTIC: [8] Undefined variable: siteurl C:\work\juhe\Runtime\Cache\Pay\fefb51bba43500453344a526b2b293b1.php 第 111 行.
NOTIC: [8] Undefined variable: siteurl C:\work\juhe\Runtime\Cache\Pay\fefb51bba43500453344a526b2b293b1.php 第 113 行.
NOTIC: [8] Undefined variable: siteurl C:\work\juhe\Runtime\Cache\Pay\fefb51bba43500453344a526b2b293b1.php 第 115 行.
NOTIC: [8] Undefined variable: siteurl C:\work\juhe\Runtime\Cache\Pay\fefb51bba43500453344a526b2b293b1.php 第 117 行.
NOTIC: [8] Undefined variable: siteurl C:\work\juhe\Runtime\Cache\Pay\fefb51bba43500453344a526b2b293b1.php 第 119 行.
NOTIC: [8] Undefined variable: siteurl C:\work\juhe\Runtime\Cache\Pay\fefb51bba43500453344a526b2b293b1.php 第 120 行.
NOTIC: [8] Undefined variable: siteurl C:\work\juhe\Runtime\Cache\Pay\fefb51bba43500453344a526b2b293b1.php 第 122 行.
NOTIC: [8] Undefined variable: siteurl C:\work\juhe\Runtime\Cache\Pay\fefb51bba43500453344a526b2b293b1.php 第 123 行.
INFO: Run Behavior\ParseTemplateBehavior [ RunTime:0.008376s ]
INFO: [ view_parse ] --END-- [ RunTime:0.008395s ]
INFO: [ view_filter ] --START--
INFO: Run Behavior\WriteHtmlCacheBehavior [ RunTime:0.000569s ]
INFO: Run Behavior\TokenBuildBehavior [ RunTime:0.000979s ]
INFO: [ view_filter ] --END-- [ RunTime:0.001574s ]
INFO: [ app_end ] --START--
INFO: Run Behavior\ShowPageTraceBehavior [ RunTime:0.000741s ]
INFO: [ app_end ] --END-- [ RunTime:0.000758s ]

[ 2019-01-19T11:03:39+08:00 ] 127.0.0.1 /Pay_Charges_checkmd5str.html
INFO: [ app_init ] --START--
INFO: Run Behavior\BuildLiteBehavior [ RunTime:0.000005s ]
INFO: [ app_init ] --END-- [ RunTime:0.000026s ]
INFO: [ app_begin ] --START--
INFO: Run Behavior\ReadHtmlCacheBehavior [ RunTime:0.000815s ]
INFO: Run Behavior\CheckLangBehavior [ RunTime:0.001324s ]
INFO: [ app_begin ] --END-- [ RunTime:0.002171s ]
NOTIC: [2] Declaration of Pay\Controller\ChargesController::success() should be compatible with Think\Controller::success($message = '', $jumpUrl = '', $ajax = false) C:\work\juhe\Application\Pay\Controller\ChargesController.class.php 第 11 行.
SQL: SHOW COLUMNS FROM `pay_member` [ RunTime:0.0008s ]
SQL: SELECT `apikey` FROM `pay_member` WHERE `id` = 128 LIMIT 1   [ RunTime:0.0003s ]
INFO: [ app_end ] --START--
INFO: Run Behavior\ShowPageTraceBehavior [ RunTime:0.000884s ]
INFO: [ app_end ] --END-- [ RunTime:0.000901s ]

[ 2019-01-19T11:03:40+08:00 ] 127.0.0.1 /Pay_Charges_checkmd5str.html
INFO: [ app_init ] --START--
INFO: Run Behavior\BuildLiteBehavior [ RunTime:0.000005s ]
INFO: [ app_init ] --END-- [ RunTime:0.000028s ]
INFO: [ app_begin ] --START--
INFO: Run Behavior\ReadHtmlCacheBehavior [ RunTime:0.000881s ]
INFO: Run Behavior\CheckLangBehavior [ RunTime:0.001125s ]
INFO: [ app_begin ] --END-- [ RunTime:0.002054s ]
NOTIC: [2] Declaration of Pay\Controller\ChargesController::success() should be compatible with Think\Controller::success($message = '', $jumpUrl = '', $ajax = false) C:\work\juhe\Application\Pay\Controller\ChargesController.class.php 第 11 行.
SQL: SHOW COLUMNS FROM `pay_member` [ RunTime:0.0007s ]
SQL: SELECT `apikey` FROM `pay_member` WHERE `id` = 128 LIMIT 1   [ RunTime:0.0002s ]
INFO: [ app_end ] --START--
INFO: Run Behavior\ShowPageTraceBehavior [ RunTime:0.013643s ]
INFO: [ app_end ] --END-- [ RunTime:0.013665s ]

[ 2019-01-19T11:04:11+08:00 ] 127.0.0.1 /Pay_Charges_checkmd5str.html
INFO: [ app_init ] --START--
INFO: Run Behavior\BuildLiteBehavior [ RunTime:0.000004s ]
INFO: [ app_init ] --END-- [ RunTime:0.000025s ]
INFO: [ app_begin ] --START--
INFO: Run Behavior\ReadHtmlCacheBehavior [ RunTime:0.000680s ]
INFO: Run Behavior\CheckLangBehavior [ RunTime:0.001127s ]
INFO: [ app_begin ] --END-- [ RunTime:0.001838s ]
NOTIC: [2] Declaration of Pay\Controller\ChargesController::success() should be compatible with Think\Controller::success($message = '', $jumpUrl = '', $ajax = false) C:\work\juhe\Application\Pay\Controller\ChargesController.class.php 第 11 行.
SQL: SHOW COLUMNS FROM `pay_member` [ RunTime:0.0008s ]
SQL: SELECT `apikey` FROM `pay_member` WHERE `id` = 128 LIMIT 1   [ RunTime:0.0003s ]
INFO: [ app_end ] --START--
INFO: Run Behavior\ShowPageTraceBehavior [ RunTime:0.000847s ]
INFO: [ app_end ] --END-- [ RunTime:0.000866s ]

[ 2019-01-19T11:04:12+08:00 ] 127.0.0.1 /Pay_index.html
INFO: [ app_init ] --START--
INFO: Run Behavior\BuildLiteBehavior [ RunTime:0.000006s ]
INFO: [ app_init ] --END-- [ RunTime:0.000033s ]
INFO: [ app_begin ] --START--
INFO: Run Behavior\ReadHtmlCacheBehavior [ RunTime:0.000788s ]
INFO: Run Behavior\CheckLangBehavior [ RunTime:0.002295s ]
INFO: [ app_begin ] --END-- [ RunTime:0.003187s ]
SQL: SHOW COLUMNS FROM `pay_websiteconfig` [ RunTime:0.0006s ]
SQL: SELECT `is_repeat_order` FROM `pay_websiteconfig` LIMIT 1   [ RunTime:0.0003s ]
SQL: SHOW COLUMNS FROM `pay_user_riskcontrol_config` [ RunTime:0.0050s ]
SQL: SHOW COLUMNS FROM `pay_member` [ RunTime:0.0007s ]
SQL: SELECT `id`,`unit_paying_number`,`unit_frist_paying_time`,`unit_paying_amount`,`paying_money`,`last_paying_time` FROM `pay_member` WHERE `id` = 128 LIMIT 1   [ RunTime:0.0003s ]
SQL: SELECT * FROM `pay_user_riskcontrol_config` WHERE `user_id` = 128 AND `status` = 1 LIMIT 1   [ RunTime:0.0007s ]
SQL: SELECT * FROM `pay_user_riskcontrol_config` WHERE `is_system` = 1 AND `status` = 1 LIMIT 1   [ RunTime:0.0004s ]
SQL: SHOW COLUMNS FROM `pay_product` [ RunTime:0.0012s ]
SQL: SELECT COUNT(*) AS tp_count FROM `pay_product` WHERE `id` = 905 AND `status` = 1 LIMIT 1   [ RunTime:0.0003s ]
SQL: SHOW COLUMNS FROM `pay_product_user` [ RunTime:0.0011s ]
SQL: SELECT * FROM `pay_product_user` WHERE `pid` = 905 AND `userid` = 128 AND `status` = 1 LIMIT 1   [ RunTime:0.0004s ]
SQL: SHOW COLUMNS FROM `pay_channel` [ RunTime:0.0007s ]
SQL: SELECT * FROM `pay_channel` WHERE `id` = 265 LIMIT 1   [ RunTime:0.0004s ]
SQL: SELECT * FROM `pay_member` WHERE `id` = 128 AND `open_charge` = 1 LIMIT 1   [ RunTime:0.0004s ]
SQL: SELECT * FROM `pay_channel` WHERE `id` = 265 AND `status` = 1 LIMIT 1   [ RunTime:0.0003s ]
SQL: SHOW COLUMNS FROM `pay_member` [ RunTime:0.0016s ]
SQL: SELECT * FROM `pay_member` WHERE `id` = 128 LIMIT 1   [ RunTime:0.0010s ]
SQL: SHOW COLUMNS FROM `pay_userrate` [ RunTime:0.0023s ]
SQL: SELECT * FROM `pay_userrate` WHERE `userid` = 128 AND `payapiid` = 905 LIMIT 1   [ RunTime:0.0006s ]
SQL: SELECT * FROM `pay_channel` WHERE `id` = 265 LIMIT 1   [ RunTime:0.0003s ]
SQL: SHOW COLUMNS FROM `pay_channel_account` [ RunTime:0.0022s ]
SQL: SELECT * FROM `pay_channel_account` WHERE `channel_id` = 265 AND `status` = 1  [ RunTime:0.0008s ]
SQL: SHOW COLUMNS FROM `pay_channel_account` [ RunTime:0.0007s ]
SQL: SELECT * FROM `pay_product` WHERE `id` = 905 LIMIT 1   [ RunTime:0.0003s ]
SQL: SHOW COLUMNS FROM `pay_order` [ RunTime:0.0008s ]
SQL: SELECT * FROM `pay_order` WHERE `out_trade_id` = 'E2019011911033546673931' LIMIT 1   [ RunTime:0.0186s ]
SQL: INSERT INTO `pay_order` (`pay_memberid`,`pay_orderid`,`pay_amount`,`pay_poundage`,`pay_actualamount`,`pay_applydate`,`pay_bankcode`,`pay_bankname`,`pay_notifyurl`,`pay_callbackurl`,`pay_status`,`pay_tongdao`,`pay_zh_tongdao`,`pay_channel_account`,`pay_ytongdao`,`pay_yzh_tongdao`,`pay_tjurl`,`pay_productname`,`attach`,`out_trade_id`,`ddlx`,`memberid`,`key`,`account`,`cost`,`cost_rate`,`channel_id`,`account_id`) VALUES ('10128','S119670528457517','11','0.286','10.714','1547867052','905','微信固码','http://www.dlaravel.com/','http://www.dlaravel.com/admin/login','0','YYpayWxsm2','云易2','云易支付','YYpayWxsm2','收银台支付（云易支付微信扫码2）','http://www.juhe.com/Pay_Charges_test_mid_10128.html','','','E2019011911033546673931','0','NMZF_69','22ee91a053dd315d5959d329770c2818','','0.1760','0.0160','265','425') [ RunTime:0.0018s ]
INFO: [ app_end ] --START--
INFO: Run Behavior\ShowPageTraceBehavior [ RunTime:0.001399s ]
INFO: [ app_end ] --END-- [ RunTime:0.001452s ]

