[ 2019-01-05T11:14:16+08:00 ] 127.0.0.1 /Pay_Charges_testqianyue_mid_10002.html
INFO: [ app_init ] --START--
INFO: Run Behavior\BuildLiteBehavior [ RunTime:0.000124s ]
INFO: [ app_init ] --END-- [ RunTime:0.000174s ]
INFO: [ app_begin ] --START--
INFO: Run Behavior\ReadHtmlCacheBehavior [ RunTime:0.001414s ]
INFO: Run Behavior\CheckLangBehavior [ RunTime:0.002411s ]
INFO: [ app_begin ] --END-- [ RunTime:0.003954s ]
SQL: SHOW COLUMNS FROM `pay_product` [ RunTime:0.0015s ]
SQL: SELECT * FROM `pay_product` WHERE `isdisplay` = 1 AND `status` = 1  [ RunTime:0.0006s ]
NOTIC: [8] Undefined variable: icon C:\work\juhe\Application\Pay\Controller\ChargesController.class.php 第 402 行.
NOTIC: [8] Undefined variable: icon C:\work\juhe\Application\Pay\Controller\ChargesController.class.php 第 402 行.
SQL: SELECT * FROM `pay_product` WHERE `isdisplay` = 1 AND `status` = 1  [ RunTime:0.0005s ]
SQL: SHOW COLUMNS FROM `pay_systembank` [ RunTime:0.0007s ]
SQL: SELECT * FROM `pay_systembank` WHERE `is_off` = 1  [ RunTime:0.0005s ]
INFO: [ view_parse ] --START--
INFO: [ template_filter ] --START--
INFO: Run Behavior\ContentReplaceBehavior [ RunTime:0.000044s ]
INFO: [ template_filter ] --END-- [ RunTime:0.000070s ]
NOTIC: [8] Undefined variable: siteurl C:\work\juhe\Runtime\Cache\Pay\1d7fd854e12e4c3d33dff394f3f9effe.php 第 12 行.
NOTIC: [8] Undefined variable: siteurl C:\work\juhe\Runtime\Cache\Pay\1d7fd854e12e4c3d33dff394f3f9effe.php 第 13 行.
NOTIC: [8] Undefined variable: siteurl C:\work\juhe\Runtime\Cache\Pay\1d7fd854e12e4c3d33dff394f3f9effe.php 第 15 行.
NOTIC: [8] Undefined variable: siteurl C:\work\juhe\Runtime\Cache\Pay\1d7fd854e12e4c3d33dff394f3f9effe.php 第 16 行.
NOTIC: [8] Undefined variable: siteurl C:\work\juhe\Runtime\Cache\Pay\1d7fd854e12e4c3d33dff394f3f9effe.php 第 18 行.
NOTIC: [8] Undefined variable: siteurl C:\work\juhe\Runtime\Cache\Pay\1d7fd854e12e4c3d33dff394f3f9effe.php 第 19 行.
NOTIC: [8] Undefined variable: siteurl C:\work\juhe\Runtime\Cache\Pay\1d7fd854e12e4c3d33dff394f3f9effe.php 第 21 行.
NOTIC: [8] Undefined variable: siteurl C:\work\juhe\Runtime\Cache\Pay\1d7fd854e12e4c3d33dff394f3f9effe.php 第 184 行.
NOTIC: [8] Undefined variable: siteurl C:\work\juhe\Runtime\Cache\Pay\1d7fd854e12e4c3d33dff394f3f9effe.php 第 186 行.
NOTIC: [8] Undefined variable: siteurl C:\work\juhe\Runtime\Cache\Pay\1d7fd854e12e4c3d33dff394f3f9effe.php 第 188 行.
NOTIC: [8] Undefined variable: siteurl C:\work\juhe\Runtime\Cache\Pay\1d7fd854e12e4c3d33dff394f3f9effe.php 第 190 行.
NOTIC: [8] Undefined variable: siteurl C:\work\juhe\Runtime\Cache\Pay\1d7fd854e12e4c3d33dff394f3f9effe.php 第 192 行.
NOTIC: [8] Undefined variable: siteurl C:\work\juhe\Runtime\Cache\Pay\1d7fd854e12e4c3d33dff394f3f9effe.php 第 193 行.
NOTIC: [8] Undefined variable: siteurl C:\work\juhe\Runtime\Cache\Pay\1d7fd854e12e4c3d33dff394f3f9effe.php 第 195 行.
NOTIC: [8] Undefined variable: siteurl C:\work\juhe\Runtime\Cache\Pay\1d7fd854e12e4c3d33dff394f3f9effe.php 第 196 行.
INFO: Run Behavior\ParseTemplateBehavior [ RunTime:0.010179s ]
INFO: [ view_parse ] --END-- [ RunTime:0.010244s ]
INFO: [ view_filter ] --START--
INFO: Run Behavior\WriteHtmlCacheBehavior [ RunTime:0.001311s ]
INFO: Run Behavior\TokenBuildBehavior [ RunTime:0.001566s ]
INFO: [ view_filter ] --END-- [ RunTime:0.002927s ]
INFO: [ app_end ] --START--
INFO: Run Behavior\ShowPageTraceBehavior [ RunTime:0.001143s ]
INFO: [ app_end ] --END-- [ RunTime:0.001178s ]

[ 2019-01-05T11:14:21+08:00 ] 127.0.0.1 /Pay_index.html
INFO: [ app_init ] --START--
INFO: Run Behavior\BuildLiteBehavior [ RunTime:0.000009s ]
INFO: [ app_init ] --END-- [ RunTime:0.000049s ]
INFO: [ app_begin ] --START--
INFO: Run Behavior\ReadHtmlCacheBehavior [ RunTime:0.001539s ]
INFO: Run Behavior\CheckLangBehavior [ RunTime:0.002464s ]
INFO: [ app_begin ] --END-- [ RunTime:0.004083s ]
SQL: SHOW COLUMNS FROM `pay_websiteconfig` [ RunTime:0.0019s ]
SQL: SELECT `is_repeat_order` FROM `pay_websiteconfig` LIMIT 1   [ RunTime:0.0006s ]
SQL: SHOW COLUMNS FROM `pay_user_riskcontrol_config` [ RunTime:0.0048s ]
SQL: SHOW COLUMNS FROM `pay_member` [ RunTime:0.0052s ]
SQL: SELECT `id`,`unit_paying_number`,`unit_frist_paying_time`,`unit_paying_amount`,`paying_money`,`last_paying_time` FROM `pay_member` WHERE `id` = 2 LIMIT 1   [ RunTime:0.0006s ]
SQL: SHOW COLUMNS FROM `pay_product` [ RunTime:0.0007s ]
SQL: SELECT COUNT(*) AS tp_count FROM `pay_product` WHERE `id` = 907 AND `status` = 1 LIMIT 1   [ RunTime:0.0005s ]
SQL: SHOW COLUMNS FROM `pay_product_user` [ RunTime:0.0007s ]
SQL: SELECT * FROM `pay_product_user` WHERE `pid` = 907 AND `userid` = 2 AND `status` = 1 LIMIT 1   [ RunTime:0.0004s ]
SQL: SHOW COLUMNS FROM `pay_channel` [ RunTime:0.0009s ]
SQL: SELECT * FROM `pay_channel` WHERE `id` = 0 LIMIT 1   [ RunTime:0.0004s ]

