[ 2019-03-18T13:45:36+08:00 ] 127.0.0.1 /Pay_Charges_test_mid_10112.html
INFO: [ app_init ] --START--
INFO: Run Behavior\BuildLiteBehavior [ RunTime:0.000006s ]
INFO: [ app_init ] --END-- [ RunTime:0.000030s ]
INFO: [ app_begin ] --START--
INFO: Run Behavior\ReadHtmlCacheBehavior [ RunTime:0.000707s ]
INFO: Run Behavior\CheckLangBehavior [ RunTime:0.001141s ]
INFO: [ app_begin ] --END-- [ RunTime:0.001888s ]
NOTIC: [2] Declaration of Pay\Controller\ChargesController::success() should be compatible with Think\Controller::success($message = '', $jumpUrl = '', $ajax = false) C:\work\juhe\Application\Pay\Controller\ChargesController.class.php 第 11 行.
SQL: SHOW COLUMNS FROM `pay_product` [ RunTime:0.0006s ]
SQL: SELECT * FROM `pay_product` WHERE `isdisplay` = 1 AND `status` = 1  [ RunTime:0.0008s ]
NOTIC: [8] Undefined variable: icon C:\work\juhe\Application\Pay\Controller\ChargesController.class.php 第 412 行.
NOTIC: [8] Undefined variable: icon C:\work\juhe\Application\Pay\Controller\ChargesController.class.php 第 412 行.
NOTIC: [8] Undefined variable: icon C:\work\juhe\Application\Pay\Controller\ChargesController.class.php 第 412 行.
SQL: SELECT * FROM `pay_product` WHERE `isdisplay` = 1 AND `status` = 1  [ RunTime:0.0003s ]
SQL: SHOW COLUMNS FROM `pay_systembank` [ RunTime:0.0025s ]
SQL: SELECT * FROM `pay_systembank` WHERE `is_off` = 1  [ RunTime:0.0014s ]
INFO: [ view_parse ] --START--
INFO: [ template_filter ] --START--
INFO: Run Behavior\ContentReplaceBehavior [ RunTime:0.000025s ]
INFO: [ template_filter ] --END-- [ RunTime:0.000041s ]
NOTIC: [8] Undefined variable: siteurl C:\work\juhe\Runtime\Cache\Pay\fefb51bba43500453344a526b2b293b1.php 第 12 行.
NOTIC: [8] Undefined variable: siteurl C:\work\juhe\Runtime\Cache\Pay\fefb51bba43500453344a526b2b293b1.php 第 13 行.
NOTIC: [8] Undefined variable: siteurl C:\work\juhe\Runtime\Cache\Pay\fefb51bba43500453344a526b2b293b1.php 第 15 行.
NOTIC: [8] Undefined variable: siteurl C:\work\juhe\Runtime\Cache\Pay\fefb51bba43500453344a526b2b293b1.php 第 16 行.
NOTIC: [8] Undefined variable: siteurl C:\work\juhe\Runtime\Cache\Pay\fefb51bba43500453344a526b2b293b1.php 第 18 行.
NOTIC: [8] Undefined variable: siteurl C:\work\juhe\Runtime\Cache\Pay\fefb51bba43500453344a526b2b293b1.php 第 19 行.
NOTIC: [8] Undefined variable: siteurl C:\work\juhe\Runtime\Cache\Pay\fefb51bba43500453344a526b2b293b1.php 第 21 行.
NOTIC: [2] Use of undefined constant 中国农业银行 - assumed '中国农业银行' (this will throw an Error in a future version of PHP) C:\work\juhe\Runtime\Cache\Pay\fefb51bba43500453344a526b2b293b1.php 第 43 行.
NOTIC: [2] Use of undefined constant 中国农业银行 - assumed '中国农业银行' (this will throw an Error in a future version of PHP) C:\work\juhe\Runtime\Cache\Pay\fefb51bba43500453344a526b2b293b1.php 第 43 行.
NOTIC: [2] Use of undefined constant 中国农业银行 - assumed '中国农业银行' (this will throw an Error in a future version of PHP) C:\work\juhe\Runtime\Cache\Pay\fefb51bba43500453344a526b2b293b1.php 第 43 行.
NOTIC: [2] Use of undefined constant 中国农业银行 - assumed '中国农业银行' (this will throw an Error in a future version of PHP) C:\work\juhe\Runtime\Cache\Pay\fefb51bba43500453344a526b2b293b1.php 第 43 行.
NOTIC: [2] Use of undefined constant 中国农业银行 - assumed '中国农业银行' (this will throw an Error in a future version of PHP) C:\work\juhe\Runtime\Cache\Pay\fefb51bba43500453344a526b2b293b1.php 第 43 行.
NOTIC: [2] Use of undefined constant 中国农业银行 - assumed '中国农业银行' (this will throw an Error in a future version of PHP) C:\work\juhe\Runtime\Cache\Pay\fefb51bba43500453344a526b2b293b1.php 第 43 行.
NOTIC: [2] Use of undefined constant 中国农业银行 - assumed '中国农业银行' (this will throw an Error in a future version of PHP) C:\work\juhe\Runtime\Cache\Pay\fefb51bba43500453344a526b2b293b1.php 第 43 行.
NOTIC: [2] Use of undefined constant 中国农业银行 - assumed '中国农业银行' (this will throw an Error in a future version of PHP) C:\work\juhe\Runtime\Cache\Pay\fefb51bba43500453344a526b2b293b1.php 第 43 行.
NOTIC: [8] Undefined variable: siteurl C:\work\juhe\Runtime\Cache\Pay\fefb51bba43500453344a526b2b293b1.php 第 111 行.
NOTIC: [8] Undefined variable: siteurl C:\work\juhe\Runtime\Cache\Pay\fefb51bba43500453344a526b2b293b1.php 第 113 行.
NOTIC: [8] Undefined variable: siteurl C:\work\juhe\Runtime\Cache\Pay\fefb51bba43500453344a526b2b293b1.php 第 115 行.
NOTIC: [8] Undefined variable: siteurl C:\work\juhe\Runtime\Cache\Pay\fefb51bba43500453344a526b2b293b1.php 第 117 行.
NOTIC: [8] Undefined variable: siteurl C:\work\juhe\Runtime\Cache\Pay\fefb51bba43500453344a526b2b293b1.php 第 119 行.
NOTIC: [8] Undefined variable: siteurl C:\work\juhe\Runtime\Cache\Pay\fefb51bba43500453344a526b2b293b1.php 第 120 行.
NOTIC: [8] Undefined variable: siteurl C:\work\juhe\Runtime\Cache\Pay\fefb51bba43500453344a526b2b293b1.php 第 122 行.
NOTIC: [8] Undefined variable: siteurl C:\work\juhe\Runtime\Cache\Pay\fefb51bba43500453344a526b2b293b1.php 第 123 行.
INFO: Run Behavior\ParseTemplateBehavior [ RunTime:0.006327s ]
INFO: [ view_parse ] --END-- [ RunTime:0.006382s ]
INFO: [ view_filter ] --START--
INFO: Run Behavior\WriteHtmlCacheBehavior [ RunTime:0.001122s ]
INFO: Run Behavior\TokenBuildBehavior [ RunTime:0.002108s ]
INFO: [ view_filter ] --END-- [ RunTime:0.003285s ]
INFO: [ app_end ] --START--
INFO: Run Behavior\ShowPageTraceBehavior [ RunTime:0.000940s ]
INFO: [ app_end ] --END-- [ RunTime:0.000966s ]

[ 2019-03-18T13:45:40+08:00 ] 127.0.0.1 /Pay_Charges_checkmd5str.html
INFO: [ app_init ] --START--
INFO: Run Behavior\BuildLiteBehavior [ RunTime:0.000005s ]
INFO: [ app_init ] --END-- [ RunTime:0.000025s ]
INFO: [ app_begin ] --START--
INFO: Run Behavior\ReadHtmlCacheBehavior [ RunTime:0.000979s ]
INFO: Run Behavior\CheckLangBehavior [ RunTime:0.001426s ]
INFO: [ app_begin ] --END-- [ RunTime:0.002455s ]
NOTIC: [2] Declaration of Pay\Controller\ChargesController::success() should be compatible with Think\Controller::success($message = '', $jumpUrl = '', $ajax = false) C:\work\juhe\Application\Pay\Controller\ChargesController.class.php 第 11 行.
SQL: SHOW COLUMNS FROM `pay_member` [ RunTime:0.0010s ]
SQL: SELECT `apikey` FROM `pay_member` WHERE `id` = 112 LIMIT 1   [ RunTime:0.0003s ]
INFO: [ app_end ] --START--
INFO: Run Behavior\ShowPageTraceBehavior [ RunTime:0.000839s ]
INFO: [ app_end ] --END-- [ RunTime:0.000863s ]

[ 2019-03-18T13:45:42+08:00 ] 127.0.0.1 /Pay_Charges_checkmd5str.html
INFO: [ app_init ] --START--
INFO: Run Behavior\BuildLiteBehavior [ RunTime:0.000005s ]
INFO: [ app_init ] --END-- [ RunTime:0.000026s ]
INFO: [ app_begin ] --START--
INFO: Run Behavior\ReadHtmlCacheBehavior [ RunTime:0.000701s ]
INFO: Run Behavior\CheckLangBehavior [ RunTime:0.001084s ]
INFO: [ app_begin ] --END-- [ RunTime:0.001822s ]
NOTIC: [2] Declaration of Pay\Controller\ChargesController::success() should be compatible with Think\Controller::success($message = '', $jumpUrl = '', $ajax = false) C:\work\juhe\Application\Pay\Controller\ChargesController.class.php 第 11 行.
SQL: SHOW COLUMNS FROM `pay_member` [ RunTime:0.0018s ]
SQL: SELECT `apikey` FROM `pay_member` WHERE `id` = 112 LIMIT 1   [ RunTime:0.0002s ]
INFO: [ app_end ] --START--
INFO: Run Behavior\ShowPageTraceBehavior [ RunTime:0.000795s ]
INFO: [ app_end ] --END-- [ RunTime:0.000814s ]

[ 2019-03-18T13:45:43+08:00 ] 127.0.0.1 /Pay_index.html
INFO: [ app_init ] --START--
INFO: Run Behavior\BuildLiteBehavior [ RunTime:0.000008s ]
INFO: [ app_init ] --END-- [ RunTime:0.000049s ]
INFO: [ app_begin ] --START--
INFO: Run Behavior\ReadHtmlCacheBehavior [ RunTime:0.000915s ]
INFO: Run Behavior\CheckLangBehavior [ RunTime:0.004884s ]
INFO: [ app_begin ] --END-- [ RunTime:0.006026s ]
SQL: SHOW COLUMNS FROM `pay_websiteconfig` [ RunTime:0.0009s ]
SQL: SELECT `is_repeat_order` FROM `pay_websiteconfig` LIMIT 1   [ RunTime:0.0004s ]
SQL: SHOW COLUMNS FROM `pay_user_riskcontrol_config` [ RunTime:0.0038s ]
SQL: SHOW COLUMNS FROM `pay_member` [ RunTime:0.0008s ]
SQL: SELECT `id`,`unit_paying_number`,`unit_frist_paying_time`,`unit_paying_amount`,`paying_money`,`last_paying_time` FROM `pay_member` WHERE `id` = 112 LIMIT 1   [ RunTime:0.0003s ]
SQL: SELECT * FROM `pay_user_riskcontrol_config` WHERE `user_id` = 112 AND `status` = 1 LIMIT 1   [ RunTime:0.0009s ]
SQL: SELECT * FROM `pay_user_riskcontrol_config` WHERE `is_system` = 1 AND `status` = 1 LIMIT 1   [ RunTime:0.0007s ]
SQL: SHOW COLUMNS FROM `pay_product` [ RunTime:0.0012s ]
SQL: SELECT COUNT(*) AS tp_count FROM `pay_product` WHERE `id` = 903 AND `status` = 1 LIMIT 1   [ RunTime:0.0008s ]
SQL: SHOW COLUMNS FROM `pay_product_user` [ RunTime:0.0026s ]
SQL: SELECT * FROM `pay_product_user` WHERE `pid` = 903 AND `userid` = 112 AND `status` = 1 LIMIT 1   [ RunTime:0.0028s ]
SQL: SHOW COLUMNS FROM `pay_channel` [ RunTime:0.0007s ]
SQL: SELECT * FROM `pay_channel` WHERE `id` = 289 LIMIT 1   [ RunTime:0.0003s ]
SQL: SELECT * FROM `pay_member` WHERE `id` = 112 AND `open_charge` = 1 LIMIT 1   [ RunTime:0.0004s ]
SQL: SELECT * FROM `pay_channel` WHERE `id` = 289 AND `status` = 1 LIMIT 1   [ RunTime:0.0003s ]
SQL: SHOW COLUMNS FROM `pay_member` [ RunTime:0.0007s ]
SQL: SELECT * FROM `pay_member` WHERE `id` = 112 LIMIT 1   [ RunTime:0.0003s ]
SQL: SHOW COLUMNS FROM `pay_userrate` [ RunTime:0.0019s ]
SQL: SELECT * FROM `pay_userrate` WHERE `userid` = 112 AND `payapiid` = 903 LIMIT 1   [ RunTime:0.0010s ]
SQL: SELECT * FROM `pay_channel` WHERE `id` = 289 LIMIT 1   [ RunTime:0.0013s ]
SQL: SHOW COLUMNS FROM `pay_channel_account` [ RunTime:0.0018s ]
SQL: SELECT * FROM `pay_channel_account` WHERE `channel_id` = 289 AND `status` = 1  [ RunTime:0.0009s ]
SQL: SHOW COLUMNS FROM `pay_channel_account` [ RunTime:0.0009s ]
SQL: SELECT * FROM `pay_product` WHERE `id` = 903 LIMIT 1   [ RunTime:0.0003s ]
SQL: SHOW COLUMNS FROM `pay_order` [ RunTime:0.0025s ]
SQL: SELECT * FROM `pay_order` WHERE `out_trade_id` = 'E2019031813453646879721' LIMIT 1   [ RunTime:0.0243s ]
NOTIC: [8] Undefined index: status C:\work\juhe\Application\Pay\Controller\ZfbController.class.php 第 46 行.
NOTIC: [8] Undefined index: HTTP_X_REAL_IP C:\work\juhe\core\Common\functions.php 第 1456 行.

[ 2019-03-18T13:46:10+08:00 ] 127.0.0.1 /Pay_index.html
INFO: [ app_init ] --START--
INFO: Run Behavior\BuildLiteBehavior [ RunTime:0.000006s ]
INFO: [ app_init ] --END-- [ RunTime:0.000028s ]
INFO: [ app_begin ] --START--
INFO: Run Behavior\ReadHtmlCacheBehavior [ RunTime:0.000738s ]
INFO: Run Behavior\CheckLangBehavior [ RunTime:0.001100s ]
INFO: [ app_begin ] --END-- [ RunTime:0.001880s ]
SQL: SHOW COLUMNS FROM `pay_websiteconfig` [ RunTime:0.0014s ]
SQL: SELECT `is_repeat_order` FROM `pay_websiteconfig` LIMIT 1   [ RunTime:0.0007s ]
SQL: SHOW COLUMNS FROM `pay_user_riskcontrol_config` [ RunTime:0.0039s ]
SQL: SHOW COLUMNS FROM `pay_member` [ RunTime:0.0032s ]
SQL: SELECT `id`,`unit_paying_number`,`unit_frist_paying_time`,`unit_paying_amount`,`paying_money`,`last_paying_time` FROM `pay_member` WHERE `id` = 112 LIMIT 1   [ RunTime:0.0010s ]
SQL: SELECT * FROM `pay_user_riskcontrol_config` WHERE `user_id` = 112 AND `status` = 1 LIMIT 1   [ RunTime:0.0008s ]
SQL: SELECT * FROM `pay_user_riskcontrol_config` WHERE `is_system` = 1 AND `status` = 1 LIMIT 1   [ RunTime:0.0005s ]
SQL: SHOW COLUMNS FROM `pay_product` [ RunTime:0.0006s ]
SQL: SELECT COUNT(*) AS tp_count FROM `pay_product` WHERE `id` = 903 AND `status` = 1 LIMIT 1   [ RunTime:0.0006s ]
SQL: SHOW COLUMNS FROM `pay_product_user` [ RunTime:0.0020s ]
SQL: SELECT * FROM `pay_product_user` WHERE `pid` = 903 AND `userid` = 112 AND `status` = 1 LIMIT 1   [ RunTime:0.0007s ]
SQL: SHOW COLUMNS FROM `pay_channel` [ RunTime:0.0009s ]
SQL: SELECT * FROM `pay_channel` WHERE `id` = 289 LIMIT 1   [ RunTime:0.0009s ]
SQL: SELECT * FROM `pay_member` WHERE `id` = 112 AND `open_charge` = 1 LIMIT 1   [ RunTime:0.0005s ]
SQL: SELECT * FROM `pay_channel` WHERE `id` = 289 AND `status` = 1 LIMIT 1   [ RunTime:0.0013s ]
SQL: SHOW COLUMNS FROM `pay_member` [ RunTime:0.0009s ]
SQL: SELECT * FROM `pay_member` WHERE `id` = 112 LIMIT 1   [ RunTime:0.0004s ]
SQL: SHOW COLUMNS FROM `pay_userrate` [ RunTime:0.0019s ]
SQL: SELECT * FROM `pay_userrate` WHERE `userid` = 112 AND `payapiid` = 903 LIMIT 1   [ RunTime:0.0003s ]
SQL: SELECT * FROM `pay_channel` WHERE `id` = 289 LIMIT 1   [ RunTime:0.0003s ]
SQL: SHOW COLUMNS FROM `pay_channel_account` [ RunTime:0.0018s ]
SQL: SELECT * FROM `pay_channel_account` WHERE `channel_id` = 289 AND `status` = 1  [ RunTime:0.0005s ]
SQL: SHOW COLUMNS FROM `pay_channel_account` [ RunTime:0.0007s ]
SQL: SELECT * FROM `pay_product` WHERE `id` = 903 LIMIT 1   [ RunTime:0.0003s ]
SQL: SHOW COLUMNS FROM `pay_order` [ RunTime:0.0006s ]
SQL: SELECT * FROM `pay_order` WHERE `out_trade_id` = 'E2019031813453646879721' LIMIT 1   [ RunTime:0.0207s ]
NOTIC: [8] Undefined index: status C:\work\juhe\Application\Pay\Controller\ZfbController.class.php 第 46 行.
NOTIC: [8] Undefined index: HTTP_X_REAL_IP C:\work\juhe\core\Common\functions.php 第 1456 行.

[ 2019-03-18T13:46:52+08:00 ] 127.0.0.1 /Pay_index.html
INFO: [ app_init ] --START--
INFO: Run Behavior\BuildLiteBehavior [ RunTime:0.000006s ]
INFO: [ app_init ] --END-- [ RunTime:0.000034s ]
INFO: [ app_begin ] --START--
INFO: Run Behavior\ReadHtmlCacheBehavior [ RunTime:0.000768s ]
INFO: Run Behavior\CheckLangBehavior [ RunTime:0.001137s ]
INFO: [ app_begin ] --END-- [ RunTime:0.001944s ]
SQL: SHOW COLUMNS FROM `pay_websiteconfig` [ RunTime:0.0032s ]
SQL: SELECT `is_repeat_order` FROM `pay_websiteconfig` LIMIT 1   [ RunTime:0.0004s ]
SQL: SHOW COLUMNS FROM `pay_user_riskcontrol_config` [ RunTime:0.0017s ]
SQL: SHOW COLUMNS FROM `pay_member` [ RunTime:0.0018s ]
SQL: SELECT `id`,`unit_paying_number`,`unit_frist_paying_time`,`unit_paying_amount`,`paying_money`,`last_paying_time` FROM `pay_member` WHERE `id` = 112 LIMIT 1   [ RunTime:0.0003s ]
SQL: SELECT * FROM `pay_user_riskcontrol_config` WHERE `user_id` = 112 AND `status` = 1 LIMIT 1   [ RunTime:0.0003s ]
SQL: SELECT * FROM `pay_user_riskcontrol_config` WHERE `is_system` = 1 AND `status` = 1 LIMIT 1   [ RunTime:0.0004s ]
SQL: SHOW COLUMNS FROM `pay_product` [ RunTime:0.0017s ]
SQL: SELECT COUNT(*) AS tp_count FROM `pay_product` WHERE `id` = 903 AND `status` = 1 LIMIT 1   [ RunTime:0.0004s ]
SQL: SHOW COLUMNS FROM `pay_product_user` [ RunTime:0.0017s ]
SQL: SELECT * FROM `pay_product_user` WHERE `pid` = 903 AND `userid` = 112 AND `status` = 1 LIMIT 1   [ RunTime:0.0027s ]
SQL: SHOW COLUMNS FROM `pay_channel` [ RunTime:0.0006s ]
SQL: SELECT * FROM `pay_channel` WHERE `id` = 289 LIMIT 1   [ RunTime:0.0003s ]
SQL: SELECT * FROM `pay_member` WHERE `id` = 112 AND `open_charge` = 1 LIMIT 1   [ RunTime:0.0004s ]
SQL: SELECT * FROM `pay_channel` WHERE `id` = 289 AND `status` = 1 LIMIT 1   [ RunTime:0.0003s ]
SQL: SHOW COLUMNS FROM `pay_member` [ RunTime:0.0010s ]
SQL: SELECT * FROM `pay_member` WHERE `id` = 112 LIMIT 1   [ RunTime:0.0004s ]
SQL: SHOW COLUMNS FROM `pay_userrate` [ RunTime:0.0026s ]
SQL: SELECT * FROM `pay_userrate` WHERE `userid` = 112 AND `payapiid` = 903 LIMIT 1   [ RunTime:0.0009s ]
SQL: SELECT * FROM `pay_channel` WHERE `id` = 289 LIMIT 1   [ RunTime:0.0004s ]
SQL: SHOW COLUMNS FROM `pay_channel_account` [ RunTime:0.0017s ]
SQL: SELECT * FROM `pay_channel_account` WHERE `channel_id` = 289 AND `status` = 1  [ RunTime:0.0011s ]
SQL: SHOW COLUMNS FROM `pay_channel_account` [ RunTime:0.0008s ]
SQL: SELECT * FROM `pay_product` WHERE `id` = 903 LIMIT 1   [ RunTime:0.0003s ]

[ 2019-03-18T13:46:55+08:00 ] 127.0.0.1 /Pay_Charges_test_mid_10112.html
INFO: [ app_init ] --START--
INFO: Run Behavior\BuildLiteBehavior [ RunTime:0.000005s ]
INFO: [ app_init ] --END-- [ RunTime:0.000026s ]
INFO: [ app_begin ] --START--
INFO: Run Behavior\ReadHtmlCacheBehavior [ RunTime:0.000796s ]
INFO: Run Behavior\CheckLangBehavior [ RunTime:0.001249s ]
INFO: [ app_begin ] --END-- [ RunTime:0.002091s ]
NOTIC: [2] Declaration of Pay\Controller\ChargesController::success() should be compatible with Think\Controller::success($message = '', $jumpUrl = '', $ajax = false) C:\work\juhe\Application\Pay\Controller\ChargesController.class.php 第 11 行.
SQL: SHOW COLUMNS FROM `pay_product` [ RunTime:0.0005s ]
SQL: SELECT * FROM `pay_product` WHERE `isdisplay` = 1 AND `status` = 1  [ RunTime:0.0004s ]
NOTIC: [8] Undefined variable: icon C:\work\juhe\Application\Pay\Controller\ChargesController.class.php 第 412 行.
NOTIC: [8] Undefined variable: icon C:\work\juhe\Application\Pay\Controller\ChargesController.class.php 第 412 行.
NOTIC: [8] Undefined variable: icon C:\work\juhe\Application\Pay\Controller\ChargesController.class.php 第 412 行.
SQL: SELECT * FROM `pay_product` WHERE `isdisplay` = 1 AND `status` = 1  [ RunTime:0.0003s ]
SQL: SHOW COLUMNS FROM `pay_systembank` [ RunTime:0.0018s ]
SQL: SELECT * FROM `pay_systembank` WHERE `is_off` = 1  [ RunTime:0.0010s ]
INFO: [ view_parse ] --START--
INFO: [ template_filter ] --START--
INFO: Run Behavior\ContentReplaceBehavior [ RunTime:0.000026s ]
INFO: [ template_filter ] --END-- [ RunTime:0.000048s ]
NOTIC: [8] Undefined variable: siteurl C:\work\juhe\Runtime\Cache\Pay\fefb51bba43500453344a526b2b293b1.php 第 12 行.
NOTIC: [8] Undefined variable: siteurl C:\work\juhe\Runtime\Cache\Pay\fefb51bba43500453344a526b2b293b1.php 第 13 行.
NOTIC: [8] Undefined variable: siteurl C:\work\juhe\Runtime\Cache\Pay\fefb51bba43500453344a526b2b293b1.php 第 15 行.
NOTIC: [8] Undefined variable: siteurl C:\work\juhe\Runtime\Cache\Pay\fefb51bba43500453344a526b2b293b1.php 第 16 行.
NOTIC: [8] Undefined variable: siteurl C:\work\juhe\Runtime\Cache\Pay\fefb51bba43500453344a526b2b293b1.php 第 18 行.
NOTIC: [8] Undefined variable: siteurl C:\work\juhe\Runtime\Cache\Pay\fefb51bba43500453344a526b2b293b1.php 第 19 行.
NOTIC: [8] Undefined variable: siteurl C:\work\juhe\Runtime\Cache\Pay\fefb51bba43500453344a526b2b293b1.php 第 21 行.
NOTIC: [2] Use of undefined constant 中国农业银行 - assumed '中国农业银行' (this will throw an Error in a future version of PHP) C:\work\juhe\Runtime\Cache\Pay\fefb51bba43500453344a526b2b293b1.php 第 43 行.
NOTIC: [2] Use of undefined constant 中国农业银行 - assumed '中国农业银行' (this will throw an Error in a future version of PHP) C:\work\juhe\Runtime\Cache\Pay\fefb51bba43500453344a526b2b293b1.php 第 43 行.
NOTIC: [2] Use of undefined constant 中国农业银行 - assumed '中国农业银行' (this will throw an Error in a future version of PHP) C:\work\juhe\Runtime\Cache\Pay\fefb51bba43500453344a526b2b293b1.php 第 43 行.
NOTIC: [2] Use of undefined constant 中国农业银行 - assumed '中国农业银行' (this will throw an Error in a future version of PHP) C:\work\juhe\Runtime\Cache\Pay\fefb51bba43500453344a526b2b293b1.php 第 43 行.
NOTIC: [2] Use of undefined constant 中国农业银行 - assumed '中国农业银行' (this will throw an Error in a future version of PHP) C:\work\juhe\Runtime\Cache\Pay\fefb51bba43500453344a526b2b293b1.php 第 43 行.
NOTIC: [2] Use of undefined constant 中国农业银行 - assumed '中国农业银行' (this will throw an Error in a future version of PHP) C:\work\juhe\Runtime\Cache\Pay\fefb51bba43500453344a526b2b293b1.php 第 43 行.
NOTIC: [2] Use of undefined constant 中国农业银行 - assumed '中国农业银行' (this will throw an Error in a future version of PHP) C:\work\juhe\Runtime\Cache\Pay\fefb51bba43500453344a526b2b293b1.php 第 43 行.
NOTIC: [2] Use of undefined constant 中国农业银行 - assumed '中国农业银行' (this will throw an Error in a future version of PHP) C:\work\juhe\Runtime\Cache\Pay\fefb51bba43500453344a526b2b293b1.php 第 43 行.
NOTIC: [8] Undefined variable: siteurl C:\work\juhe\Runtime\Cache\Pay\fefb51bba43500453344a526b2b293b1.php 第 111 行.
NOTIC: [8] Undefined variable: siteurl C:\work\juhe\Runtime\Cache\Pay\fefb51bba43500453344a526b2b293b1.php 第 113 行.
NOTIC: [8] Undefined variable: siteurl C:\work\juhe\Runtime\Cache\Pay\fefb51bba43500453344a526b2b293b1.php 第 115 行.
NOTIC: [8] Undefined variable: siteurl C:\work\juhe\Runtime\Cache\Pay\fefb51bba43500453344a526b2b293b1.php 第 117 行.
NOTIC: [8] Undefined variable: siteurl C:\work\juhe\Runtime\Cache\Pay\fefb51bba43500453344a526b2b293b1.php 第 119 行.
NOTIC: [8] Undefined variable: siteurl C:\work\juhe\Runtime\Cache\Pay\fefb51bba43500453344a526b2b293b1.php 第 120 行.
NOTIC: [8] Undefined variable: siteurl C:\work\juhe\Runtime\Cache\Pay\fefb51bba43500453344a526b2b293b1.php 第 122 行.
NOTIC: [8] Undefined variable: siteurl C:\work\juhe\Runtime\Cache\Pay\fefb51bba43500453344a526b2b293b1.php 第 123 行.
INFO: Run Behavior\ParseTemplateBehavior [ RunTime:0.010719s ]
INFO: [ view_parse ] --END-- [ RunTime:0.010746s ]
INFO: [ view_filter ] --START--
INFO: Run Behavior\WriteHtmlCacheBehavior [ RunTime:0.000603s ]
INFO: Run Behavior\TokenBuildBehavior [ RunTime:0.001028s ]
INFO: [ view_filter ] --END-- [ RunTime:0.001657s ]
INFO: [ app_end ] --START--
INFO: Run Behavior\ShowPageTraceBehavior [ RunTime:0.000739s ]
INFO: [ app_end ] --END-- [ RunTime:0.000757s ]

[ 2019-03-18T13:46:58+08:00 ] 127.0.0.1 /Pay_Charges_checkmd5str.html
INFO: [ app_init ] --START--
INFO: Run Behavior\BuildLiteBehavior [ RunTime:0.000005s ]
INFO: [ app_init ] --END-- [ RunTime:0.000024s ]
INFO: [ app_begin ] --START--
INFO: Run Behavior\ReadHtmlCacheBehavior [ RunTime:0.000658s ]
INFO: Run Behavior\CheckLangBehavior [ RunTime:0.001000s ]
INFO: [ app_begin ] --END-- [ RunTime:0.001692s ]
NOTIC: [2] Declaration of Pay\Controller\ChargesController::success() should be compatible with Think\Controller::success($message = '', $jumpUrl = '', $ajax = false) C:\work\juhe\Application\Pay\Controller\ChargesController.class.php 第 11 行.
SQL: SHOW COLUMNS FROM `pay_member` [ RunTime:0.0022s ]
SQL: SELECT `apikey` FROM `pay_member` WHERE `id` = 112 LIMIT 1   [ RunTime:0.0003s ]
INFO: [ app_end ] --START--
INFO: Run Behavior\ShowPageTraceBehavior [ RunTime:0.000773s ]
INFO: [ app_end ] --END-- [ RunTime:0.000794s ]

[ 2019-03-18T13:46:59+08:00 ] 127.0.0.1 /Pay_index.html
INFO: [ app_init ] --START--
INFO: Run Behavior\BuildLiteBehavior [ RunTime:0.000005s ]
INFO: [ app_init ] --END-- [ RunTime:0.000028s ]
INFO: [ app_begin ] --START--
INFO: Run Behavior\ReadHtmlCacheBehavior [ RunTime:0.000951s ]
INFO: Run Behavior\CheckLangBehavior [ RunTime:0.000994s ]
INFO: [ app_begin ] --END-- [ RunTime:0.001996s ]
SQL: SHOW COLUMNS FROM `pay_websiteconfig` [ RunTime:0.0008s ]
SQL: SELECT `is_repeat_order` FROM `pay_websiteconfig` LIMIT 1   [ RunTime:0.0002s ]
SQL: SHOW COLUMNS FROM `pay_user_riskcontrol_config` [ RunTime:0.0019s ]
SQL: SHOW COLUMNS FROM `pay_member` [ RunTime:0.0020s ]
SQL: SELECT `id`,`unit_paying_number`,`unit_frist_paying_time`,`unit_paying_amount`,`paying_money`,`last_paying_time` FROM `pay_member` WHERE `id` = 112 LIMIT 1   [ RunTime:0.0003s ]
SQL: SELECT * FROM `pay_user_riskcontrol_config` WHERE `user_id` = 112 AND `status` = 1 LIMIT 1   [ RunTime:0.0003s ]
SQL: SELECT * FROM `pay_user_riskcontrol_config` WHERE `is_system` = 1 AND `status` = 1 LIMIT 1   [ RunTime:0.0004s ]
SQL: SHOW COLUMNS FROM `pay_product` [ RunTime:0.0059s ]
SQL: SELECT COUNT(*) AS tp_count FROM `pay_product` WHERE `id` = 903 AND `status` = 1 LIMIT 1   [ RunTime:0.0004s ]
SQL: SHOW COLUMNS FROM `pay_product_user` [ RunTime:0.0017s ]
SQL: SELECT * FROM `pay_product_user` WHERE `pid` = 903 AND `userid` = 112 AND `status` = 1 LIMIT 1   [ RunTime:0.0005s ]
SQL: SHOW COLUMNS FROM `pay_channel` [ RunTime:0.0008s ]
SQL: SELECT * FROM `pay_channel` WHERE `id` = 289 LIMIT 1   [ RunTime:0.0004s ]
SQL: SELECT * FROM `pay_member` WHERE `id` = 112 AND `open_charge` = 1 LIMIT 1   [ RunTime:0.0005s ]
SQL: SELECT * FROM `pay_channel` WHERE `id` = 289 AND `status` = 1 LIMIT 1   [ RunTime:0.0003s ]
SQL: SHOW COLUMNS FROM `pay_member` [ RunTime:0.0007s ]
SQL: SELECT * FROM `pay_member` WHERE `id` = 112 LIMIT 1   [ RunTime:0.0004s ]
SQL: SHOW COLUMNS FROM `pay_userrate` [ RunTime:0.0018s ]
SQL: SELECT * FROM `pay_userrate` WHERE `userid` = 112 AND `payapiid` = 903 LIMIT 1   [ RunTime:0.0004s ]
SQL: SELECT * FROM `pay_channel` WHERE `id` = 289 LIMIT 1   [ RunTime:0.0004s ]
SQL: SHOW COLUMNS FROM `pay_channel_account` [ RunTime:0.0020s ]
SQL: SELECT * FROM `pay_channel_account` WHERE `channel_id` = 289 AND `status` = 1  [ RunTime:0.0024s ]
SQL: SHOW COLUMNS FROM `pay_channel_account` [ RunTime:0.0012s ]
SQL: SELECT * FROM `pay_product` WHERE `id` = 903 LIMIT 1   [ RunTime:0.0005s ]
SQL: SHOW COLUMNS FROM `pay_order` [ RunTime:0.0007s ]
SQL: SELECT * FROM `pay_order` WHERE `out_trade_id` = 'E2019031813465461167625' LIMIT 1   [ RunTime:0.0224s ]
NOTIC: [8] Undefined index: status C:\work\juhe\Application\Pay\Controller\ZfbController.class.php 第 46 行.
NOTIC: [8] Undefined index: HTTP_X_REAL_IP C:\work\juhe\core\Common\functions.php 第 1456 行.

[ 2019-03-18T13:47:32+08:00 ] 127.0.0.1 /Pay_index.html
INFO: [ app_init ] --START--
INFO: Run Behavior\BuildLiteBehavior [ RunTime:0.000005s ]
INFO: [ app_init ] --END-- [ RunTime:0.000051s ]
INFO: [ app_begin ] --START--
INFO: Run Behavior\ReadHtmlCacheBehavior [ RunTime:0.000891s ]
INFO: Run Behavior\CheckLangBehavior [ RunTime:0.001336s ]
INFO: [ app_begin ] --END-- [ RunTime:0.002275s ]
SQL: SHOW COLUMNS FROM `pay_websiteconfig` [ RunTime:0.0022s ]
SQL: SELECT `is_repeat_order` FROM `pay_websiteconfig` LIMIT 1   [ RunTime:0.0007s ]
SQL: SHOW COLUMNS FROM `pay_user_riskcontrol_config` [ RunTime:0.0017s ]
SQL: SHOW COLUMNS FROM `pay_member` [ RunTime:0.0007s ]
SQL: SELECT `id`,`unit_paying_number`,`unit_frist_paying_time`,`unit_paying_amount`,`paying_money`,`last_paying_time` FROM `pay_member` WHERE `id` = 112 LIMIT 1   [ RunTime:0.0017s ]
SQL: SELECT * FROM `pay_user_riskcontrol_config` WHERE `user_id` = 112 AND `status` = 1 LIMIT 1   [ RunTime:0.0020s ]
SQL: SELECT * FROM `pay_user_riskcontrol_config` WHERE `is_system` = 1 AND `status` = 1 LIMIT 1   [ RunTime:0.0009s ]
SQL: SHOW COLUMNS FROM `pay_product` [ RunTime:0.0016s ]
SQL: SELECT COUNT(*) AS tp_count FROM `pay_product` WHERE `id` = 903 AND `status` = 1 LIMIT 1   [ RunTime:0.0008s ]
SQL: SHOW COLUMNS FROM `pay_product_user` [ RunTime:0.0015s ]
SQL: SELECT * FROM `pay_product_user` WHERE `pid` = 903 AND `userid` = 112 AND `status` = 1 LIMIT 1   [ RunTime:0.0010s ]
SQL: SHOW COLUMNS FROM `pay_channel` [ RunTime:0.0006s ]
SQL: SELECT * FROM `pay_channel` WHERE `id` = 289 LIMIT 1   [ RunTime:0.0008s ]
SQL: SELECT * FROM `pay_member` WHERE `id` = 112 AND `open_charge` = 1 LIMIT 1   [ RunTime:0.0004s ]
SQL: SELECT * FROM `pay_channel` WHERE `id` = 289 AND `status` = 1 LIMIT 1   [ RunTime:0.0003s ]
SQL: SHOW COLUMNS FROM `pay_member` [ RunTime:0.0007s ]
SQL: SELECT * FROM `pay_member` WHERE `id` = 112 LIMIT 1   [ RunTime:0.0006s ]
SQL: SHOW COLUMNS FROM `pay_userrate` [ RunTime:0.0041s ]
SQL: SELECT * FROM `pay_userrate` WHERE `userid` = 112 AND `payapiid` = 903 LIMIT 1   [ RunTime:0.0004s ]
SQL: SELECT * FROM `pay_channel` WHERE `id` = 289 LIMIT 1   [ RunTime:0.0003s ]
SQL: SHOW COLUMNS FROM `pay_channel_account` [ RunTime:0.0018s ]
SQL: SELECT * FROM `pay_channel_account` WHERE `channel_id` = 289 AND `status` = 1  [ RunTime:0.0005s ]
SQL: SHOW COLUMNS FROM `pay_channel_account` [ RunTime:0.0009s ]
SQL: SELECT * FROM `pay_product` WHERE `id` = 903 LIMIT 1   [ RunTime:0.0003s ]
SQL: SHOW COLUMNS FROM `pay_order` [ RunTime:0.0007s ]
SQL: SELECT * FROM `pay_order` WHERE `out_trade_id` = 'E2019031813465461167625' LIMIT 1   [ RunTime:0.0179s ]
NOTIC: [8] Undefined index: status C:\work\juhe\Application\Pay\Controller\ZfbController.class.php 第 46 行.
NOTIC: [8] Undefined index: HTTP_X_REAL_IP C:\work\juhe\core\Common\functions.php 第 1456 行.

[ 2019-03-18T13:47:35+08:00 ] 127.0.0.1 /Pay_Charges_test_mid_10112.html
INFO: [ app_init ] --START--
INFO: Run Behavior\BuildLiteBehavior [ RunTime:0.000006s ]
INFO: [ app_init ] --END-- [ RunTime:0.000066s ]
INFO: [ app_begin ] --START--
INFO: Run Behavior\ReadHtmlCacheBehavior [ RunTime:0.000805s ]
INFO: Run Behavior\CheckLangBehavior [ RunTime:0.001772s ]
INFO: [ app_begin ] --END-- [ RunTime:0.002651s ]
NOTIC: [2] Declaration of Pay\Controller\ChargesController::success() should be compatible with Think\Controller::success($message = '', $jumpUrl = '', $ajax = false) C:\work\juhe\Application\Pay\Controller\ChargesController.class.php 第 11 行.
SQL: SHOW COLUMNS FROM `pay_product` [ RunTime:0.0006s ]
SQL: SELECT * FROM `pay_product` WHERE `isdisplay` = 1 AND `status` = 1  [ RunTime:0.0003s ]
NOTIC: [8] Undefined variable: icon C:\work\juhe\Application\Pay\Controller\ChargesController.class.php 第 412 行.
NOTIC: [8] Undefined variable: icon C:\work\juhe\Application\Pay\Controller\ChargesController.class.php 第 412 行.
NOTIC: [8] Undefined variable: icon C:\work\juhe\Application\Pay\Controller\ChargesController.class.php 第 412 行.
SQL: SELECT * FROM `pay_product` WHERE `isdisplay` = 1 AND `status` = 1  [ RunTime:0.0002s ]
SQL: SHOW COLUMNS FROM `pay_systembank` [ RunTime:0.0005s ]
SQL: SELECT * FROM `pay_systembank` WHERE `is_off` = 1  [ RunTime:0.0008s ]
INFO: [ view_parse ] --START--
INFO: [ template_filter ] --START--
INFO: Run Behavior\ContentReplaceBehavior [ RunTime:0.000119s ]
INFO: [ template_filter ] --END-- [ RunTime:0.000281s ]
NOTIC: [8] Undefined variable: siteurl C:\work\juhe\Runtime\Cache\Pay\fefb51bba43500453344a526b2b293b1.php 第 12 行.
NOTIC: [8] Undefined variable: siteurl C:\work\juhe\Runtime\Cache\Pay\fefb51bba43500453344a526b2b293b1.php 第 13 行.
NOTIC: [8] Undefined variable: siteurl C:\work\juhe\Runtime\Cache\Pay\fefb51bba43500453344a526b2b293b1.php 第 15 行.
NOTIC: [8] Undefined variable: siteurl C:\work\juhe\Runtime\Cache\Pay\fefb51bba43500453344a526b2b293b1.php 第 16 行.
NOTIC: [8] Undefined variable: siteurl C:\work\juhe\Runtime\Cache\Pay\fefb51bba43500453344a526b2b293b1.php 第 18 行.
NOTIC: [8] Undefined variable: siteurl C:\work\juhe\Runtime\Cache\Pay\fefb51bba43500453344a526b2b293b1.php 第 19 行.
NOTIC: [8] Undefined variable: siteurl C:\work\juhe\Runtime\Cache\Pay\fefb51bba43500453344a526b2b293b1.php 第 21 行.
NOTIC: [2] Use of undefined constant 中国农业银行 - assumed '中国农业银行' (this will throw an Error in a future version of PHP) C:\work\juhe\Runtime\Cache\Pay\fefb51bba43500453344a526b2b293b1.php 第 43 行.
NOTIC: [2] Use of undefined constant 中国农业银行 - assumed '中国农业银行' (this will throw an Error in a future version of PHP) C:\work\juhe\Runtime\Cache\Pay\fefb51bba43500453344a526b2b293b1.php 第 43 行.
NOTIC: [2] Use of undefined constant 中国农业银行 - assumed '中国农业银行' (this will throw an Error in a future version of PHP) C:\work\juhe\Runtime\Cache\Pay\fefb51bba43500453344a526b2b293b1.php 第 43 行.
NOTIC: [2] Use of undefined constant 中国农业银行 - assumed '中国农业银行' (this will throw an Error in a future version of PHP) C:\work\juhe\Runtime\Cache\Pay\fefb51bba43500453344a526b2b293b1.php 第 43 行.
NOTIC: [2] Use of undefined constant 中国农业银行 - assumed '中国农业银行' (this will throw an Error in a future version of PHP) C:\work\juhe\Runtime\Cache\Pay\fefb51bba43500453344a526b2b293b1.php 第 43 行.
NOTIC: [2] Use of undefined constant 中国农业银行 - assumed '中国农业银行' (this will throw an Error in a future version of PHP) C:\work\juhe\Runtime\Cache\Pay\fefb51bba43500453344a526b2b293b1.php 第 43 行.
NOTIC: [2] Use of undefined constant 中国农业银行 - assumed '中国农业银行' (this will throw an Error in a future version of PHP) C:\work\juhe\Runtime\Cache\Pay\fefb51bba43500453344a526b2b293b1.php 第 43 行.
NOTIC: [2] Use of undefined constant 中国农业银行 - assumed '中国农业银行' (this will throw an Error in a future version of PHP) C:\work\juhe\Runtime\Cache\Pay\fefb51bba43500453344a526b2b293b1.php 第 43 行.
NOTIC: [8] Undefined variable: siteurl C:\work\juhe\Runtime\Cache\Pay\fefb51bba43500453344a526b2b293b1.php 第 111 行.
NOTIC: [8] Undefined variable: siteurl C:\work\juhe\Runtime\Cache\Pay\fefb51bba43500453344a526b2b293b1.php 第 113 行.
NOTIC: [8] Undefined variable: siteurl C:\work\juhe\Runtime\Cache\Pay\fefb51bba43500453344a526b2b293b1.php 第 115 行.
NOTIC: [8] Undefined variable: siteurl C:\work\juhe\Runtime\Cache\Pay\fefb51bba43500453344a526b2b293b1.php 第 117 行.
NOTIC: [8] Undefined variable: siteurl C:\work\juhe\Runtime\Cache\Pay\fefb51bba43500453344a526b2b293b1.php 第 119 行.
NOTIC: [8] Undefined variable: siteurl C:\work\juhe\Runtime\Cache\Pay\fefb51bba43500453344a526b2b293b1.php 第 120 行.
NOTIC: [8] Undefined variable: siteurl C:\work\juhe\Runtime\Cache\Pay\fefb51bba43500453344a526b2b293b1.php 第 122 行.
NOTIC: [8] Undefined variable: siteurl C:\work\juhe\Runtime\Cache\Pay\fefb51bba43500453344a526b2b293b1.php 第 123 行.
INFO: Run Behavior\ParseTemplateBehavior [ RunTime:0.013841s ]
INFO: [ view_parse ] --END-- [ RunTime:0.013864s ]
INFO: [ view_filter ] --START--
INFO: Run Behavior\WriteHtmlCacheBehavior [ RunTime:0.000780s ]
INFO: Run Behavior\TokenBuildBehavior [ RunTime:0.001266s ]
INFO: [ view_filter ] --END-- [ RunTime:0.002097s ]
INFO: [ app_end ] --START--
INFO: Run Behavior\ShowPageTraceBehavior [ RunTime:0.001029s ]
INFO: [ app_end ] --END-- [ RunTime:0.001063s ]

[ 2019-03-18T13:47:39+08:00 ] 127.0.0.1 /Pay_Charges_checkmd5str.html
INFO: [ app_init ] --START--
INFO: Run Behavior\BuildLiteBehavior [ RunTime:0.000005s ]
INFO: [ app_init ] --END-- [ RunTime:0.000027s ]
INFO: [ app_begin ] --START--
INFO: Run Behavior\ReadHtmlCacheBehavior [ RunTime:0.000773s ]
INFO: Run Behavior\CheckLangBehavior [ RunTime:0.002266s ]
INFO: [ app_begin ] --END-- [ RunTime:0.003192s ]
NOTIC: [2] Declaration of Pay\Controller\ChargesController::success() should be compatible with Think\Controller::success($message = '', $jumpUrl = '', $ajax = false) C:\work\juhe\Application\Pay\Controller\ChargesController.class.php 第 11 行.
SQL: SHOW COLUMNS FROM `pay_member` [ RunTime:0.0023s ]
SQL: SELECT `apikey` FROM `pay_member` WHERE `id` = 112 LIMIT 1   [ RunTime:0.0003s ]
INFO: [ app_end ] --START--
INFO: Run Behavior\ShowPageTraceBehavior [ RunTime:0.000827s ]
INFO: [ app_end ] --END-- [ RunTime:0.000854s ]

[ 2019-03-18T13:47:40+08:00 ] 127.0.0.1 /Pay_Charges_checkmd5str.html
INFO: [ app_init ] --START--
INFO: Run Behavior\BuildLiteBehavior [ RunTime:0.000005s ]
INFO: [ app_init ] --END-- [ RunTime:0.000030s ]
INFO: [ app_begin ] --START--
INFO: Run Behavior\ReadHtmlCacheBehavior [ RunTime:0.000659s ]
INFO: Run Behavior\CheckLangBehavior [ RunTime:0.001218s ]
INFO: [ app_begin ] --END-- [ RunTime:0.001912s ]
NOTIC: [2] Declaration of Pay\Controller\ChargesController::success() should be compatible with Think\Controller::success($message = '', $jumpUrl = '', $ajax = false) C:\work\juhe\Application\Pay\Controller\ChargesController.class.php 第 11 行.
SQL: SHOW COLUMNS FROM `pay_member` [ RunTime:0.0008s ]
SQL: SELECT `apikey` FROM `pay_member` WHERE `id` = 112 LIMIT 1   [ RunTime:0.0003s ]
INFO: [ app_end ] --START--
INFO: Run Behavior\ShowPageTraceBehavior [ RunTime:0.000821s ]
INFO: [ app_end ] --END-- [ RunTime:0.000843s ]

[ 2019-03-18T13:47:41+08:00 ] 127.0.0.1 /Pay_index.html
INFO: [ app_init ] --START--
INFO: Run Behavior\BuildLiteBehavior [ RunTime:0.000008s ]
INFO: [ app_init ] --END-- [ RunTime:0.000040s ]
INFO: [ app_begin ] --START--
INFO: Run Behavior\ReadHtmlCacheBehavior [ RunTime:0.001119s ]
INFO: Run Behavior\CheckLangBehavior [ RunTime:0.001633s ]
INFO: [ app_begin ] --END-- [ RunTime:0.002839s ]
SQL: SHOW COLUMNS FROM `pay_websiteconfig` [ RunTime:0.0022s ]
SQL: SELECT `is_repeat_order` FROM `pay_websiteconfig` LIMIT 1   [ RunTime:0.0002s ]
SQL: SHOW COLUMNS FROM `pay_user_riskcontrol_config` [ RunTime:0.0036s ]
SQL: SHOW COLUMNS FROM `pay_member` [ RunTime:0.0014s ]
SQL: SELECT `id`,`unit_paying_number`,`unit_frist_paying_time`,`unit_paying_amount`,`paying_money`,`last_paying_time` FROM `pay_member` WHERE `id` = 112 LIMIT 1   [ RunTime:0.0013s ]
SQL: SELECT * FROM `pay_user_riskcontrol_config` WHERE `user_id` = 112 AND `status` = 1 LIMIT 1   [ RunTime:0.0003s ]
SQL: SELECT * FROM `pay_user_riskcontrol_config` WHERE `is_system` = 1 AND `status` = 1 LIMIT 1   [ RunTime:0.0002s ]
SQL: SHOW COLUMNS FROM `pay_product` [ RunTime:0.0005s ]
SQL: SELECT COUNT(*) AS tp_count FROM `pay_product` WHERE `id` = 903 AND `status` = 1 LIMIT 1   [ RunTime:0.0002s ]
SQL: SHOW COLUMNS FROM `pay_product_user` [ RunTime:0.0004s ]
SQL: SELECT * FROM `pay_product_user` WHERE `pid` = 903 AND `userid` = 112 AND `status` = 1 LIMIT 1   [ RunTime:0.0009s ]
SQL: SHOW COLUMNS FROM `pay_channel` [ RunTime:0.0123s ]
SQL: SELECT * FROM `pay_channel` WHERE `id` = 289 LIMIT 1   [ RunTime:0.0005s ]
SQL: SELECT * FROM `pay_member` WHERE `id` = 112 AND `open_charge` = 1 LIMIT 1   [ RunTime:0.0004s ]
SQL: SELECT * FROM `pay_channel` WHERE `id` = 289 AND `status` = 1 LIMIT 1   [ RunTime:0.0004s ]
SQL: SHOW COLUMNS FROM `pay_member` [ RunTime:0.0013s ]
SQL: SELECT * FROM `pay_member` WHERE `id` = 112 LIMIT 1   [ RunTime:0.0017s ]
SQL: SHOW COLUMNS FROM `pay_userrate` [ RunTime:0.0023s ]
SQL: SELECT * FROM `pay_userrate` WHERE `userid` = 112 AND `payapiid` = 903 LIMIT 1   [ RunTime:0.0022s ]
SQL: SELECT * FROM `pay_channel` WHERE `id` = 289 LIMIT 1   [ RunTime:0.0005s ]
SQL: SHOW COLUMNS FROM `pay_channel_account` [ RunTime:0.0043s ]
SQL: SELECT * FROM `pay_channel_account` WHERE `channel_id` = 289 AND `status` = 1  [ RunTime:0.0011s ]
SQL: SHOW COLUMNS FROM `pay_channel_account` [ RunTime:0.0008s ]
SQL: SELECT * FROM `pay_product` WHERE `id` = 903 LIMIT 1   [ RunTime:0.0003s ]
SQL: SHOW COLUMNS FROM `pay_order` [ RunTime:0.0008s ]
SQL: SELECT * FROM `pay_order` WHERE `out_trade_id` = 'E2019031813473545392940' LIMIT 1   [ RunTime:0.0369s ]
NOTIC: [8] Undefined index: status C:\work\juhe\Application\Pay\Controller\ZfbController.class.php 第 46 行.
NOTIC: [8] Undefined index: HTTP_X_REAL_IP C:\work\juhe\core\Common\functions.php 第 1456 行.

[ 2019-03-18T13:49:12+08:00 ] 127.0.0.1 /Pay_index.html
INFO: [ app_init ] --START--
INFO: Run Behavior\BuildLiteBehavior [ RunTime:0.000022s ]
INFO: [ app_init ] --END-- [ RunTime:0.000128s ]
INFO: [ app_begin ] --START--
INFO: Run Behavior\ReadHtmlCacheBehavior [ RunTime:0.000736s ]
INFO: Run Behavior\CheckLangBehavior [ RunTime:0.001256s ]
INFO: [ app_begin ] --END-- [ RunTime:0.002039s ]
SQL: SHOW COLUMNS FROM `pay_websiteconfig` [ RunTime:0.0025s ]
SQL: SELECT `is_repeat_order` FROM `pay_websiteconfig` LIMIT 1   [ RunTime:0.0016s ]
SQL: SHOW COLUMNS FROM `pay_user_riskcontrol_config` [ RunTime:0.0176s ]
SQL: SHOW COLUMNS FROM `pay_member` [ RunTime:0.0010s ]
SQL: SELECT `id`,`unit_paying_number`,`unit_frist_paying_time`,`unit_paying_amount`,`paying_money`,`last_paying_time` FROM `pay_member` WHERE `id` = 112 LIMIT 1   [ RunTime:0.0008s ]
SQL: SELECT * FROM `pay_user_riskcontrol_config` WHERE `user_id` = 112 AND `status` = 1 LIMIT 1   [ RunTime:0.0008s ]
SQL: SELECT * FROM `pay_user_riskcontrol_config` WHERE `is_system` = 1 AND `status` = 1 LIMIT 1   [ RunTime:0.0006s ]
SQL: SHOW COLUMNS FROM `pay_product` [ RunTime:0.0006s ]
SQL: SELECT COUNT(*) AS tp_count FROM `pay_product` WHERE `id` = 903 AND `status` = 1 LIMIT 1   [ RunTime:0.0009s ]
SQL: SHOW COLUMNS FROM `pay_product_user` [ RunTime:0.0005s ]
SQL: SELECT * FROM `pay_product_user` WHERE `pid` = 903 AND `userid` = 112 AND `status` = 1 LIMIT 1   [ RunTime:0.0010s ]
SQL: SHOW COLUMNS FROM `pay_channel` [ RunTime:0.0006s ]
SQL: SELECT * FROM `pay_channel` WHERE `id` = 289 LIMIT 1   [ RunTime:0.0010s ]
SQL: SELECT * FROM `pay_member` WHERE `id` = 112 AND `open_charge` = 1 LIMIT 1   [ RunTime:0.0007s ]
SQL: SELECT * FROM `pay_channel` WHERE `id` = 289 AND `status` = 1 LIMIT 1   [ RunTime:0.0012s ]
SQL: SHOW COLUMNS FROM `pay_member` [ RunTime:0.0008s ]
SQL: SELECT * FROM `pay_member` WHERE `id` = 112 LIMIT 1   [ RunTime:0.0004s ]
SQL: SHOW COLUMNS FROM `pay_userrate` [ RunTime:0.0015s ]
SQL: SELECT * FROM `pay_userrate` WHERE `userid` = 112 AND `payapiid` = 903 LIMIT 1   [ RunTime:0.0003s ]
SQL: SELECT * FROM `pay_channel` WHERE `id` = 289 LIMIT 1   [ RunTime:0.0003s ]
SQL: SHOW COLUMNS FROM `pay_channel_account` [ RunTime:0.0022s ]
SQL: SELECT * FROM `pay_channel_account` WHERE `channel_id` = 289 AND `status` = 1  [ RunTime:0.0007s ]
SQL: SHOW COLUMNS FROM `pay_channel_account` [ RunTime:0.0008s ]
SQL: SELECT * FROM `pay_product` WHERE `id` = 903 LIMIT 1   [ RunTime:0.0011s ]
SQL: SHOW COLUMNS FROM `pay_order` [ RunTime:0.0024s ]
SQL: SELECT * FROM `pay_order` WHERE `out_trade_id` = 'E2019031813473545392940' LIMIT 1   [ RunTime:0.0181s ]
NOTIC: [8] Undefined index: status C:\work\juhe\Application\Pay\Controller\ZfbController.class.php 第 46 行.
NOTIC: [8] Undefined index: HTTP_X_REAL_IP C:\work\juhe\core\Common\functions.php 第 1456 行.

[ 2019-03-18T13:50:01+08:00 ] 127.0.0.1 /Pay_Charges_test_mid_10112.html
INFO: [ app_init ] --START--
INFO: Run Behavior\BuildLiteBehavior [ RunTime:0.000015s ]
INFO: [ app_init ] --END-- [ RunTime:0.000096s ]
INFO: [ app_begin ] --START--
INFO: Run Behavior\ReadHtmlCacheBehavior [ RunTime:0.000782s ]
INFO: Run Behavior\CheckLangBehavior [ RunTime:0.001278s ]
INFO: [ app_begin ] --END-- [ RunTime:0.002096s ]
NOTIC: [2] Declaration of Pay\Controller\ChargesController::success() should be compatible with Think\Controller::success($message = '', $jumpUrl = '', $ajax = false) C:\work\juhe\Application\Pay\Controller\ChargesController.class.php 第 11 行.
SQL: SHOW COLUMNS FROM `pay_product` [ RunTime:0.0037s ]
SQL: SELECT * FROM `pay_product` WHERE `isdisplay` = 1 AND `status` = 1  [ RunTime:0.0022s ]
NOTIC: [8] Undefined variable: icon C:\work\juhe\Application\Pay\Controller\ChargesController.class.php 第 412 行.
NOTIC: [8] Undefined variable: icon C:\work\juhe\Application\Pay\Controller\ChargesController.class.php 第 412 行.
NOTIC: [8] Undefined variable: icon C:\work\juhe\Application\Pay\Controller\ChargesController.class.php 第 412 行.
SQL: SELECT * FROM `pay_product` WHERE `isdisplay` = 1 AND `status` = 1  [ RunTime:0.0006s ]
SQL: SHOW COLUMNS FROM `pay_systembank` [ RunTime:0.0018s ]
SQL: SELECT * FROM `pay_systembank` WHERE `is_off` = 1  [ RunTime:0.0020s ]
INFO: [ view_parse ] --START--
INFO: [ template_filter ] --START--
INFO: Run Behavior\ContentReplaceBehavior [ RunTime:0.000025s ]
INFO: [ template_filter ] --END-- [ RunTime:0.000047s ]
NOTIC: [8] Undefined variable: siteurl C:\work\juhe\Runtime\Cache\Pay\fefb51bba43500453344a526b2b293b1.php 第 12 行.
NOTIC: [8] Undefined variable: siteurl C:\work\juhe\Runtime\Cache\Pay\fefb51bba43500453344a526b2b293b1.php 第 13 行.
NOTIC: [8] Undefined variable: siteurl C:\work\juhe\Runtime\Cache\Pay\fefb51bba43500453344a526b2b293b1.php 第 15 行.
NOTIC: [8] Undefined variable: siteurl C:\work\juhe\Runtime\Cache\Pay\fefb51bba43500453344a526b2b293b1.php 第 16 行.
NOTIC: [8] Undefined variable: siteurl C:\work\juhe\Runtime\Cache\Pay\fefb51bba43500453344a526b2b293b1.php 第 18 行.
NOTIC: [8] Undefined variable: siteurl C:\work\juhe\Runtime\Cache\Pay\fefb51bba43500453344a526b2b293b1.php 第 19 行.
NOTIC: [8] Undefined variable: siteurl C:\work\juhe\Runtime\Cache\Pay\fefb51bba43500453344a526b2b293b1.php 第 21 行.
NOTIC: [2] Use of undefined constant 中国农业银行 - assumed '中国农业银行' (this will throw an Error in a future version of PHP) C:\work\juhe\Runtime\Cache\Pay\fefb51bba43500453344a526b2b293b1.php 第 43 行.
NOTIC: [2] Use of undefined constant 中国农业银行 - assumed '中国农业银行' (this will throw an Error in a future version of PHP) C:\work\juhe\Runtime\Cache\Pay\fefb51bba43500453344a526b2b293b1.php 第 43 行.
NOTIC: [2] Use of undefined constant 中国农业银行 - assumed '中国农业银行' (this will throw an Error in a future version of PHP) C:\work\juhe\Runtime\Cache\Pay\fefb51bba43500453344a526b2b293b1.php 第 43 行.
NOTIC: [2] Use of undefined constant 中国农业银行 - assumed '中国农业银行' (this will throw an Error in a future version of PHP) C:\work\juhe\Runtime\Cache\Pay\fefb51bba43500453344a526b2b293b1.php 第 43 行.
NOTIC: [2] Use of undefined constant 中国农业银行 - assumed '中国农业银行' (this will throw an Error in a future version of PHP) C:\work\juhe\Runtime\Cache\Pay\fefb51bba43500453344a526b2b293b1.php 第 43 行.
NOTIC: [2] Use of undefined constant 中国农业银行 - assumed '中国农业银行' (this will throw an Error in a future version of PHP) C:\work\juhe\Runtime\Cache\Pay\fefb51bba43500453344a526b2b293b1.php 第 43 行.
NOTIC: [2] Use of undefined constant 中国农业银行 - assumed '中国农业银行' (this will throw an Error in a future version of PHP) C:\work\juhe\Runtime\Cache\Pay\fefb51bba43500453344a526b2b293b1.php 第 43 行.
NOTIC: [2] Use of undefined constant 中国农业银行 - assumed '中国农业银行' (this will throw an Error in a future version of PHP) C:\work\juhe\Runtime\Cache\Pay\fefb51bba43500453344a526b2b293b1.php 第 43 行.
NOTIC: [8] Undefined variable: siteurl C:\work\juhe\Runtime\Cache\Pay\fefb51bba43500453344a526b2b293b1.php 第 111 行.
NOTIC: [8] Undefined variable: siteurl C:\work\juhe\Runtime\Cache\Pay\fefb51bba43500453344a526b2b293b1.php 第 113 行.
NOTIC: [8] Undefined variable: siteurl C:\work\juhe\Runtime\Cache\Pay\fefb51bba43500453344a526b2b293b1.php 第 115 行.
NOTIC: [8] Undefined variable: siteurl C:\work\juhe\Runtime\Cache\Pay\fefb51bba43500453344a526b2b293b1.php 第 117 行.
NOTIC: [8] Undefined variable: siteurl C:\work\juhe\Runtime\Cache\Pay\fefb51bba43500453344a526b2b293b1.php 第 119 行.
NOTIC: [8] Undefined variable: siteurl C:\work\juhe\Runtime\Cache\Pay\fefb51bba43500453344a526b2b293b1.php 第 120 行.
NOTIC: [8] Undefined variable: siteurl C:\work\juhe\Runtime\Cache\Pay\fefb51bba43500453344a526b2b293b1.php 第 122 行.
NOTIC: [8] Undefined variable: siteurl C:\work\juhe\Runtime\Cache\Pay\fefb51bba43500453344a526b2b293b1.php 第 123 行.
INFO: Run Behavior\ParseTemplateBehavior [ RunTime:0.009849s ]
INFO: [ view_parse ] --END-- [ RunTime:0.009867s ]
INFO: [ view_filter ] --START--
INFO: Run Behavior\WriteHtmlCacheBehavior [ RunTime:0.000649s ]
INFO: Run Behavior\TokenBuildBehavior [ RunTime:0.000996s ]
INFO: [ view_filter ] --END-- [ RunTime:0.001673s ]
INFO: [ app_end ] --START--
INFO: Run Behavior\ShowPageTraceBehavior [ RunTime:0.000856s ]
INFO: [ app_end ] --END-- [ RunTime:0.000876s ]

[ 2019-03-18T13:50:05+08:00 ] 127.0.0.1 /Pay_Charges_checkmd5str.html
INFO: [ app_init ] --START--
INFO: Run Behavior\BuildLiteBehavior [ RunTime:0.000011s ]
INFO: [ app_init ] --END-- [ RunTime:0.000059s ]
INFO: [ app_begin ] --START--
INFO: Run Behavior\ReadHtmlCacheBehavior [ RunTime:0.000983s ]
INFO: Run Behavior\CheckLangBehavior [ RunTime:0.001460s ]
INFO: [ app_begin ] --END-- [ RunTime:0.002512s ]
NOTIC: [2] Declaration of Pay\Controller\ChargesController::success() should be compatible with Think\Controller::success($message = '', $jumpUrl = '', $ajax = false) C:\work\juhe\Application\Pay\Controller\ChargesController.class.php 第 11 行.
SQL: SHOW COLUMNS FROM `pay_member` [ RunTime:0.0020s ]
SQL: SELECT `apikey` FROM `pay_member` WHERE `id` = 112 LIMIT 1   [ RunTime:0.0003s ]
INFO: [ app_end ] --START--
INFO: Run Behavior\ShowPageTraceBehavior [ RunTime:0.000766s ]
INFO: [ app_end ] --END-- [ RunTime:0.000789s ]

[ 2019-03-18T13:50:06+08:00 ] 127.0.0.1 /Pay_Charges_checkmd5str.html
INFO: [ app_init ] --START--
INFO: Run Behavior\BuildLiteBehavior [ RunTime:0.000005s ]
INFO: [ app_init ] --END-- [ RunTime:0.000029s ]
INFO: [ app_begin ] --START--
INFO: Run Behavior\ReadHtmlCacheBehavior [ RunTime:0.000749s ]
INFO: Run Behavior\CheckLangBehavior [ RunTime:0.001123s ]
INFO: [ app_begin ] --END-- [ RunTime:0.001906s ]
NOTIC: [2] Declaration of Pay\Controller\ChargesController::success() should be compatible with Think\Controller::success($message = '', $jumpUrl = '', $ajax = false) C:\work\juhe\Application\Pay\Controller\ChargesController.class.php 第 11 行.
SQL: SHOW COLUMNS FROM `pay_member` [ RunTime:0.0008s ]
SQL: SELECT `apikey` FROM `pay_member` WHERE `id` = 112 LIMIT 1   [ RunTime:0.0003s ]
INFO: [ app_end ] --START--
INFO: Run Behavior\ShowPageTraceBehavior [ RunTime:0.000788s ]
INFO: [ app_end ] --END-- [ RunTime:0.000810s ]

[ 2019-03-18T13:50:09+08:00 ] 127.0.0.1 /Pay_index.html
INFO: [ app_init ] --START--
INFO: Run Behavior\BuildLiteBehavior [ RunTime:0.000005s ]
INFO: [ app_init ] --END-- [ RunTime:0.000028s ]
INFO: [ app_begin ] --START--
INFO: Run Behavior\ReadHtmlCacheBehavior [ RunTime:0.000873s ]
INFO: Run Behavior\CheckLangBehavior [ RunTime:0.001209s ]
INFO: [ app_begin ] --END-- [ RunTime:0.002165s ]
SQL: SHOW COLUMNS FROM `pay_websiteconfig` [ RunTime:0.0007s ]
SQL: SELECT `is_repeat_order` FROM `pay_websiteconfig` LIMIT 1   [ RunTime:0.0002s ]
SQL: SHOW COLUMNS FROM `pay_user_riskcontrol_config` [ RunTime:0.0025s ]
SQL: SHOW COLUMNS FROM `pay_member` [ RunTime:0.0014s ]
SQL: SELECT `id`,`unit_paying_number`,`unit_frist_paying_time`,`unit_paying_amount`,`paying_money`,`last_paying_time` FROM `pay_member` WHERE `id` = 112 LIMIT 1   [ RunTime:0.0010s ]
SQL: SELECT * FROM `pay_user_riskcontrol_config` WHERE `user_id` = 112 AND `status` = 1 LIMIT 1   [ RunTime:0.0024s ]
SQL: SELECT * FROM `pay_user_riskcontrol_config` WHERE `is_system` = 1 AND `status` = 1 LIMIT 1   [ RunTime:0.0045s ]
SQL: SHOW COLUMNS FROM `pay_product` [ RunTime:0.0008s ]
SQL: SELECT COUNT(*) AS tp_count FROM `pay_product` WHERE `id` = 903 AND `status` = 1 LIMIT 1   [ RunTime:0.0004s ]
SQL: SHOW COLUMNS FROM `pay_product_user` [ RunTime:0.0017s ]
SQL: SELECT * FROM `pay_product_user` WHERE `pid` = 903 AND `userid` = 112 AND `status` = 1 LIMIT 1   [ RunTime:0.0010s ]
SQL: SHOW COLUMNS FROM `pay_channel` [ RunTime:0.0010s ]
SQL: SELECT * FROM `pay_channel` WHERE `id` = 289 LIMIT 1   [ RunTime:0.0013s ]
SQL: SELECT * FROM `pay_member` WHERE `id` = 112 AND `open_charge` = 1 LIMIT 1   [ RunTime:0.0008s ]
SQL: SELECT * FROM `pay_channel` WHERE `id` = 289 AND `status` = 1 LIMIT 1   [ RunTime:0.0012s ]
SQL: SHOW COLUMNS FROM `pay_member` [ RunTime:0.0008s ]
SQL: SELECT * FROM `pay_member` WHERE `id` = 112 LIMIT 1   [ RunTime:0.0005s ]
SQL: SHOW COLUMNS FROM `pay_userrate` [ RunTime:0.0019s ]
SQL: SELECT * FROM `pay_userrate` WHERE `userid` = 112 AND `payapiid` = 903 LIMIT 1   [ RunTime:0.0010s ]
SQL: SELECT * FROM `pay_channel` WHERE `id` = 289 LIMIT 1   [ RunTime:0.0004s ]
SQL: SHOW COLUMNS FROM `pay_channel_account` [ RunTime:0.0018s ]
SQL: SELECT * FROM `pay_channel_account` WHERE `channel_id` = 289 AND `status` = 1  [ RunTime:0.0010s ]
SQL: SHOW COLUMNS FROM `pay_channel_account` [ RunTime:0.0023s ]
SQL: SELECT * FROM `pay_product` WHERE `id` = 903 LIMIT 1   [ RunTime:0.0015s ]
SQL: SHOW COLUMNS FROM `pay_order` [ RunTime:0.0012s ]
SQL: SELECT * FROM `pay_order` WHERE `out_trade_id` = 'E2019031813500173338157' LIMIT 1   [ RunTime:0.0246s ]
NOTIC: [8] Undefined index: status C:\work\juhe\Application\Pay\Controller\ZfbController.class.php 第 46 行.
NOTIC: [8] Undefined index: HTTP_X_REAL_IP C:\work\juhe\core\Common\functions.php 第 1456 行.

[ 2019-03-18T14:02:58+08:00 ] 127.0.0.1 /Pay_index.html
INFO: [ app_init ] --START--
INFO: Run Behavior\BuildLiteBehavior [ RunTime:0.000006s ]
INFO: [ app_init ] --END-- [ RunTime:0.000038s ]
INFO: [ app_begin ] --START--
INFO: Run Behavior\ReadHtmlCacheBehavior [ RunTime:0.002502s ]
INFO: Run Behavior\CheckLangBehavior [ RunTime:0.004111s ]
INFO: [ app_begin ] --END-- [ RunTime:0.006735s ]
SQL: SHOW COLUMNS FROM `pay_websiteconfig` [ RunTime:0.0025s ]
SQL: SELECT `is_repeat_order` FROM `pay_websiteconfig` LIMIT 1   [ RunTime:0.0008s ]
SQL: SHOW COLUMNS FROM `pay_user_riskcontrol_config` [ RunTime:0.0006s ]
SQL: SHOW COLUMNS FROM `pay_member` [ RunTime:0.0007s ]
SQL: SELECT `id`,`unit_paying_number`,`unit_frist_paying_time`,`unit_paying_amount`,`paying_money`,`last_paying_time` FROM `pay_member` WHERE `id` = 112 LIMIT 1   [ RunTime:0.0008s ]
SQL: SELECT * FROM `pay_user_riskcontrol_config` WHERE `user_id` = 112 AND `status` = 1 LIMIT 1   [ RunTime:0.0010s ]
SQL: SELECT * FROM `pay_user_riskcontrol_config` WHERE `is_system` = 1 AND `status` = 1 LIMIT 1   [ RunTime:0.0009s ]
SQL: SHOW COLUMNS FROM `pay_product` [ RunTime:0.0009s ]
SQL: SELECT COUNT(*) AS tp_count FROM `pay_product` WHERE `id` = 903 AND `status` = 1 LIMIT 1   [ RunTime:0.0017s ]
SQL: SHOW COLUMNS FROM `pay_product_user` [ RunTime:0.0021s ]
SQL: SELECT * FROM `pay_product_user` WHERE `pid` = 903 AND `userid` = 112 AND `status` = 1 LIMIT 1   [ RunTime:0.0011s ]
SQL: SHOW COLUMNS FROM `pay_channel` [ RunTime:0.0007s ]
SQL: SELECT * FROM `pay_channel` WHERE `id` = 289 LIMIT 1   [ RunTime:0.0011s ]
SQL: SELECT * FROM `pay_member` WHERE `id` = 112 AND `open_charge` = 1 LIMIT 1   [ RunTime:0.0005s ]
SQL: SELECT * FROM `pay_channel` WHERE `id` = 289 AND `status` = 1 LIMIT 1   [ RunTime:0.0003s ]
SQL: SHOW COLUMNS FROM `pay_member` [ RunTime:0.0007s ]
SQL: SELECT * FROM `pay_member` WHERE `id` = 112 LIMIT 1   [ RunTime:0.0004s ]
SQL: SHOW COLUMNS FROM `pay_userrate` [ RunTime:0.0005s ]
SQL: SELECT * FROM `pay_userrate` WHERE `userid` = 112 AND `payapiid` = 903 LIMIT 1   [ RunTime:0.0003s ]
SQL: SELECT * FROM `pay_channel` WHERE `id` = 289 LIMIT 1   [ RunTime:0.0003s ]
SQL: SHOW COLUMNS FROM `pay_channel_account` [ RunTime:0.0006s ]
SQL: SELECT * FROM `pay_channel_account` WHERE `channel_id` = 289 AND `status` = 1  [ RunTime:0.0004s ]
SQL: SHOW COLUMNS FROM `pay_channel_account` [ RunTime:0.0009s ]
SQL: SELECT * FROM `pay_product` WHERE `id` = 903 LIMIT 1   [ RunTime:0.0013s ]
SQL: SHOW COLUMNS FROM `pay_order` [ RunTime:0.0019s ]
SQL: SELECT * FROM `pay_order` WHERE `out_trade_id` = 'E2019031813500173338157' LIMIT 1   [ RunTime:0.0199s ]
NOTIC: [8] Undefined index: status C:\work\juhe\Application\Pay\Controller\ZfbController.class.php 第 46 行.
NOTIC: [8] Undefined index: HTTP_X_REAL_IP C:\work\juhe\core\Common\functions.php 第 1456 行.

