[ 2018-10-26T12:55:15+08:00 ] 127.0.0.1 /user.html
INFO: [ app_init ] --START--
INFO: Run Behavior\BuildLiteBehavior [ RunTime:0.000005s ]
INFO: [ app_init ] --END-- [ RunTime:0.000032s ]
INFO: [ app_begin ] --START--
INFO: Run Behavior\ReadHtmlCacheBehavior [ RunTime:0.001171s ]
INFO: Run Behavior\CheckLangBehavior [ RunTime:0.001719s ]
INFO: [ app_begin ] --END-- [ RunTime:0.002973s ]
SQL: SHOW COLUMNS FROM `pay_websiteconfig` [ RunTime:0.0009s ]
SQL: SELECT * FROM `pay_websiteconfig` LIMIT 1   [ RunTime:0.0004s ]
SQL: SHOW COLUMNS FROM `pay_member` [ RunTime:0.0014s ]
SQL: SELECT `id` as uid,`username`,`password`,`groupid`,`parentid`,`salt`,`balance`,`blockedbalance`,`email`,`realname`,`authorized`,`apidomain`,`apikey`,`status`,`mobile`,`receiver`,`agent_cate`,`df_api`,`login_ip`,`open_charge`,`google_secret_key`,`session_random`,`regdatetime` FROM `pay_member` WHERE `id` = 90 LIMIT 1   [ RunTime:0.0005s ]
INFO: [ view_parse ] --START--
INFO: [ template_filter ] --START--
INFO: Run Behavior\ContentReplaceBehavior [ RunTime:0.000043s ]
INFO: [ template_filter ] --END-- [ RunTime:0.000066s ]
NOTIC: [2] Use of undefined constant agent_cate - assumed 'agent_cate' (this will throw an Error in a future version of PHP) C:\work\juhe\Runtime\Cache\User\d7a7632f153cf12d0db44c934c28bcfe.php 第 53 行.
NOTIC: [2] Use of undefined constant groupid - assumed 'groupid' (this will throw an Error in a future version of PHP) C:\work\juhe\Runtime\Cache\User\d7a7632f153cf12d0db44c934c28bcfe.php 第 58 行.
NOTIC: [2] Use of undefined constant groupid - assumed 'groupid' (this will throw an Error in a future version of PHP) C:\work\juhe\Runtime\Cache\User\d7a7632f153cf12d0db44c934c28bcfe.php 第 69 行.
NOTIC: [2] Use of undefined constant open_charge - assumed 'open_charge' (this will throw an Error in a future version of PHP) C:\work\juhe\Runtime\Cache\User\d7a7632f153cf12d0db44c934c28bcfe.php 第 69 行.
NOTIC: [2] Use of undefined constant groupid - assumed 'groupid' (this will throw an Error in a future version of PHP) C:\work\juhe\Runtime\Cache\User\d7a7632f153cf12d0db44c934c28bcfe.php 第 102 行.
NOTIC: [2] Use of undefined constant df_api - assumed 'df_api' (this will throw an Error in a future version of PHP) C:\work\juhe\Runtime\Cache\User\d7a7632f153cf12d0db44c934c28bcfe.php 第 112 行.
NOTIC: [2] Use of undefined constant groupid - assumed 'groupid' (this will throw an Error in a future version of PHP) C:\work\juhe\Runtime\Cache\User\d7a7632f153cf12d0db44c934c28bcfe.php 第 115 行.
NOTIC: [2] Use of undefined constant groupid - assumed 'groupid' (this will throw an Error in a future version of PHP) C:\work\juhe\Runtime\Cache\User\d7a7632f153cf12d0db44c934c28bcfe.php 第 123 行.
NOTIC: [2] Use of undefined constant groupid - assumed 'groupid' (this will throw an Error in a future version of PHP) C:\work\juhe\Runtime\Cache\User\d7a7632f153cf12d0db44c934c28bcfe.php 第 137 行.
NOTIC: [2] Use of undefined constant groupid - assumed 'groupid' (this will throw an Error in a future version of PHP) C:\work\juhe\Runtime\Cache\User\d7a7632f153cf12d0db44c934c28bcfe.php 第 151 行.
INFO: Run Behavior\ParseTemplateBehavior [ RunTime:0.008020s ]
INFO: [ view_parse ] --END-- [ RunTime:0.008043s ]
INFO: [ view_filter ] --START--
INFO: Run Behavior\WriteHtmlCacheBehavior [ RunTime:0.000577s ]
INFO: Run Behavior\TokenBuildBehavior [ RunTime:0.001339s ]
INFO: [ view_filter ] --END-- [ RunTime:0.001979s ]
INFO: [ app_end ] --START--
INFO: Run Behavior\ShowPageTraceBehavior [ RunTime:0.007595s ]
INFO: [ app_end ] --END-- [ RunTime:0.007656s ]

[ 2018-10-26T12:55:15+08:00 ] 127.0.0.1 /agent_Index_main.html
INFO: [ app_init ] --START--
INFO: Run Behavior\BuildLiteBehavior [ RunTime:0.000004s ]
INFO: [ app_init ] --END-- [ RunTime:0.000024s ]
INFO: [ app_begin ] --START--
INFO: Run Behavior\ReadHtmlCacheBehavior [ RunTime:0.000644s ]
INFO: Run Behavior\CheckLangBehavior [ RunTime:0.000999s ]
INFO: [ app_begin ] --END-- [ RunTime:0.001709s ]
SQL: SHOW COLUMNS FROM `pay_websiteconfig` [ RunTime:0.0006s ]
SQL: SELECT * FROM `pay_websiteconfig` LIMIT 1   [ RunTime:0.0003s ]
SQL: SHOW COLUMNS FROM `pay_member` [ RunTime:0.0008s ]
SQL: SELECT `id` as uid,`username`,`password`,`groupid`,`parentid`,`salt`,`balance`,`blockedbalance`,`email`,`realname`,`authorized`,`apidomain`,`apikey`,`status`,`mobile`,`receiver`,`agent_cate`,`df_api`,`login_ip`,`open_charge`,`google_secret_key`,`session_random`,`regdatetime` FROM `pay_member` WHERE `id` = 90 LIMIT 1   [ RunTime:0.0005s ]
SQL: SHOW COLUMNS FROM `pay_order` [ RunTime:0.0008s ]
SQL: SELECT SUM( pay_actualamount ) AS total, FROM_UNIXTIME( pay_successdate,  '%Y-%m-%d' ) AS DATETIME
FROM pay_order WHERE pay_successdate >= UNIX_TIMESTAMP(  '2018-10-01' ) AND pay_successdate < UNIX_TIMESTAMP(  '2018-10-31' ) AND pay_status>=1 AND pay_memberid=10090  GROUP BY DATETIME [ RunTime:0.0007s ]
SQL: SELECT COUNT( id ) AS num, FROM_UNIXTIME( pay_successdate,  '%Y-%m-%d' ) AS DATETIME
FROM pay_order WHERE pay_successdate >= UNIX_TIMESTAMP(  '2018-10-01' ) AND pay_successdate < UNIX_TIMESTAMP(  '2018-10-31' ) AND pay_status>=1 AND pay_memberid=10090  GROUP BY DATETIME [ RunTime:0.0004s ]
SQL: SHOW COLUMNS FROM `pay_article` [ RunTime:0.0016s ]
SQL: SELECT * FROM `pay_article` WHERE `status` = 1 AND `groupid` IN ('0','1') ORDER BY id desc LIMIT 2   [ RunTime:0.0003s ]
SQL: SHOW COLUMNS FROM `pay_loginrecord` [ RunTime:0.0014s ]
SQL: SELECT * FROM `pay_loginrecord` WHERE `userid` = 90 ORDER BY id desc LIMIT 2   [ RunTime:0.0006s ]
SQL: SELECT COUNT(*) AS tp_count FROM `pay_order` WHERE `pay_memberid` = 10090 AND `pay_applydate` BETWEEN 1540483200 AND 1540569599 LIMIT 1   [ RunTime:0.0003s ]
SQL: SELECT COUNT(*) AS tp_count FROM `pay_order` WHERE `pay_memberid` = 10090 AND `pay_successdate` BETWEEN 1540483200 AND 1540569599 AND `pay_status` IN ('1','2') LIMIT 1   [ RunTime:0.0003s ]
SQL: SELECT COUNT(*) AS tp_count FROM `pay_order` WHERE `pay_memberid` = 10090 AND `pay_applydate` BETWEEN 1540483200 AND 1540569599 AND `pay_status` = 0 LIMIT 1   [ RunTime:0.0003s ]
SQL: SELECT SUM(pay_amount) AS tp_sum FROM `pay_order` WHERE `pay_memberid` = 10090 AND `pay_applydate` BETWEEN 1540483200 AND 1540569599 AND `pay_status` = 0 LIMIT 1   [ RunTime:0.0003s ]
SQL: SELECT SUM(pay_actualamount) AS tp_sum FROM `pay_order` WHERE `pay_memberid` = 10090 AND `pay_successdate` BETWEEN 1540483200 AND 1540569599 AND `pay_status` IN ('1','2') LIMIT 1   [ RunTime:0.0003s ]
NOTIC: [8] Undefined variable: ipItem C:\work\juhe\Application\User\Controller\IndexController.class.php 第 94 行.
INFO: [ view_parse ] --START--
INFO: [ template_filter ] --START--
INFO: Run Behavior\ContentReplaceBehavior [ RunTime:0.000033s ]
INFO: [ template_filter ] --END-- [ RunTime:0.000056s ]
NOTIC: [2] Illegal string offset 'loginip' C:\work\juhe\Runtime\Cache\User\0a2302724c4cbc626c8639028f086c96.php 第 29 行.
NOTIC: [8] Uninitialized string offset: 0 C:\work\juhe\Runtime\Cache\User\0a2302724c4cbc626c8639028f086c96.php 第 29 行.
NOTIC: [2] Illegal string offset 'loginaddress' C:\work\juhe\Runtime\Cache\User\0a2302724c4cbc626c8639028f086c96.php 第 29 行.
NOTIC: [8] Uninitialized string offset: 0 C:\work\juhe\Runtime\Cache\User\0a2302724c4cbc626c8639028f086c96.php 第 29 行.
NOTIC: [2] Illegal string offset 'logindatetime' C:\work\juhe\Runtime\Cache\User\0a2302724c4cbc626c8639028f086c96.php 第 29 行.
NOTIC: [8] Uninitialized string offset: 0 C:\work\juhe\Runtime\Cache\User\0a2302724c4cbc626c8639028f086c96.php 第 29 行.
NOTIC: [2] Use of undefined constant groupid - assumed 'groupid' (this will throw an Error in a future version of PHP) C:\work\juhe\Runtime\Cache\User\0a2302724c4cbc626c8639028f086c96.php 第 37 行.
NOTIC: [2] Use of undefined constant groupid - assumed 'groupid' (this will throw an Error in a future version of PHP) C:\work\juhe\Runtime\Cache\User\0a2302724c4cbc626c8639028f086c96.php 第 84 行.
INFO: Run Behavior\ParseTemplateBehavior [ RunTime:0.015213s ]
INFO: [ view_parse ] --END-- [ RunTime:0.015233s ]
INFO: [ view_filter ] --START--
INFO: Run Behavior\WriteHtmlCacheBehavior [ RunTime:0.000466s ]
INFO: Run Behavior\TokenBuildBehavior [ RunTime:0.000980s ]
INFO: [ view_filter ] --END-- [ RunTime:0.001481s ]
INFO: [ app_end ] --START--
INFO: Run Behavior\ShowPageTraceBehavior [ RunTime:0.000746s ]
INFO: [ app_end ] --END-- [ RunTime:0.000770s ]

[ 2018-10-26T12:55:17+08:00 ] 127.0.0.1 /agent_Account_link.html
INFO: [ app_init ] --START--
INFO: Run Behavior\BuildLiteBehavior [ RunTime:0.000014s ]
INFO: [ app_init ] --END-- [ RunTime:0.000083s ]
INFO: [ app_begin ] --START--
INFO: Run Behavior\ReadHtmlCacheBehavior [ RunTime:0.000932s ]
INFO: Run Behavior\CheckLangBehavior [ RunTime:0.002602s ]
INFO: [ app_begin ] --END-- [ RunTime:0.003620s ]
SQL: SHOW COLUMNS FROM `pay_websiteconfig` [ RunTime:0.0009s ]
SQL: SELECT * FROM `pay_websiteconfig` LIMIT 1   [ RunTime:0.0005s ]
SQL: SHOW COLUMNS FROM `pay_member` [ RunTime:0.0012s ]
SQL: SELECT `id` as uid,`username`,`password`,`groupid`,`parentid`,`salt`,`balance`,`blockedbalance`,`email`,`realname`,`authorized`,`apidomain`,`apikey`,`status`,`mobile`,`receiver`,`agent_cate`,`df_api`,`login_ip`,`open_charge`,`google_secret_key`,`session_random`,`regdatetime` FROM `pay_member` WHERE `id` = 90 LIMIT 1   [ RunTime:0.0012s ]
INFO: [ view_parse ] --START--
INFO: [ template_filter ] --START--
INFO: Run Behavior\ContentReplaceBehavior [ RunTime:0.000027s ]
INFO: [ template_filter ] --END-- [ RunTime:0.000079s ]
INFO: Run Behavior\ParseTemplateBehavior [ RunTime:0.009127s ]
INFO: [ view_parse ] --END-- [ RunTime:0.009184s ]
INFO: [ view_filter ] --START--
INFO: Run Behavior\WriteHtmlCacheBehavior [ RunTime:0.000661s ]
INFO: Run Behavior\TokenBuildBehavior [ RunTime:0.000924s ]
INFO: [ view_filter ] --END-- [ RunTime:0.001629s ]
INFO: [ app_end ] --START--
INFO: Run Behavior\ShowPageTraceBehavior [ RunTime:0.001004s ]
INFO: [ app_end ] --END-- [ RunTime:0.001043s ]

[ 2018-10-26T13:17:56+08:00 ] 127.0.0.1 /agent_Order_index_status_4.html
INFO: [ app_init ] --START--
INFO: Run Behavior\BuildLiteBehavior [ RunTime:0.000006s ]
INFO: [ app_init ] --END-- [ RunTime:0.000037s ]
INFO: [ app_begin ] --START--
INFO: Run Behavior\ReadHtmlCacheBehavior [ RunTime:0.001130s ]
INFO: Run Behavior\CheckLangBehavior [ RunTime:0.001564s ]
INFO: [ app_begin ] --END-- [ RunTime:0.002772s ]
NOTIC: [2] Declaration of User\Controller\OrderController::show() should be compatible with Think\Controller::show($content, $charset = '', $contentType = '', $prefix = '') C:\work\juhe\Application\User\Controller\OrderController.class.php 第 17 行.
SQL: SHOW COLUMNS FROM `pay_websiteconfig` [ RunTime:0.0012s ]
SQL: SELECT * FROM `pay_websiteconfig` LIMIT 1   [ RunTime:0.0006s ]
SQL: SHOW COLUMNS FROM `pay_member` [ RunTime:0.0012s ]
SQL: SELECT `id` as uid,`username`,`password`,`groupid`,`parentid`,`salt`,`balance`,`blockedbalance`,`email`,`realname`,`authorized`,`apidomain`,`apikey`,`status`,`mobile`,`receiver`,`agent_cate`,`df_api`,`login_ip`,`open_charge`,`google_secret_key`,`session_random`,`regdatetime` FROM `pay_member` WHERE `id` = 90 LIMIT 1   [ RunTime:0.0006s ]
SQL: SHOW COLUMNS FROM `pay_product_user` [ RunTime:0.0010s ]
SQL: SELECT pay_product.name,pay_product.id,pay_product.code FROM `pay_product_user` LEFT JOIN pay_product ON pay_product.id = pay_product_user.pid  WHERE pay_product_user.status = 1 AND pay_product_user.userid = '90'  [ RunTime:0.0010s ]
SQL: SHOW COLUMNS FROM `pay_order` [ RunTime:0.0014s ]
SQL: SELECT COUNT(*) AS tp_count FROM `pay_order` WHERE `pay_status` = 0 AND `isdel` = 0 AND `pay_memberid` = 10090 LIMIT 1   [ RunTime:0.0007s ]
SQL: SELECT sum(`pay_amount`) pay_amount,sum(`pay_actualamount`) pay_actualamount,count(`id`) success_count FROM `pay_order` WHERE `pay_memberid` = 10090 AND `pay_status` IN ('1',' 2') LIMIT 1   [ RunTime:0.0017s ]
SQL: SELECT COUNT(*) AS tp_count FROM `pay_order` WHERE `pay_memberid` = 10090 AND `pay_status` = 0 LIMIT 1   [ RunTime:0.0013s ]
SQL: SHOW COLUMNS FROM `pay_complaints_deposit` [ RunTime:0.0020s ]
SQL: SELECT SUM(freeze_money) AS tp_sum FROM pay_complaints_deposit as C LEFT JOIN pay_order AS O ON C.pay_orderid=O.pay_orderid  WHERE C.user_id = '90' AND C.status = 0 LIMIT 1   [ RunTime:0.0008s ]
SQL: SELECT SUM(freeze_money) AS tp_sum FROM pay_complaints_deposit as C LEFT JOIN pay_order AS O ON C.pay_orderid=O.pay_orderid  WHERE C.user_id = '90' AND C.status = 1 LIMIT 1   [ RunTime:0.0005s ]
SQL: SELECT * FROM `pay_order` WHERE `pay_status` = 0 AND `isdel` = 0 AND `pay_memberid` = 10090 ORDER BY id desc LIMIT 0,15   [ RunTime:0.0012s ]
INFO: [ view_parse ] --START--
INFO: [ template_filter ] --START--
INFO: Run Behavior\ContentReplaceBehavior [ RunTime:0.000062s ]
INFO: [ template_filter ] --END-- [ RunTime:0.000095s ]
NOTIC: [8] Undefined index: orderid C:\work\juhe\Runtime\Cache\User\9efe4e2e7d8b5d087d2c6ca784b0e3f7.php 第 43 行.
NOTIC: [8] Undefined index: body C:\work\juhe\Runtime\Cache\User\9efe4e2e7d8b5d087d2c6ca784b0e3f7.php 第 47 行.
NOTIC: [8] Undefined index: createtime C:\work\juhe\Runtime\Cache\User\9efe4e2e7d8b5d087d2c6ca784b0e3f7.php 第 51 行.
NOTIC: [8] Undefined index: successtime C:\work\juhe\Runtime\Cache\User\9efe4e2e7d8b5d087d2c6ca784b0e3f7.php 第 55 行.
NOTIC: [2] Use of undefined constant tongdao - assumed 'tongdao' (this will throw an Error in a future version of PHP) C:\work\juhe\Runtime\Cache\User\9efe4e2e7d8b5d087d2c6ca784b0e3f7.php 第 62 行.
NOTIC: [8] Undefined index: tongdao C:\work\juhe\Runtime\Cache\User\9efe4e2e7d8b5d087d2c6ca784b0e3f7.php 第 62 行.
NOTIC: [2] Use of undefined constant code - assumed 'code' (this will throw an Error in a future version of PHP) C:\work\juhe\Runtime\Cache\User\9efe4e2e7d8b5d087d2c6ca784b0e3f7.php 第 62 行.
NOTIC: [2] Use of undefined constant tongdao - assumed 'tongdao' (this will throw an Error in a future version of PHP) C:\work\juhe\Runtime\Cache\User\9efe4e2e7d8b5d087d2c6ca784b0e3f7.php 第 62 行.
NOTIC: [8] Undefined index: tongdao C:\work\juhe\Runtime\Cache\User\9efe4e2e7d8b5d087d2c6ca784b0e3f7.php 第 62 行.
NOTIC: [2] Use of undefined constant code - assumed 'code' (this will throw an Error in a future version of PHP) C:\work\juhe\Runtime\Cache\User\9efe4e2e7d8b5d087d2c6ca784b0e3f7.php 第 62 行.
NOTIC: [2] Use of undefined constant tongdao - assumed 'tongdao' (this will throw an Error in a future version of PHP) C:\work\juhe\Runtime\Cache\User\9efe4e2e7d8b5d087d2c6ca784b0e3f7.php 第 62 行.
NOTIC: [8] Undefined index: tongdao C:\work\juhe\Runtime\Cache\User\9efe4e2e7d8b5d087d2c6ca784b0e3f7.php 第 62 行.
NOTIC: [2] Use of undefined constant code - assumed 'code' (this will throw an Error in a future version of PHP) C:\work\juhe\Runtime\Cache\User\9efe4e2e7d8b5d087d2c6ca784b0e3f7.php 第 62 行.
NOTIC: [2] Use of undefined constant ddlx - assumed 'ddlx' (this will throw an Error in a future version of PHP) C:\work\juhe\Runtime\Cache\User\9efe4e2e7d8b5d087d2c6ca784b0e3f7.php 第 78 行.
NOTIC: [8] Undefined index: ddlx C:\work\juhe\Runtime\Cache\User\9efe4e2e7d8b5d087d2c6ca784b0e3f7.php 第 78 行.
NOTIC: [2] Use of undefined constant ddlx - assumed 'ddlx' (this will throw an Error in a future version of PHP) C:\work\juhe\Runtime\Cache\User\9efe4e2e7d8b5d087d2c6ca784b0e3f7.php 第 79 行.
NOTIC: [8] Undefined index: ddlx C:\work\juhe\Runtime\Cache\User\9efe4e2e7d8b5d087d2c6ca784b0e3f7.php 第 79 行.
NOTIC: [2] Use of undefined constant ddlx - assumed 'ddlx' (this will throw an Error in a future version of PHP) C:\work\juhe\Runtime\Cache\User\9efe4e2e7d8b5d087d2c6ca784b0e3f7.php 第 125 行.
NOTIC: [2] Use of undefined constant out_trade_id - assumed 'out_trade_id' (this will throw an Error in a future version of PHP) C:\work\juhe\Runtime\Cache\User\9efe4e2e7d8b5d087d2c6ca784b0e3f7.php 第 128 行.
NOTIC: [2] Use of undefined constant out_trade_id - assumed 'out_trade_id' (this will throw an Error in a future version of PHP) C:\work\juhe\Runtime\Cache\User\9efe4e2e7d8b5d087d2c6ca784b0e3f7.php 第 128 行.
NOTIC: [8] Undefined index: del C:\work\juhe\Runtime\Cache\User\9efe4e2e7d8b5d087d2c6ca784b0e3f7.php 第 129 行.
NOTIC: [2] Use of undefined constant pay_successdate - assumed 'pay_successdate' (this will throw an Error in a future version of PHP) C:\work\juhe\Runtime\Cache\User\9efe4e2e7d8b5d087d2c6ca784b0e3f7.php 第 136 行.
NOTIC: [2] Use of undefined constant id - assumed 'id' (this will throw an Error in a future version of PHP) C:\work\juhe\Runtime\Cache\User\9efe4e2e7d8b5d087d2c6ca784b0e3f7.php 第 144 行.
NOTIC: [2] Use of undefined constant ddlx - assumed 'ddlx' (this will throw an Error in a future version of PHP) C:\work\juhe\Runtime\Cache\User\9efe4e2e7d8b5d087d2c6ca784b0e3f7.php 第 125 行.
NOTIC: [2] Use of undefined constant out_trade_id - assumed 'out_trade_id' (this will throw an Error in a future version of PHP) C:\work\juhe\Runtime\Cache\User\9efe4e2e7d8b5d087d2c6ca784b0e3f7.php 第 128 行.
NOTIC: [2] Use of undefined constant out_trade_id - assumed 'out_trade_id' (this will throw an Error in a future version of PHP) C:\work\juhe\Runtime\Cache\User\9efe4e2e7d8b5d087d2c6ca784b0e3f7.php 第 128 行.
NOTIC: [8] Undefined index: del C:\work\juhe\Runtime\Cache\User\9efe4e2e7d8b5d087d2c6ca784b0e3f7.php 第 129 行.
NOTIC: [2] Use of undefined constant pay_successdate - assumed 'pay_successdate' (this will throw an Error in a future version of PHP) C:\work\juhe\Runtime\Cache\User\9efe4e2e7d8b5d087d2c6ca784b0e3f7.php 第 136 行.
NOTIC: [2] Use of undefined constant id - assumed 'id' (this will throw an Error in a future version of PHP) C:\work\juhe\Runtime\Cache\User\9efe4e2e7d8b5d087d2c6ca784b0e3f7.php 第 144 行.
NOTIC: [2] Use of undefined constant ddlx - assumed 'ddlx' (this will throw an Error in a future version of PHP) C:\work\juhe\Runtime\Cache\User\9efe4e2e7d8b5d087d2c6ca784b0e3f7.php 第 125 行.
NOTIC: [2] Use of undefined constant out_trade_id - assumed 'out_trade_id' (this will throw an Error in a future version of PHP) C:\work\juhe\Runtime\Cache\User\9efe4e2e7d8b5d087d2c6ca784b0e3f7.php 第 128 行.
NOTIC: [2] Use of undefined constant out_trade_id - assumed 'out_trade_id' (this will throw an Error in a future version of PHP) C:\work\juhe\Runtime\Cache\User\9efe4e2e7d8b5d087d2c6ca784b0e3f7.php 第 128 行.
NOTIC: [8] Undefined index: del C:\work\juhe\Runtime\Cache\User\9efe4e2e7d8b5d087d2c6ca784b0e3f7.php 第 129 行.
NOTIC: [2] Use of undefined constant pay_successdate - assumed 'pay_successdate' (this will throw an Error in a future version of PHP) C:\work\juhe\Runtime\Cache\User\9efe4e2e7d8b5d087d2c6ca784b0e3f7.php 第 136 行.
NOTIC: [2] Use of undefined constant id - assumed 'id' (this will throw an Error in a future version of PHP) C:\work\juhe\Runtime\Cache\User\9efe4e2e7d8b5d087d2c6ca784b0e3f7.php 第 144 行.
NOTIC: [2] Use of undefined constant ddlx - assumed 'ddlx' (this will throw an Error in a future version of PHP) C:\work\juhe\Runtime\Cache\User\9efe4e2e7d8b5d087d2c6ca784b0e3f7.php 第 125 行.
NOTIC: [2] Use of undefined constant out_trade_id - assumed 'out_trade_id' (this will throw an Error in a future version of PHP) C:\work\juhe\Runtime\Cache\User\9efe4e2e7d8b5d087d2c6ca784b0e3f7.php 第 128 行.
NOTIC: [2] Use of undefined constant out_trade_id - assumed 'out_trade_id' (this will throw an Error in a future version of PHP) C:\work\juhe\Runtime\Cache\User\9efe4e2e7d8b5d087d2c6ca784b0e3f7.php 第 128 行.
NOTIC: [8] Undefined index: del C:\work\juhe\Runtime\Cache\User\9efe4e2e7d8b5d087d2c6ca784b0e3f7.php 第 129 行.
NOTIC: [2] Use of undefined constant pay_successdate - assumed 'pay_successdate' (this will throw an Error in a future version of PHP) C:\work\juhe\Runtime\Cache\User\9efe4e2e7d8b5d087d2c6ca784b0e3f7.php 第 136 行.
NOTIC: [2] Use of undefined constant id - assumed 'id' (this will throw an Error in a future version of PHP) C:\work\juhe\Runtime\Cache\User\9efe4e2e7d8b5d087d2c6ca784b0e3f7.php 第 144 行.
NOTIC: [2] Use of undefined constant ddlx - assumed 'ddlx' (this will throw an Error in a future version of PHP) C:\work\juhe\Runtime\Cache\User\9efe4e2e7d8b5d087d2c6ca784b0e3f7.php 第 125 行.
NOTIC: [2] Use of undefined constant out_trade_id - assumed 'out_trade_id' (this will throw an Error in a future version of PHP) C:\work\juhe\Runtime\Cache\User\9efe4e2e7d8b5d087d2c6ca784b0e3f7.php 第 128 行.
NOTIC: [2] Use of undefined constant out_trade_id - assumed 'out_trade_id' (this will throw an Error in a future version of PHP) C:\work\juhe\Runtime\Cache\User\9efe4e2e7d8b5d087d2c6ca784b0e3f7.php 第 128 行.
NOTIC: [8] Undefined index: del C:\work\juhe\Runtime\Cache\User\9efe4e2e7d8b5d087d2c6ca784b0e3f7.php 第 129 行.
NOTIC: [2] Use of undefined constant pay_successdate - assumed 'pay_successdate' (this will throw an Error in a future version of PHP) C:\work\juhe\Runtime\Cache\User\9efe4e2e7d8b5d087d2c6ca784b0e3f7.php 第 136 行.
NOTIC: [2] Use of undefined constant id - assumed 'id' (this will throw an Error in a future version of PHP) C:\work\juhe\Runtime\Cache\User\9efe4e2e7d8b5d087d2c6ca784b0e3f7.php 第 144 行.
NOTIC: [2] Use of undefined constant ddlx - assumed 'ddlx' (this will throw an Error in a future version of PHP) C:\work\juhe\Runtime\Cache\User\9efe4e2e7d8b5d087d2c6ca784b0e3f7.php 第 125 行.
NOTIC: [2] Use of undefined constant out_trade_id - assumed 'out_trade_id' (this will throw an Error in a future version of PHP) C:\work\juhe\Runtime\Cache\User\9efe4e2e7d8b5d087d2c6ca784b0e3f7.php 第 128 行.
NOTIC: [2] Use of undefined constant out_trade_id - assumed 'out_trade_id' (this will throw an Error in a future version of PHP) C:\work\juhe\Runtime\Cache\User\9efe4e2e7d8b5d087d2c6ca784b0e3f7.php 第 128 行.
NOTIC: [8] Undefined index: del C:\work\juhe\Runtime\Cache\User\9efe4e2e7d8b5d087d2c6ca784b0e3f7.php 第 129 行.
NOTIC: [2] Use of undefined constant pay_successdate - assumed 'pay_successdate' (this will throw an Error in a future version of PHP) C:\work\juhe\Runtime\Cache\User\9efe4e2e7d8b5d087d2c6ca784b0e3f7.php 第 136 行.
NOTIC: [2] Use of undefined constant id - assumed 'id' (this will throw an Error in a future version of PHP) C:\work\juhe\Runtime\Cache\User\9efe4e2e7d8b5d087d2c6ca784b0e3f7.php 第 144 行.
NOTIC: [2] Use of undefined constant ddlx - assumed 'ddlx' (this will throw an Error in a future version of PHP) C:\work\juhe\Runtime\Cache\User\9efe4e2e7d8b5d087d2c6ca784b0e3f7.php 第 125 行.
NOTIC: [2] Use of undefined constant out_trade_id - assumed 'out_trade_id' (this will throw an Error in a future version of PHP) C:\work\juhe\Runtime\Cache\User\9efe4e2e7d8b5d087d2c6ca784b0e3f7.php 第 128 行.
NOTIC: [2] Use of undefined constant out_trade_id - assumed 'out_trade_id' (this will throw an Error in a future version of PHP) C:\work\juhe\Runtime\Cache\User\9efe4e2e7d8b5d087d2c6ca784b0e3f7.php 第 128 行.
NOTIC: [8] Undefined index: del C:\work\juhe\Runtime\Cache\User\9efe4e2e7d8b5d087d2c6ca784b0e3f7.php 第 129 行.
NOTIC: [2] Use of undefined constant pay_successdate - assumed 'pay_successdate' (this will throw an Error in a future version of PHP) C:\work\juhe\Runtime\Cache\User\9efe4e2e7d8b5d087d2c6ca784b0e3f7.php 第 136 行.
NOTIC: [2] Use of undefined constant id - assumed 'id' (this will throw an Error in a future version of PHP) C:\work\juhe\Runtime\Cache\User\9efe4e2e7d8b5d087d2c6ca784b0e3f7.php 第 144 行.
NOTIC: [2] Use of undefined constant ddlx - assumed 'ddlx' (this will throw an Error in a future version of PHP) C:\work\juhe\Runtime\Cache\User\9efe4e2e7d8b5d087d2c6ca784b0e3f7.php 第 125 行.
NOTIC: [2] Use of undefined constant out_trade_id - assumed 'out_trade_id' (this will throw an Error in a future version of PHP) C:\work\juhe\Runtime\Cache\User\9efe4e2e7d8b5d087d2c6ca784b0e3f7.php 第 128 行.
NOTIC: [2] Use of undefined constant out_trade_id - assumed 'out_trade_id' (this will throw an Error in a future version of PHP) C:\work\juhe\Runtime\Cache\User\9efe4e2e7d8b5d087d2c6ca784b0e3f7.php 第 128 行.
NOTIC: [8] Undefined index: del C:\work\juhe\Runtime\Cache\User\9efe4e2e7d8b5d087d2c6ca784b0e3f7.php 第 129 行.
NOTIC: [2] Use of undefined constant pay_successdate - assumed 'pay_successdate' (this will throw an Error in a future version of PHP) C:\work\juhe\Runtime\Cache\User\9efe4e2e7d8b5d087d2c6ca784b0e3f7.php 第 136 行.
NOTIC: [2] Use of undefined constant id - assumed 'id' (this will throw an Error in a future version of PHP) C:\work\juhe\Runtime\Cache\User\9efe4e2e7d8b5d087d2c6ca784b0e3f7.php 第 144 行.
NOTIC: [2] Use of undefined constant ddlx - assumed 'ddlx' (this will throw an Error in a future version of PHP) C:\work\juhe\Runtime\Cache\User\9efe4e2e7d8b5d087d2c6ca784b0e3f7.php 第 125 行.
NOTIC: [2] Use of undefined constant out_trade_id - assumed 'out_trade_id' (this will throw an Error in a future version of PHP) C:\work\juhe\Runtime\Cache\User\9efe4e2e7d8b5d087d2c6ca784b0e3f7.php 第 128 行.
NOTIC: [2] Use of undefined constant out_trade_id - assumed 'out_trade_id' (this will throw an Error in a future version of PHP) C:\work\juhe\Runtime\Cache\User\9efe4e2e7d8b5d087d2c6ca784b0e3f7.php 第 128 行.
NOTIC: [8] Undefined index: del C:\work\juhe\Runtime\Cache\User\9efe4e2e7d8b5d087d2c6ca784b0e3f7.php 第 129 行.
NOTIC: [2] Use of undefined constant pay_successdate - assumed 'pay_successdate' (this will throw an Error in a future version of PHP) C:\work\juhe\Runtime\Cache\User\9efe4e2e7d8b5d087d2c6ca784b0e3f7.php 第 136 行.
NOTIC: [2] Use of undefined constant id - assumed 'id' (this will throw an Error in a future version of PHP) C:\work\juhe\Runtime\Cache\User\9efe4e2e7d8b5d087d2c6ca784b0e3f7.php 第 144 行.
NOTIC: [2] Use of undefined constant ddlx - assumed 'ddlx' (this will throw an Error in a future version of PHP) C:\work\juhe\Runtime\Cache\User\9efe4e2e7d8b5d087d2c6ca784b0e3f7.php 第 125 行.
NOTIC: [2] Use of undefined constant out_trade_id - assumed 'out_trade_id' (this will throw an Error in a future version of PHP) C:\work\juhe\Runtime\Cache\User\9efe4e2e7d8b5d087d2c6ca784b0e3f7.php 第 128 行.
NOTIC: [2] Use of undefined constant out_trade_id - assumed 'out_trade_id' (this will throw an Error in a future version of PHP) C:\work\juhe\Runtime\Cache\User\9efe4e2e7d8b5d087d2c6ca784b0e3f7.php 第 128 行.
NOTIC: [8] Undefined index: del C:\work\juhe\Runtime\Cache\User\9efe4e2e7d8b5d087d2c6ca784b0e3f7.php 第 129 行.
NOTIC: [2] Use of undefined constant pay_successdate - assumed 'pay_successdate' (this will throw an Error in a future version of PHP) C:\work\juhe\Runtime\Cache\User\9efe4e2e7d8b5d087d2c6ca784b0e3f7.php 第 136 行.
NOTIC: [2] Use of undefined constant id - assumed 'id' (this will throw an Error in a future version of PHP) C:\work\juhe\Runtime\Cache\User\9efe4e2e7d8b5d087d2c6ca784b0e3f7.php 第 144 行.
NOTIC: [2] Use of undefined constant ddlx - assumed 'ddlx' (this will throw an Error in a future version of PHP) C:\work\juhe\Runtime\Cache\User\9efe4e2e7d8b5d087d2c6ca784b0e3f7.php 第 125 行.
NOTIC: [2] Use of undefined constant out_trade_id - assumed 'out_trade_id' (this will throw an Error in a future version of PHP) C:\work\juhe\Runtime\Cache\User\9efe4e2e7d8b5d087d2c6ca784b0e3f7.php 第 128 行.
NOTIC: [2] Use of undefined constant out_trade_id - assumed 'out_trade_id' (this will throw an Error in a future version of PHP) C:\work\juhe\Runtime\Cache\User\9efe4e2e7d8b5d087d2c6ca784b0e3f7.php 第 128 行.
NOTIC: [8] Undefined index: del C:\work\juhe\Runtime\Cache\User\9efe4e2e7d8b5d087d2c6ca784b0e3f7.php 第 129 行.
NOTIC: [2] Use of undefined constant pay_successdate - assumed 'pay_successdate' (this will throw an Error in a future version of PHP) C:\work\juhe\Runtime\Cache\User\9efe4e2e7d8b5d087d2c6ca784b0e3f7.php 第 136 行.
NOTIC: [2] Use of undefined constant id - assumed 'id' (this will throw an Error in a future version of PHP) C:\work\juhe\Runtime\Cache\User\9efe4e2e7d8b5d087d2c6ca784b0e3f7.php 第 144 行.
NOTIC: [2] Use of undefined constant ddlx - assumed 'ddlx' (this will throw an Error in a future version of PHP) C:\work\juhe\Runtime\Cache\User\9efe4e2e7d8b5d087d2c6ca784b0e3f7.php 第 125 行.
NOTIC: [2] Use of undefined constant out_trade_id - assumed 'out_trade_id' (this will throw an Error in a future version of PHP) C:\work\juhe\Runtime\Cache\User\9efe4e2e7d8b5d087d2c6ca784b0e3f7.php 第 128 行.
NOTIC: [2] Use of undefined constant out_trade_id - assumed 'out_trade_id' (this will throw an Error in a future version of PHP) C:\work\juhe\Runtime\Cache\User\9efe4e2e7d8b5d087d2c6ca784b0e3f7.php 第 128 行.
NOTIC: [8] Undefined index: del C:\work\juhe\Runtime\Cache\User\9efe4e2e7d8b5d087d2c6ca784b0e3f7.php 第 129 行.
NOTIC: [2] Use of undefined constant pay_successdate - assumed 'pay_successdate' (this will throw an Error in a future version of PHP) C:\work\juhe\Runtime\Cache\User\9efe4e2e7d8b5d087d2c6ca784b0e3f7.php 第 136 行.
NOTIC: [2] Use of undefined constant id - assumed 'id' (this will throw an Error in a future version of PHP) C:\work\juhe\Runtime\Cache\User\9efe4e2e7d8b5d087d2c6ca784b0e3f7.php 第 144 行.
NOTIC: [2] Use of undefined constant ddlx - assumed 'ddlx' (this will throw an Error in a future version of PHP) C:\work\juhe\Runtime\Cache\User\9efe4e2e7d8b5d087d2c6ca784b0e3f7.php 第 125 行.
NOTIC: [2] Use of undefined constant out_trade_id - assumed 'out_trade_id' (this will throw an Error in a future version of PHP) C:\work\juhe\Runtime\Cache\User\9efe4e2e7d8b5d087d2c6ca784b0e3f7.php 第 128 行.
NOTIC: [2] Use of undefined constant out_trade_id - assumed 'out_trade_id' (this will throw an Error in a future version of PHP) C:\work\juhe\Runtime\Cache\User\9efe4e2e7d8b5d087d2c6ca784b0e3f7.php 第 128 行.
NOTIC: [8] Undefined index: del C:\work\juhe\Runtime\Cache\User\9efe4e2e7d8b5d087d2c6ca784b0e3f7.php 第 129 行.
NOTIC: [2] Use of undefined constant pay_successdate - assumed 'pay_successdate' (this will throw an Error in a future version of PHP) C:\work\juhe\Runtime\Cache\User\9efe4e2e7d8b5d087d2c6ca784b0e3f7.php 第 136 行.
NOTIC: [2] Use of undefined constant id - assumed 'id' (this will throw an Error in a future version of PHP) C:\work\juhe\Runtime\Cache\User\9efe4e2e7d8b5d087d2c6ca784b0e3f7.php 第 144 行.
NOTIC: [2] Use of undefined constant ddlx - assumed 'ddlx' (this will throw an Error in a future version of PHP) C:\work\juhe\Runtime\Cache\User\9efe4e2e7d8b5d087d2c6ca784b0e3f7.php 第 125 行.
NOTIC: [2] Use of undefined constant out_trade_id - assumed 'out_trade_id' (this will throw an Error in a future version of PHP) C:\work\juhe\Runtime\Cache\User\9efe4e2e7d8b5d087d2c6ca784b0e3f7.php 第 128 行.
NOTIC: [2] Use of undefined constant out_trade_id - assumed 'out_trade_id' (this will throw an Error in a future version of PHP) C:\work\juhe\Runtime\Cache\User\9efe4e2e7d8b5d087d2c6ca784b0e3f7.php 第 128 行.
NOTIC: [8] Undefined index: del C:\work\juhe\Runtime\Cache\User\9efe4e2e7d8b5d087d2c6ca784b0e3f7.php 第 129 行.
NOTIC: [2] Use of undefined constant pay_successdate - assumed 'pay_successdate' (this will throw an Error in a future version of PHP) C:\work\juhe\Runtime\Cache\User\9efe4e2e7d8b5d087d2c6ca784b0e3f7.php 第 136 行.
NOTIC: [2] Use of undefined constant id - assumed 'id' (this will throw an Error in a future version of PHP) C:\work\juhe\Runtime\Cache\User\9efe4e2e7d8b5d087d2c6ca784b0e3f7.php 第 144 行.
NOTIC: [2] Use of undefined constant ddlx - assumed 'ddlx' (this will throw an Error in a future version of PHP) C:\work\juhe\Runtime\Cache\User\9efe4e2e7d8b5d087d2c6ca784b0e3f7.php 第 125 行.
NOTIC: [2] Use of undefined constant out_trade_id - assumed 'out_trade_id' (this will throw an Error in a future version of PHP) C:\work\juhe\Runtime\Cache\User\9efe4e2e7d8b5d087d2c6ca784b0e3f7.php 第 128 行.
NOTIC: [2] Use of undefined constant out_trade_id - assumed 'out_trade_id' (this will throw an Error in a future version of PHP) C:\work\juhe\Runtime\Cache\User\9efe4e2e7d8b5d087d2c6ca784b0e3f7.php 第 128 行.
NOTIC: [8] Undefined index: del C:\work\juhe\Runtime\Cache\User\9efe4e2e7d8b5d087d2c6ca784b0e3f7.php 第 129 行.
NOTIC: [2] Use of undefined constant pay_successdate - assumed 'pay_successdate' (this will throw an Error in a future version of PHP) C:\work\juhe\Runtime\Cache\User\9efe4e2e7d8b5d087d2c6ca784b0e3f7.php 第 136 行.
NOTIC: [2] Use of undefined constant id - assumed 'id' (this will throw an Error in a future version of PHP) C:\work\juhe\Runtime\Cache\User\9efe4e2e7d8b5d087d2c6ca784b0e3f7.php 第 144 行.
NOTIC: [2] Use of undefined constant rows - assumed 'rows' (this will throw an Error in a future version of PHP) C:\work\juhe\Runtime\Cache\User\9efe4e2e7d8b5d087d2c6ca784b0e3f7.php 第 157 行.
NOTIC: [8] Undefined index: rows C:\work\juhe\Runtime\Cache\User\9efe4e2e7d8b5d087d2c6ca784b0e3f7.php 第 157 行.
NOTIC: [2] Use of undefined constant rows - assumed 'rows' (this will throw an Error in a future version of PHP) C:\work\juhe\Runtime\Cache\User\9efe4e2e7d8b5d087d2c6ca784b0e3f7.php 第 158 行.
NOTIC: [8] Undefined index: rows C:\work\juhe\Runtime\Cache\User\9efe4e2e7d8b5d087d2c6ca784b0e3f7.php 第 158 行.
NOTIC: [2] Use of undefined constant rows - assumed 'rows' (this will throw an Error in a future version of PHP) C:\work\juhe\Runtime\Cache\User\9efe4e2e7d8b5d087d2c6ca784b0e3f7.php 第 159 行.
NOTIC: [8] Undefined index: rows C:\work\juhe\Runtime\Cache\User\9efe4e2e7d8b5d087d2c6ca784b0e3f7.php 第 159 行.
NOTIC: [2] Use of undefined constant rows - assumed 'rows' (this will throw an Error in a future version of PHP) C:\work\juhe\Runtime\Cache\User\9efe4e2e7d8b5d087d2c6ca784b0e3f7.php 第 160 行.
NOTIC: [8] Undefined index: rows C:\work\juhe\Runtime\Cache\User\9efe4e2e7d8b5d087d2c6ca784b0e3f7.php 第 160 行.
NOTIC: [2] Use of undefined constant rows - assumed 'rows' (this will throw an Error in a future version of PHP) C:\work\juhe\Runtime\Cache\User\9efe4e2e7d8b5d087d2c6ca784b0e3f7.php 第 161 行.
NOTIC: [8] Undefined index: rows C:\work\juhe\Runtime\Cache\User\9efe4e2e7d8b5d087d2c6ca784b0e3f7.php 第 161 行.
NOTIC: [2] Use of undefined constant rows - assumed 'rows' (this will throw an Error in a future version of PHP) C:\work\juhe\Runtime\Cache\User\9efe4e2e7d8b5d087d2c6ca784b0e3f7.php 第 162 行.
NOTIC: [8] Undefined index: rows C:\work\juhe\Runtime\Cache\User\9efe4e2e7d8b5d087d2c6ca784b0e3f7.php 第 162 行.
NOTIC: [2] Use of undefined constant orderid - assumed 'orderid' (this will throw an Error in a future version of PHP) C:\work\juhe\Runtime\Cache\User\9efe4e2e7d8b5d087d2c6ca784b0e3f7.php 第 225 行.
NOTIC: [8] Undefined index: orderid C:\work\juhe\Runtime\Cache\User\9efe4e2e7d8b5d087d2c6ca784b0e3f7.php 第 225 行.
NOTIC: [2] Use of undefined constant createtime - assumed 'createtime' (this will throw an Error in a future version of PHP) C:\work\juhe\Runtime\Cache\User\9efe4e2e7d8b5d087d2c6ca784b0e3f7.php 第 225 行.
NOTIC: [8] Undefined index: createtime C:\work\juhe\Runtime\Cache\User\9efe4e2e7d8b5d087d2c6ca784b0e3f7.php 第 225 行.
NOTIC: [2] Use of undefined constant successtime - assumed 'successtime' (this will throw an Error in a future version of PHP) C:\work\juhe\Runtime\Cache\User\9efe4e2e7d8b5d087d2c6ca784b0e3f7.php 第 225 行.
NOTIC: [8] Undefined index: successtime C:\work\juhe\Runtime\Cache\User\9efe4e2e7d8b5d087d2c6ca784b0e3f7.php 第 225 行.
NOTIC: [2] Use of undefined constant tongdao - assumed 'tongdao' (this will throw an Error in a future version of PHP) C:\work\juhe\Runtime\Cache\User\9efe4e2e7d8b5d087d2c6ca784b0e3f7.php 第 225 行.
NOTIC: [8] Undefined index: tongdao C:\work\juhe\Runtime\Cache\User\9efe4e2e7d8b5d087d2c6ca784b0e3f7.php 第 225 行.
NOTIC: [2] Use of undefined constant bank - assumed 'bank' (this will throw an Error in a future version of PHP) C:\work\juhe\Runtime\Cache\User\9efe4e2e7d8b5d087d2c6ca784b0e3f7.php 第 225 行.
NOTIC: [8] Undefined index: bank C:\work\juhe\Runtime\Cache\User\9efe4e2e7d8b5d087d2c6ca784b0e3f7.php 第 225 行.
NOTIC: [2] Use of undefined constant status - assumed 'status' (this will throw an Error in a future version of PHP) C:\work\juhe\Runtime\Cache\User\9efe4e2e7d8b5d087d2c6ca784b0e3f7.php 第 225 行.
NOTIC: [2] Use of undefined constant ddlx - assumed 'ddlx' (this will throw an Error in a future version of PHP) C:\work\juhe\Runtime\Cache\User\9efe4e2e7d8b5d087d2c6ca784b0e3f7.php 第 225 行.
NOTIC: [8] Undefined index: ddlx C:\work\juhe\Runtime\Cache\User\9efe4e2e7d8b5d087d2c6ca784b0e3f7.php 第 225 行.
INFO: Run Behavior\ParseTemplateBehavior [ RunTime:0.017661s ]
INFO: [ view_parse ] --END-- [ RunTime:0.017692s ]
INFO: [ view_filter ] --START--
INFO: Run Behavior\WriteHtmlCacheBehavior [ RunTime:0.000571s ]
INFO: Run Behavior\TokenBuildBehavior [ RunTime:0.000621s ]
INFO: [ view_filter ] --END-- [ RunTime:0.001228s ]
INFO: [ app_end ] --START--
INFO: Run Behavior\ShowPageTraceBehavior [ RunTime:0.000725s ]
INFO: [ app_end ] --END-- [ RunTime:0.000748s ]

[ 2018-10-26T22:34:12+08:00 ] 127.0.0.1 /agent_Login_test
INFO: [ app_init ] --START--
INFO: Run Behavior\BuildLiteBehavior [ RunTime:0.000009s ]
INFO: [ app_init ] --END-- [ RunTime:0.000050s ]
INFO: [ app_begin ] --START--
INFO: Run Behavior\ReadHtmlCacheBehavior [ RunTime:0.001880s ]
INFO: Run Behavior\CheckLangBehavior [ RunTime:0.002873s ]
INFO: [ app_begin ] --END-- [ RunTime:0.004834s ]
SQL: SHOW COLUMNS FROM `pay_websiteconfig` [ RunTime:0.0020s ]
SQL: SELECT * FROM `pay_websiteconfig` LIMIT 1   [ RunTime:0.0007s ]
SQL: SHOW COLUMNS FROM `pay_product` [ RunTime:0.0011s ]
SQL: SELECT * FROM `pay_product` WHERE `isdisplay` = 1 AND `status` = 1  [ RunTime:0.0007s ]
INFO: [ view_parse ] --START--
INFO: [ template_filter ] --START--
INFO: Run Behavior\ContentReplaceBehavior [ RunTime:0.000431s ]
INFO: [ template_filter ] --END-- [ RunTime:0.000486s ]
NOTIC: [8] Undefined variable: products C:\work\juhe\Runtime\Cache\User\f8b656baee950fa8830647b73edc728c.php 第 73 行.
INFO: Run Behavior\ParseTemplateBehavior [ RunTime:0.014348s ]
INFO: [ view_parse ] --END-- [ RunTime:0.014389s ]
INFO: [ view_filter ] --START--
INFO: Run Behavior\WriteHtmlCacheBehavior [ RunTime:0.001406s ]
INFO: Run Behavior\TokenBuildBehavior [ RunTime:0.002407s ]
INFO: [ view_filter ] --END-- [ RunTime:0.004025s ]
INFO: [ app_end ] --START--
INFO: Run Behavior\ShowPageTraceBehavior [ RunTime:0.003806s ]
INFO: [ app_end ] --END-- [ RunTime:0.003893s ]

[ 2018-10-26T23:10:34+08:00 ] 127.0.0.1 /agent_Login_test
INFO: [ app_init ] --START--
INFO: Run Behavior\BuildLiteBehavior [ RunTime:0.000006s ]
INFO: [ app_init ] --END-- [ RunTime:0.000028s ]
INFO: [ app_begin ] --START--
INFO: Run Behavior\ReadHtmlCacheBehavior [ RunTime:0.000881s ]
INFO: Run Behavior\CheckLangBehavior [ RunTime:0.001287s ]
INFO: [ app_begin ] --END-- [ RunTime:0.002212s ]
SQL: SHOW COLUMNS FROM `pay_websiteconfig` [ RunTime:0.0129s ]
SQL: SELECT * FROM `pay_websiteconfig` LIMIT 1   [ RunTime:0.0005s ]
SQL: SHOW COLUMNS FROM `pay_product` [ RunTime:0.0018s ]
SQL: SELECT * FROM `pay_product` WHERE `isdisplay` = 1 AND `status` = 1  [ RunTime:0.0027s ]
INFO: [ view_parse ] --START--
INFO: [ template_filter ] --START--
INFO: Run Behavior\ContentReplaceBehavior [ RunTime:0.000034s ]
INFO: [ template_filter ] --END-- [ RunTime:0.000059s ]
NOTIC: [8] Undefined variable: products C:\work\juhe\Runtime\Cache\User\f8b656baee950fa8830647b73edc728c.php 第 73 行.
INFO: Run Behavior\ParseTemplateBehavior [ RunTime:0.006893s ]
INFO: [ view_parse ] --END-- [ RunTime:0.006922s ]
INFO: [ view_filter ] --START--
INFO: Run Behavior\WriteHtmlCacheBehavior [ RunTime:0.000659s ]
INFO: Run Behavior\TokenBuildBehavior [ RunTime:0.001178s ]
INFO: [ view_filter ] --END-- [ RunTime:0.001885s ]
INFO: [ app_end ] --START--
INFO: Run Behavior\ShowPageTraceBehavior [ RunTime:0.002080s ]
INFO: [ app_end ] --END-- [ RunTime:0.002150s ]

