[ 2018-12-25T14:25:17+08:00 ] 127.0.0.1 /user.html
INFO: [ app_init ] --START--
INFO: Run Behavior\BuildLiteBehavior [ RunTime:0.000006s ]
INFO: [ app_init ] --END-- [ RunTime:0.000030s ]
INFO: [ app_begin ] --START--
INFO: Run Behavior\ReadHtmlCacheBehavior [ RunTime:0.001518s ]
INFO: Run Behavior\CheckLangBehavior [ RunTime:0.001243s ]
INFO: [ app_begin ] --END-- [ RunTime:0.002817s ]
SQL: SHOW COLUMNS FROM `pay_websiteconfig` [ RunTime:0.0007s ]
SQL: SELECT * FROM `pay_websiteconfig` LIMIT 1   [ RunTime:0.0004s ]
SQL: SHOW COLUMNS FROM `pay_member` [ RunTime:0.0007s ]
SQL: SELECT `id` as uid,`username`,`password`,`groupid`,`parentid`,`salt`,`balance`,`blockedbalance`,`email`,`realname`,`authorized`,`apidomain`,`apikey`,`status`,`mobile`,`receiver`,`agent_cate`,`df_api`,`login_ip`,`open_charge`,`google_secret_key`,`session_random`,`regdatetime` FROM `pay_member` WHERE `id` = 118 LIMIT 1   [ RunTime:0.0004s ]
INFO: [ view_parse ] --START--
INFO: [ template_filter ] --START--
INFO: Run Behavior\ContentReplaceBehavior [ RunTime:0.000036s ]
INFO: [ template_filter ] --END-- [ RunTime:0.000055s ]
NOTIC: [2] Use of undefined constant agent_cate - assumed 'agent_cate' (this will throw an Error in a future version of PHP) C:\work\juhe\Runtime\Cache\User\d7a7632f153cf12d0db44c934c28bcfe.php 第 53 行.
NOTIC: [2] Use of undefined constant groupid - assumed 'groupid' (this will throw an Error in a future version of PHP) C:\work\juhe\Runtime\Cache\User\d7a7632f153cf12d0db44c934c28bcfe.php 第 58 行.
NOTIC: [2] Use of undefined constant groupid - assumed 'groupid' (this will throw an Error in a future version of PHP) C:\work\juhe\Runtime\Cache\User\d7a7632f153cf12d0db44c934c28bcfe.php 第 70 行.
NOTIC: [2] Use of undefined constant open_charge - assumed 'open_charge' (this will throw an Error in a future version of PHP) C:\work\juhe\Runtime\Cache\User\d7a7632f153cf12d0db44c934c28bcfe.php 第 70 行.
NOTIC: [2] Use of undefined constant groupid - assumed 'groupid' (this will throw an Error in a future version of PHP) C:\work\juhe\Runtime\Cache\User\d7a7632f153cf12d0db44c934c28bcfe.php 第 103 行.
NOTIC: [2] Use of undefined constant df_api - assumed 'df_api' (this will throw an Error in a future version of PHP) C:\work\juhe\Runtime\Cache\User\d7a7632f153cf12d0db44c934c28bcfe.php 第 120 行.
NOTIC: [2] Use of undefined constant groupid - assumed 'groupid' (this will throw an Error in a future version of PHP) C:\work\juhe\Runtime\Cache\User\d7a7632f153cf12d0db44c934c28bcfe.php 第 123 行.
NOTIC: [2] Use of undefined constant groupid - assumed 'groupid' (this will throw an Error in a future version of PHP) C:\work\juhe\Runtime\Cache\User\d7a7632f153cf12d0db44c934c28bcfe.php 第 131 行.
NOTIC: [2] Use of undefined constant groupid - assumed 'groupid' (this will throw an Error in a future version of PHP) C:\work\juhe\Runtime\Cache\User\d7a7632f153cf12d0db44c934c28bcfe.php 第 145 行.
NOTIC: [2] Use of undefined constant groupid - assumed 'groupid' (this will throw an Error in a future version of PHP) C:\work\juhe\Runtime\Cache\User\d7a7632f153cf12d0db44c934c28bcfe.php 第 159 行.
INFO: Run Behavior\ParseTemplateBehavior [ RunTime:0.007542s ]
INFO: [ view_parse ] --END-- [ RunTime:0.007560s ]
INFO: [ view_filter ] --START--
INFO: Run Behavior\WriteHtmlCacheBehavior [ RunTime:0.000525s ]
INFO: Run Behavior\TokenBuildBehavior [ RunTime:0.001104s ]
INFO: [ view_filter ] --END-- [ RunTime:0.001655s ]
INFO: [ app_end ] --START--
INFO: Run Behavior\ShowPageTraceBehavior [ RunTime:0.000694s ]
INFO: [ app_end ] --END-- [ RunTime:0.000713s ]

[ 2018-12-25T14:25:17+08:00 ] 127.0.0.1 /agent_Index_main.html
INFO: [ app_init ] --START--
INFO: Run Behavior\BuildLiteBehavior [ RunTime:0.000003s ]
INFO: [ app_init ] --END-- [ RunTime:0.000024s ]
INFO: [ app_begin ] --START--
INFO: Run Behavior\ReadHtmlCacheBehavior [ RunTime:0.000678s ]
INFO: Run Behavior\CheckLangBehavior [ RunTime:0.001019s ]
INFO: [ app_begin ] --END-- [ RunTime:0.001750s ]
SQL: SHOW COLUMNS FROM `pay_websiteconfig` [ RunTime:0.0007s ]
SQL: SELECT * FROM `pay_websiteconfig` LIMIT 1   [ RunTime:0.0003s ]
SQL: SHOW COLUMNS FROM `pay_member` [ RunTime:0.0007s ]
SQL: SELECT `id` as uid,`username`,`password`,`groupid`,`parentid`,`salt`,`balance`,`blockedbalance`,`email`,`realname`,`authorized`,`apidomain`,`apikey`,`status`,`mobile`,`receiver`,`agent_cate`,`df_api`,`login_ip`,`open_charge`,`google_secret_key`,`session_random`,`regdatetime` FROM `pay_member` WHERE `id` = 118 LIMIT 1   [ RunTime:0.0006s ]
SQL: SHOW COLUMNS FROM `pay_order` [ RunTime:0.0026s ]
SQL: SELECT SUM( pay_actualamount ) AS total, FROM_UNIXTIME( pay_successdate,  '%Y-%m-%d' ) AS DATETIME
FROM pay_order WHERE pay_successdate >= UNIX_TIMESTAMP(  '2018-12-01' ) AND pay_successdate < UNIX_TIMESTAMP(  '2018-12-31' ) AND pay_status>=1 AND pay_memberid=10118  GROUP BY DATETIME [ RunTime:0.0211s ]
SQL: SELECT COUNT( id ) AS num, FROM_UNIXTIME( pay_successdate,  '%Y-%m-%d' ) AS DATETIME
FROM pay_order WHERE pay_successdate >= UNIX_TIMESTAMP(  '2018-12-01' ) AND pay_successdate < UNIX_TIMESTAMP(  '2018-12-31' ) AND pay_status>=1 AND pay_memberid=10118  GROUP BY DATETIME [ RunTime:0.0162s ]
SQL: SHOW COLUMNS FROM `pay_article` [ RunTime:0.0021s ]
SQL: SELECT * FROM `pay_article` WHERE `status` = 1 AND `groupid` IN ('0','1') ORDER BY id desc LIMIT 2   [ RunTime:0.0002s ]
SQL: SHOW COLUMNS FROM `pay_loginrecord` [ RunTime:0.0012s ]
SQL: SELECT * FROM `pay_loginrecord` WHERE `userid` = 118 ORDER BY id desc LIMIT 2   [ RunTime:0.0004s ]
SQL: SELECT COUNT(*) AS tp_count FROM `pay_order` WHERE `pay_memberid` = 10118 AND `pay_applydate` BETWEEN 1545667200 AND 1545753599 LIMIT 1   [ RunTime:0.0165s ]
SQL: SELECT COUNT(*) AS tp_count FROM `pay_order` WHERE `pay_memberid` = 10118 AND `pay_successdate` BETWEEN 1545667200 AND 1545753599 AND `pay_status` IN ('1','2') LIMIT 1   [ RunTime:0.0128s ]
SQL: SELECT COUNT(*) AS tp_count FROM `pay_order` WHERE `pay_memberid` = 10118 AND `pay_applydate` BETWEEN 1545667200 AND 1545753599 AND `pay_status` = 0 LIMIT 1   [ RunTime:0.0137s ]
SQL: SELECT SUM(pay_amount) AS tp_sum FROM `pay_order` WHERE `pay_memberid` = 10118 AND `pay_applydate` BETWEEN 1545667200 AND 1545753599 LIMIT 1   [ RunTime:0.0137s ]
SQL: SELECT SUM(pay_amount) AS tp_sum FROM `pay_order` WHERE `pay_memberid` = 10118 AND `pay_successdate` BETWEEN 1545667200 AND 1545753599 AND `pay_status` IN ('1','2') LIMIT 1   [ RunTime:0.0132s ]
SQL: SELECT SUM(pay_poundage) AS tp_sum FROM `pay_order` WHERE `pay_memberid` = 10118 AND `pay_successdate` BETWEEN 1545667200 AND 1545753599 AND `pay_status` IN ('1','2') LIMIT 1   [ RunTime:0.0136s ]
NOTIC: [8] Undefined variable: ipItem C:\work\juhe\Application\User\Controller\IndexController.class.php 第 100 行.
INFO: [ view_parse ] --START--
INFO: [ template_filter ] --START--
INFO: Run Behavior\ContentReplaceBehavior [ RunTime:0.000030s ]
INFO: [ template_filter ] --END-- [ RunTime:0.000046s ]
NOTIC: [2] Use of undefined constant groupid - assumed 'groupid' (this will throw an Error in a future version of PHP) C:\work\juhe\Runtime\Cache\User\0a2302724c4cbc626c8639028f086c96.php 第 37 行.
NOTIC: [2] Use of undefined constant groupid - assumed 'groupid' (this will throw an Error in a future version of PHP) C:\work\juhe\Runtime\Cache\User\0a2302724c4cbc626c8639028f086c96.php 第 95 行.
INFO: Run Behavior\ParseTemplateBehavior [ RunTime:0.006332s ]
INFO: [ view_parse ] --END-- [ RunTime:0.006355s ]
INFO: [ view_filter ] --START--
INFO: Run Behavior\WriteHtmlCacheBehavior [ RunTime:0.001641s ]
INFO: Run Behavior\TokenBuildBehavior [ RunTime:0.001439s ]
INFO: [ view_filter ] --END-- [ RunTime:0.003214s ]
INFO: [ app_end ] --START--
INFO: Run Behavior\ShowPageTraceBehavior [ RunTime:0.000825s ]
INFO: [ app_end ] --END-- [ RunTime:0.000850s ]

[ 2018-12-25T14:25:32+08:00 ] 127.0.0.1 /user.html
INFO: [ app_init ] --START--
INFO: Run Behavior\BuildLiteBehavior [ RunTime:0.000014s ]
INFO: [ app_init ] --END-- [ RunTime:0.000055s ]
INFO: [ app_begin ] --START--
INFO: Run Behavior\ReadHtmlCacheBehavior [ RunTime:0.001010s ]
INFO: Run Behavior\CheckLangBehavior [ RunTime:0.001692s ]
INFO: [ app_begin ] --END-- [ RunTime:0.002769s ]
SQL: SHOW COLUMNS FROM `pay_websiteconfig` [ RunTime:0.0036s ]
SQL: SELECT * FROM `pay_websiteconfig` LIMIT 1   [ RunTime:0.0012s ]
SQL: SHOW COLUMNS FROM `pay_member` [ RunTime:0.0012s ]
SQL: SELECT `id` as uid,`username`,`password`,`groupid`,`parentid`,`salt`,`balance`,`blockedbalance`,`email`,`realname`,`authorized`,`apidomain`,`apikey`,`status`,`mobile`,`receiver`,`agent_cate`,`df_api`,`login_ip`,`open_charge`,`google_secret_key`,`session_random`,`regdatetime` FROM `pay_member` WHERE `id` = 112 LIMIT 1   [ RunTime:0.0006s ]
INFO: [ view_parse ] --START--
INFO: [ template_filter ] --START--
INFO: Run Behavior\ContentReplaceBehavior [ RunTime:0.000048s ]
INFO: [ template_filter ] --END-- [ RunTime:0.000075s ]
NOTIC: [2] Use of undefined constant agent_cate - assumed 'agent_cate' (this will throw an Error in a future version of PHP) C:\work\juhe\Runtime\Cache\User\d7a7632f153cf12d0db44c934c28bcfe.php 第 53 行.
NOTIC: [2] Use of undefined constant groupid - assumed 'groupid' (this will throw an Error in a future version of PHP) C:\work\juhe\Runtime\Cache\User\d7a7632f153cf12d0db44c934c28bcfe.php 第 58 行.
NOTIC: [2] Use of undefined constant groupid - assumed 'groupid' (this will throw an Error in a future version of PHP) C:\work\juhe\Runtime\Cache\User\d7a7632f153cf12d0db44c934c28bcfe.php 第 70 行.
NOTIC: [2] Use of undefined constant open_charge - assumed 'open_charge' (this will throw an Error in a future version of PHP) C:\work\juhe\Runtime\Cache\User\d7a7632f153cf12d0db44c934c28bcfe.php 第 70 行.
NOTIC: [2] Use of undefined constant groupid - assumed 'groupid' (this will throw an Error in a future version of PHP) C:\work\juhe\Runtime\Cache\User\d7a7632f153cf12d0db44c934c28bcfe.php 第 103 行.
NOTIC: [2] Use of undefined constant df_api - assumed 'df_api' (this will throw an Error in a future version of PHP) C:\work\juhe\Runtime\Cache\User\d7a7632f153cf12d0db44c934c28bcfe.php 第 120 行.
NOTIC: [2] Use of undefined constant groupid - assumed 'groupid' (this will throw an Error in a future version of PHP) C:\work\juhe\Runtime\Cache\User\d7a7632f153cf12d0db44c934c28bcfe.php 第 123 行.
NOTIC: [2] Use of undefined constant groupid - assumed 'groupid' (this will throw an Error in a future version of PHP) C:\work\juhe\Runtime\Cache\User\d7a7632f153cf12d0db44c934c28bcfe.php 第 131 行.
NOTIC: [2] Use of undefined constant groupid - assumed 'groupid' (this will throw an Error in a future version of PHP) C:\work\juhe\Runtime\Cache\User\d7a7632f153cf12d0db44c934c28bcfe.php 第 145 行.
NOTIC: [2] Use of undefined constant groupid - assumed 'groupid' (this will throw an Error in a future version of PHP) C:\work\juhe\Runtime\Cache\User\d7a7632f153cf12d0db44c934c28bcfe.php 第 159 行.
INFO: Run Behavior\ParseTemplateBehavior [ RunTime:0.010237s ]
INFO: [ view_parse ] --END-- [ RunTime:0.010266s ]
INFO: [ view_filter ] --START--
INFO: Run Behavior\WriteHtmlCacheBehavior [ RunTime:0.000586s ]
INFO: Run Behavior\TokenBuildBehavior [ RunTime:0.001268s ]
INFO: [ view_filter ] --END-- [ RunTime:0.001920s ]
INFO: [ app_end ] --START--
INFO: Run Behavior\ShowPageTraceBehavior [ RunTime:0.001495s ]
INFO: [ app_end ] --END-- [ RunTime:0.001558s ]

[ 2018-12-25T14:25:33+08:00 ] 127.0.0.1 /agent_Index_main.html
INFO: [ app_init ] --START--
INFO: Run Behavior\BuildLiteBehavior [ RunTime:0.000006s ]
INFO: [ app_init ] --END-- [ RunTime:0.000030s ]
INFO: [ app_begin ] --START--
INFO: Run Behavior\ReadHtmlCacheBehavior [ RunTime:0.000654s ]
INFO: Run Behavior\CheckLangBehavior [ RunTime:0.000958s ]
INFO: [ app_begin ] --END-- [ RunTime:0.001651s ]
SQL: SHOW COLUMNS FROM `pay_websiteconfig` [ RunTime:0.0006s ]
SQL: SELECT * FROM `pay_websiteconfig` LIMIT 1   [ RunTime:0.0003s ]
SQL: SHOW COLUMNS FROM `pay_member` [ RunTime:0.0008s ]
SQL: SELECT `id` as uid,`username`,`password`,`groupid`,`parentid`,`salt`,`balance`,`blockedbalance`,`email`,`realname`,`authorized`,`apidomain`,`apikey`,`status`,`mobile`,`receiver`,`agent_cate`,`df_api`,`login_ip`,`open_charge`,`google_secret_key`,`session_random`,`regdatetime` FROM `pay_member` WHERE `id` = 112 LIMIT 1   [ RunTime:0.0005s ]
SQL: SHOW COLUMNS FROM `pay_order` [ RunTime:0.0042s ]
SQL: SELECT SUM( pay_actualamount ) AS total, FROM_UNIXTIME( pay_successdate,  '%Y-%m-%d' ) AS DATETIME
FROM pay_order WHERE pay_successdate >= UNIX_TIMESTAMP(  '2018-12-01' ) AND pay_successdate < UNIX_TIMESTAMP(  '2018-12-31' ) AND pay_status>=1 AND pay_memberid=10112  GROUP BY DATETIME [ RunTime:0.0136s ]
SQL: SELECT COUNT( id ) AS num, FROM_UNIXTIME( pay_successdate,  '%Y-%m-%d' ) AS DATETIME
FROM pay_order WHERE pay_successdate >= UNIX_TIMESTAMP(  '2018-12-01' ) AND pay_successdate < UNIX_TIMESTAMP(  '2018-12-31' ) AND pay_status>=1 AND pay_memberid=10112  GROUP BY DATETIME [ RunTime:0.0143s ]
SQL: SHOW COLUMNS FROM `pay_article` [ RunTime:0.0013s ]
SQL: SELECT * FROM `pay_article` WHERE `status` = 1 AND `groupid` IN ('0','1') ORDER BY id desc LIMIT 2   [ RunTime:0.0003s ]
SQL: SHOW COLUMNS FROM `pay_loginrecord` [ RunTime:0.0011s ]
SQL: SELECT * FROM `pay_loginrecord` WHERE `userid` = 112 ORDER BY id desc LIMIT 2   [ RunTime:0.0049s ]
SQL: SELECT COUNT(*) AS tp_count FROM `pay_order` WHERE `pay_memberid` = 10112 AND `pay_applydate` BETWEEN 1545667200 AND 1545753599 LIMIT 1   [ RunTime:0.0137s ]
SQL: SELECT COUNT(*) AS tp_count FROM `pay_order` WHERE `pay_memberid` = 10112 AND `pay_successdate` BETWEEN 1545667200 AND 1545753599 AND `pay_status` IN ('1','2') LIMIT 1   [ RunTime:0.0133s ]
SQL: SELECT COUNT(*) AS tp_count FROM `pay_order` WHERE `pay_memberid` = 10112 AND `pay_applydate` BETWEEN 1545667200 AND 1545753599 AND `pay_status` = 0 LIMIT 1   [ RunTime:0.0135s ]
SQL: SELECT SUM(pay_amount) AS tp_sum FROM `pay_order` WHERE `pay_memberid` = 10112 AND `pay_applydate` BETWEEN 1545667200 AND 1545753599 LIMIT 1   [ RunTime:0.0147s ]
SQL: SELECT SUM(pay_amount) AS tp_sum FROM `pay_order` WHERE `pay_memberid` = 10112 AND `pay_successdate` BETWEEN 1545667200 AND 1545753599 AND `pay_status` IN ('1','2') LIMIT 1   [ RunTime:0.0129s ]
SQL: SELECT SUM(pay_poundage) AS tp_sum FROM `pay_order` WHERE `pay_memberid` = 10112 AND `pay_successdate` BETWEEN 1545667200 AND 1545753599 AND `pay_status` IN ('1','2') LIMIT 1   [ RunTime:0.0128s ]
NOTIC: [8] Undefined variable: ipItem C:\work\juhe\Application\User\Controller\IndexController.class.php 第 100 行.
INFO: [ view_parse ] --START--
INFO: [ template_filter ] --START--
INFO: Run Behavior\ContentReplaceBehavior [ RunTime:0.000044s ]
INFO: [ template_filter ] --END-- [ RunTime:0.000078s ]
NOTIC: [2] Illegal string offset 'loginip' C:\work\juhe\Runtime\Cache\User\0a2302724c4cbc626c8639028f086c96.php 第 29 行.
NOTIC: [8] Uninitialized string offset: 0 C:\work\juhe\Runtime\Cache\User\0a2302724c4cbc626c8639028f086c96.php 第 29 行.
NOTIC: [2] Illegal string offset 'loginaddress' C:\work\juhe\Runtime\Cache\User\0a2302724c4cbc626c8639028f086c96.php 第 29 行.
NOTIC: [8] Uninitialized string offset: 0 C:\work\juhe\Runtime\Cache\User\0a2302724c4cbc626c8639028f086c96.php 第 29 行.
NOTIC: [2] Illegal string offset 'logindatetime' C:\work\juhe\Runtime\Cache\User\0a2302724c4cbc626c8639028f086c96.php 第 29 行.
NOTIC: [8] Uninitialized string offset: 0 C:\work\juhe\Runtime\Cache\User\0a2302724c4cbc626c8639028f086c96.php 第 29 行.
NOTIC: [2] Use of undefined constant groupid - assumed 'groupid' (this will throw an Error in a future version of PHP) C:\work\juhe\Runtime\Cache\User\0a2302724c4cbc626c8639028f086c96.php 第 37 行.
NOTIC: [2] Use of undefined constant groupid - assumed 'groupid' (this will throw an Error in a future version of PHP) C:\work\juhe\Runtime\Cache\User\0a2302724c4cbc626c8639028f086c96.php 第 95 行.
INFO: Run Behavior\ParseTemplateBehavior [ RunTime:0.007572s ]
INFO: [ view_parse ] --END-- [ RunTime:0.007600s ]
INFO: [ view_filter ] --START--
INFO: Run Behavior\WriteHtmlCacheBehavior [ RunTime:0.000550s ]
INFO: Run Behavior\TokenBuildBehavior [ RunTime:0.001074s ]
INFO: [ view_filter ] --END-- [ RunTime:0.001651s ]
INFO: [ app_end ] --START--
INFO: Run Behavior\ShowPageTraceBehavior [ RunTime:0.000730s ]
INFO: [ app_end ] --END-- [ RunTime:0.000749s ]

[ 2018-12-25T14:25:39+08:00 ] 127.0.0.1 /agent_Withdrawal_dfapply.html
INFO: [ app_init ] --START--
INFO: Run Behavior\BuildLiteBehavior [ RunTime:0.000006s ]
INFO: [ app_init ] --END-- [ RunTime:0.000030s ]
INFO: [ app_begin ] --START--
INFO: Run Behavior\ReadHtmlCacheBehavior [ RunTime:0.000671s ]
INFO: Run Behavior\CheckLangBehavior [ RunTime:0.001013s ]
INFO: [ app_begin ] --END-- [ RunTime:0.001720s ]
SQL: SHOW COLUMNS FROM `pay_websiteconfig` [ RunTime:0.0006s ]
SQL: SELECT * FROM `pay_websiteconfig` LIMIT 1   [ RunTime:0.0003s ]
SQL: SHOW COLUMNS FROM `pay_member` [ RunTime:0.0006s ]
SQL: SELECT `id` as uid,`username`,`password`,`groupid`,`parentid`,`salt`,`balance`,`blockedbalance`,`email`,`realname`,`authorized`,`apidomain`,`apikey`,`status`,`mobile`,`receiver`,`agent_cate`,`df_api`,`login_ip`,`open_charge`,`google_secret_key`,`session_random`,`regdatetime` FROM `pay_member` WHERE `id` = 112 LIMIT 1   [ RunTime:0.0003s ]
SQL: SHOW COLUMNS FROM `pay_sms` [ RunTime:0.0014s ]
SQL: SELECT * FROM `pay_sms` LIMIT 1   [ RunTime:0.0003s ]
SQL: SHOW COLUMNS FROM `pay_tikuanconfig` [ RunTime:0.0013s ]
SQL: SELECT * FROM `pay_tikuanconfig` WHERE `userid` = 112 LIMIT 1   [ RunTime:0.0004s ]
SQL: SELECT * FROM `pay_tikuanconfig` WHERE `issystem` = 1 LIMIT 1   [ RunTime:0.0003s ]
SQL: SELECT * FROM `pay_member` WHERE `id` = 112 LIMIT 1   [ RunTime:0.0009s ]
SQL: SHOW COLUMNS FROM `pay_bankcard` [ RunTime:0.0030s ]
SQL: SELECT * FROM `pay_bankcard` WHERE `userid` = 112  [ RunTime:0.0012s ]
SQL: SHOW COLUMNS FROM `pay_pay_for_another` [ RunTime:0.0006s ]
SQL: SELECT `id` FROM `pay_pay_for_another` WHERE `status` = 1  [ RunTime:0.0003s ]
SQL: SHOW COLUMNS FROM `pay_pay_channel_extend_fields` [ RunTime:0.0019s ]
SQL: SELECT * FROM `pay_pay_channel_extend_fields` WHERE `channel_id` IN ('3','4','5','6','7','8')  [ RunTime:0.0011s ]
INFO: [ view_parse ] --START--
INFO: [ template_filter ] --START--
INFO: Run Behavior\ContentReplaceBehavior [ RunTime:0.000035s ]
INFO: [ template_filter ] --END-- [ RunTime:0.000054s ]
NOTIC: [2] Use of undefined constant t1zt - assumed 't1zt' (this will throw an Error in a future version of PHP) C:\work\juhe\Runtime\Cache\User\f3c17be63daebf8c6385df5e9685e289.php 第 37 行.
NOTIC: [8] Undefined variable: sendUrl C:\work\juhe\Runtime\Cache\User\f3c17be63daebf8c6385df5e9685e289.php 第 107 行.
INFO: Run Behavior\ParseTemplateBehavior [ RunTime:0.016427s ]
INFO: [ view_parse ] --END-- [ RunTime:0.016448s ]
INFO: [ view_filter ] --START--
INFO: Run Behavior\WriteHtmlCacheBehavior [ RunTime:0.000545s ]
INFO: Run Behavior\TokenBuildBehavior [ RunTime:0.001049s ]
INFO: [ view_filter ] --END-- [ RunTime:0.001621s ]
INFO: [ app_end ] --START--
INFO: Run Behavior\ShowPageTraceBehavior [ RunTime:0.000704s ]
INFO: [ app_end ] --END-- [ RunTime:0.000724s ]

[ 2018-12-25T14:25:39+08:00 ] 127.0.0.1 /agent_Withdrawal_getsxf.html
INFO: [ app_init ] --START--
INFO: Run Behavior\BuildLiteBehavior [ RunTime:0.000017s ]
INFO: [ app_init ] --END-- [ RunTime:0.000088s ]
INFO: [ app_begin ] --START--
INFO: Run Behavior\ReadHtmlCacheBehavior [ RunTime:0.000667s ]
INFO: Run Behavior\CheckLangBehavior [ RunTime:0.001165s ]
INFO: [ app_begin ] --END-- [ RunTime:0.001871s ]
SQL: SHOW COLUMNS FROM `pay_websiteconfig` [ RunTime:0.0006s ]
SQL: SELECT * FROM `pay_websiteconfig` LIMIT 1   [ RunTime:0.0004s ]
SQL: SHOW COLUMNS FROM `pay_member` [ RunTime:0.0006s ]
SQL: SELECT `id` as uid,`username`,`password`,`groupid`,`parentid`,`salt`,`balance`,`blockedbalance`,`email`,`realname`,`authorized`,`apidomain`,`apikey`,`status`,`mobile`,`receiver`,`agent_cate`,`df_api`,`login_ip`,`open_charge`,`google_secret_key`,`session_random`,`regdatetime` FROM `pay_member` WHERE `id` = 112 LIMIT 1   [ RunTime:0.0004s ]
SQL: SHOW COLUMNS FROM `pay_tikuanconfig` [ RunTime:0.0012s ]
SQL: SELECT * FROM `pay_tikuanconfig` LIMIT 1   [ RunTime:0.0003s ]
NOTIC: [2] A non-numeric value encountered C:\work\juhe\Application\User\Controller\WithdrawalController.class.php 第 1778 行.

[ 2018-12-25T14:25:39+08:00 ] 127.0.0.1 /agent_Withdrawal_getallmoney.html
INFO: [ app_init ] --START--
INFO: Run Behavior\BuildLiteBehavior [ RunTime:0.000005s ]
INFO: [ app_init ] --END-- [ RunTime:0.000028s ]
INFO: [ app_begin ] --START--
INFO: Run Behavior\ReadHtmlCacheBehavior [ RunTime:0.000751s ]
INFO: Run Behavior\CheckLangBehavior [ RunTime:0.001436s ]
INFO: [ app_begin ] --END-- [ RunTime:0.002232s ]
SQL: SHOW COLUMNS FROM `pay_websiteconfig` [ RunTime:0.0009s ]
SQL: SELECT * FROM `pay_websiteconfig` LIMIT 1   [ RunTime:0.0009s ]
SQL: SHOW COLUMNS FROM `pay_member` [ RunTime:0.0018s ]
SQL: SELECT `id` as uid,`username`,`password`,`groupid`,`parentid`,`salt`,`balance`,`blockedbalance`,`email`,`realname`,`authorized`,`apidomain`,`apikey`,`status`,`mobile`,`receiver`,`agent_cate`,`df_api`,`login_ip`,`open_charge`,`google_secret_key`,`session_random`,`regdatetime` FROM `pay_member` WHERE `id` = 112 LIMIT 1   [ RunTime:0.0004s ]
SQL: SHOW COLUMNS FROM `pay_tikuanconfig` [ RunTime:0.0006s ]
SQL: SELECT * FROM `pay_tikuanconfig` LIMIT 1   [ RunTime:0.0003s ]
NOTIC: [2] A non-numeric value encountered C:\work\juhe\Application\User\Controller\WithdrawalController.class.php 第 1799 行.

[ 2018-12-25T14:25:44+08:00 ] 127.0.0.1 /agent_Withdrawal_getallmoney.html
INFO: [ app_init ] --START--
INFO: Run Behavior\BuildLiteBehavior [ RunTime:0.000005s ]
INFO: [ app_init ] --END-- [ RunTime:0.000029s ]
INFO: [ app_begin ] --START--
INFO: Run Behavior\ReadHtmlCacheBehavior [ RunTime:0.000744s ]
INFO: Run Behavior\CheckLangBehavior [ RunTime:0.001134s ]
INFO: [ app_begin ] --END-- [ RunTime:0.001912s ]
SQL: SHOW COLUMNS FROM `pay_websiteconfig` [ RunTime:0.0006s ]
SQL: SELECT * FROM `pay_websiteconfig` LIMIT 1   [ RunTime:0.0004s ]
SQL: SHOW COLUMNS FROM `pay_member` [ RunTime:0.0017s ]
SQL: SELECT `id` as uid,`username`,`password`,`groupid`,`parentid`,`salt`,`balance`,`blockedbalance`,`email`,`realname`,`authorized`,`apidomain`,`apikey`,`status`,`mobile`,`receiver`,`agent_cate`,`df_api`,`login_ip`,`open_charge`,`google_secret_key`,`session_random`,`regdatetime` FROM `pay_member` WHERE `id` = 112 LIMIT 1   [ RunTime:0.0005s ]
SQL: SHOW COLUMNS FROM `pay_tikuanconfig` [ RunTime:0.0006s ]
SQL: SELECT * FROM `pay_tikuanconfig` LIMIT 1   [ RunTime:0.0003s ]

[ 2018-12-25T14:25:44+08:00 ] 127.0.0.1 /agent_Withdrawal_getsxf.html
INFO: [ app_init ] --START--
INFO: Run Behavior\BuildLiteBehavior [ RunTime:0.000006s ]
INFO: [ app_init ] --END-- [ RunTime:0.000036s ]
INFO: [ app_begin ] --START--
INFO: Run Behavior\ReadHtmlCacheBehavior [ RunTime:0.000775s ]
INFO: Run Behavior\CheckLangBehavior [ RunTime:0.001132s ]
INFO: [ app_begin ] --END-- [ RunTime:0.001941s ]
SQL: SHOW COLUMNS FROM `pay_websiteconfig` [ RunTime:0.0007s ]
SQL: SELECT * FROM `pay_websiteconfig` LIMIT 1   [ RunTime:0.0004s ]
SQL: SHOW COLUMNS FROM `pay_member` [ RunTime:0.0007s ]
SQL: SELECT `id` as uid,`username`,`password`,`groupid`,`parentid`,`salt`,`balance`,`blockedbalance`,`email`,`realname`,`authorized`,`apidomain`,`apikey`,`status`,`mobile`,`receiver`,`agent_cate`,`df_api`,`login_ip`,`open_charge`,`google_secret_key`,`session_random`,`regdatetime` FROM `pay_member` WHERE `id` = 112 LIMIT 1   [ RunTime:0.0004s ]
SQL: SHOW COLUMNS FROM `pay_tikuanconfig` [ RunTime:0.0022s ]
SQL: SELECT * FROM `pay_tikuanconfig` LIMIT 1   [ RunTime:0.0011s ]

[ 2018-12-25T14:25:54+08:00 ] 127.0.0.1 /agent_Withdrawal_dfsave.html
INFO: [ app_init ] --START--
INFO: Run Behavior\BuildLiteBehavior [ RunTime:0.000005s ]
INFO: [ app_init ] --END-- [ RunTime:0.000026s ]
INFO: [ app_begin ] --START--
INFO: Run Behavior\ReadHtmlCacheBehavior [ RunTime:0.000723s ]
INFO: Run Behavior\CheckLangBehavior [ RunTime:0.001022s ]
INFO: [ app_begin ] --END-- [ RunTime:0.001776s ]
SQL: SHOW COLUMNS FROM `pay_websiteconfig` [ RunTime:0.0007s ]
SQL: SELECT * FROM `pay_websiteconfig` LIMIT 1   [ RunTime:0.0004s ]
SQL: SHOW COLUMNS FROM `pay_member` [ RunTime:0.0006s ]
SQL: SELECT `id` as uid,`username`,`password`,`groupid`,`parentid`,`salt`,`balance`,`blockedbalance`,`email`,`realname`,`authorized`,`apidomain`,`apikey`,`status`,`mobile`,`receiver`,`agent_cate`,`df_api`,`login_ip`,`open_charge`,`google_secret_key`,`session_random`,`regdatetime` FROM `pay_member` WHERE `id` = 112 LIMIT 1   [ RunTime:0.0004s ]
SQL: SELECT * FROM `pay_member` WHERE `id` = 112 LIMIT 1   FOR UPDATE  [ RunTime:0.0004s ]
SQL: SHOW COLUMNS FROM `pay_sms` [ RunTime:0.0013s ]
SQL: SELECT * FROM `pay_sms` LIMIT 1   [ RunTime:0.0003s ]
SQL: SHOW COLUMNS FROM `pay_tikuanholiday` [ RunTime:0.0012s ]
SQL: SELECT `datetime` FROM `pay_tikuanholiday` LIMIT 366   [ RunTime:0.0003s ]
SQL: SHOW COLUMNS FROM `pay_tikuanconfig` [ RunTime:0.0012s ]
SQL: SELECT * FROM `pay_tikuanconfig` WHERE `userid` = 112 AND `tkzt` = 1 LIMIT 1   [ RunTime:0.0003s ]
SQL: SELECT * FROM `pay_tikuanconfig` WHERE `issystem` = 1 AND `tkzt` = 1 LIMIT 1   [ RunTime:0.0003s ]
SQL: SHOW COLUMNS FROM `pay_tklist` [ RunTime:0.0014s ]
SQL: SELECT COUNT(*) AS tp_count FROM `pay_tklist` WHERE `userid` = 112 AND `sqdatetime` BETWEEN '2018-12-25 00:00:00' AND '2018-12-25 23:59:59' LIMIT 1   [ RunTime:0.0019s ]
SQL: SELECT SUM(tkmoney) AS tp_sum FROM `pay_tklist` WHERE `userid` = 112 AND `sqdatetime` BETWEEN '2018-12-25 00:00:00' AND '2018-12-25 23:59:59' LIMIT 1   [ RunTime:0.0003s ]
SQL: SHOW COLUMNS FROM `pay_wttklist` [ RunTime:0.0006s ]
SQL: SELECT COUNT(*) AS tp_count FROM `pay_wttklist` WHERE `userid` = 112 AND `sqdatetime` BETWEEN '2018-12-25 00:00:00' AND '2018-12-25 23:59:59' LIMIT 1   [ RunTime:0.0005s ]
SQL: SELECT SUM(tkmoney) AS tp_sum FROM `pay_wttklist` WHERE `userid` = 112 AND `sqdatetime` BETWEEN '2018-12-25 00:00:00' AND '2018-12-25 23:59:59' LIMIT 1   [ RunTime:0.0005s ]
SQL: SHOW COLUMNS FROM `pay_bankcard` [ RunTime:0.0014s ]
SQL: SELECT * FROM `pay_bankcard` WHERE `id` = 211 AND `userid` = 112 LIMIT 1   [ RunTime:0.0004s ]
NOTIC: [8] Undefined index: additional C:\work\juhe\Application\User\Controller\WithdrawalController.class.php 第 1730 行.
SQL: UPDATE `pay_member` SET `balance`='678.74' WHERE `id` = 112 [ RunTime:0.0005s ]
SQL: INSERT INTO `pay_wttklist` (`orderid`,`bankname`,`bankzhiname`,`banknumber`,`bankfullname`,`sheng`,`shi`,`userid`,`sqdatetime`,`status`,`t`,`tkmoney`,`sxfmoney`,`money`,`additional`,`extends`) VALUES ('H1225191540995229','兴业银行','高新园支行','622908333044406998','蔡晓丽','广东','深圳','112','2018-12-25 14:25:54','0','0','100','3','100','','') [ RunTime:0.0007s ]
SQL: SHOW COLUMNS FROM `pay_moneychange` [ RunTime:0.0015s ]
SQL: INSERT INTO `pay_moneychange` (`userid`,`ymoney`,`money`,`gmoney`,`datetime`,`transid`,`orderid`,`lx`,`contentstr`) VALUES ('112','781.7450','103','678.74','2018-12-25 14:25:54','H1225191540995229','H1225191540995229','6','2018-12-25 14:25:54委托提现操作') [ RunTime:0.0003s ]

[ 2018-12-25T14:25:55+08:00 ] 127.0.0.1 /agent_Withdrawal_dfapply.html
INFO: [ app_init ] --START--
INFO: Run Behavior\BuildLiteBehavior [ RunTime:0.000005s ]
INFO: [ app_init ] --END-- [ RunTime:0.000032s ]
INFO: [ app_begin ] --START--
INFO: Run Behavior\ReadHtmlCacheBehavior [ RunTime:0.000709s ]
INFO: Run Behavior\CheckLangBehavior [ RunTime:0.001200s ]
INFO: [ app_begin ] --END-- [ RunTime:0.001954s ]
SQL: SHOW COLUMNS FROM `pay_websiteconfig` [ RunTime:0.0046s ]
SQL: SELECT * FROM `pay_websiteconfig` LIMIT 1   [ RunTime:0.0004s ]
SQL: SHOW COLUMNS FROM `pay_member` [ RunTime:0.0095s ]
SQL: SELECT `id` as uid,`username`,`password`,`groupid`,`parentid`,`salt`,`balance`,`blockedbalance`,`email`,`realname`,`authorized`,`apidomain`,`apikey`,`status`,`mobile`,`receiver`,`agent_cate`,`df_api`,`login_ip`,`open_charge`,`google_secret_key`,`session_random`,`regdatetime` FROM `pay_member` WHERE `id` = 112 LIMIT 1   [ RunTime:0.0005s ]
SQL: SHOW COLUMNS FROM `pay_sms` [ RunTime:0.0027s ]
SQL: SELECT * FROM `pay_sms` LIMIT 1   [ RunTime:0.0003s ]
SQL: SHOW COLUMNS FROM `pay_tikuanconfig` [ RunTime:0.0005s ]
SQL: SELECT * FROM `pay_tikuanconfig` WHERE `userid` = 112 LIMIT 1   [ RunTime:0.0003s ]
SQL: SELECT * FROM `pay_tikuanconfig` WHERE `issystem` = 1 LIMIT 1   [ RunTime:0.0003s ]
SQL: SELECT * FROM `pay_member` WHERE `id` = 112 LIMIT 1   [ RunTime:0.0004s ]
SQL: SHOW COLUMNS FROM `pay_bankcard` [ RunTime:0.0012s ]
SQL: SELECT * FROM `pay_bankcard` WHERE `userid` = 112  [ RunTime:0.0003s ]
SQL: SHOW COLUMNS FROM `pay_pay_for_another` [ RunTime:0.0014s ]
SQL: SELECT `id` FROM `pay_pay_for_another` WHERE `status` = 1  [ RunTime:0.0003s ]
SQL: SHOW COLUMNS FROM `pay_pay_channel_extend_fields` [ RunTime:0.0097s ]
SQL: SELECT * FROM `pay_pay_channel_extend_fields` WHERE `channel_id` IN ('3','4','5','6','7','8')  [ RunTime:0.0004s ]
INFO: [ view_parse ] --START--
INFO: [ template_filter ] --START--
INFO: Run Behavior\ContentReplaceBehavior [ RunTime:0.000037s ]
INFO: [ template_filter ] --END-- [ RunTime:0.000057s ]
NOTIC: [2] Use of undefined constant t1zt - assumed 't1zt' (this will throw an Error in a future version of PHP) C:\work\juhe\Runtime\Cache\User\f3c17be63daebf8c6385df5e9685e289.php 第 37 行.
NOTIC: [8] Undefined variable: sendUrl C:\work\juhe\Runtime\Cache\User\f3c17be63daebf8c6385df5e9685e289.php 第 107 行.
INFO: Run Behavior\ParseTemplateBehavior [ RunTime:0.007277s ]
INFO: [ view_parse ] --END-- [ RunTime:0.007295s ]
INFO: [ view_filter ] --START--
INFO: Run Behavior\WriteHtmlCacheBehavior [ RunTime:0.000604s ]
INFO: Run Behavior\TokenBuildBehavior [ RunTime:0.001137s ]
INFO: [ view_filter ] --END-- [ RunTime:0.001787s ]
INFO: [ app_end ] --START--
INFO: Run Behavior\ShowPageTraceBehavior [ RunTime:0.000846s ]
INFO: [ app_end ] --END-- [ RunTime:0.000868s ]

[ 2018-12-25T14:25:55+08:00 ] 127.0.0.1 /agent_Withdrawal_getallmoney.html
INFO: [ app_init ] --START--
INFO: Run Behavior\BuildLiteBehavior [ RunTime:0.000017s ]
INFO: [ app_init ] --END-- [ RunTime:0.000081s ]
INFO: [ app_begin ] --START--
INFO: Run Behavior\ReadHtmlCacheBehavior [ RunTime:0.000654s ]
INFO: Run Behavior\CheckLangBehavior [ RunTime:0.001124s ]
INFO: [ app_begin ] --END-- [ RunTime:0.001817s ]
SQL: SHOW COLUMNS FROM `pay_websiteconfig` [ RunTime:0.0006s ]
SQL: SELECT * FROM `pay_websiteconfig` LIMIT 1   [ RunTime:0.0003s ]
SQL: SHOW COLUMNS FROM `pay_member` [ RunTime:0.0006s ]
SQL: SELECT `id` as uid,`username`,`password`,`groupid`,`parentid`,`salt`,`balance`,`blockedbalance`,`email`,`realname`,`authorized`,`apidomain`,`apikey`,`status`,`mobile`,`receiver`,`agent_cate`,`df_api`,`login_ip`,`open_charge`,`google_secret_key`,`session_random`,`regdatetime` FROM `pay_member` WHERE `id` = 112 LIMIT 1   [ RunTime:0.0003s ]
SQL: SHOW COLUMNS FROM `pay_tikuanconfig` [ RunTime:0.0005s ]
SQL: SELECT * FROM `pay_tikuanconfig` LIMIT 1   [ RunTime:0.0003s ]
NOTIC: [2] A non-numeric value encountered C:\work\juhe\Application\User\Controller\WithdrawalController.class.php 第 1799 行.

[ 2018-12-25T14:25:55+08:00 ] 127.0.0.1 /agent_Withdrawal_getsxf.html
INFO: [ app_init ] --START--
INFO: Run Behavior\BuildLiteBehavior [ RunTime:0.000005s ]
INFO: [ app_init ] --END-- [ RunTime:0.000028s ]
INFO: [ app_begin ] --START--
INFO: Run Behavior\ReadHtmlCacheBehavior [ RunTime:0.000643s ]
INFO: Run Behavior\CheckLangBehavior [ RunTime:0.001684s ]
INFO: [ app_begin ] --END-- [ RunTime:0.002437s ]
SQL: SHOW COLUMNS FROM `pay_websiteconfig` [ RunTime:0.0006s ]
SQL: SELECT * FROM `pay_websiteconfig` LIMIT 1   [ RunTime:0.0003s ]
SQL: SHOW COLUMNS FROM `pay_member` [ RunTime:0.0006s ]
SQL: SELECT `id` as uid,`username`,`password`,`groupid`,`parentid`,`salt`,`balance`,`blockedbalance`,`email`,`realname`,`authorized`,`apidomain`,`apikey`,`status`,`mobile`,`receiver`,`agent_cate`,`df_api`,`login_ip`,`open_charge`,`google_secret_key`,`session_random`,`regdatetime` FROM `pay_member` WHERE `id` = 112 LIMIT 1   [ RunTime:0.0003s ]
SQL: SHOW COLUMNS FROM `pay_tikuanconfig` [ RunTime:0.0005s ]
SQL: SELECT * FROM `pay_tikuanconfig` LIMIT 1   [ RunTime:0.0003s ]
NOTIC: [2] A non-numeric value encountered C:\work\juhe\Application\User\Controller\WithdrawalController.class.php 第 1778 行.

[ 2018-12-25T14:25:56+08:00 ] 127.0.0.1 /agent_Account_profile.html
INFO: [ app_init ] --START--
INFO: Run Behavior\BuildLiteBehavior [ RunTime:0.000010s ]
INFO: [ app_init ] --END-- [ RunTime:0.000050s ]
INFO: [ app_begin ] --START--
INFO: Run Behavior\ReadHtmlCacheBehavior [ RunTime:0.000629s ]
INFO: Run Behavior\CheckLangBehavior [ RunTime:0.001014s ]
INFO: [ app_begin ] --END-- [ RunTime:0.001677s ]
SQL: SHOW COLUMNS FROM `pay_websiteconfig` [ RunTime:0.0020s ]
SQL: SELECT * FROM `pay_websiteconfig` LIMIT 1   [ RunTime:0.0004s ]
SQL: SHOW COLUMNS FROM `pay_member` [ RunTime:0.0007s ]
SQL: SELECT `id` as uid,`username`,`password`,`groupid`,`parentid`,`salt`,`balance`,`blockedbalance`,`email`,`realname`,`authorized`,`apidomain`,`apikey`,`status`,`mobile`,`receiver`,`agent_cate`,`df_api`,`login_ip`,`open_charge`,`google_secret_key`,`session_random`,`regdatetime` FROM `pay_member` WHERE `id` = 112 LIMIT 1   [ RunTime:0.0004s ]
SQL: SELECT * FROM `pay_member` WHERE `id` = 112 LIMIT 1   [ RunTime:0.0004s ]
SQL: SHOW COLUMNS FROM `pay_sms` [ RunTime:0.0023s ]
SQL: SELECT * FROM `pay_sms` LIMIT 1   [ RunTime:0.0003s ]
SQL: SHOW COLUMNS FROM `pay_websiteconfig` [ RunTime:0.0005s ]
SQL: SELECT `df_api` FROM `pay_websiteconfig` LIMIT 1   [ RunTime:0.0002s ]
SQL: SELECT `username` FROM `pay_member` WHERE `id` = 111 LIMIT 1   [ RunTime:0.0003s ]
INFO: [ view_parse ] --START--
INFO: [ template_filter ] --START--
INFO: Run Behavior\ContentReplaceBehavior [ RunTime:0.000039s ]
INFO: [ template_filter ] --END-- [ RunTime:0.000058s ]
NOTIC: [2] Use of undefined constant sex - assumed 'sex' (this will throw an Error in a future version of PHP) C:\work\juhe\Runtime\Cache\User\ab070ebc0ea52ddabda22edffd505f45.php 第 144 行.
NOTIC: [2] Use of undefined constant sex - assumed 'sex' (this will throw an Error in a future version of PHP) C:\work\juhe\Runtime\Cache\User\ab070ebc0ea52ddabda22edffd505f45.php 第 146 行.
NOTIC: [2] Use of undefined constant login_ip - assumed 'login_ip' (this will throw an Error in a future version of PHP) C:\work\juhe\Runtime\Cache\User\ab070ebc0ea52ddabda22edffd505f45.php 第 161 行.
NOTIC: [2] Use of undefined constant df_domain - assumed 'df_domain' (this will throw an Error in a future version of PHP) C:\work\juhe\Runtime\Cache\User\ab070ebc0ea52ddabda22edffd505f45.php 第 183 行.
NOTIC: [2] Use of undefined constant df_ip - assumed 'df_ip' (this will throw an Error in a future version of PHP) C:\work\juhe\Runtime\Cache\User\ab070ebc0ea52ddabda22edffd505f45.php 第 190 行.
NOTIC: [8] Undefined variable: sendUrl C:\work\juhe\Runtime\Cache\User\ab070ebc0ea52ddabda22edffd505f45.php 第 211 行.
NOTIC: [2] Use of undefined constant T - assumed 'T' (this will throw an Error in a future version of PHP) C:\work\juhe\Runtime\Cache\User\ab070ebc0ea52ddabda22edffd505f45.php 第 251 行.
NOTIC: [8] Undefined index: T C:\work\juhe\Runtime\Cache\User\ab070ebc0ea52ddabda22edffd505f45.php 第 251 行.
NOTIC: [2] Use of undefined constant createtime - assumed 'createtime' (this will throw an Error in a future version of PHP) C:\work\juhe\Runtime\Cache\User\ab070ebc0ea52ddabda22edffd505f45.php 第 251 行.
NOTIC: [8] Undefined index: createtime C:\work\juhe\Runtime\Cache\User\ab070ebc0ea52ddabda22edffd505f45.php 第 251 行.
NOTIC: [2] Use of undefined constant successtime - assumed 'successtime' (this will throw an Error in a future version of PHP) C:\work\juhe\Runtime\Cache\User\ab070ebc0ea52ddabda22edffd505f45.php 第 251 行.
NOTIC: [8] Undefined index: successtime C:\work\juhe\Runtime\Cache\User\ab070ebc0ea52ddabda22edffd505f45.php 第 251 行.
NOTIC: [2] Use of undefined constant tongdao - assumed 'tongdao' (this will throw an Error in a future version of PHP) C:\work\juhe\Runtime\Cache\User\ab070ebc0ea52ddabda22edffd505f45.php 第 251 行.
NOTIC: [8] Undefined index: tongdao C:\work\juhe\Runtime\Cache\User\ab070ebc0ea52ddabda22edffd505f45.php 第 251 行.
NOTIC: [2] Use of undefined constant status - assumed 'status' (this will throw an Error in a future version of PHP) C:\work\juhe\Runtime\Cache\User\ab070ebc0ea52ddabda22edffd505f45.php 第 251 行.
NOTIC: [8] Undefined index: status C:\work\juhe\Runtime\Cache\User\ab070ebc0ea52ddabda22edffd505f45.php 第 251 行.
INFO: Run Behavior\ParseTemplateBehavior [ RunTime:0.006334s ]
INFO: [ view_parse ] --END-- [ RunTime:0.006352s ]
INFO: [ view_filter ] --START--
INFO: Run Behavior\WriteHtmlCacheBehavior [ RunTime:0.000528s ]
INFO: Run Behavior\TokenBuildBehavior [ RunTime:0.001592s ]
INFO: [ view_filter ] --END-- [ RunTime:0.002208s ]
INFO: [ app_end ] --START--
INFO: Run Behavior\ShowPageTraceBehavior [ RunTime:0.000936s ]
INFO: [ app_end ] --END-- [ RunTime:0.000966s ]

