[ 2018-12-05T08:42:01+08:00 ] 127.0.0.1 /agent_Login_test
INFO: [ app_init ] --START--
INFO: Run Behavior\BuildLiteBehavior [ RunTime:0.000006s ]
INFO: [ app_init ] --END-- [ RunTime:0.000033s ]
INFO: [ app_begin ] --START--
INFO: Run Behavior\ReadHtmlCacheBehavior [ RunTime:0.001136s ]
INFO: Run Behavior\CheckLangBehavior [ RunTime:0.001953s ]
INFO: [ app_begin ] --END-- [ RunTime:0.003148s ]
SQL: SHOW COLUMNS FROM `pay_websiteconfig` [ RunTime:0.0080s ]
SQL: SELECT * FROM `pay_websiteconfig` LIMIT 1   [ RunTime:0.0005s ]
SQL: SHOW COLUMNS FROM `pay_product` [ RunTime:0.0024s ]
SQL: SELECT * FROM `pay_product` WHERE `isdisplay` = 1 AND `status` = 1  [ RunTime:0.0023s ]
INFO: [ view_parse ] --START--
INFO: [ template_filter ] --START--
INFO: Run Behavior\ContentReplaceBehavior [ RunTime:0.000636s ]
INFO: [ template_filter ] --END-- [ RunTime:0.000671s ]
NOTIC: [8] Undefined variable: products C:\work\juhe\Runtime\Cache\User\f8b656baee950fa8830647b73edc728c.php 第 73 行.
INFO: Run Behavior\ParseTemplateBehavior [ RunTime:0.016043s ]
INFO: [ view_parse ] --END-- [ RunTime:0.016080s ]
INFO: [ view_filter ] --START--
INFO: Run Behavior\WriteHtmlCacheBehavior [ RunTime:0.001177s ]
INFO: Run Behavior\TokenBuildBehavior [ RunTime:0.002392s ]
INFO: [ view_filter ] --END-- [ RunTime:0.003625s ]
INFO: [ app_end ] --START--
INFO: Run Behavior\ShowPageTraceBehavior [ RunTime:0.002113s ]
INFO: [ app_end ] --END-- [ RunTime:0.002152s ]

