[ 2018-12-11T18:06:07+08:00 ] 127.0.0.1 /user.html
INFO: [ app_init ] --START--
INFO: Run Behavior\BuildLiteBehavior [ RunTime:0.000005s ]
INFO: [ app_init ] --END-- [ RunTime:0.000028s ]
INFO: [ app_begin ] --START--
INFO: Run Behavior\ReadHtmlCacheBehavior [ RunTime:0.000826s ]
INFO: Run Behavior\CheckLangBehavior [ RunTime:0.001529s ]
INFO: [ app_begin ] --END-- [ RunTime:0.002436s ]
SQL: SHOW COLUMNS FROM `pay_websiteconfig` [ RunTime:0.0006s ]
SQL: SELECT * FROM `pay_websiteconfig` LIMIT 1   [ RunTime:0.0003s ]
SQL: SHOW COLUMNS FROM `pay_member` [ RunTime:0.0007s ]
SQL: SELECT `id` as uid,`username`,`password`,`groupid`,`parentid`,`salt`,`balance`,`blockedbalance`,`email`,`realname`,`authorized`,`apidomain`,`apikey`,`status`,`mobile`,`receiver`,`agent_cate`,`df_api`,`login_ip`,`open_charge`,`google_secret_key`,`session_random`,`regdatetime` FROM `pay_member` WHERE `id` = 118 LIMIT 1   [ RunTime:0.0003s ]
INFO: [ view_parse ] --START--
INFO: [ template_filter ] --START--
INFO: Run Behavior\ContentReplaceBehavior [ RunTime:0.000036s ]
INFO: [ template_filter ] --END-- [ RunTime:0.000063s ]
NOTIC: [2] Use of undefined constant agent_cate - assumed 'agent_cate' (this will throw an Error in a future version of PHP) C:\work\juhe\Runtime\Cache\User\d7a7632f153cf12d0db44c934c28bcfe.php 第 53 行.
NOTIC: [2] Use of undefined constant groupid - assumed 'groupid' (this will throw an Error in a future version of PHP) C:\work\juhe\Runtime\Cache\User\d7a7632f153cf12d0db44c934c28bcfe.php 第 58 行.
NOTIC: [2] Use of undefined constant groupid - assumed 'groupid' (this will throw an Error in a future version of PHP) C:\work\juhe\Runtime\Cache\User\d7a7632f153cf12d0db44c934c28bcfe.php 第 70 行.
NOTIC: [2] Use of undefined constant open_charge - assumed 'open_charge' (this will throw an Error in a future version of PHP) C:\work\juhe\Runtime\Cache\User\d7a7632f153cf12d0db44c934c28bcfe.php 第 70 行.
NOTIC: [2] Use of undefined constant groupid - assumed 'groupid' (this will throw an Error in a future version of PHP) C:\work\juhe\Runtime\Cache\User\d7a7632f153cf12d0db44c934c28bcfe.php 第 103 行.
NOTIC: [2] Use of undefined constant df_api - assumed 'df_api' (this will throw an Error in a future version of PHP) C:\work\juhe\Runtime\Cache\User\d7a7632f153cf12d0db44c934c28bcfe.php 第 120 行.
NOTIC: [2] Use of undefined constant groupid - assumed 'groupid' (this will throw an Error in a future version of PHP) C:\work\juhe\Runtime\Cache\User\d7a7632f153cf12d0db44c934c28bcfe.php 第 123 行.
NOTIC: [2] Use of undefined constant groupid - assumed 'groupid' (this will throw an Error in a future version of PHP) C:\work\juhe\Runtime\Cache\User\d7a7632f153cf12d0db44c934c28bcfe.php 第 131 行.
NOTIC: [2] Use of undefined constant groupid - assumed 'groupid' (this will throw an Error in a future version of PHP) C:\work\juhe\Runtime\Cache\User\d7a7632f153cf12d0db44c934c28bcfe.php 第 145 行.
NOTIC: [2] Use of undefined constant groupid - assumed 'groupid' (this will throw an Error in a future version of PHP) C:\work\juhe\Runtime\Cache\User\d7a7632f153cf12d0db44c934c28bcfe.php 第 159 行.
INFO: Run Behavior\ParseTemplateBehavior [ RunTime:0.007462s ]
INFO: [ view_parse ] --END-- [ RunTime:0.007479s ]
INFO: [ view_filter ] --START--
INFO: Run Behavior\WriteHtmlCacheBehavior [ RunTime:0.000472s ]
INFO: Run Behavior\TokenBuildBehavior [ RunTime:0.001011s ]
INFO: [ view_filter ] --END-- [ RunTime:0.001509s ]
INFO: [ app_end ] --START--
INFO: Run Behavior\ShowPageTraceBehavior [ RunTime:0.000656s ]
INFO: [ app_end ] --END-- [ RunTime:0.000674s ]

[ 2018-12-11T18:06:07+08:00 ] 127.0.0.1 /agent_Index_main.html
INFO: [ app_init ] --START--
INFO: Run Behavior\BuildLiteBehavior [ RunTime:0.000005s ]
INFO: [ app_init ] --END-- [ RunTime:0.000028s ]
INFO: [ app_begin ] --START--
INFO: Run Behavior\ReadHtmlCacheBehavior [ RunTime:0.000643s ]
INFO: Run Behavior\CheckLangBehavior [ RunTime:0.001014s ]
INFO: [ app_begin ] --END-- [ RunTime:0.001696s ]
SQL: SHOW COLUMNS FROM `pay_websiteconfig` [ RunTime:0.0006s ]
SQL: SELECT * FROM `pay_websiteconfig` LIMIT 1   [ RunTime:0.0003s ]
SQL: SHOW COLUMNS FROM `pay_member` [ RunTime:0.0007s ]
SQL: SELECT `id` as uid,`username`,`password`,`groupid`,`parentid`,`salt`,`balance`,`blockedbalance`,`email`,`realname`,`authorized`,`apidomain`,`apikey`,`status`,`mobile`,`receiver`,`agent_cate`,`df_api`,`login_ip`,`open_charge`,`google_secret_key`,`session_random`,`regdatetime` FROM `pay_member` WHERE `id` = 118 LIMIT 1   [ RunTime:0.0004s ]
SQL: SHOW COLUMNS FROM `pay_order` [ RunTime:0.0009s ]
SQL: SELECT SUM( pay_actualamount ) AS total, FROM_UNIXTIME( pay_successdate,  '%Y-%m-%d' ) AS DATETIME
FROM pay_order WHERE pay_successdate >= UNIX_TIMESTAMP(  '2018-12-01' ) AND pay_successdate < UNIX_TIMESTAMP(  '2018-12-31' ) AND pay_status>=1 AND pay_memberid=10118  GROUP BY DATETIME [ RunTime:0.0073s ]
SQL: SELECT COUNT( id ) AS num, FROM_UNIXTIME( pay_successdate,  '%Y-%m-%d' ) AS DATETIME
FROM pay_order WHERE pay_successdate >= UNIX_TIMESTAMP(  '2018-12-01' ) AND pay_successdate < UNIX_TIMESTAMP(  '2018-12-31' ) AND pay_status>=1 AND pay_memberid=10118  GROUP BY DATETIME [ RunTime:0.0056s ]
NOTIC: [8] Undefined variable: category C:\work\juhe\Application\User\Controller\IndexController.class.php 第 58 行.
NOTIC: [2] implode(): Invalid arguments passed C:\work\juhe\Application\User\Controller\IndexController.class.php 第 58 行.
NOTIC: [8] Undefined variable: dataone C:\work\juhe\Application\User\Controller\IndexController.class.php 第 59 行.
NOTIC: [2] implode(): Invalid arguments passed C:\work\juhe\Application\User\Controller\IndexController.class.php 第 59 行.
NOTIC: [8] Undefined variable: datatwo C:\work\juhe\Application\User\Controller\IndexController.class.php 第 60 行.
NOTIC: [2] implode(): Invalid arguments passed C:\work\juhe\Application\User\Controller\IndexController.class.php 第 60 行.
SQL: SHOW COLUMNS FROM `pay_article` [ RunTime:0.0017s ]
SQL: SELECT * FROM `pay_article` WHERE `status` = 1 AND `groupid` IN ('0','1') ORDER BY id desc LIMIT 2   [ RunTime:0.0004s ]
SQL: SHOW COLUMNS FROM `pay_loginrecord` [ RunTime:0.0018s ]
SQL: SELECT * FROM `pay_loginrecord` WHERE `userid` = 118 ORDER BY id desc LIMIT 2   [ RunTime:0.0005s ]
SQL: SELECT COUNT(*) AS tp_count FROM `pay_order` WHERE `pay_memberid` = 10118 AND `pay_applydate` BETWEEN 1544457600 AND 1544543999 LIMIT 1   [ RunTime:0.0063s ]
SQL: SELECT COUNT(*) AS tp_count FROM `pay_order` WHERE `pay_memberid` = 10118 AND `pay_successdate` BETWEEN 1544457600 AND 1544543999 AND `pay_status` IN ('1','2') LIMIT 1   [ RunTime:0.0071s ]
SQL: SELECT COUNT(*) AS tp_count FROM `pay_order` WHERE `pay_memberid` = 10118 AND `pay_applydate` BETWEEN 1544457600 AND 1544543999 AND `pay_status` = 0 LIMIT 1   [ RunTime:0.0066s ]
SQL: SELECT SUM(pay_amount) AS tp_sum FROM `pay_order` WHERE `pay_memberid` = 10118 AND `pay_applydate` BETWEEN 1544457600 AND 1544543999 LIMIT 1   [ RunTime:0.0076s ]
SQL: SELECT SUM(pay_amount) AS tp_sum FROM `pay_order` WHERE `pay_memberid` = 10118 AND `pay_successdate` BETWEEN 1544457600 AND 1544543999 AND `pay_status` IN ('1','2') LIMIT 1   [ RunTime:0.0085s ]
SQL: SELECT SUM(pay_poundage) AS tp_sum FROM `pay_order` WHERE `pay_memberid` = 10118 AND `pay_successdate` BETWEEN 1544457600 AND 1544543999 AND `pay_status` IN ('1','2') LIMIT 1   [ RunTime:0.0088s ]
NOTIC: [8] Undefined variable: ipItem C:\work\juhe\Application\User\Controller\IndexController.class.php 第 100 行.
INFO: [ view_parse ] --START--
INFO: [ template_filter ] --START--
INFO: Run Behavior\ContentReplaceBehavior [ RunTime:0.000059s ]
INFO: [ template_filter ] --END-- [ RunTime:0.000119s ]
NOTIC: [2] Use of undefined constant groupid - assumed 'groupid' (this will throw an Error in a future version of PHP) C:\work\juhe\Runtime\Cache\User\0a2302724c4cbc626c8639028f086c96.php 第 37 行.
NOTIC: [2] Use of undefined constant groupid - assumed 'groupid' (this will throw an Error in a future version of PHP) C:\work\juhe\Runtime\Cache\User\0a2302724c4cbc626c8639028f086c96.php 第 95 行.
INFO: Run Behavior\ParseTemplateBehavior [ RunTime:0.007975s ]
INFO: [ view_parse ] --END-- [ RunTime:0.007998s ]
INFO: [ view_filter ] --START--
INFO: Run Behavior\WriteHtmlCacheBehavior [ RunTime:0.000513s ]
INFO: Run Behavior\TokenBuildBehavior [ RunTime:0.001020s ]
INFO: [ view_filter ] --END-- [ RunTime:0.001568s ]
INFO: [ app_end ] --START--
INFO: Run Behavior\ShowPageTraceBehavior [ RunTime:0.002002s ]
INFO: [ app_end ] --END-- [ RunTime:0.002129s ]

[ 2018-12-11T18:06:10+08:00 ] 127.0.0.1 /agent_Channel_apidocumnet.html
INFO: [ app_init ] --START--
INFO: Run Behavior\BuildLiteBehavior [ RunTime:0.000005s ]
INFO: [ app_init ] --END-- [ RunTime:0.000025s ]
INFO: [ app_begin ] --START--
INFO: Run Behavior\ReadHtmlCacheBehavior [ RunTime:0.000632s ]
INFO: Run Behavior\CheckLangBehavior [ RunTime:0.001155s ]
INFO: [ app_begin ] --END-- [ RunTime:0.001826s ]
SQL: SHOW COLUMNS FROM `pay_websiteconfig` [ RunTime:0.0006s ]
SQL: SELECT * FROM `pay_websiteconfig` LIMIT 1   [ RunTime:0.0003s ]
SQL: SHOW COLUMNS FROM `pay_member` [ RunTime:0.0175s ]
SQL: SELECT `id` as uid,`username`,`password`,`groupid`,`parentid`,`salt`,`balance`,`blockedbalance`,`email`,`realname`,`authorized`,`apidomain`,`apikey`,`status`,`mobile`,`receiver`,`agent_cate`,`df_api`,`login_ip`,`open_charge`,`google_secret_key`,`session_random`,`regdatetime` FROM `pay_member` WHERE `id` = 118 LIMIT 1   [ RunTime:0.0004s ]
SQL: SHOW COLUMNS FROM `pay_sms` [ RunTime:0.0015s ]
SQL: SELECT * FROM `pay_sms` LIMIT 1   [ RunTime:0.0003s ]
SQL: SELECT * FROM `pay_member` WHERE `id` = 118 LIMIT 1   [ RunTime:0.0003s ]
INFO: [ view_parse ] --START--
INFO: [ template_filter ] --START--
INFO: Run Behavior\ContentReplaceBehavior [ RunTime:0.000056s ]
INFO: [ template_filter ] --END-- [ RunTime:0.000142s ]
INFO: Run Behavior\ParseTemplateBehavior [ RunTime:0.007851s ]
INFO: [ view_parse ] --END-- [ RunTime:0.007876s ]
INFO: [ view_filter ] --START--
INFO: Run Behavior\WriteHtmlCacheBehavior [ RunTime:0.000511s ]
INFO: Run Behavior\TokenBuildBehavior [ RunTime:0.000650s ]
INFO: [ view_filter ] --END-- [ RunTime:0.001188s ]
INFO: [ app_end ] --START--
INFO: Run Behavior\ShowPageTraceBehavior [ RunTime:0.000631s ]
INFO: [ app_end ] --END-- [ RunTime:0.000644s ]

[ 2018-12-11T18:06:11+08:00 ] 127.0.0.1 /agent_Channel_index.html
INFO: [ app_init ] --START--
INFO: Run Behavior\BuildLiteBehavior [ RunTime:0.000005s ]
INFO: [ app_init ] --END-- [ RunTime:0.000030s ]
INFO: [ app_begin ] --START--
INFO: Run Behavior\ReadHtmlCacheBehavior [ RunTime:0.000693s ]
INFO: Run Behavior\CheckLangBehavior [ RunTime:0.000993s ]
INFO: [ app_begin ] --END-- [ RunTime:0.001724s ]
SQL: SHOW COLUMNS FROM `pay_websiteconfig` [ RunTime:0.0007s ]
SQL: SELECT * FROM `pay_websiteconfig` LIMIT 1   [ RunTime:0.0004s ]
SQL: SHOW COLUMNS FROM `pay_member` [ RunTime:0.0020s ]
SQL: SELECT `id` as uid,`username`,`password`,`groupid`,`parentid`,`salt`,`balance`,`blockedbalance`,`email`,`realname`,`authorized`,`apidomain`,`apikey`,`status`,`mobile`,`receiver`,`agent_cate`,`df_api`,`login_ip`,`open_charge`,`google_secret_key`,`session_random`,`regdatetime` FROM `pay_member` WHERE `id` = 118 LIMIT 1   [ RunTime:0.0005s ]
SQL: SHOW COLUMNS FROM `pay_product_user` [ RunTime:0.0006s ]
SQL: SELECT pay_product.name,pay_product.id,pay_product_user.status FROM `pay_product_user` LEFT JOIN pay_product ON pay_product.id = pay_product_user.pid  WHERE pay_product_user.userid = '118' AND pay_product_user.status = 1 AND pay_product.isdisplay = 1  [ RunTime:0.0005s ]
SQL: SHOW COLUMNS FROM `pay_userrate` [ RunTime:0.0005s ]
SQL: SELECT `feilv` FROM `pay_userrate` WHERE `userid` = 118 AND `payapiid` = 902 LIMIT 1   [ RunTime:0.0003s ]
SQL: SELECT `feilv` FROM `pay_userrate` WHERE `userid` = 118 AND `payapiid` = 905 LIMIT 1   [ RunTime:0.0003s ]
SQL: SHOW COLUMNS FROM `pay_tikuanconfig` [ RunTime:0.0007s ]
SQL: SELECT * FROM `pay_tikuanconfig` WHERE `userid` = 118 LIMIT 1   [ RunTime:0.0003s ]
SQL: SELECT * FROM `pay_tikuanconfig` WHERE `issystem` = 1 LIMIT 1   [ RunTime:0.0003s ]
INFO: [ view_parse ] --START--
INFO: [ template_filter ] --START--
INFO: Run Behavior\ContentReplaceBehavior [ RunTime:0.000018s ]
INFO: [ template_filter ] --END-- [ RunTime:0.000039s ]
NOTIC: [2] Use of undefined constant t1zt - assumed 't1zt' (this will throw an Error in a future version of PHP) C:\work\juhe\Runtime\Cache\User\0afc5151d73d81b2039d13070791350e.php 第 31 行.
NOTIC: [2] Use of undefined constant t1zt - assumed 't1zt' (this will throw an Error in a future version of PHP) C:\work\juhe\Runtime\Cache\User\0afc5151d73d81b2039d13070791350e.php 第 31 行.
NOTIC: [2] Use of undefined constant feilv - assumed 'feilv' (this will throw an Error in a future version of PHP) C:\work\juhe\Runtime\Cache\User\0afc5151d73d81b2039d13070791350e.php 第 46 行.
NOTIC: [2] Use of undefined constant feilv - assumed 'feilv' (this will throw an Error in a future version of PHP) C:\work\juhe\Runtime\Cache\User\0afc5151d73d81b2039d13070791350e.php 第 46 行.
INFO: Run Behavior\ParseTemplateBehavior [ RunTime:0.009660s ]
INFO: [ view_parse ] --END-- [ RunTime:0.009689s ]
INFO: [ view_filter ] --START--
INFO: Run Behavior\WriteHtmlCacheBehavior [ RunTime:0.001364s ]
INFO: Run Behavior\TokenBuildBehavior [ RunTime:0.000697s ]
INFO: [ view_filter ] --END-- [ RunTime:0.002097s ]
INFO: [ app_end ] --START--
INFO: Run Behavior\ShowPageTraceBehavior [ RunTime:0.000680s ]
INFO: [ app_end ] --END-- [ RunTime:0.000697s ]

[ 2018-12-11T18:59:39+08:00 ] 127.0.0.1 /agent_Account_profile.html
INFO: [ app_init ] --START--
INFO: Run Behavior\BuildLiteBehavior [ RunTime:0.000005s ]
INFO: [ app_init ] --END-- [ RunTime:0.000030s ]
INFO: [ app_begin ] --START--
INFO: Run Behavior\ReadHtmlCacheBehavior [ RunTime:0.000704s ]
INFO: Run Behavior\CheckLangBehavior [ RunTime:0.000945s ]
INFO: [ app_begin ] --END-- [ RunTime:0.001749s ]
SQL: SHOW COLUMNS FROM `pay_websiteconfig` [ RunTime:0.0008s ]
SQL: SELECT * FROM `pay_websiteconfig` LIMIT 1   [ RunTime:0.0006s ]
SQL: SHOW COLUMNS FROM `pay_member` [ RunTime:0.0018s ]
SQL: SELECT `id` as uid,`username`,`password`,`groupid`,`parentid`,`salt`,`balance`,`blockedbalance`,`email`,`realname`,`authorized`,`apidomain`,`apikey`,`status`,`mobile`,`receiver`,`agent_cate`,`df_api`,`login_ip`,`open_charge`,`google_secret_key`,`session_random`,`regdatetime` FROM `pay_member` WHERE `id` = 118 LIMIT 1   [ RunTime:0.0007s ]
SQL: SELECT * FROM `pay_member` WHERE `id` = 118 LIMIT 1   [ RunTime:0.0005s ]
SQL: SHOW COLUMNS FROM `pay_sms` [ RunTime:0.0030s ]
SQL: SELECT * FROM `pay_sms` LIMIT 1   [ RunTime:0.0118s ]
SQL: SHOW COLUMNS FROM `pay_websiteconfig` [ RunTime:0.0007s ]
SQL: SELECT `df_api` FROM `pay_websiteconfig` LIMIT 1   [ RunTime:0.0003s ]
SQL: SELECT `username` FROM `pay_member` WHERE `id` = 1 LIMIT 1   [ RunTime:0.0003s ]
INFO: [ view_parse ] --START--
INFO: [ template_filter ] --START--
INFO: Run Behavior\ContentReplaceBehavior [ RunTime:0.000039s ]
INFO: [ template_filter ] --END-- [ RunTime:0.000060s ]
NOTIC: [2] Use of undefined constant sex - assumed 'sex' (this will throw an Error in a future version of PHP) C:\work\juhe\Runtime\Cache\User\ab070ebc0ea52ddabda22edffd505f45.php 第 144 行.
NOTIC: [2] Use of undefined constant sex - assumed 'sex' (this will throw an Error in a future version of PHP) C:\work\juhe\Runtime\Cache\User\ab070ebc0ea52ddabda22edffd505f45.php 第 146 行.
NOTIC: [2] Use of undefined constant login_ip - assumed 'login_ip' (this will throw an Error in a future version of PHP) C:\work\juhe\Runtime\Cache\User\ab070ebc0ea52ddabda22edffd505f45.php 第 161 行.
NOTIC: [2] Use of undefined constant df_domain - assumed 'df_domain' (this will throw an Error in a future version of PHP) C:\work\juhe\Runtime\Cache\User\ab070ebc0ea52ddabda22edffd505f45.php 第 183 行.
NOTIC: [2] Use of undefined constant df_ip - assumed 'df_ip' (this will throw an Error in a future version of PHP) C:\work\juhe\Runtime\Cache\User\ab070ebc0ea52ddabda22edffd505f45.php 第 190 行.
NOTIC: [8] Undefined variable: sendUrl C:\work\juhe\Runtime\Cache\User\ab070ebc0ea52ddabda22edffd505f45.php 第 211 行.
NOTIC: [2] Use of undefined constant T - assumed 'T' (this will throw an Error in a future version of PHP) C:\work\juhe\Runtime\Cache\User\ab070ebc0ea52ddabda22edffd505f45.php 第 251 行.
NOTIC: [8] Undefined index: T C:\work\juhe\Runtime\Cache\User\ab070ebc0ea52ddabda22edffd505f45.php 第 251 行.
NOTIC: [2] Use of undefined constant createtime - assumed 'createtime' (this will throw an Error in a future version of PHP) C:\work\juhe\Runtime\Cache\User\ab070ebc0ea52ddabda22edffd505f45.php 第 251 行.
NOTIC: [8] Undefined index: createtime C:\work\juhe\Runtime\Cache\User\ab070ebc0ea52ddabda22edffd505f45.php 第 251 行.
NOTIC: [2] Use of undefined constant successtime - assumed 'successtime' (this will throw an Error in a future version of PHP) C:\work\juhe\Runtime\Cache\User\ab070ebc0ea52ddabda22edffd505f45.php 第 251 行.
NOTIC: [8] Undefined index: successtime C:\work\juhe\Runtime\Cache\User\ab070ebc0ea52ddabda22edffd505f45.php 第 251 行.
NOTIC: [2] Use of undefined constant tongdao - assumed 'tongdao' (this will throw an Error in a future version of PHP) C:\work\juhe\Runtime\Cache\User\ab070ebc0ea52ddabda22edffd505f45.php 第 251 行.
NOTIC: [8] Undefined index: tongdao C:\work\juhe\Runtime\Cache\User\ab070ebc0ea52ddabda22edffd505f45.php 第 251 行.
NOTIC: [2] Use of undefined constant status - assumed 'status' (this will throw an Error in a future version of PHP) C:\work\juhe\Runtime\Cache\User\ab070ebc0ea52ddabda22edffd505f45.php 第 251 行.
NOTIC: [8] Undefined index: status C:\work\juhe\Runtime\Cache\User\ab070ebc0ea52ddabda22edffd505f45.php 第 251 行.
INFO: Run Behavior\ParseTemplateBehavior [ RunTime:0.008629s ]
INFO: [ view_parse ] --END-- [ RunTime:0.008666s ]
INFO: [ view_filter ] --START--
INFO: Run Behavior\WriteHtmlCacheBehavior [ RunTime:0.000556s ]
INFO: Run Behavior\TokenBuildBehavior [ RunTime:0.001229s ]
INFO: [ view_filter ] --END-- [ RunTime:0.001812s ]
INFO: [ app_end ] --START--
INFO: Run Behavior\ShowPageTraceBehavior [ RunTime:0.000823s ]
INFO: [ app_end ] --END-- [ RunTime:0.000846s ]

[ 2018-12-11T19:08:33+08:00 ] 127.0.0.1 /agent_Account_loginrecord_p_2.html
INFO: [ app_init ] --START--
INFO: Run Behavior\BuildLiteBehavior [ RunTime:0.000026s ]
INFO: [ app_init ] --END-- [ RunTime:0.000065s ]
INFO: [ app_begin ] --START--
INFO: Run Behavior\ReadHtmlCacheBehavior [ RunTime:0.000702s ]
INFO: Run Behavior\CheckLangBehavior [ RunTime:0.001035s ]
INFO: [ app_begin ] --END-- [ RunTime:0.001776s ]
SQL: SHOW COLUMNS FROM `pay_websiteconfig` [ RunTime:0.0006s ]
SQL: SELECT * FROM `pay_websiteconfig` LIMIT 1   [ RunTime:0.0004s ]
SQL: SHOW COLUMNS FROM `pay_member` [ RunTime:0.0009s ]
SQL: SELECT `id` as uid,`username`,`password`,`groupid`,`parentid`,`salt`,`balance`,`blockedbalance`,`email`,`realname`,`authorized`,`apidomain`,`apikey`,`status`,`mobile`,`receiver`,`agent_cate`,`df_api`,`login_ip`,`open_charge`,`google_secret_key`,`session_random`,`regdatetime` FROM `pay_member` WHERE `id` = 118 LIMIT 1   [ RunTime:0.0005s ]
SQL: SHOW COLUMNS FROM `pay_loginrecord` [ RunTime:0.0021s ]
SQL: SELECT COUNT(*) AS tp_count FROM `pay_loginrecord` WHERE `userid` = 118 AND `type` = 0 LIMIT 1   [ RunTime:0.0029s ]
SQL: SELECT * FROM `pay_loginrecord` WHERE `userid` = 118 AND `type` = 0 ORDER BY id desc LIMIT 5,5   [ RunTime:0.0029s ]
INFO: [ view_parse ] --START--
INFO: [ template_filter ] --START--
INFO: Run Behavior\ContentReplaceBehavior [ RunTime:0.000019s ]
INFO: [ template_filter ] --END-- [ RunTime:0.000040s ]
INFO: Run Behavior\ParseTemplateBehavior [ RunTime:0.005216s ]
INFO: [ view_parse ] --END-- [ RunTime:0.005250s ]
INFO: [ view_filter ] --START--
INFO: Run Behavior\WriteHtmlCacheBehavior [ RunTime:0.000488s ]
INFO: Run Behavior\TokenBuildBehavior [ RunTime:0.000674s ]
INFO: [ view_filter ] --END-- [ RunTime:0.001204s ]
INFO: [ app_end ] --START--
INFO: Run Behavior\ShowPageTraceBehavior [ RunTime:0.000947s ]
INFO: [ app_end ] --END-- [ RunTime:0.000999s ]

[ 2018-12-11T21:16:02+08:00 ] 127.0.0.1 /agent_Login_test
INFO: [ app_init ] --START--
INFO: Run Behavior\BuildLiteBehavior [ RunTime:0.000005s ]
INFO: [ app_init ] --END-- [ RunTime:0.000029s ]
INFO: [ app_begin ] --START--
INFO: Run Behavior\ReadHtmlCacheBehavior [ RunTime:0.000806s ]
INFO: Run Behavior\CheckLangBehavior [ RunTime:0.001248s ]
INFO: [ app_begin ] --END-- [ RunTime:0.002092s ]
SQL: SHOW COLUMNS FROM `pay_websiteconfig` [ RunTime:0.0009s ]
SQL: SELECT * FROM `pay_websiteconfig` LIMIT 1   [ RunTime:0.0004s ]
SQL: SHOW COLUMNS FROM `pay_product` [ RunTime:0.0009s ]
SQL: SELECT * FROM `pay_product` WHERE `isdisplay` = 1 AND `status` = 1  [ RunTime:0.0015s ]
INFO: [ view_parse ] --START--
INFO: [ template_filter ] --START--
INFO: Run Behavior\ContentReplaceBehavior [ RunTime:0.000035s ]
INFO: [ template_filter ] --END-- [ RunTime:0.000064s ]
NOTIC: [8] Undefined variable: products C:\work\juhe\Runtime\Cache\User\f8b656baee950fa8830647b73edc728c.php 第 73 行.
INFO: Run Behavior\ParseTemplateBehavior [ RunTime:0.007577s ]
INFO: [ view_parse ] --END-- [ RunTime:0.007607s ]
INFO: [ view_filter ] --START--
INFO: Run Behavior\WriteHtmlCacheBehavior [ RunTime:0.000723s ]
INFO: Run Behavior\TokenBuildBehavior [ RunTime:0.000993s ]
INFO: [ view_filter ] --END-- [ RunTime:0.001753s ]
INFO: [ app_end ] --START--
INFO: Run Behavior\ShowPageTraceBehavior [ RunTime:0.000747s ]
INFO: [ app_end ] --END-- [ RunTime:0.000762s ]

