[ 2018-11-20T09:15:33+08:00 ] 127.0.0.1 /user.html
INFO: [ app_init ] --START--
INFO: Run Behavior\BuildLiteBehavior [ RunTime:0.000006s ]
INFO: [ app_init ] --END-- [ RunTime:0.000030s ]
INFO: [ app_begin ] --START--
INFO: Run Behavior\ReadHtmlCacheBehavior [ RunTime:0.000580s ]
INFO: Run Behavior\CheckLangBehavior [ RunTime:0.000836s ]
INFO: [ app_begin ] --END-- [ RunTime:0.001453s ]
SQL: SHOW COLUMNS FROM `pay_websiteconfig` [ RunTime:0.0008s ]
SQL: SELECT * FROM `pay_websiteconfig` LIMIT 1   [ RunTime:0.0004s ]
SQL: SHOW COLUMNS FROM `pay_member` [ RunTime:0.0018s ]
SQL: SELECT `id` as uid,`username`,`password`,`groupid`,`parentid`,`salt`,`balance`,`blockedbalance`,`email`,`realname`,`authorized`,`apidomain`,`apikey`,`status`,`mobile`,`receiver`,`agent_cate`,`df_api`,`login_ip`,`open_charge`,`google_secret_key`,`session_random`,`regdatetime` FROM `pay_member` WHERE `id` = 90 LIMIT 1   [ RunTime:0.0005s ]
INFO: [ view_parse ] --START--
INFO: [ template_filter ] --START--
INFO: Run Behavior\ContentReplaceBehavior [ RunTime:0.000038s ]
INFO: [ template_filter ] --END-- [ RunTime:0.000057s ]
NOTIC: [2] Use of undefined constant agent_cate - assumed 'agent_cate' (this will throw an Error in a future version of PHP) C:\work\juhe\Runtime\Cache\User\d7a7632f153cf12d0db44c934c28bcfe.php 第 53 行.
NOTIC: [2] Use of undefined constant groupid - assumed 'groupid' (this will throw an Error in a future version of PHP) C:\work\juhe\Runtime\Cache\User\d7a7632f153cf12d0db44c934c28bcfe.php 第 58 行.
NOTIC: [2] Use of undefined constant groupid - assumed 'groupid' (this will throw an Error in a future version of PHP) C:\work\juhe\Runtime\Cache\User\d7a7632f153cf12d0db44c934c28bcfe.php 第 70 行.
NOTIC: [2] Use of undefined constant open_charge - assumed 'open_charge' (this will throw an Error in a future version of PHP) C:\work\juhe\Runtime\Cache\User\d7a7632f153cf12d0db44c934c28bcfe.php 第 70 行.
NOTIC: [2] Use of undefined constant groupid - assumed 'groupid' (this will throw an Error in a future version of PHP) C:\work\juhe\Runtime\Cache\User\d7a7632f153cf12d0db44c934c28bcfe.php 第 103 行.
NOTIC: [2] Use of undefined constant df_api - assumed 'df_api' (this will throw an Error in a future version of PHP) C:\work\juhe\Runtime\Cache\User\d7a7632f153cf12d0db44c934c28bcfe.php 第 120 行.
NOTIC: [2] Use of undefined constant groupid - assumed 'groupid' (this will throw an Error in a future version of PHP) C:\work\juhe\Runtime\Cache\User\d7a7632f153cf12d0db44c934c28bcfe.php 第 123 行.
NOTIC: [2] Use of undefined constant groupid - assumed 'groupid' (this will throw an Error in a future version of PHP) C:\work\juhe\Runtime\Cache\User\d7a7632f153cf12d0db44c934c28bcfe.php 第 131 行.
NOTIC: [2] Use of undefined constant groupid - assumed 'groupid' (this will throw an Error in a future version of PHP) C:\work\juhe\Runtime\Cache\User\d7a7632f153cf12d0db44c934c28bcfe.php 第 145 行.
NOTIC: [2] Use of undefined constant groupid - assumed 'groupid' (this will throw an Error in a future version of PHP) C:\work\juhe\Runtime\Cache\User\d7a7632f153cf12d0db44c934c28bcfe.php 第 159 行.
INFO: Run Behavior\ParseTemplateBehavior [ RunTime:0.007072s ]
INFO: [ view_parse ] --END-- [ RunTime:0.007091s ]
INFO: [ view_filter ] --START--
INFO: Run Behavior\WriteHtmlCacheBehavior [ RunTime:0.000422s ]
INFO: Run Behavior\TokenBuildBehavior [ RunTime:0.000963s ]
INFO: [ view_filter ] --END-- [ RunTime:0.001411s ]
INFO: [ app_end ] --START--
INFO: Run Behavior\ShowPageTraceBehavior [ RunTime:0.000652s ]
INFO: [ app_end ] --END-- [ RunTime:0.000674s ]

[ 2018-11-20T09:15:33+08:00 ] 127.0.0.1 /agent_Index_main.html
INFO: [ app_init ] --START--
INFO: Run Behavior\BuildLiteBehavior [ RunTime:0.000006s ]
INFO: [ app_init ] --END-- [ RunTime:0.000030s ]
INFO: [ app_begin ] --START--
INFO: Run Behavior\ReadHtmlCacheBehavior [ RunTime:0.000527s ]
INFO: Run Behavior\CheckLangBehavior [ RunTime:0.000780s ]
INFO: [ app_begin ] --END-- [ RunTime:0.001345s ]
SQL: SHOW COLUMNS FROM `pay_websiteconfig` [ RunTime:0.0007s ]
SQL: SELECT * FROM `pay_websiteconfig` LIMIT 1   [ RunTime:0.0003s ]
SQL: SHOW COLUMNS FROM `pay_member` [ RunTime:0.0008s ]
SQL: SELECT `id` as uid,`username`,`password`,`groupid`,`parentid`,`salt`,`balance`,`blockedbalance`,`email`,`realname`,`authorized`,`apidomain`,`apikey`,`status`,`mobile`,`receiver`,`agent_cate`,`df_api`,`login_ip`,`open_charge`,`google_secret_key`,`session_random`,`regdatetime` FROM `pay_member` WHERE `id` = 90 LIMIT 1   [ RunTime:0.0005s ]
SQL: SHOW COLUMNS FROM `pay_order` [ RunTime:0.0013s ]
SQL: SELECT SUM( pay_actualamount ) AS total, FROM_UNIXTIME( pay_successdate,  '%Y-%m-%d' ) AS DATETIME
FROM pay_order WHERE pay_successdate >= UNIX_TIMESTAMP(  '2018-11-01' ) AND pay_successdate < UNIX_TIMESTAMP(  '2018-11-30' ) AND pay_status>=1 AND pay_memberid=10090  GROUP BY DATETIME [ RunTime:0.0009s ]
SQL: SELECT COUNT( id ) AS num, FROM_UNIXTIME( pay_successdate,  '%Y-%m-%d' ) AS DATETIME
FROM pay_order WHERE pay_successdate >= UNIX_TIMESTAMP(  '2018-11-01' ) AND pay_successdate < UNIX_TIMESTAMP(  '2018-11-30' ) AND pay_status>=1 AND pay_memberid=10090  GROUP BY DATETIME [ RunTime:0.0007s ]
NOTIC: [8] Undefined variable: category C:\work\juhe\Application\User\Controller\IndexController.class.php 第 58 行.
NOTIC: [2] implode(): Invalid arguments passed C:\work\juhe\Application\User\Controller\IndexController.class.php 第 58 行.
NOTIC: [8] Undefined variable: dataone C:\work\juhe\Application\User\Controller\IndexController.class.php 第 59 行.
NOTIC: [2] implode(): Invalid arguments passed C:\work\juhe\Application\User\Controller\IndexController.class.php 第 59 行.
NOTIC: [8] Undefined variable: datatwo C:\work\juhe\Application\User\Controller\IndexController.class.php 第 60 行.
NOTIC: [2] implode(): Invalid arguments passed C:\work\juhe\Application\User\Controller\IndexController.class.php 第 60 行.
SQL: SHOW COLUMNS FROM `pay_article` [ RunTime:0.0014s ]
SQL: SELECT * FROM `pay_article` WHERE `status` = 1 AND `groupid` IN ('0','1') ORDER BY id desc LIMIT 2   [ RunTime:0.0003s ]
SQL: SHOW COLUMNS FROM `pay_loginrecord` [ RunTime:0.0013s ]
SQL: SELECT * FROM `pay_loginrecord` WHERE `userid` = 90 ORDER BY id desc LIMIT 2   [ RunTime:0.0016s ]
SQL: SELECT COUNT(*) AS tp_count FROM `pay_order` WHERE `pay_memberid` = 10090 AND `pay_applydate` BETWEEN 1542643200 AND 1542729599 LIMIT 1   [ RunTime:0.0005s ]
SQL: SELECT COUNT(*) AS tp_count FROM `pay_order` WHERE `pay_memberid` = 10090 AND `pay_successdate` BETWEEN 1542643200 AND 1542729599 AND `pay_status` IN ('1','2') LIMIT 1   [ RunTime:0.0004s ]
SQL: SELECT COUNT(*) AS tp_count FROM `pay_order` WHERE `pay_memberid` = 10090 AND `pay_applydate` BETWEEN 1542643200 AND 1542729599 AND `pay_status` = 0 LIMIT 1   [ RunTime:0.0004s ]
SQL: SELECT SUM(pay_amount) AS tp_sum FROM `pay_order` WHERE `pay_memberid` = 10090 AND `pay_applydate` BETWEEN 1542643200 AND 1542729599 AND `pay_status` = 0 LIMIT 1   [ RunTime:0.0004s ]
SQL: SELECT SUM(pay_actualamount) AS tp_sum FROM `pay_order` WHERE `pay_memberid` = 10090 AND `pay_successdate` BETWEEN 1542643200 AND 1542729599 AND `pay_status` IN ('1','2') LIMIT 1   [ RunTime:0.0004s ]
INFO: [ view_parse ] --START--
INFO: [ template_filter ] --START--
INFO: Run Behavior\ContentReplaceBehavior [ RunTime:0.000036s ]
INFO: [ template_filter ] --END-- [ RunTime:0.000064s ]
NOTIC: [2] Illegal string offset 'loginip' C:\work\juhe\Runtime\Cache\User\0a2302724c4cbc626c8639028f086c96.php 第 29 行.
NOTIC: [8] Uninitialized string offset: 0 C:\work\juhe\Runtime\Cache\User\0a2302724c4cbc626c8639028f086c96.php 第 29 行.
NOTIC: [2] Illegal string offset 'loginaddress' C:\work\juhe\Runtime\Cache\User\0a2302724c4cbc626c8639028f086c96.php 第 29 行.
NOTIC: [8] Uninitialized string offset: 0 C:\work\juhe\Runtime\Cache\User\0a2302724c4cbc626c8639028f086c96.php 第 29 行.
NOTIC: [2] Illegal string offset 'logindatetime' C:\work\juhe\Runtime\Cache\User\0a2302724c4cbc626c8639028f086c96.php 第 29 行.
NOTIC: [8] Uninitialized string offset: 0 C:\work\juhe\Runtime\Cache\User\0a2302724c4cbc626c8639028f086c96.php 第 29 行.
NOTIC: [2] Use of undefined constant groupid - assumed 'groupid' (this will throw an Error in a future version of PHP) C:\work\juhe\Runtime\Cache\User\0a2302724c4cbc626c8639028f086c96.php 第 37 行.
NOTIC: [2] Use of undefined constant groupid - assumed 'groupid' (this will throw an Error in a future version of PHP) C:\work\juhe\Runtime\Cache\User\0a2302724c4cbc626c8639028f086c96.php 第 84 行.
INFO: Run Behavior\ParseTemplateBehavior [ RunTime:0.018107s ]
INFO: [ view_parse ] --END-- [ RunTime:0.018125s ]
INFO: [ view_filter ] --START--
INFO: Run Behavior\WriteHtmlCacheBehavior [ RunTime:0.000372s ]
INFO: Run Behavior\TokenBuildBehavior [ RunTime:0.000843s ]
INFO: [ view_filter ] --END-- [ RunTime:0.001245s ]
INFO: [ app_end ] --START--
INFO: Run Behavior\ShowPageTraceBehavior [ RunTime:0.001089s ]
INFO: [ app_end ] --END-- [ RunTime:0.001121s ]

[ 2018-11-20T09:15:35+08:00 ] 127.0.0.1 /agent_Account_link.html
INFO: [ app_init ] --START--
INFO: Run Behavior\BuildLiteBehavior [ RunTime:0.000005s ]
INFO: [ app_init ] --END-- [ RunTime:0.000026s ]
INFO: [ app_begin ] --START--
INFO: Run Behavior\ReadHtmlCacheBehavior [ RunTime:0.001400s ]
INFO: Run Behavior\CheckLangBehavior [ RunTime:0.000819s ]
INFO: [ app_begin ] --END-- [ RunTime:0.002292s ]
SQL: SHOW COLUMNS FROM `pay_websiteconfig` [ RunTime:0.0010s ]
SQL: SELECT * FROM `pay_websiteconfig` LIMIT 1   [ RunTime:0.0006s ]
SQL: SHOW COLUMNS FROM `pay_member` [ RunTime:0.0011s ]
SQL: SELECT `id` as uid,`username`,`password`,`groupid`,`parentid`,`salt`,`balance`,`blockedbalance`,`email`,`realname`,`authorized`,`apidomain`,`apikey`,`status`,`mobile`,`receiver`,`agent_cate`,`df_api`,`login_ip`,`open_charge`,`google_secret_key`,`session_random`,`regdatetime` FROM `pay_member` WHERE `id` = 90 LIMIT 1   [ RunTime:0.0015s ]
INFO: [ view_parse ] --START--
INFO: [ template_filter ] --START--
INFO: Run Behavior\ContentReplaceBehavior [ RunTime:0.000020s ]
INFO: [ template_filter ] --END-- [ RunTime:0.000047s ]
INFO: Run Behavior\ParseTemplateBehavior [ RunTime:0.010341s ]
INFO: [ view_parse ] --END-- [ RunTime:0.010440s ]
INFO: [ view_filter ] --START--
INFO: Run Behavior\WriteHtmlCacheBehavior [ RunTime:0.013063s ]
INFO: Run Behavior\TokenBuildBehavior [ RunTime:0.000954s ]
INFO: [ view_filter ] --END-- [ RunTime:0.014169s ]
INFO: [ app_end ] --START--
INFO: Run Behavior\ShowPageTraceBehavior [ RunTime:0.000626s ]
INFO: [ app_end ] --END-- [ RunTime:0.000644s ]

[ 2018-11-20T13:23:06+08:00 ] 127.0.0.1 /user.html
INFO: [ app_init ] --START--
INFO: Run Behavior\BuildLiteBehavior [ RunTime:0.000010s ]
INFO: [ app_init ] --END-- [ RunTime:0.000055s ]
INFO: [ app_begin ] --START--
INFO: Run Behavior\ReadHtmlCacheBehavior [ RunTime:0.000595s ]
INFO: Run Behavior\CheckLangBehavior [ RunTime:0.000786s ]
INFO: [ app_begin ] --END-- [ RunTime:0.001421s ]
SQL: SHOW COLUMNS FROM `pay_websiteconfig` [ RunTime:0.0007s ]
SQL: SELECT * FROM `pay_websiteconfig` LIMIT 1   [ RunTime:0.0005s ]
SQL: SHOW COLUMNS FROM `pay_member` [ RunTime:0.0008s ]
SQL: SELECT `id` as uid,`username`,`password`,`groupid`,`parentid`,`salt`,`balance`,`blockedbalance`,`email`,`realname`,`authorized`,`apidomain`,`apikey`,`status`,`mobile`,`receiver`,`agent_cate`,`df_api`,`login_ip`,`open_charge`,`google_secret_key`,`session_random`,`regdatetime` FROM `pay_member` WHERE `id` = 90 LIMIT 1   [ RunTime:0.0005s ]
INFO: [ view_parse ] --START--
INFO: [ template_filter ] --START--
INFO: Run Behavior\ContentReplaceBehavior [ RunTime:0.000051s ]
INFO: [ template_filter ] --END-- [ RunTime:0.000084s ]
NOTIC: [2] Use of undefined constant agent_cate - assumed 'agent_cate' (this will throw an Error in a future version of PHP) C:\work\juhe\Runtime\Cache\User\d7a7632f153cf12d0db44c934c28bcfe.php 第 53 行.
NOTIC: [2] Use of undefined constant groupid - assumed 'groupid' (this will throw an Error in a future version of PHP) C:\work\juhe\Runtime\Cache\User\d7a7632f153cf12d0db44c934c28bcfe.php 第 58 行.
NOTIC: [2] Use of undefined constant groupid - assumed 'groupid' (this will throw an Error in a future version of PHP) C:\work\juhe\Runtime\Cache\User\d7a7632f153cf12d0db44c934c28bcfe.php 第 70 行.
NOTIC: [2] Use of undefined constant open_charge - assumed 'open_charge' (this will throw an Error in a future version of PHP) C:\work\juhe\Runtime\Cache\User\d7a7632f153cf12d0db44c934c28bcfe.php 第 70 行.
NOTIC: [2] Use of undefined constant groupid - assumed 'groupid' (this will throw an Error in a future version of PHP) C:\work\juhe\Runtime\Cache\User\d7a7632f153cf12d0db44c934c28bcfe.php 第 103 行.
NOTIC: [2] Use of undefined constant df_api - assumed 'df_api' (this will throw an Error in a future version of PHP) C:\work\juhe\Runtime\Cache\User\d7a7632f153cf12d0db44c934c28bcfe.php 第 120 行.
NOTIC: [2] Use of undefined constant groupid - assumed 'groupid' (this will throw an Error in a future version of PHP) C:\work\juhe\Runtime\Cache\User\d7a7632f153cf12d0db44c934c28bcfe.php 第 123 行.
NOTIC: [2] Use of undefined constant groupid - assumed 'groupid' (this will throw an Error in a future version of PHP) C:\work\juhe\Runtime\Cache\User\d7a7632f153cf12d0db44c934c28bcfe.php 第 131 行.
NOTIC: [2] Use of undefined constant groupid - assumed 'groupid' (this will throw an Error in a future version of PHP) C:\work\juhe\Runtime\Cache\User\d7a7632f153cf12d0db44c934c28bcfe.php 第 145 行.
NOTIC: [2] Use of undefined constant groupid - assumed 'groupid' (this will throw an Error in a future version of PHP) C:\work\juhe\Runtime\Cache\User\d7a7632f153cf12d0db44c934c28bcfe.php 第 159 行.
INFO: Run Behavior\ParseTemplateBehavior [ RunTime:0.009289s ]
INFO: [ view_parse ] --END-- [ RunTime:0.009319s ]
INFO: [ view_filter ] --START--
INFO: Run Behavior\WriteHtmlCacheBehavior [ RunTime:0.000586s ]
INFO: Run Behavior\TokenBuildBehavior [ RunTime:0.001142s ]
INFO: [ view_filter ] --END-- [ RunTime:0.001763s ]
INFO: [ app_end ] --START--
INFO: Run Behavior\ShowPageTraceBehavior [ RunTime:0.000654s ]
INFO: [ app_end ] --END-- [ RunTime:0.000675s ]

[ 2018-11-20T13:23:07+08:00 ] 127.0.0.1 /agent_Index_main.html
INFO: [ app_init ] --START--
INFO: Run Behavior\BuildLiteBehavior [ RunTime:0.000006s ]
INFO: [ app_init ] --END-- [ RunTime:0.000035s ]
INFO: [ app_begin ] --START--
INFO: Run Behavior\ReadHtmlCacheBehavior [ RunTime:0.000685s ]
INFO: Run Behavior\CheckLangBehavior [ RunTime:0.002105s ]
INFO: [ app_begin ] --END-- [ RunTime:0.002854s ]
SQL: SHOW COLUMNS FROM `pay_websiteconfig` [ RunTime:0.0008s ]
SQL: SELECT * FROM `pay_websiteconfig` LIMIT 1   [ RunTime:0.0004s ]
SQL: SHOW COLUMNS FROM `pay_member` [ RunTime:0.0009s ]
SQL: SELECT `id` as uid,`username`,`password`,`groupid`,`parentid`,`salt`,`balance`,`blockedbalance`,`email`,`realname`,`authorized`,`apidomain`,`apikey`,`status`,`mobile`,`receiver`,`agent_cate`,`df_api`,`login_ip`,`open_charge`,`google_secret_key`,`session_random`,`regdatetime` FROM `pay_member` WHERE `id` = 90 LIMIT 1   [ RunTime:0.0005s ]
SQL: SHOW COLUMNS FROM `pay_order` [ RunTime:0.0009s ]
SQL: SELECT SUM( pay_actualamount ) AS total, FROM_UNIXTIME( pay_successdate,  '%Y-%m-%d' ) AS DATETIME
FROM pay_order WHERE pay_successdate >= UNIX_TIMESTAMP(  '2018-11-01' ) AND pay_successdate < UNIX_TIMESTAMP(  '2018-11-30' ) AND pay_status>=1 AND pay_memberid=10090  GROUP BY DATETIME [ RunTime:0.0007s ]
SQL: SELECT COUNT( id ) AS num, FROM_UNIXTIME( pay_successdate,  '%Y-%m-%d' ) AS DATETIME
FROM pay_order WHERE pay_successdate >= UNIX_TIMESTAMP(  '2018-11-01' ) AND pay_successdate < UNIX_TIMESTAMP(  '2018-11-30' ) AND pay_status>=1 AND pay_memberid=10090  GROUP BY DATETIME [ RunTime:0.0005s ]
NOTIC: [8] Undefined variable: category C:\work\juhe\Application\User\Controller\IndexController.class.php 第 58 行.
NOTIC: [2] implode(): Invalid arguments passed C:\work\juhe\Application\User\Controller\IndexController.class.php 第 58 行.
NOTIC: [8] Undefined variable: dataone C:\work\juhe\Application\User\Controller\IndexController.class.php 第 59 行.
NOTIC: [2] implode(): Invalid arguments passed C:\work\juhe\Application\User\Controller\IndexController.class.php 第 59 行.
NOTIC: [8] Undefined variable: datatwo C:\work\juhe\Application\User\Controller\IndexController.class.php 第 60 行.
NOTIC: [2] implode(): Invalid arguments passed C:\work\juhe\Application\User\Controller\IndexController.class.php 第 60 行.
SQL: SHOW COLUMNS FROM `pay_article` [ RunTime:0.0007s ]
SQL: SELECT * FROM `pay_article` WHERE `status` = 1 AND `groupid` IN ('0','1') ORDER BY id desc LIMIT 2   [ RunTime:0.0003s ]
SQL: SHOW COLUMNS FROM `pay_loginrecord` [ RunTime:0.0007s ]
SQL: SELECT * FROM `pay_loginrecord` WHERE `userid` = 90 ORDER BY id desc LIMIT 2   [ RunTime:0.0010s ]
SQL: SELECT COUNT(*) AS tp_count FROM `pay_order` WHERE `pay_memberid` = 10090 AND `pay_applydate` BETWEEN 1542643200 AND 1542729599 LIMIT 1   [ RunTime:0.0006s ]
SQL: SELECT COUNT(*) AS tp_count FROM `pay_order` WHERE `pay_memberid` = 10090 AND `pay_successdate` BETWEEN 1542643200 AND 1542729599 AND `pay_status` IN ('1','2') LIMIT 1   [ RunTime:0.0007s ]
SQL: SELECT COUNT(*) AS tp_count FROM `pay_order` WHERE `pay_memberid` = 10090 AND `pay_applydate` BETWEEN 1542643200 AND 1542729599 AND `pay_status` = 0 LIMIT 1   [ RunTime:0.0006s ]
SQL: SELECT SUM(pay_amount) AS tp_sum FROM `pay_order` WHERE `pay_memberid` = 10090 AND `pay_applydate` BETWEEN 1542643200 AND 1542729599 AND `pay_status` = 0 LIMIT 1   [ RunTime:0.0006s ]
SQL: SELECT SUM(pay_actualamount) AS tp_sum FROM `pay_order` WHERE `pay_memberid` = 10090 AND `pay_successdate` BETWEEN 1542643200 AND 1542729599 AND `pay_status` IN ('1','2') LIMIT 1   [ RunTime:0.0005s ]
INFO: [ view_parse ] --START--
INFO: [ template_filter ] --START--
INFO: Run Behavior\ContentReplaceBehavior [ RunTime:0.000034s ]
INFO: [ template_filter ] --END-- [ RunTime:0.000055s ]
NOTIC: [2] Illegal string offset 'loginip' C:\work\juhe\Runtime\Cache\User\0a2302724c4cbc626c8639028f086c96.php 第 29 行.
NOTIC: [8] Uninitialized string offset: 0 C:\work\juhe\Runtime\Cache\User\0a2302724c4cbc626c8639028f086c96.php 第 29 行.
NOTIC: [2] Illegal string offset 'loginaddress' C:\work\juhe\Runtime\Cache\User\0a2302724c4cbc626c8639028f086c96.php 第 29 行.
NOTIC: [8] Uninitialized string offset: 0 C:\work\juhe\Runtime\Cache\User\0a2302724c4cbc626c8639028f086c96.php 第 29 行.
NOTIC: [2] Illegal string offset 'logindatetime' C:\work\juhe\Runtime\Cache\User\0a2302724c4cbc626c8639028f086c96.php 第 29 行.
NOTIC: [8] Uninitialized string offset: 0 C:\work\juhe\Runtime\Cache\User\0a2302724c4cbc626c8639028f086c96.php 第 29 行.
NOTIC: [2] Use of undefined constant groupid - assumed 'groupid' (this will throw an Error in a future version of PHP) C:\work\juhe\Runtime\Cache\User\0a2302724c4cbc626c8639028f086c96.php 第 37 行.
NOTIC: [2] Use of undefined constant groupid - assumed 'groupid' (this will throw an Error in a future version of PHP) C:\work\juhe\Runtime\Cache\User\0a2302724c4cbc626c8639028f086c96.php 第 84 行.
INFO: Run Behavior\ParseTemplateBehavior [ RunTime:0.005953s ]
INFO: [ view_parse ] --END-- [ RunTime:0.005977s ]
INFO: [ view_filter ] --START--
INFO: Run Behavior\WriteHtmlCacheBehavior [ RunTime:0.000456s ]
INFO: Run Behavior\TokenBuildBehavior [ RunTime:0.000948s ]
INFO: [ view_filter ] --END-- [ RunTime:0.001441s ]
INFO: [ app_end ] --START--
INFO: Run Behavior\ShowPageTraceBehavior [ RunTime:0.000699s ]
INFO: [ app_end ] --END-- [ RunTime:0.000726s ]

[ 2018-11-20T13:23:11+08:00 ] 127.0.0.1 /agent_Account_profile.html
INFO: [ app_init ] --START--
INFO: Run Behavior\BuildLiteBehavior [ RunTime:0.000007s ]
INFO: [ app_init ] --END-- [ RunTime:0.000032s ]
INFO: [ app_begin ] --START--
INFO: Run Behavior\ReadHtmlCacheBehavior [ RunTime:0.000622s ]
INFO: Run Behavior\CheckLangBehavior [ RunTime:0.000795s ]
INFO: [ app_begin ] --END-- [ RunTime:0.001469s ]
SQL: SHOW COLUMNS FROM `pay_websiteconfig` [ RunTime:0.0006s ]
SQL: SELECT * FROM `pay_websiteconfig` LIMIT 1   [ RunTime:0.0003s ]
SQL: SHOW COLUMNS FROM `pay_member` [ RunTime:0.0007s ]
SQL: SELECT `id` as uid,`username`,`password`,`groupid`,`parentid`,`salt`,`balance`,`blockedbalance`,`email`,`realname`,`authorized`,`apidomain`,`apikey`,`status`,`mobile`,`receiver`,`agent_cate`,`df_api`,`login_ip`,`open_charge`,`google_secret_key`,`session_random`,`regdatetime` FROM `pay_member` WHERE `id` = 90 LIMIT 1   [ RunTime:0.0003s ]
SQL: SELECT * FROM `pay_member` WHERE `id` = 90 LIMIT 1   [ RunTime:0.0003s ]
SQL: SHOW COLUMNS FROM `pay_sms` [ RunTime:0.0005s ]
SQL: SELECT * FROM `pay_sms` LIMIT 1   [ RunTime:0.0003s ]
SQL: SHOW COLUMNS FROM `pay_websiteconfig` [ RunTime:0.0005s ]
SQL: SELECT `df_api` FROM `pay_websiteconfig` LIMIT 1   [ RunTime:0.0002s ]
SQL: SELECT `username` FROM `pay_member` WHERE `id` = 1 LIMIT 1   [ RunTime:0.0002s ]
INFO: [ view_parse ] --START--
INFO: [ template_filter ] --START--
INFO: Run Behavior\ContentReplaceBehavior [ RunTime:0.000055s ]
INFO: [ template_filter ] --END-- [ RunTime:0.000086s ]
NOTIC: [2] Use of undefined constant sex - assumed 'sex' (this will throw an Error in a future version of PHP) C:\work\juhe\Runtime\Cache\User\ab070ebc0ea52ddabda22edffd505f45.php 第 144 行.
NOTIC: [2] Use of undefined constant sex - assumed 'sex' (this will throw an Error in a future version of PHP) C:\work\juhe\Runtime\Cache\User\ab070ebc0ea52ddabda22edffd505f45.php 第 146 行.
NOTIC: [2] Use of undefined constant login_ip - assumed 'login_ip' (this will throw an Error in a future version of PHP) C:\work\juhe\Runtime\Cache\User\ab070ebc0ea52ddabda22edffd505f45.php 第 161 行.
NOTIC: [2] Use of undefined constant df_domain - assumed 'df_domain' (this will throw an Error in a future version of PHP) C:\work\juhe\Runtime\Cache\User\ab070ebc0ea52ddabda22edffd505f45.php 第 183 行.
NOTIC: [2] Use of undefined constant df_ip - assumed 'df_ip' (this will throw an Error in a future version of PHP) C:\work\juhe\Runtime\Cache\User\ab070ebc0ea52ddabda22edffd505f45.php 第 190 行.
NOTIC: [8] Undefined variable: sendUrl C:\work\juhe\Runtime\Cache\User\ab070ebc0ea52ddabda22edffd505f45.php 第 211 行.
NOTIC: [2] Use of undefined constant T - assumed 'T' (this will throw an Error in a future version of PHP) C:\work\juhe\Runtime\Cache\User\ab070ebc0ea52ddabda22edffd505f45.php 第 251 行.
NOTIC: [8] Undefined index: T C:\work\juhe\Runtime\Cache\User\ab070ebc0ea52ddabda22edffd505f45.php 第 251 行.
NOTIC: [2] Use of undefined constant createtime - assumed 'createtime' (this will throw an Error in a future version of PHP) C:\work\juhe\Runtime\Cache\User\ab070ebc0ea52ddabda22edffd505f45.php 第 251 行.
NOTIC: [8] Undefined index: createtime C:\work\juhe\Runtime\Cache\User\ab070ebc0ea52ddabda22edffd505f45.php 第 251 行.
NOTIC: [2] Use of undefined constant successtime - assumed 'successtime' (this will throw an Error in a future version of PHP) C:\work\juhe\Runtime\Cache\User\ab070ebc0ea52ddabda22edffd505f45.php 第 251 行.
NOTIC: [8] Undefined index: successtime C:\work\juhe\Runtime\Cache\User\ab070ebc0ea52ddabda22edffd505f45.php 第 251 行.
NOTIC: [2] Use of undefined constant tongdao - assumed 'tongdao' (this will throw an Error in a future version of PHP) C:\work\juhe\Runtime\Cache\User\ab070ebc0ea52ddabda22edffd505f45.php 第 251 行.
NOTIC: [8] Undefined index: tongdao C:\work\juhe\Runtime\Cache\User\ab070ebc0ea52ddabda22edffd505f45.php 第 251 行.
NOTIC: [2] Use of undefined constant status - assumed 'status' (this will throw an Error in a future version of PHP) C:\work\juhe\Runtime\Cache\User\ab070ebc0ea52ddabda22edffd505f45.php 第 251 行.
NOTIC: [8] Undefined index: status C:\work\juhe\Runtime\Cache\User\ab070ebc0ea52ddabda22edffd505f45.php 第 251 行.
INFO: Run Behavior\ParseTemplateBehavior [ RunTime:0.015241s ]
INFO: [ view_parse ] --END-- [ RunTime:0.015267s ]
INFO: [ view_filter ] --START--
INFO: Run Behavior\WriteHtmlCacheBehavior [ RunTime:0.000570s ]
INFO: Run Behavior\TokenBuildBehavior [ RunTime:0.001057s ]
INFO: [ view_filter ] --END-- [ RunTime:0.001654s ]
INFO: [ app_end ] --START--
INFO: Run Behavior\ShowPageTraceBehavior [ RunTime:0.000593s ]
INFO: [ app_end ] --END-- [ RunTime:0.000613s ]

[ 2018-11-20T20:13:42+08:00 ] 127.0.0.1 /agent_Account_link.html
INFO: [ app_init ] --START--
INFO: Run Behavior\BuildLiteBehavior [ RunTime:0.000005s ]
INFO: [ app_init ] --END-- [ RunTime:0.000029s ]
INFO: [ app_begin ] --START--
INFO: Run Behavior\ReadHtmlCacheBehavior [ RunTime:0.000632s ]
INFO: Run Behavior\CheckLangBehavior [ RunTime:0.000883s ]
INFO: [ app_begin ] --END-- [ RunTime:0.001557s ]
SQL: SHOW COLUMNS FROM `pay_websiteconfig` [ RunTime:0.0010s ]
SQL: SELECT * FROM `pay_websiteconfig` LIMIT 1   [ RunTime:0.0009s ]
SQL: SHOW COLUMNS FROM `pay_member` [ RunTime:0.0012s ]
SQL: SELECT `id` as uid,`username`,`password`,`groupid`,`parentid`,`salt`,`balance`,`blockedbalance`,`email`,`realname`,`authorized`,`apidomain`,`apikey`,`status`,`mobile`,`receiver`,`agent_cate`,`df_api`,`login_ip`,`open_charge`,`google_secret_key`,`session_random`,`regdatetime` FROM `pay_member` WHERE `id` = 90 LIMIT 1   [ RunTime:0.0007s ]
INFO: [ view_parse ] --START--
INFO: [ template_filter ] --START--
INFO: Run Behavior\ContentReplaceBehavior [ RunTime:0.000019s ]
INFO: [ template_filter ] --END-- [ RunTime:0.000041s ]
INFO: Run Behavior\ParseTemplateBehavior [ RunTime:0.006572s ]
INFO: [ view_parse ] --END-- [ RunTime:0.006592s ]
INFO: [ view_filter ] --START--
INFO: Run Behavior\WriteHtmlCacheBehavior [ RunTime:0.000440s ]
INFO: Run Behavior\TokenBuildBehavior [ RunTime:0.000620s ]
INFO: [ view_filter ] --END-- [ RunTime:0.001085s ]
INFO: [ app_end ] --START--
INFO: Run Behavior\ShowPageTraceBehavior [ RunTime:0.000613s ]
INFO: [ app_end ] --END-- [ RunTime:0.000629s ]

[ 2018-11-20T20:14:12+08:00 ] 127.0.0.1 /user.html
INFO: [ app_init ] --START--
INFO: Run Behavior\BuildLiteBehavior [ RunTime:0.000007s ]
INFO: [ app_init ] --END-- [ RunTime:0.000033s ]
INFO: [ app_begin ] --START--
INFO: Run Behavior\ReadHtmlCacheBehavior [ RunTime:0.000501s ]
INFO: Run Behavior\CheckLangBehavior [ RunTime:0.000725s ]
INFO: [ app_begin ] --END-- [ RunTime:0.001263s ]
SQL: SHOW COLUMNS FROM `pay_websiteconfig` [ RunTime:0.0008s ]
SQL: SELECT * FROM `pay_websiteconfig` LIMIT 1   [ RunTime:0.0004s ]
SQL: SHOW COLUMNS FROM `pay_member` [ RunTime:0.0007s ]
SQL: SELECT `id` as uid,`username`,`password`,`groupid`,`parentid`,`salt`,`balance`,`blockedbalance`,`email`,`realname`,`authorized`,`apidomain`,`apikey`,`status`,`mobile`,`receiver`,`agent_cate`,`df_api`,`login_ip`,`open_charge`,`google_secret_key`,`session_random`,`regdatetime` FROM `pay_member` WHERE `id` = 90 LIMIT 1   [ RunTime:0.0004s ]
INFO: [ view_parse ] --START--
INFO: [ template_filter ] --START--
INFO: Run Behavior\ContentReplaceBehavior [ RunTime:0.000036s ]
INFO: [ template_filter ] --END-- [ RunTime:0.000064s ]
NOTIC: [2] Use of undefined constant agent_cate - assumed 'agent_cate' (this will throw an Error in a future version of PHP) C:\work\juhe\Runtime\Cache\User\d7a7632f153cf12d0db44c934c28bcfe.php 第 53 行.
NOTIC: [2] Use of undefined constant groupid - assumed 'groupid' (this will throw an Error in a future version of PHP) C:\work\juhe\Runtime\Cache\User\d7a7632f153cf12d0db44c934c28bcfe.php 第 58 行.
NOTIC: [2] Use of undefined constant groupid - assumed 'groupid' (this will throw an Error in a future version of PHP) C:\work\juhe\Runtime\Cache\User\d7a7632f153cf12d0db44c934c28bcfe.php 第 70 行.
NOTIC: [2] Use of undefined constant open_charge - assumed 'open_charge' (this will throw an Error in a future version of PHP) C:\work\juhe\Runtime\Cache\User\d7a7632f153cf12d0db44c934c28bcfe.php 第 70 行.
NOTIC: [2] Use of undefined constant groupid - assumed 'groupid' (this will throw an Error in a future version of PHP) C:\work\juhe\Runtime\Cache\User\d7a7632f153cf12d0db44c934c28bcfe.php 第 103 行.
NOTIC: [2] Use of undefined constant df_api - assumed 'df_api' (this will throw an Error in a future version of PHP) C:\work\juhe\Runtime\Cache\User\d7a7632f153cf12d0db44c934c28bcfe.php 第 120 行.
NOTIC: [2] Use of undefined constant groupid - assumed 'groupid' (this will throw an Error in a future version of PHP) C:\work\juhe\Runtime\Cache\User\d7a7632f153cf12d0db44c934c28bcfe.php 第 123 行.
NOTIC: [2] Use of undefined constant groupid - assumed 'groupid' (this will throw an Error in a future version of PHP) C:\work\juhe\Runtime\Cache\User\d7a7632f153cf12d0db44c934c28bcfe.php 第 131 行.
NOTIC: [2] Use of undefined constant groupid - assumed 'groupid' (this will throw an Error in a future version of PHP) C:\work\juhe\Runtime\Cache\User\d7a7632f153cf12d0db44c934c28bcfe.php 第 145 行.
NOTIC: [2] Use of undefined constant groupid - assumed 'groupid' (this will throw an Error in a future version of PHP) C:\work\juhe\Runtime\Cache\User\d7a7632f153cf12d0db44c934c28bcfe.php 第 159 行.
INFO: Run Behavior\ParseTemplateBehavior [ RunTime:0.016070s ]
INFO: [ view_parse ] --END-- [ RunTime:0.016204s ]
INFO: [ view_filter ] --START--
INFO: Run Behavior\WriteHtmlCacheBehavior [ RunTime:0.000656s ]
INFO: Run Behavior\TokenBuildBehavior [ RunTime:0.002346s ]
INFO: [ view_filter ] --END-- [ RunTime:0.003102s ]
INFO: [ app_end ] --START--
INFO: Run Behavior\ShowPageTraceBehavior [ RunTime:0.001809s ]
INFO: [ app_end ] --END-- [ RunTime:0.001842s ]

[ 2018-11-20T20:14:12+08:00 ] 127.0.0.1 /agent_Index_main.html
INFO: [ app_init ] --START--
INFO: Run Behavior\BuildLiteBehavior [ RunTime:0.000011s ]
INFO: [ app_init ] --END-- [ RunTime:0.000057s ]
INFO: [ app_begin ] --START--
INFO: Run Behavior\ReadHtmlCacheBehavior [ RunTime:0.000556s ]
INFO: Run Behavior\CheckLangBehavior [ RunTime:0.000839s ]
INFO: [ app_begin ] --END-- [ RunTime:0.001442s ]
SQL: SHOW COLUMNS FROM `pay_websiteconfig` [ RunTime:0.0022s ]
SQL: SELECT * FROM `pay_websiteconfig` LIMIT 1   [ RunTime:0.0004s ]
SQL: SHOW COLUMNS FROM `pay_member` [ RunTime:0.0009s ]
SQL: SELECT `id` as uid,`username`,`password`,`groupid`,`parentid`,`salt`,`balance`,`blockedbalance`,`email`,`realname`,`authorized`,`apidomain`,`apikey`,`status`,`mobile`,`receiver`,`agent_cate`,`df_api`,`login_ip`,`open_charge`,`google_secret_key`,`session_random`,`regdatetime` FROM `pay_member` WHERE `id` = 90 LIMIT 1   [ RunTime:0.0005s ]
SQL: SHOW COLUMNS FROM `pay_order` [ RunTime:0.0010s ]
SQL: SELECT SUM( pay_actualamount ) AS total, FROM_UNIXTIME( pay_successdate,  '%Y-%m-%d' ) AS DATETIME
FROM pay_order WHERE pay_successdate >= UNIX_TIMESTAMP(  '2018-11-01' ) AND pay_successdate < UNIX_TIMESTAMP(  '2018-11-30' ) AND pay_status>=1 AND pay_memberid=10090  GROUP BY DATETIME [ RunTime:0.0008s ]
SQL: SELECT COUNT( id ) AS num, FROM_UNIXTIME( pay_successdate,  '%Y-%m-%d' ) AS DATETIME
FROM pay_order WHERE pay_successdate >= UNIX_TIMESTAMP(  '2018-11-01' ) AND pay_successdate < UNIX_TIMESTAMP(  '2018-11-30' ) AND pay_status>=1 AND pay_memberid=10090  GROUP BY DATETIME [ RunTime:0.0006s ]
NOTIC: [8] Undefined variable: category C:\work\juhe\Application\User\Controller\IndexController.class.php 第 58 行.
NOTIC: [2] implode(): Invalid arguments passed C:\work\juhe\Application\User\Controller\IndexController.class.php 第 58 行.
NOTIC: [8] Undefined variable: dataone C:\work\juhe\Application\User\Controller\IndexController.class.php 第 59 行.
NOTIC: [2] implode(): Invalid arguments passed C:\work\juhe\Application\User\Controller\IndexController.class.php 第 59 行.
NOTIC: [8] Undefined variable: datatwo C:\work\juhe\Application\User\Controller\IndexController.class.php 第 60 行.
NOTIC: [2] implode(): Invalid arguments passed C:\work\juhe\Application\User\Controller\IndexController.class.php 第 60 行.
SQL: SHOW COLUMNS FROM `pay_article` [ RunTime:0.0007s ]
SQL: SELECT * FROM `pay_article` WHERE `status` = 1 AND `groupid` IN ('0','1') ORDER BY id desc LIMIT 2   [ RunTime:0.0003s ]
SQL: SHOW COLUMNS FROM `pay_loginrecord` [ RunTime:0.0006s ]
SQL: SELECT * FROM `pay_loginrecord` WHERE `userid` = 90 ORDER BY id desc LIMIT 2   [ RunTime:0.0009s ]
SQL: SELECT COUNT(*) AS tp_count FROM `pay_order` WHERE `pay_memberid` = 10090 AND `pay_applydate` BETWEEN 1542643200 AND 1542729599 LIMIT 1   [ RunTime:0.0005s ]
SQL: SELECT COUNT(*) AS tp_count FROM `pay_order` WHERE `pay_memberid` = 10090 AND `pay_successdate` BETWEEN 1542643200 AND 1542729599 AND `pay_status` IN ('1','2') LIMIT 1   [ RunTime:0.0005s ]
SQL: SELECT COUNT(*) AS tp_count FROM `pay_order` WHERE `pay_memberid` = 10090 AND `pay_applydate` BETWEEN 1542643200 AND 1542729599 AND `pay_status` = 0 LIMIT 1   [ RunTime:0.0005s ]
SQL: SELECT SUM(pay_amount) AS tp_sum FROM `pay_order` WHERE `pay_memberid` = 10090 AND `pay_applydate` BETWEEN 1542643200 AND 1542729599 AND `pay_status` = 0 LIMIT 1   [ RunTime:0.0006s ]
SQL: SELECT SUM(pay_actualamount) AS tp_sum FROM `pay_order` WHERE `pay_memberid` = 10090 AND `pay_successdate` BETWEEN 1542643200 AND 1542729599 AND `pay_status` IN ('1','2') LIMIT 1   [ RunTime:0.0007s ]
INFO: [ view_parse ] --START--
INFO: [ template_filter ] --START--
INFO: Run Behavior\ContentReplaceBehavior [ RunTime:0.000031s ]
INFO: [ template_filter ] --END-- [ RunTime:0.000055s ]
NOTIC: [2] Illegal string offset 'loginip' C:\work\juhe\Runtime\Cache\User\0a2302724c4cbc626c8639028f086c96.php 第 29 行.
NOTIC: [8] Uninitialized string offset: 0 C:\work\juhe\Runtime\Cache\User\0a2302724c4cbc626c8639028f086c96.php 第 29 行.
NOTIC: [2] Illegal string offset 'loginaddress' C:\work\juhe\Runtime\Cache\User\0a2302724c4cbc626c8639028f086c96.php 第 29 行.
NOTIC: [8] Uninitialized string offset: 0 C:\work\juhe\Runtime\Cache\User\0a2302724c4cbc626c8639028f086c96.php 第 29 行.
NOTIC: [2] Illegal string offset 'logindatetime' C:\work\juhe\Runtime\Cache\User\0a2302724c4cbc626c8639028f086c96.php 第 29 行.
NOTIC: [8] Uninitialized string offset: 0 C:\work\juhe\Runtime\Cache\User\0a2302724c4cbc626c8639028f086c96.php 第 29 行.
NOTIC: [2] Use of undefined constant groupid - assumed 'groupid' (this will throw an Error in a future version of PHP) C:\work\juhe\Runtime\Cache\User\0a2302724c4cbc626c8639028f086c96.php 第 37 行.
NOTIC: [2] Use of undefined constant groupid - assumed 'groupid' (this will throw an Error in a future version of PHP) C:\work\juhe\Runtime\Cache\User\0a2302724c4cbc626c8639028f086c96.php 第 84 行.
INFO: Run Behavior\ParseTemplateBehavior [ RunTime:0.009035s ]
INFO: [ view_parse ] --END-- [ RunTime:0.009078s ]
INFO: [ view_filter ] --START--
INFO: Run Behavior\WriteHtmlCacheBehavior [ RunTime:0.000545s ]
INFO: Run Behavior\TokenBuildBehavior [ RunTime:0.001019s ]
INFO: [ view_filter ] --END-- [ RunTime:0.001601s ]
INFO: [ app_end ] --START--
INFO: Run Behavior\ShowPageTraceBehavior [ RunTime:0.000798s ]
INFO: [ app_end ] --END-- [ RunTime:0.000836s ]

[ 2018-11-20T20:45:39+08:00 ] 127.0.0.1 /agent_Index_index.html
INFO: [ app_init ] --START--
INFO: Run Behavior\BuildLiteBehavior [ RunTime:0.000007s ]
INFO: [ app_init ] --END-- [ RunTime:0.000046s ]
INFO: [ app_begin ] --START--
INFO: Run Behavior\ReadHtmlCacheBehavior [ RunTime:0.000726s ]
INFO: Run Behavior\CheckLangBehavior [ RunTime:0.001035s ]
INFO: [ app_begin ] --END-- [ RunTime:0.001796s ]
SQL: SHOW COLUMNS FROM `pay_websiteconfig` [ RunTime:0.0009s ]
SQL: SELECT * FROM `pay_websiteconfig` LIMIT 1   [ RunTime:0.0004s ]
SQL: SHOW COLUMNS FROM `pay_member` [ RunTime:0.0008s ]
SQL: SELECT `id` as uid,`username`,`password`,`groupid`,`parentid`,`salt`,`balance`,`blockedbalance`,`email`,`realname`,`authorized`,`apidomain`,`apikey`,`status`,`mobile`,`receiver`,`agent_cate`,`df_api`,`login_ip`,`open_charge`,`google_secret_key`,`session_random`,`regdatetime` FROM `pay_member` WHERE `id` = 90 LIMIT 1   [ RunTime:0.0004s ]
INFO: [ view_parse ] --START--
INFO: [ template_filter ] --START--
INFO: Run Behavior\ContentReplaceBehavior [ RunTime:0.000067s ]
INFO: [ template_filter ] --END-- [ RunTime:0.000118s ]
NOTIC: [2] Use of undefined constant agent_cate - assumed 'agent_cate' (this will throw an Error in a future version of PHP) C:\work\juhe\Runtime\Cache\User\d7a7632f153cf12d0db44c934c28bcfe.php 第 53 行.
NOTIC: [2] Use of undefined constant groupid - assumed 'groupid' (this will throw an Error in a future version of PHP) C:\work\juhe\Runtime\Cache\User\d7a7632f153cf12d0db44c934c28bcfe.php 第 58 行.
NOTIC: [2] Use of undefined constant groupid - assumed 'groupid' (this will throw an Error in a future version of PHP) C:\work\juhe\Runtime\Cache\User\d7a7632f153cf12d0db44c934c28bcfe.php 第 70 行.
NOTIC: [2] Use of undefined constant open_charge - assumed 'open_charge' (this will throw an Error in a future version of PHP) C:\work\juhe\Runtime\Cache\User\d7a7632f153cf12d0db44c934c28bcfe.php 第 70 行.
NOTIC: [2] Use of undefined constant groupid - assumed 'groupid' (this will throw an Error in a future version of PHP) C:\work\juhe\Runtime\Cache\User\d7a7632f153cf12d0db44c934c28bcfe.php 第 103 行.
NOTIC: [2] Use of undefined constant df_api - assumed 'df_api' (this will throw an Error in a future version of PHP) C:\work\juhe\Runtime\Cache\User\d7a7632f153cf12d0db44c934c28bcfe.php 第 120 行.
NOTIC: [2] Use of undefined constant groupid - assumed 'groupid' (this will throw an Error in a future version of PHP) C:\work\juhe\Runtime\Cache\User\d7a7632f153cf12d0db44c934c28bcfe.php 第 123 行.
NOTIC: [2] Use of undefined constant groupid - assumed 'groupid' (this will throw an Error in a future version of PHP) C:\work\juhe\Runtime\Cache\User\d7a7632f153cf12d0db44c934c28bcfe.php 第 131 行.
NOTIC: [2] Use of undefined constant groupid - assumed 'groupid' (this will throw an Error in a future version of PHP) C:\work\juhe\Runtime\Cache\User\d7a7632f153cf12d0db44c934c28bcfe.php 第 145 行.
NOTIC: [2] Use of undefined constant groupid - assumed 'groupid' (this will throw an Error in a future version of PHP) C:\work\juhe\Runtime\Cache\User\d7a7632f153cf12d0db44c934c28bcfe.php 第 159 行.
INFO: Run Behavior\ParseTemplateBehavior [ RunTime:0.011681s ]
INFO: [ view_parse ] --END-- [ RunTime:0.011705s ]
INFO: [ view_filter ] --START--
INFO: Run Behavior\WriteHtmlCacheBehavior [ RunTime:0.000520s ]
INFO: Run Behavior\TokenBuildBehavior [ RunTime:0.000984s ]
INFO: [ view_filter ] --END-- [ RunTime:0.001530s ]
INFO: [ app_end ] --START--
INFO: Run Behavior\ShowPageTraceBehavior [ RunTime:0.000668s ]
INFO: [ app_end ] --END-- [ RunTime:0.000688s ]

[ 2018-11-20T20:45:39+08:00 ] 127.0.0.1 /agent_Index_main.html
INFO: [ app_init ] --START--
INFO: Run Behavior\BuildLiteBehavior [ RunTime:0.000004s ]
INFO: [ app_init ] --END-- [ RunTime:0.000026s ]
INFO: [ app_begin ] --START--
INFO: Run Behavior\ReadHtmlCacheBehavior [ RunTime:0.000521s ]
INFO: Run Behavior\CheckLangBehavior [ RunTime:0.000742s ]
INFO: [ app_begin ] --END-- [ RunTime:0.001306s ]
SQL: SHOW COLUMNS FROM `pay_websiteconfig` [ RunTime:0.0008s ]
SQL: SELECT * FROM `pay_websiteconfig` LIMIT 1   [ RunTime:0.0004s ]
SQL: SHOW COLUMNS FROM `pay_member` [ RunTime:0.0009s ]
SQL: SELECT `id` as uid,`username`,`password`,`groupid`,`parentid`,`salt`,`balance`,`blockedbalance`,`email`,`realname`,`authorized`,`apidomain`,`apikey`,`status`,`mobile`,`receiver`,`agent_cate`,`df_api`,`login_ip`,`open_charge`,`google_secret_key`,`session_random`,`regdatetime` FROM `pay_member` WHERE `id` = 90 LIMIT 1   [ RunTime:0.0004s ]
SQL: SHOW COLUMNS FROM `pay_order` [ RunTime:0.0008s ]
SQL: SELECT SUM( pay_actualamount ) AS total, FROM_UNIXTIME( pay_successdate,  '%Y-%m-%d' ) AS DATETIME
FROM pay_order WHERE pay_successdate >= UNIX_TIMESTAMP(  '2018-11-01' ) AND pay_successdate < UNIX_TIMESTAMP(  '2018-11-30' ) AND pay_status>=1 AND pay_memberid=10090  GROUP BY DATETIME [ RunTime:0.0006s ]
SQL: SELECT COUNT( id ) AS num, FROM_UNIXTIME( pay_successdate,  '%Y-%m-%d' ) AS DATETIME
FROM pay_order WHERE pay_successdate >= UNIX_TIMESTAMP(  '2018-11-01' ) AND pay_successdate < UNIX_TIMESTAMP(  '2018-11-30' ) AND pay_status>=1 AND pay_memberid=10090  GROUP BY DATETIME [ RunTime:0.0006s ]
NOTIC: [8] Undefined variable: category C:\work\juhe\Application\User\Controller\IndexController.class.php 第 58 行.
NOTIC: [2] implode(): Invalid arguments passed C:\work\juhe\Application\User\Controller\IndexController.class.php 第 58 行.
NOTIC: [8] Undefined variable: dataone C:\work\juhe\Application\User\Controller\IndexController.class.php 第 59 行.
NOTIC: [2] implode(): Invalid arguments passed C:\work\juhe\Application\User\Controller\IndexController.class.php 第 59 行.
NOTIC: [8] Undefined variable: datatwo C:\work\juhe\Application\User\Controller\IndexController.class.php 第 60 行.
NOTIC: [2] implode(): Invalid arguments passed C:\work\juhe\Application\User\Controller\IndexController.class.php 第 60 行.
SQL: SHOW COLUMNS FROM `pay_article` [ RunTime:0.0007s ]
SQL: SELECT * FROM `pay_article` WHERE `status` = 1 AND `groupid` IN ('0','1') ORDER BY id desc LIMIT 2   [ RunTime:0.0003s ]
SQL: SHOW COLUMNS FROM `pay_loginrecord` [ RunTime:0.0006s ]
SQL: SELECT * FROM `pay_loginrecord` WHERE `userid` = 90 ORDER BY id desc LIMIT 2   [ RunTime:0.0009s ]
SQL: SELECT COUNT(*) AS tp_count FROM `pay_order` WHERE `pay_memberid` = 10090 AND `pay_applydate` BETWEEN 1542643200 AND 1542729599 LIMIT 1   [ RunTime:0.0005s ]
SQL: SELECT COUNT(*) AS tp_count FROM `pay_order` WHERE `pay_memberid` = 10090 AND `pay_successdate` BETWEEN 1542643200 AND 1542729599 AND `pay_status` IN ('1','2') LIMIT 1   [ RunTime:0.0004s ]
SQL: SELECT COUNT(*) AS tp_count FROM `pay_order` WHERE `pay_memberid` = 10090 AND `pay_applydate` BETWEEN 1542643200 AND 1542729599 AND `pay_status` = 0 LIMIT 1   [ RunTime:0.0004s ]
SQL: SELECT SUM(pay_amount) AS tp_sum FROM `pay_order` WHERE `pay_memberid` = 10090 AND `pay_applydate` BETWEEN 1542643200 AND 1542729599 AND `pay_status` = 0 LIMIT 1   [ RunTime:0.0005s ]
SQL: SELECT SUM(pay_actualamount) AS tp_sum FROM `pay_order` WHERE `pay_memberid` = 10090 AND `pay_successdate` BETWEEN 1542643200 AND 1542729599 AND `pay_status` IN ('1','2') LIMIT 1   [ RunTime:0.0005s ]
INFO: [ view_parse ] --START--
INFO: [ template_filter ] --START--
INFO: Run Behavior\ContentReplaceBehavior [ RunTime:0.000031s ]
INFO: [ template_filter ] --END-- [ RunTime:0.000052s ]
NOTIC: [2] Illegal string offset 'loginip' C:\work\juhe\Runtime\Cache\User\0a2302724c4cbc626c8639028f086c96.php 第 29 行.
NOTIC: [8] Uninitialized string offset: 0 C:\work\juhe\Runtime\Cache\User\0a2302724c4cbc626c8639028f086c96.php 第 29 行.
NOTIC: [2] Illegal string offset 'loginaddress' C:\work\juhe\Runtime\Cache\User\0a2302724c4cbc626c8639028f086c96.php 第 29 行.
NOTIC: [8] Uninitialized string offset: 0 C:\work\juhe\Runtime\Cache\User\0a2302724c4cbc626c8639028f086c96.php 第 29 行.
NOTIC: [2] Illegal string offset 'logindatetime' C:\work\juhe\Runtime\Cache\User\0a2302724c4cbc626c8639028f086c96.php 第 29 行.
NOTIC: [8] Uninitialized string offset: 0 C:\work\juhe\Runtime\Cache\User\0a2302724c4cbc626c8639028f086c96.php 第 29 行.
NOTIC: [2] Use of undefined constant groupid - assumed 'groupid' (this will throw an Error in a future version of PHP) C:\work\juhe\Runtime\Cache\User\0a2302724c4cbc626c8639028f086c96.php 第 37 行.
NOTIC: [2] Use of undefined constant groupid - assumed 'groupid' (this will throw an Error in a future version of PHP) C:\work\juhe\Runtime\Cache\User\0a2302724c4cbc626c8639028f086c96.php 第 84 行.
INFO: Run Behavior\ParseTemplateBehavior [ RunTime:0.008342s ]
INFO: [ view_parse ] --END-- [ RunTime:0.008359s ]
INFO: [ view_filter ] --START--
INFO: Run Behavior\WriteHtmlCacheBehavior [ RunTime:0.000376s ]
INFO: Run Behavior\TokenBuildBehavior [ RunTime:0.000907s ]
INFO: [ view_filter ] --END-- [ RunTime:0.001314s ]
INFO: [ app_end ] --START--
INFO: Run Behavior\ShowPageTraceBehavior [ RunTime:0.000815s ]
INFO: [ app_end ] --END-- [ RunTime:0.000858s ]

[ 2018-11-20T20:45:41+08:00 ] 127.0.0.1 /agent_Account_qrcode.html
INFO: [ app_init ] --START--
INFO: Run Behavior\BuildLiteBehavior [ RunTime:0.000004s ]
INFO: [ app_init ] --END-- [ RunTime:0.000027s ]
INFO: [ app_begin ] --START--
INFO: Run Behavior\ReadHtmlCacheBehavior [ RunTime:0.000592s ]
INFO: Run Behavior\CheckLangBehavior [ RunTime:0.000714s ]
INFO: [ app_begin ] --END-- [ RunTime:0.001346s ]
SQL: SHOW COLUMNS FROM `pay_websiteconfig` [ RunTime:0.0007s ]
SQL: SELECT * FROM `pay_websiteconfig` LIMIT 1   [ RunTime:0.0009s ]
SQL: SHOW COLUMNS FROM `pay_member` [ RunTime:0.0011s ]
SQL: SELECT `id` as uid,`username`,`password`,`groupid`,`parentid`,`salt`,`balance`,`blockedbalance`,`email`,`realname`,`authorized`,`apidomain`,`apikey`,`status`,`mobile`,`receiver`,`agent_cate`,`df_api`,`login_ip`,`open_charge`,`google_secret_key`,`session_random`,`regdatetime` FROM `pay_member` WHERE `id` = 90 LIMIT 1   [ RunTime:0.0004s ]
SQL: SELECT * FROM `pay_member` WHERE `id` = 90 LIMIT 1   [ RunTime:0.0003s ]
NOTIC: [2] imagettfbbox(): Could not find/open font C:\work\juhe\core\Library\Vendor\image\src\Intervention\Image\Gd\Font.php 第 85 行.
NOTIC: [8] Undefined offset: 5 C:\work\juhe\core\Library\Vendor\image\src\Intervention\Image\Gd\Font.php 第 101 行.
NOTIC: [8] Undefined offset: 1 C:\work\juhe\core\Library\Vendor\image\src\Intervention\Image\Gd\Font.php 第 101 行.
NOTIC: [8] Undefined offset: 6 C:\work\juhe\core\Library\Vendor\image\src\Intervention\Image\Gd\Font.php 第 149 行.
NOTIC: [8] Undefined offset: 4 C:\work\juhe\core\Library\Vendor\image\src\Intervention\Image\Gd\Font.php 第 149 行.
NOTIC: [8] Undefined offset: 7 C:\work\juhe\core\Library\Vendor\image\src\Intervention\Image\Gd\Font.php 第 150 行.
NOTIC: [8] Undefined offset: 5 C:\work\juhe\core\Library\Vendor\image\src\Intervention\Image\Gd\Font.php 第 150 行.
NOTIC: [2] imagettftext(): Could not find/open font C:\work\juhe\core\Library\Vendor\image\src\Intervention\Image\Gd\Font.php 第 202 行.
INFO: [ view_parse ] --START--
INFO: [ template_filter ] --START--
INFO: Run Behavior\ContentReplaceBehavior [ RunTime:0.000021s ]
INFO: [ template_filter ] --END-- [ RunTime:0.000039s ]
INFO: Run Behavior\ParseTemplateBehavior [ RunTime:0.004055s ]
INFO: [ view_parse ] --END-- [ RunTime:0.004079s ]
INFO: [ view_filter ] --START--
INFO: Run Behavior\WriteHtmlCacheBehavior [ RunTime:0.000351s ]
INFO: Run Behavior\TokenBuildBehavior [ RunTime:0.000639s ]
INFO: [ view_filter ] --END-- [ RunTime:0.001014s ]
INFO: [ app_end ] --START--
INFO: Run Behavior\ShowPageTraceBehavior [ RunTime:0.000521s ]
INFO: [ app_end ] --END-- [ RunTime:0.000538s ]

[ 2018-11-20T20:45:42+08:00 ] 127.0.0.1 /agent_Account_link.html
INFO: [ app_init ] --START--
INFO: Run Behavior\BuildLiteBehavior [ RunTime:0.000005s ]
INFO: [ app_init ] --END-- [ RunTime:0.000025s ]
INFO: [ app_begin ] --START--
INFO: Run Behavior\ReadHtmlCacheBehavior [ RunTime:0.000500s ]
INFO: Run Behavior\CheckLangBehavior [ RunTime:0.000696s ]
INFO: [ app_begin ] --END-- [ RunTime:0.001231s ]
SQL: SHOW COLUMNS FROM `pay_websiteconfig` [ RunTime:0.0007s ]
SQL: SELECT * FROM `pay_websiteconfig` LIMIT 1   [ RunTime:0.0004s ]
SQL: SHOW COLUMNS FROM `pay_member` [ RunTime:0.0008s ]
SQL: SELECT `id` as uid,`username`,`password`,`groupid`,`parentid`,`salt`,`balance`,`blockedbalance`,`email`,`realname`,`authorized`,`apidomain`,`apikey`,`status`,`mobile`,`receiver`,`agent_cate`,`df_api`,`login_ip`,`open_charge`,`google_secret_key`,`session_random`,`regdatetime` FROM `pay_member` WHERE `id` = 90 LIMIT 1   [ RunTime:0.0004s ]
INFO: [ view_parse ] --START--
INFO: [ template_filter ] --START--
INFO: Run Behavior\ContentReplaceBehavior [ RunTime:0.000017s ]
INFO: [ template_filter ] --END-- [ RunTime:0.000033s ]
INFO: Run Behavior\ParseTemplateBehavior [ RunTime:0.003711s ]
INFO: [ view_parse ] --END-- [ RunTime:0.003734s ]
INFO: [ view_filter ] --START--
INFO: Run Behavior\WriteHtmlCacheBehavior [ RunTime:0.000350s ]
INFO: Run Behavior\TokenBuildBehavior [ RunTime:0.000522s ]
INFO: [ view_filter ] --END-- [ RunTime:0.000897s ]
INFO: [ app_end ] --START--
INFO: Run Behavior\ShowPageTraceBehavior [ RunTime:0.000529s ]
INFO: [ app_end ] --END-- [ RunTime:0.000543s ]

