[ 2019-01-31T21:01:17+08:00 ] 127.0.0.1 /user.html
INFO: [ app_init ] --START--
INFO: Run Behavior\BuildLiteBehavior [ RunTime:0.000009s ]
INFO: [ app_init ] --END-- [ RunTime:0.000051s ]
INFO: [ app_begin ] --START--
INFO: Run Behavior\ReadHtmlCacheBehavior [ RunTime:0.002201s ]
INFO: Run Behavior\CheckLangBehavior [ RunTime:0.002745s ]
INFO: [ app_begin ] --END-- [ RunTime:0.005057s ]
SQL: SHOW COLUMNS FROM `pay_websiteconfig` [ RunTime:0.0013s ]
SQL: SELECT * FROM `pay_websiteconfig` LIMIT 1   [ RunTime:0.0012s ]
SQL: SHOW COLUMNS FROM `pay_member` [ RunTime:0.0012s ]
SQL: SELECT `id` as uid,`username`,`password`,`groupid`,`parentid`,`salt`,`balance`,`blockedbalance`,`email`,`realname`,`authorized`,`apidomain`,`apikey`,`status`,`mobile`,`receiver`,`agent_cate`,`df_api`,`login_ip`,`open_charge`,`google_secret_key`,`session_random`,`regdatetime` FROM `pay_member` WHERE `id` = 112 LIMIT 1   [ RunTime:0.0005s ]
SQL: SELECT `id`,`parentid` FROM `pay_member` WHERE `parentid` = 112 AND `groupid` = 6  [ RunTime:0.0004s ]
INFO: [ view_parse ] --START--
INFO: [ template_filter ] --START--
INFO: Run Behavior\ContentReplaceBehavior [ RunTime:0.000051s ]
INFO: [ template_filter ] --END-- [ RunTime:0.000078s ]
NOTIC: [2] Use of undefined constant agent_cate - assumed 'agent_cate' (this will throw an Error in a future version of PHP) C:\work\juhe\Runtime\Cache\User\d7a7632f153cf12d0db44c934c28bcfe.php 第 53 行.
NOTIC: [2] Use of undefined constant groupid - assumed 'groupid' (this will throw an Error in a future version of PHP) C:\work\juhe\Runtime\Cache\User\d7a7632f153cf12d0db44c934c28bcfe.php 第 58 行.
NOTIC: [2] Use of undefined constant groupid - assumed 'groupid' (this will throw an Error in a future version of PHP) C:\work\juhe\Runtime\Cache\User\d7a7632f153cf12d0db44c934c28bcfe.php 第 70 行.
NOTIC: [2] Use of undefined constant open_charge - assumed 'open_charge' (this will throw an Error in a future version of PHP) C:\work\juhe\Runtime\Cache\User\d7a7632f153cf12d0db44c934c28bcfe.php 第 70 行.
NOTIC: [2] Use of undefined constant groupid - assumed 'groupid' (this will throw an Error in a future version of PHP) C:\work\juhe\Runtime\Cache\User\d7a7632f153cf12d0db44c934c28bcfe.php 第 103 行.
NOTIC: [2] Use of undefined constant df_api - assumed 'df_api' (this will throw an Error in a future version of PHP) C:\work\juhe\Runtime\Cache\User\d7a7632f153cf12d0db44c934c28bcfe.php 第 117 行.
NOTIC: [2] Use of undefined constant groupid - assumed 'groupid' (this will throw an Error in a future version of PHP) C:\work\juhe\Runtime\Cache\User\d7a7632f153cf12d0db44c934c28bcfe.php 第 120 行.
NOTIC: [2] Use of undefined constant groupid - assumed 'groupid' (this will throw an Error in a future version of PHP) C:\work\juhe\Runtime\Cache\User\d7a7632f153cf12d0db44c934c28bcfe.php 第 128 行.
NOTIC: [2] Use of undefined constant groupid - assumed 'groupid' (this will throw an Error in a future version of PHP) C:\work\juhe\Runtime\Cache\User\d7a7632f153cf12d0db44c934c28bcfe.php 第 142 行.
NOTIC: [2] Use of undefined constant groupid - assumed 'groupid' (this will throw an Error in a future version of PHP) C:\work\juhe\Runtime\Cache\User\d7a7632f153cf12d0db44c934c28bcfe.php 第 156 行.
INFO: Run Behavior\ParseTemplateBehavior [ RunTime:0.016009s ]
INFO: [ view_parse ] --END-- [ RunTime:0.016046s ]
INFO: [ view_filter ] --START--
INFO: Run Behavior\WriteHtmlCacheBehavior [ RunTime:0.000950s ]
INFO: Run Behavior\TokenBuildBehavior [ RunTime:0.001666s ]
INFO: [ view_filter ] --END-- [ RunTime:0.002703s ]
INFO: [ app_end ] --START--
INFO: Run Behavior\ShowPageTraceBehavior [ RunTime:0.001162s ]
INFO: [ app_end ] --END-- [ RunTime:0.001199s ]

[ 2019-01-31T21:01:18+08:00 ] 127.0.0.1 /agent_Index_main.html
INFO: [ app_init ] --START--
INFO: Run Behavior\BuildLiteBehavior [ RunTime:0.000010s ]
INFO: [ app_init ] --END-- [ RunTime:0.000057s ]
INFO: [ app_begin ] --START--
INFO: Run Behavior\ReadHtmlCacheBehavior [ RunTime:0.000992s ]
INFO: Run Behavior\CheckLangBehavior [ RunTime:0.001558s ]
INFO: [ app_begin ] --END-- [ RunTime:0.002608s ]
SQL: SHOW COLUMNS FROM `pay_websiteconfig` [ RunTime:0.0167s ]
SQL: SELECT * FROM `pay_websiteconfig` LIMIT 1   [ RunTime:0.0006s ]
SQL: SHOW COLUMNS FROM `pay_member` [ RunTime:0.0081s ]
SQL: SELECT `id` as uid,`username`,`password`,`groupid`,`parentid`,`salt`,`balance`,`blockedbalance`,`email`,`realname`,`authorized`,`apidomain`,`apikey`,`status`,`mobile`,`receiver`,`agent_cate`,`df_api`,`login_ip`,`open_charge`,`google_secret_key`,`session_random`,`regdatetime` FROM `pay_member` WHERE `id` = 112 LIMIT 1   [ RunTime:0.0007s ]
SQL: SELECT `id`,`parentid` FROM `pay_member` WHERE `parentid` = 112 AND `groupid` = 6  [ RunTime:0.0005s ]
SQL: SHOW COLUMNS FROM `pay_order` [ RunTime:0.0013s ]
SQL: SELECT SUM( pay_actualamount ) AS total, FROM_UNIXTIME( pay_successdate,  '%Y-%m-%d' ) AS DATETIME
FROM pay_order WHERE pay_successdate >= UNIX_TIMESTAMP(  '2019-01-01' ) AND pay_successdate < UNIX_TIMESTAMP(  '2019-01-31' ) AND pay_status>=1 AND pay_memberid=10112  GROUP BY DATETIME [ RunTime:0.0646s ]
SQL: SELECT COUNT( id ) AS num, FROM_UNIXTIME( pay_successdate,  '%Y-%m-%d' ) AS DATETIME
FROM pay_order WHERE pay_successdate >= UNIX_TIMESTAMP(  '2019-01-01' ) AND pay_successdate < UNIX_TIMESTAMP(  '2019-01-31' ) AND pay_status>=1 AND pay_memberid=10112  GROUP BY DATETIME [ RunTime:0.0656s ]
SQL: SHOW COLUMNS FROM `pay_article` [ RunTime:0.0029s ]
SQL: SELECT * FROM `pay_article` WHERE `status` = 1 AND `groupid` IN ('0','1') ORDER BY id desc LIMIT 2   [ RunTime:0.0011s ]
SQL: SHOW COLUMNS FROM `pay_loginrecord` [ RunTime:0.0021s ]
SQL: SELECT * FROM `pay_loginrecord` WHERE `userid` = 112 ORDER BY id desc LIMIT 2   [ RunTime:0.0036s ]
SQL: SELECT COUNT(*) AS tp_count FROM `pay_order` WHERE `pay_memberid` = 10112 AND `pay_applydate` BETWEEN 1548864000 AND 1548950399 LIMIT 1   [ RunTime:0.0611s ]
SQL: SELECT COUNT(*) AS tp_count FROM `pay_order` WHERE `pay_memberid` = 10112 AND `pay_successdate` BETWEEN 1548864000 AND 1548950399 AND `pay_status` IN ('1','2') LIMIT 1   [ RunTime:0.0597s ]
SQL: SELECT COUNT(*) AS tp_count FROM `pay_order` WHERE `pay_memberid` = 10112 AND `pay_applydate` BETWEEN 1548864000 AND 1548950399 AND `pay_status` = 0 LIMIT 1   [ RunTime:0.0556s ]
SQL: SELECT SUM(pay_amount) AS tp_sum FROM `pay_order` WHERE `pay_memberid` = 10112 AND `pay_applydate` BETWEEN 1548864000 AND 1548950399 LIMIT 1   [ RunTime:0.0680s ]
SQL: SELECT SUM(pay_amount) AS tp_sum FROM `pay_order` WHERE `pay_memberid` = 10112 AND `pay_successdate` BETWEEN 1548864000 AND 1548950399 AND `pay_status` IN ('1','2') LIMIT 1   [ RunTime:0.0764s ]
SQL: SELECT SUM(pay_poundage) AS tp_sum FROM `pay_order` WHERE `pay_memberid` = 10112 AND `pay_successdate` BETWEEN 1548864000 AND 1548950399 AND `pay_status` IN ('1','2') LIMIT 1   [ RunTime:0.0592s ]
NOTIC: [8] Undefined variable: ipItem C:\work\juhe\Application\User\Controller\IndexController.class.php 第 100 行.
INFO: [ view_parse ] --START--
INFO: [ template_filter ] --START--
INFO: Run Behavior\ContentReplaceBehavior [ RunTime:0.000043s ]
INFO: [ template_filter ] --END-- [ RunTime:0.000071s ]
NOTIC: [2] Illegal string offset 'loginip' C:\work\juhe\Runtime\Cache\User\0a2302724c4cbc626c8639028f086c96.php 第 39 行.
NOTIC: [8] Uninitialized string offset: 0 C:\work\juhe\Runtime\Cache\User\0a2302724c4cbc626c8639028f086c96.php 第 39 行.
NOTIC: [2] Illegal string offset 'loginaddress' C:\work\juhe\Runtime\Cache\User\0a2302724c4cbc626c8639028f086c96.php 第 39 行.
NOTIC: [8] Uninitialized string offset: 0 C:\work\juhe\Runtime\Cache\User\0a2302724c4cbc626c8639028f086c96.php 第 39 行.
NOTIC: [2] Illegal string offset 'logindatetime' C:\work\juhe\Runtime\Cache\User\0a2302724c4cbc626c8639028f086c96.php 第 39 行.
NOTIC: [8] Uninitialized string offset: 0 C:\work\juhe\Runtime\Cache\User\0a2302724c4cbc626c8639028f086c96.php 第 39 行.
NOTIC: [2] Use of undefined constant authorized - assumed 'authorized' (this will throw an Error in a future version of PHP) C:\work\juhe\Runtime\Cache\User\0a2302724c4cbc626c8639028f086c96.php 第 46 行.
NOTIC: [8] Array to string conversion C:\work\juhe\Runtime\Cache\User\0a2302724c4cbc626c8639028f086c96.php 第 46 行.
NOTIC: [2] Use of undefined constant groupid - assumed 'groupid' (this will throw an Error in a future version of PHP) C:\work\juhe\Runtime\Cache\User\0a2302724c4cbc626c8639028f086c96.php 第 51 行.
NOTIC: [2] Use of undefined constant groupid - assumed 'groupid' (this will throw an Error in a future version of PHP) C:\work\juhe\Runtime\Cache\User\0a2302724c4cbc626c8639028f086c96.php 第 104 行.
NOTIC: [2] Use of undefined constant groupid - assumed 'groupid' (this will throw an Error in a future version of PHP) C:\work\juhe\Runtime\Cache\User\0a2302724c4cbc626c8639028f086c96.php 第 105 行.
NOTIC: [2] Use of undefined constant groupid - assumed 'groupid' (this will throw an Error in a future version of PHP) C:\work\juhe\Runtime\Cache\User\0a2302724c4cbc626c8639028f086c96.php 第 110 行.
INFO: Run Behavior\ParseTemplateBehavior [ RunTime:0.015939s ]
INFO: [ view_parse ] --END-- [ RunTime:0.015988s ]
INFO: [ view_filter ] --START--
INFO: Run Behavior\WriteHtmlCacheBehavior [ RunTime:0.001850s ]
INFO: Run Behavior\TokenBuildBehavior [ RunTime:0.002742s ]
INFO: [ view_filter ] --END-- [ RunTime:0.004736s ]
INFO: [ app_end ] --START--
INFO: Run Behavior\ShowPageTraceBehavior [ RunTime:0.001800s ]
INFO: [ app_end ] --END-- [ RunTime:0.001852s ]

[ 2019-01-31T21:01:20+08:00 ] 127.0.0.1 /agent_Account_profile.html
INFO: [ app_init ] --START--
INFO: Run Behavior\BuildLiteBehavior [ RunTime:0.000025s ]
INFO: [ app_init ] --END-- [ RunTime:0.000101s ]
INFO: [ app_begin ] --START--
INFO: Run Behavior\ReadHtmlCacheBehavior [ RunTime:0.002518s ]
INFO: Run Behavior\CheckLangBehavior [ RunTime:0.002196s ]
INFO: [ app_begin ] --END-- [ RunTime:0.004810s ]
SQL: SHOW COLUMNS FROM `pay_websiteconfig` [ RunTime:0.0037s ]
SQL: SELECT * FROM `pay_websiteconfig` LIMIT 1   [ RunTime:0.0031s ]
SQL: SHOW COLUMNS FROM `pay_member` [ RunTime:0.0020s ]
SQL: SELECT `id` as uid,`username`,`password`,`groupid`,`parentid`,`salt`,`balance`,`blockedbalance`,`email`,`realname`,`authorized`,`apidomain`,`apikey`,`status`,`mobile`,`receiver`,`agent_cate`,`df_api`,`login_ip`,`open_charge`,`google_secret_key`,`session_random`,`regdatetime` FROM `pay_member` WHERE `id` = 112 LIMIT 1   [ RunTime:0.0013s ]
SQL: SELECT `id`,`parentid` FROM `pay_member` WHERE `parentid` = 112 AND `groupid` = 6  [ RunTime:0.0005s ]
SQL: SELECT * FROM `pay_member` WHERE `id` = 112 LIMIT 1   [ RunTime:0.0007s ]
SQL: SHOW COLUMNS FROM `pay_sms` [ RunTime:0.0031s ]
SQL: SELECT * FROM `pay_sms` LIMIT 1   [ RunTime:0.0013s ]
SQL: SHOW COLUMNS FROM `pay_websiteconfig` [ RunTime:0.0018s ]
SQL: SELECT `df_api` FROM `pay_websiteconfig` LIMIT 1   [ RunTime:0.0008s ]
SQL: SELECT `username` FROM `pay_member` WHERE `id` = 111 LIMIT 1   [ RunTime:0.0018s ]
INFO: [ view_parse ] --START--
INFO: [ template_filter ] --START--
INFO: Run Behavior\ContentReplaceBehavior [ RunTime:0.000086s ]
INFO: [ template_filter ] --END-- [ RunTime:0.000153s ]
NOTIC: [2] Use of undefined constant authorized - assumed 'authorized' (this will throw an Error in a future version of PHP) C:\work\juhe\Runtime\Cache\User\ab070ebc0ea52ddabda22edffd505f45.php 第 95 行.
NOTIC: [2] Use of undefined constant authorized - assumed 'authorized' (this will throw an Error in a future version of PHP) C:\work\juhe\Runtime\Cache\User\ab070ebc0ea52ddabda22edffd505f45.php 第 103 行.
NOTIC: [2] Use of undefined constant authorized - assumed 'authorized' (this will throw an Error in a future version of PHP) C:\work\juhe\Runtime\Cache\User\ab070ebc0ea52ddabda22edffd505f45.php 第 110 行.
NOTIC: [2] Use of undefined constant authorized - assumed 'authorized' (this will throw an Error in a future version of PHP) C:\work\juhe\Runtime\Cache\User\ab070ebc0ea52ddabda22edffd505f45.php 第 117 行.
NOTIC: [2] Use of undefined constant sex - assumed 'sex' (this will throw an Error in a future version of PHP) C:\work\juhe\Runtime\Cache\User\ab070ebc0ea52ddabda22edffd505f45.php 第 157 行.
NOTIC: [2] Use of undefined constant sex - assumed 'sex' (this will throw an Error in a future version of PHP) C:\work\juhe\Runtime\Cache\User\ab070ebc0ea52ddabda22edffd505f45.php 第 159 行.
NOTIC: [2] Use of undefined constant login_ip - assumed 'login_ip' (this will throw an Error in a future version of PHP) C:\work\juhe\Runtime\Cache\User\ab070ebc0ea52ddabda22edffd505f45.php 第 174 行.
NOTIC: [2] Use of undefined constant df_domain - assumed 'df_domain' (this will throw an Error in a future version of PHP) C:\work\juhe\Runtime\Cache\User\ab070ebc0ea52ddabda22edffd505f45.php 第 196 行.
NOTIC: [2] Use of undefined constant df_ip - assumed 'df_ip' (this will throw an Error in a future version of PHP) C:\work\juhe\Runtime\Cache\User\ab070ebc0ea52ddabda22edffd505f45.php 第 203 行.
NOTIC: [8] Undefined variable: sendUrl C:\work\juhe\Runtime\Cache\User\ab070ebc0ea52ddabda22edffd505f45.php 第 224 行.
NOTIC: [2] Use of undefined constant T - assumed 'T' (this will throw an Error in a future version of PHP) C:\work\juhe\Runtime\Cache\User\ab070ebc0ea52ddabda22edffd505f45.php 第 264 行.
NOTIC: [8] Undefined index: T C:\work\juhe\Runtime\Cache\User\ab070ebc0ea52ddabda22edffd505f45.php 第 264 行.
NOTIC: [2] Use of undefined constant createtime - assumed 'createtime' (this will throw an Error in a future version of PHP) C:\work\juhe\Runtime\Cache\User\ab070ebc0ea52ddabda22edffd505f45.php 第 264 行.
NOTIC: [8] Undefined index: createtime C:\work\juhe\Runtime\Cache\User\ab070ebc0ea52ddabda22edffd505f45.php 第 264 行.
NOTIC: [2] Use of undefined constant successtime - assumed 'successtime' (this will throw an Error in a future version of PHP) C:\work\juhe\Runtime\Cache\User\ab070ebc0ea52ddabda22edffd505f45.php 第 264 行.
NOTIC: [8] Undefined index: successtime C:\work\juhe\Runtime\Cache\User\ab070ebc0ea52ddabda22edffd505f45.php 第 264 行.
NOTIC: [2] Use of undefined constant tongdao - assumed 'tongdao' (this will throw an Error in a future version of PHP) C:\work\juhe\Runtime\Cache\User\ab070ebc0ea52ddabda22edffd505f45.php 第 264 行.
NOTIC: [8] Undefined index: tongdao C:\work\juhe\Runtime\Cache\User\ab070ebc0ea52ddabda22edffd505f45.php 第 264 行.
NOTIC: [2] Use of undefined constant status - assumed 'status' (this will throw an Error in a future version of PHP) C:\work\juhe\Runtime\Cache\User\ab070ebc0ea52ddabda22edffd505f45.php 第 264 行.
NOTIC: [8] Undefined index: status C:\work\juhe\Runtime\Cache\User\ab070ebc0ea52ddabda22edffd505f45.php 第 264 行.
INFO: Run Behavior\ParseTemplateBehavior [ RunTime:0.018140s ]
INFO: [ view_parse ] --END-- [ RunTime:0.018186s ]
INFO: [ view_filter ] --START--
INFO: Run Behavior\WriteHtmlCacheBehavior [ RunTime:0.001339s ]
INFO: Run Behavior\TokenBuildBehavior [ RunTime:0.002307s ]
INFO: [ view_filter ] --END-- [ RunTime:0.003700s ]
INFO: [ app_end ] --START--
INFO: Run Behavior\ShowPageTraceBehavior [ RunTime:0.001306s ]
INFO: [ app_end ] --END-- [ RunTime:0.001368s ]

[ 2019-01-31T21:01:25+08:00 ] 127.0.0.1 /agent_Withdrawal_check.html
INFO: [ app_init ] --START--
INFO: Run Behavior\BuildLiteBehavior [ RunTime:0.000015s ]
INFO: [ app_init ] --END-- [ RunTime:0.000102s ]
INFO: [ app_begin ] --START--
INFO: Run Behavior\ReadHtmlCacheBehavior [ RunTime:0.001520s ]
INFO: Run Behavior\CheckLangBehavior [ RunTime:0.003172s ]
INFO: [ app_begin ] --END-- [ RunTime:0.004835s ]
SQL: SHOW COLUMNS FROM `pay_websiteconfig` [ RunTime:0.0013s ]
SQL: SELECT * FROM `pay_websiteconfig` LIMIT 1   [ RunTime:0.0007s ]
SQL: SHOW COLUMNS FROM `pay_member` [ RunTime:0.0027s ]
SQL: SELECT `id` as uid,`username`,`password`,`groupid`,`parentid`,`salt`,`balance`,`blockedbalance`,`email`,`realname`,`authorized`,`apidomain`,`apikey`,`status`,`mobile`,`receiver`,`agent_cate`,`df_api`,`login_ip`,`open_charge`,`google_secret_key`,`session_random`,`regdatetime` FROM `pay_member` WHERE `id` = 112 LIMIT 1   [ RunTime:0.0008s ]
SQL: SELECT `id`,`parentid` FROM `pay_member` WHERE `parentid` = 112 AND `groupid` = 6  [ RunTime:0.0007s ]
SQL: SELECT `df_api` FROM `pay_websiteconfig` LIMIT 1   [ RunTime:0.0008s ]
SQL: SELECT * FROM `pay_member` WHERE `id` = 112 LIMIT 1   [ RunTime:0.0025s ]
SQL: SHOW COLUMNS FROM `pay_df_api_order` [ RunTime:0.0013s ]
SQL: SELECT COUNT(*) AS tp_count FROM pay_df_api_order as O LEFT JOIN `pay_wttklist` AS W ON W.df_api_id = O.id  WHERE O.userid = '112' LIMIT 1   [ RunTime:0.0026s ]
SQL: SELECT O.*,W.status FROM pay_df_api_order as O LEFT JOIN `pay_wttklist` AS W ON W.df_api_id = O.id  WHERE O.userid = '112' ORDER BY id desc LIMIT 0,15   [ RunTime:0.0044s ]
SQL: SELECT SUM(O.money) AS tp_sum FROM pay_df_api_order as O LEFT JOIN `pay_wttklist` AS W ON W.df_api_id = O.id  WHERE O.create_time BETWEEN 1548864000 AND 1548950399 LIMIT 1   [ RunTime:0.0044s ]
SQL: SELECT SUM(O.money) AS tp_sum FROM pay_df_api_order as O LEFT JOIN `pay_wttklist` AS W ON W.df_api_id = O.id  WHERE O.create_time BETWEEN 1548864000 AND 1548950399 AND O.check_status = 0 LIMIT 1   [ RunTime:0.0018s ]
SQL: SELECT SUM(O.money) AS tp_sum FROM pay_df_api_order as O LEFT JOIN `pay_wttklist` AS W ON W.df_api_id = O.id  WHERE O.create_time BETWEEN 1548864000 AND 1548950399 AND O.check_status = 0 LIMIT 1   [ RunTime:0.0009s ]
SQL: SELECT SUM(O.money) AS tp_sum FROM pay_df_api_order as O LEFT JOIN `pay_wttklist` AS W ON W.df_api_id = O.id  WHERE O.create_time BETWEEN 1548864000 AND 1548950399 AND O.check_status = 0 AND W.status IN ('0','1') LIMIT 1   [ RunTime:0.0005s ]
SQL: SELECT COUNT(*) AS tp_count FROM pay_df_api_order as O LEFT JOIN `pay_wttklist` AS W ON W.df_api_id = O.id  WHERE O.create_time BETWEEN 1548864000 AND 1548950399 AND O.check_status = 0 AND W.status IN ('0','1') LIMIT 1   [ RunTime:0.0004s ]
SQL: SELECT SUM(O.money) AS tp_sum FROM pay_df_api_order as O LEFT JOIN `pay_wttklist` AS W ON W.df_api_id = O.id  WHERE O.create_time BETWEEN 1548864000 AND 1548950399 AND W.status = 2 LIMIT 1   [ RunTime:0.0005s ]
SQL: SELECT COUNT(*) AS tp_count FROM pay_df_api_order as O LEFT JOIN `pay_wttklist` AS W ON W.df_api_id = O.id  WHERE O.create_time BETWEEN 1548864000 AND 1548950399 AND W.status = 2 LIMIT 1   [ RunTime:0.0006s ]
SQL: SELECT COUNT(*) AS tp_count FROM pay_df_api_order as O LEFT JOIN `pay_wttklist` AS W ON W.df_api_id = O.id  WHERE O.create_time BETWEEN 1548864000 AND 1548950399 AND W.status IN ('3','4') LIMIT 1   [ RunTime:0.0004s ]
INFO: [ view_parse ] --START--
INFO: [ template_filter ] --START--
INFO: Run Behavior\ContentReplaceBehavior [ RunTime:0.000076s ]
INFO: [ template_filter ] --END-- [ RunTime:0.000111s ]
NOTIC: [8] Undefined index: out_trade_no C:\work\juhe\Runtime\Cache\User\234197cf6c6a9a5cec1173db0d38ebbc.php 第 42 行.
NOTIC: [8] Undefined index: accountname C:\work\juhe\Runtime\Cache\User\234197cf6c6a9a5cec1173db0d38ebbc.php 第 46 行.
NOTIC: [8] Undefined index: create_time C:\work\juhe\Runtime\Cache\User\234197cf6c6a9a5cec1173db0d38ebbc.php 第 50 行.
NOTIC: [8] Undefined index: check_time C:\work\juhe\Runtime\Cache\User\234197cf6c6a9a5cec1173db0d38ebbc.php 第 54 行.
NOTIC: [8] Undefined index: check_status C:\work\juhe\Runtime\Cache\User\234197cf6c6a9a5cec1173db0d38ebbc.php 第 61 行.
NOTIC: [8] Undefined index: check_status C:\work\juhe\Runtime\Cache\User\234197cf6c6a9a5cec1173db0d38ebbc.php 第 62 行.
NOTIC: [8] Undefined index: check_status C:\work\juhe\Runtime\Cache\User\234197cf6c6a9a5cec1173db0d38ebbc.php 第 63 行.
NOTIC: [8] Undefined index: status C:\work\juhe\Runtime\Cache\User\234197cf6c6a9a5cec1173db0d38ebbc.php 第 70 行.
NOTIC: [8] Undefined index: status C:\work\juhe\Runtime\Cache\User\234197cf6c6a9a5cec1173db0d38ebbc.php 第 71 行.
NOTIC: [8] Undefined index: status C:\work\juhe\Runtime\Cache\User\234197cf6c6a9a5cec1173db0d38ebbc.php 第 72 行.
NOTIC: [8] Undefined index: status C:\work\juhe\Runtime\Cache\User\234197cf6c6a9a5cec1173db0d38ebbc.php 第 73 行.
NOTIC: [2] Use of undefined constant check_status - assumed 'check_status' (this will throw an Error in a future version of PHP) C:\work\juhe\Runtime\Cache\User\234197cf6c6a9a5cec1173db0d38ebbc.php 第 120 行.
NOTIC: [2] Use of undefined constant status - assumed 'status' (this will throw an Error in a future version of PHP) C:\work\juhe\Runtime\Cache\User\234197cf6c6a9a5cec1173db0d38ebbc.php 第 124 行.
NOTIC: [2] Use of undefined constant check_time - assumed 'check_time' (this will throw an Error in a future version of PHP) C:\work\juhe\Runtime\Cache\User\234197cf6c6a9a5cec1173db0d38ebbc.php 第 130 行.
NOTIC: [2] Use of undefined constant id - assumed 'id' (this will throw an Error in a future version of PHP) C:\work\juhe\Runtime\Cache\User\234197cf6c6a9a5cec1173db0d38ebbc.php 第 133 行.
NOTIC: [2] Use of undefined constant id - assumed 'id' (this will throw an Error in a future version of PHP) C:\work\juhe\Runtime\Cache\User\234197cf6c6a9a5cec1173db0d38ebbc.php 第 134 行.
NOTIC: [2] Use of undefined constant id - assumed 'id' (this will throw an Error in a future version of PHP) C:\work\juhe\Runtime\Cache\User\234197cf6c6a9a5cec1173db0d38ebbc.php 第 135 行.
NOTIC: [2] Use of undefined constant check_status - assumed 'check_status' (this will throw an Error in a future version of PHP) C:\work\juhe\Runtime\Cache\User\234197cf6c6a9a5cec1173db0d38ebbc.php 第 120 行.
NOTIC: [2] Use of undefined constant status - assumed 'status' (this will throw an Error in a future version of PHP) C:\work\juhe\Runtime\Cache\User\234197cf6c6a9a5cec1173db0d38ebbc.php 第 124 行.
NOTIC: [2] Use of undefined constant check_time - assumed 'check_time' (this will throw an Error in a future version of PHP) C:\work\juhe\Runtime\Cache\User\234197cf6c6a9a5cec1173db0d38ebbc.php 第 130 行.
NOTIC: [2] Use of undefined constant id - assumed 'id' (this will throw an Error in a future version of PHP) C:\work\juhe\Runtime\Cache\User\234197cf6c6a9a5cec1173db0d38ebbc.php 第 133 行.
NOTIC: [2] Use of undefined constant id - assumed 'id' (this will throw an Error in a future version of PHP) C:\work\juhe\Runtime\Cache\User\234197cf6c6a9a5cec1173db0d38ebbc.php 第 134 行.
NOTIC: [2] Use of undefined constant id - assumed 'id' (this will throw an Error in a future version of PHP) C:\work\juhe\Runtime\Cache\User\234197cf6c6a9a5cec1173db0d38ebbc.php 第 135 行.
NOTIC: [2] Use of undefined constant check_status - assumed 'check_status' (this will throw an Error in a future version of PHP) C:\work\juhe\Runtime\Cache\User\234197cf6c6a9a5cec1173db0d38ebbc.php 第 120 行.
NOTIC: [2] Use of undefined constant status - assumed 'status' (this will throw an Error in a future version of PHP) C:\work\juhe\Runtime\Cache\User\234197cf6c6a9a5cec1173db0d38ebbc.php 第 124 行.
NOTIC: [2] Use of undefined constant check_time - assumed 'check_time' (this will throw an Error in a future version of PHP) C:\work\juhe\Runtime\Cache\User\234197cf6c6a9a5cec1173db0d38ebbc.php 第 130 行.
NOTIC: [2] Use of undefined constant id - assumed 'id' (this will throw an Error in a future version of PHP) C:\work\juhe\Runtime\Cache\User\234197cf6c6a9a5cec1173db0d38ebbc.php 第 133 行.
NOTIC: [2] Use of undefined constant id - assumed 'id' (this will throw an Error in a future version of PHP) C:\work\juhe\Runtime\Cache\User\234197cf6c6a9a5cec1173db0d38ebbc.php 第 135 行.
NOTIC: [2] Use of undefined constant check_status - assumed 'check_status' (this will throw an Error in a future version of PHP) C:\work\juhe\Runtime\Cache\User\234197cf6c6a9a5cec1173db0d38ebbc.php 第 120 行.
NOTIC: [2] Use of undefined constant status - assumed 'status' (this will throw an Error in a future version of PHP) C:\work\juhe\Runtime\Cache\User\234197cf6c6a9a5cec1173db0d38ebbc.php 第 124 行.
NOTIC: [2] Use of undefined constant check_time - assumed 'check_time' (this will throw an Error in a future version of PHP) C:\work\juhe\Runtime\Cache\User\234197cf6c6a9a5cec1173db0d38ebbc.php 第 130 行.
NOTIC: [2] Use of undefined constant id - assumed 'id' (this will throw an Error in a future version of PHP) C:\work\juhe\Runtime\Cache\User\234197cf6c6a9a5cec1173db0d38ebbc.php 第 133 行.
NOTIC: [2] Use of undefined constant id - assumed 'id' (this will throw an Error in a future version of PHP) C:\work\juhe\Runtime\Cache\User\234197cf6c6a9a5cec1173db0d38ebbc.php 第 134 行.
NOTIC: [2] Use of undefined constant id - assumed 'id' (this will throw an Error in a future version of PHP) C:\work\juhe\Runtime\Cache\User\234197cf6c6a9a5cec1173db0d38ebbc.php 第 135 行.
NOTIC: [2] Use of undefined constant check_status - assumed 'check_status' (this will throw an Error in a future version of PHP) C:\work\juhe\Runtime\Cache\User\234197cf6c6a9a5cec1173db0d38ebbc.php 第 120 行.
NOTIC: [2] Use of undefined constant status - assumed 'status' (this will throw an Error in a future version of PHP) C:\work\juhe\Runtime\Cache\User\234197cf6c6a9a5cec1173db0d38ebbc.php 第 124 行.
NOTIC: [2] Use of undefined constant check_time - assumed 'check_time' (this will throw an Error in a future version of PHP) C:\work\juhe\Runtime\Cache\User\234197cf6c6a9a5cec1173db0d38ebbc.php 第 130 行.
NOTIC: [2] Use of undefined constant id - assumed 'id' (this will throw an Error in a future version of PHP) C:\work\juhe\Runtime\Cache\User\234197cf6c6a9a5cec1173db0d38ebbc.php 第 133 行.
NOTIC: [2] Use of undefined constant id - assumed 'id' (this will throw an Error in a future version of PHP) C:\work\juhe\Runtime\Cache\User\234197cf6c6a9a5cec1173db0d38ebbc.php 第 134 行.
NOTIC: [2] Use of undefined constant id - assumed 'id' (this will throw an Error in a future version of PHP) C:\work\juhe\Runtime\Cache\User\234197cf6c6a9a5cec1173db0d38ebbc.php 第 135 行.
NOTIC: [2] Use of undefined constant check_status - assumed 'check_status' (this will throw an Error in a future version of PHP) C:\work\juhe\Runtime\Cache\User\234197cf6c6a9a5cec1173db0d38ebbc.php 第 120 行.
NOTIC: [2] Use of undefined constant status - assumed 'status' (this will throw an Error in a future version of PHP) C:\work\juhe\Runtime\Cache\User\234197cf6c6a9a5cec1173db0d38ebbc.php 第 124 行.
NOTIC: [2] Use of undefined constant check_time - assumed 'check_time' (this will throw an Error in a future version of PHP) C:\work\juhe\Runtime\Cache\User\234197cf6c6a9a5cec1173db0d38ebbc.php 第 130 行.
NOTIC: [2] Use of undefined constant id - assumed 'id' (this will throw an Error in a future version of PHP) C:\work\juhe\Runtime\Cache\User\234197cf6c6a9a5cec1173db0d38ebbc.php 第 133 行.
NOTIC: [2] Use of undefined constant id - assumed 'id' (this will throw an Error in a future version of PHP) C:\work\juhe\Runtime\Cache\User\234197cf6c6a9a5cec1173db0d38ebbc.php 第 134 行.
NOTIC: [2] Use of undefined constant id - assumed 'id' (this will throw an Error in a future version of PHP) C:\work\juhe\Runtime\Cache\User\234197cf6c6a9a5cec1173db0d38ebbc.php 第 135 行.
NOTIC: [2] Use of undefined constant check_status - assumed 'check_status' (this will throw an Error in a future version of PHP) C:\work\juhe\Runtime\Cache\User\234197cf6c6a9a5cec1173db0d38ebbc.php 第 120 行.
NOTIC: [2] Use of undefined constant status - assumed 'status' (this will throw an Error in a future version of PHP) C:\work\juhe\Runtime\Cache\User\234197cf6c6a9a5cec1173db0d38ebbc.php 第 124 行.
NOTIC: [2] Use of undefined constant check_time - assumed 'check_time' (this will throw an Error in a future version of PHP) C:\work\juhe\Runtime\Cache\User\234197cf6c6a9a5cec1173db0d38ebbc.php 第 130 行.
NOTIC: [2] Use of undefined constant id - assumed 'id' (this will throw an Error in a future version of PHP) C:\work\juhe\Runtime\Cache\User\234197cf6c6a9a5cec1173db0d38ebbc.php 第 133 行.
NOTIC: [2] Use of undefined constant id - assumed 'id' (this will throw an Error in a future version of PHP) C:\work\juhe\Runtime\Cache\User\234197cf6c6a9a5cec1173db0d38ebbc.php 第 134 行.
NOTIC: [2] Use of undefined constant id - assumed 'id' (this will throw an Error in a future version of PHP) C:\work\juhe\Runtime\Cache\User\234197cf6c6a9a5cec1173db0d38ebbc.php 第 135 行.
NOTIC: [2] Use of undefined constant check_status - assumed 'check_status' (this will throw an Error in a future version of PHP) C:\work\juhe\Runtime\Cache\User\234197cf6c6a9a5cec1173db0d38ebbc.php 第 120 行.
NOTIC: [2] Use of undefined constant status - assumed 'status' (this will throw an Error in a future version of PHP) C:\work\juhe\Runtime\Cache\User\234197cf6c6a9a5cec1173db0d38ebbc.php 第 124 行.
NOTIC: [2] Use of undefined constant check_time - assumed 'check_time' (this will throw an Error in a future version of PHP) C:\work\juhe\Runtime\Cache\User\234197cf6c6a9a5cec1173db0d38ebbc.php 第 130 行.
NOTIC: [2] Use of undefined constant id - assumed 'id' (this will throw an Error in a future version of PHP) C:\work\juhe\Runtime\Cache\User\234197cf6c6a9a5cec1173db0d38ebbc.php 第 133 行.
NOTIC: [2] Use of undefined constant id - assumed 'id' (this will throw an Error in a future version of PHP) C:\work\juhe\Runtime\Cache\User\234197cf6c6a9a5cec1173db0d38ebbc.php 第 134 行.
NOTIC: [2] Use of undefined constant id - assumed 'id' (this will throw an Error in a future version of PHP) C:\work\juhe\Runtime\Cache\User\234197cf6c6a9a5cec1173db0d38ebbc.php 第 135 行.
NOTIC: [2] Use of undefined constant check_status - assumed 'check_status' (this will throw an Error in a future version of PHP) C:\work\juhe\Runtime\Cache\User\234197cf6c6a9a5cec1173db0d38ebbc.php 第 120 行.
NOTIC: [2] Use of undefined constant status - assumed 'status' (this will throw an Error in a future version of PHP) C:\work\juhe\Runtime\Cache\User\234197cf6c6a9a5cec1173db0d38ebbc.php 第 124 行.
NOTIC: [2] Use of undefined constant check_time - assumed 'check_time' (this will throw an Error in a future version of PHP) C:\work\juhe\Runtime\Cache\User\234197cf6c6a9a5cec1173db0d38ebbc.php 第 130 行.
NOTIC: [2] Use of undefined constant id - assumed 'id' (this will throw an Error in a future version of PHP) C:\work\juhe\Runtime\Cache\User\234197cf6c6a9a5cec1173db0d38ebbc.php 第 133 行.
NOTIC: [2] Use of undefined constant id - assumed 'id' (this will throw an Error in a future version of PHP) C:\work\juhe\Runtime\Cache\User\234197cf6c6a9a5cec1173db0d38ebbc.php 第 134 行.
NOTIC: [2] Use of undefined constant id - assumed 'id' (this will throw an Error in a future version of PHP) C:\work\juhe\Runtime\Cache\User\234197cf6c6a9a5cec1173db0d38ebbc.php 第 135 行.
NOTIC: [2] Use of undefined constant check_status - assumed 'check_status' (this will throw an Error in a future version of PHP) C:\work\juhe\Runtime\Cache\User\234197cf6c6a9a5cec1173db0d38ebbc.php 第 120 行.
NOTIC: [2] Use of undefined constant status - assumed 'status' (this will throw an Error in a future version of PHP) C:\work\juhe\Runtime\Cache\User\234197cf6c6a9a5cec1173db0d38ebbc.php 第 124 行.
NOTIC: [2] Use of undefined constant check_time - assumed 'check_time' (this will throw an Error in a future version of PHP) C:\work\juhe\Runtime\Cache\User\234197cf6c6a9a5cec1173db0d38ebbc.php 第 130 行.
NOTIC: [2] Use of undefined constant id - assumed 'id' (this will throw an Error in a future version of PHP) C:\work\juhe\Runtime\Cache\User\234197cf6c6a9a5cec1173db0d38ebbc.php 第 133 行.
NOTIC: [2] Use of undefined constant id - assumed 'id' (this will throw an Error in a future version of PHP) C:\work\juhe\Runtime\Cache\User\234197cf6c6a9a5cec1173db0d38ebbc.php 第 135 行.
NOTIC: [2] Use of undefined constant check_status - assumed 'check_status' (this will throw an Error in a future version of PHP) C:\work\juhe\Runtime\Cache\User\234197cf6c6a9a5cec1173db0d38ebbc.php 第 120 行.
NOTIC: [2] Use of undefined constant status - assumed 'status' (this will throw an Error in a future version of PHP) C:\work\juhe\Runtime\Cache\User\234197cf6c6a9a5cec1173db0d38ebbc.php 第 124 行.
NOTIC: [2] Use of undefined constant check_time - assumed 'check_time' (this will throw an Error in a future version of PHP) C:\work\juhe\Runtime\Cache\User\234197cf6c6a9a5cec1173db0d38ebbc.php 第 130 行.
NOTIC: [2] Use of undefined constant id - assumed 'id' (this will throw an Error in a future version of PHP) C:\work\juhe\Runtime\Cache\User\234197cf6c6a9a5cec1173db0d38ebbc.php 第 133 行.
NOTIC: [2] Use of undefined constant id - assumed 'id' (this will throw an Error in a future version of PHP) C:\work\juhe\Runtime\Cache\User\234197cf6c6a9a5cec1173db0d38ebbc.php 第 135 行.
NOTIC: [2] Use of undefined constant check_status - assumed 'check_status' (this will throw an Error in a future version of PHP) C:\work\juhe\Runtime\Cache\User\234197cf6c6a9a5cec1173db0d38ebbc.php 第 120 行.
NOTIC: [2] Use of undefined constant status - assumed 'status' (this will throw an Error in a future version of PHP) C:\work\juhe\Runtime\Cache\User\234197cf6c6a9a5cec1173db0d38ebbc.php 第 124 行.
NOTIC: [2] Use of undefined constant check_time - assumed 'check_time' (this will throw an Error in a future version of PHP) C:\work\juhe\Runtime\Cache\User\234197cf6c6a9a5cec1173db0d38ebbc.php 第 130 行.
NOTIC: [2] Use of undefined constant id - assumed 'id' (this will throw an Error in a future version of PHP) C:\work\juhe\Runtime\Cache\User\234197cf6c6a9a5cec1173db0d38ebbc.php 第 133 行.
NOTIC: [2] Use of undefined constant id - assumed 'id' (this will throw an Error in a future version of PHP) C:\work\juhe\Runtime\Cache\User\234197cf6c6a9a5cec1173db0d38ebbc.php 第 134 行.
NOTIC: [2] Use of undefined constant id - assumed 'id' (this will throw an Error in a future version of PHP) C:\work\juhe\Runtime\Cache\User\234197cf6c6a9a5cec1173db0d38ebbc.php 第 135 行.
NOTIC: [2] Use of undefined constant check_status - assumed 'check_status' (this will throw an Error in a future version of PHP) C:\work\juhe\Runtime\Cache\User\234197cf6c6a9a5cec1173db0d38ebbc.php 第 120 行.
NOTIC: [2] Use of undefined constant status - assumed 'status' (this will throw an Error in a future version of PHP) C:\work\juhe\Runtime\Cache\User\234197cf6c6a9a5cec1173db0d38ebbc.php 第 124 行.
NOTIC: [2] Use of undefined constant check_time - assumed 'check_time' (this will throw an Error in a future version of PHP) C:\work\juhe\Runtime\Cache\User\234197cf6c6a9a5cec1173db0d38ebbc.php 第 130 行.
NOTIC: [2] Use of undefined constant id - assumed 'id' (this will throw an Error in a future version of PHP) C:\work\juhe\Runtime\Cache\User\234197cf6c6a9a5cec1173db0d38ebbc.php 第 133 行.
NOTIC: [2] Use of undefined constant id - assumed 'id' (this will throw an Error in a future version of PHP) C:\work\juhe\Runtime\Cache\User\234197cf6c6a9a5cec1173db0d38ebbc.php 第 134 行.
NOTIC: [2] Use of undefined constant id - assumed 'id' (this will throw an Error in a future version of PHP) C:\work\juhe\Runtime\Cache\User\234197cf6c6a9a5cec1173db0d38ebbc.php 第 135 行.
NOTIC: [2] Use of undefined constant rows - assumed 'rows' (this will throw an Error in a future version of PHP) C:\work\juhe\Runtime\Cache\User\234197cf6c6a9a5cec1173db0d38ebbc.php 第 146 行.
NOTIC: [8] Undefined index: rows C:\work\juhe\Runtime\Cache\User\234197cf6c6a9a5cec1173db0d38ebbc.php 第 146 行.
NOTIC: [2] Use of undefined constant rows - assumed 'rows' (this will throw an Error in a future version of PHP) C:\work\juhe\Runtime\Cache\User\234197cf6c6a9a5cec1173db0d38ebbc.php 第 147 行.
NOTIC: [8] Undefined index: rows C:\work\juhe\Runtime\Cache\User\234197cf6c6a9a5cec1173db0d38ebbc.php 第 147 行.
NOTIC: [2] Use of undefined constant rows - assumed 'rows' (this will throw an Error in a future version of PHP) C:\work\juhe\Runtime\Cache\User\234197cf6c6a9a5cec1173db0d38ebbc.php 第 148 行.
NOTIC: [8] Undefined index: rows C:\work\juhe\Runtime\Cache\User\234197cf6c6a9a5cec1173db0d38ebbc.php 第 148 行.
NOTIC: [2] Use of undefined constant rows - assumed 'rows' (this will throw an Error in a future version of PHP) C:\work\juhe\Runtime\Cache\User\234197cf6c6a9a5cec1173db0d38ebbc.php 第 149 行.
NOTIC: [8] Undefined index: rows C:\work\juhe\Runtime\Cache\User\234197cf6c6a9a5cec1173db0d38ebbc.php 第 149 行.
NOTIC: [2] Use of undefined constant rows - assumed 'rows' (this will throw an Error in a future version of PHP) C:\work\juhe\Runtime\Cache\User\234197cf6c6a9a5cec1173db0d38ebbc.php 第 150 行.
NOTIC: [8] Undefined index: rows C:\work\juhe\Runtime\Cache\User\234197cf6c6a9a5cec1173db0d38ebbc.php 第 150 行.
NOTIC: [2] Use of undefined constant rows - assumed 'rows' (this will throw an Error in a future version of PHP) C:\work\juhe\Runtime\Cache\User\234197cf6c6a9a5cec1173db0d38ebbc.php 第 151 行.
NOTIC: [8] Undefined index: rows C:\work\juhe\Runtime\Cache\User\234197cf6c6a9a5cec1173db0d38ebbc.php 第 151 行.
INFO: Run Behavior\ParseTemplateBehavior [ RunTime:0.017852s ]
INFO: [ view_parse ] --END-- [ RunTime:0.017881s ]
INFO: [ view_filter ] --START--
INFO: Run Behavior\WriteHtmlCacheBehavior [ RunTime:0.000905s ]
INFO: Run Behavior\TokenBuildBehavior [ RunTime:0.004381s ]
INFO: [ view_filter ] --END-- [ RunTime:0.005367s ]
INFO: [ app_end ] --START--
INFO: Run Behavior\ShowPageTraceBehavior [ RunTime:0.003433s ]
INFO: [ app_end ] --END-- [ RunTime:0.003592s ]

[ 2019-01-31T21:01:43+08:00 ] 127.0.0.1 /agent_Withdrawal_check.html
INFO: [ app_init ] --START--
INFO: Run Behavior\BuildLiteBehavior [ RunTime:0.000006s ]
INFO: [ app_init ] --END-- [ RunTime:0.000036s ]
INFO: [ app_begin ] --START--
INFO: Run Behavior\ReadHtmlCacheBehavior [ RunTime:0.000975s ]
INFO: Run Behavior\CheckLangBehavior [ RunTime:0.001413s ]
INFO: [ app_begin ] --END-- [ RunTime:0.002441s ]
SQL: SHOW COLUMNS FROM `pay_websiteconfig` [ RunTime:0.0017s ]
SQL: SELECT * FROM `pay_websiteconfig` LIMIT 1   [ RunTime:0.0012s ]
SQL: SHOW COLUMNS FROM `pay_member` [ RunTime:0.0017s ]
SQL: SELECT `id` as uid,`username`,`password`,`groupid`,`parentid`,`salt`,`balance`,`blockedbalance`,`email`,`realname`,`authorized`,`apidomain`,`apikey`,`status`,`mobile`,`receiver`,`agent_cate`,`df_api`,`login_ip`,`open_charge`,`google_secret_key`,`session_random`,`regdatetime` FROM `pay_member` WHERE `id` = 112 LIMIT 1   [ RunTime:0.0009s ]
SQL: SELECT `id`,`parentid` FROM `pay_member` WHERE `parentid` = 112 AND `groupid` = 6  [ RunTime:0.0006s ]
SQL: SELECT `df_api` FROM `pay_websiteconfig` LIMIT 1   [ RunTime:0.0005s ]
SQL: SELECT * FROM `pay_member` WHERE `id` = 112 LIMIT 1   [ RunTime:0.0009s ]
SQL: SHOW COLUMNS FROM `pay_df_api_order` [ RunTime:0.0014s ]
SQL: SELECT COUNT(*) AS tp_count FROM pay_df_api_order as O LEFT JOIN `pay_wttklist` AS W ON W.df_api_id = O.id  WHERE O.userid = '112' LIMIT 1   [ RunTime:0.0011s ]
SQL: SELECT O.*,W.status FROM pay_df_api_order as O LEFT JOIN `pay_wttklist` AS W ON W.df_api_id = O.id  WHERE O.userid = '112' ORDER BY id desc LIMIT 0,15   [ RunTime:0.0040s ]
SQL: SELECT SUM(O.money) AS tp_sum FROM pay_df_api_order as O LEFT JOIN `pay_wttklist` AS W ON W.df_api_id = O.id  WHERE O.create_time BETWEEN 1548864000 AND 1548950399 LIMIT 1   [ RunTime:0.0014s ]
SQL: SELECT SUM(O.money) AS tp_sum FROM pay_df_api_order as O LEFT JOIN `pay_wttklist` AS W ON W.df_api_id = O.id  WHERE O.create_time BETWEEN 1548864000 AND 1548950399 AND O.check_status = 0 LIMIT 1   [ RunTime:0.0013s ]
SQL: SELECT SUM(O.money) AS tp_sum FROM pay_df_api_order as O LEFT JOIN `pay_wttklist` AS W ON W.df_api_id = O.id  WHERE O.create_time BETWEEN 1548864000 AND 1548950399 AND O.check_status = 0 LIMIT 1   [ RunTime:0.0012s ]
SQL: SELECT SUM(O.money) AS tp_sum FROM pay_df_api_order as O LEFT JOIN `pay_wttklist` AS W ON W.df_api_id = O.id  WHERE O.create_time BETWEEN 1548864000 AND 1548950399 AND O.check_status = 0 AND W.status IN ('0','1') LIMIT 1   [ RunTime:0.0008s ]
SQL: SELECT COUNT(*) AS tp_count FROM pay_df_api_order as O LEFT JOIN `pay_wttklist` AS W ON W.df_api_id = O.id  WHERE O.create_time BETWEEN 1548864000 AND 1548950399 AND O.check_status = 0 AND W.status IN ('0','1') LIMIT 1   [ RunTime:0.0008s ]
SQL: SELECT SUM(O.money) AS tp_sum FROM pay_df_api_order as O LEFT JOIN `pay_wttklist` AS W ON W.df_api_id = O.id  WHERE O.create_time BETWEEN 1548864000 AND 1548950399 AND W.status = 2 LIMIT 1   [ RunTime:0.0010s ]
SQL: SELECT COUNT(*) AS tp_count FROM pay_df_api_order as O LEFT JOIN `pay_wttklist` AS W ON W.df_api_id = O.id  WHERE O.create_time BETWEEN 1548864000 AND 1548950399 AND W.status = 2 LIMIT 1   [ RunTime:0.0010s ]
SQL: SELECT COUNT(*) AS tp_count FROM pay_df_api_order as O LEFT JOIN `pay_wttklist` AS W ON W.df_api_id = O.id  WHERE O.create_time BETWEEN 1548864000 AND 1548950399 AND W.status IN ('3','4') LIMIT 1   [ RunTime:0.0014s ]
INFO: [ view_parse ] --START--
INFO: [ template_filter ] --START--
INFO: Run Behavior\ContentReplaceBehavior [ RunTime:0.000158s ]
INFO: [ template_filter ] --END-- [ RunTime:0.000214s ]
NOTIC: [8] Undefined index: out_trade_no C:\work\juhe\Runtime\Cache\User\234197cf6c6a9a5cec1173db0d38ebbc.php 第 42 行.
NOTIC: [8] Undefined index: accountname C:\work\juhe\Runtime\Cache\User\234197cf6c6a9a5cec1173db0d38ebbc.php 第 46 行.
NOTIC: [8] Undefined index: create_time C:\work\juhe\Runtime\Cache\User\234197cf6c6a9a5cec1173db0d38ebbc.php 第 50 行.
NOTIC: [8] Undefined index: check_time C:\work\juhe\Runtime\Cache\User\234197cf6c6a9a5cec1173db0d38ebbc.php 第 54 行.
NOTIC: [8] Undefined index: check_status C:\work\juhe\Runtime\Cache\User\234197cf6c6a9a5cec1173db0d38ebbc.php 第 61 行.
NOTIC: [8] Undefined index: check_status C:\work\juhe\Runtime\Cache\User\234197cf6c6a9a5cec1173db0d38ebbc.php 第 62 行.
NOTIC: [8] Undefined index: check_status C:\work\juhe\Runtime\Cache\User\234197cf6c6a9a5cec1173db0d38ebbc.php 第 63 行.
NOTIC: [8] Undefined index: status C:\work\juhe\Runtime\Cache\User\234197cf6c6a9a5cec1173db0d38ebbc.php 第 70 行.
NOTIC: [8] Undefined index: status C:\work\juhe\Runtime\Cache\User\234197cf6c6a9a5cec1173db0d38ebbc.php 第 71 行.
NOTIC: [8] Undefined index: status C:\work\juhe\Runtime\Cache\User\234197cf6c6a9a5cec1173db0d38ebbc.php 第 72 行.
NOTIC: [8] Undefined index: status C:\work\juhe\Runtime\Cache\User\234197cf6c6a9a5cec1173db0d38ebbc.php 第 73 行.
NOTIC: [2] Use of undefined constant check_status - assumed 'check_status' (this will throw an Error in a future version of PHP) C:\work\juhe\Runtime\Cache\User\234197cf6c6a9a5cec1173db0d38ebbc.php 第 120 行.
NOTIC: [2] Use of undefined constant status - assumed 'status' (this will throw an Error in a future version of PHP) C:\work\juhe\Runtime\Cache\User\234197cf6c6a9a5cec1173db0d38ebbc.php 第 124 行.
NOTIC: [2] Use of undefined constant check_time - assumed 'check_time' (this will throw an Error in a future version of PHP) C:\work\juhe\Runtime\Cache\User\234197cf6c6a9a5cec1173db0d38ebbc.php 第 130 行.
NOTIC: [2] Use of undefined constant id - assumed 'id' (this will throw an Error in a future version of PHP) C:\work\juhe\Runtime\Cache\User\234197cf6c6a9a5cec1173db0d38ebbc.php 第 133 行.
NOTIC: [2] Use of undefined constant id - assumed 'id' (this will throw an Error in a future version of PHP) C:\work\juhe\Runtime\Cache\User\234197cf6c6a9a5cec1173db0d38ebbc.php 第 134 行.
NOTIC: [2] Use of undefined constant id - assumed 'id' (this will throw an Error in a future version of PHP) C:\work\juhe\Runtime\Cache\User\234197cf6c6a9a5cec1173db0d38ebbc.php 第 135 行.
NOTIC: [2] Use of undefined constant check_status - assumed 'check_status' (this will throw an Error in a future version of PHP) C:\work\juhe\Runtime\Cache\User\234197cf6c6a9a5cec1173db0d38ebbc.php 第 120 行.
NOTIC: [2] Use of undefined constant status - assumed 'status' (this will throw an Error in a future version of PHP) C:\work\juhe\Runtime\Cache\User\234197cf6c6a9a5cec1173db0d38ebbc.php 第 124 行.
NOTIC: [2] Use of undefined constant check_time - assumed 'check_time' (this will throw an Error in a future version of PHP) C:\work\juhe\Runtime\Cache\User\234197cf6c6a9a5cec1173db0d38ebbc.php 第 130 行.
NOTIC: [2] Use of undefined constant id - assumed 'id' (this will throw an Error in a future version of PHP) C:\work\juhe\Runtime\Cache\User\234197cf6c6a9a5cec1173db0d38ebbc.php 第 133 行.
NOTIC: [2] Use of undefined constant id - assumed 'id' (this will throw an Error in a future version of PHP) C:\work\juhe\Runtime\Cache\User\234197cf6c6a9a5cec1173db0d38ebbc.php 第 134 行.
NOTIC: [2] Use of undefined constant id - assumed 'id' (this will throw an Error in a future version of PHP) C:\work\juhe\Runtime\Cache\User\234197cf6c6a9a5cec1173db0d38ebbc.php 第 135 行.
NOTIC: [2] Use of undefined constant check_status - assumed 'check_status' (this will throw an Error in a future version of PHP) C:\work\juhe\Runtime\Cache\User\234197cf6c6a9a5cec1173db0d38ebbc.php 第 120 行.
NOTIC: [2] Use of undefined constant status - assumed 'status' (this will throw an Error in a future version of PHP) C:\work\juhe\Runtime\Cache\User\234197cf6c6a9a5cec1173db0d38ebbc.php 第 124 行.
NOTIC: [2] Use of undefined constant check_time - assumed 'check_time' (this will throw an Error in a future version of PHP) C:\work\juhe\Runtime\Cache\User\234197cf6c6a9a5cec1173db0d38ebbc.php 第 130 行.
NOTIC: [2] Use of undefined constant id - assumed 'id' (this will throw an Error in a future version of PHP) C:\work\juhe\Runtime\Cache\User\234197cf6c6a9a5cec1173db0d38ebbc.php 第 133 行.
NOTIC: [2] Use of undefined constant id - assumed 'id' (this will throw an Error in a future version of PHP) C:\work\juhe\Runtime\Cache\User\234197cf6c6a9a5cec1173db0d38ebbc.php 第 135 行.
NOTIC: [2] Use of undefined constant check_status - assumed 'check_status' (this will throw an Error in a future version of PHP) C:\work\juhe\Runtime\Cache\User\234197cf6c6a9a5cec1173db0d38ebbc.php 第 120 行.
NOTIC: [2] Use of undefined constant status - assumed 'status' (this will throw an Error in a future version of PHP) C:\work\juhe\Runtime\Cache\User\234197cf6c6a9a5cec1173db0d38ebbc.php 第 124 行.
NOTIC: [2] Use of undefined constant check_time - assumed 'check_time' (this will throw an Error in a future version of PHP) C:\work\juhe\Runtime\Cache\User\234197cf6c6a9a5cec1173db0d38ebbc.php 第 130 行.
NOTIC: [2] Use of undefined constant id - assumed 'id' (this will throw an Error in a future version of PHP) C:\work\juhe\Runtime\Cache\User\234197cf6c6a9a5cec1173db0d38ebbc.php 第 133 行.
NOTIC: [2] Use of undefined constant id - assumed 'id' (this will throw an Error in a future version of PHP) C:\work\juhe\Runtime\Cache\User\234197cf6c6a9a5cec1173db0d38ebbc.php 第 134 行.
NOTIC: [2] Use of undefined constant id - assumed 'id' (this will throw an Error in a future version of PHP) C:\work\juhe\Runtime\Cache\User\234197cf6c6a9a5cec1173db0d38ebbc.php 第 135 行.
NOTIC: [2] Use of undefined constant check_status - assumed 'check_status' (this will throw an Error in a future version of PHP) C:\work\juhe\Runtime\Cache\User\234197cf6c6a9a5cec1173db0d38ebbc.php 第 120 行.
NOTIC: [2] Use of undefined constant status - assumed 'status' (this will throw an Error in a future version of PHP) C:\work\juhe\Runtime\Cache\User\234197cf6c6a9a5cec1173db0d38ebbc.php 第 124 行.
NOTIC: [2] Use of undefined constant check_time - assumed 'check_time' (this will throw an Error in a future version of PHP) C:\work\juhe\Runtime\Cache\User\234197cf6c6a9a5cec1173db0d38ebbc.php 第 130 行.
NOTIC: [2] Use of undefined constant id - assumed 'id' (this will throw an Error in a future version of PHP) C:\work\juhe\Runtime\Cache\User\234197cf6c6a9a5cec1173db0d38ebbc.php 第 133 行.
NOTIC: [2] Use of undefined constant id - assumed 'id' (this will throw an Error in a future version of PHP) C:\work\juhe\Runtime\Cache\User\234197cf6c6a9a5cec1173db0d38ebbc.php 第 134 行.
NOTIC: [2] Use of undefined constant id - assumed 'id' (this will throw an Error in a future version of PHP) C:\work\juhe\Runtime\Cache\User\234197cf6c6a9a5cec1173db0d38ebbc.php 第 135 行.
NOTIC: [2] Use of undefined constant check_status - assumed 'check_status' (this will throw an Error in a future version of PHP) C:\work\juhe\Runtime\Cache\User\234197cf6c6a9a5cec1173db0d38ebbc.php 第 120 行.
NOTIC: [2] Use of undefined constant status - assumed 'status' (this will throw an Error in a future version of PHP) C:\work\juhe\Runtime\Cache\User\234197cf6c6a9a5cec1173db0d38ebbc.php 第 124 行.
NOTIC: [2] Use of undefined constant check_time - assumed 'check_time' (this will throw an Error in a future version of PHP) C:\work\juhe\Runtime\Cache\User\234197cf6c6a9a5cec1173db0d38ebbc.php 第 130 行.
NOTIC: [2] Use of undefined constant id - assumed 'id' (this will throw an Error in a future version of PHP) C:\work\juhe\Runtime\Cache\User\234197cf6c6a9a5cec1173db0d38ebbc.php 第 133 行.
NOTIC: [2] Use of undefined constant id - assumed 'id' (this will throw an Error in a future version of PHP) C:\work\juhe\Runtime\Cache\User\234197cf6c6a9a5cec1173db0d38ebbc.php 第 134 行.
NOTIC: [2] Use of undefined constant id - assumed 'id' (this will throw an Error in a future version of PHP) C:\work\juhe\Runtime\Cache\User\234197cf6c6a9a5cec1173db0d38ebbc.php 第 135 行.
NOTIC: [2] Use of undefined constant check_status - assumed 'check_status' (this will throw an Error in a future version of PHP) C:\work\juhe\Runtime\Cache\User\234197cf6c6a9a5cec1173db0d38ebbc.php 第 120 行.
NOTIC: [2] Use of undefined constant status - assumed 'status' (this will throw an Error in a future version of PHP) C:\work\juhe\Runtime\Cache\User\234197cf6c6a9a5cec1173db0d38ebbc.php 第 124 行.
NOTIC: [2] Use of undefined constant check_time - assumed 'check_time' (this will throw an Error in a future version of PHP) C:\work\juhe\Runtime\Cache\User\234197cf6c6a9a5cec1173db0d38ebbc.php 第 130 行.
NOTIC: [2] Use of undefined constant id - assumed 'id' (this will throw an Error in a future version of PHP) C:\work\juhe\Runtime\Cache\User\234197cf6c6a9a5cec1173db0d38ebbc.php 第 133 行.
NOTIC: [2] Use of undefined constant id - assumed 'id' (this will throw an Error in a future version of PHP) C:\work\juhe\Runtime\Cache\User\234197cf6c6a9a5cec1173db0d38ebbc.php 第 134 行.
NOTIC: [2] Use of undefined constant id - assumed 'id' (this will throw an Error in a future version of PHP) C:\work\juhe\Runtime\Cache\User\234197cf6c6a9a5cec1173db0d38ebbc.php 第 135 行.
NOTIC: [2] Use of undefined constant check_status - assumed 'check_status' (this will throw an Error in a future version of PHP) C:\work\juhe\Runtime\Cache\User\234197cf6c6a9a5cec1173db0d38ebbc.php 第 120 行.
NOTIC: [2] Use of undefined constant status - assumed 'status' (this will throw an Error in a future version of PHP) C:\work\juhe\Runtime\Cache\User\234197cf6c6a9a5cec1173db0d38ebbc.php 第 124 行.
NOTIC: [2] Use of undefined constant check_time - assumed 'check_time' (this will throw an Error in a future version of PHP) C:\work\juhe\Runtime\Cache\User\234197cf6c6a9a5cec1173db0d38ebbc.php 第 130 行.
NOTIC: [2] Use of undefined constant id - assumed 'id' (this will throw an Error in a future version of PHP) C:\work\juhe\Runtime\Cache\User\234197cf6c6a9a5cec1173db0d38ebbc.php 第 133 行.
NOTIC: [2] Use of undefined constant id - assumed 'id' (this will throw an Error in a future version of PHP) C:\work\juhe\Runtime\Cache\User\234197cf6c6a9a5cec1173db0d38ebbc.php 第 134 行.
NOTIC: [2] Use of undefined constant id - assumed 'id' (this will throw an Error in a future version of PHP) C:\work\juhe\Runtime\Cache\User\234197cf6c6a9a5cec1173db0d38ebbc.php 第 135 行.
NOTIC: [2] Use of undefined constant check_status - assumed 'check_status' (this will throw an Error in a future version of PHP) C:\work\juhe\Runtime\Cache\User\234197cf6c6a9a5cec1173db0d38ebbc.php 第 120 行.
NOTIC: [2] Use of undefined constant status - assumed 'status' (this will throw an Error in a future version of PHP) C:\work\juhe\Runtime\Cache\User\234197cf6c6a9a5cec1173db0d38ebbc.php 第 124 行.
NOTIC: [2] Use of undefined constant check_time - assumed 'check_time' (this will throw an Error in a future version of PHP) C:\work\juhe\Runtime\Cache\User\234197cf6c6a9a5cec1173db0d38ebbc.php 第 130 行.
NOTIC: [2] Use of undefined constant id - assumed 'id' (this will throw an Error in a future version of PHP) C:\work\juhe\Runtime\Cache\User\234197cf6c6a9a5cec1173db0d38ebbc.php 第 133 行.
NOTIC: [2] Use of undefined constant id - assumed 'id' (this will throw an Error in a future version of PHP) C:\work\juhe\Runtime\Cache\User\234197cf6c6a9a5cec1173db0d38ebbc.php 第 134 行.
NOTIC: [2] Use of undefined constant id - assumed 'id' (this will throw an Error in a future version of PHP) C:\work\juhe\Runtime\Cache\User\234197cf6c6a9a5cec1173db0d38ebbc.php 第 135 行.
NOTIC: [2] Use of undefined constant check_status - assumed 'check_status' (this will throw an Error in a future version of PHP) C:\work\juhe\Runtime\Cache\User\234197cf6c6a9a5cec1173db0d38ebbc.php 第 120 行.
NOTIC: [2] Use of undefined constant status - assumed 'status' (this will throw an Error in a future version of PHP) C:\work\juhe\Runtime\Cache\User\234197cf6c6a9a5cec1173db0d38ebbc.php 第 124 行.
NOTIC: [2] Use of undefined constant check_time - assumed 'check_time' (this will throw an Error in a future version of PHP) C:\work\juhe\Runtime\Cache\User\234197cf6c6a9a5cec1173db0d38ebbc.php 第 130 行.
NOTIC: [2] Use of undefined constant id - assumed 'id' (this will throw an Error in a future version of PHP) C:\work\juhe\Runtime\Cache\User\234197cf6c6a9a5cec1173db0d38ebbc.php 第 133 行.
NOTIC: [2] Use of undefined constant id - assumed 'id' (this will throw an Error in a future version of PHP) C:\work\juhe\Runtime\Cache\User\234197cf6c6a9a5cec1173db0d38ebbc.php 第 135 行.
NOTIC: [2] Use of undefined constant check_status - assumed 'check_status' (this will throw an Error in a future version of PHP) C:\work\juhe\Runtime\Cache\User\234197cf6c6a9a5cec1173db0d38ebbc.php 第 120 行.
NOTIC: [2] Use of undefined constant status - assumed 'status' (this will throw an Error in a future version of PHP) C:\work\juhe\Runtime\Cache\User\234197cf6c6a9a5cec1173db0d38ebbc.php 第 124 行.
NOTIC: [2] Use of undefined constant check_time - assumed 'check_time' (this will throw an Error in a future version of PHP) C:\work\juhe\Runtime\Cache\User\234197cf6c6a9a5cec1173db0d38ebbc.php 第 130 行.
NOTIC: [2] Use of undefined constant id - assumed 'id' (this will throw an Error in a future version of PHP) C:\work\juhe\Runtime\Cache\User\234197cf6c6a9a5cec1173db0d38ebbc.php 第 133 行.
NOTIC: [2] Use of undefined constant id - assumed 'id' (this will throw an Error in a future version of PHP) C:\work\juhe\Runtime\Cache\User\234197cf6c6a9a5cec1173db0d38ebbc.php 第 135 行.
NOTIC: [2] Use of undefined constant check_status - assumed 'check_status' (this will throw an Error in a future version of PHP) C:\work\juhe\Runtime\Cache\User\234197cf6c6a9a5cec1173db0d38ebbc.php 第 120 行.
NOTIC: [2] Use of undefined constant status - assumed 'status' (this will throw an Error in a future version of PHP) C:\work\juhe\Runtime\Cache\User\234197cf6c6a9a5cec1173db0d38ebbc.php 第 124 行.
NOTIC: [2] Use of undefined constant check_time - assumed 'check_time' (this will throw an Error in a future version of PHP) C:\work\juhe\Runtime\Cache\User\234197cf6c6a9a5cec1173db0d38ebbc.php 第 130 行.
NOTIC: [2] Use of undefined constant id - assumed 'id' (this will throw an Error in a future version of PHP) C:\work\juhe\Runtime\Cache\User\234197cf6c6a9a5cec1173db0d38ebbc.php 第 133 行.
NOTIC: [2] Use of undefined constant id - assumed 'id' (this will throw an Error in a future version of PHP) C:\work\juhe\Runtime\Cache\User\234197cf6c6a9a5cec1173db0d38ebbc.php 第 134 行.
NOTIC: [2] Use of undefined constant id - assumed 'id' (this will throw an Error in a future version of PHP) C:\work\juhe\Runtime\Cache\User\234197cf6c6a9a5cec1173db0d38ebbc.php 第 135 行.
NOTIC: [2] Use of undefined constant check_status - assumed 'check_status' (this will throw an Error in a future version of PHP) C:\work\juhe\Runtime\Cache\User\234197cf6c6a9a5cec1173db0d38ebbc.php 第 120 行.
NOTIC: [2] Use of undefined constant status - assumed 'status' (this will throw an Error in a future version of PHP) C:\work\juhe\Runtime\Cache\User\234197cf6c6a9a5cec1173db0d38ebbc.php 第 124 行.
NOTIC: [2] Use of undefined constant check_time - assumed 'check_time' (this will throw an Error in a future version of PHP) C:\work\juhe\Runtime\Cache\User\234197cf6c6a9a5cec1173db0d38ebbc.php 第 130 行.
NOTIC: [2] Use of undefined constant id - assumed 'id' (this will throw an Error in a future version of PHP) C:\work\juhe\Runtime\Cache\User\234197cf6c6a9a5cec1173db0d38ebbc.php 第 133 行.
NOTIC: [2] Use of undefined constant id - assumed 'id' (this will throw an Error in a future version of PHP) C:\work\juhe\Runtime\Cache\User\234197cf6c6a9a5cec1173db0d38ebbc.php 第 134 行.
NOTIC: [2] Use of undefined constant id - assumed 'id' (this will throw an Error in a future version of PHP) C:\work\juhe\Runtime\Cache\User\234197cf6c6a9a5cec1173db0d38ebbc.php 第 135 行.
NOTIC: [2] Use of undefined constant rows - assumed 'rows' (this will throw an Error in a future version of PHP) C:\work\juhe\Runtime\Cache\User\234197cf6c6a9a5cec1173db0d38ebbc.php 第 146 行.
NOTIC: [8] Undefined index: rows C:\work\juhe\Runtime\Cache\User\234197cf6c6a9a5cec1173db0d38ebbc.php 第 146 行.
NOTIC: [2] Use of undefined constant rows - assumed 'rows' (this will throw an Error in a future version of PHP) C:\work\juhe\Runtime\Cache\User\234197cf6c6a9a5cec1173db0d38ebbc.php 第 147 行.
NOTIC: [8] Undefined index: rows C:\work\juhe\Runtime\Cache\User\234197cf6c6a9a5cec1173db0d38ebbc.php 第 147 行.
NOTIC: [2] Use of undefined constant rows - assumed 'rows' (this will throw an Error in a future version of PHP) C:\work\juhe\Runtime\Cache\User\234197cf6c6a9a5cec1173db0d38ebbc.php 第 148 行.
NOTIC: [8] Undefined index: rows C:\work\juhe\Runtime\Cache\User\234197cf6c6a9a5cec1173db0d38ebbc.php 第 148 行.
NOTIC: [2] Use of undefined constant rows - assumed 'rows' (this will throw an Error in a future version of PHP) C:\work\juhe\Runtime\Cache\User\234197cf6c6a9a5cec1173db0d38ebbc.php 第 149 行.
NOTIC: [8] Undefined index: rows C:\work\juhe\Runtime\Cache\User\234197cf6c6a9a5cec1173db0d38ebbc.php 第 149 行.
NOTIC: [2] Use of undefined constant rows - assumed 'rows' (this will throw an Error in a future version of PHP) C:\work\juhe\Runtime\Cache\User\234197cf6c6a9a5cec1173db0d38ebbc.php 第 150 行.
NOTIC: [8] Undefined index: rows C:\work\juhe\Runtime\Cache\User\234197cf6c6a9a5cec1173db0d38ebbc.php 第 150 行.
NOTIC: [2] Use of undefined constant rows - assumed 'rows' (this will throw an Error in a future version of PHP) C:\work\juhe\Runtime\Cache\User\234197cf6c6a9a5cec1173db0d38ebbc.php 第 151 行.
NOTIC: [8] Undefined index: rows C:\work\juhe\Runtime\Cache\User\234197cf6c6a9a5cec1173db0d38ebbc.php 第 151 行.
INFO: Run Behavior\ParseTemplateBehavior [ RunTime:0.023415s ]
INFO: [ view_parse ] --END-- [ RunTime:0.023469s ]
INFO: [ view_filter ] --START--
INFO: Run Behavior\WriteHtmlCacheBehavior [ RunTime:0.001511s ]
INFO: Run Behavior\TokenBuildBehavior [ RunTime:0.004619s ]
INFO: [ view_filter ] --END-- [ RunTime:0.006220s ]
INFO: [ app_end ] --START--
INFO: Run Behavior\ShowPageTraceBehavior [ RunTime:0.003107s ]
INFO: [ app_end ] --END-- [ RunTime:0.003171s ]

[ 2019-01-31T21:10:02+08:00 ] 127.0.0.1 /agent_Withdrawal_check.html?m=User&c=Withdrawal&a=check&out_trade_no=&accountname=&create_time=&check_time=&check_status=&status=&__hash__=0a9775a549e2ba565b801a56c6a650e6_129dac5ee1d9b2175ad4cd1eb73a4d99
INFO: [ app_init ] --START--
INFO: Run Behavior\BuildLiteBehavior [ RunTime:0.000008s ]
INFO: [ app_init ] --END-- [ RunTime:0.000038s ]
INFO: [ app_begin ] --START--
INFO: Run Behavior\ReadHtmlCacheBehavior [ RunTime:0.001743s ]
INFO: Run Behavior\CheckLangBehavior [ RunTime:0.001673s ]
INFO: [ app_begin ] --END-- [ RunTime:0.003496s ]
SQL: SHOW COLUMNS FROM `pay_websiteconfig` [ RunTime:0.0022s ]
SQL: SELECT * FROM `pay_websiteconfig` LIMIT 1   [ RunTime:0.0019s ]
SQL: SHOW COLUMNS FROM `pay_member` [ RunTime:0.0021s ]
SQL: SELECT `id` as uid,`username`,`password`,`groupid`,`parentid`,`salt`,`balance`,`blockedbalance`,`email`,`realname`,`authorized`,`apidomain`,`apikey`,`status`,`mobile`,`receiver`,`agent_cate`,`df_api`,`login_ip`,`open_charge`,`google_secret_key`,`session_random`,`regdatetime` FROM `pay_member` WHERE `id` = 112 LIMIT 1   [ RunTime:0.0018s ]
SQL: SELECT `id`,`parentid` FROM `pay_member` WHERE `parentid` = 112 AND `groupid` = 6  [ RunTime:0.0007s ]
SQL: SELECT `df_api` FROM `pay_websiteconfig` LIMIT 1   [ RunTime:0.0006s ]
SQL: SELECT * FROM `pay_member` WHERE `id` = 112 LIMIT 1   [ RunTime:0.0009s ]
SQL: SHOW COLUMNS FROM `pay_df_api_order` [ RunTime:0.0016s ]
SQL: SELECT COUNT(*) AS tp_count FROM pay_df_api_order as O LEFT JOIN `pay_wttklist` AS W ON W.df_api_id = O.id  WHERE O.userid = '112' LIMIT 1   [ RunTime:0.0010s ]
SQL: SELECT O.*,W.status FROM pay_df_api_order as O LEFT JOIN `pay_wttklist` AS W ON W.df_api_id = O.id  WHERE O.userid = '112' ORDER BY id desc LIMIT 0,15   [ RunTime:0.0013s ]
SQL: SELECT SUM(O.money) AS tp_sum FROM pay_df_api_order as O LEFT JOIN `pay_wttklist` AS W ON W.df_api_id = O.id  WHERE O.create_time BETWEEN 1548864000 AND 1548950399 LIMIT 1   [ RunTime:0.0007s ]
SQL: SELECT SUM(O.money) AS tp_sum FROM pay_df_api_order as O LEFT JOIN `pay_wttklist` AS W ON W.df_api_id = O.id  WHERE O.create_time BETWEEN 1548864000 AND 1548950399 AND O.check_status = 0 LIMIT 1   [ RunTime:0.0006s ]
SQL: SELECT SUM(O.money) AS tp_sum FROM pay_df_api_order as O LEFT JOIN `pay_wttklist` AS W ON W.df_api_id = O.id  WHERE O.create_time BETWEEN 1548864000 AND 1548950399 AND O.check_status = 0 LIMIT 1   [ RunTime:0.0007s ]
SQL: SELECT SUM(O.money) AS tp_sum FROM pay_df_api_order as O LEFT JOIN `pay_wttklist` AS W ON W.df_api_id = O.id  WHERE O.create_time BETWEEN 1548864000 AND 1548950399 AND O.check_status = 0 AND W.status IN ('0','1') LIMIT 1   [ RunTime:0.0007s ]
SQL: SELECT COUNT(*) AS tp_count FROM pay_df_api_order as O LEFT JOIN `pay_wttklist` AS W ON W.df_api_id = O.id  WHERE O.create_time BETWEEN 1548864000 AND 1548950399 AND O.check_status = 0 AND W.status IN ('0','1') LIMIT 1   [ RunTime:0.0007s ]
SQL: SELECT SUM(O.money) AS tp_sum FROM pay_df_api_order as O LEFT JOIN `pay_wttklist` AS W ON W.df_api_id = O.id  WHERE O.create_time BETWEEN 1548864000 AND 1548950399 AND W.status = 2 LIMIT 1   [ RunTime:0.0009s ]
SQL: SELECT COUNT(*) AS tp_count FROM pay_df_api_order as O LEFT JOIN `pay_wttklist` AS W ON W.df_api_id = O.id  WHERE O.create_time BETWEEN 1548864000 AND 1548950399 AND W.status = 2 LIMIT 1   [ RunTime:0.0012s ]
SQL: SELECT COUNT(*) AS tp_count FROM pay_df_api_order as O LEFT JOIN `pay_wttklist` AS W ON W.df_api_id = O.id  WHERE O.create_time BETWEEN 1548864000 AND 1548950399 AND W.status IN ('3','4') LIMIT 1   [ RunTime:0.0009s ]
INFO: [ view_parse ] --START--
INFO: [ template_filter ] --START--
INFO: Run Behavior\ContentReplaceBehavior [ RunTime:0.000101s ]
INFO: [ template_filter ] --END-- [ RunTime:0.000151s ]
NOTIC: [2] Use of undefined constant rows - assumed 'rows' (this will throw an Error in a future version of PHP) C:\work\juhe\Runtime\Cache\User\234197cf6c6a9a5cec1173db0d38ebbc.php 第 146 行.
NOTIC: [8] Undefined index: rows C:\work\juhe\Runtime\Cache\User\234197cf6c6a9a5cec1173db0d38ebbc.php 第 146 行.
NOTIC: [2] Use of undefined constant rows - assumed 'rows' (this will throw an Error in a future version of PHP) C:\work\juhe\Runtime\Cache\User\234197cf6c6a9a5cec1173db0d38ebbc.php 第 147 行.
NOTIC: [8] Undefined index: rows C:\work\juhe\Runtime\Cache\User\234197cf6c6a9a5cec1173db0d38ebbc.php 第 147 行.
NOTIC: [2] Use of undefined constant rows - assumed 'rows' (this will throw an Error in a future version of PHP) C:\work\juhe\Runtime\Cache\User\234197cf6c6a9a5cec1173db0d38ebbc.php 第 148 行.
NOTIC: [8] Undefined index: rows C:\work\juhe\Runtime\Cache\User\234197cf6c6a9a5cec1173db0d38ebbc.php 第 148 行.
NOTIC: [2] Use of undefined constant rows - assumed 'rows' (this will throw an Error in a future version of PHP) C:\work\juhe\Runtime\Cache\User\234197cf6c6a9a5cec1173db0d38ebbc.php 第 149 行.
NOTIC: [8] Undefined index: rows C:\work\juhe\Runtime\Cache\User\234197cf6c6a9a5cec1173db0d38ebbc.php 第 149 行.
NOTIC: [2] Use of undefined constant rows - assumed 'rows' (this will throw an Error in a future version of PHP) C:\work\juhe\Runtime\Cache\User\234197cf6c6a9a5cec1173db0d38ebbc.php 第 150 行.
NOTIC: [8] Undefined index: rows C:\work\juhe\Runtime\Cache\User\234197cf6c6a9a5cec1173db0d38ebbc.php 第 150 行.
NOTIC: [2] Use of undefined constant rows - assumed 'rows' (this will throw an Error in a future version of PHP) C:\work\juhe\Runtime\Cache\User\234197cf6c6a9a5cec1173db0d38ebbc.php 第 151 行.
NOTIC: [8] Undefined index: rows C:\work\juhe\Runtime\Cache\User\234197cf6c6a9a5cec1173db0d38ebbc.php 第 151 行.
INFO: Run Behavior\ParseTemplateBehavior [ RunTime:0.022819s ]
INFO: [ view_parse ] --END-- [ RunTime:0.022894s ]
INFO: [ view_filter ] --START--
INFO: Run Behavior\WriteHtmlCacheBehavior [ RunTime:0.001603s ]
INFO: Run Behavior\TokenBuildBehavior [ RunTime:0.002764s ]
INFO: [ view_filter ] --END-- [ RunTime:0.004448s ]
INFO: [ app_end ] --START--
INFO: Run Behavior\ShowPageTraceBehavior [ RunTime:0.001944s ]
INFO: [ app_end ] --END-- [ RunTime:0.001996s ]

