[ 2019-02-22T20:05:33+08:00 ] 127.0.0.1 /agent_Login_test
INFO: [ app_init ] --START--
INFO: Run Behavior\BuildLiteBehavior [ RunTime:0.000013s ]
INFO: [ app_init ] --END-- [ RunTime:0.000077s ]
INFO: [ app_begin ] --START--
INFO: Run Behavior\ReadHtmlCacheBehavior [ RunTime:0.001619s ]
INFO: Run Behavior\CheckLangBehavior [ RunTime:0.003062s ]
INFO: [ app_begin ] --END-- [ RunTime:0.004836s ]
SQL: SHOW COLUMNS FROM `pay_websiteconfig` [ RunTime:0.0017s ]
SQL: SELECT * FROM `pay_websiteconfig` LIMIT 1   [ RunTime:0.0015s ]
SQL: SHOW COLUMNS FROM `pay_product` [ RunTime:0.0036s ]
SQL: SELECT * FROM `pay_product` WHERE `isdisplay` = 1 AND `status` = 1  [ RunTime:0.0016s ]
INFO: [ view_parse ] --START--
INFO: [ template_filter ] --START--
INFO: Run Behavior\ContentReplaceBehavior [ RunTime:0.000115s ]
INFO: [ template_filter ] --END-- [ RunTime:0.000241s ]
NOTIC: [8] Undefined variable: products C:\work\juhe\Runtime\Cache\User\f8b656baee950fa8830647b73edc728c.php 第 73 行.
INFO: Run Behavior\ParseTemplateBehavior [ RunTime:0.015166s ]
INFO: [ view_parse ] --END-- [ RunTime:0.015233s ]
INFO: [ view_filter ] --START--
INFO: Run Behavior\WriteHtmlCacheBehavior [ RunTime:0.001292s ]
INFO: Run Behavior\TokenBuildBehavior [ RunTime:0.001971s ]
INFO: [ view_filter ] --END-- [ RunTime:0.003350s ]
INFO: [ app_end ] --START--
INFO: Run Behavior\ShowPageTraceBehavior [ RunTime:0.001757s ]
INFO: [ app_end ] --END-- [ RunTime:0.001804s ]

