[ 2019-01-23T13:43:01+08:00 ] 127.0.0.1 /user.html
INFO: [ app_init ] --START--
INFO: Run Behavior\BuildLiteBehavior [ RunTime:0.000004s ]
INFO: [ app_init ] --END-- [ RunTime:0.000025s ]
INFO: [ app_begin ] --START--
INFO: Run Behavior\ReadHtmlCacheBehavior [ RunTime:0.000665s ]
INFO: Run Behavior\CheckLangBehavior [ RunTime:0.001092s ]
INFO: [ app_begin ] --END-- [ RunTime:0.001796s ]
SQL: SHOW COLUMNS FROM `pay_websiteconfig` [ RunTime:0.0009s ]
SQL: SELECT * FROM `pay_websiteconfig` LIMIT 1   [ RunTime:0.0004s ]
SQL: SHOW COLUMNS FROM `pay_member` [ RunTime:0.0007s ]
SQL: SELECT `id` as uid,`username`,`password`,`groupid`,`parentid`,`salt`,`balance`,`blockedbalance`,`email`,`realname`,`authorized`,`apidomain`,`apikey`,`status`,`mobile`,`receiver`,`agent_cate`,`df_api`,`login_ip`,`open_charge`,`google_secret_key`,`session_random`,`regdatetime` FROM `pay_member` WHERE `id` = 112 LIMIT 1   [ RunTime:0.0004s ]
SQL: SELECT `id`,`parentid` FROM `pay_member` WHERE `parentid` = 112 AND `groupid` = 6  [ RunTime:0.0007s ]
INFO: [ view_parse ] --START--
INFO: [ template_filter ] --START--
INFO: Run Behavior\ContentReplaceBehavior [ RunTime:0.000036s ]
INFO: [ template_filter ] --END-- [ RunTime:0.000059s ]
NOTIC: [2] Use of undefined constant agent_cate - assumed 'agent_cate' (this will throw an Error in a future version of PHP) C:\work\juhe\Runtime\Cache\User\d7a7632f153cf12d0db44c934c28bcfe.php 第 53 行.
NOTIC: [2] Use of undefined constant groupid - assumed 'groupid' (this will throw an Error in a future version of PHP) C:\work\juhe\Runtime\Cache\User\d7a7632f153cf12d0db44c934c28bcfe.php 第 58 行.
NOTIC: [2] Use of undefined constant groupid - assumed 'groupid' (this will throw an Error in a future version of PHP) C:\work\juhe\Runtime\Cache\User\d7a7632f153cf12d0db44c934c28bcfe.php 第 70 行.
NOTIC: [2] Use of undefined constant open_charge - assumed 'open_charge' (this will throw an Error in a future version of PHP) C:\work\juhe\Runtime\Cache\User\d7a7632f153cf12d0db44c934c28bcfe.php 第 70 行.
NOTIC: [2] Use of undefined constant groupid - assumed 'groupid' (this will throw an Error in a future version of PHP) C:\work\juhe\Runtime\Cache\User\d7a7632f153cf12d0db44c934c28bcfe.php 第 103 行.
NOTIC: [2] Use of undefined constant df_api - assumed 'df_api' (this will throw an Error in a future version of PHP) C:\work\juhe\Runtime\Cache\User\d7a7632f153cf12d0db44c934c28bcfe.php 第 117 行.
NOTIC: [2] Use of undefined constant groupid - assumed 'groupid' (this will throw an Error in a future version of PHP) C:\work\juhe\Runtime\Cache\User\d7a7632f153cf12d0db44c934c28bcfe.php 第 120 行.
NOTIC: [2] Use of undefined constant groupid - assumed 'groupid' (this will throw an Error in a future version of PHP) C:\work\juhe\Runtime\Cache\User\d7a7632f153cf12d0db44c934c28bcfe.php 第 128 行.
NOTIC: [2] Use of undefined constant groupid - assumed 'groupid' (this will throw an Error in a future version of PHP) C:\work\juhe\Runtime\Cache\User\d7a7632f153cf12d0db44c934c28bcfe.php 第 142 行.
NOTIC: [2] Use of undefined constant groupid - assumed 'groupid' (this will throw an Error in a future version of PHP) C:\work\juhe\Runtime\Cache\User\d7a7632f153cf12d0db44c934c28bcfe.php 第 156 行.
INFO: Run Behavior\ParseTemplateBehavior [ RunTime:0.010019s ]
INFO: [ view_parse ] --END-- [ RunTime:0.010072s ]
INFO: [ view_filter ] --START--
INFO: Run Behavior\WriteHtmlCacheBehavior [ RunTime:0.000601s ]
INFO: Run Behavior\TokenBuildBehavior [ RunTime:0.001134s ]
INFO: [ view_filter ] --END-- [ RunTime:0.001763s ]
INFO: [ app_end ] --START--
INFO: Run Behavior\ShowPageTraceBehavior [ RunTime:0.000697s ]
INFO: [ app_end ] --END-- [ RunTime:0.000716s ]

[ 2019-01-23T13:43:02+08:00 ] 127.0.0.1 /agent_Index_main.html
INFO: [ app_init ] --START--
INFO: Run Behavior\BuildLiteBehavior [ RunTime:0.000005s ]
INFO: [ app_init ] --END-- [ RunTime:0.000028s ]
INFO: [ app_begin ] --START--
INFO: Run Behavior\ReadHtmlCacheBehavior [ RunTime:0.000671s ]
INFO: Run Behavior\CheckLangBehavior [ RunTime:0.001014s ]
INFO: [ app_begin ] --END-- [ RunTime:0.001730s ]
SQL: SHOW COLUMNS FROM `pay_websiteconfig` [ RunTime:0.0008s ]
SQL: SELECT * FROM `pay_websiteconfig` LIMIT 1   [ RunTime:0.0003s ]
SQL: SHOW COLUMNS FROM `pay_member` [ RunTime:0.0007s ]
SQL: SELECT `id` as uid,`username`,`password`,`groupid`,`parentid`,`salt`,`balance`,`blockedbalance`,`email`,`realname`,`authorized`,`apidomain`,`apikey`,`status`,`mobile`,`receiver`,`agent_cate`,`df_api`,`login_ip`,`open_charge`,`google_secret_key`,`session_random`,`regdatetime` FROM `pay_member` WHERE `id` = 112 LIMIT 1   [ RunTime:0.0004s ]
SQL: SELECT `id`,`parentid` FROM `pay_member` WHERE `parentid` = 112 AND `groupid` = 6  [ RunTime:0.0004s ]
SQL: SHOW COLUMNS FROM `pay_order` [ RunTime:0.0008s ]
SQL: SELECT SUM( pay_actualamount ) AS total, FROM_UNIXTIME( pay_successdate,  '%Y-%m-%d' ) AS DATETIME
FROM pay_order WHERE pay_successdate >= UNIX_TIMESTAMP(  '2019-01-01' ) AND pay_successdate < UNIX_TIMESTAMP(  '2019-01-31' ) AND pay_status>=1 AND pay_memberid=10112  GROUP BY DATETIME [ RunTime:0.0228s ]
SQL: SELECT COUNT( id ) AS num, FROM_UNIXTIME( pay_successdate,  '%Y-%m-%d' ) AS DATETIME
FROM pay_order WHERE pay_successdate >= UNIX_TIMESTAMP(  '2019-01-01' ) AND pay_successdate < UNIX_TIMESTAMP(  '2019-01-31' ) AND pay_status>=1 AND pay_memberid=10112  GROUP BY DATETIME [ RunTime:0.0207s ]
SQL: SHOW COLUMNS FROM `pay_article` [ RunTime:0.0019s ]
SQL: SELECT * FROM `pay_article` WHERE `status` = 1 AND `groupid` IN ('0','1') ORDER BY id desc LIMIT 2   [ RunTime:0.0007s ]
SQL: SHOW COLUMNS FROM `pay_loginrecord` [ RunTime:0.0006s ]
SQL: SELECT * FROM `pay_loginrecord` WHERE `userid` = 112 ORDER BY id desc LIMIT 2   [ RunTime:0.0073s ]
SQL: SELECT COUNT(*) AS tp_count FROM `pay_order` WHERE `pay_memberid` = 10112 AND `pay_applydate` BETWEEN 1548172800 AND 1548259199 LIMIT 1   [ RunTime:0.0197s ]
SQL: SELECT COUNT(*) AS tp_count FROM `pay_order` WHERE `pay_memberid` = 10112 AND `pay_successdate` BETWEEN 1548172800 AND 1548259199 AND `pay_status` IN ('1','2') LIMIT 1   [ RunTime:0.0211s ]
SQL: SELECT COUNT(*) AS tp_count FROM `pay_order` WHERE `pay_memberid` = 10112 AND `pay_applydate` BETWEEN 1548172800 AND 1548259199 AND `pay_status` = 0 LIMIT 1   [ RunTime:0.0199s ]
SQL: SELECT SUM(pay_amount) AS tp_sum FROM `pay_order` WHERE `pay_memberid` = 10112 AND `pay_applydate` BETWEEN 1548172800 AND 1548259199 LIMIT 1   [ RunTime:0.0193s ]
SQL: SELECT SUM(pay_amount) AS tp_sum FROM `pay_order` WHERE `pay_memberid` = 10112 AND `pay_successdate` BETWEEN 1548172800 AND 1548259199 AND `pay_status` IN ('1','2') LIMIT 1   [ RunTime:0.0194s ]
SQL: SELECT SUM(pay_poundage) AS tp_sum FROM `pay_order` WHERE `pay_memberid` = 10112 AND `pay_successdate` BETWEEN 1548172800 AND 1548259199 AND `pay_status` IN ('1','2') LIMIT 1   [ RunTime:0.0199s ]
NOTIC: [8] Undefined variable: ipItem C:\work\juhe\Application\User\Controller\IndexController.class.php 第 100 行.
INFO: [ view_parse ] --START--
INFO: [ template_filter ] --START--
INFO: Run Behavior\ContentReplaceBehavior [ RunTime:0.000031s ]
INFO: [ template_filter ] --END-- [ RunTime:0.000052s ]
NOTIC: [2] Illegal string offset 'loginip' C:\work\juhe\Runtime\Cache\User\0a2302724c4cbc626c8639028f086c96.php 第 39 行.
NOTIC: [8] Uninitialized string offset: 0 C:\work\juhe\Runtime\Cache\User\0a2302724c4cbc626c8639028f086c96.php 第 39 行.
NOTIC: [2] Illegal string offset 'loginaddress' C:\work\juhe\Runtime\Cache\User\0a2302724c4cbc626c8639028f086c96.php 第 39 行.
NOTIC: [8] Uninitialized string offset: 0 C:\work\juhe\Runtime\Cache\User\0a2302724c4cbc626c8639028f086c96.php 第 39 行.
NOTIC: [2] Illegal string offset 'logindatetime' C:\work\juhe\Runtime\Cache\User\0a2302724c4cbc626c8639028f086c96.php 第 39 行.
NOTIC: [8] Uninitialized string offset: 0 C:\work\juhe\Runtime\Cache\User\0a2302724c4cbc626c8639028f086c96.php 第 39 行.
NOTIC: [2] Use of undefined constant authorized - assumed 'authorized' (this will throw an Error in a future version of PHP) C:\work\juhe\Runtime\Cache\User\0a2302724c4cbc626c8639028f086c96.php 第 46 行.
NOTIC: [8] Array to string conversion C:\work\juhe\Runtime\Cache\User\0a2302724c4cbc626c8639028f086c96.php 第 46 行.
NOTIC: [2] Use of undefined constant groupid - assumed 'groupid' (this will throw an Error in a future version of PHP) C:\work\juhe\Runtime\Cache\User\0a2302724c4cbc626c8639028f086c96.php 第 51 行.
NOTIC: [2] Use of undefined constant groupid - assumed 'groupid' (this will throw an Error in a future version of PHP) C:\work\juhe\Runtime\Cache\User\0a2302724c4cbc626c8639028f086c96.php 第 104 行.
NOTIC: [2] Use of undefined constant groupid - assumed 'groupid' (this will throw an Error in a future version of PHP) C:\work\juhe\Runtime\Cache\User\0a2302724c4cbc626c8639028f086c96.php 第 105 行.
NOTIC: [2] Use of undefined constant groupid - assumed 'groupid' (this will throw an Error in a future version of PHP) C:\work\juhe\Runtime\Cache\User\0a2302724c4cbc626c8639028f086c96.php 第 110 行.
INFO: Run Behavior\ParseTemplateBehavior [ RunTime:0.008404s ]
INFO: [ view_parse ] --END-- [ RunTime:0.008453s ]
INFO: [ view_filter ] --START--
INFO: Run Behavior\WriteHtmlCacheBehavior [ RunTime:0.000523s ]
INFO: Run Behavior\TokenBuildBehavior [ RunTime:0.000963s ]
INFO: [ view_filter ] --END-- [ RunTime:0.001510s ]
INFO: [ app_end ] --START--
INFO: Run Behavior\ShowPageTraceBehavior [ RunTime:0.000704s ]
INFO: [ app_end ] --END-- [ RunTime:0.000724s ]

[ 2019-01-23T13:43:05+08:00 ] 127.0.0.1 /agent_Withdrawal_dfapplyshu.html
INFO: [ app_init ] --START--
INFO: Run Behavior\BuildLiteBehavior [ RunTime:0.000006s ]
INFO: [ app_init ] --END-- [ RunTime:0.000026s ]
INFO: [ app_begin ] --START--
INFO: Run Behavior\ReadHtmlCacheBehavior [ RunTime:0.000768s ]
INFO: Run Behavior\CheckLangBehavior [ RunTime:0.001070s ]
INFO: [ app_begin ] --END-- [ RunTime:0.001877s ]
SQL: SHOW COLUMNS FROM `pay_websiteconfig` [ RunTime:0.0008s ]
SQL: SELECT * FROM `pay_websiteconfig` LIMIT 1   [ RunTime:0.0004s ]
SQL: SHOW COLUMNS FROM `pay_member` [ RunTime:0.0019s ]
SQL: SELECT `id` as uid,`username`,`password`,`groupid`,`parentid`,`salt`,`balance`,`blockedbalance`,`email`,`realname`,`authorized`,`apidomain`,`apikey`,`status`,`mobile`,`receiver`,`agent_cate`,`df_api`,`login_ip`,`open_charge`,`google_secret_key`,`session_random`,`regdatetime` FROM `pay_member` WHERE `id` = 112 LIMIT 1   [ RunTime:0.0005s ]
SQL: SELECT `id`,`parentid` FROM `pay_member` WHERE `parentid` = 112 AND `groupid` = 6  [ RunTime:0.0004s ]
SQL: SHOW COLUMNS FROM `pay_sms` [ RunTime:0.0007s ]
SQL: SELECT * FROM `pay_sms` LIMIT 1   [ RunTime:0.0003s ]
SQL: SHOW COLUMNS FROM `pay_tikuanconfig` [ RunTime:0.0008s ]
SQL: SELECT * FROM `pay_tikuanconfig` WHERE `userid` = 112 LIMIT 1   [ RunTime:0.0004s ]
SQL: SELECT * FROM `pay_tikuanconfig` WHERE `issystem` = 1 LIMIT 1   [ RunTime:0.0003s ]
SQL: SELECT * FROM `pay_member` WHERE `id` = 112 LIMIT 1   [ RunTime:0.0004s ]
SQL: SHOW COLUMNS FROM `pay_bankcard` [ RunTime:0.0007s ]
SQL: SELECT * FROM `pay_bankcard` WHERE `userid` = 112  [ RunTime:0.0004s ]
SQL: SHOW COLUMNS FROM `pay_pay_for_another` [ RunTime:0.0006s ]
SQL: SELECT `id` FROM `pay_pay_for_another` WHERE `status` = 1  [ RunTime:0.0004s ]
SQL: SHOW COLUMNS FROM `pay_pay_channel_extend_fields` [ RunTime:0.0005s ]
SQL: SELECT * FROM `pay_pay_channel_extend_fields` WHERE `channel_id` IN ('3','4','5','6','7','8','9','10','11')  [ RunTime:0.0003s ]
INFO: [ view_parse ] --START--
INFO: [ template_filter ] --START--
INFO: Run Behavior\ContentReplaceBehavior [ RunTime:0.000034s ]
INFO: [ template_filter ] --END-- [ RunTime:0.000055s ]
NOTIC: [2] Use of undefined constant t1zt - assumed 't1zt' (this will throw an Error in a future version of PHP) C:\work\juhe\Runtime\Cache\User\f3c17be63daebf8c6385df5e9685e289.php 第 37 行.
NOTIC: [8] Undefined variable: first_bind_mobile C:\work\juhe\Runtime\Cache\User\f3c17be63daebf8c6385df5e9685e289.php 第 98 行.
NOTIC: [2] Use of undefined constant mobile - assumed 'mobile' (this will throw an Error in a future version of PHP) C:\work\juhe\Runtime\Cache\User\f3c17be63daebf8c6385df5e9685e289.php 第 98 行.
INFO: Run Behavior\ParseTemplateBehavior [ RunTime:0.017366s ]
INFO: [ view_parse ] --END-- [ RunTime:0.017384s ]
INFO: [ view_filter ] --START--
INFO: Run Behavior\WriteHtmlCacheBehavior [ RunTime:0.000562s ]
INFO: Run Behavior\TokenBuildBehavior [ RunTime:0.001229s ]
INFO: [ view_filter ] --END-- [ RunTime:0.001829s ]
INFO: [ app_end ] --START--
INFO: Run Behavior\ShowPageTraceBehavior [ RunTime:0.003002s ]
INFO: [ app_end ] --END-- [ RunTime:0.003040s ]

[ 2019-01-23T13:43:05+08:00 ] 127.0.0.1 /agent_Withdrawal_getsxf.html
INFO: [ app_init ] --START--
INFO: Run Behavior\BuildLiteBehavior [ RunTime:0.000024s ]
INFO: [ app_init ] --END-- [ RunTime:0.000117s ]
INFO: [ app_begin ] --START--
INFO: Run Behavior\ReadHtmlCacheBehavior [ RunTime:0.000672s ]
INFO: Run Behavior\CheckLangBehavior [ RunTime:0.000980s ]
INFO: [ app_begin ] --END-- [ RunTime:0.001689s ]
SQL: SHOW COLUMNS FROM `pay_websiteconfig` [ RunTime:0.0008s ]
SQL: SELECT * FROM `pay_websiteconfig` LIMIT 1   [ RunTime:0.0003s ]
SQL: SHOW COLUMNS FROM `pay_member` [ RunTime:0.0007s ]
SQL: SELECT `id` as uid,`username`,`password`,`groupid`,`parentid`,`salt`,`balance`,`blockedbalance`,`email`,`realname`,`authorized`,`apidomain`,`apikey`,`status`,`mobile`,`receiver`,`agent_cate`,`df_api`,`login_ip`,`open_charge`,`google_secret_key`,`session_random`,`regdatetime` FROM `pay_member` WHERE `id` = 112 LIMIT 1   [ RunTime:0.0004s ]
SQL: SELECT `id`,`parentid` FROM `pay_member` WHERE `parentid` = 112 AND `groupid` = 6  [ RunTime:0.0003s ]
SQL: SHOW COLUMNS FROM `pay_tikuanconfig` [ RunTime:0.0006s ]
SQL: SELECT * FROM `pay_tikuanconfig` LIMIT 1   [ RunTime:0.0003s ]
NOTIC: [2] A non-numeric value encountered C:\work\juhe\Application\User\Controller\WithdrawalController.class.php 第 1778 行.

[ 2019-01-23T13:43:05+08:00 ] 127.0.0.1 /agent_Withdrawal_getallmoney.html
INFO: [ app_init ] --START--
INFO: Run Behavior\BuildLiteBehavior [ RunTime:0.000011s ]
INFO: [ app_init ] --END-- [ RunTime:0.000036s ]
INFO: [ app_begin ] --START--
INFO: Run Behavior\ReadHtmlCacheBehavior [ RunTime:0.000838s ]
INFO: Run Behavior\CheckLangBehavior [ RunTime:0.001377s ]
INFO: [ app_begin ] --END-- [ RunTime:0.002253s ]
SQL: SHOW COLUMNS FROM `pay_websiteconfig` [ RunTime:0.0017s ]
SQL: SELECT * FROM `pay_websiteconfig` LIMIT 1   [ RunTime:0.0008s ]
SQL: SHOW COLUMNS FROM `pay_member` [ RunTime:0.0014s ]
SQL: SELECT `id` as uid,`username`,`password`,`groupid`,`parentid`,`salt`,`balance`,`blockedbalance`,`email`,`realname`,`authorized`,`apidomain`,`apikey`,`status`,`mobile`,`receiver`,`agent_cate`,`df_api`,`login_ip`,`open_charge`,`google_secret_key`,`session_random`,`regdatetime` FROM `pay_member` WHERE `id` = 112 LIMIT 1   [ RunTime:0.0006s ]
SQL: SELECT `id`,`parentid` FROM `pay_member` WHERE `parentid` = 112 AND `groupid` = 6  [ RunTime:0.0006s ]
SQL: SHOW COLUMNS FROM `pay_tikuanconfig` [ RunTime:0.0008s ]
SQL: SELECT * FROM `pay_tikuanconfig` LIMIT 1   [ RunTime:0.0005s ]
NOTIC: [2] A non-numeric value encountered C:\work\juhe\Application\User\Controller\WithdrawalController.class.php 第 1799 行.

[ 2019-01-23T13:43:07+08:00 ] 127.0.0.1 /agent_Withdrawal_getsxf.html
INFO: [ app_init ] --START--
INFO: Run Behavior\BuildLiteBehavior [ RunTime:0.000006s ]
INFO: [ app_init ] --END-- [ RunTime:0.000032s ]
INFO: [ app_begin ] --START--
INFO: Run Behavior\ReadHtmlCacheBehavior [ RunTime:0.000695s ]
INFO: Run Behavior\CheckLangBehavior [ RunTime:0.001125s ]
INFO: [ app_begin ] --END-- [ RunTime:0.001854s ]
SQL: SHOW COLUMNS FROM `pay_websiteconfig` [ RunTime:0.0007s ]
SQL: SELECT * FROM `pay_websiteconfig` LIMIT 1   [ RunTime:0.0004s ]
SQL: SHOW COLUMNS FROM `pay_member` [ RunTime:0.0008s ]
SQL: SELECT `id` as uid,`username`,`password`,`groupid`,`parentid`,`salt`,`balance`,`blockedbalance`,`email`,`realname`,`authorized`,`apidomain`,`apikey`,`status`,`mobile`,`receiver`,`agent_cate`,`df_api`,`login_ip`,`open_charge`,`google_secret_key`,`session_random`,`regdatetime` FROM `pay_member` WHERE `id` = 112 LIMIT 1   [ RunTime:0.0004s ]
SQL: SELECT `id`,`parentid` FROM `pay_member` WHERE `parentid` = 112 AND `groupid` = 6  [ RunTime:0.0004s ]
SQL: SHOW COLUMNS FROM `pay_tikuanconfig` [ RunTime:0.0006s ]
SQL: SELECT * FROM `pay_tikuanconfig` LIMIT 1   [ RunTime:0.0004s ]

[ 2019-01-23T13:43:07+08:00 ] 127.0.0.1 /agent_Withdrawal_getallmoney.html
INFO: [ app_init ] --START--
INFO: Run Behavior\BuildLiteBehavior [ RunTime:0.000006s ]
INFO: [ app_init ] --END-- [ RunTime:0.000033s ]
INFO: [ app_begin ] --START--
INFO: Run Behavior\ReadHtmlCacheBehavior [ RunTime:0.000670s ]
INFO: Run Behavior\CheckLangBehavior [ RunTime:0.001088s ]
INFO: [ app_begin ] --END-- [ RunTime:0.001790s ]
SQL: SHOW COLUMNS FROM `pay_websiteconfig` [ RunTime:0.0009s ]
SQL: SELECT * FROM `pay_websiteconfig` LIMIT 1   [ RunTime:0.0015s ]
SQL: SHOW COLUMNS FROM `pay_member` [ RunTime:0.0009s ]
SQL: SELECT `id` as uid,`username`,`password`,`groupid`,`parentid`,`salt`,`balance`,`blockedbalance`,`email`,`realname`,`authorized`,`apidomain`,`apikey`,`status`,`mobile`,`receiver`,`agent_cate`,`df_api`,`login_ip`,`open_charge`,`google_secret_key`,`session_random`,`regdatetime` FROM `pay_member` WHERE `id` = 112 LIMIT 1   [ RunTime:0.0005s ]
SQL: SELECT `id`,`parentid` FROM `pay_member` WHERE `parentid` = 112 AND `groupid` = 6  [ RunTime:0.0036s ]
SQL: SHOW COLUMNS FROM `pay_tikuanconfig` [ RunTime:0.0007s ]
SQL: SELECT * FROM `pay_tikuanconfig` LIMIT 1   [ RunTime:0.0003s ]

[ 2019-01-23T13:43:14+08:00 ] 127.0.0.1 /agent_Withdrawal_entrustedSendas.html
INFO: [ app_init ] --START--
INFO: Run Behavior\BuildLiteBehavior [ RunTime:0.000005s ]
INFO: [ app_init ] --END-- [ RunTime:0.000030s ]
INFO: [ app_begin ] --START--
INFO: Run Behavior\ReadHtmlCacheBehavior [ RunTime:0.000753s ]
INFO: Run Behavior\CheckLangBehavior [ RunTime:0.002246s ]
INFO: [ app_begin ] --END-- [ RunTime:0.003051s ]
SQL: SHOW COLUMNS FROM `pay_websiteconfig` [ RunTime:0.0006s ]
SQL: SELECT * FROM `pay_websiteconfig` LIMIT 1   [ RunTime:0.0003s ]
SQL: SHOW COLUMNS FROM `pay_member` [ RunTime:0.0007s ]
SQL: SELECT `id` as uid,`username`,`password`,`groupid`,`parentid`,`salt`,`balance`,`blockedbalance`,`email`,`realname`,`authorized`,`apidomain`,`apikey`,`status`,`mobile`,`receiver`,`agent_cate`,`df_api`,`login_ip`,`open_charge`,`google_secret_key`,`session_random`,`regdatetime` FROM `pay_member` WHERE `id` = 112 LIMIT 1   [ RunTime:0.0004s ]
SQL: SELECT `id`,`parentid` FROM `pay_member` WHERE `parentid` = 112 AND `groupid` = 6  [ RunTime:0.0004s ]
SQL: SHOW COLUMNS FROM `pay_sms_template` [ RunTime:0.0006s ]
SQL: SELECT * FROM `pay_sms_template` WHERE `call_index` = 'entrusted' LIMIT 1   [ RunTime:0.0003s ]
SQL: SHOW COLUMNS FROM `pay_sms` [ RunTime:0.0005s ]
SQL: SELECT * FROM `pay_sms` LIMIT 1   [ RunTime:0.0003s ]

[ 2019-01-23T13:43:38+08:00 ] 127.0.0.1 /agent_Withdrawal_entrustedSendas.html
INFO: [ app_init ] --START--
INFO: Run Behavior\BuildLiteBehavior [ RunTime:0.000005s ]
INFO: [ app_init ] --END-- [ RunTime:0.000027s ]
INFO: [ app_begin ] --START--
INFO: Run Behavior\ReadHtmlCacheBehavior [ RunTime:0.000717s ]
INFO: Run Behavior\CheckLangBehavior [ RunTime:0.001056s ]
INFO: [ app_begin ] --END-- [ RunTime:0.001806s ]
SQL: SHOW COLUMNS FROM `pay_websiteconfig` [ RunTime:0.0007s ]
SQL: SELECT * FROM `pay_websiteconfig` LIMIT 1   [ RunTime:0.0004s ]
SQL: SHOW COLUMNS FROM `pay_member` [ RunTime:0.0007s ]
SQL: SELECT `id` as uid,`username`,`password`,`groupid`,`parentid`,`salt`,`balance`,`blockedbalance`,`email`,`realname`,`authorized`,`apidomain`,`apikey`,`status`,`mobile`,`receiver`,`agent_cate`,`df_api`,`login_ip`,`open_charge`,`google_secret_key`,`session_random`,`regdatetime` FROM `pay_member` WHERE `id` = 112 LIMIT 1   [ RunTime:0.0004s ]
SQL: SELECT `id`,`parentid` FROM `pay_member` WHERE `parentid` = 112 AND `groupid` = 6  [ RunTime:0.0004s ]
SQL: SHOW COLUMNS FROM `pay_sms_template` [ RunTime:0.0005s ]
SQL: SELECT * FROM `pay_sms_template` WHERE `call_index` = 'entrusted' LIMIT 1   [ RunTime:0.0003s ]
SQL: SHOW COLUMNS FROM `pay_sms` [ RunTime:0.0005s ]
SQL: SELECT * FROM `pay_sms` LIMIT 1   [ RunTime:0.0003s ]

[ 2019-01-23T13:44:05+08:00 ] 127.0.0.1 /agent_Withdrawal_entrustedSendas.html
INFO: [ app_init ] --START--
INFO: Run Behavior\BuildLiteBehavior [ RunTime:0.000008s ]
INFO: [ app_init ] --END-- [ RunTime:0.000047s ]
INFO: [ app_begin ] --START--
INFO: Run Behavior\ReadHtmlCacheBehavior [ RunTime:0.000860s ]
INFO: Run Behavior\CheckLangBehavior [ RunTime:0.001516s ]
INFO: [ app_begin ] --END-- [ RunTime:0.002449s ]
SQL: SHOW COLUMNS FROM `pay_websiteconfig` [ RunTime:0.0006s ]
SQL: SELECT * FROM `pay_websiteconfig` LIMIT 1   [ RunTime:0.0003s ]
SQL: SHOW COLUMNS FROM `pay_member` [ RunTime:0.0007s ]
SQL: SELECT `id` as uid,`username`,`password`,`groupid`,`parentid`,`salt`,`balance`,`blockedbalance`,`email`,`realname`,`authorized`,`apidomain`,`apikey`,`status`,`mobile`,`receiver`,`agent_cate`,`df_api`,`login_ip`,`open_charge`,`google_secret_key`,`session_random`,`regdatetime` FROM `pay_member` WHERE `id` = 112 LIMIT 1   [ RunTime:0.0005s ]
SQL: SELECT `id`,`parentid` FROM `pay_member` WHERE `parentid` = 112 AND `groupid` = 6  [ RunTime:0.0004s ]
SQL: SHOW COLUMNS FROM `pay_sms_template` [ RunTime:0.0007s ]
SQL: SELECT * FROM `pay_sms_template` WHERE `call_index` = 'entrusted' LIMIT 1   [ RunTime:0.0003s ]
SQL: SHOW COLUMNS FROM `pay_sms` [ RunTime:0.0006s ]
SQL: SELECT * FROM `pay_sms` LIMIT 1   [ RunTime:0.0004s ]

[ 2019-01-23T13:44:44+08:00 ] 127.0.0.1 /agent_Withdrawal_entrustedSendas.html
INFO: [ app_init ] --START--
INFO: Run Behavior\BuildLiteBehavior [ RunTime:0.000008s ]
INFO: [ app_init ] --END-- [ RunTime:0.000031s ]
INFO: [ app_begin ] --START--
INFO: Run Behavior\ReadHtmlCacheBehavior [ RunTime:0.000795s ]
INFO: Run Behavior\CheckLangBehavior [ RunTime:0.001261s ]
INFO: [ app_begin ] --END-- [ RunTime:0.002095s ]
SQL: SHOW COLUMNS FROM `pay_websiteconfig` [ RunTime:0.0007s ]
SQL: SELECT * FROM `pay_websiteconfig` LIMIT 1   [ RunTime:0.0003s ]
SQL: SHOW COLUMNS FROM `pay_member` [ RunTime:0.0006s ]
SQL: SELECT `id` as uid,`username`,`password`,`groupid`,`parentid`,`salt`,`balance`,`blockedbalance`,`email`,`realname`,`authorized`,`apidomain`,`apikey`,`status`,`mobile`,`receiver`,`agent_cate`,`df_api`,`login_ip`,`open_charge`,`google_secret_key`,`session_random`,`regdatetime` FROM `pay_member` WHERE `id` = 112 LIMIT 1   [ RunTime:0.0004s ]
SQL: SELECT `id`,`parentid` FROM `pay_member` WHERE `parentid` = 112 AND `groupid` = 6  [ RunTime:0.0003s ]

