[ 2019-01-09T17:03:16+08:00 ] 127.0.0.1 /user.html
INFO: [ app_init ] --START--
INFO: Run Behavior\BuildLiteBehavior [ RunTime:0.000009s ]
INFO: [ app_init ] --END-- [ RunTime:0.000053s ]
INFO: [ app_begin ] --START--
INFO: Run Behavior\ReadHtmlCacheBehavior [ RunTime:0.000685s ]
INFO: Run Behavior\CheckLangBehavior [ RunTime:0.001087s ]
INFO: [ app_begin ] --END-- [ RunTime:0.001809s ]
SQL: SHOW COLUMNS FROM `pay_websiteconfig` [ RunTime:0.0008s ]
SQL: SELECT * FROM `pay_websiteconfig` LIMIT 1   [ RunTime:0.0004s ]
SQL: SHOW COLUMNS FROM `pay_member` [ RunTime:0.0008s ]
SQL: SELECT `id` as uid,`username`,`password`,`groupid`,`parentid`,`salt`,`balance`,`blockedbalance`,`email`,`realname`,`authorized`,`apidomain`,`apikey`,`status`,`mobile`,`receiver`,`agent_cate`,`df_api`,`login_ip`,`open_charge`,`google_secret_key`,`session_random`,`regdatetime` FROM `pay_member` WHERE `id` = 109 LIMIT 1   [ RunTime:0.0005s ]
INFO: [ view_parse ] --START--
INFO: [ template_filter ] --START--
INFO: Run Behavior\ContentReplaceBehavior [ RunTime:0.000037s ]
INFO: [ template_filter ] --END-- [ RunTime:0.000060s ]
NOTIC: [2] Use of undefined constant agent_cate - assumed 'agent_cate' (this will throw an Error in a future version of PHP) C:\work\juhe\Runtime\Cache\User\d7a7632f153cf12d0db44c934c28bcfe.php 第 53 行.
NOTIC: [2] Use of undefined constant groupid - assumed 'groupid' (this will throw an Error in a future version of PHP) C:\work\juhe\Runtime\Cache\User\d7a7632f153cf12d0db44c934c28bcfe.php 第 58 行.
NOTIC: [2] Use of undefined constant groupid - assumed 'groupid' (this will throw an Error in a future version of PHP) C:\work\juhe\Runtime\Cache\User\d7a7632f153cf12d0db44c934c28bcfe.php 第 70 行.
NOTIC: [2] Use of undefined constant open_charge - assumed 'open_charge' (this will throw an Error in a future version of PHP) C:\work\juhe\Runtime\Cache\User\d7a7632f153cf12d0db44c934c28bcfe.php 第 70 行.
NOTIC: [2] Use of undefined constant groupid - assumed 'groupid' (this will throw an Error in a future version of PHP) C:\work\juhe\Runtime\Cache\User\d7a7632f153cf12d0db44c934c28bcfe.php 第 103 行.
NOTIC: [8] Undefined variable: fanss C:\work\juhe\Runtime\Cache\User\d7a7632f153cf12d0db44c934c28bcfe.php 第 114 行.
NOTIC: [2] Use of undefined constant df_api - assumed 'df_api' (this will throw an Error in a future version of PHP) C:\work\juhe\Runtime\Cache\User\d7a7632f153cf12d0db44c934c28bcfe.php 第 125 行.
NOTIC: [2] Use of undefined constant groupid - assumed 'groupid' (this will throw an Error in a future version of PHP) C:\work\juhe\Runtime\Cache\User\d7a7632f153cf12d0db44c934c28bcfe.php 第 128 行.
NOTIC: [2] Use of undefined constant groupid - assumed 'groupid' (this will throw an Error in a future version of PHP) C:\work\juhe\Runtime\Cache\User\d7a7632f153cf12d0db44c934c28bcfe.php 第 136 行.
NOTIC: [2] Use of undefined constant groupid - assumed 'groupid' (this will throw an Error in a future version of PHP) C:\work\juhe\Runtime\Cache\User\d7a7632f153cf12d0db44c934c28bcfe.php 第 150 行.
NOTIC: [2] Use of undefined constant groupid - assumed 'groupid' (this will throw an Error in a future version of PHP) C:\work\juhe\Runtime\Cache\User\d7a7632f153cf12d0db44c934c28bcfe.php 第 164 行.
INFO: Run Behavior\ParseTemplateBehavior [ RunTime:0.010792s ]
INFO: [ view_parse ] --END-- [ RunTime:0.010816s ]
INFO: [ view_filter ] --START--
INFO: Run Behavior\WriteHtmlCacheBehavior [ RunTime:0.000597s ]
INFO: Run Behavior\TokenBuildBehavior [ RunTime:0.001147s ]
INFO: [ view_filter ] --END-- [ RunTime:0.001776s ]
INFO: [ app_end ] --START--
INFO: Run Behavior\ShowPageTraceBehavior [ RunTime:0.001203s ]
INFO: [ app_end ] --END-- [ RunTime:0.001239s ]

[ 2019-01-09T17:03:16+08:00 ] 127.0.0.1 /agent_Index_main.html
INFO: [ app_init ] --START--
INFO: Run Behavior\BuildLiteBehavior [ RunTime:0.000005s ]
INFO: [ app_init ] --END-- [ RunTime:0.000026s ]
INFO: [ app_begin ] --START--
INFO: Run Behavior\ReadHtmlCacheBehavior [ RunTime:0.001108s ]
INFO: Run Behavior\CheckLangBehavior [ RunTime:0.001770s ]
INFO: [ app_begin ] --END-- [ RunTime:0.002957s ]
SQL: SHOW COLUMNS FROM `pay_websiteconfig` [ RunTime:0.0008s ]
SQL: SELECT * FROM `pay_websiteconfig` LIMIT 1   [ RunTime:0.0004s ]
SQL: SHOW COLUMNS FROM `pay_member` [ RunTime:0.0008s ]
SQL: SELECT `id` as uid,`username`,`password`,`groupid`,`parentid`,`salt`,`balance`,`blockedbalance`,`email`,`realname`,`authorized`,`apidomain`,`apikey`,`status`,`mobile`,`receiver`,`agent_cate`,`df_api`,`login_ip`,`open_charge`,`google_secret_key`,`session_random`,`regdatetime` FROM `pay_member` WHERE `id` = 109 LIMIT 1   [ RunTime:0.0004s ]
SQL: SHOW COLUMNS FROM `pay_order` [ RunTime:0.0010s ]
SQL: SELECT SUM( pay_actualamount ) AS total, FROM_UNIXTIME( pay_successdate,  '%Y-%m-%d' ) AS DATETIME
FROM pay_order WHERE pay_successdate >= UNIX_TIMESTAMP(  '2019-01-01' ) AND pay_successdate < UNIX_TIMESTAMP(  '2019-01-31' ) AND pay_status>=1 AND pay_memberid=10109  GROUP BY DATETIME [ RunTime:0.0169s ]
SQL: SELECT COUNT( id ) AS num, FROM_UNIXTIME( pay_successdate,  '%Y-%m-%d' ) AS DATETIME
FROM pay_order WHERE pay_successdate >= UNIX_TIMESTAMP(  '2019-01-01' ) AND pay_successdate < UNIX_TIMESTAMP(  '2019-01-31' ) AND pay_status>=1 AND pay_memberid=10109  GROUP BY DATETIME [ RunTime:0.0157s ]
NOTIC: [8] Undefined variable: category C:\work\juhe\Application\User\Controller\IndexController.class.php 第 58 行.
NOTIC: [2] implode(): Invalid arguments passed C:\work\juhe\Application\User\Controller\IndexController.class.php 第 58 行.
NOTIC: [8] Undefined variable: dataone C:\work\juhe\Application\User\Controller\IndexController.class.php 第 59 行.
NOTIC: [2] implode(): Invalid arguments passed C:\work\juhe\Application\User\Controller\IndexController.class.php 第 59 行.
NOTIC: [8] Undefined variable: datatwo C:\work\juhe\Application\User\Controller\IndexController.class.php 第 60 行.
NOTIC: [2] implode(): Invalid arguments passed C:\work\juhe\Application\User\Controller\IndexController.class.php 第 60 行.
SQL: SHOW COLUMNS FROM `pay_article` [ RunTime:0.0009s ]
SQL: SELECT * FROM `pay_article` WHERE `status` = 1 AND `groupid` IN ('0','1') ORDER BY id desc LIMIT 2   [ RunTime:0.0003s ]
SQL: SHOW COLUMNS FROM `pay_loginrecord` [ RunTime:0.0012s ]
SQL: SELECT * FROM `pay_loginrecord` WHERE `userid` = 109 ORDER BY id desc LIMIT 2   [ RunTime:0.0025s ]
SQL: SELECT COUNT(*) AS tp_count FROM `pay_order` WHERE `pay_memberid` = 10109 AND `pay_applydate` BETWEEN 1546963200 AND 1547049599 LIMIT 1   [ RunTime:0.0162s ]
SQL: SELECT COUNT(*) AS tp_count FROM `pay_order` WHERE `pay_memberid` = 10109 AND `pay_successdate` BETWEEN 1546963200 AND 1547049599 AND `pay_status` IN ('1','2') LIMIT 1   [ RunTime:0.0142s ]
SQL: SELECT COUNT(*) AS tp_count FROM `pay_order` WHERE `pay_memberid` = 10109 AND `pay_applydate` BETWEEN 1546963200 AND 1547049599 AND `pay_status` = 0 LIMIT 1   [ RunTime:0.0144s ]
SQL: SELECT SUM(pay_amount) AS tp_sum FROM `pay_order` WHERE `pay_memberid` = 10109 AND `pay_applydate` BETWEEN 1546963200 AND 1547049599 LIMIT 1   [ RunTime:0.0130s ]
SQL: SELECT SUM(pay_amount) AS tp_sum FROM `pay_order` WHERE `pay_memberid` = 10109 AND `pay_successdate` BETWEEN 1546963200 AND 1547049599 AND `pay_status` IN ('1','2') LIMIT 1   [ RunTime:0.0163s ]
SQL: SELECT SUM(pay_poundage) AS tp_sum FROM `pay_order` WHERE `pay_memberid` = 10109 AND `pay_successdate` BETWEEN 1546963200 AND 1547049599 AND `pay_status` IN ('1','2') LIMIT 1   [ RunTime:0.0133s ]
NOTIC: [8] Undefined variable: ipItem C:\work\juhe\Application\User\Controller\IndexController.class.php 第 100 行.
INFO: [ view_parse ] --START--
INFO: [ template_filter ] --START--
INFO: Run Behavior\ContentReplaceBehavior [ RunTime:0.000030s ]
INFO: [ template_filter ] --END-- [ RunTime:0.000048s ]
NOTIC: [2] Use of undefined constant groupid - assumed 'groupid' (this will throw an Error in a future version of PHP) C:\work\juhe\Runtime\Cache\User\0a2302724c4cbc626c8639028f086c96.php 第 37 行.
NOTIC: [2] Use of undefined constant groupid - assumed 'groupid' (this will throw an Error in a future version of PHP) C:\work\juhe\Runtime\Cache\User\0a2302724c4cbc626c8639028f086c96.php 第 95 行.
INFO: Run Behavior\ParseTemplateBehavior [ RunTime:0.006930s ]
INFO: [ view_parse ] --END-- [ RunTime:0.006951s ]
INFO: [ view_filter ] --START--
INFO: Run Behavior\WriteHtmlCacheBehavior [ RunTime:0.000559s ]
INFO: Run Behavior\TokenBuildBehavior [ RunTime:0.001063s ]
INFO: [ view_filter ] --END-- [ RunTime:0.001652s ]
INFO: [ app_end ] --START--
INFO: Run Behavior\ShowPageTraceBehavior [ RunTime:0.001420s ]
INFO: [ app_end ] --END-- [ RunTime:0.001592s ]

[ 2019-01-09T17:03:21+08:00 ] 127.0.0.1 /agent_Withdrawal_dfapply.html
INFO: [ app_init ] --START--
INFO: Run Behavior\BuildLiteBehavior [ RunTime:0.000005s ]
INFO: [ app_init ] --END-- [ RunTime:0.000025s ]
INFO: [ app_begin ] --START--
INFO: Run Behavior\ReadHtmlCacheBehavior [ RunTime:0.000801s ]
INFO: Run Behavior\CheckLangBehavior [ RunTime:0.001105s ]
INFO: [ app_begin ] --END-- [ RunTime:0.001955s ]
SQL: SHOW COLUMNS FROM `pay_websiteconfig` [ RunTime:0.0009s ]
SQL: SELECT * FROM `pay_websiteconfig` LIMIT 1   [ RunTime:0.0004s ]
SQL: SHOW COLUMNS FROM `pay_member` [ RunTime:0.0008s ]
SQL: SELECT `id` as uid,`username`,`password`,`groupid`,`parentid`,`salt`,`balance`,`blockedbalance`,`email`,`realname`,`authorized`,`apidomain`,`apikey`,`status`,`mobile`,`receiver`,`agent_cate`,`df_api`,`login_ip`,`open_charge`,`google_secret_key`,`session_random`,`regdatetime` FROM `pay_member` WHERE `id` = 109 LIMIT 1   [ RunTime:0.0014s ]
SQL: SHOW COLUMNS FROM `pay_sms` [ RunTime:0.0036s ]
SQL: SELECT * FROM `pay_sms` LIMIT 1   [ RunTime:0.0003s ]
SQL: SHOW COLUMNS FROM `pay_tikuanconfig` [ RunTime:0.0016s ]
SQL: SELECT * FROM `pay_tikuanconfig` WHERE `userid` = 109 LIMIT 1   [ RunTime:0.0004s ]
SQL: SELECT * FROM `pay_tikuanconfig` WHERE `issystem` = 1 LIMIT 1   [ RunTime:0.0003s ]
SQL: SELECT * FROM `pay_member` WHERE `id` = 109 LIMIT 1   [ RunTime:0.0004s ]
SQL: SHOW COLUMNS FROM `pay_bankcard` [ RunTime:0.0016s ]
SQL: SELECT * FROM `pay_bankcard` WHERE `userid` = 109  [ RunTime:0.0003s ]
SQL: SHOW COLUMNS FROM `pay_pay_for_another` [ RunTime:0.0007s ]
SQL: SELECT `id` FROM `pay_pay_for_another` WHERE `status` = 1  [ RunTime:0.0004s ]
SQL: SHOW COLUMNS FROM `pay_pay_channel_extend_fields` [ RunTime:0.0017s ]
SQL: SELECT * FROM `pay_pay_channel_extend_fields` WHERE `channel_id` IN ('3','4','5','6','7','8','9')  [ RunTime:0.0013s ]
INFO: [ view_parse ] --START--
INFO: [ template_filter ] --START--
INFO: Run Behavior\ContentReplaceBehavior [ RunTime:0.000058s ]
INFO: [ template_filter ] --END-- [ RunTime:0.000084s ]
NOTIC: [2] Use of undefined constant t1zt - assumed 't1zt' (this will throw an Error in a future version of PHP) C:\work\juhe\Runtime\Cache\User\f3c17be63daebf8c6385df5e9685e289.php 第 37 行.
NOTIC: [8] Undefined variable: sendUrl C:\work\juhe\Runtime\Cache\User\f3c17be63daebf8c6385df5e9685e289.php 第 107 行.
INFO: Run Behavior\ParseTemplateBehavior [ RunTime:0.010918s ]
INFO: [ view_parse ] --END-- [ RunTime:0.010943s ]
INFO: [ view_filter ] --START--
INFO: Run Behavior\WriteHtmlCacheBehavior [ RunTime:0.000570s ]
INFO: Run Behavior\TokenBuildBehavior [ RunTime:0.000993s ]
INFO: [ view_filter ] --END-- [ RunTime:0.001592s ]
INFO: [ app_end ] --START--
INFO: Run Behavior\ShowPageTraceBehavior [ RunTime:0.000720s ]
INFO: [ app_end ] --END-- [ RunTime:0.000741s ]

[ 2019-01-09T17:03:21+08:00 ] 127.0.0.1 /agent_Withdrawal_getsxf.html
INFO: [ app_init ] --START--
INFO: Run Behavior\BuildLiteBehavior [ RunTime:0.000006s ]
INFO: [ app_init ] --END-- [ RunTime:0.000033s ]
INFO: [ app_begin ] --START--
INFO: Run Behavior\ReadHtmlCacheBehavior [ RunTime:0.000954s ]
INFO: Run Behavior\CheckLangBehavior [ RunTime:0.002884s ]
INFO: [ app_begin ] --END-- [ RunTime:0.003906s ]
SQL: SHOW COLUMNS FROM `pay_websiteconfig` [ RunTime:0.0015s ]
SQL: SELECT * FROM `pay_websiteconfig` LIMIT 1   [ RunTime:0.0004s ]
SQL: SHOW COLUMNS FROM `pay_member` [ RunTime:0.0008s ]
SQL: SELECT `id` as uid,`username`,`password`,`groupid`,`parentid`,`salt`,`balance`,`blockedbalance`,`email`,`realname`,`authorized`,`apidomain`,`apikey`,`status`,`mobile`,`receiver`,`agent_cate`,`df_api`,`login_ip`,`open_charge`,`google_secret_key`,`session_random`,`regdatetime` FROM `pay_member` WHERE `id` = 109 LIMIT 1   [ RunTime:0.0004s ]
SQL: SHOW COLUMNS FROM `pay_tikuanconfig` [ RunTime:0.0014s ]
SQL: SELECT * FROM `pay_tikuanconfig` LIMIT 1   [ RunTime:0.0003s ]
NOTIC: [2] A non-numeric value encountered C:\work\juhe\Application\User\Controller\WithdrawalController.class.php 第 1778 行.

[ 2019-01-09T17:03:21+08:00 ] 127.0.0.1 /agent_Withdrawal_getallmoney.html
INFO: [ app_init ] --START--
INFO: Run Behavior\BuildLiteBehavior [ RunTime:0.000008s ]
INFO: [ app_init ] --END-- [ RunTime:0.000028s ]
INFO: [ app_begin ] --START--
INFO: Run Behavior\ReadHtmlCacheBehavior [ RunTime:0.000757s ]
INFO: Run Behavior\CheckLangBehavior [ RunTime:0.001546s ]
INFO: [ app_begin ] --END-- [ RunTime:0.002389s ]
SQL: SHOW COLUMNS FROM `pay_websiteconfig` [ RunTime:0.0064s ]
SQL: SELECT * FROM `pay_websiteconfig` LIMIT 1   [ RunTime:0.0004s ]
SQL: SHOW COLUMNS FROM `pay_member` [ RunTime:0.0052s ]
SQL: SELECT `id` as uid,`username`,`password`,`groupid`,`parentid`,`salt`,`balance`,`blockedbalance`,`email`,`realname`,`authorized`,`apidomain`,`apikey`,`status`,`mobile`,`receiver`,`agent_cate`,`df_api`,`login_ip`,`open_charge`,`google_secret_key`,`session_random`,`regdatetime` FROM `pay_member` WHERE `id` = 109 LIMIT 1   [ RunTime:0.0007s ]
SQL: SHOW COLUMNS FROM `pay_tikuanconfig` [ RunTime:0.0008s ]
SQL: SELECT * FROM `pay_tikuanconfig` LIMIT 1   [ RunTime:0.0003s ]
NOTIC: [2] A non-numeric value encountered C:\work\juhe\Application\User\Controller\WithdrawalController.class.php 第 1799 行.

[ 2019-01-09T17:03:23+08:00 ] 127.0.0.1 /agent_Withdrawal_clearing.html
INFO: [ app_init ] --START--
INFO: Run Behavior\BuildLiteBehavior [ RunTime:0.000005s ]
INFO: [ app_init ] --END-- [ RunTime:0.000026s ]
INFO: [ app_begin ] --START--
INFO: Run Behavior\ReadHtmlCacheBehavior [ RunTime:0.001837s ]
INFO: Run Behavior\CheckLangBehavior [ RunTime:0.002275s ]
INFO: [ app_begin ] --END-- [ RunTime:0.004283s ]
SQL: SHOW COLUMNS FROM `pay_websiteconfig` [ RunTime:0.0008s ]
SQL: SELECT * FROM `pay_websiteconfig` LIMIT 1   [ RunTime:0.0004s ]
SQL: SHOW COLUMNS FROM `pay_member` [ RunTime:0.0007s ]
SQL: SELECT `id` as uid,`username`,`password`,`groupid`,`parentid`,`salt`,`balance`,`blockedbalance`,`email`,`realname`,`authorized`,`apidomain`,`apikey`,`status`,`mobile`,`receiver`,`agent_cate`,`df_api`,`login_ip`,`open_charge`,`google_secret_key`,`session_random`,`regdatetime` FROM `pay_member` WHERE `id` = 109 LIMIT 1   [ RunTime:0.0004s ]
SQL: SHOW COLUMNS FROM `pay_sms` [ RunTime:0.0013s ]
SQL: SELECT * FROM `pay_sms` LIMIT 1   [ RunTime:0.0003s ]
SQL: SHOW COLUMNS FROM `pay_tikuanconfig` [ RunTime:0.0013s ]
SQL: SELECT * FROM `pay_tikuanconfig` WHERE `userid` = 109 LIMIT 1   [ RunTime:0.0003s ]
SQL: SELECT * FROM `pay_tikuanconfig` WHERE `issystem` = 1 LIMIT 1   [ RunTime:0.0003s ]
SQL: SELECT * FROM `pay_member` WHERE `id` = 109 LIMIT 1   [ RunTime:0.0004s ]
SQL: SHOW COLUMNS FROM `pay_bankcard` [ RunTime:0.0013s ]
SQL: SELECT * FROM `pay_bankcard` WHERE `userid` = 109  [ RunTime:0.0003s ]
INFO: [ view_parse ] --START--
INFO: [ template_filter ] --START--
INFO: Run Behavior\ContentReplaceBehavior [ RunTime:0.000028s ]
INFO: [ template_filter ] --END-- [ RunTime:0.000048s ]
NOTIC: [2] Use of undefined constant t1zt - assumed 't1zt' (this will throw an Error in a future version of PHP) C:\work\juhe\Runtime\Cache\User\de2411f4124e1f9d67d82a8b67210965.php 第 31 行.
NOTIC: [2] Use of undefined constant id - assumed 'id' (this will throw an Error in a future version of PHP) C:\work\juhe\Runtime\Cache\User\de2411f4124e1f9d67d82a8b67210965.php 第 35 行.
NOTIC: [2] Use of undefined constant tktype - assumed 'tktype' (this will throw an Error in a future version of PHP) C:\work\juhe\Runtime\Cache\User\de2411f4124e1f9d67d82a8b67210965.php 第 37 行.
NOTIC: [2] Use of undefined constant tktype - assumed 'tktype' (this will throw an Error in a future version of PHP) C:\work\juhe\Runtime\Cache\User\de2411f4124e1f9d67d82a8b67210965.php 第 38 行.
NOTIC: [2] Use of undefined constant sxffixed - assumed 'sxffixed' (this will throw an Error in a future version of PHP) C:\work\juhe\Runtime\Cache\User\de2411f4124e1f9d67d82a8b67210965.php 第 39 行.
NOTIC: [2] Use of undefined constant id - assumed 'id' (this will throw an Error in a future version of PHP) C:\work\juhe\Runtime\Cache\User\de2411f4124e1f9d67d82a8b67210965.php 第 45 行.
NOTIC: [8] Undefined variable: sendUrl C:\work\juhe\Runtime\Cache\User\de2411f4124e1f9d67d82a8b67210965.php 第 101 行.
INFO: Run Behavior\ParseTemplateBehavior [ RunTime:0.011420s ]
INFO: [ view_parse ] --END-- [ RunTime:0.011459s ]
INFO: [ view_filter ] --START--
INFO: Run Behavior\WriteHtmlCacheBehavior [ RunTime:0.000802s ]
INFO: Run Behavior\TokenBuildBehavior [ RunTime:0.001061s ]
INFO: [ view_filter ] --END-- [ RunTime:0.001890s ]
INFO: [ app_end ] --START--
INFO: Run Behavior\ShowPageTraceBehavior [ RunTime:0.001075s ]
INFO: [ app_end ] --END-- [ RunTime:0.001098s ]

[ 2019-01-09T17:04:08+08:00 ] 127.0.0.1 /user.html
INFO: [ app_init ] --START--
INFO: Run Behavior\BuildLiteBehavior [ RunTime:0.000006s ]
INFO: [ app_init ] --END-- [ RunTime:0.000028s ]
INFO: [ app_begin ] --START--
INFO: Run Behavior\ReadHtmlCacheBehavior [ RunTime:0.000645s ]
INFO: Run Behavior\CheckLangBehavior [ RunTime:0.001016s ]
INFO: [ app_begin ] --END-- [ RunTime:0.001699s ]
SQL: SHOW COLUMNS FROM `pay_websiteconfig` [ RunTime:0.0008s ]
SQL: SELECT * FROM `pay_websiteconfig` LIMIT 1   [ RunTime:0.0004s ]
SQL: SHOW COLUMNS FROM `pay_member` [ RunTime:0.0008s ]
SQL: SELECT `id` as uid,`username`,`password`,`groupid`,`parentid`,`salt`,`balance`,`blockedbalance`,`email`,`realname`,`authorized`,`apidomain`,`apikey`,`status`,`mobile`,`receiver`,`agent_cate`,`df_api`,`login_ip`,`open_charge`,`google_secret_key`,`session_random`,`regdatetime` FROM `pay_member` WHERE `id` = 109 LIMIT 1   [ RunTime:0.0004s ]
INFO: [ view_parse ] --START--
INFO: [ template_filter ] --START--
INFO: Run Behavior\ContentReplaceBehavior [ RunTime:0.000038s ]
INFO: [ template_filter ] --END-- [ RunTime:0.000058s ]
NOTIC: [2] Use of undefined constant agent_cate - assumed 'agent_cate' (this will throw an Error in a future version of PHP) C:\work\juhe\Runtime\Cache\User\d7a7632f153cf12d0db44c934c28bcfe.php 第 53 行.
NOTIC: [2] Use of undefined constant groupid - assumed 'groupid' (this will throw an Error in a future version of PHP) C:\work\juhe\Runtime\Cache\User\d7a7632f153cf12d0db44c934c28bcfe.php 第 58 行.
NOTIC: [2] Use of undefined constant groupid - assumed 'groupid' (this will throw an Error in a future version of PHP) C:\work\juhe\Runtime\Cache\User\d7a7632f153cf12d0db44c934c28bcfe.php 第 70 行.
NOTIC: [2] Use of undefined constant open_charge - assumed 'open_charge' (this will throw an Error in a future version of PHP) C:\work\juhe\Runtime\Cache\User\d7a7632f153cf12d0db44c934c28bcfe.php 第 70 行.
NOTIC: [2] Use of undefined constant groupid - assumed 'groupid' (this will throw an Error in a future version of PHP) C:\work\juhe\Runtime\Cache\User\d7a7632f153cf12d0db44c934c28bcfe.php 第 103 行.
NOTIC: [8] Undefined variable: fanss C:\work\juhe\Runtime\Cache\User\d7a7632f153cf12d0db44c934c28bcfe.php 第 114 行.
NOTIC: [8] Undefined variable: fanss C:\work\juhe\Runtime\Cache\User\d7a7632f153cf12d0db44c934c28bcfe.php 第 116 行.
NOTIC: [2] Use of undefined constant df_api - assumed 'df_api' (this will throw an Error in a future version of PHP) C:\work\juhe\Runtime\Cache\User\d7a7632f153cf12d0db44c934c28bcfe.php 第 125 行.
NOTIC: [2] Use of undefined constant groupid - assumed 'groupid' (this will throw an Error in a future version of PHP) C:\work\juhe\Runtime\Cache\User\d7a7632f153cf12d0db44c934c28bcfe.php 第 128 行.
NOTIC: [2] Use of undefined constant groupid - assumed 'groupid' (this will throw an Error in a future version of PHP) C:\work\juhe\Runtime\Cache\User\d7a7632f153cf12d0db44c934c28bcfe.php 第 136 行.
NOTIC: [2] Use of undefined constant groupid - assumed 'groupid' (this will throw an Error in a future version of PHP) C:\work\juhe\Runtime\Cache\User\d7a7632f153cf12d0db44c934c28bcfe.php 第 150 行.
NOTIC: [2] Use of undefined constant groupid - assumed 'groupid' (this will throw an Error in a future version of PHP) C:\work\juhe\Runtime\Cache\User\d7a7632f153cf12d0db44c934c28bcfe.php 第 164 行.
INFO: Run Behavior\ParseTemplateBehavior [ RunTime:0.010864s ]
INFO: [ view_parse ] --END-- [ RunTime:0.010885s ]
INFO: [ view_filter ] --START--
INFO: Run Behavior\WriteHtmlCacheBehavior [ RunTime:0.000594s ]
INFO: Run Behavior\TokenBuildBehavior [ RunTime:0.001111s ]
INFO: [ view_filter ] --END-- [ RunTime:0.001744s ]
INFO: [ app_end ] --START--
INFO: Run Behavior\ShowPageTraceBehavior [ RunTime:0.002254s ]
INFO: [ app_end ] --END-- [ RunTime:0.002337s ]

[ 2019-01-09T17:04:08+08:00 ] 127.0.0.1 /agent_Index_main.html
INFO: [ app_init ] --START--
INFO: Run Behavior\BuildLiteBehavior [ RunTime:0.000005s ]
INFO: [ app_init ] --END-- [ RunTime:0.000033s ]
INFO: [ app_begin ] --START--
INFO: Run Behavior\ReadHtmlCacheBehavior [ RunTime:0.000733s ]
INFO: Run Behavior\CheckLangBehavior [ RunTime:0.001340s ]
INFO: [ app_begin ] --END-- [ RunTime:0.002120s ]
SQL: SHOW COLUMNS FROM `pay_websiteconfig` [ RunTime:0.0009s ]
SQL: SELECT * FROM `pay_websiteconfig` LIMIT 1   [ RunTime:0.0004s ]
SQL: SHOW COLUMNS FROM `pay_member` [ RunTime:0.0008s ]
SQL: SELECT `id` as uid,`username`,`password`,`groupid`,`parentid`,`salt`,`balance`,`blockedbalance`,`email`,`realname`,`authorized`,`apidomain`,`apikey`,`status`,`mobile`,`receiver`,`agent_cate`,`df_api`,`login_ip`,`open_charge`,`google_secret_key`,`session_random`,`regdatetime` FROM `pay_member` WHERE `id` = 109 LIMIT 1   [ RunTime:0.0004s ]
SQL: SHOW COLUMNS FROM `pay_order` [ RunTime:0.0007s ]
SQL: SELECT SUM( pay_actualamount ) AS total, FROM_UNIXTIME( pay_successdate,  '%Y-%m-%d' ) AS DATETIME
FROM pay_order WHERE pay_successdate >= UNIX_TIMESTAMP(  '2019-01-01' ) AND pay_successdate < UNIX_TIMESTAMP(  '2019-01-31' ) AND pay_status>=1 AND pay_memberid=10109  GROUP BY DATETIME [ RunTime:0.0144s ]
SQL: SELECT COUNT( id ) AS num, FROM_UNIXTIME( pay_successdate,  '%Y-%m-%d' ) AS DATETIME
FROM pay_order WHERE pay_successdate >= UNIX_TIMESTAMP(  '2019-01-01' ) AND pay_successdate < UNIX_TIMESTAMP(  '2019-01-31' ) AND pay_status>=1 AND pay_memberid=10109  GROUP BY DATETIME [ RunTime:0.0118s ]
NOTIC: [8] Undefined variable: category C:\work\juhe\Application\User\Controller\IndexController.class.php 第 58 行.
NOTIC: [2] implode(): Invalid arguments passed C:\work\juhe\Application\User\Controller\IndexController.class.php 第 58 行.
NOTIC: [8] Undefined variable: dataone C:\work\juhe\Application\User\Controller\IndexController.class.php 第 59 行.
NOTIC: [2] implode(): Invalid arguments passed C:\work\juhe\Application\User\Controller\IndexController.class.php 第 59 行.
NOTIC: [8] Undefined variable: datatwo C:\work\juhe\Application\User\Controller\IndexController.class.php 第 60 行.
NOTIC: [2] implode(): Invalid arguments passed C:\work\juhe\Application\User\Controller\IndexController.class.php 第 60 行.
SQL: SHOW COLUMNS FROM `pay_article` [ RunTime:0.0024s ]
SQL: SELECT * FROM `pay_article` WHERE `status` = 1 AND `groupid` IN ('0','1') ORDER BY id desc LIMIT 2   [ RunTime:0.0007s ]
SQL: SHOW COLUMNS FROM `pay_loginrecord` [ RunTime:0.0007s ]
SQL: SELECT * FROM `pay_loginrecord` WHERE `userid` = 109 ORDER BY id desc LIMIT 2   [ RunTime:0.0018s ]
SQL: SELECT COUNT(*) AS tp_count FROM `pay_order` WHERE `pay_memberid` = 10109 AND `pay_applydate` BETWEEN 1546963200 AND 1547049599 LIMIT 1   [ RunTime:0.0138s ]
SQL: SELECT COUNT(*) AS tp_count FROM `pay_order` WHERE `pay_memberid` = 10109 AND `pay_successdate` BETWEEN 1546963200 AND 1547049599 AND `pay_status` IN ('1','2') LIMIT 1   [ RunTime:0.0134s ]
SQL: SELECT COUNT(*) AS tp_count FROM `pay_order` WHERE `pay_memberid` = 10109 AND `pay_applydate` BETWEEN 1546963200 AND 1547049599 AND `pay_status` = 0 LIMIT 1   [ RunTime:0.0139s ]
SQL: SELECT SUM(pay_amount) AS tp_sum FROM `pay_order` WHERE `pay_memberid` = 10109 AND `pay_applydate` BETWEEN 1546963200 AND 1547049599 LIMIT 1   [ RunTime:0.0142s ]
SQL: SELECT SUM(pay_amount) AS tp_sum FROM `pay_order` WHERE `pay_memberid` = 10109 AND `pay_successdate` BETWEEN 1546963200 AND 1547049599 AND `pay_status` IN ('1','2') LIMIT 1   [ RunTime:0.0159s ]
SQL: SELECT SUM(pay_poundage) AS tp_sum FROM `pay_order` WHERE `pay_memberid` = 10109 AND `pay_successdate` BETWEEN 1546963200 AND 1547049599 AND `pay_status` IN ('1','2') LIMIT 1   [ RunTime:0.0138s ]
NOTIC: [8] Undefined variable: ipItem C:\work\juhe\Application\User\Controller\IndexController.class.php 第 100 行.
INFO: [ view_parse ] --START--
INFO: [ template_filter ] --START--
INFO: Run Behavior\ContentReplaceBehavior [ RunTime:0.000029s ]
INFO: [ template_filter ] --END-- [ RunTime:0.000049s ]
NOTIC: [2] Use of undefined constant groupid - assumed 'groupid' (this will throw an Error in a future version of PHP) C:\work\juhe\Runtime\Cache\User\0a2302724c4cbc626c8639028f086c96.php 第 37 行.
NOTIC: [2] Use of undefined constant groupid - assumed 'groupid' (this will throw an Error in a future version of PHP) C:\work\juhe\Runtime\Cache\User\0a2302724c4cbc626c8639028f086c96.php 第 95 行.
INFO: Run Behavior\ParseTemplateBehavior [ RunTime:0.006008s ]
INFO: [ view_parse ] --END-- [ RunTime:0.006031s ]
INFO: [ view_filter ] --START--
INFO: Run Behavior\WriteHtmlCacheBehavior [ RunTime:0.000879s ]
INFO: Run Behavior\TokenBuildBehavior [ RunTime:0.001835s ]
INFO: [ view_filter ] --END-- [ RunTime:0.002818s ]
INFO: [ app_end ] --START--
INFO: Run Behavior\ShowPageTraceBehavior [ RunTime:0.001402s ]
INFO: [ app_end ] --END-- [ RunTime:0.001494s ]

[ 2019-01-09T17:04:11+08:00 ] 127.0.0.1 /agent_Withdrawal_dfapply.html
INFO: [ app_init ] --START--
INFO: Run Behavior\BuildLiteBehavior [ RunTime:0.000005s ]
INFO: [ app_init ] --END-- [ RunTime:0.000028s ]
INFO: [ app_begin ] --START--
INFO: Run Behavior\ReadHtmlCacheBehavior [ RunTime:0.000656s ]
INFO: Run Behavior\CheckLangBehavior [ RunTime:0.000980s ]
INFO: [ app_begin ] --END-- [ RunTime:0.001674s ]
SQL: SHOW COLUMNS FROM `pay_websiteconfig` [ RunTime:0.0008s ]
SQL: SELECT * FROM `pay_websiteconfig` LIMIT 1   [ RunTime:0.0004s ]
SQL: SHOW COLUMNS FROM `pay_member` [ RunTime:0.0008s ]
SQL: SELECT `id` as uid,`username`,`password`,`groupid`,`parentid`,`salt`,`balance`,`blockedbalance`,`email`,`realname`,`authorized`,`apidomain`,`apikey`,`status`,`mobile`,`receiver`,`agent_cate`,`df_api`,`login_ip`,`open_charge`,`google_secret_key`,`session_random`,`regdatetime` FROM `pay_member` WHERE `id` = 109 LIMIT 1   [ RunTime:0.0004s ]
SQL: SHOW COLUMNS FROM `pay_sms` [ RunTime:0.0006s ]
SQL: SELECT * FROM `pay_sms` LIMIT 1   [ RunTime:0.0003s ]
SQL: SHOW COLUMNS FROM `pay_tikuanconfig` [ RunTime:0.0007s ]
SQL: SELECT * FROM `pay_tikuanconfig` WHERE `userid` = 109 LIMIT 1   [ RunTime:0.0003s ]
SQL: SELECT * FROM `pay_tikuanconfig` WHERE `issystem` = 1 LIMIT 1   [ RunTime:0.0003s ]
SQL: SELECT * FROM `pay_member` WHERE `id` = 109 LIMIT 1   [ RunTime:0.0004s ]
SQL: SHOW COLUMNS FROM `pay_bankcard` [ RunTime:0.0032s ]
SQL: SELECT * FROM `pay_bankcard` WHERE `userid` = 109  [ RunTime:0.0005s ]
SQL: SHOW COLUMNS FROM `pay_pay_for_another` [ RunTime:0.0024s ]
SQL: SELECT `id` FROM `pay_pay_for_another` WHERE `status` = 1  [ RunTime:0.0005s ]
SQL: SHOW COLUMNS FROM `pay_pay_channel_extend_fields` [ RunTime:0.0037s ]
SQL: SELECT * FROM `pay_pay_channel_extend_fields` WHERE `channel_id` IN ('3','4','5','6','7','8','9')  [ RunTime:0.0003s ]
INFO: [ view_parse ] --START--
INFO: [ template_filter ] --START--
INFO: Run Behavior\ContentReplaceBehavior [ RunTime:0.000034s ]
INFO: [ template_filter ] --END-- [ RunTime:0.000052s ]
NOTIC: [2] Use of undefined constant t1zt - assumed 't1zt' (this will throw an Error in a future version of PHP) C:\work\juhe\Runtime\Cache\User\f3c17be63daebf8c6385df5e9685e289.php 第 37 行.
NOTIC: [8] Undefined variable: sendUrl C:\work\juhe\Runtime\Cache\User\f3c17be63daebf8c6385df5e9685e289.php 第 107 行.
INFO: Run Behavior\ParseTemplateBehavior [ RunTime:0.006965s ]
INFO: [ view_parse ] --END-- [ RunTime:0.007019s ]
INFO: [ view_filter ] --START--
INFO: Run Behavior\WriteHtmlCacheBehavior [ RunTime:0.001605s ]
INFO: Run Behavior\TokenBuildBehavior [ RunTime:0.001590s ]
INFO: [ view_filter ] --END-- [ RunTime:0.003357s ]
INFO: [ app_end ] --START--
INFO: Run Behavior\ShowPageTraceBehavior [ RunTime:0.000964s ]
INFO: [ app_end ] --END-- [ RunTime:0.000999s ]

[ 2019-01-09T17:04:11+08:00 ] 127.0.0.1 /agent_Withdrawal_getsxf.html
INFO: [ app_init ] --START--
INFO: Run Behavior\BuildLiteBehavior [ RunTime:0.000005s ]
INFO: [ app_init ] --END-- [ RunTime:0.000026s ]
INFO: [ app_begin ] --START--
INFO: Run Behavior\ReadHtmlCacheBehavior [ RunTime:0.000712s ]
INFO: Run Behavior\CheckLangBehavior [ RunTime:0.000992s ]
INFO: [ app_begin ] --END-- [ RunTime:0.001737s ]
SQL: SHOW COLUMNS FROM `pay_websiteconfig` [ RunTime:0.0025s ]
SQL: SELECT * FROM `pay_websiteconfig` LIMIT 1   [ RunTime:0.0004s ]
SQL: SHOW COLUMNS FROM `pay_member` [ RunTime:0.0008s ]
SQL: SELECT `id` as uid,`username`,`password`,`groupid`,`parentid`,`salt`,`balance`,`blockedbalance`,`email`,`realname`,`authorized`,`apidomain`,`apikey`,`status`,`mobile`,`receiver`,`agent_cate`,`df_api`,`login_ip`,`open_charge`,`google_secret_key`,`session_random`,`regdatetime` FROM `pay_member` WHERE `id` = 109 LIMIT 1   [ RunTime:0.0004s ]
SQL: SHOW COLUMNS FROM `pay_tikuanconfig` [ RunTime:0.0007s ]
SQL: SELECT * FROM `pay_tikuanconfig` LIMIT 1   [ RunTime:0.0003s ]
NOTIC: [2] A non-numeric value encountered C:\work\juhe\Application\User\Controller\WithdrawalController.class.php 第 1778 行.

[ 2019-01-09T17:04:11+08:00 ] 127.0.0.1 /agent_Withdrawal_getallmoney.html
INFO: [ app_init ] --START--
INFO: Run Behavior\BuildLiteBehavior [ RunTime:0.000010s ]
INFO: [ app_init ] --END-- [ RunTime:0.000058s ]
INFO: [ app_begin ] --START--
INFO: Run Behavior\ReadHtmlCacheBehavior [ RunTime:0.000677s ]
INFO: Run Behavior\CheckLangBehavior [ RunTime:0.001131s ]
INFO: [ app_begin ] --END-- [ RunTime:0.001848s ]
SQL: SHOW COLUMNS FROM `pay_websiteconfig` [ RunTime:0.0017s ]
SQL: SELECT * FROM `pay_websiteconfig` LIMIT 1   [ RunTime:0.0020s ]
SQL: SHOW COLUMNS FROM `pay_member` [ RunTime:0.0010s ]
SQL: SELECT `id` as uid,`username`,`password`,`groupid`,`parentid`,`salt`,`balance`,`blockedbalance`,`email`,`realname`,`authorized`,`apidomain`,`apikey`,`status`,`mobile`,`receiver`,`agent_cate`,`df_api`,`login_ip`,`open_charge`,`google_secret_key`,`session_random`,`regdatetime` FROM `pay_member` WHERE `id` = 109 LIMIT 1   [ RunTime:0.0004s ]
SQL: SHOW COLUMNS FROM `pay_tikuanconfig` [ RunTime:0.0007s ]
SQL: SELECT * FROM `pay_tikuanconfig` LIMIT 1   [ RunTime:0.0003s ]
NOTIC: [2] A non-numeric value encountered C:\work\juhe\Application\User\Controller\WithdrawalController.class.php 第 1799 行.

[ 2019-01-09T17:04:13+08:00 ] 127.0.0.1 /user.html
INFO: [ app_init ] --START--
INFO: Run Behavior\BuildLiteBehavior [ RunTime:0.000007s ]
INFO: [ app_init ] --END-- [ RunTime:0.000035s ]
INFO: [ app_begin ] --START--
INFO: Run Behavior\ReadHtmlCacheBehavior [ RunTime:0.000683s ]
INFO: Run Behavior\CheckLangBehavior [ RunTime:0.001082s ]
INFO: [ app_begin ] --END-- [ RunTime:0.001803s ]
SQL: SHOW COLUMNS FROM `pay_websiteconfig` [ RunTime:0.0009s ]
SQL: SELECT * FROM `pay_websiteconfig` LIMIT 1   [ RunTime:0.0004s ]
SQL: SHOW COLUMNS FROM `pay_member` [ RunTime:0.0009s ]
SQL: SELECT `id` as uid,`username`,`password`,`groupid`,`parentid`,`salt`,`balance`,`blockedbalance`,`email`,`realname`,`authorized`,`apidomain`,`apikey`,`status`,`mobile`,`receiver`,`agent_cate`,`df_api`,`login_ip`,`open_charge`,`google_secret_key`,`session_random`,`regdatetime` FROM `pay_member` WHERE `id` = 109 LIMIT 1   [ RunTime:0.0005s ]
INFO: [ view_parse ] --START--
INFO: [ template_filter ] --START--
INFO: Run Behavior\ContentReplaceBehavior [ RunTime:0.000038s ]
INFO: [ template_filter ] --END-- [ RunTime:0.000068s ]
NOTIC: [2] Use of undefined constant agent_cate - assumed 'agent_cate' (this will throw an Error in a future version of PHP) C:\work\juhe\Runtime\Cache\User\d7a7632f153cf12d0db44c934c28bcfe.php 第 53 行.
NOTIC: [2] Use of undefined constant groupid - assumed 'groupid' (this will throw an Error in a future version of PHP) C:\work\juhe\Runtime\Cache\User\d7a7632f153cf12d0db44c934c28bcfe.php 第 58 行.
NOTIC: [2] Use of undefined constant groupid - assumed 'groupid' (this will throw an Error in a future version of PHP) C:\work\juhe\Runtime\Cache\User\d7a7632f153cf12d0db44c934c28bcfe.php 第 70 行.
NOTIC: [2] Use of undefined constant open_charge - assumed 'open_charge' (this will throw an Error in a future version of PHP) C:\work\juhe\Runtime\Cache\User\d7a7632f153cf12d0db44c934c28bcfe.php 第 70 行.
NOTIC: [2] Use of undefined constant groupid - assumed 'groupid' (this will throw an Error in a future version of PHP) C:\work\juhe\Runtime\Cache\User\d7a7632f153cf12d0db44c934c28bcfe.php 第 103 行.
NOTIC: [8] Undefined variable: fanss C:\work\juhe\Runtime\Cache\User\d7a7632f153cf12d0db44c934c28bcfe.php 第 114 行.
NOTIC: [8] Undefined variable: fanss C:\work\juhe\Runtime\Cache\User\d7a7632f153cf12d0db44c934c28bcfe.php 第 116 行.
NOTIC: [2] Use of undefined constant df_api - assumed 'df_api' (this will throw an Error in a future version of PHP) C:\work\juhe\Runtime\Cache\User\d7a7632f153cf12d0db44c934c28bcfe.php 第 125 行.
NOTIC: [2] Use of undefined constant groupid - assumed 'groupid' (this will throw an Error in a future version of PHP) C:\work\juhe\Runtime\Cache\User\d7a7632f153cf12d0db44c934c28bcfe.php 第 128 行.
NOTIC: [2] Use of undefined constant groupid - assumed 'groupid' (this will throw an Error in a future version of PHP) C:\work\juhe\Runtime\Cache\User\d7a7632f153cf12d0db44c934c28bcfe.php 第 136 行.
NOTIC: [2] Use of undefined constant groupid - assumed 'groupid' (this will throw an Error in a future version of PHP) C:\work\juhe\Runtime\Cache\User\d7a7632f153cf12d0db44c934c28bcfe.php 第 150 行.
NOTIC: [2] Use of undefined constant groupid - assumed 'groupid' (this will throw an Error in a future version of PHP) C:\work\juhe\Runtime\Cache\User\d7a7632f153cf12d0db44c934c28bcfe.php 第 164 行.
INFO: Run Behavior\ParseTemplateBehavior [ RunTime:0.007232s ]
INFO: [ view_parse ] --END-- [ RunTime:0.007254s ]
INFO: [ view_filter ] --START--
INFO: Run Behavior\WriteHtmlCacheBehavior [ RunTime:0.000965s ]
INFO: Run Behavior\TokenBuildBehavior [ RunTime:0.002200s ]
INFO: [ view_filter ] --END-- [ RunTime:0.003253s ]
INFO: [ app_end ] --START--
INFO: Run Behavior\ShowPageTraceBehavior [ RunTime:0.001169s ]
INFO: [ app_end ] --END-- [ RunTime:0.001216s ]

[ 2019-01-09T17:04:13+08:00 ] 127.0.0.1 /agent_Index_main.html
INFO: [ app_init ] --START--
INFO: Run Behavior\BuildLiteBehavior [ RunTime:0.000008s ]
INFO: [ app_init ] --END-- [ RunTime:0.000055s ]
INFO: [ app_begin ] --START--
INFO: Run Behavior\ReadHtmlCacheBehavior [ RunTime:0.000732s ]
INFO: Run Behavior\CheckLangBehavior [ RunTime:0.001139s ]
INFO: [ app_begin ] --END-- [ RunTime:0.001911s ]
SQL: SHOW COLUMNS FROM `pay_websiteconfig` [ RunTime:0.0029s ]
SQL: SELECT * FROM `pay_websiteconfig` LIMIT 1   [ RunTime:0.0004s ]
SQL: SHOW COLUMNS FROM `pay_member` [ RunTime:0.0077s ]
SQL: SELECT `id` as uid,`username`,`password`,`groupid`,`parentid`,`salt`,`balance`,`blockedbalance`,`email`,`realname`,`authorized`,`apidomain`,`apikey`,`status`,`mobile`,`receiver`,`agent_cate`,`df_api`,`login_ip`,`open_charge`,`google_secret_key`,`session_random`,`regdatetime` FROM `pay_member` WHERE `id` = 109 LIMIT 1   [ RunTime:0.0011s ]
SQL: SHOW COLUMNS FROM `pay_order` [ RunTime:0.0012s ]
SQL: SELECT SUM( pay_actualamount ) AS total, FROM_UNIXTIME( pay_successdate,  '%Y-%m-%d' ) AS DATETIME
FROM pay_order WHERE pay_successdate >= UNIX_TIMESTAMP(  '2019-01-01' ) AND pay_successdate < UNIX_TIMESTAMP(  '2019-01-31' ) AND pay_status>=1 AND pay_memberid=10109  GROUP BY DATETIME [ RunTime:0.0124s ]
SQL: SELECT COUNT( id ) AS num, FROM_UNIXTIME( pay_successdate,  '%Y-%m-%d' ) AS DATETIME
FROM pay_order WHERE pay_successdate >= UNIX_TIMESTAMP(  '2019-01-01' ) AND pay_successdate < UNIX_TIMESTAMP(  '2019-01-31' ) AND pay_status>=1 AND pay_memberid=10109  GROUP BY DATETIME [ RunTime:0.0150s ]
NOTIC: [8] Undefined variable: category C:\work\juhe\Application\User\Controller\IndexController.class.php 第 58 行.
NOTIC: [2] implode(): Invalid arguments passed C:\work\juhe\Application\User\Controller\IndexController.class.php 第 58 行.
NOTIC: [8] Undefined variable: dataone C:\work\juhe\Application\User\Controller\IndexController.class.php 第 59 行.
NOTIC: [2] implode(): Invalid arguments passed C:\work\juhe\Application\User\Controller\IndexController.class.php 第 59 行.
NOTIC: [8] Undefined variable: datatwo C:\work\juhe\Application\User\Controller\IndexController.class.php 第 60 行.
NOTIC: [2] implode(): Invalid arguments passed C:\work\juhe\Application\User\Controller\IndexController.class.php 第 60 行.
SQL: SHOW COLUMNS FROM `pay_article` [ RunTime:0.0016s ]
SQL: SELECT * FROM `pay_article` WHERE `status` = 1 AND `groupid` IN ('0','1') ORDER BY id desc LIMIT 2   [ RunTime:0.0003s ]
SQL: SHOW COLUMNS FROM `pay_loginrecord` [ RunTime:0.0006s ]
SQL: SELECT * FROM `pay_loginrecord` WHERE `userid` = 109 ORDER BY id desc LIMIT 2   [ RunTime:0.0022s ]
SQL: SELECT COUNT(*) AS tp_count FROM `pay_order` WHERE `pay_memberid` = 10109 AND `pay_applydate` BETWEEN 1546963200 AND 1547049599 LIMIT 1   [ RunTime:0.0131s ]
SQL: SELECT COUNT(*) AS tp_count FROM `pay_order` WHERE `pay_memberid` = 10109 AND `pay_successdate` BETWEEN 1546963200 AND 1547049599 AND `pay_status` IN ('1','2') LIMIT 1   [ RunTime:0.0144s ]
SQL: SELECT COUNT(*) AS tp_count FROM `pay_order` WHERE `pay_memberid` = 10109 AND `pay_applydate` BETWEEN 1546963200 AND 1547049599 AND `pay_status` = 0 LIMIT 1   [ RunTime:0.0134s ]
SQL: SELECT SUM(pay_amount) AS tp_sum FROM `pay_order` WHERE `pay_memberid` = 10109 AND `pay_applydate` BETWEEN 1546963200 AND 1547049599 LIMIT 1   [ RunTime:0.0141s ]
SQL: SELECT SUM(pay_amount) AS tp_sum FROM `pay_order` WHERE `pay_memberid` = 10109 AND `pay_successdate` BETWEEN 1546963200 AND 1547049599 AND `pay_status` IN ('1','2') LIMIT 1   [ RunTime:0.0139s ]
SQL: SELECT SUM(pay_poundage) AS tp_sum FROM `pay_order` WHERE `pay_memberid` = 10109 AND `pay_successdate` BETWEEN 1546963200 AND 1547049599 AND `pay_status` IN ('1','2') LIMIT 1   [ RunTime:0.0130s ]
NOTIC: [8] Undefined variable: ipItem C:\work\juhe\Application\User\Controller\IndexController.class.php 第 100 行.
INFO: [ view_parse ] --START--
INFO: [ template_filter ] --START--
INFO: Run Behavior\ContentReplaceBehavior [ RunTime:0.000029s ]
INFO: [ template_filter ] --END-- [ RunTime:0.000048s ]
NOTIC: [2] Use of undefined constant groupid - assumed 'groupid' (this will throw an Error in a future version of PHP) C:\work\juhe\Runtime\Cache\User\0a2302724c4cbc626c8639028f086c96.php 第 37 行.
NOTIC: [2] Use of undefined constant groupid - assumed 'groupid' (this will throw an Error in a future version of PHP) C:\work\juhe\Runtime\Cache\User\0a2302724c4cbc626c8639028f086c96.php 第 95 行.
INFO: Run Behavior\ParseTemplateBehavior [ RunTime:0.006502s ]
INFO: [ view_parse ] --END-- [ RunTime:0.006522s ]
INFO: [ view_filter ] --START--
INFO: Run Behavior\WriteHtmlCacheBehavior [ RunTime:0.000525s ]
INFO: Run Behavior\TokenBuildBehavior [ RunTime:0.001028s ]
INFO: [ view_filter ] --END-- [ RunTime:0.001580s ]
INFO: [ app_end ] --START--
INFO: Run Behavior\ShowPageTraceBehavior [ RunTime:0.000723s ]
INFO: [ app_end ] --END-- [ RunTime:0.000742s ]

[ 2019-01-09T17:04:33+08:00 ] 127.0.0.1 /user.html
INFO: [ app_init ] --START--
INFO: Run Behavior\BuildLiteBehavior [ RunTime:0.000008s ]
INFO: [ app_init ] --END-- [ RunTime:0.000045s ]
INFO: [ app_begin ] --START--
INFO: Run Behavior\ReadHtmlCacheBehavior [ RunTime:0.000690s ]
INFO: Run Behavior\CheckLangBehavior [ RunTime:0.001181s ]
INFO: [ app_begin ] --END-- [ RunTime:0.001916s ]
SQL: SHOW COLUMNS FROM `pay_websiteconfig` [ RunTime:0.0007s ]
SQL: SELECT * FROM `pay_websiteconfig` LIMIT 1   [ RunTime:0.0004s ]
SQL: SHOW COLUMNS FROM `pay_member` [ RunTime:0.0008s ]
SQL: SELECT `id` as uid,`username`,`password`,`groupid`,`parentid`,`salt`,`balance`,`blockedbalance`,`email`,`realname`,`authorized`,`apidomain`,`apikey`,`status`,`mobile`,`receiver`,`agent_cate`,`df_api`,`login_ip`,`open_charge`,`google_secret_key`,`session_random`,`regdatetime` FROM `pay_member` WHERE `id` = 109 LIMIT 1   [ RunTime:0.0005s ]
INFO: [ view_parse ] --START--
INFO: [ template_filter ] --START--
INFO: Run Behavior\ContentReplaceBehavior [ RunTime:0.000037s ]
INFO: [ template_filter ] --END-- [ RunTime:0.000058s ]
NOTIC: [2] Use of undefined constant agent_cate - assumed 'agent_cate' (this will throw an Error in a future version of PHP) C:\work\juhe\Runtime\Cache\User\d7a7632f153cf12d0db44c934c28bcfe.php 第 53 行.
NOTIC: [2] Use of undefined constant groupid - assumed 'groupid' (this will throw an Error in a future version of PHP) C:\work\juhe\Runtime\Cache\User\d7a7632f153cf12d0db44c934c28bcfe.php 第 58 行.
NOTIC: [2] Use of undefined constant groupid - assumed 'groupid' (this will throw an Error in a future version of PHP) C:\work\juhe\Runtime\Cache\User\d7a7632f153cf12d0db44c934c28bcfe.php 第 70 行.
NOTIC: [2] Use of undefined constant open_charge - assumed 'open_charge' (this will throw an Error in a future version of PHP) C:\work\juhe\Runtime\Cache\User\d7a7632f153cf12d0db44c934c28bcfe.php 第 70 行.
NOTIC: [2] Use of undefined constant groupid - assumed 'groupid' (this will throw an Error in a future version of PHP) C:\work\juhe\Runtime\Cache\User\d7a7632f153cf12d0db44c934c28bcfe.php 第 103 行.
NOTIC: [2] Use of undefined constant df_api - assumed 'df_api' (this will throw an Error in a future version of PHP) C:\work\juhe\Runtime\Cache\User\d7a7632f153cf12d0db44c934c28bcfe.php 第 125 行.
NOTIC: [2] Use of undefined constant groupid - assumed 'groupid' (this will throw an Error in a future version of PHP) C:\work\juhe\Runtime\Cache\User\d7a7632f153cf12d0db44c934c28bcfe.php 第 128 行.
NOTIC: [2] Use of undefined constant groupid - assumed 'groupid' (this will throw an Error in a future version of PHP) C:\work\juhe\Runtime\Cache\User\d7a7632f153cf12d0db44c934c28bcfe.php 第 136 行.
NOTIC: [2] Use of undefined constant groupid - assumed 'groupid' (this will throw an Error in a future version of PHP) C:\work\juhe\Runtime\Cache\User\d7a7632f153cf12d0db44c934c28bcfe.php 第 150 行.
NOTIC: [2] Use of undefined constant groupid - assumed 'groupid' (this will throw an Error in a future version of PHP) C:\work\juhe\Runtime\Cache\User\d7a7632f153cf12d0db44c934c28bcfe.php 第 164 行.
INFO: Run Behavior\ParseTemplateBehavior [ RunTime:0.013296s ]
INFO: [ view_parse ] --END-- [ RunTime:0.013315s ]
INFO: [ view_filter ] --START--
INFO: Run Behavior\WriteHtmlCacheBehavior [ RunTime:0.000562s ]
INFO: Run Behavior\TokenBuildBehavior [ RunTime:0.001089s ]
INFO: [ view_filter ] --END-- [ RunTime:0.001683s ]
INFO: [ app_end ] --START--
INFO: Run Behavior\ShowPageTraceBehavior [ RunTime:0.000853s ]
INFO: [ app_end ] --END-- [ RunTime:0.000881s ]

[ 2019-01-09T17:04:33+08:00 ] 127.0.0.1 /agent_Index_main.html
INFO: [ app_init ] --START--
INFO: Run Behavior\BuildLiteBehavior [ RunTime:0.000005s ]
INFO: [ app_init ] --END-- [ RunTime:0.000026s ]
INFO: [ app_begin ] --START--
INFO: Run Behavior\ReadHtmlCacheBehavior [ RunTime:0.000903s ]
INFO: Run Behavior\CheckLangBehavior [ RunTime:0.001300s ]
INFO: [ app_begin ] --END-- [ RunTime:0.002263s ]
SQL: SHOW COLUMNS FROM `pay_websiteconfig` [ RunTime:0.0007s ]
SQL: SELECT * FROM `pay_websiteconfig` LIMIT 1   [ RunTime:0.0004s ]
SQL: SHOW COLUMNS FROM `pay_member` [ RunTime:0.0012s ]
SQL: SELECT `id` as uid,`username`,`password`,`groupid`,`parentid`,`salt`,`balance`,`blockedbalance`,`email`,`realname`,`authorized`,`apidomain`,`apikey`,`status`,`mobile`,`receiver`,`agent_cate`,`df_api`,`login_ip`,`open_charge`,`google_secret_key`,`session_random`,`regdatetime` FROM `pay_member` WHERE `id` = 109 LIMIT 1   [ RunTime:0.0005s ]
SQL: SHOW COLUMNS FROM `pay_order` [ RunTime:0.0010s ]
SQL: SELECT SUM( pay_actualamount ) AS total, FROM_UNIXTIME( pay_successdate,  '%Y-%m-%d' ) AS DATETIME
FROM pay_order WHERE pay_successdate >= UNIX_TIMESTAMP(  '2019-01-01' ) AND pay_successdate < UNIX_TIMESTAMP(  '2019-01-31' ) AND pay_status>=1 AND pay_memberid=10109  GROUP BY DATETIME [ RunTime:0.0190s ]
SQL: SELECT COUNT( id ) AS num, FROM_UNIXTIME( pay_successdate,  '%Y-%m-%d' ) AS DATETIME
FROM pay_order WHERE pay_successdate >= UNIX_TIMESTAMP(  '2019-01-01' ) AND pay_successdate < UNIX_TIMESTAMP(  '2019-01-31' ) AND pay_status>=1 AND pay_memberid=10109  GROUP BY DATETIME [ RunTime:0.0194s ]
NOTIC: [8] Undefined variable: category C:\work\juhe\Application\User\Controller\IndexController.class.php 第 58 行.
NOTIC: [2] implode(): Invalid arguments passed C:\work\juhe\Application\User\Controller\IndexController.class.php 第 58 行.
NOTIC: [8] Undefined variable: dataone C:\work\juhe\Application\User\Controller\IndexController.class.php 第 59 行.
NOTIC: [2] implode(): Invalid arguments passed C:\work\juhe\Application\User\Controller\IndexController.class.php 第 59 行.
NOTIC: [8] Undefined variable: datatwo C:\work\juhe\Application\User\Controller\IndexController.class.php 第 60 行.
NOTIC: [2] implode(): Invalid arguments passed C:\work\juhe\Application\User\Controller\IndexController.class.php 第 60 行.
SQL: SHOW COLUMNS FROM `pay_article` [ RunTime:0.0020s ]
SQL: SELECT * FROM `pay_article` WHERE `status` = 1 AND `groupid` IN ('0','1') ORDER BY id desc LIMIT 2   [ RunTime:0.0022s ]
SQL: SHOW COLUMNS FROM `pay_loginrecord` [ RunTime:0.0016s ]
SQL: SELECT * FROM `pay_loginrecord` WHERE `userid` = 109 ORDER BY id desc LIMIT 2   [ RunTime:0.0017s ]
SQL: SELECT COUNT(*) AS tp_count FROM `pay_order` WHERE `pay_memberid` = 10109 AND `pay_applydate` BETWEEN 1546963200 AND 1547049599 LIMIT 1   [ RunTime:0.0152s ]
SQL: SELECT COUNT(*) AS tp_count FROM `pay_order` WHERE `pay_memberid` = 10109 AND `pay_successdate` BETWEEN 1546963200 AND 1547049599 AND `pay_status` IN ('1','2') LIMIT 1   [ RunTime:0.0146s ]
SQL: SELECT COUNT(*) AS tp_count FROM `pay_order` WHERE `pay_memberid` = 10109 AND `pay_applydate` BETWEEN 1546963200 AND 1547049599 AND `pay_status` = 0 LIMIT 1   [ RunTime:0.0150s ]
SQL: SELECT SUM(pay_amount) AS tp_sum FROM `pay_order` WHERE `pay_memberid` = 10109 AND `pay_applydate` BETWEEN 1546963200 AND 1547049599 LIMIT 1   [ RunTime:0.0162s ]
SQL: SELECT SUM(pay_amount) AS tp_sum FROM `pay_order` WHERE `pay_memberid` = 10109 AND `pay_successdate` BETWEEN 1546963200 AND 1547049599 AND `pay_status` IN ('1','2') LIMIT 1   [ RunTime:0.0153s ]
SQL: SELECT SUM(pay_poundage) AS tp_sum FROM `pay_order` WHERE `pay_memberid` = 10109 AND `pay_successdate` BETWEEN 1546963200 AND 1547049599 AND `pay_status` IN ('1','2') LIMIT 1   [ RunTime:0.0167s ]
NOTIC: [8] Undefined variable: ipItem C:\work\juhe\Application\User\Controller\IndexController.class.php 第 100 行.
INFO: [ view_parse ] --START--
INFO: [ template_filter ] --START--
INFO: Run Behavior\ContentReplaceBehavior [ RunTime:0.000030s ]
INFO: [ template_filter ] --END-- [ RunTime:0.000049s ]
NOTIC: [2] Use of undefined constant groupid - assumed 'groupid' (this will throw an Error in a future version of PHP) C:\work\juhe\Runtime\Cache\User\0a2302724c4cbc626c8639028f086c96.php 第 37 行.
NOTIC: [2] Use of undefined constant groupid - assumed 'groupid' (this will throw an Error in a future version of PHP) C:\work\juhe\Runtime\Cache\User\0a2302724c4cbc626c8639028f086c96.php 第 95 行.
INFO: Run Behavior\ParseTemplateBehavior [ RunTime:0.005855s ]
INFO: [ view_parse ] --END-- [ RunTime:0.005873s ]
INFO: [ view_filter ] --START--
INFO: Run Behavior\WriteHtmlCacheBehavior [ RunTime:0.000562s ]
INFO: Run Behavior\TokenBuildBehavior [ RunTime:0.001035s ]
INFO: [ view_filter ] --END-- [ RunTime:0.001625s ]
INFO: [ app_end ] --START--
INFO: Run Behavior\ShowPageTraceBehavior [ RunTime:0.000764s ]
INFO: [ app_end ] --END-- [ RunTime:0.000785s ]

[ 2019-01-09T17:04:37+08:00 ] 127.0.0.1 /agent_Withdrawal_index.html
INFO: [ app_init ] --START--
INFO: Run Behavior\BuildLiteBehavior [ RunTime:0.000004s ]
INFO: [ app_init ] --END-- [ RunTime:0.000025s ]
INFO: [ app_begin ] --START--
INFO: Run Behavior\ReadHtmlCacheBehavior [ RunTime:0.000887s ]
INFO: Run Behavior\CheckLangBehavior [ RunTime:0.002735s ]
INFO: [ app_begin ] --END-- [ RunTime:0.003685s ]
SQL: SHOW COLUMNS FROM `pay_websiteconfig` [ RunTime:0.0008s ]
SQL: SELECT * FROM `pay_websiteconfig` LIMIT 1   [ RunTime:0.0005s ]
SQL: SHOW COLUMNS FROM `pay_member` [ RunTime:0.0011s ]
SQL: SELECT `id` as uid,`username`,`password`,`groupid`,`parentid`,`salt`,`balance`,`blockedbalance`,`email`,`realname`,`authorized`,`apidomain`,`apikey`,`status`,`mobile`,`receiver`,`agent_cate`,`df_api`,`login_ip`,`open_charge`,`google_secret_key`,`session_random`,`regdatetime` FROM `pay_member` WHERE `id` = 109 LIMIT 1   [ RunTime:0.0004s ]
SQL: SHOW COLUMNS FROM `pay_product_user` [ RunTime:0.0006s ]
SQL: SELECT pay_product.name,pay_product.id,pay_product.code FROM `pay_product_user` LEFT JOIN pay_product ON pay_product.id = pay_product_user.pid  WHERE pay_product_user.status = 1 AND pay_product_user.userid = '109'  [ RunTime:0.0024s ]
SQL: SHOW COLUMNS FROM `pay_member` [ RunTime:0.0008s ]
SQL: SELECT `id` FROM `pay_member` WHERE `parentid` = 109  [ RunTime:0.0005s ]
NOTIC: [2] array_push() expects parameter 1 to be array, null given C:\work\juhe\Application\User\Controller\WithdrawalController.class.php 第 73 行.
SQL: SHOW COLUMNS FROM `pay_tklist` [ RunTime:0.0018s ]
SQL: SELECT COUNT(*) AS tp_count FROM `pay_tklist` WHERE `userid` IN ('109') LIMIT 1   [ RunTime:0.0006s ]
SQL: SELECT * FROM `pay_tklist` WHERE `userid` IN ('109') ORDER BY id desc LIMIT 0,15   [ RunTime:0.0003s ]
SQL: SELECT SUM(money) AS tp_sum FROM `pay_tklist` WHERE `userid` IN ('109') AND `cldatetime` BETWEEN '2019-01-09 00:00:00' AND '2019-01-09 23:59:59' AND `status` = 2 LIMIT 1   [ RunTime:0.0003s ]
SQL: SELECT SUM(money) AS tp_sum FROM `pay_tklist` WHERE `userid` IN ('109') AND `status` IN ('0','1') AND `sqdatetime` BETWEEN '2019-01-09 00:00:00' AND '2019-01-09 23:59:59' LIMIT 1   [ RunTime:0.0003s ]
SQL: SELECT COUNT(*) AS tp_count FROM `pay_tklist` WHERE `userid` IN ('109') AND `status` = 2 LIMIT 1   [ RunTime:0.0002s ]
SQL: SELECT COUNT(*) AS tp_count FROM `pay_tklist` WHERE `userid` IN ('109') AND `status` = 3 LIMIT 1   [ RunTime:0.0002s ]
INFO: [ view_parse ] --START--
INFO: [ template_filter ] --START--
INFO: Run Behavior\ContentReplaceBehavior [ RunTime:0.000035s ]
INFO: [ template_filter ] --END-- [ RunTime:0.000061s ]
NOTIC: [8] Undefined index: bankfullname C:\work\juhe\Runtime\Cache\User\ebf660418f40d140928ef0cb718518e5.php 第 43 行.
NOTIC: [8] Undefined index: createtime C:\work\juhe\Runtime\Cache\User\ebf660418f40d140928ef0cb718518e5.php 第 47 行.
NOTIC: [8] Undefined index: successtime C:\work\juhe\Runtime\Cache\User\ebf660418f40d140928ef0cb718518e5.php 第 51 行.
NOTIC: [8] Undefined index: status C:\work\juhe\Runtime\Cache\User\ebf660418f40d140928ef0cb718518e5.php 第 58 行.
NOTIC: [8] Undefined index: status C:\work\juhe\Runtime\Cache\User\ebf660418f40d140928ef0cb718518e5.php 第 59 行.
NOTIC: [8] Undefined index: status C:\work\juhe\Runtime\Cache\User\ebf660418f40d140928ef0cb718518e5.php 第 60 行.
NOTIC: [8] Undefined index: status C:\work\juhe\Runtime\Cache\User\ebf660418f40d140928ef0cb718518e5.php 第 61 行.
NOTIC: [2] Use of undefined constant T - assumed 'T' (this will throw an Error in a future version of PHP) C:\work\juhe\Runtime\Cache\User\ebf660418f40d140928ef0cb718518e5.php 第 67 行.
NOTIC: [8] Undefined index: T C:\work\juhe\Runtime\Cache\User\ebf660418f40d140928ef0cb718518e5.php 第 67 行.
NOTIC: [2] Use of undefined constant T - assumed 'T' (this will throw an Error in a future version of PHP) C:\work\juhe\Runtime\Cache\User\ebf660418f40d140928ef0cb718518e5.php 第 68 行.
NOTIC: [8] Undefined index: T C:\work\juhe\Runtime\Cache\User\ebf660418f40d140928ef0cb718518e5.php 第 68 行.
NOTIC: [8] Undefined variable: rows C:\work\juhe\Runtime\Cache\User\ebf660418f40d140928ef0cb718518e5.php 第 84 行.
NOTIC: [2] Use of undefined constant rows - assumed 'rows' (this will throw an Error in a future version of PHP) C:\work\juhe\Runtime\Cache\User\ebf660418f40d140928ef0cb718518e5.php 第 137 行.
NOTIC: [8] Undefined index: rows C:\work\juhe\Runtime\Cache\User\ebf660418f40d140928ef0cb718518e5.php 第 137 行.
NOTIC: [2] Use of undefined constant rows - assumed 'rows' (this will throw an Error in a future version of PHP) C:\work\juhe\Runtime\Cache\User\ebf660418f40d140928ef0cb718518e5.php 第 138 行.
NOTIC: [8] Undefined index: rows C:\work\juhe\Runtime\Cache\User\ebf660418f40d140928ef0cb718518e5.php 第 138 行.
NOTIC: [2] Use of undefined constant rows - assumed 'rows' (this will throw an Error in a future version of PHP) C:\work\juhe\Runtime\Cache\User\ebf660418f40d140928ef0cb718518e5.php 第 139 行.
NOTIC: [8] Undefined index: rows C:\work\juhe\Runtime\Cache\User\ebf660418f40d140928ef0cb718518e5.php 第 139 行.
NOTIC: [2] Use of undefined constant rows - assumed 'rows' (this will throw an Error in a future version of PHP) C:\work\juhe\Runtime\Cache\User\ebf660418f40d140928ef0cb718518e5.php 第 140 行.
NOTIC: [8] Undefined index: rows C:\work\juhe\Runtime\Cache\User\ebf660418f40d140928ef0cb718518e5.php 第 140 行.
NOTIC: [2] Use of undefined constant rows - assumed 'rows' (this will throw an Error in a future version of PHP) C:\work\juhe\Runtime\Cache\User\ebf660418f40d140928ef0cb718518e5.php 第 141 行.
NOTIC: [8] Undefined index: rows C:\work\juhe\Runtime\Cache\User\ebf660418f40d140928ef0cb718518e5.php 第 141 行.
NOTIC: [2] Use of undefined constant rows - assumed 'rows' (this will throw an Error in a future version of PHP) C:\work\juhe\Runtime\Cache\User\ebf660418f40d140928ef0cb718518e5.php 第 142 行.
NOTIC: [8] Undefined index: rows C:\work\juhe\Runtime\Cache\User\ebf660418f40d140928ef0cb718518e5.php 第 142 行.
NOTIC: [2] Use of undefined constant T - assumed 'T' (this will throw an Error in a future version of PHP) C:\work\juhe\Runtime\Cache\User\ebf660418f40d140928ef0cb718518e5.php 第 185 行.
NOTIC: [8] Undefined index: T C:\work\juhe\Runtime\Cache\User\ebf660418f40d140928ef0cb718518e5.php 第 185 行.
NOTIC: [2] Use of undefined constant createtime - assumed 'createtime' (this will throw an Error in a future version of PHP) C:\work\juhe\Runtime\Cache\User\ebf660418f40d140928ef0cb718518e5.php 第 185 行.
NOTIC: [8] Undefined index: createtime C:\work\juhe\Runtime\Cache\User\ebf660418f40d140928ef0cb718518e5.php 第 185 行.
NOTIC: [2] Use of undefined constant successtime - assumed 'successtime' (this will throw an Error in a future version of PHP) C:\work\juhe\Runtime\Cache\User\ebf660418f40d140928ef0cb718518e5.php 第 185 行.
NOTIC: [8] Undefined index: successtime C:\work\juhe\Runtime\Cache\User\ebf660418f40d140928ef0cb718518e5.php 第 185 行.
NOTIC: [2] Use of undefined constant tongdao - assumed 'tongdao' (this will throw an Error in a future version of PHP) C:\work\juhe\Runtime\Cache\User\ebf660418f40d140928ef0cb718518e5.php 第 185 行.
NOTIC: [8] Undefined index: tongdao C:\work\juhe\Runtime\Cache\User\ebf660418f40d140928ef0cb718518e5.php 第 185 行.
NOTIC: [2] Use of undefined constant status - assumed 'status' (this will throw an Error in a future version of PHP) C:\work\juhe\Runtime\Cache\User\ebf660418f40d140928ef0cb718518e5.php 第 185 行.
NOTIC: [8] Undefined index: status C:\work\juhe\Runtime\Cache\User\ebf660418f40d140928ef0cb718518e5.php 第 185 行.
INFO: Run Behavior\ParseTemplateBehavior [ RunTime:0.008739s ]
INFO: [ view_parse ] --END-- [ RunTime:0.008763s ]
INFO: [ view_filter ] --START--
INFO: Run Behavior\WriteHtmlCacheBehavior [ RunTime:0.001621s ]
INFO: Run Behavior\TokenBuildBehavior [ RunTime:0.001021s ]
INFO: [ view_filter ] --END-- [ RunTime:0.002682s ]
INFO: [ app_end ] --START--
INFO: Run Behavior\ShowPageTraceBehavior [ RunTime:0.000830s ]
INFO: [ app_end ] --END-- [ RunTime:0.000855s ]

[ 2019-01-09T17:04:38+08:00 ] 127.0.0.1 /agent_Withdrawal_clearing.html
INFO: [ app_init ] --START--
INFO: Run Behavior\BuildLiteBehavior [ RunTime:0.000006s ]
INFO: [ app_init ] --END-- [ RunTime:0.000030s ]
INFO: [ app_begin ] --START--
INFO: Run Behavior\ReadHtmlCacheBehavior [ RunTime:0.000756s ]
INFO: Run Behavior\CheckLangBehavior [ RunTime:0.001123s ]
INFO: [ app_begin ] --END-- [ RunTime:0.001929s ]
SQL: SHOW COLUMNS FROM `pay_websiteconfig` [ RunTime:0.0021s ]
SQL: SELECT * FROM `pay_websiteconfig` LIMIT 1   [ RunTime:0.0011s ]
SQL: SHOW COLUMNS FROM `pay_member` [ RunTime:0.0022s ]
SQL: SELECT `id` as uid,`username`,`password`,`groupid`,`parentid`,`salt`,`balance`,`blockedbalance`,`email`,`realname`,`authorized`,`apidomain`,`apikey`,`status`,`mobile`,`receiver`,`agent_cate`,`df_api`,`login_ip`,`open_charge`,`google_secret_key`,`session_random`,`regdatetime` FROM `pay_member` WHERE `id` = 109 LIMIT 1   [ RunTime:0.0007s ]
SQL: SHOW COLUMNS FROM `pay_sms` [ RunTime:0.0037s ]
SQL: SELECT * FROM `pay_sms` LIMIT 1   [ RunTime:0.0005s ]
SQL: SHOW COLUMNS FROM `pay_tikuanconfig` [ RunTime:0.0011s ]
SQL: SELECT * FROM `pay_tikuanconfig` WHERE `userid` = 109 LIMIT 1   [ RunTime:0.0005s ]
SQL: SELECT * FROM `pay_tikuanconfig` WHERE `issystem` = 1 LIMIT 1   [ RunTime:0.0005s ]
SQL: SELECT * FROM `pay_member` WHERE `id` = 109 LIMIT 1   [ RunTime:0.0006s ]
SQL: SHOW COLUMNS FROM `pay_bankcard` [ RunTime:0.0021s ]
SQL: SELECT * FROM `pay_bankcard` WHERE `userid` = 109  [ RunTime:0.0004s ]
INFO: [ view_parse ] --START--
INFO: [ template_filter ] --START--
INFO: Run Behavior\ContentReplaceBehavior [ RunTime:0.000039s ]
INFO: [ template_filter ] --END-- [ RunTime:0.000068s ]
NOTIC: [2] Use of undefined constant t1zt - assumed 't1zt' (this will throw an Error in a future version of PHP) C:\work\juhe\Runtime\Cache\User\de2411f4124e1f9d67d82a8b67210965.php 第 31 行.
NOTIC: [2] Use of undefined constant id - assumed 'id' (this will throw an Error in a future version of PHP) C:\work\juhe\Runtime\Cache\User\de2411f4124e1f9d67d82a8b67210965.php 第 35 行.
NOTIC: [2] Use of undefined constant tktype - assumed 'tktype' (this will throw an Error in a future version of PHP) C:\work\juhe\Runtime\Cache\User\de2411f4124e1f9d67d82a8b67210965.php 第 37 行.
NOTIC: [2] Use of undefined constant tktype - assumed 'tktype' (this will throw an Error in a future version of PHP) C:\work\juhe\Runtime\Cache\User\de2411f4124e1f9d67d82a8b67210965.php 第 38 行.
NOTIC: [2] Use of undefined constant sxffixed - assumed 'sxffixed' (this will throw an Error in a future version of PHP) C:\work\juhe\Runtime\Cache\User\de2411f4124e1f9d67d82a8b67210965.php 第 39 行.
NOTIC: [2] Use of undefined constant id - assumed 'id' (this will throw an Error in a future version of PHP) C:\work\juhe\Runtime\Cache\User\de2411f4124e1f9d67d82a8b67210965.php 第 45 行.
NOTIC: [8] Undefined variable: sendUrl C:\work\juhe\Runtime\Cache\User\de2411f4124e1f9d67d82a8b67210965.php 第 101 行.
INFO: Run Behavior\ParseTemplateBehavior [ RunTime:0.009206s ]
INFO: [ view_parse ] --END-- [ RunTime:0.009228s ]
INFO: [ view_filter ] --START--
INFO: Run Behavior\WriteHtmlCacheBehavior [ RunTime:0.000589s ]
INFO: Run Behavior\TokenBuildBehavior [ RunTime:0.001033s ]
INFO: [ view_filter ] --END-- [ RunTime:0.001650s ]
INFO: [ app_end ] --START--
INFO: Run Behavior\ShowPageTraceBehavior [ RunTime:0.000756s ]
INFO: [ app_end ] --END-- [ RunTime:0.000820s ]

[ 2019-01-09T17:07:22+08:00 ] 127.0.0.1 /user.html
INFO: [ app_init ] --START--
INFO: Run Behavior\BuildLiteBehavior [ RunTime:0.000006s ]
INFO: [ app_init ] --END-- [ RunTime:0.000035s ]
INFO: [ app_begin ] --START--
INFO: Run Behavior\ReadHtmlCacheBehavior [ RunTime:0.000855s ]
INFO: Run Behavior\CheckLangBehavior [ RunTime:0.001154s ]
INFO: [ app_begin ] --END-- [ RunTime:0.002053s ]
SQL: SHOW COLUMNS FROM `pay_websiteconfig` [ RunTime:0.0012s ]
SQL: SELECT * FROM `pay_websiteconfig` LIMIT 1   [ RunTime:0.0008s ]
SQL: SHOW COLUMNS FROM `pay_member` [ RunTime:0.0015s ]
SQL: SELECT `id` as uid,`username`,`password`,`groupid`,`parentid`,`salt`,`balance`,`blockedbalance`,`email`,`realname`,`authorized`,`apidomain`,`apikey`,`status`,`mobile`,`receiver`,`agent_cate`,`df_api`,`login_ip`,`open_charge`,`google_secret_key`,`session_random`,`regdatetime` FROM `pay_member` WHERE `id` = 109 LIMIT 1   [ RunTime:0.0004s ]
INFO: [ view_parse ] --START--
INFO: [ template_filter ] --START--
INFO: Run Behavior\ContentReplaceBehavior [ RunTime:0.000038s ]
INFO: [ template_filter ] --END-- [ RunTime:0.000062s ]
NOTIC: [2] Use of undefined constant agent_cate - assumed 'agent_cate' (this will throw an Error in a future version of PHP) C:\work\juhe\Runtime\Cache\User\d7a7632f153cf12d0db44c934c28bcfe.php 第 53 行.
NOTIC: [2] Use of undefined constant groupid - assumed 'groupid' (this will throw an Error in a future version of PHP) C:\work\juhe\Runtime\Cache\User\d7a7632f153cf12d0db44c934c28bcfe.php 第 58 行.
NOTIC: [2] Use of undefined constant groupid - assumed 'groupid' (this will throw an Error in a future version of PHP) C:\work\juhe\Runtime\Cache\User\d7a7632f153cf12d0db44c934c28bcfe.php 第 70 行.
NOTIC: [2] Use of undefined constant open_charge - assumed 'open_charge' (this will throw an Error in a future version of PHP) C:\work\juhe\Runtime\Cache\User\d7a7632f153cf12d0db44c934c28bcfe.php 第 70 行.
NOTIC: [2] Use of undefined constant groupid - assumed 'groupid' (this will throw an Error in a future version of PHP) C:\work\juhe\Runtime\Cache\User\d7a7632f153cf12d0db44c934c28bcfe.php 第 103 行.
NOTIC: [2] Use of undefined constant df_api - assumed 'df_api' (this will throw an Error in a future version of PHP) C:\work\juhe\Runtime\Cache\User\d7a7632f153cf12d0db44c934c28bcfe.php 第 125 行.
NOTIC: [2] Use of undefined constant groupid - assumed 'groupid' (this will throw an Error in a future version of PHP) C:\work\juhe\Runtime\Cache\User\d7a7632f153cf12d0db44c934c28bcfe.php 第 128 行.
NOTIC: [2] Use of undefined constant groupid - assumed 'groupid' (this will throw an Error in a future version of PHP) C:\work\juhe\Runtime\Cache\User\d7a7632f153cf12d0db44c934c28bcfe.php 第 136 行.
NOTIC: [2] Use of undefined constant groupid - assumed 'groupid' (this will throw an Error in a future version of PHP) C:\work\juhe\Runtime\Cache\User\d7a7632f153cf12d0db44c934c28bcfe.php 第 150 行.
NOTIC: [2] Use of undefined constant groupid - assumed 'groupid' (this will throw an Error in a future version of PHP) C:\work\juhe\Runtime\Cache\User\d7a7632f153cf12d0db44c934c28bcfe.php 第 164 行.
INFO: Run Behavior\ParseTemplateBehavior [ RunTime:0.006847s ]
INFO: [ view_parse ] --END-- [ RunTime:0.006864s ]
INFO: [ view_filter ] --START--
INFO: Run Behavior\WriteHtmlCacheBehavior [ RunTime:0.000572s ]
INFO: Run Behavior\TokenBuildBehavior [ RunTime:0.001128s ]
INFO: [ view_filter ] --END-- [ RunTime:0.001726s ]
INFO: [ app_end ] --START--
INFO: Run Behavior\ShowPageTraceBehavior [ RunTime:0.000816s ]
INFO: [ app_end ] --END-- [ RunTime:0.000837s ]

[ 2019-01-09T17:07:22+08:00 ] 127.0.0.1 /agent_Index_main.html
INFO: [ app_init ] --START--
INFO: Run Behavior\BuildLiteBehavior [ RunTime:0.000006s ]
INFO: [ app_init ] --END-- [ RunTime:0.000030s ]
INFO: [ app_begin ] --START--
INFO: Run Behavior\ReadHtmlCacheBehavior [ RunTime:0.000713s ]
INFO: Run Behavior\CheckLangBehavior [ RunTime:0.001115s ]
INFO: [ app_begin ] --END-- [ RunTime:0.001868s ]
SQL: SHOW COLUMNS FROM `pay_websiteconfig` [ RunTime:0.0007s ]
SQL: SELECT * FROM `pay_websiteconfig` LIMIT 1   [ RunTime:0.0003s ]
SQL: SHOW COLUMNS FROM `pay_member` [ RunTime:0.0007s ]
SQL: SELECT `id` as uid,`username`,`password`,`groupid`,`parentid`,`salt`,`balance`,`blockedbalance`,`email`,`realname`,`authorized`,`apidomain`,`apikey`,`status`,`mobile`,`receiver`,`agent_cate`,`df_api`,`login_ip`,`open_charge`,`google_secret_key`,`session_random`,`regdatetime` FROM `pay_member` WHERE `id` = 109 LIMIT 1   [ RunTime:0.0004s ]
SQL: SHOW COLUMNS FROM `pay_order` [ RunTime:0.0008s ]
SQL: SELECT SUM( pay_actualamount ) AS total, FROM_UNIXTIME( pay_successdate,  '%Y-%m-%d' ) AS DATETIME
FROM pay_order WHERE pay_successdate >= UNIX_TIMESTAMP(  '2019-01-01' ) AND pay_successdate < UNIX_TIMESTAMP(  '2019-01-31' ) AND pay_status>=1 AND pay_memberid=10109  GROUP BY DATETIME [ RunTime:0.0118s ]
SQL: SELECT COUNT( id ) AS num, FROM_UNIXTIME( pay_successdate,  '%Y-%m-%d' ) AS DATETIME
FROM pay_order WHERE pay_successdate >= UNIX_TIMESTAMP(  '2019-01-01' ) AND pay_successdate < UNIX_TIMESTAMP(  '2019-01-31' ) AND pay_status>=1 AND pay_memberid=10109  GROUP BY DATETIME [ RunTime:0.0136s ]
NOTIC: [8] Undefined variable: category C:\work\juhe\Application\User\Controller\IndexController.class.php 第 58 行.
NOTIC: [2] implode(): Invalid arguments passed C:\work\juhe\Application\User\Controller\IndexController.class.php 第 58 行.
NOTIC: [8] Undefined variable: dataone C:\work\juhe\Application\User\Controller\IndexController.class.php 第 59 行.
NOTIC: [2] implode(): Invalid arguments passed C:\work\juhe\Application\User\Controller\IndexController.class.php 第 59 行.
NOTIC: [8] Undefined variable: datatwo C:\work\juhe\Application\User\Controller\IndexController.class.php 第 60 行.
NOTIC: [2] implode(): Invalid arguments passed C:\work\juhe\Application\User\Controller\IndexController.class.php 第 60 行.
SQL: SHOW COLUMNS FROM `pay_article` [ RunTime:0.0017s ]
SQL: SELECT * FROM `pay_article` WHERE `status` = 1 AND `groupid` IN ('0','1') ORDER BY id desc LIMIT 2   [ RunTime:0.0019s ]
SQL: SHOW COLUMNS FROM `pay_loginrecord` [ RunTime:0.0016s ]
SQL: SELECT * FROM `pay_loginrecord` WHERE `userid` = 109 ORDER BY id desc LIMIT 2   [ RunTime:0.0018s ]
SQL: SELECT COUNT(*) AS tp_count FROM `pay_order` WHERE `pay_memberid` = 10109 AND `pay_applydate` BETWEEN 1546963200 AND 1547049599 LIMIT 1   [ RunTime:0.0141s ]
SQL: SELECT COUNT(*) AS tp_count FROM `pay_order` WHERE `pay_memberid` = 10109 AND `pay_successdate` BETWEEN 1546963200 AND 1547049599 AND `pay_status` IN ('1','2') LIMIT 1   [ RunTime:0.0146s ]
SQL: SELECT COUNT(*) AS tp_count FROM `pay_order` WHERE `pay_memberid` = 10109 AND `pay_applydate` BETWEEN 1546963200 AND 1547049599 AND `pay_status` = 0 LIMIT 1   [ RunTime:0.0138s ]
SQL: SELECT SUM(pay_amount) AS tp_sum FROM `pay_order` WHERE `pay_memberid` = 10109 AND `pay_applydate` BETWEEN 1546963200 AND 1547049599 LIMIT 1   [ RunTime:0.0144s ]
SQL: SELECT SUM(pay_amount) AS tp_sum FROM `pay_order` WHERE `pay_memberid` = 10109 AND `pay_successdate` BETWEEN 1546963200 AND 1547049599 AND `pay_status` IN ('1','2') LIMIT 1   [ RunTime:0.0139s ]
SQL: SELECT SUM(pay_poundage) AS tp_sum FROM `pay_order` WHERE `pay_memberid` = 10109 AND `pay_successdate` BETWEEN 1546963200 AND 1547049599 AND `pay_status` IN ('1','2') LIMIT 1   [ RunTime:0.0150s ]
NOTIC: [8] Undefined variable: ipItem C:\work\juhe\Application\User\Controller\IndexController.class.php 第 100 行.
INFO: [ view_parse ] --START--
INFO: [ template_filter ] --START--
INFO: Run Behavior\ContentReplaceBehavior [ RunTime:0.000030s ]
INFO: [ template_filter ] --END-- [ RunTime:0.000050s ]
NOTIC: [2] Use of undefined constant groupid - assumed 'groupid' (this will throw an Error in a future version of PHP) C:\work\juhe\Runtime\Cache\User\0a2302724c4cbc626c8639028f086c96.php 第 37 行.
NOTIC: [2] Use of undefined constant groupid - assumed 'groupid' (this will throw an Error in a future version of PHP) C:\work\juhe\Runtime\Cache\User\0a2302724c4cbc626c8639028f086c96.php 第 95 行.
INFO: Run Behavior\ParseTemplateBehavior [ RunTime:0.005961s ]
INFO: [ view_parse ] --END-- [ RunTime:0.005983s ]
INFO: [ view_filter ] --START--
INFO: Run Behavior\WriteHtmlCacheBehavior [ RunTime:0.000501s ]
INFO: Run Behavior\TokenBuildBehavior [ RunTime:0.000957s ]
INFO: [ view_filter ] --END-- [ RunTime:0.001485s ]
INFO: [ app_end ] --START--
INFO: Run Behavior\ShowPageTraceBehavior [ RunTime:0.000821s ]
INFO: [ app_end ] --END-- [ RunTime:0.000851s ]

